Parsed parameters:
  max_iter: 250
  solver_min_p: 1
  profile: False
  precision: float64
--- ap1: Coregional (3-variate) Spatio-Temporal Model (distributed, 4 nodes) ---
Using distributed JAX autodiff (two-phase) with 4 ranks (CoregionalModel, 3 variates)
Two-phase: compiling Cholesky + forward sub...
Two-phase: compiling merged bwd+SI...
Two-phase: compiling prior logdet + gradient...
Two-phase: compiling quad gradient...
Two-phase: compiling scalar gradient...
Two-phase: all stages compiled.

___________________________________ 
___  __ \__    |__  /____  _/__    |
__  / / /_  /| |_  /  __  / __  /| |
_  /_/ /_  ___ |  /____/ /  _  ___ |
/_____/ /_/  |_/_____/___/  /_/  |_|

╔═══════════════════════════════════════════════════════╗
║               Parallelization strategies              ║
║ ╒═══════════════════════════════════════════╤═══════╕ ║
║ │ Participating Processes / Total Processes │ 4 / 4 │ ║
║ ├───────────────────────────────────────────┼───────┤ ║
║ │ Parallelization through F()               │   1   │ ║
║ ├───────────────────────────────────────────┼───────┤ ║
║ │ Parallelization through Q()               │   1   │ ║
║ ├───────────────────────────────────────────┼───────┤ ║
║ │ Parallelization through S()               │   4   │ ║
║ ╘═══════════════════════════════════════════╧═══════╛ ║
╚═══════════════════════════════════════════════════════╝
╔═══════════════════════════════╗
║  Enabled Performance modules  ║
║ ╒═══════════════════╤═══════╕ ║
║ │ Array module      │ cupy  │ ║
║ ├───────────────────┼───────┤ ║
║ │ MPI available     │ True  │ ║
║ ├───────────────────┼───────┤ ║
║ │ Is MPI CUDA aware │ False │ ║
║ ├───────────────────┼───────┤ ║
║ │ Is NCCL available │ False │ ║
║ ╘═══════════════════╧═══════╛ ║
╚═══════════════════════════════╝
╔══════════════════════════════════════╗
║            Memory Report             ║
║ ╒════════════════════════╤═════════╕ ║
║ │ Solver memory          │ 0.00 B  │ ║
║ ├────────────────────────┼─────────┤ ║
║ │ Total memory used      │ 4.27 GB │ ║
║ ├────────────────────────┼─────────┤ ║
║ │ Total memory available │ 4.61 GB │ ║
║ ╘════════════════════════╧═════════╛ ║
╚══════════════════════════════════════╝
DALIA initialized.
  warmup 1: chol_fwd_sub=96.35s  chol_detail.precompute=3.73s  chol_detail.local_blocks=42.86s  chol_detail._rs_t0=273561.51s  chol_detail.rs_allgather=36.50s  chol_detail.rs_factorize=11.99s  chol_detail.rs_aggregate=48.50s  chol_detail.boundary_update=1.24s  bwd_si=33.36s  grad_prior=52.63s  compute_f=0.49s  grad_quad=1.14s  grad_scalar=0.00s  (total=183.98s)
  warmup 2: chol_fwd_sub=97.09s  chol_detail.precompute=3.72s  chol_detail.local_blocks=42.76s  chol_detail._rs_t0=273746.37s  chol_detail.rs_allgather=37.16s  chol_detail.rs_factorize=11.96s  chol_detail.rs_aggregate=49.12s  chol_detail.boundary_update=1.48s  bwd_si=33.34s  grad_prior=52.84s  compute_f=0.25s  grad_quad=1.14s  grad_scalar=0.00s  (total=184.66s)
  run 1/3: chol_fwd_sub=96.43s  chol_detail.precompute=3.69s  chol_detail.local_blocks=40.05s  chol_detail._rs_t0=273930.97s  chol_detail.rs_allgather=39.77s  chol_detail.rs_factorize=10.40s  chol_detail.rs_aggregate=50.17s  chol_detail.boundary_update=2.50s  bwd_si=33.27s  grad_prior=52.94s  compute_f=0.27s  grad_quad=1.14s  grad_scalar=0.00s  (total=184.04s)
  run 2/3: chol_fwd_sub=99.42s  chol_detail.precompute=3.73s  chol_detail.local_blocks=42.87s  chol_detail._rs_t0=274116.51s  chol_detail.rs_allgather=38.32s  chol_detail.rs_factorize=12.00s  chol_detail.rs_aggregate=50.32s  chol_detail.boundary_update=2.47s  bwd_si=33.38s  grad_prior=53.08s  compute_f=0.26s  grad_quad=1.14s  grad_scalar=0.00s  (total=187.29s)
  run 3/3: chol_fwd_sub=99.47s  chol_detail.precompute=3.68s  chol_detail.local_blocks=42.51s  chol_detail._rs_t0=274304.08s  chol_detail.rs_allgather=38.93s  chol_detail.rs_factorize=11.35s  chol_detail.rs_aggregate=50.29s  chol_detail.boundary_update=2.97s  bwd_si=32.18s  grad_prior=52.83s  compute_f=0.25s  grad_quad=1.14s  grad_scalar=0.00s  (total=185.87s)

Per-stage breakdown: AP1 (3 runs)
  chol_fwd_sub        : 98.4380s +/- 1.4219s (53.0%)
  chol_detail.precompute: 3.7011s +/- 0.0197s (0.0%)
  chol_detail.local_blocks: 41.8112s +/- 1.2543s (0.0%)
  chol_detail._rs_t0  : 274117.1886s +/- 152.3216s (0.0%)
  chol_detail.rs_allgather: 39.0086s +/- 0.5953s (0.0%)
  chol_detail.rs_factorize: 11.2510s +/- 0.6593s (0.0%)
  chol_detail.rs_aggregate: 50.2596s +/- 0.0651s (0.0%)
  chol_detail.boundary_update: 2.6459s +/- 0.2309s (0.0%)
  bwd_si              : 32.9430s +/- 0.5415s (17.7%)
  grad_prior          : 52.9514s +/- 0.1043s (28.5%)
  compute_f           : 0.2586s +/- 0.0071s (0.1%)
  grad_quad           : 1.1441s +/- 0.0006s (0.6%)
  grad_scalar         : 0.0002s +/- 0.0000s (0.0%)
  total               : 185.7353s
Parsed parameters:
  max_iter: 250
  solver_min_p: 1
  profile: False
  precision: float64
Parsed parameters:
  max_iter: 250
  solver_min_p: 1
  profile: False
  precision: float64
Parsed parameters:
  max_iter: 250
  solver_min_p: 1
  profile: False
  precision: float64
Job finished at Sat 14 Mar 2026 04:37:50 PM CET
