W0315 16:00:48.003443  293282 cuda_executor.cc:1802] GPU interconnect information not available: INTERNAL: NVML doesn't support extracting fabric info or NVLink is not used by the device.
W0315 16:00:48.036188  292576 cuda_executor.cc:1802] GPU interconnect information not available: INTERNAL: NVML doesn't support extracting fabric info or NVLink is not used by the device.
W0315 16:00:48.513547   69531 cuda_executor.cc:1802] GPU interconnect information not available: INTERNAL: NVML doesn't support extracting fabric info or NVLink is not used by the device.
W0315 16:00:48.546551   68790 cuda_executor.cc:1802] GPU interconnect information not available: INTERNAL: NVML doesn't support extracting fabric info or NVLink is not used by the device.
W0315 16:00:48.690184  233183 cuda_executor.cc:1802] GPU interconnect information not available: INTERNAL: NVML doesn't support extracting fabric info or NVLink is not used by the device.
W0315 16:00:48.724123  232452 cuda_executor.cc:1802] GPU interconnect information not available: INTERNAL: NVML doesn't support extracting fabric info or NVLink is not used by the device.
W0315 16:00:48.952597  189660 cuda_executor.cc:1802] GPU interconnect information not available: INTERNAL: NVML doesn't support extracting fabric info or NVLink is not used by the device.
W0315 16:00:48.987458  188965 cuda_executor.cc:1802] GPU interconnect information not available: INTERNAL: NVML doesn't support extracting fabric info or NVLink is not used by the device.
/users/aboudaou/miniconda3/envs/serinv-env/lib/python3.11/site-packages/mpi4jax/_src/decorators.py:60: UserWarning: Not using CUDA-enabled MPI. If you are sure that your MPI library is built with CUDA support, set MPI4JAX_USE_CUDA_MPI=1. To silence this warning, set MPI4JAX_USE_CUDA_MPI=0.
  warnings.warn(warn_msg)
/users/aboudaou/miniconda3/envs/serinv-env/lib/python3.11/site-packages/mpi4jax/_src/decorators.py:60: UserWarning: Not using CUDA-enabled MPI. If you are sure that your MPI library is built with CUDA support, set MPI4JAX_USE_CUDA_MPI=1. To silence this warning, set MPI4JAX_USE_CUDA_MPI=0.
  warnings.warn(warn_msg)
/users/aboudaou/miniconda3/envs/serinv-env/lib/python3.11/site-packages/mpi4jax/_src/decorators.py:60: UserWarning: Not using CUDA-enabled MPI. If you are sure that your MPI library is built with CUDA support, set MPI4JAX_USE_CUDA_MPI=1. To silence this warning, set MPI4JAX_USE_CUDA_MPI=0.
  warnings.warn(warn_msg)
/users/aboudaou/miniconda3/envs/serinv-env/lib/python3.11/site-packages/mpi4jax/_src/decorators.py:60: UserWarning: Not using CUDA-enabled MPI. If you are sure that your MPI library is built with CUDA support, set MPI4JAX_USE_CUDA_MPI=1. To silence this warning, set MPI4JAX_USE_CUDA_MPI=0.
  warnings.warn(warn_msg)
E0315 16:04:34.153924  293578 slow_operation_alarm.cc:73] Constant folding an instruction is taking > 1s:

  %scatter-add.51 = f64[645843]{0} scatter(%broadcast.20, %constant.984, %constant.1158), update_window_dims={1}, inserted_window_dims={}, scatter_dims_to_operand_dims={0}, index_vector_dim=1, to_apply=%region_42.51, metadata={op_name="jit(_grad_quad_fn_jit)/scatter-add" source_file="/capstor/scratch/cscs/aboudaou/workspace/dalia/DALIA/src/dalia/core/autodiff/distributed.py" source_line=486 source_end_line=486 source_column=16 source_end_column=26}

This isn't necessarily a bug; constant-folding is inherently a trade-off between compilation time and speed at runtime. XLA has some guards that attempt to keep constant folding from taking too long, but fundamentally you'll always be able to come up with an input program that takes a long time.

If you'd like to file a bug, run with envvar XLA_FLAGS=--xla_dump_to=/tmp/foo and attach the results.
E0315 16:04:34.173218  233480 slow_operation_alarm.cc:73] Constant folding an instruction is taking > 1s:

  %scatter-add.51 = f64[645843]{0} scatter(%broadcast.20, %constant.988, %constant.1162), update_window_dims={1}, inserted_window_dims={}, scatter_dims_to_operand_dims={0}, index_vector_dim=1, to_apply=%region_42.51, metadata={op_name="jit(_grad_quad_fn_jit)/scatter-add" source_file="/capstor/scratch/cscs/aboudaou/workspace/dalia/DALIA/src/dalia/core/autodiff/distributed.py" source_line=486 source_end_line=486 source_column=16 source_end_column=26}

This isn't necessarily a bug; constant-folding is inherently a trade-off between compilation time and speed at runtime. XLA has some guards that attempt to keep constant folding from taking too long, but fundamentally you'll always be able to come up with an input program that takes a long time.

If you'd like to file a bug, run with envvar XLA_FLAGS=--xla_dump_to=/tmp/foo and attach the results.
E0315 16:04:34.231300  189959 slow_operation_alarm.cc:73] Constant folding an instruction is taking > 1s:

  %scatter-add.51 = f64[645843]{0} scatter(%broadcast.20, %constant.987, %constant.1161), update_window_dims={1}, inserted_window_dims={}, scatter_dims_to_operand_dims={0}, index_vector_dim=1, to_apply=%region_42.51, metadata={op_name="jit(_grad_quad_fn_jit)/scatter-add" source_file="/capstor/scratch/cscs/aboudaou/workspace/dalia/DALIA/src/dalia/core/autodiff/distributed.py" source_line=486 source_end_line=486 source_column=16 source_end_column=26}

This isn't necessarily a bug; constant-folding is inherently a trade-off between compilation time and speed at runtime. XLA has some guards that attempt to keep constant folding from taking too long, but fundamentally you'll always be able to come up with an input program that takes a long time.

If you'd like to file a bug, run with envvar XLA_FLAGS=--xla_dump_to=/tmp/foo and attach the results.
E0315 16:04:37.101878   69830 slow_operation_alarm.cc:73] Constant folding an instruction is taking > 1s:

  %scatter-add.51 = f64[645843]{0} scatter(%broadcast.22, %constant.1247, %constant.1416), update_window_dims={1}, inserted_window_dims={}, scatter_dims_to_operand_dims={0}, index_vector_dim=1, to_apply=%region_66.75, metadata={op_name="jit(_grad_quad_fn_jit)/scatter-add" source_file="/capstor/scratch/cscs/aboudaou/workspace/dalia/DALIA/src/dalia/core/autodiff/distributed.py" source_line=486 source_end_line=486 source_column=16 source_end_column=26}

This isn't necessarily a bug; constant-folding is inherently a trade-off between compilation time and speed at runtime. XLA has some guards that attempt to keep constant folding from taking too long, but fundamentally you'll always be able to come up with an input program that takes a long time.

If you'd like to file a bug, run with envvar XLA_FLAGS=--xla_dump_to=/tmp/foo and attach the results.
E0315 16:04:50.169725  292576 slow_operation_alarm.cc:140] The operation took 17.01592281s
Constant folding an instruction is taking > 1s:

  %scatter-add.51 = f64[645843]{0} scatter(%broadcast.20, %constant.984, %constant.1158), update_window_dims={1}, inserted_window_dims={}, scatter_dims_to_operand_dims={0}, index_vector_dim=1, to_apply=%region_42.51, metadata={op_name="jit(_grad_quad_fn_jit)/scatter-add" source_file="/capstor/scratch/cscs/aboudaou/workspace/dalia/DALIA/src/dalia/core/autodiff/distributed.py" source_line=486 source_end_line=486 source_column=16 source_end_column=26}

This isn't necessarily a bug; constant-folding is inherently a trade-off between compilation time and speed at runtime. XLA has some guards that attempt to keep constant folding from taking too long, but fundamentally you'll always be able to come up with an input program that takes a long time.

If you'd like to file a bug, run with envvar XLA_FLAGS=--xla_dump_to=/tmp/foo and attach the results.
E0315 16:04:50.389893  188965 slow_operation_alarm.cc:140] The operation took 17.158696322s
Constant folding an instruction is taking > 1s:

  %scatter-add.51 = f64[645843]{0} scatter(%broadcast.20, %constant.987, %constant.1161), update_window_dims={1}, inserted_window_dims={}, scatter_dims_to_operand_dims={0}, index_vector_dim=1, to_apply=%region_42.51, metadata={op_name="jit(_grad_quad_fn_jit)/scatter-add" source_file="/capstor/scratch/cscs/aboudaou/workspace/dalia/DALIA/src/dalia/core/autodiff/distributed.py" source_line=486 source_end_line=486 source_column=16 source_end_column=26}

This isn't necessarily a bug; constant-folding is inherently a trade-off between compilation time and speed at runtime. XLA has some guards that attempt to keep constant folding from taking too long, but fundamentally you'll always be able to come up with an input program that takes a long time.

If you'd like to file a bug, run with envvar XLA_FLAGS=--xla_dump_to=/tmp/foo and attach the results.
E0315 16:04:50.733392  232452 slow_operation_alarm.cc:140] The operation took 17.56028935s
Constant folding an instruction is taking > 1s:

  %scatter-add.51 = f64[645843]{0} scatter(%broadcast.20, %constant.988, %constant.1162), update_window_dims={1}, inserted_window_dims={}, scatter_dims_to_operand_dims={0}, index_vector_dim=1, to_apply=%region_42.51, metadata={op_name="jit(_grad_quad_fn_jit)/scatter-add" source_file="/capstor/scratch/cscs/aboudaou/workspace/dalia/DALIA/src/dalia/core/autodiff/distributed.py" source_line=486 source_end_line=486 source_column=16 source_end_column=26}

This isn't necessarily a bug; constant-folding is inherently a trade-off between compilation time and speed at runtime. XLA has some guards that attempt to keep constant folding from taking too long, but fundamentally you'll always be able to come up with an input program that takes a long time.

If you'd like to file a bug, run with envvar XLA_FLAGS=--xla_dump_to=/tmp/foo and attach the results.
E0315 16:04:52.188360  293578 slow_operation_alarm.cc:73] Constant folding an instruction is taking > 2s:

  %scatter-add.52 = f64[645843]{0} scatter(%broadcast.20, %constant.984, %constant.1165), update_window_dims={1}, inserted_window_dims={}, scatter_dims_to_operand_dims={0}, index_vector_dim=1, to_apply=%region_76.85, metadata={op_name="jit(_grad_quad_fn_jit)/scatter-add" source_file="/capstor/scratch/cscs/aboudaou/workspace/dalia/DALIA/src/dalia/core/autodiff/distributed.py" source_line=486 source_end_line=486 source_column=16 source_end_column=26}

This isn't necessarily a bug; constant-folding is inherently a trade-off between compilation time and speed at runtime. XLA has some guards that attempt to keep constant folding from taking too long, but fundamentally you'll always be able to come up with an input program that takes a long time.

If you'd like to file a bug, run with envvar XLA_FLAGS=--xla_dump_to=/tmp/foo and attach the results.
E0315 16:04:52.414971  189959 slow_operation_alarm.cc:73] Constant folding an instruction is taking > 2s:

  %scatter-add.52 = f64[645843]{0} scatter(%broadcast.20, %constant.987, %constant.1168), update_window_dims={1}, inserted_window_dims={}, scatter_dims_to_operand_dims={0}, index_vector_dim=1, to_apply=%region_76.85, metadata={op_name="jit(_grad_quad_fn_jit)/scatter-add" source_file="/capstor/scratch/cscs/aboudaou/workspace/dalia/DALIA/src/dalia/core/autodiff/distributed.py" source_line=486 source_end_line=486 source_column=16 source_end_column=26}

This isn't necessarily a bug; constant-folding is inherently a trade-off between compilation time and speed at runtime. XLA has some guards that attempt to keep constant folding from taking too long, but fundamentally you'll always be able to come up with an input program that takes a long time.

If you'd like to file a bug, run with envvar XLA_FLAGS=--xla_dump_to=/tmp/foo and attach the results.
E0315 16:04:52.757414  233480 slow_operation_alarm.cc:73] Constant folding an instruction is taking > 2s:

  %scatter-add.52 = f64[645843]{0} scatter(%broadcast.20, %constant.988, %constant.1169), update_window_dims={1}, inserted_window_dims={}, scatter_dims_to_operand_dims={0}, index_vector_dim=1, to_apply=%region_76.85, metadata={op_name="jit(_grad_quad_fn_jit)/scatter-add" source_file="/capstor/scratch/cscs/aboudaou/workspace/dalia/DALIA/src/dalia/core/autodiff/distributed.py" source_line=486 source_end_line=486 source_column=16 source_end_column=26}

This isn't necessarily a bug; constant-folding is inherently a trade-off between compilation time and speed at runtime. XLA has some guards that attempt to keep constant folding from taking too long, but fundamentally you'll always be able to come up with an input program that takes a long time.

If you'd like to file a bug, run with envvar XLA_FLAGS=--xla_dump_to=/tmp/foo and attach the results.
E0315 16:04:53.825803   68790 slow_operation_alarm.cc:140] The operation took 17.724044644s
Constant folding an instruction is taking > 1s:

  %scatter-add.51 = f64[645843]{0} scatter(%broadcast.22, %constant.1247, %constant.1416), update_window_dims={1}, inserted_window_dims={}, scatter_dims_to_operand_dims={0}, index_vector_dim=1, to_apply=%region_66.75, metadata={op_name="jit(_grad_quad_fn_jit)/scatter-add" source_file="/capstor/scratch/cscs/aboudaou/workspace/dalia/DALIA/src/dalia/core/autodiff/distributed.py" source_line=486 source_end_line=486 source_column=16 source_end_column=26}

This isn't necessarily a bug; constant-folding is inherently a trade-off between compilation time and speed at runtime. XLA has some guards that attempt to keep constant folding from taking too long, but fundamentally you'll always be able to come up with an input program that takes a long time.

If you'd like to file a bug, run with envvar XLA_FLAGS=--xla_dump_to=/tmp/foo and attach the results.
E0315 16:04:55.850010   69830 slow_operation_alarm.cc:73] Constant folding an instruction is taking > 2s:

  %scatter-add.52 = f64[645843]{0} scatter(%broadcast.22, %constant.1247, %constant.1423), update_window_dims={1}, inserted_window_dims={}, scatter_dims_to_operand_dims={0}, index_vector_dim=1, to_apply=%region_124.133, metadata={op_name="jit(_grad_quad_fn_jit)/scatter-add" source_file="/capstor/scratch/cscs/aboudaou/workspace/dalia/DALIA/src/dalia/core/autodiff/distributed.py" source_line=486 source_end_line=486 source_column=16 source_end_column=26}

This isn't necessarily a bug; constant-folding is inherently a trade-off between compilation time and speed at runtime. XLA has some guards that attempt to keep constant folding from taking too long, but fundamentally you'll always be able to come up with an input program that takes a long time.

If you'd like to file a bug, run with envvar XLA_FLAGS=--xla_dump_to=/tmp/foo and attach the results.
E0315 16:05:07.211003  292576 slow_operation_alarm.cc:140] The operation took 17.02275773s
Constant folding an instruction is taking > 2s:

  %scatter-add.52 = f64[645843]{0} scatter(%broadcast.20, %constant.984, %constant.1165), update_window_dims={1}, inserted_window_dims={}, scatter_dims_to_operand_dims={0}, index_vector_dim=1, to_apply=%region_76.85, metadata={op_name="jit(_grad_quad_fn_jit)/scatter-add" source_file="/capstor/scratch/cscs/aboudaou/workspace/dalia/DALIA/src/dalia/core/autodiff/distributed.py" source_line=486 source_end_line=486 source_column=16 source_end_column=26}

This isn't necessarily a bug; constant-folding is inherently a trade-off between compilation time and speed at runtime. XLA has some guards that attempt to keep constant folding from taking too long, but fundamentally you'll always be able to come up with an input program that takes a long time.

If you'd like to file a bug, run with envvar XLA_FLAGS=--xla_dump_to=/tmp/foo and attach the results.
E0315 16:05:07.531704  188965 slow_operation_alarm.cc:140] The operation took 17.116835416s
Constant folding an instruction is taking > 2s:

  %scatter-add.52 = f64[645843]{0} scatter(%broadcast.20, %constant.987, %constant.1168), update_window_dims={1}, inserted_window_dims={}, scatter_dims_to_operand_dims={0}, index_vector_dim=1, to_apply=%region_76.85, metadata={op_name="jit(_grad_quad_fn_jit)/scatter-add" source_file="/capstor/scratch/cscs/aboudaou/workspace/dalia/DALIA/src/dalia/core/autodiff/distributed.py" source_line=486 source_end_line=486 source_column=16 source_end_column=26}

This isn't necessarily a bug; constant-folding is inherently a trade-off between compilation time and speed at runtime. XLA has some guards that attempt to keep constant folding from taking too long, but fundamentally you'll always be able to come up with an input program that takes a long time.

If you'd like to file a bug, run with envvar XLA_FLAGS=--xla_dump_to=/tmp/foo and attach the results.
E0315 16:05:08.037510  232452 slow_operation_alarm.cc:140] The operation took 17.280193927s
Constant folding an instruction is taking > 2s:

  %scatter-add.52 = f64[645843]{0} scatter(%broadcast.20, %constant.988, %constant.1169), update_window_dims={1}, inserted_window_dims={}, scatter_dims_to_operand_dims={0}, index_vector_dim=1, to_apply=%region_76.85, metadata={op_name="jit(_grad_quad_fn_jit)/scatter-add" source_file="/capstor/scratch/cscs/aboudaou/workspace/dalia/DALIA/src/dalia/core/autodiff/distributed.py" source_line=486 source_end_line=486 source_column=16 source_end_column=26}

This isn't necessarily a bug; constant-folding is inherently a trade-off between compilation time and speed at runtime. XLA has some guards that attempt to keep constant folding from taking too long, but fundamentally you'll always be able to come up with an input program that takes a long time.

If you'd like to file a bug, run with envvar XLA_FLAGS=--xla_dump_to=/tmp/foo and attach the results.
E0315 16:05:11.230426  293578 slow_operation_alarm.cc:73] Constant folding an instruction is taking > 4s:

  %scatter-add.53 = f64[645843]{0} scatter(%broadcast.20, %constant.984, %constant.1170), update_window_dims={1}, inserted_window_dims={}, scatter_dims_to_operand_dims={0}, index_vector_dim=1, to_apply=%region_110.119, metadata={op_name="jit(_grad_quad_fn_jit)/scatter-add" source_file="/capstor/scratch/cscs/aboudaou/workspace/dalia/DALIA/src/dalia/core/autodiff/distributed.py" source_line=486 source_end_line=486 source_column=16 source_end_column=26}

This isn't necessarily a bug; constant-folding is inherently a trade-off between compilation time and speed at runtime. XLA has some guards that attempt to keep constant folding from taking too long, but fundamentally you'll always be able to come up with an input program that takes a long time.

If you'd like to file a bug, run with envvar XLA_FLAGS=--xla_dump_to=/tmp/foo and attach the results.
E0315 16:05:11.248571   68790 slow_operation_alarm.cc:140] The operation took 17.398682909s
Constant folding an instruction is taking > 2s:

  %scatter-add.52 = f64[645843]{0} scatter(%broadcast.22, %constant.1247, %constant.1423), update_window_dims={1}, inserted_window_dims={}, scatter_dims_to_operand_dims={0}, index_vector_dim=1, to_apply=%region_124.133, metadata={op_name="jit(_grad_quad_fn_jit)/scatter-add" source_file="/capstor/scratch/cscs/aboudaou/workspace/dalia/DALIA/src/dalia/core/autodiff/distributed.py" source_line=486 source_end_line=486 source_column=16 source_end_column=26}

This isn't necessarily a bug; constant-folding is inherently a trade-off between compilation time and speed at runtime. XLA has some guards that attempt to keep constant folding from taking too long, but fundamentally you'll always be able to come up with an input program that takes a long time.

If you'd like to file a bug, run with envvar XLA_FLAGS=--xla_dump_to=/tmp/foo and attach the results.
E0315 16:05:11.551986  189959 slow_operation_alarm.cc:73] Constant folding an instruction is taking > 4s:

  %scatter-add.53 = f64[645843]{0} scatter(%broadcast.20, %constant.987, %constant.1173), update_window_dims={1}, inserted_window_dims={}, scatter_dims_to_operand_dims={0}, index_vector_dim=1, to_apply=%region_110.119, metadata={op_name="jit(_grad_quad_fn_jit)/scatter-add" source_file="/capstor/scratch/cscs/aboudaou/workspace/dalia/DALIA/src/dalia/core/autodiff/distributed.py" source_line=486 source_end_line=486 source_column=16 source_end_column=26}

This isn't necessarily a bug; constant-folding is inherently a trade-off between compilation time and speed at runtime. XLA has some guards that attempt to keep constant folding from taking too long, but fundamentally you'll always be able to come up with an input program that takes a long time.

If you'd like to file a bug, run with envvar XLA_FLAGS=--xla_dump_to=/tmp/foo and attach the results.
E0315 16:05:12.061140  233480 slow_operation_alarm.cc:73] Constant folding an instruction is taking > 4s:

  %scatter-add.53 = f64[645843]{0} scatter(%broadcast.20, %constant.988, %constant.1174), update_window_dims={1}, inserted_window_dims={}, scatter_dims_to_operand_dims={0}, index_vector_dim=1, to_apply=%region_110.119, metadata={op_name="jit(_grad_quad_fn_jit)/scatter-add" source_file="/capstor/scratch/cscs/aboudaou/workspace/dalia/DALIA/src/dalia/core/autodiff/distributed.py" source_line=486 source_end_line=486 source_column=16 source_end_column=26}

This isn't necessarily a bug; constant-folding is inherently a trade-off between compilation time and speed at runtime. XLA has some guards that attempt to keep constant folding from taking too long, but fundamentally you'll always be able to come up with an input program that takes a long time.

If you'd like to file a bug, run with envvar XLA_FLAGS=--xla_dump_to=/tmp/foo and attach the results.
E0315 16:05:15.267981   69830 slow_operation_alarm.cc:73] Constant folding an instruction is taking > 4s:

  %scatter-add.53 = f64[645843]{0} scatter(%broadcast.22, %constant.1247, %constant.1428), update_window_dims={1}, inserted_window_dims={}, scatter_dims_to_operand_dims={0}, index_vector_dim=1, to_apply=%region_182.191, metadata={op_name="jit(_grad_quad_fn_jit)/scatter-add" source_file="/capstor/scratch/cscs/aboudaou/workspace/dalia/DALIA/src/dalia/core/autodiff/distributed.py" source_line=486 source_end_line=486 source_column=16 source_end_column=26}

This isn't necessarily a bug; constant-folding is inherently a trade-off between compilation time and speed at runtime. XLA has some guards that attempt to keep constant folding from taking too long, but fundamentally you'll always be able to come up with an input program that takes a long time.

If you'd like to file a bug, run with envvar XLA_FLAGS=--xla_dump_to=/tmp/foo and attach the results.
E0315 16:05:24.372218  292576 slow_operation_alarm.cc:140] The operation took 17.14184703s
Constant folding an instruction is taking > 4s:

  %scatter-add.53 = f64[645843]{0} scatter(%broadcast.20, %constant.984, %constant.1170), update_window_dims={1}, inserted_window_dims={}, scatter_dims_to_operand_dims={0}, index_vector_dim=1, to_apply=%region_110.119, metadata={op_name="jit(_grad_quad_fn_jit)/scatter-add" source_file="/capstor/scratch/cscs/aboudaou/workspace/dalia/DALIA/src/dalia/core/autodiff/distributed.py" source_line=486 source_end_line=486 source_column=16 source_end_column=26}

This isn't necessarily a bug; constant-folding is inherently a trade-off between compilation time and speed at runtime. XLA has some guards that attempt to keep constant folding from taking too long, but fundamentally you'll always be able to come up with an input program that takes a long time.

If you'd like to file a bug, run with envvar XLA_FLAGS=--xla_dump_to=/tmp/foo and attach the results.
E0315 16:05:24.765128  188965 slow_operation_alarm.cc:140] The operation took 17.213244614s
Constant folding an instruction is taking > 4s:

  %scatter-add.53 = f64[645843]{0} scatter(%broadcast.20, %constant.987, %constant.1173), update_window_dims={1}, inserted_window_dims={}, scatter_dims_to_operand_dims={0}, index_vector_dim=1, to_apply=%region_110.119, metadata={op_name="jit(_grad_quad_fn_jit)/scatter-add" source_file="/capstor/scratch/cscs/aboudaou/workspace/dalia/DALIA/src/dalia/core/autodiff/distributed.py" source_line=486 source_end_line=486 source_column=16 source_end_column=26}

This isn't necessarily a bug; constant-folding is inherently a trade-off between compilation time and speed at runtime. XLA has some guards that attempt to keep constant folding from taking too long, but fundamentally you'll always be able to come up with an input program that takes a long time.

If you'd like to file a bug, run with envvar XLA_FLAGS=--xla_dump_to=/tmp/foo and attach the results.
E0315 16:05:25.532741  232452 slow_operation_alarm.cc:140] The operation took 17.471687226s
Constant folding an instruction is taking > 4s:

  %scatter-add.53 = f64[645843]{0} scatter(%broadcast.20, %constant.988, %constant.1174), update_window_dims={1}, inserted_window_dims={}, scatter_dims_to_operand_dims={0}, index_vector_dim=1, to_apply=%region_110.119, metadata={op_name="jit(_grad_quad_fn_jit)/scatter-add" source_file="/capstor/scratch/cscs/aboudaou/workspace/dalia/DALIA/src/dalia/core/autodiff/distributed.py" source_line=486 source_end_line=486 source_column=16 source_end_column=26}

This isn't necessarily a bug; constant-folding is inherently a trade-off between compilation time and speed at runtime. XLA has some guards that attempt to keep constant folding from taking too long, but fundamentally you'll always be able to come up with an input program that takes a long time.

If you'd like to file a bug, run with envvar XLA_FLAGS=--xla_dump_to=/tmp/foo and attach the results.
E0315 16:05:28.522593   68790 slow_operation_alarm.cc:140] The operation took 17.254726193s
Constant folding an instruction is taking > 4s:

  %scatter-add.53 = f64[645843]{0} scatter(%broadcast.22, %constant.1247, %constant.1428), update_window_dims={1}, inserted_window_dims={}, scatter_dims_to_operand_dims={0}, index_vector_dim=1, to_apply=%region_182.191, metadata={op_name="jit(_grad_quad_fn_jit)/scatter-add" source_file="/capstor/scratch/cscs/aboudaou/workspace/dalia/DALIA/src/dalia/core/autodiff/distributed.py" source_line=486 source_end_line=486 source_column=16 source_end_column=26}

This isn't necessarily a bug; constant-folding is inherently a trade-off between compilation time and speed at runtime. XLA has some guards that attempt to keep constant folding from taking too long, but fundamentally you'll always be able to come up with an input program that takes a long time.

If you'd like to file a bug, run with envvar XLA_FLAGS=--xla_dump_to=/tmp/foo and attach the results.
E0315 16:09:48.650996  233480 slow_operation_alarm.cc:73] Constant folding an instruction is taking > 8s:

  %scatter-add.51 = f64[645843]{0} scatter(%broadcast.20, %constant.988, %constant.1162), update_window_dims={1}, inserted_window_dims={}, scatter_dims_to_operand_dims={0}, index_vector_dim=1, to_apply=%region_42.51, metadata={op_name="jit(_grad_quad_fn_jit)/scatter-add" source_file="/capstor/scratch/cscs/aboudaou/workspace/dalia/DALIA/src/dalia/core/autodiff/distributed.py" source_line=486 source_end_line=486 source_column=16 source_end_column=26}

This isn't necessarily a bug; constant-folding is inherently a trade-off between compilation time and speed at runtime. XLA has some guards that attempt to keep constant folding from taking too long, but fundamentally you'll always be able to come up with an input program that takes a long time.

If you'd like to file a bug, run with envvar XLA_FLAGS=--xla_dump_to=/tmp/foo and attach the results.
E0315 16:09:48.706174  293578 slow_operation_alarm.cc:73] Constant folding an instruction is taking > 8s:

  %scatter-add.51 = f64[645843]{0} scatter(%broadcast.20, %constant.984, %constant.1158), update_window_dims={1}, inserted_window_dims={}, scatter_dims_to_operand_dims={0}, index_vector_dim=1, to_apply=%region_42.51, metadata={op_name="jit(_grad_quad_fn_jit)/scatter-add" source_file="/capstor/scratch/cscs/aboudaou/workspace/dalia/DALIA/src/dalia/core/autodiff/distributed.py" source_line=486 source_end_line=486 source_column=16 source_end_column=26}

This isn't necessarily a bug; constant-folding is inherently a trade-off between compilation time and speed at runtime. XLA has some guards that attempt to keep constant folding from taking too long, but fundamentally you'll always be able to come up with an input program that takes a long time.

If you'd like to file a bug, run with envvar XLA_FLAGS=--xla_dump_to=/tmp/foo and attach the results.
E0315 16:09:48.867288  189959 slow_operation_alarm.cc:73] Constant folding an instruction is taking > 8s:

  %scatter-add.51 = f64[645843]{0} scatter(%broadcast.20, %constant.987, %constant.1161), update_window_dims={1}, inserted_window_dims={}, scatter_dims_to_operand_dims={0}, index_vector_dim=1, to_apply=%region_42.51, metadata={op_name="jit(_grad_quad_fn_jit)/scatter-add" source_file="/capstor/scratch/cscs/aboudaou/workspace/dalia/DALIA/src/dalia/core/autodiff/distributed.py" source_line=486 source_end_line=486 source_column=16 source_end_column=26}

This isn't necessarily a bug; constant-folding is inherently a trade-off between compilation time and speed at runtime. XLA has some guards that attempt to keep constant folding from taking too long, but fundamentally you'll always be able to come up with an input program that takes a long time.

If you'd like to file a bug, run with envvar XLA_FLAGS=--xla_dump_to=/tmp/foo and attach the results.
E0315 16:09:51.252852   69830 slow_operation_alarm.cc:73] Constant folding an instruction is taking > 8s:

  %scatter-add.51 = f64[645843]{0} scatter(%broadcast.22, %constant.1247, %constant.1416), update_window_dims={1}, inserted_window_dims={}, scatter_dims_to_operand_dims={0}, index_vector_dim=1, to_apply=%region_66.75, metadata={op_name="jit(_grad_quad_fn_jit)/scatter-add" source_file="/capstor/scratch/cscs/aboudaou/workspace/dalia/DALIA/src/dalia/core/autodiff/distributed.py" source_line=486 source_end_line=486 source_column=16 source_end_column=26}

This isn't necessarily a bug; constant-folding is inherently a trade-off between compilation time and speed at runtime. XLA has some guards that attempt to keep constant folding from taking too long, but fundamentally you'll always be able to come up with an input program that takes a long time.

If you'd like to file a bug, run with envvar XLA_FLAGS=--xla_dump_to=/tmp/foo and attach the results.
E0315 16:09:57.681659  188965 slow_operation_alarm.cc:140] The operation took 16.814485411s
Constant folding an instruction is taking > 8s:

  %scatter-add.51 = f64[645843]{0} scatter(%broadcast.20, %constant.987, %constant.1161), update_window_dims={1}, inserted_window_dims={}, scatter_dims_to_operand_dims={0}, index_vector_dim=1, to_apply=%region_42.51, metadata={op_name="jit(_grad_quad_fn_jit)/scatter-add" source_file="/capstor/scratch/cscs/aboudaou/workspace/dalia/DALIA/src/dalia/core/autodiff/distributed.py" source_line=486 source_end_line=486 source_column=16 source_end_column=26}

This isn't necessarily a bug; constant-folding is inherently a trade-off between compilation time and speed at runtime. XLA has some guards that attempt to keep constant folding from taking too long, but fundamentally you'll always be able to come up with an input program that takes a long time.

If you'd like to file a bug, run with envvar XLA_FLAGS=--xla_dump_to=/tmp/foo and attach the results.
E0315 16:09:57.933020  232452 slow_operation_alarm.cc:140] The operation took 17.282132709s
Constant folding an instruction is taking > 8s:

  %scatter-add.51 = f64[645843]{0} scatter(%broadcast.20, %constant.988, %constant.1162), update_window_dims={1}, inserted_window_dims={}, scatter_dims_to_operand_dims={0}, index_vector_dim=1, to_apply=%region_42.51, metadata={op_name="jit(_grad_quad_fn_jit)/scatter-add" source_file="/capstor/scratch/cscs/aboudaou/workspace/dalia/DALIA/src/dalia/core/autodiff/distributed.py" source_line=486 source_end_line=486 source_column=16 source_end_column=26}

This isn't necessarily a bug; constant-folding is inherently a trade-off between compilation time and speed at runtime. XLA has some guards that attempt to keep constant folding from taking too long, but fundamentally you'll always be able to come up with an input program that takes a long time.

If you'd like to file a bug, run with envvar XLA_FLAGS=--xla_dump_to=/tmp/foo and attach the results.
E0315 16:09:57.970674  292576 slow_operation_alarm.cc:140] The operation took 17.26461093s
Constant folding an instruction is taking > 8s:

  %scatter-add.51 = f64[645843]{0} scatter(%broadcast.20, %constant.984, %constant.1158), update_window_dims={1}, inserted_window_dims={}, scatter_dims_to_operand_dims={0}, index_vector_dim=1, to_apply=%region_42.51, metadata={op_name="jit(_grad_quad_fn_jit)/scatter-add" source_file="/capstor/scratch/cscs/aboudaou/workspace/dalia/DALIA/src/dalia/core/autodiff/distributed.py" source_line=486 source_end_line=486 source_column=16 source_end_column=26}

This isn't necessarily a bug; constant-folding is inherently a trade-off between compilation time and speed at runtime. XLA has some guards that attempt to keep constant folding from taking too long, but fundamentally you'll always be able to come up with an input program that takes a long time.

If you'd like to file a bug, run with envvar XLA_FLAGS=--xla_dump_to=/tmp/foo and attach the results.
E0315 16:10:00.248461   68790 slow_operation_alarm.cc:140] The operation took 16.995743479s
Constant folding an instruction is taking > 8s:

  %scatter-add.51 = f64[645843]{0} scatter(%broadcast.22, %constant.1247, %constant.1416), update_window_dims={1}, inserted_window_dims={}, scatter_dims_to_operand_dims={0}, index_vector_dim=1, to_apply=%region_66.75, metadata={op_name="jit(_grad_quad_fn_jit)/scatter-add" source_file="/capstor/scratch/cscs/aboudaou/workspace/dalia/DALIA/src/dalia/core/autodiff/distributed.py" source_line=486 source_end_line=486 source_column=16 source_end_column=26}

This isn't necessarily a bug; constant-folding is inherently a trade-off between compilation time and speed at runtime. XLA has some guards that attempt to keep constant folding from taking too long, but fundamentally you'll always be able to come up with an input program that takes a long time.

If you'd like to file a bug, run with envvar XLA_FLAGS=--xla_dump_to=/tmp/foo and attach the results.
E0315 16:10:13.701334  189959 slow_operation_alarm.cc:73] Constant folding an instruction is taking > 16s:

  %scatter-add.52 = f64[645843]{0} scatter(%broadcast.20, %constant.987, %constant.1168), update_window_dims={1}, inserted_window_dims={}, scatter_dims_to_operand_dims={0}, index_vector_dim=1, to_apply=%region_76.85, metadata={op_name="jit(_grad_quad_fn_jit)/scatter-add" source_file="/capstor/scratch/cscs/aboudaou/workspace/dalia/DALIA/src/dalia/core/autodiff/distributed.py" source_line=486 source_end_line=486 source_column=16 source_end_column=26}

This isn't necessarily a bug; constant-folding is inherently a trade-off between compilation time and speed at runtime. XLA has some guards that attempt to keep constant folding from taking too long, but fundamentally you'll always be able to come up with an input program that takes a long time.

If you'd like to file a bug, run with envvar XLA_FLAGS=--xla_dump_to=/tmp/foo and attach the results.
E0315 16:10:13.957739  233480 slow_operation_alarm.cc:73] Constant folding an instruction is taking > 16s:

  %scatter-add.52 = f64[645843]{0} scatter(%broadcast.20, %constant.988, %constant.1169), update_window_dims={1}, inserted_window_dims={}, scatter_dims_to_operand_dims={0}, index_vector_dim=1, to_apply=%region_76.85, metadata={op_name="jit(_grad_quad_fn_jit)/scatter-add" source_file="/capstor/scratch/cscs/aboudaou/workspace/dalia/DALIA/src/dalia/core/autodiff/distributed.py" source_line=486 source_end_line=486 source_column=16 source_end_column=26}

This isn't necessarily a bug; constant-folding is inherently a trade-off between compilation time and speed at runtime. XLA has some guards that attempt to keep constant folding from taking too long, but fundamentally you'll always be able to come up with an input program that takes a long time.

If you'd like to file a bug, run with envvar XLA_FLAGS=--xla_dump_to=/tmp/foo and attach the results.
E0315 16:10:13.989579  293578 slow_operation_alarm.cc:73] Constant folding an instruction is taking > 16s:

  %scatter-add.52 = f64[645843]{0} scatter(%broadcast.20, %constant.984, %constant.1165), update_window_dims={1}, inserted_window_dims={}, scatter_dims_to_operand_dims={0}, index_vector_dim=1, to_apply=%region_76.85, metadata={op_name="jit(_grad_quad_fn_jit)/scatter-add" source_file="/capstor/scratch/cscs/aboudaou/workspace/dalia/DALIA/src/dalia/core/autodiff/distributed.py" source_line=486 source_end_line=486 source_column=16 source_end_column=26}

This isn't necessarily a bug; constant-folding is inherently a trade-off between compilation time and speed at runtime. XLA has some guards that attempt to keep constant folding from taking too long, but fundamentally you'll always be able to come up with an input program that takes a long time.

If you'd like to file a bug, run with envvar XLA_FLAGS=--xla_dump_to=/tmp/foo and attach the results.
E0315 16:10:14.556759  188965 slow_operation_alarm.cc:140] The operation took 16.855524916s
Constant folding an instruction is taking > 16s:

  %scatter-add.52 = f64[645843]{0} scatter(%broadcast.20, %constant.987, %constant.1168), update_window_dims={1}, inserted_window_dims={}, scatter_dims_to_operand_dims={0}, index_vector_dim=1, to_apply=%region_76.85, metadata={op_name="jit(_grad_quad_fn_jit)/scatter-add" source_file="/capstor/scratch/cscs/aboudaou/workspace/dalia/DALIA/src/dalia/core/autodiff/distributed.py" source_line=486 source_end_line=486 source_column=16 source_end_column=26}

This isn't necessarily a bug; constant-folding is inherently a trade-off between compilation time and speed at runtime. XLA has some guards that attempt to keep constant folding from taking too long, but fundamentally you'll always be able to come up with an input program that takes a long time.

If you'd like to file a bug, run with envvar XLA_FLAGS=--xla_dump_to=/tmp/foo and attach the results.
E0315 16:10:15.072517  292576 slow_operation_alarm.cc:140] The operation took 17.083044161s
Constant folding an instruction is taking > 16s:

  %scatter-add.52 = f64[645843]{0} scatter(%broadcast.20, %constant.984, %constant.1165), update_window_dims={1}, inserted_window_dims={}, scatter_dims_to_operand_dims={0}, index_vector_dim=1, to_apply=%region_76.85, metadata={op_name="jit(_grad_quad_fn_jit)/scatter-add" source_file="/capstor/scratch/cscs/aboudaou/workspace/dalia/DALIA/src/dalia/core/autodiff/distributed.py" source_line=486 source_end_line=486 source_column=16 source_end_column=26}

This isn't necessarily a bug; constant-folding is inherently a trade-off between compilation time and speed at runtime. XLA has some guards that attempt to keep constant folding from taking too long, but fundamentally you'll always be able to come up with an input program that takes a long time.

If you'd like to file a bug, run with envvar XLA_FLAGS=--xla_dump_to=/tmp/foo and attach the results.
E0315 16:10:15.591804  232452 slow_operation_alarm.cc:140] The operation took 17.63417705s
Constant folding an instruction is taking > 16s:

  %scatter-add.52 = f64[645843]{0} scatter(%broadcast.20, %constant.988, %constant.1169), update_window_dims={1}, inserted_window_dims={}, scatter_dims_to_operand_dims={0}, index_vector_dim=1, to_apply=%region_76.85, metadata={op_name="jit(_grad_quad_fn_jit)/scatter-add" source_file="/capstor/scratch/cscs/aboudaou/workspace/dalia/DALIA/src/dalia/core/autodiff/distributed.py" source_line=486 source_end_line=486 source_column=16 source_end_column=26}

This isn't necessarily a bug; constant-folding is inherently a trade-off between compilation time and speed at runtime. XLA has some guards that attempt to keep constant folding from taking too long, but fundamentally you'll always be able to come up with an input program that takes a long time.

If you'd like to file a bug, run with envvar XLA_FLAGS=--xla_dump_to=/tmp/foo and attach the results.
E0315 16:10:16.267643   69830 slow_operation_alarm.cc:73] Constant folding an instruction is taking > 16s:

  %scatter-add.52 = f64[645843]{0} scatter(%broadcast.22, %constant.1247, %constant.1423), update_window_dims={1}, inserted_window_dims={}, scatter_dims_to_operand_dims={0}, index_vector_dim=1, to_apply=%region_124.133, metadata={op_name="jit(_grad_quad_fn_jit)/scatter-add" source_file="/capstor/scratch/cscs/aboudaou/workspace/dalia/DALIA/src/dalia/core/autodiff/distributed.py" source_line=486 source_end_line=486 source_column=16 source_end_column=26}

This isn't necessarily a bug; constant-folding is inherently a trade-off between compilation time and speed at runtime. XLA has some guards that attempt to keep constant folding from taking too long, but fundamentally you'll always be able to come up with an input program that takes a long time.

If you'd like to file a bug, run with envvar XLA_FLAGS=--xla_dump_to=/tmp/foo and attach the results.
E0315 16:10:17.285614   68790 slow_operation_alarm.cc:140] The operation took 17.018102524s
Constant folding an instruction is taking > 16s:

  %scatter-add.52 = f64[645843]{0} scatter(%broadcast.22, %constant.1247, %constant.1423), update_window_dims={1}, inserted_window_dims={}, scatter_dims_to_operand_dims={0}, index_vector_dim=1, to_apply=%region_124.133, metadata={op_name="jit(_grad_quad_fn_jit)/scatter-add" source_file="/capstor/scratch/cscs/aboudaou/workspace/dalia/DALIA/src/dalia/core/autodiff/distributed.py" source_line=486 source_end_line=486 source_column=16 source_end_column=26}

This isn't necessarily a bug; constant-folding is inherently a trade-off between compilation time and speed at runtime. XLA has some guards that attempt to keep constant folding from taking too long, but fundamentally you'll always be able to come up with an input program that takes a long time.

If you'd like to file a bug, run with envvar XLA_FLAGS=--xla_dump_to=/tmp/foo and attach the results.
