W0314 16:18:12.169986  246393 cuda_executor.cc:1802] GPU interconnect information not available: INTERNAL: NVML doesn't support extracting fabric info or NVLink is not used by the device.
W0314 16:18:12.169986  246394 cuda_executor.cc:1802] GPU interconnect information not available: INTERNAL: NVML doesn't support extracting fabric info or NVLink is not used by the device.
W0314 16:18:12.183553  246396 cuda_executor.cc:1802] GPU interconnect information not available: INTERNAL: NVML doesn't support extracting fabric info or NVLink is not used by the device.
W0314 16:18:12.185274  246395 cuda_executor.cc:1802] GPU interconnect information not available: INTERNAL: NVML doesn't support extracting fabric info or NVLink is not used by the device.
W0314 16:18:12.266229   88202 cuda_executor.cc:1802] GPU interconnect information not available: INTERNAL: NVML doesn't support extracting fabric info or NVLink is not used by the device.
W0314 16:18:12.267123   88199 cuda_executor.cc:1802] GPU interconnect information not available: INTERNAL: NVML doesn't support extracting fabric info or NVLink is not used by the device.
W0314 16:18:12.286481   88201 cuda_executor.cc:1802] GPU interconnect information not available: INTERNAL: NVML doesn't support extracting fabric info or NVLink is not used by the device.
W0314 16:18:12.286483   88200 cuda_executor.cc:1802] GPU interconnect information not available: INTERNAL: NVML doesn't support extracting fabric info or NVLink is not used by the device.
W0314 16:18:12.330528  175651 cuda_executor.cc:1802] GPU interconnect information not available: INTERNAL: NVML doesn't support extracting fabric info or NVLink is not used by the device.
W0314 16:18:12.334755  175652 cuda_executor.cc:1802] GPU interconnect information not available: INTERNAL: NVML doesn't support extracting fabric info or NVLink is not used by the device.
W0314 16:18:12.337854  175653 cuda_executor.cc:1802] GPU interconnect information not available: INTERNAL: NVML doesn't support extracting fabric info or NVLink is not used by the device.
W0314 16:18:12.337859  175654 cuda_executor.cc:1802] GPU interconnect information not available: INTERNAL: NVML doesn't support extracting fabric info or NVLink is not used by the device.
W0314 16:18:12.347543  194279 cuda_executor.cc:1802] GPU interconnect information not available: INTERNAL: NVML doesn't support extracting fabric info or NVLink is not used by the device.
W0314 16:18:12.361120  194278 cuda_executor.cc:1802] GPU interconnect information not available: INTERNAL: NVML doesn't support extracting fabric info or NVLink is not used by the device.
W0314 16:18:12.363168  194280 cuda_executor.cc:1802] GPU interconnect information not available: INTERNAL: NVML doesn't support extracting fabric info or NVLink is not used by the device.
W0314 16:18:12.363185  194281 cuda_executor.cc:1802] GPU interconnect information not available: INTERNAL: NVML doesn't support extracting fabric info or NVLink is not used by the device.
W0314 16:18:12.542565  245662 cuda_executor.cc:1802] GPU interconnect information not available: INTERNAL: NVML doesn't support extracting fabric info or NVLink is not used by the device.
W0314 16:18:12.574297  245662 cuda_executor.cc:1802] GPU interconnect information not available: INTERNAL: NVML doesn't support extracting fabric info or NVLink is not used by the device.
W0314 16:18:12.605469  245662 cuda_executor.cc:1802] GPU interconnect information not available: INTERNAL: NVML doesn't support extracting fabric info or NVLink is not used by the device.
W0314 16:18:12.637276  245662 cuda_executor.cc:1802] GPU interconnect information not available: INTERNAL: NVML doesn't support extracting fabric info or NVLink is not used by the device.
W0314 16:18:12.639752   87462 cuda_executor.cc:1802] GPU interconnect information not available: INTERNAL: NVML doesn't support extracting fabric info or NVLink is not used by the device.
W0314 16:18:12.670760   87462 cuda_executor.cc:1802] GPU interconnect information not available: INTERNAL: NVML doesn't support extracting fabric info or NVLink is not used by the device.
W0314 16:18:12.696679  174937 cuda_executor.cc:1802] GPU interconnect information not available: INTERNAL: NVML doesn't support extracting fabric info or NVLink is not used by the device.
W0314 16:18:12.709840   87462 cuda_executor.cc:1802] GPU interconnect information not available: INTERNAL: NVML doesn't support extracting fabric info or NVLink is not used by the device.
W0314 16:18:12.728650  174937 cuda_executor.cc:1802] GPU interconnect information not available: INTERNAL: NVML doesn't support extracting fabric info or NVLink is not used by the device.
W0314 16:18:12.730064  193544 cuda_executor.cc:1802] GPU interconnect information not available: INTERNAL: NVML doesn't support extracting fabric info or NVLink is not used by the device.
W0314 16:18:12.740693   87462 cuda_executor.cc:1802] GPU interconnect information not available: INTERNAL: NVML doesn't support extracting fabric info or NVLink is not used by the device.
W0314 16:18:12.760331  174937 cuda_executor.cc:1802] GPU interconnect information not available: INTERNAL: NVML doesn't support extracting fabric info or NVLink is not used by the device.
W0314 16:18:12.761356  193544 cuda_executor.cc:1802] GPU interconnect information not available: INTERNAL: NVML doesn't support extracting fabric info or NVLink is not used by the device.
W0314 16:18:12.792744  174937 cuda_executor.cc:1802] GPU interconnect information not available: INTERNAL: NVML doesn't support extracting fabric info or NVLink is not used by the device.
W0314 16:18:12.792960  193544 cuda_executor.cc:1802] GPU interconnect information not available: INTERNAL: NVML doesn't support extracting fabric info or NVLink is not used by the device.
W0314 16:18:12.824495  193544 cuda_executor.cc:1802] GPU interconnect information not available: INTERNAL: NVML doesn't support extracting fabric info or NVLink is not used by the device.
/users/aboudaou/miniconda3/envs/serinv-env/lib/python3.11/site-packages/mpi4jax/_src/decorators.py:60: UserWarning: Not using CUDA-enabled MPI. If you are sure that your MPI library is built with CUDA support, set MPI4JAX_USE_CUDA_MPI=1. To silence this warning, set MPI4JAX_USE_CUDA_MPI=0.
  warnings.warn(warn_msg)
/users/aboudaou/miniconda3/envs/serinv-env/lib/python3.11/site-packages/mpi4jax/_src/decorators.py:60: UserWarning: Not using CUDA-enabled MPI. If you are sure that your MPI library is built with CUDA support, set MPI4JAX_USE_CUDA_MPI=1. To silence this warning, set MPI4JAX_USE_CUDA_MPI=0.
  warnings.warn(warn_msg)
/users/aboudaou/miniconda3/envs/serinv-env/lib/python3.11/site-packages/mpi4jax/_src/decorators.py:60: UserWarning: Not using CUDA-enabled MPI. If you are sure that your MPI library is built with CUDA support, set MPI4JAX_USE_CUDA_MPI=1. To silence this warning, set MPI4JAX_USE_CUDA_MPI=0.
  warnings.warn(warn_msg)
/users/aboudaou/miniconda3/envs/serinv-env/lib/python3.11/site-packages/mpi4jax/_src/decorators.py:60: UserWarning: Not using CUDA-enabled MPI. If you are sure that your MPI library is built with CUDA support, set MPI4JAX_USE_CUDA_MPI=1. To silence this warning, set MPI4JAX_USE_CUDA_MPI=0.
  warnings.warn(warn_msg)
E0314 16:23:24.977243  246711 slow_operation_alarm.cc:73] Constant folding an instruction is taking > 1s:

  %scatter-add.51 = f64[645843]{0} scatter(%broadcast.20, %constant.984, %constant.1158), update_window_dims={1}, inserted_window_dims={}, scatter_dims_to_operand_dims={0}, index_vector_dim=1, to_apply=%region_42.51, metadata={op_name="jit(_grad_quad_fn_jit)/scatter-add" source_file="/capstor/scratch/cscs/aboudaou/workspace/dalia/DALIA/src/dalia/core/autodiff/distributed.py" source_line=486 source_end_line=486 source_column=16 source_end_column=26}

This isn't necessarily a bug; constant-folding is inherently a trade-off between compilation time and speed at runtime. XLA has some guards that attempt to keep constant folding from taking too long, but fundamentally you'll always be able to come up with an input program that takes a long time.

If you'd like to file a bug, run with envvar XLA_FLAGS=--xla_dump_to=/tmp/foo and attach the results.
E0314 16:23:25.266766  175987 slow_operation_alarm.cc:73] Constant folding an instruction is taking > 1s:

  %scatter-add.51 = f64[645843]{0} scatter(%broadcast.20, %constant.988, %constant.1162), update_window_dims={1}, inserted_window_dims={}, scatter_dims_to_operand_dims={0}, index_vector_dim=1, to_apply=%region_42.51, metadata={op_name="jit(_grad_quad_fn_jit)/scatter-add" source_file="/capstor/scratch/cscs/aboudaou/workspace/dalia/DALIA/src/dalia/core/autodiff/distributed.py" source_line=486 source_end_line=486 source_column=16 source_end_column=26}

This isn't necessarily a bug; constant-folding is inherently a trade-off between compilation time and speed at runtime. XLA has some guards that attempt to keep constant folding from taking too long, but fundamentally you'll always be able to come up with an input program that takes a long time.

If you'd like to file a bug, run with envvar XLA_FLAGS=--xla_dump_to=/tmp/foo and attach the results.
E0314 16:23:25.274912   88516 slow_operation_alarm.cc:73] Constant folding an instruction is taking > 1s:

  %scatter-add.51 = f64[645843]{0} scatter(%broadcast.20, %constant.987, %constant.1161), update_window_dims={1}, inserted_window_dims={}, scatter_dims_to_operand_dims={0}, index_vector_dim=1, to_apply=%region_42.51, metadata={op_name="jit(_grad_quad_fn_jit)/scatter-add" source_file="/capstor/scratch/cscs/aboudaou/workspace/dalia/DALIA/src/dalia/core/autodiff/distributed.py" source_line=486 source_end_line=486 source_column=16 source_end_column=26}

This isn't necessarily a bug; constant-folding is inherently a trade-off between compilation time and speed at runtime. XLA has some guards that attempt to keep constant folding from taking too long, but fundamentally you'll always be able to come up with an input program that takes a long time.

If you'd like to file a bug, run with envvar XLA_FLAGS=--xla_dump_to=/tmp/foo and attach the results.
E0314 16:23:27.812136  194594 slow_operation_alarm.cc:73] Constant folding an instruction is taking > 1s:

  %scatter-add.51 = f64[645843]{0} scatter(%broadcast.22, %constant.1247, %constant.1416), update_window_dims={1}, inserted_window_dims={}, scatter_dims_to_operand_dims={0}, index_vector_dim=1, to_apply=%region_66.75, metadata={op_name="jit(_grad_quad_fn_jit)/scatter-add" source_file="/capstor/scratch/cscs/aboudaou/workspace/dalia/DALIA/src/dalia/core/autodiff/distributed.py" source_line=486 source_end_line=486 source_column=16 source_end_column=26}

This isn't necessarily a bug; constant-folding is inherently a trade-off between compilation time and speed at runtime. XLA has some guards that attempt to keep constant folding from taking too long, but fundamentally you'll always be able to come up with an input program that takes a long time.

If you'd like to file a bug, run with envvar XLA_FLAGS=--xla_dump_to=/tmp/foo and attach the results.
E0314 16:23:41.157944  245662 slow_operation_alarm.cc:140] The operation took 17.180782405s
Constant folding an instruction is taking > 1s:

  %scatter-add.51 = f64[645843]{0} scatter(%broadcast.20, %constant.984, %constant.1158), update_window_dims={1}, inserted_window_dims={}, scatter_dims_to_operand_dims={0}, index_vector_dim=1, to_apply=%region_42.51, metadata={op_name="jit(_grad_quad_fn_jit)/scatter-add" source_file="/capstor/scratch/cscs/aboudaou/workspace/dalia/DALIA/src/dalia/core/autodiff/distributed.py" source_line=486 source_end_line=486 source_column=16 source_end_column=26}

This isn't necessarily a bug; constant-folding is inherently a trade-off between compilation time and speed at runtime. XLA has some guards that attempt to keep constant folding from taking too long, but fundamentally you'll always be able to come up with an input program that takes a long time.

If you'd like to file a bug, run with envvar XLA_FLAGS=--xla_dump_to=/tmp/foo and attach the results.
E0314 16:23:41.483574  174937 slow_operation_alarm.cc:140] The operation took 17.216891996s
Constant folding an instruction is taking > 1s:

  %scatter-add.51 = f64[645843]{0} scatter(%broadcast.20, %constant.988, %constant.1162), update_window_dims={1}, inserted_window_dims={}, scatter_dims_to_operand_dims={0}, index_vector_dim=1, to_apply=%region_42.51, metadata={op_name="jit(_grad_quad_fn_jit)/scatter-add" source_file="/capstor/scratch/cscs/aboudaou/workspace/dalia/DALIA/src/dalia/core/autodiff/distributed.py" source_line=486 source_end_line=486 source_column=16 source_end_column=26}

This isn't necessarily a bug; constant-folding is inherently a trade-off between compilation time and speed at runtime. XLA has some guards that attempt to keep constant folding from taking too long, but fundamentally you'll always be able to come up with an input program that takes a long time.

If you'd like to file a bug, run with envvar XLA_FLAGS=--xla_dump_to=/tmp/foo and attach the results.
E0314 16:23:41.539395   87462 slow_operation_alarm.cc:140] The operation took 17.264565964s
Constant folding an instruction is taking > 1s:

  %scatter-add.51 = f64[645843]{0} scatter(%broadcast.20, %constant.987, %constant.1161), update_window_dims={1}, inserted_window_dims={}, scatter_dims_to_operand_dims={0}, index_vector_dim=1, to_apply=%region_42.51, metadata={op_name="jit(_grad_quad_fn_jit)/scatter-add" source_file="/capstor/scratch/cscs/aboudaou/workspace/dalia/DALIA/src/dalia/core/autodiff/distributed.py" source_line=486 source_end_line=486 source_column=16 source_end_column=26}

This isn't necessarily a bug; constant-folding is inherently a trade-off between compilation time and speed at runtime. XLA has some guards that attempt to keep constant folding from taking too long, but fundamentally you'll always be able to come up with an input program that takes a long time.

If you'd like to file a bug, run with envvar XLA_FLAGS=--xla_dump_to=/tmp/foo and attach the results.
E0314 16:23:43.177765  246711 slow_operation_alarm.cc:73] Constant folding an instruction is taking > 2s:

  %scatter-add.52 = f64[645843]{0} scatter(%broadcast.20, %constant.984, %constant.1165), update_window_dims={1}, inserted_window_dims={}, scatter_dims_to_operand_dims={0}, index_vector_dim=1, to_apply=%region_76.85, metadata={op_name="jit(_grad_quad_fn_jit)/scatter-add" source_file="/capstor/scratch/cscs/aboudaou/workspace/dalia/DALIA/src/dalia/core/autodiff/distributed.py" source_line=486 source_end_line=486 source_column=16 source_end_column=26}

This isn't necessarily a bug; constant-folding is inherently a trade-off between compilation time and speed at runtime. XLA has some guards that attempt to keep constant folding from taking too long, but fundamentally you'll always be able to come up with an input program that takes a long time.

If you'd like to file a bug, run with envvar XLA_FLAGS=--xla_dump_to=/tmp/foo and attach the results.
E0314 16:23:43.503530  175987 slow_operation_alarm.cc:73] Constant folding an instruction is taking > 2s:

  %scatter-add.52 = f64[645843]{0} scatter(%broadcast.20, %constant.988, %constant.1169), update_window_dims={1}, inserted_window_dims={}, scatter_dims_to_operand_dims={0}, index_vector_dim=1, to_apply=%region_76.85, metadata={op_name="jit(_grad_quad_fn_jit)/scatter-add" source_file="/capstor/scratch/cscs/aboudaou/workspace/dalia/DALIA/src/dalia/core/autodiff/distributed.py" source_line=486 source_end_line=486 source_column=16 source_end_column=26}

This isn't necessarily a bug; constant-folding is inherently a trade-off between compilation time and speed at runtime. XLA has some guards that attempt to keep constant folding from taking too long, but fundamentally you'll always be able to come up with an input program that takes a long time.

If you'd like to file a bug, run with envvar XLA_FLAGS=--xla_dump_to=/tmp/foo and attach the results.
E0314 16:23:43.559520   88516 slow_operation_alarm.cc:73] Constant folding an instruction is taking > 2s:

  %scatter-add.52 = f64[645843]{0} scatter(%broadcast.20, %constant.987, %constant.1168), update_window_dims={1}, inserted_window_dims={}, scatter_dims_to_operand_dims={0}, index_vector_dim=1, to_apply=%region_76.85, metadata={op_name="jit(_grad_quad_fn_jit)/scatter-add" source_file="/capstor/scratch/cscs/aboudaou/workspace/dalia/DALIA/src/dalia/core/autodiff/distributed.py" source_line=486 source_end_line=486 source_column=16 source_end_column=26}

This isn't necessarily a bug; constant-folding is inherently a trade-off between compilation time and speed at runtime. XLA has some guards that attempt to keep constant folding from taking too long, but fundamentally you'll always be able to come up with an input program that takes a long time.

If you'd like to file a bug, run with envvar XLA_FLAGS=--xla_dump_to=/tmp/foo and attach the results.
E0314 16:23:43.742334  193544 slow_operation_alarm.cc:140] The operation took 16.930311265s
Constant folding an instruction is taking > 1s:

  %scatter-add.51 = f64[645843]{0} scatter(%broadcast.22, %constant.1247, %constant.1416), update_window_dims={1}, inserted_window_dims={}, scatter_dims_to_operand_dims={0}, index_vector_dim=1, to_apply=%region_66.75, metadata={op_name="jit(_grad_quad_fn_jit)/scatter-add" source_file="/capstor/scratch/cscs/aboudaou/workspace/dalia/DALIA/src/dalia/core/autodiff/distributed.py" source_line=486 source_end_line=486 source_column=16 source_end_column=26}

This isn't necessarily a bug; constant-folding is inherently a trade-off between compilation time and speed at runtime. XLA has some guards that attempt to keep constant folding from taking too long, but fundamentally you'll always be able to come up with an input program that takes a long time.

If you'd like to file a bug, run with envvar XLA_FLAGS=--xla_dump_to=/tmp/foo and attach the results.
E0314 16:23:45.762313  194594 slow_operation_alarm.cc:73] Constant folding an instruction is taking > 2s:

  %scatter-add.52 = f64[645843]{0} scatter(%broadcast.22, %constant.1247, %constant.1423), update_window_dims={1}, inserted_window_dims={}, scatter_dims_to_operand_dims={0}, index_vector_dim=1, to_apply=%region_124.133, metadata={op_name="jit(_grad_quad_fn_jit)/scatter-add" source_file="/capstor/scratch/cscs/aboudaou/workspace/dalia/DALIA/src/dalia/core/autodiff/distributed.py" source_line=486 source_end_line=486 source_column=16 source_end_column=26}

This isn't necessarily a bug; constant-folding is inherently a trade-off between compilation time and speed at runtime. XLA has some guards that attempt to keep constant folding from taking too long, but fundamentally you'll always be able to come up with an input program that takes a long time.

If you'd like to file a bug, run with envvar XLA_FLAGS=--xla_dump_to=/tmp/foo and attach the results.
E0314 16:23:58.185932  245662 slow_operation_alarm.cc:140] The operation took 17.008258353s
Constant folding an instruction is taking > 2s:

  %scatter-add.52 = f64[645843]{0} scatter(%broadcast.20, %constant.984, %constant.1165), update_window_dims={1}, inserted_window_dims={}, scatter_dims_to_operand_dims={0}, index_vector_dim=1, to_apply=%region_76.85, metadata={op_name="jit(_grad_quad_fn_jit)/scatter-add" source_file="/capstor/scratch/cscs/aboudaou/workspace/dalia/DALIA/src/dalia/core/autodiff/distributed.py" source_line=486 source_end_line=486 source_column=16 source_end_column=26}

This isn't necessarily a bug; constant-folding is inherently a trade-off between compilation time and speed at runtime. XLA has some guards that attempt to keep constant folding from taking too long, but fundamentally you'll always be able to come up with an input program that takes a long time.

If you'd like to file a bug, run with envvar XLA_FLAGS=--xla_dump_to=/tmp/foo and attach the results.
E0314 16:23:58.746558  174937 slow_operation_alarm.cc:140] The operation took 17.243116622s
Constant folding an instruction is taking > 2s:

  %scatter-add.52 = f64[645843]{0} scatter(%broadcast.20, %constant.988, %constant.1169), update_window_dims={1}, inserted_window_dims={}, scatter_dims_to_operand_dims={0}, index_vector_dim=1, to_apply=%region_76.85, metadata={op_name="jit(_grad_quad_fn_jit)/scatter-add" source_file="/capstor/scratch/cscs/aboudaou/workspace/dalia/DALIA/src/dalia/core/autodiff/distributed.py" source_line=486 source_end_line=486 source_column=16 source_end_column=26}

This isn't necessarily a bug; constant-folding is inherently a trade-off between compilation time and speed at runtime. XLA has some guards that attempt to keep constant folding from taking too long, but fundamentally you'll always be able to come up with an input program that takes a long time.

If you'd like to file a bug, run with envvar XLA_FLAGS=--xla_dump_to=/tmp/foo and attach the results.
E0314 16:23:58.786488   87462 slow_operation_alarm.cc:140] The operation took 17.227054453s
Constant folding an instruction is taking > 2s:

  %scatter-add.52 = f64[645843]{0} scatter(%broadcast.20, %constant.987, %constant.1168), update_window_dims={1}, inserted_window_dims={}, scatter_dims_to_operand_dims={0}, index_vector_dim=1, to_apply=%region_76.85, metadata={op_name="jit(_grad_quad_fn_jit)/scatter-add" source_file="/capstor/scratch/cscs/aboudaou/workspace/dalia/DALIA/src/dalia/core/autodiff/distributed.py" source_line=486 source_end_line=486 source_column=16 source_end_column=26}

This isn't necessarily a bug; constant-folding is inherently a trade-off between compilation time and speed at runtime. XLA has some guards that attempt to keep constant folding from taking too long, but fundamentally you'll always be able to come up with an input program that takes a long time.

If you'd like to file a bug, run with envvar XLA_FLAGS=--xla_dump_to=/tmp/foo and attach the results.
E0314 16:24:00.795897  193544 slow_operation_alarm.cc:140] The operation took 17.033694522s
Constant folding an instruction is taking > 2s:

  %scatter-add.52 = f64[645843]{0} scatter(%broadcast.22, %constant.1247, %constant.1423), update_window_dims={1}, inserted_window_dims={}, scatter_dims_to_operand_dims={0}, index_vector_dim=1, to_apply=%region_124.133, metadata={op_name="jit(_grad_quad_fn_jit)/scatter-add" source_file="/capstor/scratch/cscs/aboudaou/workspace/dalia/DALIA/src/dalia/core/autodiff/distributed.py" source_line=486 source_end_line=486 source_column=16 source_end_column=26}

This isn't necessarily a bug; constant-folding is inherently a trade-off between compilation time and speed at runtime. XLA has some guards that attempt to keep constant folding from taking too long, but fundamentally you'll always be able to come up with an input program that takes a long time.

If you'd like to file a bug, run with envvar XLA_FLAGS=--xla_dump_to=/tmp/foo and attach the results.
E0314 16:24:02.206462  246711 slow_operation_alarm.cc:73] Constant folding an instruction is taking > 4s:

  %scatter-add.53 = f64[645843]{0} scatter(%broadcast.20, %constant.984, %constant.1170), update_window_dims={1}, inserted_window_dims={}, scatter_dims_to_operand_dims={0}, index_vector_dim=1, to_apply=%region_110.119, metadata={op_name="jit(_grad_quad_fn_jit)/scatter-add" source_file="/capstor/scratch/cscs/aboudaou/workspace/dalia/DALIA/src/dalia/core/autodiff/distributed.py" source_line=486 source_end_line=486 source_column=16 source_end_column=26}

This isn't necessarily a bug; constant-folding is inherently a trade-off between compilation time and speed at runtime. XLA has some guards that attempt to keep constant folding from taking too long, but fundamentally you'll always be able to come up with an input program that takes a long time.

If you'd like to file a bug, run with envvar XLA_FLAGS=--xla_dump_to=/tmp/foo and attach the results.
E0314 16:24:02.767489  175987 slow_operation_alarm.cc:73] Constant folding an instruction is taking > 4s:

  %scatter-add.53 = f64[645843]{0} scatter(%broadcast.20, %constant.988, %constant.1174), update_window_dims={1}, inserted_window_dims={}, scatter_dims_to_operand_dims={0}, index_vector_dim=1, to_apply=%region_110.119, metadata={op_name="jit(_grad_quad_fn_jit)/scatter-add" source_file="/capstor/scratch/cscs/aboudaou/workspace/dalia/DALIA/src/dalia/core/autodiff/distributed.py" source_line=486 source_end_line=486 source_column=16 source_end_column=26}

This isn't necessarily a bug; constant-folding is inherently a trade-off between compilation time and speed at runtime. XLA has some guards that attempt to keep constant folding from taking too long, but fundamentally you'll always be able to come up with an input program that takes a long time.

If you'd like to file a bug, run with envvar XLA_FLAGS=--xla_dump_to=/tmp/foo and attach the results.
E0314 16:24:02.807049   88516 slow_operation_alarm.cc:73] Constant folding an instruction is taking > 4s:

  %scatter-add.53 = f64[645843]{0} scatter(%broadcast.20, %constant.987, %constant.1173), update_window_dims={1}, inserted_window_dims={}, scatter_dims_to_operand_dims={0}, index_vector_dim=1, to_apply=%region_110.119, metadata={op_name="jit(_grad_quad_fn_jit)/scatter-add" source_file="/capstor/scratch/cscs/aboudaou/workspace/dalia/DALIA/src/dalia/core/autodiff/distributed.py" source_line=486 source_end_line=486 source_column=16 source_end_column=26}

This isn't necessarily a bug; constant-folding is inherently a trade-off between compilation time and speed at runtime. XLA has some guards that attempt to keep constant folding from taking too long, but fundamentally you'll always be able to come up with an input program that takes a long time.

If you'd like to file a bug, run with envvar XLA_FLAGS=--xla_dump_to=/tmp/foo and attach the results.
E0314 16:24:04.816826  194594 slow_operation_alarm.cc:73] Constant folding an instruction is taking > 4s:

  %scatter-add.53 = f64[645843]{0} scatter(%broadcast.22, %constant.1247, %constant.1428), update_window_dims={1}, inserted_window_dims={}, scatter_dims_to_operand_dims={0}, index_vector_dim=1, to_apply=%region_182.191, metadata={op_name="jit(_grad_quad_fn_jit)/scatter-add" source_file="/capstor/scratch/cscs/aboudaou/workspace/dalia/DALIA/src/dalia/core/autodiff/distributed.py" source_line=486 source_end_line=486 source_column=16 source_end_column=26}

This isn't necessarily a bug; constant-folding is inherently a trade-off between compilation time and speed at runtime. XLA has some guards that attempt to keep constant folding from taking too long, but fundamentally you'll always be able to come up with an input program that takes a long time.

If you'd like to file a bug, run with envvar XLA_FLAGS=--xla_dump_to=/tmp/foo and attach the results.
E0314 16:24:15.255479  245662 slow_operation_alarm.cc:140] The operation took 17.049095147s
Constant folding an instruction is taking > 4s:

  %scatter-add.53 = f64[645843]{0} scatter(%broadcast.20, %constant.984, %constant.1170), update_window_dims={1}, inserted_window_dims={}, scatter_dims_to_operand_dims={0}, index_vector_dim=1, to_apply=%region_110.119, metadata={op_name="jit(_grad_quad_fn_jit)/scatter-add" source_file="/capstor/scratch/cscs/aboudaou/workspace/dalia/DALIA/src/dalia/core/autodiff/distributed.py" source_line=486 source_end_line=486 source_column=16 source_end_column=26}

This isn't necessarily a bug; constant-folding is inherently a trade-off between compilation time and speed at runtime. XLA has some guards that attempt to keep constant folding from taking too long, but fundamentally you'll always be able to come up with an input program that takes a long time.

If you'd like to file a bug, run with envvar XLA_FLAGS=--xla_dump_to=/tmp/foo and attach the results.
E0314 16:24:15.996119   87462 slow_operation_alarm.cc:140] The operation took 17.189155414s
Constant folding an instruction is taking > 4s:

  %scatter-add.53 = f64[645843]{0} scatter(%broadcast.20, %constant.987, %constant.1173), update_window_dims={1}, inserted_window_dims={}, scatter_dims_to_operand_dims={0}, index_vector_dim=1, to_apply=%region_110.119, metadata={op_name="jit(_grad_quad_fn_jit)/scatter-add" source_file="/capstor/scratch/cscs/aboudaou/workspace/dalia/DALIA/src/dalia/core/autodiff/distributed.py" source_line=486 source_end_line=486 source_column=16 source_end_column=26}

This isn't necessarily a bug; constant-folding is inherently a trade-off between compilation time and speed at runtime. XLA has some guards that attempt to keep constant folding from taking too long, but fundamentally you'll always be able to come up with an input program that takes a long time.

If you'd like to file a bug, run with envvar XLA_FLAGS=--xla_dump_to=/tmp/foo and attach the results.
E0314 16:24:16.000758  174937 slow_operation_alarm.cc:140] The operation took 17.233370833s
Constant folding an instruction is taking > 4s:

  %scatter-add.53 = f64[645843]{0} scatter(%broadcast.20, %constant.988, %constant.1174), update_window_dims={1}, inserted_window_dims={}, scatter_dims_to_operand_dims={0}, index_vector_dim=1, to_apply=%region_110.119, metadata={op_name="jit(_grad_quad_fn_jit)/scatter-add" source_file="/capstor/scratch/cscs/aboudaou/workspace/dalia/DALIA/src/dalia/core/autodiff/distributed.py" source_line=486 source_end_line=486 source_column=16 source_end_column=26}

This isn't necessarily a bug; constant-folding is inherently a trade-off between compilation time and speed at runtime. XLA has some guards that attempt to keep constant folding from taking too long, but fundamentally you'll always be able to come up with an input program that takes a long time.

If you'd like to file a bug, run with envvar XLA_FLAGS=--xla_dump_to=/tmp/foo and attach the results.
E0314 16:24:17.837418  193544 slow_operation_alarm.cc:140] The operation took 17.020661932s
Constant folding an instruction is taking > 4s:

  %scatter-add.53 = f64[645843]{0} scatter(%broadcast.22, %constant.1247, %constant.1428), update_window_dims={1}, inserted_window_dims={}, scatter_dims_to_operand_dims={0}, index_vector_dim=1, to_apply=%region_182.191, metadata={op_name="jit(_grad_quad_fn_jit)/scatter-add" source_file="/capstor/scratch/cscs/aboudaou/workspace/dalia/DALIA/src/dalia/core/autodiff/distributed.py" source_line=486 source_end_line=486 source_column=16 source_end_column=26}

This isn't necessarily a bug; constant-folding is inherently a trade-off between compilation time and speed at runtime. XLA has some guards that attempt to keep constant folding from taking too long, but fundamentally you'll always be able to come up with an input program that takes a long time.

If you'd like to file a bug, run with envvar XLA_FLAGS=--xla_dump_to=/tmp/foo and attach the results.
