Parsed parameters:
  max_iter: 250
  solver_min_p: 1
  profile: False
  precision: float64
  benchmark_mode: True
  n_benchmark_runs: 10
  benchmark_method: jax_autodiff
  output_csv: /capstor/scratch/cscs/aboudaou/workspace/dalia/artifact/plotting/data/fig6_raw_results.csv
--- gst_large: Gaussian Spatio-Temporal Model ---
Using JAX automatic differentiation with JIT compilation (Gaussian likelihood)
JIT compiling objective + gradient...
JIT compilation done in 41.8s.

___________________________________ 
___  __ \__    |__  /____  _/__    |
__  / / /_  /| |_  /  __  / __  /| |
_  /_/ /_  ___ |  /____/ /  _  ___ |
/_____/ /_/  |_/_____/___/  /_/  |_|

╔═══════════════════════════════════════════════════════╗
║               Parallelization strategies              ║
║ ╒═══════════════════════════════════════════╤═══════╕ ║
║ │ Participating Processes / Total Processes │ 1 / 1 │ ║
║ ├───────────────────────────────────────────┼───────┤ ║
║ │ Parallelization through F()               │   1   │ ║
║ ├───────────────────────────────────────────┼───────┤ ║
║ │ Parallelization through Q()               │   1   │ ║
║ ├───────────────────────────────────────────┼───────┤ ║
║ │ Parallelization through S()               │   1   │ ║
║ ╘═══════════════════════════════════════════╧═══════╛ ║
╚═══════════════════════════════════════════════════════╝
╔═══════════════════════════════╗
║  Enabled Performance modules  ║
║ ╒═══════════════════╤═══════╕ ║
║ │ Array module      │ cupy  │ ║
║ ├───────────────────┼───────┤ ║
║ │ MPI available     │ True  │ ║
║ ├───────────────────┼───────┤ ║
║ │ Is MPI CUDA aware │ False │ ║
║ ├───────────────────┼───────┤ ║
║ │ Is NCCL available │ False │ ║
║ ╘═══════════════════╧═══════╛ ║
╚═══════════════════════════════╝
╔══════════════════════════════════════╗
║            Memory Report             ║
║ ╒════════════════════════╤═════════╕ ║
║ │ Solver memory          │ 0.00 B  │ ║
║ ├────────────────────────┼─────────┤ ║
║ │ Total memory used      │ 1.36 GB │ ║
║ ├────────────────────────┼─────────┤ ║
║ │ Total memory available │ 1.71 GB │ ║
║ ╘════════════════════════╧═════════╛ ║
╚══════════════════════════════════════╝
DALIA initialized.

======================================================================
GRADIENT BENCHMARK: gst_large
======================================================================
Nodes: 1, Tasks: 1
Hyperparameters: 4
Benchmark runs: 10
Energy monitor: enabled (Cray PM counters)

Timing JAX autodiff gradient...
  Mean: 23.9569s
  Std:  0.0182s
  Node energy/grad: 27498.7 J
  GPU energy/grad:  21410.9 J
  Other energy/grad: 2328.6 J

======================================================================
Benchmark completed
Results written to: /capstor/scratch/cscs/aboudaou/workspace/dalia/artifact/plotting/data/fig6_raw_results.csv
======================================================================
Job finished at Sat 14 Mar 2026 10:33:16 PM CET
