Parsed parameters:
  max_iter: 250
  solver_min_p: 1
  profile: False
  precision: float64
  benchmark_mode: True
  n_benchmark_runs: 10
  benchmark_method: both
  output_csv: None
Array module: cupy, Backend flags: {'array_module': 'cupy', 'cupy_avail': True, 'mpi_avail': True, 'mpi_cuda_aware': False, 'nccl_avail': False}
JAX devices: [CudaDevice(id=0)]
--- fig5: WA2 Spatial Scaling ---
--- WA2: Trivariate Coregional (ns=1119, nt=48, N=161,139) ---

                           Coregional Model (3 variates)                            
╒═══════════════════════════╤═════════════════════════════╤════════════════════════╕
│ Number of Hyperparameters │ Number of Latent Parameters │ Number of Observations │
├───────────────────────────┼─────────────────────────────┼────────────────────────┤
│            15             │           161139            │         322272         │
╘═══════════════════════════╧═════════════════════════════╧════════════════════════╛
╔═════════════════════════════════════════════════════════════════════════════════════════════════════════════════════════════════════════════════════════════════════════════════════════════════════════════════════════════════════════════════════════════════════════════════════════════════════════════════════════════════════════════╗
║                                                                                                                                                                    Models                                                                                                                                                                   ║
║ ╔═══════════════════════════════════════════════════════════════════════════════════════════════════════════╗  ╔═══════════════════════════════════════════════════════════════════════════════════════════════════════════╗  ╔═══════════════════════════════════════════════════════════════════════════════════════════════════════════╗ ║
║ ║                                               Default Model                                               ║  ║                                               Default Model                                               ║  ║                                               Default Model                                               ║ ║
║ ║ ╒═══════════════════════════╤═════════════════════════════╤════════════════════════╤════════════════════╕ ║  ║ ╒═══════════════════════════╤═════════════════════════════╤════════════════════════╤════════════════════╕ ║  ║ ╒═══════════════════════════╤═════════════════════════════╤════════════════════════╤════════════════════╕ ║ ║
║ ║ │ Number of Hyperparameters │ Number of Latent Parameters │ Number of Observations │ Type of Likelihood │ ║  ║ │ Number of Hyperparameters │ Number of Latent Parameters │ Number of Observations │ Type of Likelihood │ ║  ║ │ Number of Hyperparameters │ Number of Latent Parameters │ Number of Observations │ Type of Likelihood │ ║ ║
║ ║ ├───────────────────────────┼─────────────────────────────┼────────────────────────┼────────────────────┤ ║  ║ ├───────────────────────────┼─────────────────────────────┼────────────────────────┼────────────────────┤ ║  ║ ├───────────────────────────┼─────────────────────────────┼────────────────────────┼────────────────────┤ ║ ║
║ ║ │             4             │            53713            │         107424         │      Gaussian      │ ║  ║ │             4             │            53713            │         107424         │      Gaussian      │ ║  ║ │             4             │            53713            │         107424         │      Gaussian      │ ║ ║
║ ║ ╘═══════════════════════════╧═════════════════════════════╧════════════════════════╧════════════════════╛ ║  ║ ╘═══════════════════════════╧═════════════════════════════╧════════════════════════╧════════════════════╛ ║  ║ ╘═══════════════════════════╧═════════════════════════════╧════════════════════════╧════════════════════╛ ║ ║
║ ║                                           Submodels                                                       ║  ║                                           Submodels                                                       ║  ║                                           Submodels                                                       ║ ║
║ ║                 Spatio Temporal                                    Regression                             ║  ║                 Spatio Temporal                                    Regression                             ║  ║                 Spatio Temporal                                    Regression                             ║ ║
║ ║ ╒══════════════════════════════════════╤═══════╕  ╒══════════════════════════════════╤═══════╕            ║  ║ ╒══════════════════════════════════════╤═══════╕  ╒══════════════════════════════════╤═══════╕            ║  ║ ╒══════════════════════════════════════╤═══════╕  ╒══════════════════════════════════╤═══════╕            ║ ║
║ ║ │ Number of Spatial Nodes              │ 1119  │  │ Number of Fixed Effects          │   1   │            ║  ║ │ Number of Spatial Nodes              │ 1119  │  │ Number of Fixed Effects          │   1   │            ║  ║ │ Number of Spatial Nodes              │ 1119  │  │ Number of Fixed Effects          │   1   │            ║ ║
║ ║ ├──────────────────────────────────────┼───────┤  ├──────────────────────────────────┼───────┤            ║  ║ ├──────────────────────────────────────┼───────┤  ├──────────────────────────────────┼───────┤            ║  ║ ├──────────────────────────────────────┼───────┤  ├──────────────────────────────────┼───────┤            ║ ║
║ ║ │ Number of Temporal Nodes             │  48   │  │ Prior Precision of Fixed Effects │ 0.001 │            ║  ║ │ Number of Temporal Nodes             │  48   │  │ Prior Precision of Fixed Effects │ 0.001 │            ║  ║ │ Number of Temporal Nodes             │  48   │  │ Prior Precision of Fixed Effects │ 0.001 │            ║ ║
║ ║ ├──────────────────────────────────────┼───────┤  ╘══════════════════════════════════╧═══════╛            ║  ║ ├──────────────────────────────────────┼───────┤  ╘══════════════════════════════════╧═══════╛            ║  ║ ├──────────────────────────────────────┼───────┤  ╘══════════════════════════════════╧═══════╛            ║ ║
║ ║ │ Manifold                             │ Plane │                                                          ║  ║ │ Manifold                             │ Plane │                                                          ║  ║ │ Manifold                             │ Plane │                                                          ║ ║
║ ║ ├──────────────────────────────────────┼───────┤                                                          ║  ║ ├──────────────────────────────────────┼───────┤                                                          ║  ║ ├──────────────────────────────────────┼───────┤                                                          ║ ║
║ ║ │ Spatial Range (r_s)                  │ 1.005 │                                                          ║  ║ │ Spatial Range (r_s)                  │ 1.069 │                                                          ║  ║ │ Spatial Range (r_s)                  │ 0.935 │                                                          ║ ║
║ ║ ├──────────────────────────────────────┼───────┤                                                          ║  ║ ├──────────────────────────────────────┼───────┤                                                          ║  ║ ├──────────────────────────────────────┼───────┤                                                          ║ ║
║ ║ │ Temporal Range (r_t)                 │ 0.550 │                                                          ║  ║ │ Temporal Range (r_t)                 │ 0.458 │                                                          ║  ║ │ Temporal Range (r_t)                 │ 0.560 │                                                          ║ ║
║ ║ ├──────────────────────────────────────┼───────┤                                                          ║  ║ ├──────────────────────────────────────┼───────┤                                                          ║  ║ ├──────────────────────────────────────┼───────┤                                                          ║ ║
║ ║ │ Spatio-temporal Variation (sigma_st) │ 0.000 │                                                          ║  ║ │ Spatio-temporal Variation (sigma_st) │ 0.000 │                                                          ║  ║ │ Spatio-temporal Variation (sigma_st) │ 0.000 │                                                          ║ ║
║ ║ ╘══════════════════════════════════════╧═══════╛                                                          ║  ║ ╘══════════════════════════════════════╧═══════╛                                                          ║  ║ ╘══════════════════════════════════════╧═══════╛                                                          ║ ║
║ ╚═══════════════════════════════════════════════════════════════════════════════════════════════════════════╝  ╚═══════════════════════════════════════════════════════════════════════════════════════════════════════════╝  ╚═══════════════════════════════════════════════════════════════════════════════════════════════════════════╝ ║
╚═════════════════════════════════════════════════════════════════════════════════════════════════════════════════════════════════════════════════════════════════════════════════════════════════════════════════════════════════════════════════════════════════════════════════════════════════════════════════════════════════════════════╝

___________________________________ 
___  __ \__    |__  /____  _/__    |
__  / / /_  /| |_  /  __  / __  /| |
_  /_/ /_  ___ |  /____/ /  _  ___ |
/_____/ /_/  |_/_____/___/  /_/  |_|

╔═══════════════════════════════════════════════════════╗
║               Parallelization strategies              ║
║ ╒═══════════════════════════════════════════╤═══════╕ ║
║ │ Participating Processes / Total Processes │ 1 / 1 │ ║
║ ├───────────────────────────────────────────┼───────┤ ║
║ │ Parallelization through F()               │   1   │ ║
║ ├───────────────────────────────────────────┼───────┤ ║
║ │ Parallelization through Q()               │   1   │ ║
║ ├───────────────────────────────────────────┼───────┤ ║
║ │ Parallelization through S()               │   1   │ ║
║ ╘═══════════════════════════════════════════╧═══════╛ ║
╚═══════════════════════════════════════════════════════╝
╔═══════════════════════════════╗
║  Enabled Performance modules  ║
║ ╒═══════════════════╤═══════╕ ║
║ │ Array module      │ cupy  │ ║
║ ├───────────────────┼───────┤ ║
║ │ MPI available     │ True  │ ║
║ ├───────────────────┼───────┤ ║
║ │ Is MPI CUDA aware │ False │ ║
║ ├───────────────────┼───────┤ ║
║ │ Is NCCL available │ False │ ║
║ ╘═══════════════════╧═══════╛ ║
╚═══════════════════════════════╝
╔══════════════════════════════════════╗
║            Memory Report             ║
║ ╒════════════════════════╤═════════╕ ║
║ │ Solver memory          │ 7.98 GB │ ║
║ ├────────────────────────┼─────────┤ ║
║ │ Total memory used      │ 9.20 GB │ ║
║ ├────────────────────────┼─────────┤ ║
║ │ Total memory available │ 9.24 GB │ ║
║ ╘════════════════════════╧═════════╛ ║
╚══════════════════════════════════════╝
DALIA initialized.

======================================================================
GRADIENT BENCHMARK: WA2-ns1119
======================================================================
Nodes: 1, Tasks: 1
Hyperparameters: 15
Benchmark runs: 10

Timing finite difference gradient...
Allocated an extra 0.16 GB for BTA_mapping caching (total: 8.14)
Allocated an extra 0.16 GB for BT_mapping caching (total: 8.30)
rank 0 | iter 1 | objfunc_time: 27.753890 | solver_time: 23.663974 | construction_time: 3.377719
rank 0 | iter 2 | objfunc_time: 27.802523 | solver_time: 23.669044 | construction_time: 3.417336
rank 0 | iter 3 | objfunc_time: 27.725600 | solver_time: 23.669768 | construction_time: 3.354420
rank 0 | iter 4 | objfunc_time: 27.592196 | solver_time: 23.601312 | construction_time: 3.299474
rank 0 | iter 5 | objfunc_time: 27.546109 | solver_time: 23.602538 | construction_time: 3.257372
rank 0 | iter 6 | objfunc_time: 27.537467 | solver_time: 23.600515 | construction_time: 3.251106
rank 0 | iter 7 | objfunc_time: 27.545277 | solver_time: 23.604447 | construction_time: 3.251926
rank 0 | iter 8 | objfunc_time: 27.514991 | solver_time: 23.581388 | construction_time: 3.246825
rank 0 | iter 9 | objfunc_time: 27.574621 | solver_time: 23.659749 | construction_time: 3.232074
rank 0 | iter 10 | objfunc_time: 27.550182 | solver_time: 23.668346 | construction_time: 3.202795
rank 0 | iter 11 | objfunc_time: 27.545273 | solver_time: 23.665460 | construction_time: 3.199616
  Mean: 27.5935s
  Std:  0.0892s

======================================================================
Benchmark completed
======================================================================
Using JAX automatic differentiation with JIT compilation (CoregionalModel, 3 variates)
JIT compiling coregional objective + gradient...
JIT compilation done in 60.8s.

___________________________________ 
___  __ \__    |__  /____  _/__    |
__  / / /_  /| |_  /  __  / __  /| |
_  /_/ /_  ___ |  /____/ /  _  ___ |
/_____/ /_/  |_/_____/___/  /_/  |_|

╔═══════════════════════════════════════════════════════╗
║               Parallelization strategies              ║
║ ╒═══════════════════════════════════════════╤═══════╕ ║
║ │ Participating Processes / Total Processes │ 1 / 1 │ ║
║ ├───────────────────────────────────────────┼───────┤ ║
║ │ Parallelization through F()               │   1   │ ║
║ ├───────────────────────────────────────────┼───────┤ ║
║ │ Parallelization through Q()               │   1   │ ║
║ ├───────────────────────────────────────────┼───────┤ ║
║ │ Parallelization through S()               │   1   │ ║
║ ╘═══════════════════════════════════════════╧═══════╛ ║
╚═══════════════════════════════════════════════════════╝
╔═══════════════════════════════╗
║  Enabled Performance modules  ║
║ ╒═══════════════════╤═══════╕ ║
║ │ Array module      │ cupy  │ ║
║ ├───────────────────┼───────┤ ║
║ │ MPI available     │ True  │ ║
║ ├───────────────────┼───────┤ ║
║ │ Is MPI CUDA aware │ False │ ║
║ ├───────────────────┼───────┤ ║
║ │ Is NCCL available │ False │ ║
║ ╘═══════════════════╧═══════╛ ║
╚═══════════════════════════════╝
╔══════════════════════════════════════╗
║            Memory Report             ║
║ ╒════════════════════════╤═════════╕ ║
║ │ Solver memory          │ 0.00 B  │ ║
║ ├────────────────────────┼─────────┤ ║
║ │ Total memory used      │ 1.22 GB │ ║
║ ├────────────────────────┼─────────┤ ║
║ │ Total memory available │ 1.26 GB │ ║
║ ╘════════════════════════╧═════════╛ ║
╚══════════════════════════════════════╝
DALIA initialized.

======================================================================
GRADIENT BENCHMARK: WA2-ns1119
======================================================================
Nodes: 1, Tasks: 1
Hyperparameters: 15
Benchmark runs: 10

Timing JAX autodiff gradient...
  Mean: 3.0972s
  Std:  0.0044s

======================================================================
Benchmark completed
======================================================================
Scaling result written to: /capstor/scratch/cscs/aboudaou/workspace/dalia/artifact/experiments/fig5_scaling_study/wa2_spatial/../results/scaling_results.csv
Job finished at Sun 15 Mar 2026 03:52:25 PM CET
