W0315 15:44:04.725540   56034 cuda_executor.cc:1802] GPU interconnect information not available: INTERNAL: NVML doesn't support extracting fabric info or NVLink is not used by the device.
W0315 15:44:04.760934   55338 cuda_executor.cc:1802] GPU interconnect information not available: INTERNAL: NVML doesn't support extracting fabric info or NVLink is not used by the device.
E0315 15:50:09.368941   56332 slow_operation_alarm.cc:73] Constant folding an instruction is taking > 1s:

  %scatter-add.4200 = f64[161139]{0} scatter(%broadcast.249, %constant.27369, %constant.32438), update_window_dims={1}, inserted_window_dims={}, scatter_dims_to_operand_dims={0}, index_vector_dim=1, to_apply=%region_1025.1060, metadata={op_name="jit(objective_pure_jax)/transpose(jvp())/scatter-add" source_file="/capstor/scratch/cscs/aboudaou/workspace/dalia/DALIA/src/dalia/core/autodiff/objectives_coregional.py" source_line=1046 source_end_line=1046 source_column=46 source_end_column=74}

This isn't necessarily a bug; constant-folding is inherently a trade-off between compilation time and speed at runtime. XLA has some guards that attempt to keep constant folding from taking too long, but fundamentally you'll always be able to come up with an input program that takes a long time.

If you'd like to file a bug, run with envvar XLA_FLAGS=--xla_dump_to=/tmp/foo and attach the results.
E0315 15:50:12.601035   55338 slow_operation_alarm.cc:140] The operation took 4.232200034s
Constant folding an instruction is taking > 1s:

  %scatter-add.4200 = f64[161139]{0} scatter(%broadcast.249, %constant.27369, %constant.32438), update_window_dims={1}, inserted_window_dims={}, scatter_dims_to_operand_dims={0}, index_vector_dim=1, to_apply=%region_1025.1060, metadata={op_name="jit(objective_pure_jax)/transpose(jvp())/scatter-add" source_file="/capstor/scratch/cscs/aboudaou/workspace/dalia/DALIA/src/dalia/core/autodiff/objectives_coregional.py" source_line=1046 source_end_line=1046 source_column=46 source_end_column=74}

This isn't necessarily a bug; constant-folding is inherently a trade-off between compilation time and speed at runtime. XLA has some guards that attempt to keep constant folding from taking too long, but fundamentally you'll always be able to come up with an input program that takes a long time.

If you'd like to file a bug, run with envvar XLA_FLAGS=--xla_dump_to=/tmp/foo and attach the results.
E0315 15:50:14.605395   56332 slow_operation_alarm.cc:73] Constant folding an instruction is taking > 2s:

  %scatter-add.4201 = f64[161139]{0} scatter(%broadcast.249, %constant.27369, %constant.32445), update_window_dims={1}, inserted_window_dims={}, scatter_dims_to_operand_dims={0}, index_vector_dim=1, to_apply=%region_1172.1207, metadata={op_name="jit(objective_pure_jax)/transpose(jvp())/scatter-add" source_file="/capstor/scratch/cscs/aboudaou/workspace/dalia/DALIA/src/dalia/core/autodiff/objectives_coregional.py" source_line=1046 source_end_line=1046 source_column=46 source_end_column=74}

This isn't necessarily a bug; constant-folding is inherently a trade-off between compilation time and speed at runtime. XLA has some guards that attempt to keep constant folding from taking too long, but fundamentally you'll always be able to come up with an input program that takes a long time.

If you'd like to file a bug, run with envvar XLA_FLAGS=--xla_dump_to=/tmp/foo and attach the results.
E0315 15:50:17.143539   55338 slow_operation_alarm.cc:140] The operation took 4.538241121s
Constant folding an instruction is taking > 2s:

  %scatter-add.4201 = f64[161139]{0} scatter(%broadcast.249, %constant.27369, %constant.32445), update_window_dims={1}, inserted_window_dims={}, scatter_dims_to_operand_dims={0}, index_vector_dim=1, to_apply=%region_1172.1207, metadata={op_name="jit(objective_pure_jax)/transpose(jvp())/scatter-add" source_file="/capstor/scratch/cscs/aboudaou/workspace/dalia/DALIA/src/dalia/core/autodiff/objectives_coregional.py" source_line=1046 source_end_line=1046 source_column=46 source_end_column=74}

This isn't necessarily a bug; constant-folding is inherently a trade-off between compilation time and speed at runtime. XLA has some guards that attempt to keep constant folding from taking too long, but fundamentally you'll always be able to come up with an input program that takes a long time.

If you'd like to file a bug, run with envvar XLA_FLAGS=--xla_dump_to=/tmp/foo and attach the results.
E0315 15:50:21.149007   56332 slow_operation_alarm.cc:73] Constant folding an instruction is taking > 4s:

  %scatter-add.4202 = f64[161139]{0} scatter(%broadcast.249, %constant.27369, %constant.32450), update_window_dims={1}, inserted_window_dims={}, scatter_dims_to_operand_dims={0}, index_vector_dim=1, to_apply=%region_1319.1354, metadata={op_name="jit(objective_pure_jax)/transpose(jvp())/scatter-add" source_file="/capstor/scratch/cscs/aboudaou/workspace/dalia/DALIA/src/dalia/core/autodiff/objectives_coregional.py" source_line=1046 source_end_line=1046 source_column=46 source_end_column=74}

This isn't necessarily a bug; constant-folding is inherently a trade-off between compilation time and speed at runtime. XLA has some guards that attempt to keep constant folding from taking too long, but fundamentally you'll always be able to come up with an input program that takes a long time.

If you'd like to file a bug, run with envvar XLA_FLAGS=--xla_dump_to=/tmp/foo and attach the results.
E0315 15:50:21.365814   55338 slow_operation_alarm.cc:140] The operation took 4.216910231s
Constant folding an instruction is taking > 4s:

  %scatter-add.4202 = f64[161139]{0} scatter(%broadcast.249, %constant.27369, %constant.32450), update_window_dims={1}, inserted_window_dims={}, scatter_dims_to_operand_dims={0}, index_vector_dim=1, to_apply=%region_1319.1354, metadata={op_name="jit(objective_pure_jax)/transpose(jvp())/scatter-add" source_file="/capstor/scratch/cscs/aboudaou/workspace/dalia/DALIA/src/dalia/core/autodiff/objectives_coregional.py" source_line=1046 source_end_line=1046 source_column=46 source_end_column=74}

This isn't necessarily a bug; constant-folding is inherently a trade-off between compilation time and speed at runtime. XLA has some guards that attempt to keep constant folding from taking too long, but fundamentally you'll always be able to come up with an input program that takes a long time.

If you'd like to file a bug, run with envvar XLA_FLAGS=--xla_dump_to=/tmp/foo and attach the results.
