Parsed parameters:
  max_iter: 250
  solver_min_p: 1
  profile: False
  precision: float64
  benchmark_mode: True
  n_benchmark_runs: 10
  benchmark_method: both
  output_csv: None
Array module: cupy, Backend flags: {'array_module': 'cupy', 'cupy_avail': True, 'mpi_avail': True, 'mpi_cuda_aware': False, 'nccl_avail': False}
JAX devices: [CudaDevice(id=0), CudaDevice(id=1), CudaDevice(id=2), CudaDevice(id=3)]
--- fig5: WA2 Spatial Scaling ---
--- WA2: Trivariate Coregional (ns=72, nt=48, N=10,371) ---

                           Coregional Model (3 variates)                            
╒═══════════════════════════╤═════════════════════════════╤════════════════════════╕
│ Number of Hyperparameters │ Number of Latent Parameters │ Number of Observations │
├───────────────────────────┼─────────────────────────────┼────────────────────────┤
│            15             │            10371            │         20736          │
╘═══════════════════════════╧═════════════════════════════╧════════════════════════╛
╔═════════════════════════════════════════════════════════════════════════════════════════════════════════════════════════════════════════════════════════════════════════════════════════════════════════════════════════════════════════════════════════════════════════════════════════════════════════════════════════════════════════════╗
║                                                                                                                                                                    Models                                                                                                                                                                   ║
║ ╔═══════════════════════════════════════════════════════════════════════════════════════════════════════════╗  ╔═══════════════════════════════════════════════════════════════════════════════════════════════════════════╗  ╔═══════════════════════════════════════════════════════════════════════════════════════════════════════════╗ ║
║ ║                                               Default Model                                               ║  ║                                               Default Model                                               ║  ║                                               Default Model                                               ║ ║
║ ║ ╒═══════════════════════════╤═════════════════════════════╤════════════════════════╤════════════════════╕ ║  ║ ╒═══════════════════════════╤═════════════════════════════╤════════════════════════╤════════════════════╕ ║  ║ ╒═══════════════════════════╤═════════════════════════════╤════════════════════════╤════════════════════╕ ║ ║
║ ║ │ Number of Hyperparameters │ Number of Latent Parameters │ Number of Observations │ Type of Likelihood │ ║  ║ │ Number of Hyperparameters │ Number of Latent Parameters │ Number of Observations │ Type of Likelihood │ ║  ║ │ Number of Hyperparameters │ Number of Latent Parameters │ Number of Observations │ Type of Likelihood │ ║ ║
║ ║ ├───────────────────────────┼─────────────────────────────┼────────────────────────┼────────────────────┤ ║  ║ ├───────────────────────────┼─────────────────────────────┼────────────────────────┼────────────────────┤ ║  ║ ├───────────────────────────┼─────────────────────────────┼────────────────────────┼────────────────────┤ ║ ║
║ ║ │             4             │            3457             │          6912          │      Gaussian      │ ║  ║ │             4             │            3457             │          6912          │      Gaussian      │ ║  ║ │             4             │            3457             │          6912          │      Gaussian      │ ║ ║
║ ║ ╘═══════════════════════════╧═════════════════════════════╧════════════════════════╧════════════════════╛ ║  ║ ╘═══════════════════════════╧═════════════════════════════╧════════════════════════╧════════════════════╛ ║  ║ ╘═══════════════════════════╧═════════════════════════════╧════════════════════════╧════════════════════╛ ║ ║
║ ║                                           Submodels                                                       ║  ║                                           Submodels                                                       ║  ║                                           Submodels                                                       ║ ║
║ ║                 Spatio Temporal                                    Regression                             ║  ║                 Spatio Temporal                                    Regression                             ║  ║                 Spatio Temporal                                    Regression                             ║ ║
║ ║ ╒══════════════════════════════════════╤═══════╕  ╒══════════════════════════════════╤═══════╕            ║  ║ ╒══════════════════════════════════════╤═══════╕  ╒══════════════════════════════════╤═══════╕            ║  ║ ╒══════════════════════════════════════╤═══════╕  ╒══════════════════════════════════╤═══════╕            ║ ║
║ ║ │ Number of Spatial Nodes              │  72   │  │ Number of Fixed Effects          │   1   │            ║  ║ │ Number of Spatial Nodes              │  72   │  │ Number of Fixed Effects          │   1   │            ║  ║ │ Number of Spatial Nodes              │  72   │  │ Number of Fixed Effects          │   1   │            ║ ║
║ ║ ├──────────────────────────────────────┼───────┤  ├──────────────────────────────────┼───────┤            ║  ║ ├──────────────────────────────────────┼───────┤  ├──────────────────────────────────┼───────┤            ║  ║ ├──────────────────────────────────────┼───────┤  ├──────────────────────────────────┼───────┤            ║ ║
║ ║ │ Number of Temporal Nodes             │  48   │  │ Prior Precision of Fixed Effects │ 0.001 │            ║  ║ │ Number of Temporal Nodes             │  48   │  │ Prior Precision of Fixed Effects │ 0.001 │            ║  ║ │ Number of Temporal Nodes             │  48   │  │ Prior Precision of Fixed Effects │ 0.001 │            ║ ║
║ ║ ├──────────────────────────────────────┼───────┤  ╘══════════════════════════════════╧═══════╛            ║  ║ ├──────────────────────────────────────┼───────┤  ╘══════════════════════════════════╧═══════╛            ║  ║ ├──────────────────────────────────────┼───────┤  ╘══════════════════════════════════╧═══════╛            ║ ║
║ ║ │ Manifold                             │ Plane │                                                          ║  ║ │ Manifold                             │ Plane │                                                          ║  ║ │ Manifold                             │ Plane │                                                          ║ ║
║ ║ ├──────────────────────────────────────┼───────┤                                                          ║  ║ ├──────────────────────────────────────┼───────┤                                                          ║  ║ ├──────────────────────────────────────┼───────┤                                                          ║ ║
║ ║ │ Spatial Range (r_s)                  │ 1.005 │                                                          ║  ║ │ Spatial Range (r_s)                  │ 1.069 │                                                          ║  ║ │ Spatial Range (r_s)                  │ 0.935 │                                                          ║ ║
║ ║ ├──────────────────────────────────────┼───────┤                                                          ║  ║ ├──────────────────────────────────────┼───────┤                                                          ║  ║ ├──────────────────────────────────────┼───────┤                                                          ║ ║
║ ║ │ Temporal Range (r_t)                 │ 0.550 │                                                          ║  ║ │ Temporal Range (r_t)                 │ 0.458 │                                                          ║  ║ │ Temporal Range (r_t)                 │ 0.560 │                                                          ║ ║
║ ║ ├──────────────────────────────────────┼───────┤                                                          ║  ║ ├──────────────────────────────────────┼───────┤                                                          ║  ║ ├──────────────────────────────────────┼───────┤                                                          ║ ║
║ ║ │ Spatio-temporal Variation (sigma_st) │ 0.000 │                                                          ║  ║ │ Spatio-temporal Variation (sigma_st) │ 0.000 │                                                          ║  ║ │ Spatio-temporal Variation (sigma_st) │ 0.000 │                                                          ║ ║
║ ║ ╘══════════════════════════════════════╧═══════╛                                                          ║  ║ ╘══════════════════════════════════════╧═══════╛                                                          ║  ║ ╘══════════════════════════════════════╧═══════╛                                                          ║ ║
║ ╚═══════════════════════════════════════════════════════════════════════════════════════════════════════════╝  ╚═══════════════════════════════════════════════════════════════════════════════════════════════════════════╝  ╚═══════════════════════════════════════════════════════════════════════════════════════════════════════════╝ ║
╚═════════════════════════════════════════════════════════════════════════════════════════════════════════════════════════════════════════════════════════════════════════════════════════════════════════════════════════════════════════════════════════════════════════════════════════════════════════════════════════════════════════════╝

___________________________________ 
___  __ \__    |__  /____  _/__    |
__  / / /_  /| |_  /  __  / __  /| |
_  /_/ /_  ___ |  /____/ /  _  ___ |
/_____/ /_/  |_/_____/___/  /_/  |_|

╔═══════════════════════════════════════════════════════╗
║               Parallelization strategies              ║
║ ╒═══════════════════════════════════════════╤═══════╕ ║
║ │ Participating Processes / Total Processes │ 1 / 1 │ ║
║ ├───────────────────────────────────────────┼───────┤ ║
║ │ Parallelization through F()               │   1   │ ║
║ ├───────────────────────────────────────────┼───────┤ ║
║ │ Parallelization through Q()               │   1   │ ║
║ ├───────────────────────────────────────────┼───────┤ ║
║ │ Parallelization through S()               │   1   │ ║
║ ╘═══════════════════════════════════════════╧═══════╛ ║
╚═══════════════════════════════════════════════════════╝
╔═══════════════════════════════╗
║  Enabled Performance modules  ║
║ ╒═══════════════════╤═══════╕ ║
║ │ Array module      │ cupy  │ ║
║ ├───────────────────┼───────┤ ║
║ │ MPI available     │ True  │ ║
║ ├───────────────────┼───────┤ ║
║ │ Is MPI CUDA aware │ False │ ║
║ ├───────────────────┼───────┤ ║
║ │ Is NCCL available │ False │ ║
║ ╘═══════════════════╧═══════╛ ║
╚═══════════════════════════════╝
╔════════════════════════════════════════╗
║             Memory Report              ║
║ ╒════════════════════════╤═══════════╕ ║
║ │ Solver memory          │ 34.05 MB  │ ║
║ ├────────────────────────┼───────────┤ ║
║ │ Total memory used      │ 105.03 MB │ ║
║ ├────────────────────────┼───────────┤ ║
║ │ Total memory available │ 107.29 MB │ ║
║ ╘════════════════════════╧═══════════╛ ║
╚════════════════════════════════════════╝
DALIA initialized.

======================================================================
GRADIENT BENCHMARK: WA2-ns72
======================================================================
Nodes: 1, Tasks: 1
Hyperparameters: 15
Benchmark runs: 10

Timing finite difference gradient...
Allocated an extra 0.01 GB for BTA_mapping caching (total: 0.04)
Allocated an extra 0.01 GB for BT_mapping caching (total: 0.05)
rank 0 | iter 1 | objfunc_time: 15.748448 | solver_time: 1.545762 | construction_time: 10.347970 | energy: node=13474J gpu=8029J cpu=2938J (856W)
rank 0 | iter 2 | objfunc_time: 15.764697 | solver_time: 1.539194 | construction_time: 10.406373 | energy: node=13390J gpu=7973J cpu=2934J (849W)
rank 0 | iter 3 | objfunc_time: 15.753863 | solver_time: 1.529850 | construction_time: 10.355971 | energy: node=13163J gpu=7835J cpu=2878J (836W)
rank 0 | iter 4 | objfunc_time: 15.688524 | solver_time: 1.510998 | construction_time: 10.361665 | energy: node=13374J gpu=7964J cpu=2949J (852W)
rank 0 | iter 5 | objfunc_time: 15.642925 | solver_time: 1.497157 | construction_time: 10.258363 | energy: node=13253J gpu=7879J cpu=2901J (847W)
rank 0 | iter 6 | objfunc_time: 15.694452 | solver_time: 1.496274 | construction_time: 10.388438 | energy: node=13281J gpu=7911J cpu=2911J (846W)
rank 0 | iter 7 | objfunc_time: 15.627323 | solver_time: 1.491643 | construction_time: 10.298033 | energy: node=13272J gpu=7899J cpu=2917J (849W)
rank 0 | iter 8 | objfunc_time: 15.734474 | solver_time: 1.489199 | construction_time: 10.376141 | energy: node=13253J gpu=7861J cpu=2908J (842W)
rank 0 | iter 9 | objfunc_time: 15.825483 | solver_time: 1.565926 | construction_time: 10.391513 | energy: node=13634J gpu=8095J cpu=2995J (862W)
rank 0 | iter 10 | objfunc_time: 15.705458 | solver_time: 1.511190 | construction_time: 10.312746 | energy: node=13420J gpu=7978J cpu=2940J (854W)
rank 0 | iter 11 | objfunc_time: 15.735702 | solver_time: 1.501421 | construction_time: 10.421215 | energy: node=13198J gpu=7859J cpu=2885J (839W)
  Mean: 15.7732s
  Std:  0.1299s

======================================================================
Benchmark completed
======================================================================
Using JAX automatic differentiation with JIT compilation (CoregionalModel, 3 variates)
JIT compiling coregional objective + gradient...
JIT compilation done in 35.5s.

___________________________________ 
___  __ \__    |__  /____  _/__    |
__  / / /_  /| |_  /  __  / __  /| |
_  /_/ /_  ___ |  /____/ /  _  ___ |
/_____/ /_/  |_/_____/___/  /_/  |_|

╔═══════════════════════════════════════════════════════╗
║               Parallelization strategies              ║
║ ╒═══════════════════════════════════════════╤═══════╕ ║
║ │ Participating Processes / Total Processes │ 1 / 1 │ ║
║ ├───────────────────────────────────────────┼───────┤ ║
║ │ Parallelization through F()               │   1   │ ║
║ ├───────────────────────────────────────────┼───────┤ ║
║ │ Parallelization through Q()               │   1   │ ║
║ ├───────────────────────────────────────────┼───────┤ ║
║ │ Parallelization through S()               │   1   │ ║
║ ╘═══════════════════════════════════════════╧═══════╛ ║
╚═══════════════════════════════════════════════════════╝
╔═══════════════════════════════╗
║  Enabled Performance modules  ║
║ ╒═══════════════════╤═══════╕ ║
║ │ Array module      │ cupy  │ ║
║ ├───────────────────┼───────┤ ║
║ │ MPI available     │ True  │ ║
║ ├───────────────────┼───────┤ ║
║ │ Is MPI CUDA aware │ False │ ║
║ ├───────────────────┼───────┤ ║
║ │ Is NCCL available │ False │ ║
║ ╘═══════════════════╧═══════╛ ║
╚═══════════════════════════════╝
╔═══════════════════════════════════════╗
║             Memory Report             ║
║ ╒════════════════════════╤══════════╕ ║
║ │ Solver memory          │  0.00 B  │ ║
║ ├────────────────────────┼──────────┤ ║
║ │ Total memory used      │ 70.97 MB │ ║
║ ├────────────────────────┼──────────┤ ║
║ │ Total memory available │ 71.80 MB │ ║
║ ╘════════════════════════╧══════════╛ ║
╚═══════════════════════════════════════╝
DALIA initialized.

======================================================================
GRADIENT BENCHMARK: WA2-ns72
======================================================================
Nodes: 1, Tasks: 1
Hyperparameters: 15
Benchmark runs: 10

Timing JAX autodiff gradient...
  Mean: 0.2193s
  Std:  0.0007s

======================================================================
Benchmark completed
======================================================================
Scaling result written to: /capstor/scratch/cscs/aboudaou/workspace/dalia/artifact/experiments/fig5_scaling_study/wa2_spatial/../results/scaling_results.csv
Job finished at Sat 14 Mar 2026 06:55:26 PM CET
