Parsed parameters:
  max_iter: 250
  solver_min_p: 1
  profile: False
  precision: float64
  benchmark_mode: True
  n_benchmark_runs: 10
  benchmark_method: finite_diff
  output_csv: /capstor/scratch/cscs/aboudaou/workspace/dalia/artifact/plotting/data/fig6_raw_results.csv
Rank: 11 won't party tonight at 'feval' level because you need a multiple of 9 processes in the calling comm_group
Parsed parameters:
  max_iter: 250
  solver_min_p: 1
  profile: False
  precision: float64
  benchmark_mode: True
  n_benchmark_runs: 10
  benchmark_method: finite_diff
  output_csv: /capstor/scratch/cscs/aboudaou/workspace/dalia/artifact/plotting/data/fig6_raw_results.csv
Rank: 10 won't party tonight at 'feval' level because you need a multiple of 9 processes in the calling comm_group
Parsed parameters:
  max_iter: 250
  solver_min_p: 1
  profile: False
  precision: float64
  benchmark_mode: True
  n_benchmark_runs: 10
  benchmark_method: finite_diff
  output_csv: /capstor/scratch/cscs/aboudaou/workspace/dalia/artifact/plotting/data/fig6_raw_results.csv
Rank: 15 won't party tonight at 'feval' level because you need a multiple of 9 processes in the calling comm_group
Parsed parameters:
  max_iter: 250
  solver_min_p: 1
  profile: False
  precision: float64
  benchmark_mode: True
  n_benchmark_runs: 10
  benchmark_method: finite_diff
  output_csv: /capstor/scratch/cscs/aboudaou/workspace/dalia/artifact/plotting/data/fig6_raw_results.csv
Rank: 13 won't party tonight at 'feval' level because you need a multiple of 9 processes in the calling comm_group
Parsed parameters:
  max_iter: 250
  solver_min_p: 1
  profile: False
  precision: float64
  benchmark_mode: True
  n_benchmark_runs: 10
  benchmark_method: finite_diff
  output_csv: /capstor/scratch/cscs/aboudaou/workspace/dalia/artifact/plotting/data/fig6_raw_results.csv
Rank: 12 won't party tonight at 'feval' level because you need a multiple of 9 processes in the calling comm_group
Parsed parameters:
  max_iter: 250
  solver_min_p: 1
  profile: False
  precision: float64
  benchmark_mode: True
  n_benchmark_runs: 10
  benchmark_method: finite_diff
  output_csv: /capstor/scratch/cscs/aboudaou/workspace/dalia/artifact/plotting/data/fig6_raw_results.csv
Rank: 9 won't party tonight at 'feval' level because you need a multiple of 9 processes in the calling comm_group
Parsed parameters:
  max_iter: 250
  solver_min_p: 1
  profile: False
  precision: float64
  benchmark_mode: True
  n_benchmark_runs: 10
  benchmark_method: finite_diff
  output_csv: /capstor/scratch/cscs/aboudaou/workspace/dalia/artifact/plotting/data/fig6_raw_results.csv
Rank: 14 won't party tonight at 'feval' level because you need a multiple of 9 processes in the calling comm_group
Parsed parameters:
  max_iter: 250
  solver_min_p: 1
  profile: False
  precision: float64
  benchmark_mode: True
  n_benchmark_runs: 10
  benchmark_method: finite_diff
  output_csv: /capstor/scratch/cscs/aboudaou/workspace/dalia/artifact/plotting/data/fig6_raw_results.csv
--- gst_large: Gaussian Spatio-Temporal Model ---

___________________________________ 
___  __ \__    |__  /____  _/__    |
__  / / /_  /| |_  /  __  / __  /| |
_  /_/ /_  ___ |  /____/ /  _  ___ |
/_____/ /_/  |_/_____/___/  /_/  |_|

╔════════════════════════════════════════════════════════╗
║               Parallelization strategies               ║
║ ╒═══════════════════════════════════════════╤════════╕ ║
║ │ Participating Processes / Total Processes │ 9 / 16 │ ║
║ ├───────────────────────────────────────────┼────────┤ ║
║ │ Parallelization through F()               │   9    │ ║
║ ├───────────────────────────────────────────┼────────┤ ║
║ │ Parallelization through Q()               │   1    │ ║
║ ├───────────────────────────────────────────┼────────┤ ║
║ │ Parallelization through S()               │   1    │ ║
║ ╘═══════════════════════════════════════════╧════════╛ ║
╚════════════════════════════════════════════════════════╝
╔═══════════════════════════════╗
║  Enabled Performance modules  ║
║ ╒═══════════════════╤═══════╕ ║
║ │ Array module      │ cupy  │ ║
║ ├───────────────────┼───────┤ ║
║ │ MPI available     │ True  │ ║
║ ├───────────────────┼───────┤ ║
║ │ Is MPI CUDA aware │ False │ ║
║ ├───────────────────┼───────┤ ║
║ │ Is NCCL available │ False │ ║
║ ╘═══════════════════╧═══════╛ ║
╚═══════════════════════════════╝
╔═══════════════════════════════════════╗
║             Memory Report             ║
║ ╒════════════════════════╤══════════╕ ║
║ │ Solver memory          │ 59.59 GB │ ║
║ ├────────────────────────┼──────────┤ ║
║ │ Total memory used      │ 60.94 GB │ ║
║ ├────────────────────────┼──────────┤ ║
║ │ Total memory available │ 61.14 GB │ ║
║ ╘════════════════════════╧══════════╛ ║
╚═══════════════════════════════════════╝
DALIA initialized.
Parsed parameters:
  max_iter: 250
  solver_min_p: 1
  profile: False
  precision: float64
  benchmark_mode: True
  n_benchmark_runs: 10
  benchmark_method: finite_diff
  output_csv: /capstor/scratch/cscs/aboudaou/workspace/dalia/artifact/plotting/data/fig6_raw_results.csv
rank 6 | iter 1 | objfunc_time: 6.313143 | solver_time: 5.702504 | construction_time: 0.443518
Parsed parameters:
  max_iter: 250
  solver_min_p: 1
  profile: False
  precision: float64
  benchmark_mode: True
  n_benchmark_runs: 10
  benchmark_method: finite_diff
  output_csv: /capstor/scratch/cscs/aboudaou/workspace/dalia/artifact/plotting/data/fig6_raw_results.csv
rank 4 | iter 1 | objfunc_time: 6.313143 | solver_time: 5.707115 | construction_time: 0.434877

======================================================================
GRADIENT BENCHMARK: gst_large
======================================================================
Nodes: 16, Tasks: 16
Hyperparameters: 4
Benchmark runs: 10
Energy monitor: enabled (Cray PM counters)

Timing finite difference gradient...
Allocated an extra 0.37 GB for BTA_mapping caching (total: 59.96)
Allocated an extra 0.33 GB for BT_mapping caching (total: 60.29)
rank 0 | iter 1 | objfunc_time: 6.313144 | solver_time: 5.756640 | construction_time: 0.435006
Parsed parameters:
  max_iter: 250
  solver_min_p: 1
  profile: False
  precision: float64
  benchmark_mode: True
  n_benchmark_runs: 10
  benchmark_method: finite_diff
  output_csv: /capstor/scratch/cscs/aboudaou/workspace/dalia/artifact/plotting/data/fig6_raw_results.csv
rank 8 | iter 1 | objfunc_time: 6.313140 | solver_time: 5.700109 | construction_time: 0.435587
Parsed parameters:
  max_iter: 250
  solver_min_p: 1
  profile: False
  precision: float64
  benchmark_mode: True
  n_benchmark_runs: 10
  benchmark_method: finite_diff
  output_csv: /capstor/scratch/cscs/aboudaou/workspace/dalia/artifact/plotting/data/fig6_raw_results.csv
rank 7 | iter 1 | objfunc_time: 6.313142 | solver_time: 5.693840 | construction_time: 0.449777
Parsed parameters:
  max_iter: 250
  solver_min_p: 1
  profile: False
  precision: float64
  benchmark_mode: True
  n_benchmark_runs: 10
  benchmark_method: finite_diff
  output_csv: /capstor/scratch/cscs/aboudaou/workspace/dalia/artifact/plotting/data/fig6_raw_results.csv
rank 5 | iter 1 | objfunc_time: 6.313145 | solver_time: 5.701725 | construction_time: 0.446096
Parsed parameters:
  max_iter: 250
  solver_min_p: 1
  profile: False
  precision: float64
  benchmark_mode: True
  n_benchmark_runs: 10
  benchmark_method: finite_diff
  output_csv: /capstor/scratch/cscs/aboudaou/workspace/dalia/artifact/plotting/data/fig6_raw_results.csv
rank 2 | iter 1 | objfunc_time: 6.313142 | solver_time: 5.670791 | construction_time: 0.440649
Parsed parameters:
  max_iter: 250
  solver_min_p: 1
  profile: False
  precision: float64
  benchmark_mode: True
  n_benchmark_runs: 10
  benchmark_method: finite_diff
  output_csv: /capstor/scratch/cscs/aboudaou/workspace/dalia/artifact/plotting/data/fig6_raw_results.csv
rank 3 | iter 1 | objfunc_time: 6.313145 | solver_time: 5.699722 | construction_time: 0.442325
Parsed parameters:
  max_iter: 250
  solver_min_p: 1
  profile: False
  precision: float64
  benchmark_mode: True
  n_benchmark_runs: 10
  benchmark_method: finite_diff
  output_csv: /capstor/scratch/cscs/aboudaou/workspace/dalia/artifact/plotting/data/fig6_raw_results.csv
rank 1 | iter 1 | objfunc_time: 6.313148 | solver_time: 5.686621 | construction_time: 0.442957
rank 0 | iter 2 | objfunc_time: 6.312269 | solver_time: 5.755601 | construction_time: 0.435248
rank 2 | iter 2 | objfunc_time: 6.312262 | solver_time: 5.674639 | construction_time: 0.440634
rank 3 | iter 2 | objfunc_time: 6.312260 | solver_time: 5.700026 | construction_time: 0.442071
rank 8 | iter 2 | objfunc_time: 6.312268 | solver_time: 5.692664 | construction_time: 0.435223
rank 7 | iter 2 | objfunc_time: 6.312262 | solver_time: 5.692271 | construction_time: 0.447826
rank 5 | iter 2 | objfunc_time: 6.312263 | solver_time: 5.697510 | construction_time: 0.445026
rank 6 | iter 2 | objfunc_time: 6.312257 | solver_time: 5.702365 | construction_time: 0.442995
rank 4 | iter 2 | objfunc_time: 6.312266 | solver_time: 5.705603 | construction_time: 0.434183
rank 1 | iter 2 | objfunc_time: 6.312266 | solver_time: 5.678346 | construction_time: 0.443051
rank 0 | iter 3 | objfunc_time: 6.310884 | solver_time: 5.754856 | construction_time: 0.434970
rank 4 | iter 3 | objfunc_time: 6.310881 | solver_time: 5.709418 | construction_time: 0.434318
rank 8 | iter 3 | objfunc_time: 6.310884 | solver_time: 5.713092 | construction_time: 0.434346
rank 7 | iter 3 | objfunc_time: 6.310883 | solver_time: 5.697367 | construction_time: 0.444286
rank 5 | iter 3 | objfunc_time: 6.310881 | solver_time: 5.702009 | construction_time: 0.444826
rank 2 | iter 3 | objfunc_time: 6.310881 | solver_time: 5.674145 | construction_time: 0.439481
rank 6 | iter 3 | objfunc_time: 6.310880 | solver_time: 5.695218 | construction_time: 0.441844
rank 3 | iter 3 | objfunc_time: 6.310878 | solver_time: 5.701023 | construction_time: 0.442485
rank 1 | iter 3 | objfunc_time: 6.310885 | solver_time: 5.676812 | construction_time: 0.442291
rank 0 | iter 4 | objfunc_time: 6.317572 | solver_time: 5.761722 | construction_time: 0.435021
rank 8 | iter 4 | objfunc_time: 6.317571 | solver_time: 5.710519 | construction_time: 0.434694
rank 7 | iter 4 | objfunc_time: 6.317567 | solver_time: 5.698430 | construction_time: 0.443543
rank 5 | iter 4 | objfunc_time: 6.317569 | solver_time: 5.698837 | construction_time: 0.444987
rank 2 | iter 4 | objfunc_time: 6.317567 | solver_time: 5.676571 | construction_time: 0.440572
rank 6 | iter 4 | objfunc_time: 6.317570 | solver_time: 5.701004 | construction_time: 0.441708
rank 3 | iter 4 | objfunc_time: 6.317568 | solver_time: 5.698084 | construction_time: 0.442022
rank 4 | iter 4 | objfunc_time: 6.317570 | solver_time: 5.709134 | construction_time: 0.434992
rank 1 | iter 4 | objfunc_time: 6.317572 | solver_time: 5.685491 | construction_time: 0.442214
rank 0 | iter 5 | objfunc_time: 6.311523 | solver_time: 5.755879 | construction_time: 0.435190
rank 2 | iter 5 | objfunc_time: 6.311522 | solver_time: 5.675488 | construction_time: 0.440571
rank 8 | iter 5 | objfunc_time: 6.311524 | solver_time: 5.709934 | construction_time: 0.434724
rank 7 | iter 5 | objfunc_time: 6.311518 | solver_time: 5.701768 | construction_time: 0.443733
rank 5 | iter 5 | objfunc_time: 6.311519 | solver_time: 5.703509 | construction_time: 0.444703
rank 6 | iter 5 | objfunc_time: 6.311521 | solver_time: 5.702176 | construction_time: 0.442241
rank 3 | iter 5 | objfunc_time: 6.311521 | solver_time: 5.700298 | construction_time: 0.442105
rank 4 | iter 5 | objfunc_time: 6.311520 | solver_time: 5.707227 | construction_time: 0.435066
rank 1 | iter 5 | objfunc_time: 6.311523 | solver_time: 5.677863 | construction_time: 0.442507
rank 0 | iter 6 | objfunc_time: 6.312739 | solver_time: 5.756916 | construction_time: 0.434985
rank 2 | iter 6 | objfunc_time: 6.312743 | solver_time: 5.676969 | construction_time: 0.440370
rank 6 | iter 6 | objfunc_time: 6.312741 | solver_time: 5.713154 | construction_time: 0.443039
rank 3 | iter 6 | objfunc_time: 6.312742 | solver_time: 5.700007 | construction_time: 0.441812
rank 8 | iter 6 | objfunc_time: 6.312742 | solver_time: 5.708547 | construction_time: 0.434590
rank 7 | iter 6 | objfunc_time: 6.312743 | solver_time: 5.697950 | construction_time: 0.443038
rank 4 | iter 6 | objfunc_time: 6.312742 | solver_time: 5.706397 | construction_time: 0.434464
rank 1 | iter 6 | objfunc_time: 6.312743 | solver_time: 5.676310 | construction_time: 0.442379
rank 5 | iter 6 | objfunc_time: 6.312744 | solver_time: 5.696678 | construction_time: 0.445052
rank 8 | iter 7 | objfunc_time: 6.313290 | solver_time: 5.707074 | construction_time: 0.434539
rank 7 | iter 7 | objfunc_time: 6.313287 | solver_time: 5.703228 | construction_time: 0.443302
rank 3 | iter 7 | objfunc_time: 6.313288 | solver_time: 5.703595 | construction_time: 0.442344
rank 4 | iter 7 | objfunc_time: 6.313291 | solver_time: 5.708140 | construction_time: 0.434740
rank 0 | iter 7 | objfunc_time: 6.313291 | solver_time: 5.758163 | construction_time: 0.434735
rank 1 | iter 7 | objfunc_time: 6.313293 | solver_time: 5.683934 | construction_time: 0.441882
rank 5 | iter 7 | objfunc_time: 6.313293 | solver_time: 5.701086 | construction_time: 0.444462
rank 2 | iter 7 | objfunc_time: 6.313288 | solver_time: 5.673862 | construction_time: 0.440219
rank 6 | iter 7 | objfunc_time: 6.313291 | solver_time: 5.706980 | construction_time: 0.442350
rank 0 | iter 8 | objfunc_time: 6.313378 | solver_time: 5.756590 | construction_time: 0.435488
rank 8 | iter 8 | objfunc_time: 6.313376 | solver_time: 5.711213 | construction_time: 0.433920
rank 7 | iter 8 | objfunc_time: 6.313374 | solver_time: 5.694390 | construction_time: 0.442601
rank 5 | iter 8 | objfunc_time: 6.313381 | solver_time: 5.699223 | construction_time: 0.443558
rank 2 | iter 8 | objfunc_time: 6.313373 | solver_time: 5.675230 | construction_time: 0.440213
rank 6 | iter 8 | objfunc_time: 6.313377 | solver_time: 5.703221 | construction_time: 0.442609
rank 3 | iter 8 | objfunc_time: 6.313377 | solver_time: 5.701490 | construction_time: 0.441718
rank 4 | iter 8 | objfunc_time: 6.313381 | solver_time: 5.708074 | construction_time: 0.434247
rank 1 | iter 8 | objfunc_time: 6.313378 | solver_time: 5.680330 | construction_time: 0.442040
rank 0 | iter 9 | objfunc_time: 6.312063 | solver_time: 5.757141 | construction_time: 0.435070
rank 4 | iter 9 | objfunc_time: 6.312064 | solver_time: 5.708413 | construction_time: 0.434623
rank 1 | iter 9 | objfunc_time: 6.312063 | solver_time: 5.686950 | construction_time: 0.441673
rank 8 | iter 9 | objfunc_time: 6.312063 | solver_time: 5.697751 | construction_time: 0.435197
rank 7 | iter 9 | objfunc_time: 6.312063 | solver_time: 5.699600 | construction_time: 0.443113
rank 5 | iter 9 | objfunc_time: 6.312063 | solver_time: 5.697881 | construction_time: 0.443265
rank 2 | iter 9 | objfunc_time: 6.312064 | solver_time: 5.676192 | construction_time: 0.439884
rank 6 | iter 9 | objfunc_time: 6.312061 | solver_time: 5.698401 | construction_time: 0.442032
rank 3 | iter 9 | objfunc_time: 6.312065 | solver_time: 5.706860 | construction_time: 0.442030
rank 2 | iter 10 | objfunc_time: 6.311188 | solver_time: 5.675587 | construction_time: 0.440138
rank 0 | iter 10 | objfunc_time: 6.311191 | solver_time: 5.755646 | construction_time: 0.434757
rank 7 | iter 10 | objfunc_time: 6.311189 | solver_time: 5.695851 | construction_time: 0.443017
rank 5 | iter 10 | objfunc_time: 6.311188 | solver_time: 5.696913 | construction_time: 0.443446
rank 6 | iter 10 | objfunc_time: 6.311185 | solver_time: 5.697780 | construction_time: 0.441888
rank 3 | iter 10 | objfunc_time: 6.311187 | solver_time: 5.703920 | construction_time: 0.441922
rank 4 | iter 10 | objfunc_time: 6.311190 | solver_time: 5.709608 | construction_time: 0.434904
rank 1 | iter 10 | objfunc_time: 6.311186 | solver_time: 5.684947 | construction_time: 0.441691
rank 8 | iter 10 | objfunc_time: 6.311187 | solver_time: 5.699733 | construction_time: 0.434155
rank 0 | iter 11 | objfunc_time: 6.316481 | solver_time: 5.759172 | construction_time: 0.435672
rank 1 | iter 11 | objfunc_time: 6.316480 | solver_time: 5.682954 | construction_time: 0.441999
rank 2 | iter 11 | objfunc_time: 6.316476 | solver_time: 5.674062 | construction_time: 0.440089
rank 6 | iter 11 | objfunc_time: 6.316479 | solver_time: 5.697609 | construction_time: 0.442591
rank 3 | iter 11 | objfunc_time: 6.316479 | solver_time: 5.704220 | construction_time: 0.441648
rank 4 | iter 11 | objfunc_time: 6.316476 | solver_time: 5.709322 | construction_time: 0.434954
rank 8 | iter 11 | objfunc_time: 6.316483 | solver_time: 5.698800 | construction_time: 0.438535
rank 7 | iter 11 | objfunc_time: 6.316482 | solver_time: 5.704557 | construction_time: 0.442763
rank 5 | iter 11 | objfunc_time: 6.316480 | solver_time: 5.698518 | construction_time: 0.442903
  Mean: 6.3132s
  Std:  0.0021s
  Node energy/grad: 7576.5 J
  GPU energy/grad:  5537.5 J
  Other energy/grad: 1049.7 J

======================================================================
Benchmark completed
Results written to: /capstor/scratch/cscs/aboudaou/workspace/dalia/artifact/plotting/data/fig6_raw_results.csv
======================================================================
Job finished at Sat 14 Mar 2026 10:30:27 PM CET
