W0314 22:28:42.627911  245777 cuda_executor.cc:1802] GPU interconnect information not available: INTERNAL: NVML doesn't support extracting fabric info or NVLink is not used by the device.
W0314 22:28:42.634520  245775 cuda_executor.cc:1802] GPU interconnect information not available: INTERNAL: NVML doesn't support extracting fabric info or NVLink is not used by the device.
W0314 22:28:42.638791  245776 cuda_executor.cc:1802] GPU interconnect information not available: INTERNAL: NVML doesn't support extracting fabric info or NVLink is not used by the device.
W0314 22:28:42.646711  245778 cuda_executor.cc:1802] GPU interconnect information not available: INTERNAL: NVML doesn't support extracting fabric info or NVLink is not used by the device.
W0314 22:28:43.006127  245017 cuda_executor.cc:1802] GPU interconnect information not available: INTERNAL: NVML doesn't support extracting fabric info or NVLink is not used by the device.
W0314 22:28:43.022028   34276 cuda_executor.cc:1802] GPU interconnect information not available: INTERNAL: NVML doesn't support extracting fabric info or NVLink is not used by the device.
W0314 22:28:43.037151  245017 cuda_executor.cc:1802] GPU interconnect information not available: INTERNAL: NVML doesn't support extracting fabric info or NVLink is not used by the device.
W0314 22:28:43.037490   34275 cuda_executor.cc:1802] GPU interconnect information not available: INTERNAL: NVML doesn't support extracting fabric info or NVLink is not used by the device.
W0314 22:28:43.039316   34278 cuda_executor.cc:1802] GPU interconnect information not available: INTERNAL: NVML doesn't support extracting fabric info or NVLink is not used by the device.
W0314 22:28:43.044358   34277 cuda_executor.cc:1802] GPU interconnect information not available: INTERNAL: NVML doesn't support extracting fabric info or NVLink is not used by the device.
W0314 22:28:43.071636  245017 cuda_executor.cc:1802] GPU interconnect information not available: INTERNAL: NVML doesn't support extracting fabric info or NVLink is not used by the device.
W0314 22:28:43.103480  245017 cuda_executor.cc:1802] GPU interconnect information not available: INTERNAL: NVML doesn't support extracting fabric info or NVLink is not used by the device.
W0314 22:28:43.313266  217200 cuda_executor.cc:1802] GPU interconnect information not available: INTERNAL: NVML doesn't support extracting fabric info or NVLink is not used by the device.
W0314 22:28:43.331667  217198 cuda_executor.cc:1802] GPU interconnect information not available: INTERNAL: NVML doesn't support extracting fabric info or NVLink is not used by the device.
W0314 22:28:43.350088  217199 cuda_executor.cc:1802] GPU interconnect information not available: INTERNAL: NVML doesn't support extracting fabric info or NVLink is not used by the device.
W0314 22:28:43.351078  217201 cuda_executor.cc:1802] GPU interconnect information not available: INTERNAL: NVML doesn't support extracting fabric info or NVLink is not used by the device.
W0314 22:28:43.391783  132559 cuda_executor.cc:1802] GPU interconnect information not available: INTERNAL: NVML doesn't support extracting fabric info or NVLink is not used by the device.
W0314 22:28:43.395326  132557 cuda_executor.cc:1802] GPU interconnect information not available: INTERNAL: NVML doesn't support extracting fabric info or NVLink is not used by the device.
W0314 22:28:43.412507  132558 cuda_executor.cc:1802] GPU interconnect information not available: INTERNAL: NVML doesn't support extracting fabric info or NVLink is not used by the device.
W0314 22:28:43.413478  132560 cuda_executor.cc:1802] GPU interconnect information not available: INTERNAL: NVML doesn't support extracting fabric info or NVLink is not used by the device.
W0314 22:28:43.457769   33532 cuda_executor.cc:1802] GPU interconnect information not available: INTERNAL: NVML doesn't support extracting fabric info or NVLink is not used by the device.
W0314 22:28:43.490478   33532 cuda_executor.cc:1802] GPU interconnect information not available: INTERNAL: NVML doesn't support extracting fabric info or NVLink is not used by the device.
W0314 22:28:43.528786   33532 cuda_executor.cc:1802] GPU interconnect information not available: INTERNAL: NVML doesn't support extracting fabric info or NVLink is not used by the device.
W0314 22:28:43.566948   33532 cuda_executor.cc:1802] GPU interconnect information not available: INTERNAL: NVML doesn't support extracting fabric info or NVLink is not used by the device.
W0314 22:28:43.773248  131845 cuda_executor.cc:1802] GPU interconnect information not available: INTERNAL: NVML doesn't support extracting fabric info or NVLink is not used by the device.
W0314 22:28:43.775724  216361 cuda_executor.cc:1802] GPU interconnect information not available: INTERNAL: NVML doesn't support extracting fabric info or NVLink is not used by the device.
W0314 22:28:43.807916  131845 cuda_executor.cc:1802] GPU interconnect information not available: INTERNAL: NVML doesn't support extracting fabric info or NVLink is not used by the device.
W0314 22:28:43.812504  216361 cuda_executor.cc:1802] GPU interconnect information not available: INTERNAL: NVML doesn't support extracting fabric info or NVLink is not used by the device.
W0314 22:28:43.839250  131845 cuda_executor.cc:1802] GPU interconnect information not available: INTERNAL: NVML doesn't support extracting fabric info or NVLink is not used by the device.
W0314 22:28:43.845031  216361 cuda_executor.cc:1802] GPU interconnect information not available: INTERNAL: NVML doesn't support extracting fabric info or NVLink is not used by the device.
W0314 22:28:43.870389  131845 cuda_executor.cc:1802] GPU interconnect information not available: INTERNAL: NVML doesn't support extracting fabric info or NVLink is not used by the device.
W0314 22:28:43.879158  216361 cuda_executor.cc:1802] GPU interconnect information not available: INTERNAL: NVML doesn't support extracting fabric info or NVLink is not used by the device.
/capstor/scratch/cscs/aboudaou/workspace/dalia/DALIA/src/dalia/core/dalia.py:1016: PerformanceWarning: The device where the array resides (0) is different from the current device (2). Peer access has been activated automatically.
  self.model.theta[:] = xp.asarray(theta_i)
/capstor/scratch/cscs/aboudaou/workspace/dalia/DALIA/src/dalia/core/dalia.py:1016: PerformanceWarning: The device where the array resides (0) is different from the current device (1). Peer access has been activated automatically.
  self.model.theta[:] = xp.asarray(theta_i)
/capstor/scratch/cscs/aboudaou/workspace/dalia/DALIA/src/dalia/core/dalia.py:1016: PerformanceWarning: The device where the array resides (0) is different from the current device (3). Peer access has been activated automatically.
  self.model.theta[:] = xp.asarray(theta_i)
/users/aboudaou/miniconda3/envs/serinv-env/lib/python3.11/site-packages/cupyx/scipy/sparse/_csc.py:132: PerformanceWarning: The device where the array resides (0) is different from the current device (2). Peer access has been activated automatically.
  return self._with_data(self.data * other)
/users/aboudaou/miniconda3/envs/serinv-env/lib/python3.11/site-packages/cupyx/scipy/sparse/_csc.py:132: PerformanceWarning: The device where the array resides (0) is different from the current device (3). Peer access has been activated automatically.
  return self._with_data(self.data * other)
/users/aboudaou/miniconda3/envs/serinv-env/lib/python3.11/site-packages/cupyx/scipy/sparse/_csc.py:132: PerformanceWarning: The device where the array resides (0) is different from the current device (1). Peer access has been activated automatically.
  return self._with_data(self.data * other)
/users/aboudaou/miniconda3/envs/serinv-env/lib/python3.11/site-packages/cupyx/scipy/sparse/_construct.py:529: PerformanceWarning: The device where the array resides (0) is different from the current device (2). Peer access has been activated automatically.
  row = A.row.astype(dtype, copy=True) * B.shape[0]
/users/aboudaou/miniconda3/envs/serinv-env/lib/python3.11/site-packages/cupyx/scipy/sparse/_construct.py:529: PerformanceWarning: The device where the array resides (0) is different from the current device (1). Peer access has been activated automatically.
  row = A.row.astype(dtype, copy=True) * B.shape[0]
/users/aboudaou/miniconda3/envs/serinv-env/lib/python3.11/site-packages/cupyx/scipy/sparse/_construct.py:529: PerformanceWarning: The device where the array resides (0) is different from the current device (3). Peer access has been activated automatically.
  row = A.row.astype(dtype, copy=True) * B.shape[0]
/users/aboudaou/miniconda3/envs/serinv-env/lib/python3.11/site-packages/cupyx/scipy/sparse/_construct.py:533: PerformanceWarning: The device where the array resides (0) is different from the current device (2). Peer access has been activated automatically.
  data = A.data.repeat(B.nnz)  # data's dtype follows that of A in SciPy
/users/aboudaou/miniconda3/envs/serinv-env/lib/python3.11/site-packages/cupyx/scipy/sparse/_construct.py:533: PerformanceWarning: The device where the array resides (0) is different from the current device (1). Peer access has been activated automatically.
  data = A.data.repeat(B.nnz)  # data's dtype follows that of A in SciPy
/users/aboudaou/miniconda3/envs/serinv-env/lib/python3.11/site-packages/cupyx/scipy/sparse/_construct.py:533: PerformanceWarning: The device where the array resides (0) is different from the current device (3). Peer access has been activated automatically.
  data = A.data.repeat(B.nnz)  # data's dtype follows that of A in SciPy
/capstor/scratch/cscs/aboudaou/workspace/dalia/DALIA/src/dalia/core/model.py:338: PerformanceWarning: The device where the array resides (0) is different from the current device (2). Peer access has been activated automatically.
  submodel_Q_prior.row
/capstor/scratch/cscs/aboudaou/workspace/dalia/DALIA/src/dalia/core/model.py:342: PerformanceWarning: The device where the array resides (0) is different from the current device (2). Peer access has been activated automatically.
  submodel_Q_prior.col
/users/aboudaou/miniconda3/envs/serinv-env/lib/python3.11/site-packages/cupy/_manipulation/join.py:60: PerformanceWarning: The device where the array resides (0) is different from the current device (2). Peer access has been activated automatically.
  return _core.concatenate_method(tup, axis, out, dtype, casting)
/capstor/scratch/cscs/aboudaou/workspace/dalia/DALIA/src/dalia/core/model.py:338: PerformanceWarning: The device where the array resides (0) is different from the current device (1). Peer access has been activated automatically.
  submodel_Q_prior.row
/capstor/scratch/cscs/aboudaou/workspace/dalia/DALIA/src/dalia/core/model.py:342: PerformanceWarning: The device where the array resides (0) is different from the current device (1). Peer access has been activated automatically.
  submodel_Q_prior.col
/users/aboudaou/miniconda3/envs/serinv-env/lib/python3.11/site-packages/cupy/_manipulation/join.py:60: PerformanceWarning: The device where the array resides (0) is different from the current device (1). Peer access has been activated automatically.
  return _core.concatenate_method(tup, axis, out, dtype, casting)
/capstor/scratch/cscs/aboudaou/workspace/dalia/DALIA/src/dalia/core/model.py:338: PerformanceWarning: The device where the array resides (0) is different from the current device (3). Peer access has been activated automatically.
  submodel_Q_prior.row
/capstor/scratch/cscs/aboudaou/workspace/dalia/DALIA/src/dalia/core/model.py:342: PerformanceWarning: The device where the array resides (0) is different from the current device (3). Peer access has been activated automatically.
  submodel_Q_prior.col
/users/aboudaou/miniconda3/envs/serinv-env/lib/python3.11/site-packages/cupy/_manipulation/join.py:60: PerformanceWarning: The device where the array resides (0) is different from the current device (3). Peer access has been activated automatically.
  return _core.concatenate_method(tup, axis, out, dtype, casting)
/capstor/scratch/cscs/aboudaou/workspace/dalia/DALIA/src/dalia/likelihoods/gaussian.py:94: PerformanceWarning: The device where the array resides (0) is different from the current device (1). Peer access has been activated automatically.
  gradient_likelihood: NDArray = -xp.exp(theta) * (eta - y)
/capstor/scratch/cscs/aboudaou/workspace/dalia/DALIA/src/dalia/likelihoods/gaussian.py:94: PerformanceWarning: The device where the array resides (0) is different from the current device (2). Peer access has been activated automatically.
  gradient_likelihood: NDArray = -xp.exp(theta) * (eta - y)
/capstor/scratch/cscs/aboudaou/workspace/dalia/DALIA/src/dalia/likelihoods/gaussian.py:94: PerformanceWarning: The device where the array resides (0) is different from the current device (3). Peer access has been activated automatically.
  gradient_likelihood: NDArray = -xp.exp(theta) * (eta - y)
/capstor/scratch/cscs/aboudaou/workspace/dalia/DALIA/src/dalia/core/dalia.py:1611: PerformanceWarning: The device where the array resides (0) is different from the current device (1). Peer access has been activated automatically.
  quadratic_form = x_mean.T @ Q_conditional @ x_mean
/capstor/scratch/cscs/aboudaou/workspace/dalia/DALIA/src/dalia/prior_hyperparameters/penalized_complexity.py:56: PerformanceWarning: The device where the array resides (0) is different from the current device (1). Peer access has been activated automatically.
  xp.log(self.lambda_theta)
/capstor/scratch/cscs/aboudaou/workspace/dalia/DALIA/src/dalia/prior_hyperparameters/penalized_complexity.py:57: PerformanceWarning: The device where the array resides (0) is different from the current device (1). Peer access has been activated automatically.
  - self.lambda_theta * xp.exp(-theta)
/capstor/scratch/cscs/aboudaou/workspace/dalia/DALIA/src/dalia/prior_hyperparameters/penalized_complexity.py:65: PerformanceWarning: The device where the array resides (0) is different from the current device (1). Peer access has been activated automatically.
  xp.log(self.lambda_theta)
/capstor/scratch/cscs/aboudaou/workspace/dalia/DALIA/src/dalia/prior_hyperparameters/penalized_complexity.py:66: PerformanceWarning: The device where the array resides (0) is different from the current device (1). Peer access has been activated automatically.
  - self.lambda_theta * xp.exp(-0.5 * theta)
/capstor/scratch/cscs/aboudaou/workspace/dalia/DALIA/src/dalia/prior_hyperparameters/penalized_complexity.py:68: PerformanceWarning: The device where the array resides (0) is different from the current device (1). Peer access has been activated automatically.
  - 0.5 * theta
/capstor/scratch/cscs/aboudaou/workspace/dalia/DALIA/src/dalia/prior_hyperparameters/penalized_complexity.py:76: PerformanceWarning: The device where the array resides (0) is different from the current device (1). Peer access has been activated automatically.
  xp.log(self.lambda_theta) - self.lambda_theta * xp.exp(theta) + theta
/capstor/scratch/cscs/aboudaou/workspace/dalia/DALIA/src/dalia/prior_hyperparameters/penalized_complexity.py:81: PerformanceWarning: The device where the array resides (0) is different from the current device (1). Peer access has been activated automatically.
  xp.log(self.lambda_theta) - self.lambda_theta * xp.exp(theta) + theta
/capstor/scratch/cscs/aboudaou/workspace/dalia/DALIA/src/dalia/likelihoods/gaussian.py:55: PerformanceWarning: The device where the array resides (0) is different from the current device (1). Peer access has been activated automatically.
  yEta = eta - y
/capstor/scratch/cscs/aboudaou/workspace/dalia/DALIA/src/dalia/likelihoods/gaussian.py:59: PerformanceWarning: The device where the array resides (0) is different from the current device (1). Peer access has been activated automatically.
  0.5 * theta * self.n_observations - 0.5 * xp.exp(theta) * yEta.T @ yEta
/capstor/scratch/cscs/aboudaou/workspace/dalia/DALIA/src/dalia/core/dalia.py:1611: PerformanceWarning: The device where the array resides (0) is different from the current device (2). Peer access has been activated automatically.
  quadratic_form = x_mean.T @ Q_conditional @ x_mean
/capstor/scratch/cscs/aboudaou/workspace/dalia/DALIA/src/dalia/prior_hyperparameters/penalized_complexity.py:56: PerformanceWarning: The device where the array resides (0) is different from the current device (2). Peer access has been activated automatically.
  xp.log(self.lambda_theta)
/capstor/scratch/cscs/aboudaou/workspace/dalia/DALIA/src/dalia/prior_hyperparameters/penalized_complexity.py:57: PerformanceWarning: The device where the array resides (0) is different from the current device (2). Peer access has been activated automatically.
  - self.lambda_theta * xp.exp(-theta)
/capstor/scratch/cscs/aboudaou/workspace/dalia/DALIA/src/dalia/prior_hyperparameters/penalized_complexity.py:65: PerformanceWarning: The device where the array resides (0) is different from the current device (2). Peer access has been activated automatically.
  xp.log(self.lambda_theta)
/capstor/scratch/cscs/aboudaou/workspace/dalia/DALIA/src/dalia/prior_hyperparameters/penalized_complexity.py:66: PerformanceWarning: The device where the array resides (0) is different from the current device (2). Peer access has been activated automatically.
  - self.lambda_theta * xp.exp(-0.5 * theta)
/capstor/scratch/cscs/aboudaou/workspace/dalia/DALIA/src/dalia/prior_hyperparameters/penalized_complexity.py:68: PerformanceWarning: The device where the array resides (0) is different from the current device (2). Peer access has been activated automatically.
  - 0.5 * theta
/capstor/scratch/cscs/aboudaou/workspace/dalia/DALIA/src/dalia/prior_hyperparameters/penalized_complexity.py:76: PerformanceWarning: The device where the array resides (0) is different from the current device (2). Peer access has been activated automatically.
  xp.log(self.lambda_theta) - self.lambda_theta * xp.exp(theta) + theta
/capstor/scratch/cscs/aboudaou/workspace/dalia/DALIA/src/dalia/prior_hyperparameters/penalized_complexity.py:81: PerformanceWarning: The device where the array resides (0) is different from the current device (2). Peer access has been activated automatically.
  xp.log(self.lambda_theta) - self.lambda_theta * xp.exp(theta) + theta
/capstor/scratch/cscs/aboudaou/workspace/dalia/DALIA/src/dalia/likelihoods/gaussian.py:55: PerformanceWarning: The device where the array resides (0) is different from the current device (2). Peer access has been activated automatically.
  yEta = eta - y
/capstor/scratch/cscs/aboudaou/workspace/dalia/DALIA/src/dalia/likelihoods/gaussian.py:59: PerformanceWarning: The device where the array resides (0) is different from the current device (2). Peer access has been activated automatically.
  0.5 * theta * self.n_observations - 0.5 * xp.exp(theta) * yEta.T @ yEta
/capstor/scratch/cscs/aboudaou/workspace/dalia/DALIA/src/dalia/core/dalia.py:1611: PerformanceWarning: The device where the array resides (0) is different from the current device (3). Peer access has been activated automatically.
  quadratic_form = x_mean.T @ Q_conditional @ x_mean
/capstor/scratch/cscs/aboudaou/workspace/dalia/DALIA/src/dalia/prior_hyperparameters/penalized_complexity.py:56: PerformanceWarning: The device where the array resides (0) is different from the current device (3). Peer access has been activated automatically.
  xp.log(self.lambda_theta)
/capstor/scratch/cscs/aboudaou/workspace/dalia/DALIA/src/dalia/prior_hyperparameters/penalized_complexity.py:57: PerformanceWarning: The device where the array resides (0) is different from the current device (3). Peer access has been activated automatically.
  - self.lambda_theta * xp.exp(-theta)
/capstor/scratch/cscs/aboudaou/workspace/dalia/DALIA/src/dalia/prior_hyperparameters/penalized_complexity.py:65: PerformanceWarning: The device where the array resides (0) is different from the current device (3). Peer access has been activated automatically.
  xp.log(self.lambda_theta)
/capstor/scratch/cscs/aboudaou/workspace/dalia/DALIA/src/dalia/prior_hyperparameters/penalized_complexity.py:66: PerformanceWarning: The device where the array resides (0) is different from the current device (3). Peer access has been activated automatically.
  - self.lambda_theta * xp.exp(-0.5 * theta)
/capstor/scratch/cscs/aboudaou/workspace/dalia/DALIA/src/dalia/prior_hyperparameters/penalized_complexity.py:68: PerformanceWarning: The device where the array resides (0) is different from the current device (3). Peer access has been activated automatically.
  - 0.5 * theta
/capstor/scratch/cscs/aboudaou/workspace/dalia/DALIA/src/dalia/prior_hyperparameters/penalized_complexity.py:76: PerformanceWarning: The device where the array resides (0) is different from the current device (3). Peer access has been activated automatically.
  xp.log(self.lambda_theta) - self.lambda_theta * xp.exp(theta) + theta
/capstor/scratch/cscs/aboudaou/workspace/dalia/DALIA/src/dalia/prior_hyperparameters/penalized_complexity.py:81: PerformanceWarning: The device where the array resides (0) is different from the current device (3). Peer access has been activated automatically.
  xp.log(self.lambda_theta) - self.lambda_theta * xp.exp(theta) + theta
/capstor/scratch/cscs/aboudaou/workspace/dalia/DALIA/src/dalia/likelihoods/gaussian.py:55: PerformanceWarning: The device where the array resides (0) is different from the current device (3). Peer access has been activated automatically.
  yEta = eta - y
/capstor/scratch/cscs/aboudaou/workspace/dalia/DALIA/src/dalia/likelihoods/gaussian.py:59: PerformanceWarning: The device where the array resides (0) is different from the current device (3). Peer access has been activated automatically.
  0.5 * theta * self.n_observations - 0.5 * xp.exp(theta) * yEta.T @ yEta
