Parsed parameters:
  max_iter: 250
  solver_min_p: 1
  profile: False
  precision: float64
  benchmark_mode: True
  n_benchmark_runs: 10
  benchmark_method: finite_diff
  output_csv: /capstor/scratch/cscs/aboudaou/workspace/dalia/artifact/plotting/data/fig6_raw_results.csv
--- gst_large: Gaussian Spatio-Temporal Model ---

___________________________________ 
___  __ \__    |__  /____  _/__    |
__  / / /_  /| |_  /  __  / __  /| |
_  /_/ /_  ___ |  /____/ /  _  ___ |
/_____/ /_/  |_/_____/___/  /_/  |_|

╔═══════════════════════════════════════════════════════╗
║               Parallelization strategies              ║
║ ╒═══════════════════════════════════════════╤═══════╕ ║
║ │ Participating Processes / Total Processes │ 1 / 1 │ ║
║ ├───────────────────────────────────────────┼───────┤ ║
║ │ Parallelization through F()               │   1   │ ║
║ ├───────────────────────────────────────────┼───────┤ ║
║ │ Parallelization through Q()               │   1   │ ║
║ ├───────────────────────────────────────────┼───────┤ ║
║ │ Parallelization through S()               │   1   │ ║
║ ╘═══════════════════════════════════════════╧═══════╛ ║
╚═══════════════════════════════════════════════════════╝
╔═══════════════════════════════╗
║  Enabled Performance modules  ║
║ ╒═══════════════════╤═══════╕ ║
║ │ Array module      │ cupy  │ ║
║ ├───────────────────┼───────┤ ║
║ │ MPI available     │ True  │ ║
║ ├───────────────────┼───────┤ ║
║ │ Is MPI CUDA aware │ False │ ║
║ ├───────────────────┼───────┤ ║
║ │ Is NCCL available │ False │ ║
║ ╘═══════════════════╧═══════╛ ║
╚═══════════════════════════════╝
╔═══════════════════════════════════════╗
║             Memory Report             ║
║ ╒════════════════════════╤══════════╕ ║
║ │ Solver memory          │ 59.59 GB │ ║
║ ├────────────────────────┼──────────┤ ║
║ │ Total memory used      │ 60.94 GB │ ║
║ ├────────────────────────┼──────────┤ ║
║ │ Total memory available │ 61.05 GB │ ║
║ ╘════════════════════════╧══════════╛ ║
╚═══════════════════════════════════════╝
DALIA initialized.

======================================================================
GRADIENT BENCHMARK: gst_large
======================================================================
Nodes: 1, Tasks: 1
Hyperparameters: 4
Benchmark runs: 10
Energy monitor: enabled (Cray PM counters)

Timing finite difference gradient...
Allocated an extra 0.37 GB for BTA_mapping caching (total: 59.96)
Allocated an extra 0.33 GB for BT_mapping caching (total: 60.29)
rank 0 | iter 1 | objfunc_time: 56.247854 | solver_time: 51.214700 | construction_time: 3.909281
rank 0 | iter 2 | objfunc_time: 56.248807 | solver_time: 51.224025 | construction_time: 3.904780
rank 0 | iter 3 | objfunc_time: 56.248785 | solver_time: 51.223641 | construction_time: 3.904347
rank 0 | iter 4 | objfunc_time: 56.247493 | solver_time: 51.225733 | construction_time: 3.904093
rank 0 | iter 5 | objfunc_time: 56.248915 | solver_time: 51.228748 | construction_time: 3.904151
rank 0 | iter 6 | objfunc_time: 56.247916 | solver_time: 51.231315 | construction_time: 3.901249
rank 0 | iter 7 | objfunc_time: 56.248102 | solver_time: 51.229681 | construction_time: 3.901983
rank 0 | iter 8 | objfunc_time: 56.249218 | solver_time: 51.228302 | construction_time: 3.905788
rank 0 | iter 9 | objfunc_time: 56.247909 | solver_time: 51.227539 | construction_time: 3.903966
rank 0 | iter 10 | objfunc_time: 56.248797 | solver_time: 51.227692 | construction_time: 3.904084
rank 0 | iter 11 | objfunc_time: 56.248589 | solver_time: 51.232703 | construction_time: 3.901166
  Mean: 56.2485s
  Std:  0.0005s
  Node energy/grad: 68369.1 J
  GPU energy/grad:  48781.6 J
  Other energy/grad: 10600.1 J

======================================================================
Benchmark completed
Results written to: /capstor/scratch/cscs/aboudaou/workspace/dalia/artifact/plotting/data/fig6_raw_results.csv
======================================================================
Job finished at Sat 14 Mar 2026 10:40:24 PM CET
