Parsed parameters:
  max_iter: 250
  solver_min_p: 1
  profile: False
  precision: float64
  benchmark_mode: True
  n_benchmark_runs: 10
  benchmark_method: finite_diff
  output_csv: /capstor/scratch/cscs/aboudaou/workspace/dalia/artifact/plotting/data/fig6_raw_results.csv
--- gst_large: Gaussian Spatio-Temporal Model ---

___________________________________ 
___  __ \__    |__  /____  _/__    |
__  / / /_  /| |_  /  __  / __  /| |
_  /_/ /_  ___ |  /____/ /  _  ___ |
/_____/ /_/  |_/_____/___/  /_/  |_|

╔═══════════════════════════════════════════════════════╗
║               Parallelization strategies              ║
║ ╒═══════════════════════════════════════════╤═══════╕ ║
║ │ Participating Processes / Total Processes │ 4 / 4 │ ║
║ ├───────────────────────────────────────────┼───────┤ ║
║ │ Parallelization through F()               │   4   │ ║
║ ├───────────────────────────────────────────┼───────┤ ║
║ │ Parallelization through Q()               │   1   │ ║
║ ├───────────────────────────────────────────┼───────┤ ║
║ │ Parallelization through S()               │   1   │ ║
║ ╘═══════════════════════════════════════════╧═══════╛ ║
╚═══════════════════════════════════════════════════════╝
╔═══════════════════════════════╗
║  Enabled Performance modules  ║
║ ╒═══════════════════╤═══════╕ ║
║ │ Array module      │ cupy  │ ║
║ ├───────────────────┼───────┤ ║
║ │ MPI available     │ True  │ ║
║ ├───────────────────┼───────┤ ║
║ │ Is MPI CUDA aware │ False │ ║
║ ├───────────────────┼───────┤ ║
║ │ Is NCCL available │ False │ ║
║ ╘═══════════════════╧═══════╛ ║
╚═══════════════════════════════╝
╔═══════════════════════════════════════╗
║             Memory Report             ║
║ ╒════════════════════════╤══════════╕ ║
║ │ Solver memory          │ 59.59 GB │ ║
║ ├────────────────────────┼──────────┤ ║
║ │ Total memory used      │ 60.94 GB │ ║
║ ├────────────────────────┼──────────┤ ║
║ │ Total memory available │ 61.14 GB │ ║
║ ╘════════════════════════╧══════════╛ ║
╚═══════════════════════════════════════╝
DALIA initialized.

======================================================================
GRADIENT BENCHMARK: gst_large
======================================================================
Nodes: 4, Tasks: 4
Hyperparameters: 4
Benchmark runs: 10
Energy monitor: enabled (Cray PM counters)

Timing finite difference gradient...
Allocated an extra 0.37 GB for BTA_mapping caching (total: 59.96)
Allocated an extra 0.33 GB for BT_mapping caching (total: 60.29)
rank 0 | iter 1 | objfunc_time: 18.783365 | solver_time: 17.096718 | construction_time: 1.308185
Parsed parameters:
  max_iter: 250
  solver_min_p: 1
  profile: False
  precision: float64
  benchmark_mode: True
  n_benchmark_runs: 10
  benchmark_method: finite_diff
  output_csv: /capstor/scratch/cscs/aboudaou/workspace/dalia/artifact/plotting/data/fig6_raw_results.csv
rank 3 | iter 1 | objfunc_time: 18.783366 | solver_time: 11.380225 | construction_time: 0.882986
Parsed parameters:
  max_iter: 250
  solver_min_p: 1
  profile: False
  precision: float64
  benchmark_mode: True
  n_benchmark_runs: 10
  benchmark_method: finite_diff
  output_csv: /capstor/scratch/cscs/aboudaou/workspace/dalia/artifact/plotting/data/fig6_raw_results.csv
rank 1 | iter 1 | objfunc_time: 18.783367 | solver_time: 11.444628 | construction_time: 0.885109
Parsed parameters:
  max_iter: 250
  solver_min_p: 1
  profile: False
  precision: float64
  benchmark_mode: True
  n_benchmark_runs: 10
  benchmark_method: finite_diff
  output_csv: /capstor/scratch/cscs/aboudaou/workspace/dalia/artifact/plotting/data/fig6_raw_results.csv
rank 2 | iter 1 | objfunc_time: 18.783366 | solver_time: 11.390743 | construction_time: 0.887849
rank 0 | iter 2 | objfunc_time: 18.779169 | solver_time: 17.096450 | construction_time: 1.306907
rank 3 | iter 2 | objfunc_time: 18.779169 | solver_time: 11.375351 | construction_time: 0.882889
rank 2 | iter 2 | objfunc_time: 18.779170 | solver_time: 11.388524 | construction_time: 0.887354
rank 1 | iter 2 | objfunc_time: 18.779175 | solver_time: 11.440916 | construction_time: 0.885681
rank 0 | iter 3 | objfunc_time: 18.779449 | solver_time: 17.098643 | construction_time: 1.305848
rank 3 | iter 3 | objfunc_time: 18.779452 | solver_time: 11.377560 | construction_time: 0.881985
rank 1 | iter 3 | objfunc_time: 18.779454 | solver_time: 11.441933 | construction_time: 0.884772
rank 2 | iter 3 | objfunc_time: 18.779452 | solver_time: 11.388360 | construction_time: 0.887379
rank 0 | iter 4 | objfunc_time: 18.782972 | solver_time: 17.099833 | construction_time: 1.306936
rank 3 | iter 4 | objfunc_time: 18.782972 | solver_time: 11.367211 | construction_time: 0.882057
rank 1 | iter 4 | objfunc_time: 18.782974 | solver_time: 11.442816 | construction_time: 0.884856
rank 2 | iter 4 | objfunc_time: 18.782978 | solver_time: 11.384678 | construction_time: 0.889075
rank 3 | iter 5 | objfunc_time: 18.788808 | solver_time: 11.373966 | construction_time: 0.882658
rank 0 | iter 5 | objfunc_time: 18.788807 | solver_time: 17.111671 | construction_time: 1.304917
rank 2 | iter 5 | objfunc_time: 18.788806 | solver_time: 11.384609 | construction_time: 0.891421
rank 1 | iter 5 | objfunc_time: 18.788807 | solver_time: 11.439320 | construction_time: 0.883746
rank 0 | iter 6 | objfunc_time: 18.795952 | solver_time: 17.117499 | construction_time: 1.305283
rank 3 | iter 6 | objfunc_time: 18.795955 | solver_time: 11.374191 | construction_time: 0.882763
rank 1 | iter 6 | objfunc_time: 18.795953 | solver_time: 11.442651 | construction_time: 0.885268
rank 2 | iter 6 | objfunc_time: 18.795953 | solver_time: 11.378465 | construction_time: 0.890293
rank 0 | iter 7 | objfunc_time: 18.790635 | solver_time: 17.114261 | construction_time: 1.304229
rank 3 | iter 7 | objfunc_time: 18.790635 | solver_time: 11.377059 | construction_time: 0.883025
rank 1 | iter 7 | objfunc_time: 18.790638 | solver_time: 11.443248 | construction_time: 0.884360
rank 2 | iter 7 | objfunc_time: 18.790639 | solver_time: 11.383969 | construction_time: 0.889075
rank 3 | iter 8 | objfunc_time: 18.789902 | solver_time: 11.375449 | construction_time: 0.883043
rank 0 | iter 8 | objfunc_time: 18.789897 | solver_time: 17.112759 | construction_time: 1.304831
rank 1 | iter 8 | objfunc_time: 18.789901 | solver_time: 11.442337 | construction_time: 0.884367
rank 2 | iter 8 | objfunc_time: 18.789898 | solver_time: 11.383684 | construction_time: 0.889208
rank 0 | iter 9 | objfunc_time: 18.789432 | solver_time: 17.112081 | construction_time: 1.305283
rank 3 | iter 9 | objfunc_time: 18.789432 | solver_time: 11.375335 | construction_time: 0.883337
rank 1 | iter 9 | objfunc_time: 18.789436 | solver_time: 11.444665 | construction_time: 0.884179
rank 2 | iter 9 | objfunc_time: 18.789433 | solver_time: 11.395126 | construction_time: 0.889812
rank 3 | iter 10 | objfunc_time: 18.789280 | solver_time: 11.375164 | construction_time: 0.882385
rank 0 | iter 10 | objfunc_time: 18.789280 | solver_time: 17.111460 | construction_time: 1.304639
rank 1 | iter 10 | objfunc_time: 18.789283 | solver_time: 11.445413 | construction_time: 0.882160
rank 2 | iter 10 | objfunc_time: 18.789278 | solver_time: 11.397788 | construction_time: 0.891696
rank 1 | iter 11 | objfunc_time: 18.790015 | solver_time: 11.443354 | construction_time: 0.883674
rank 3 | iter 11 | objfunc_time: 18.790014 | solver_time: 11.376175 | construction_time: 0.881572
rank 0 | iter 11 | objfunc_time: 18.790018 | solver_time: 17.113005 | construction_time: 1.304151
rank 2 | iter 11 | objfunc_time: 18.790009 | solver_time: 11.393778 | construction_time: 0.890211
  Mean: 18.7877s
  Std:  0.0051s
  Node energy/grad: 23122.6 J
  GPU energy/grad:  16479.2 J
  Other energy/grad: 3127.6 J

======================================================================
Benchmark completed
Results written to: /capstor/scratch/cscs/aboudaou/workspace/dalia/artifact/plotting/data/fig6_raw_results.csv
======================================================================
Job finished at Sat 14 Mar 2026 10:33:28 PM CET
