Parsed parameters:
  max_iter: 250
  solver_min_p: 1
  profile: False
  precision: float64
  benchmark_mode: True
  n_benchmark_runs: 10
  benchmark_method: finite_diff
  output_csv: /capstor/scratch/cscs/aboudaou/workspace/dalia/artifact/plotting/data/fig6_raw_results.csv
--- gst_large: Gaussian Spatio-Temporal Model ---

___________________________________ 
___  __ \__    |__  /____  _/__    |
__  / / /_  /| |_  /  __  / __  /| |
_  /_/ /_  ___ |  /____/ /  _  ___ |
/_____/ /_/  |_/_____/___/  /_/  |_|

╔═══════════════════════════════════════════════════════╗
║               Parallelization strategies              ║
║ ╒═══════════════════════════════════════════╤═══════╕ ║
║ │ Participating Processes / Total Processes │ 8 / 8 │ ║
║ ├───────────────────────────────────────────┼───────┤ ║
║ │ Parallelization through F()               │   8   │ ║
║ ├───────────────────────────────────────────┼───────┤ ║
║ │ Parallelization through Q()               │   1   │ ║
║ ├───────────────────────────────────────────┼───────┤ ║
║ │ Parallelization through S()               │   1   │ ║
║ ╘═══════════════════════════════════════════╧═══════╛ ║
╚═══════════════════════════════════════════════════════╝
╔═══════════════════════════════╗
║  Enabled Performance modules  ║
║ ╒═══════════════════╤═══════╕ ║
║ │ Array module      │ cupy  │ ║
║ ├───────────────────┼───────┤ ║
║ │ MPI available     │ True  │ ║
║ ├───────────────────┼───────┤ ║
║ │ Is MPI CUDA aware │ False │ ║
║ ├───────────────────┼───────┤ ║
║ │ Is NCCL available │ False │ ║
║ ╘═══════════════════╧═══════╛ ║
╚═══════════════════════════════╝
╔═══════════════════════════════════════╗
║             Memory Report             ║
║ ╒════════════════════════╤══════════╕ ║
║ │ Solver memory          │ 59.59 GB │ ║
║ ├────────────────────────┼──────────┤ ║
║ │ Total memory used      │ 60.94 GB │ ║
║ ├────────────────────────┼──────────┤ ║
║ │ Total memory available │ 61.14 GB │ ║
║ ╘════════════════════════╧══════════╛ ║
╚═══════════════════════════════════════╝
DALIA initialized.

======================================================================
GRADIENT BENCHMARK: gst_large
======================================================================
Nodes: 8, Tasks: 8
Hyperparameters: 4
Benchmark runs: 10
Energy monitor: enabled (Cray PM counters)

Timing finite difference gradient...
Allocated an extra 0.37 GB for BTA_mapping caching (total: 59.96)
Allocated an extra 0.33 GB for BT_mapping caching (total: 60.29)
rank 0 | iter 1 | objfunc_time: 12.537638 | solver_time: 11.405922 | construction_time: 0.874198
Parsed parameters:
  max_iter: 250
  solver_min_p: 1
  profile: False
  precision: float64
  benchmark_mode: True
  n_benchmark_runs: 10
  benchmark_method: finite_diff
  output_csv: /capstor/scratch/cscs/aboudaou/workspace/dalia/artifact/plotting/data/fig6_raw_results.csv
rank 5 | iter 1 | objfunc_time: 12.537642 | solver_time: 5.681119 | construction_time: 0.439915
Parsed parameters:
  max_iter: 250
  solver_min_p: 1
  profile: False
  precision: float64
  benchmark_mode: True
  n_benchmark_runs: 10
  benchmark_method: finite_diff
  output_csv: /capstor/scratch/cscs/aboudaou/workspace/dalia/artifact/plotting/data/fig6_raw_results.csv
rank 6 | iter 1 | objfunc_time: 12.537642 | solver_time: 5.712009 | construction_time: 0.441351
Parsed parameters:
  max_iter: 250
  solver_min_p: 1
  profile: False
  precision: float64
  benchmark_mode: True
  n_benchmark_runs: 10
  benchmark_method: finite_diff
  output_csv: /capstor/scratch/cscs/aboudaou/workspace/dalia/artifact/plotting/data/fig6_raw_results.csv
rank 1 | iter 1 | objfunc_time: 12.537643 | solver_time: 5.693665 | construction_time: 0.441844
Parsed parameters:
  max_iter: 250
  solver_min_p: 1
  profile: False
  precision: float64
  benchmark_mode: True
  n_benchmark_runs: 10
  benchmark_method: finite_diff
  output_csv: /capstor/scratch/cscs/aboudaou/workspace/dalia/artifact/plotting/data/fig6_raw_results.csv
rank 2 | iter 1 | objfunc_time: 12.537645 | solver_time: 5.731770 | construction_time: 0.444247
Parsed parameters:
  max_iter: 250
  solver_min_p: 1
  profile: False
  precision: float64
  benchmark_mode: True
  n_benchmark_runs: 10
  benchmark_method: finite_diff
  output_csv: /capstor/scratch/cscs/aboudaou/workspace/dalia/artifact/plotting/data/fig6_raw_results.csv
rank 4 | iter 1 | objfunc_time: 12.537647 | solver_time: 5.717284 | construction_time: 0.439455
Parsed parameters:
  max_iter: 250
  solver_min_p: 1
  profile: False
  precision: float64
  benchmark_mode: True
  n_benchmark_runs: 10
  benchmark_method: finite_diff
  output_csv: /capstor/scratch/cscs/aboudaou/workspace/dalia/artifact/plotting/data/fig6_raw_results.csv
rank 3 | iter 1 | objfunc_time: 12.537642 | solver_time: 5.713022 | construction_time: 0.442524
Parsed parameters:
  max_iter: 250
  solver_min_p: 1
  profile: False
  precision: float64
  benchmark_mode: True
  n_benchmark_runs: 10
  benchmark_method: finite_diff
  output_csv: /capstor/scratch/cscs/aboudaou/workspace/dalia/artifact/plotting/data/fig6_raw_results.csv
rank 7 | iter 1 | objfunc_time: 12.537640 | solver_time: 5.697977 | construction_time: 0.442288
rank 5 | iter 2 | objfunc_time: 12.536168 | solver_time: 5.681365 | construction_time: 0.440484
rank 6 | iter 2 | objfunc_time: 12.536163 | solver_time: 5.711934 | construction_time: 0.441814
rank 2 | iter 2 | objfunc_time: 12.536169 | solver_time: 5.735947 | construction_time: 0.443727
rank 0 | iter 2 | objfunc_time: 12.536158 | solver_time: 11.396663 | construction_time: 0.875957
rank 4 | iter 2 | objfunc_time: 12.536166 | solver_time: 5.718699 | construction_time: 0.439036
rank 3 | iter 2 | objfunc_time: 12.536170 | solver_time: 5.711060 | construction_time: 0.442932
rank 7 | iter 2 | objfunc_time: 12.536167 | solver_time: 5.700366 | construction_time: 0.442064
rank 1 | iter 2 | objfunc_time: 12.536170 | solver_time: 5.697473 | construction_time: 0.441089
rank 0 | iter 3 | objfunc_time: 12.531527 | solver_time: 11.392379 | construction_time: 0.876809
rank 1 | iter 3 | objfunc_time: 12.531527 | solver_time: 5.698617 | construction_time: 0.440945
rank 5 | iter 3 | objfunc_time: 12.531525 | solver_time: 5.687217 | construction_time: 0.439018
rank 4 | iter 3 | objfunc_time: 12.531525 | solver_time: 5.719538 | construction_time: 0.438889
rank 3 | iter 3 | objfunc_time: 12.531521 | solver_time: 5.715865 | construction_time: 0.442735
rank 6 | iter 3 | objfunc_time: 12.531519 | solver_time: 5.711495 | construction_time: 0.440798
rank 2 | iter 3 | objfunc_time: 12.531525 | solver_time: 5.732160 | construction_time: 0.443803
rank 7 | iter 3 | objfunc_time: 12.531521 | solver_time: 5.695364 | construction_time: 0.440513
rank 2 | iter 4 | objfunc_time: 12.537904 | solver_time: 5.736087 | construction_time: 0.445976
rank 0 | iter 4 | objfunc_time: 12.537904 | solver_time: 11.403284 | construction_time: 0.874760
rank 4 | iter 4 | objfunc_time: 12.537909 | solver_time: 5.712048 | construction_time: 0.437942
rank 6 | iter 4 | objfunc_time: 12.537901 | solver_time: 5.707583 | construction_time: 0.445867
rank 1 | iter 4 | objfunc_time: 12.537909 | solver_time: 5.697594 | construction_time: 0.440854
rank 5 | iter 4 | objfunc_time: 12.537911 | solver_time: 5.683948 | construction_time: 0.439032
rank 3 | iter 4 | objfunc_time: 12.537911 | solver_time: 5.710510 | construction_time: 0.440964
rank 7 | iter 4 | objfunc_time: 12.537908 | solver_time: 5.694269 | construction_time: 0.441276
rank 0 | iter 5 | objfunc_time: 12.521791 | solver_time: 11.391177 | construction_time: 0.875291
rank 7 | iter 5 | objfunc_time: 12.521789 | solver_time: 5.695945 | construction_time: 0.441355
rank 1 | iter 5 | objfunc_time: 12.521790 | solver_time: 5.697773 | construction_time: 0.441721
rank 5 | iter 5 | objfunc_time: 12.521791 | solver_time: 5.689749 | construction_time: 0.446746
rank 3 | iter 5 | objfunc_time: 12.521789 | solver_time: 5.716965 | construction_time: 0.442078
rank 2 | iter 5 | objfunc_time: 12.521788 | solver_time: 5.734597 | construction_time: 0.445250
rank 4 | iter 5 | objfunc_time: 12.521795 | solver_time: 5.719150 | construction_time: 0.437496
rank 6 | iter 5 | objfunc_time: 12.521789 | solver_time: 5.709428 | construction_time: 0.445961
rank 7 | iter 6 | objfunc_time: 12.529486 | solver_time: 5.701505 | construction_time: 0.441385
rank 0 | iter 6 | objfunc_time: 12.529485 | solver_time: 11.398921 | construction_time: 0.874678
rank 1 | iter 6 | objfunc_time: 12.529482 | solver_time: 5.697455 | construction_time: 0.440690
rank 5 | iter 6 | objfunc_time: 12.529483 | solver_time: 5.688201 | construction_time: 0.445891
rank 3 | iter 6 | objfunc_time: 12.529482 | solver_time: 5.715303 | construction_time: 0.442525
rank 2 | iter 6 | objfunc_time: 12.529480 | solver_time: 5.737607 | construction_time: 0.445101
rank 4 | iter 6 | objfunc_time: 12.529484 | solver_time: 5.714942 | construction_time: 0.437391
rank 6 | iter 6 | objfunc_time: 12.529480 | solver_time: 5.711348 | construction_time: 0.444610
rank 7 | iter 7 | objfunc_time: 12.528933 | solver_time: 5.692741 | construction_time: 0.441592
rank 0 | iter 7 | objfunc_time: 12.528934 | solver_time: 11.396969 | construction_time: 0.873906
rank 1 | iter 7 | objfunc_time: 12.528939 | solver_time: 5.696748 | construction_time: 0.440947
rank 5 | iter 7 | objfunc_time: 12.528936 | solver_time: 5.688829 | construction_time: 0.445350
rank 3 | iter 7 | objfunc_time: 12.528937 | solver_time: 5.715820 | construction_time: 0.441610
rank 4 | iter 7 | objfunc_time: 12.528932 | solver_time: 5.718265 | construction_time: 0.437602
rank 6 | iter 7 | objfunc_time: 12.528924 | solver_time: 5.713040 | construction_time: 0.442897
rank 2 | iter 7 | objfunc_time: 12.528930 | solver_time: 5.734933 | construction_time: 0.445295
rank 0 | iter 8 | objfunc_time: 12.519175 | solver_time: 11.392384 | construction_time: 0.872854
rank 5 | iter 8 | objfunc_time: 12.519173 | solver_time: 5.678789 | construction_time: 0.446015
rank 2 | iter 8 | objfunc_time: 12.519169 | solver_time: 5.736647 | construction_time: 0.443651
rank 1 | iter 8 | objfunc_time: 12.519176 | solver_time: 5.697914 | construction_time: 0.440428
rank 4 | iter 8 | objfunc_time: 12.519176 | solver_time: 5.715115 | construction_time: 0.437867
rank 3 | iter 8 | objfunc_time: 12.519171 | solver_time: 5.709230 | construction_time: 0.442430
rank 7 | iter 8 | objfunc_time: 12.519168 | solver_time: 5.695517 | construction_time: 0.440859
rank 6 | iter 8 | objfunc_time: 12.519165 | solver_time: 5.710895 | construction_time: 0.444605
rank 0 | iter 9 | objfunc_time: 12.527256 | solver_time: 11.400129 | construction_time: 0.873215
rank 1 | iter 9 | objfunc_time: 12.527255 | solver_time: 5.697975 | construction_time: 0.441445
rank 3 | iter 9 | objfunc_time: 12.527252 | solver_time: 5.715773 | construction_time: 0.442420
rank 2 | iter 9 | objfunc_time: 12.527250 | solver_time: 5.735220 | construction_time: 0.443172
rank 5 | iter 9 | objfunc_time: 12.527258 | solver_time: 5.680438 | construction_time: 0.446097
rank 4 | iter 9 | objfunc_time: 12.527258 | solver_time: 5.716073 | construction_time: 0.437064
rank 7 | iter 9 | objfunc_time: 12.527254 | solver_time: 5.692370 | construction_time: 0.441689
rank 6 | iter 9 | objfunc_time: 12.527252 | solver_time: 5.710901 | construction_time: 0.444292
rank 5 | iter 10 | objfunc_time: 12.530850 | solver_time: 5.683187 | construction_time: 0.445718
rank 7 | iter 10 | objfunc_time: 12.530843 | solver_time: 5.696616 | construction_time: 0.440810
rank 6 | iter 10 | objfunc_time: 12.530842 | solver_time: 5.711420 | construction_time: 0.445085
rank 2 | iter 10 | objfunc_time: 12.530840 | solver_time: 5.738062 | construction_time: 0.443945
rank 0 | iter 10 | objfunc_time: 12.530846 | solver_time: 11.398167 | construction_time: 0.874717
rank 1 | iter 10 | objfunc_time: 12.530848 | solver_time: 5.699912 | construction_time: 0.440506
rank 4 | iter 10 | objfunc_time: 12.530848 | solver_time: 5.718765 | construction_time: 0.437432
rank 3 | iter 10 | objfunc_time: 12.530842 | solver_time: 5.712405 | construction_time: 0.441845
rank 0 | iter 11 | objfunc_time: 12.530119 | solver_time: 11.394874 | construction_time: 0.875869
rank 1 | iter 11 | objfunc_time: 12.530127 | solver_time: 5.699823 | construction_time: 0.440600
rank 7 | iter 11 | objfunc_time: 12.530122 | solver_time: 5.694930 | construction_time: 0.440332
rank 6 | iter 11 | objfunc_time: 12.530113 | solver_time: 5.711673 | construction_time: 0.444494
rank 2 | iter 11 | objfunc_time: 12.530113 | solver_time: 5.736255 | construction_time: 0.444373
rank 5 | iter 11 | objfunc_time: 12.530126 | solver_time: 5.682263 | construction_time: 0.444929
rank 4 | iter 11 | objfunc_time: 12.530123 | solver_time: 5.716978 | construction_time: 0.437111
rank 3 | iter 11 | objfunc_time: 12.530125 | solver_time: 5.719113 | construction_time: 0.441906
  Mean: 12.5435s
  Std:  0.0449s
  Node energy/grad: 15001.2 J
  GPU energy/grad:  11193.1 J
  Other energy/grad: 1482.9 J

======================================================================
Benchmark completed
Results written to: /capstor/scratch/cscs/aboudaou/workspace/dalia/artifact/plotting/data/fig6_raw_results.csv
======================================================================
Job finished at Sat 14 Mar 2026 10:32:12 PM CET
