Parsed parameters:
  max_iter: 1000
  solver_min_p: 4
  profile: False
  precision: float64
  skip_jax: True
--- wa1: Coregional (3-variate) Spatio-Temporal Model (distributed, 4 nodes) ---
Distributed solver slicing: [128, 128, 128, 128]

___________________________________ 
___  __ \__    |__  /____  _/__    |
__  / / /_  /| |_  /  __  / __  /| |
_  /_/ /_  ___ |  /____/ /  _  ___ |
/_____/ /_/  |_/_____/___/  /_/  |_|

╔═══════════════════════════════════════════════════════╗
║               Parallelization strategies              ║
║ ╒═══════════════════════════════════════════╤═══════╕ ║
║ │ Participating Processes / Total Processes │ 4 / 4 │ ║
║ ├───────────────────────────────────────────┼───────┤ ║
║ │ Parallelization through F()               │   1   │ ║
║ ├───────────────────────────────────────────┼───────┤ ║
║ │ Parallelization through Q()               │   1   │ ║
║ ├───────────────────────────────────────────┼───────┤ ║
║ │ Parallelization through S()               │   4   │ ║
║ ╘═══════════════════════════════════════════╧═══════╛ ║
╚═══════════════════════════════════════════════════════╝
╔═══════════════════════════════╗
║  Enabled Performance modules  ║
║ ╒═══════════════════╤═══════╕ ║
║ │ Array module      │ cupy  │ ║
║ ├───────────────────┼───────┤ ║
║ │ MPI available     │ True  │ ║
║ ├───────────────────┼───────┤ ║
║ │ Is MPI CUDA aware │ False │ ║
║ ├───────────────────┼───────┤ ║
║ │ Is NCCL available │ False │ ║
║ ╘═══════════════════╧═══════╛ ║
╚═══════════════════════════════╝
╔═══════════════════════════════════════╗
║             Memory Report             ║
║ ╒════════════════════════╤══════════╕ ║
║ │ Solver memory          │ 41.72 GB │ ║
║ ├────────────────────────┼──────────┤ ║
║ │ Total memory used      │ 56.33 GB │ ║
║ ├────────────────────────┼──────────┤ ║
║ │ Total memory available │ 56.81 GB │ ║
║ ╘════════════════════════╧══════════╛ ║
╚═══════════════════════════════════════╝
DALIA initialized.
Parsed parameters:
  max_iter: 1000
  solver_min_p: 4
  profile: False
  precision: float64
  skip_jax: True
rank 1 | iter 1 | objfunc_time: 260.566206 | solver_time: 200.457991 | construction_time: 46.359548 | energy: node=286335J gpu=208639J cpu=39823J (1099W)
Allocated an extra 0.48 GB for BTA_mapping caching (total: 42.20)
Starting optimization.
Using finite differences (eps=0.001)
rank 0 | iter 1 | objfunc_time: 260.566219 | solver_time: 180.413825 | construction_time: 68.571417 | energy: node=263978J gpu=167231J cpu=43123J (1013W)
Parsed parameters:
  max_iter: 1000
  solver_min_p: 4
  profile: False
  precision: float64
  skip_jax: True
rank 3 | iter 1 | objfunc_time: 260.566231 | solver_time: 201.311528 | construction_time: 46.315650 | energy: node=286191J gpu=212403J cpu=43251J (1098W)
Parsed parameters:
  max_iter: 1000
  solver_min_p: 4
  profile: False
  precision: float64
  skip_jax: True
rank 2 | iter 1 | objfunc_time: 260.566229 | solver_time: 202.150184 | construction_time: 45.992545 | energy: node=285708J gpu=206838J cpu=38588J (1096W)
comm_rank: 1 | Iteration:  1 (took: 260.57) | Theta: [ 0.886207,  0.594248,  8.009124,  0.933178,  0.244546,  8.009079,  0.265207,  0.573431,  8.099479, -0.000910,  1.248979,  0.010376, -1.027928,  1.038453,  0.493877] | Function Value: -10616134.723573 | Gradient: [ 333530.596256, -85590.915680, -57992.600441, -422309.951782,  115384.507179, -94591.046333,  7702.624798, -4704.255104, -142157.627583, -162673.920631,  236563.628674,  12470.712662, -83941.513062,  113545.835018,  33645.699978] |  Norm(Grad): [ 668191.696720]
comm_rank: 0 | Iteration:  1 (took: 260.57) | Theta: [ 0.886207,  0.594248,  8.009124,  0.933178,  0.244546,  8.009079,  0.265207,  0.573431,  8.099479, -0.000910,  1.248979,  0.010376, -1.027928,  1.038453,  0.493877] | Function Value: -10616134.723573 | Gradient: [ 333530.596256, -85590.915680, -57992.600441, -422309.951782,  115384.507179, -94591.046333,  7702.624798, -4704.255104, -142157.627583, -162673.920631,  236563.628674,  12470.712662, -83941.513062,  113545.835018,  33645.699978] |  Norm(Grad): [ 668191.696720]
comm_rank: 3 | Iteration:  1 (took: 260.57) | Theta: [ 0.886207,  0.594248,  8.009124,  0.933178,  0.244546,  8.009079,  0.265207,  0.573431,  8.099479, -0.000910,  1.248979,  0.010376, -1.027928,  1.038453,  0.493877] | Function Value: -10616134.723573 | Gradient: [ 333530.596256, -85590.915680, -57992.600441, -422309.951782,  115384.507179, -94591.046333,  7702.624798, -4704.255104, -142157.627583, -162673.920631,  236563.628674,  12470.712662, -83941.513062,  113545.835018,  33645.699978] |  Norm(Grad): [ 668191.696720]
comm_rank: 2 | Iteration:  1 (took: 260.57) | Theta: [ 0.886207,  0.594248,  8.009124,  0.933178,  0.244546,  8.009079,  0.265207,  0.573431,  8.099479, -0.000910,  1.248979,  0.010376, -1.027928,  1.038453,  0.493877] | Function Value: -10616134.723573 | Gradient: [ 333530.596256, -85590.915680, -57992.600441, -422309.951782,  115384.507179, -94591.046333,  7702.624798, -4704.255104, -142157.627583, -162673.920631,  236563.628674,  12470.712662, -83941.513062,  113545.835018,  33645.699978] |  Norm(Grad): [ 668191.696720]
rank 1 | iter 2 | objfunc_time: 259.126876 | solver_time: 200.359157 | construction_time: 46.409312 | energy: node=284833J gpu=209088J cpu=39344J (1099W)
comm_rank: 1 | Iteration:  2 (took: 259.13) | Theta: [ 0.853845,  0.602553,  8.014640,  0.973821,  0.233440,  8.017824,  0.260997,  0.574803,  8.112864,  0.014881,  1.226208,  0.011022, -1.019845,  1.027202,  0.490576] | Function Value: -10653052.398219 | Gradient: [ 196683.617592, -49656.885624, -65561.104774, -305990.574360,  84694.886684, -90572.360039, -1082.726479, -1929.379940, -139271.015167, -89957.596302,  174753.190041,  18628.700256, -103915.520668,  107707.252502,  32935.361862] |  Norm(Grad): [ 486126.248264]
rank 0 | iter 2 | objfunc_time: 259.126836 | solver_time: 179.968087 | construction_time: 68.311570 | energy: node=262511J gpu=167152J cpu=42970J (1013W)
comm_rank: 0 | Iteration:  2 (took: 259.13) | Theta: [ 0.853845,  0.602553,  8.014640,  0.973821,  0.233440,  8.017824,  0.260997,  0.574803,  8.112864,  0.014881,  1.226208,  0.011022, -1.019845,  1.027202,  0.490576] | Function Value: -10653052.398219 | Gradient: [ 196683.617592, -49656.885624, -65561.104774, -305990.574360,  84694.886684, -90572.360039, -1082.726479, -1929.379940, -139271.015167, -89957.596302,  174753.190041,  18628.700256, -103915.520668,  107707.252502,  32935.361862] |  Norm(Grad): [ 486126.248264]
rank 2 | iter 2 | objfunc_time: 259.126855 | solver_time: 200.515425 | construction_time: 46.212390 | energy: node=284381J gpu=206169J cpu=38369J (1097W)
comm_rank: 2 | Iteration:  2 (took: 259.13) | Theta: [ 0.853845,  0.602553,  8.014640,  0.973821,  0.233440,  8.017824,  0.260997,  0.574803,  8.112864,  0.014881,  1.226208,  0.011022, -1.019845,  1.027202,  0.490576] | Function Value: -10653052.398219 | Gradient: [ 196683.617592, -49656.885624, -65561.104774, -305990.574360,  84694.886684, -90572.360039, -1082.726479, -1929.379940, -139271.015167, -89957.596302,  174753.190041,  18628.700256, -103915.520668,  107707.252502,  32935.361862] |  Norm(Grad): [ 486126.248264]
rank 3 | iter 2 | objfunc_time: 259.126874 | solver_time: 199.753477 | construction_time: 46.455103 | energy: node=284836J gpu=211716J cpu=42999J (1099W)
comm_rank: 3 | Iteration:  2 (took: 259.13) | Theta: [ 0.853845,  0.602553,  8.014640,  0.973821,  0.233440,  8.017824,  0.260997,  0.574803,  8.112864,  0.014881,  1.226208,  0.011022, -1.019845,  1.027202,  0.490576] | Function Value: -10653052.398219 | Gradient: [ 196683.617592, -49656.885624, -65561.104774, -305990.574360,  84694.886684, -90572.360039, -1082.726479, -1929.379940, -139271.015167, -89957.596302,  174753.190041,  18628.700256, -103915.520668,  107707.252502,  32935.361862] |  Norm(Grad): [ 486126.248264]
rank 1 | iter 3 | objfunc_time: 259.832475 | solver_time: 201.263848 | construction_time: 46.261667 | energy: node=284391J gpu=208407J cpu=39283J (1094W)
comm_rank: 1 | Iteration:  3 (took: 259.83) | Theta: [ 0.793481,  0.617253,  8.055024,  1.103764,  0.196863,  8.066318,  0.245180,  0.580096,  8.190205,  0.038553,  1.150131,  0.008458, -0.952049,  0.965647,  0.471533] | Function Value: -10708475.277728 | Gradient: [-18656.180859,  7261.877537, -58515.207291,  159053.467274, -36375.308514, -63710.254192, -30504.384518,  7961.671829, -123870.668411,  25617.280006, -68923.424721,  40486.675739, -176914.679527,  86949.463367,  29232.853889] |  Norm(Grad): [ 312413.600554]
rank 0 | iter 3 | objfunc_time: 259.831933 | solver_time: 181.018509 | construction_time: 68.297993 | energy: node=261712J gpu=166476J cpu=42600J (1007W)
comm_rank: 0 | Iteration:  3 (took: 259.83) | Theta: [ 0.793481,  0.617253,  8.055024,  1.103764,  0.196863,  8.066318,  0.245180,  0.580096,  8.190205,  0.038553,  1.150131,  0.008458, -0.952049,  0.965647,  0.471533] | Function Value: -10708475.277728 | Gradient: [-18656.180859,  7261.877537, -58515.207291,  159053.467274, -36375.308514, -63710.254192, -30504.384518,  7961.671829, -123870.668411,  25617.280006, -68923.424721,  40486.675739, -176914.679527,  86949.463367,  29232.853889] |  Norm(Grad): [ 312413.600554]
rank 2 | iter 3 | objfunc_time: 259.831261 | solver_time: 201.097684 | construction_time: 46.330311 | energy: node=284156J gpu=204416J cpu=38299J (1093W)
comm_rank: 2 | Iteration:  3 (took: 259.83) | Theta: [ 0.793481,  0.617253,  8.055024,  1.103764,  0.196863,  8.066318,  0.245180,  0.580096,  8.190205,  0.038553,  1.150131,  0.008458, -0.952049,  0.965647,  0.471533] | Function Value: -10708475.277728 | Gradient: [-18656.180859,  7261.877537, -58515.207291,  159053.467274, -36375.308514, -63710.254192, -30504.384518,  7961.671829, -123870.668411,  25617.280006, -68923.424721,  40486.675739, -176914.679527,  86949.463367,  29232.853889] |  Norm(Grad): [ 312413.600554]
rank 3 | iter 3 | objfunc_time: 259.858909 | solver_time: 199.854045 | construction_time: 46.323244 | energy: node=283905J gpu=212112J cpu=43047J (1093W)
comm_rank: 3 | Iteration:  3 (took: 259.86) | Theta: [ 0.793481,  0.617253,  8.055024,  1.103764,  0.196863,  8.066318,  0.245180,  0.580096,  8.190205,  0.038553,  1.150131,  0.008458, -0.952049,  0.965647,  0.471533] | Function Value: -10708475.277728 | Gradient: [-18656.180859,  7261.877537, -58515.207291,  159053.467274, -36375.308514, -63710.254192, -30504.384518,  7961.671829, -123870.668411,  25617.280006, -68923.424721,  40486.675739, -176914.679527,  86949.463367,  29232.853889] |  Norm(Grad): [ 312413.600554]
rank 0 | iter 4 | objfunc_time: 260.147769 | solver_time: 181.293262 | construction_time: 68.289275 | energy: node=261432J gpu=166559J cpu=42581J (1005W)
comm_rank: 0 | Iteration:  4 (took: 260.15) | Theta: [ 0.770567,  0.622324,  8.080292,  1.100388,  0.195618,  8.095472,  0.241712,  0.581353,  8.243300,  0.044271,  1.145820,  0.000960, -0.887672,  0.925134,  0.458524] | Function Value: -10732076.940761 | Gradient: [-71899.873734,  21532.601833, -59134.035110,  139937.005520, -31295.379639, -56547.549725, -25585.477829,  7260.606766, -113166.230202,  54872.029305, -58727.976799,  39792.941093, -170926.184654,  82857.979298,  30402.973175] |  Norm(Grad): [ 302410.876870]
rank 3 | iter 4 | objfunc_time: 260.176285 | solver_time: 201.403984 | construction_time: 46.304190 | energy: node=283520J gpu=211452J cpu=42883J (1090W)
comm_rank: 3 | Iteration:  4 (took: 260.18) | Theta: [ 0.770567,  0.622324,  8.080292,  1.100388,  0.195618,  8.095472,  0.241712,  0.581353,  8.243300,  0.044271,  1.145820,  0.000960, -0.887672,  0.925134,  0.458524] | Function Value: -10732076.940761 | Gradient: [-71899.873734,  21532.601833, -59134.035110,  139937.005520, -31295.379639, -56547.549725, -25585.477829,  7260.606766, -113166.230202,  54872.029305, -58727.976799,  39792.941093, -170926.184654,  82857.979298,  30402.973175] |  Norm(Grad): [ 302410.876870]
rank 2 | iter 4 | objfunc_time: 260.147460 | solver_time: 201.317395 | construction_time: 46.340400 | energy: node=283867J gpu=206424J cpu=38267J (1091W)
comm_rank: 2 | Iteration:  4 (took: 260.15) | Theta: [ 0.770567,  0.622324,  8.080292,  1.100388,  0.195618,  8.095472,  0.241712,  0.581353,  8.243300,  0.044271,  1.145820,  0.000960, -0.887672,  0.925134,  0.458524] | Function Value: -10732076.940761 | Gradient: [-71899.873734,  21532.601833, -59134.035110,  139937.005520, -31295.379639, -56547.549725, -25585.477829,  7260.606766, -113166.230202,  54872.029305, -58727.976799,  39792.941093, -170926.184654,  82857.979298,  30402.973175] |  Norm(Grad): [ 302410.876870]
rank 1 | iter 4 | objfunc_time: 260.148182 | solver_time: 199.643948 | construction_time: 46.497024 | energy: node=284281J gpu=206317J cpu=39212J (1093W)
comm_rank: 1 | Iteration:  4 (took: 260.15) | Theta: [ 0.770567,  0.622324,  8.080292,  1.100388,  0.195618,  8.095472,  0.241712,  0.581353,  8.243300,  0.044271,  1.145820,  0.000960, -0.887672,  0.925134,  0.458524] | Function Value: -10732076.940761 | Gradient: [-71899.873734,  21532.601833, -59134.035110,  139937.005520, -31295.379639, -56547.549725, -25585.477829,  7260.606766, -113166.230202,  54872.029305, -58727.976799,  39792.941093, -170926.184654,  82857.979298,  30402.973175] |  Norm(Grad): [ 302410.876870]
rank 0 | iter 5 | objfunc_time: 259.168960 | solver_time: 180.161470 | construction_time: 68.210370 | energy: node=261117J gpu=166678J cpu=42645J (1008W)
comm_rank: 0 | Iteration:  5 (took: 259.17) | Theta: [ 0.649650,  0.637883,  8.463930,  1.123796,  0.156002,  8.502320,  0.175090,  0.600767,  9.000895,  0.003807,  1.038455, -0.117960,  0.072266,  0.326483,  0.252933] | Function Value: -10853360.504467 | Gradient: [-189555.587769,  53826.258659,  29244.178772,  329799.718857, -78591.633797,  94796.414375,  67035.581589, -10737.405777,  105667.110443,  122957.799911, -153507.936478,  13075.838089,  13118.083954,  22588.477135,  30735.449791] |  Norm(Grad): [ 468903.554988]
rank 3 | iter 5 | objfunc_time: 259.168972 | solver_time: 200.869992 | construction_time: 45.977542 | energy: node=282931J gpu=213114J cpu=42715J (1092W)
comm_rank: 3 | Iteration:  5 (took: 259.17) | Theta: [ 0.649650,  0.637883,  8.463930,  1.123796,  0.156002,  8.502320,  0.175090,  0.600767,  9.000895,  0.003807,  1.038455, -0.117960,  0.072266,  0.326483,  0.252933] | Function Value: -10853360.504467 | Gradient: [-189555.587769,  53826.258659,  29244.178772,  329799.718857, -78591.633797,  94796.414375,  67035.581589, -10737.405777,  105667.110443,  122957.799911, -153507.936478,  13075.838089,  13118.083954,  22588.477135,  30735.449791] |  Norm(Grad): [ 468903.554988]
rank 2 | iter 5 | objfunc_time: 259.168967 | solver_time: 200.465334 | construction_time: 46.205313 | energy: node=283040J gpu=205677J cpu=38136J (1092W)
comm_rank: 2 | Iteration:  5 (took: 259.17) | Theta: [ 0.649650,  0.637883,  8.463930,  1.123796,  0.156002,  8.502320,  0.175090,  0.600767,  9.000895,  0.003807,  1.038455, -0.117960,  0.072266,  0.326483,  0.252933] | Function Value: -10853360.504467 | Gradient: [-189555.587769,  53826.258659,  29244.178772,  329799.718857, -78591.633797,  94796.414375,  67035.581589, -10737.405777,  105667.110443,  122957.799911, -153507.936478,  13075.838089,  13118.083954,  22588.477135,  30735.449791] |  Norm(Grad): [ 468903.554988]
rank 1 | iter 5 | objfunc_time: 259.168978 | solver_time: 199.423398 | construction_time: 46.537736 | energy: node=283836J gpu=208632J cpu=39271J (1095W)
comm_rank: 1 | Iteration:  5 (took: 259.17) | Theta: [ 0.649650,  0.637883,  8.463930,  1.123796,  0.156002,  8.502320,  0.175090,  0.600767,  9.000895,  0.003807,  1.038455, -0.117960,  0.072266,  0.326483,  0.252933] | Function Value: -10853360.504467 | Gradient: [-189555.587769,  53826.258659,  29244.178772,  329799.718857, -78591.633797,  94796.414375,  67035.581589, -10737.405777,  105667.110443,  122957.799911, -153507.936478,  13075.838089,  13118.083954,  22588.477135,  30735.449791] |  Norm(Grad): [ 468903.554988]
rank 0 | iter 6 | objfunc_time: 260.690314 | solver_time: 179.775159 | construction_time: 68.950179 | energy: node=263046J gpu=167801J cpu=42931J (1009W)
comm_rank: 0 | Iteration:  6 (took: 260.69) | Theta: [ 0.687277,  0.623933,  8.365925,  1.026106,  0.173476,  8.330005,  0.170133,  0.592493,  8.750564, -0.038002,  1.069304, -0.170065, -0.157397,  0.355039,  0.227644] | Function Value: -10896942.259401 | Gradient: [-57342.081070,  18074.604988,  1683.172226, -77101.404190,  26381.241798,  4573.544502,  84535.545349, -17937.099457,  21518.963814,  49572.978973,  57206.530571, -2970.560074, -37420.563698,  25774.668694,  28299.149513] |  Norm(Grad): [ 163751.585666]
rank 2 | iter 6 | objfunc_time: 260.687947 | solver_time: 201.632584 | construction_time: 46.514776 | energy: node=284957J gpu=206230J cpu=38414J (1093W)
comm_rank: 2 | Iteration:  6 (took: 260.69) | Theta: [ 0.687277,  0.623933,  8.365925,  1.026106,  0.173476,  8.330005,  0.170133,  0.592493,  8.750564, -0.038002,  1.069304, -0.170065, -0.157397,  0.355039,  0.227644] | Function Value: -10896942.259401 | Gradient: [-57342.081070,  18074.604988,  1683.172226, -77101.404190,  26381.241798,  4573.544502,  84535.545349, -17937.099457,  21518.963814,  49572.978973,  57206.530571, -2970.560074, -37420.563698,  25774.668694,  28299.149513] |  Norm(Grad): [ 163751.585666]
rank 3 | iter 6 | objfunc_time: 260.548802 | solver_time: 200.629233 | construction_time: 46.366289 | energy: node=285124J gpu=212846J cpu=43138J (1094W)
comm_rank: 3 | Iteration:  6 (took: 260.55) | Theta: [ 0.687277,  0.623933,  8.365925,  1.026106,  0.173476,  8.330005,  0.170133,  0.592493,  8.750564, -0.038002,  1.069304, -0.170065, -0.157397,  0.355039,  0.227644] | Function Value: -10896942.259401 | Gradient: [-57342.081070,  18074.604988,  1683.172226, -77101.404190,  26381.241798,  4573.544502,  84535.545349, -17937.099457,  21518.963814,  49572.978973,  57206.530571, -2970.560074, -37420.563698,  25774.668694,  28299.149513] |  Norm(Grad): [ 163751.585666]
rank 1 | iter 6 | objfunc_time: 260.717188 | solver_time: 201.052182 | construction_time: 46.513484 | energy: node=285489J gpu=207745J cpu=39441J (1095W)
comm_rank: 1 | Iteration:  6 (took: 260.72) | Theta: [ 0.687277,  0.623933,  8.365925,  1.026106,  0.173476,  8.330005,  0.170133,  0.592493,  8.750564, -0.038002,  1.069304, -0.170065, -0.157397,  0.355039,  0.227644] | Function Value: -10896942.259401 | Gradient: [-57342.081070,  18074.604988,  1683.172226, -77101.404190,  26381.241798,  4573.544502,  84535.545349, -17937.099457,  21518.963814,  49572.978973,  57206.530571, -2970.560074, -37420.563698,  25774.668694,  28299.149513] |  Norm(Grad): [ 163751.585666]
rank 0 | iter 7 | objfunc_time: 259.959571 | solver_time: 180.124768 | construction_time: 68.697164 | energy: node=263321J gpu=167460J cpu=43013J (1013W)
comm_rank: 0 | Iteration:  7 (took: 259.96) | Theta: [ 0.697399,  0.618478,  8.378657,  1.029442,  0.166761,  8.336049,  0.151080,  0.594727,  8.765029, -0.060859,  1.051677, -0.194078, -0.103786,  0.308007,  0.199521] | Function Value: -10903876.728851 | Gradient: [ 5923.111916,  1074.470520,  9374.984741, -41176.436424,  17149.666786,  8442.285538,  71456.714630, -14607.514381,  24975.631714,  15031.147957,  38640.086174,  4920.653343, -27550.990105,  20330.502510,  25409.698486] |  Norm(Grad): [ 108117.887686]
rank 1 | iter 7 | objfunc_time: 259.986433 | solver_time: 200.098006 | construction_time: 46.614161 | energy: node=286146J gpu=208413J cpu=39674J (1101W)
comm_rank: 1 | Iteration:  7 (took: 259.99) | Theta: [ 0.697399,  0.618478,  8.378657,  1.029442,  0.166761,  8.336049,  0.151080,  0.594727,  8.765029, -0.060859,  1.051677, -0.194078, -0.103786,  0.308007,  0.199521] | Function Value: -10903876.728851 | Gradient: [ 5923.111916,  1074.470520,  9374.984741, -41176.436424,  17149.666786,  8442.285538,  71456.714630, -14607.514381,  24975.631714,  15031.147957,  38640.086174,  4920.653343, -27550.990105,  20330.502510,  25409.698486] |  Norm(Grad): [ 108117.887686]
rank 2 | iter 7 | objfunc_time: 259.957524 | solver_time: 200.992573 | construction_time: 46.439989 | energy: node=285301J gpu=206670J cpu=38314J (1097W)
comm_rank: 2 | Iteration:  7 (took: 259.96) | Theta: [ 0.697399,  0.618478,  8.378657,  1.029442,  0.166761,  8.336049,  0.151080,  0.594727,  8.765029, -0.060859,  1.051677, -0.194078, -0.103786,  0.308007,  0.199521] | Function Value: -10903876.728851 | Gradient: [ 5923.111916,  1074.470520,  9374.984741, -41176.436424,  17149.666786,  8442.285538,  71456.714630, -14607.514381,  24975.631714,  15031.147957,  38640.086174,  4920.653343, -27550.990105,  20330.502510,  25409.698486] |  Norm(Grad): [ 108117.887686]
rank 3 | iter 7 | objfunc_time: 259.818229 | solver_time: 199.885186 | construction_time: 46.616713 | energy: node=286094J gpu=212643J cpu=43155J (1100W)
comm_rank: 3 | Iteration:  7 (took: 259.82) | Theta: [ 0.697399,  0.618478,  8.378657,  1.029442,  0.166761,  8.336049,  0.151080,  0.594727,  8.765029, -0.060859,  1.051677, -0.194078, -0.103786,  0.308007,  0.199521] | Function Value: -10903876.728851 | Gradient: [ 5923.111916,  1074.470520,  9374.984741, -41176.436424,  17149.666786,  8442.285538,  71456.714630, -14607.514381,  24975.631714,  15031.147957,  38640.086174,  4920.653343, -27550.990105,  20330.502510,  25409.698486] |  Norm(Grad): [ 108117.887686]
rank 1 | iter 8 | objfunc_time: 261.078529 | solver_time: 199.771827 | construction_time: 46.814968 | energy: node=286290J gpu=210235J cpu=39647J (1097W)
comm_rank: 1 | Iteration:  8 (took: 261.08) | Theta: [ 0.697062,  0.609809,  8.398616,  1.021609,  0.149653,  8.332206,  0.092155,  0.600296,  8.772536, -0.116656,  1.004061, -0.277577,  0.026082,  0.177624,  0.112637] | Function Value: -10913853.463469 | Gradient: [ 97527.884483, -23700.523376,  21406.356812,  14132.935524,  2983.258247,  9944.599152,  41366.724014, -8811.212540,  24606.642723, -35173.838615,  10232.569695,  19797.398567, -1271.539688,  4535.910606,  16467.741966] |  Norm(Grad): [ 123534.284019]
rank 2 | iter 8 | objfunc_time: 261.078505 | solver_time: 202.027623 | construction_time: 46.435993 | energy: node=285159J gpu=205948J cpu=38148J (1092W)
comm_rank: 2 | Iteration:  8 (took: 261.08) | Theta: [ 0.697062,  0.609809,  8.398616,  1.021609,  0.149653,  8.332206,  0.092155,  0.600296,  8.772536, -0.116656,  1.004061, -0.277577,  0.026082,  0.177624,  0.112637] | Function Value: -10913853.463469 | Gradient: [ 97527.884483, -23700.523376,  21406.356812,  14132.935524,  2983.258247,  9944.599152,  41366.724014, -8811.212540,  24606.642723, -35173.838615,  10232.569695,  19797.398567, -1271.539688,  4535.910606,  16467.741966] |  Norm(Grad): [ 123534.284019]
rank 3 | iter 8 | objfunc_time: 261.078517 | solver_time: 201.253189 | construction_time: 46.583335 | energy: node=286467J gpu=212816J cpu=43361J (1097W)
comm_rank: 3 | Iteration:  8 (took: 261.08) | Theta: [ 0.697062,  0.609809,  8.398616,  1.021609,  0.149653,  8.332206,  0.092155,  0.600296,  8.772536, -0.116656,  1.004061, -0.277577,  0.026082,  0.177624,  0.112637] | Function Value: -10913853.463469 | Gradient: [ 97527.884483, -23700.523376,  21406.356812,  14132.935524,  2983.258247,  9944.599152,  41366.724014, -8811.212540,  24606.642723, -35173.838615,  10232.569695,  19797.398567, -1271.539688,  4535.910606,  16467.741966] |  Norm(Grad): [ 123534.284019]
rank 0 | iter 8 | objfunc_time: 261.078511 | solver_time: 180.907948 | construction_time: 68.672034 | energy: node=263621J gpu=167597J cpu=42947J (1010W)
comm_rank: 0 | Iteration:  8 (took: 261.08) | Theta: [ 0.697062,  0.609809,  8.398616,  1.021609,  0.149653,  8.332206,  0.092155,  0.600296,  8.772536, -0.116656,  1.004061, -0.277577,  0.026082,  0.177624,  0.112637] | Function Value: -10913853.463469 | Gradient: [ 97527.884483, -23700.523376,  21406.356812,  14132.935524,  2983.258247,  9944.599152,  41366.724014, -8811.212540,  24606.642723, -35173.838615,  10232.569695,  19797.398567, -1271.539688,  4535.910606,  16467.741966] |  Norm(Grad): [ 123534.284019]
rank 3 | iter 9 | objfunc_time: 259.417322 | solver_time: 199.593835 | construction_time: 46.634966 | energy: node=283426J gpu=212908J cpu=42828J (1093W)
comm_rank: 3 | Iteration:  9 (took: 259.42) | Theta: [ 0.673554,  0.608313,  8.393153,  1.003813,  0.136243,  8.310365,  0.040205,  0.605256,  8.741900, -0.155401,  0.964947, -0.359904,  0.095657,  0.090814,  0.040854] | Function Value: -10920055.106026 | Gradient: [ 91185.991287, -22482.496262,  18619.602203,  28454.479218, -605.957031,  3159.763336,  23237.663269, -8384.268761,  13191.481590, -32439.483643,  3084.571362,  22478.302956,  13848.467827, -7548.681259,  8224.925041] |  Norm(Grad): [ 112493.852613]
rank 2 | iter 9 | objfunc_time: 259.107222 | solver_time: 200.223969 | construction_time: 46.334032 | energy: node=282293J gpu=205487J cpu=37707J (1088W)
comm_rank: 2 | Iteration:  9 (took: 259.11) | Theta: [ 0.673554,  0.608313,  8.393153,  1.003813,  0.136243,  8.310365,  0.040205,  0.605256,  8.741900, -0.155401,  0.964947, -0.359904,  0.095657,  0.090814,  0.040854] | Function Value: -10920055.106026 | Gradient: [ 91185.991287, -22482.496262,  18619.602203,  28454.479218, -605.957031,  3159.763336,  23237.663269, -8384.268761,  13191.481590, -32439.483643,  3084.571362,  22478.302956,  13848.467827, -7548.681259,  8224.925041] |  Norm(Grad): [ 112493.852613]
rank 1 | iter 9 | objfunc_time: 259.243073 | solver_time: 199.881940 | construction_time: 46.575232 | energy: node=283543J gpu=208446J cpu=39113J (1093W)
comm_rank: 1 | Iteration:  9 (took: 259.24) | Theta: [ 0.673554,  0.608313,  8.393153,  1.003813,  0.136243,  8.310365,  0.040205,  0.605256,  8.741900, -0.155401,  0.964947, -0.359904,  0.095657,  0.090814,  0.040854] | Function Value: -10920055.106026 | Gradient: [ 91185.991287, -22482.496262,  18619.602203,  28454.479218, -605.957031,  3159.763336,  23237.663269, -8384.268761,  13191.481590, -32439.483643,  3084.571362,  22478.302956,  13848.467827, -7548.681259,  8224.925041] |  Norm(Grad): [ 112493.852613]
rank 0 | iter 9 | objfunc_time: 259.417357 | solver_time: 180.550458 | construction_time: 68.257707 | energy: node=260598J gpu=168626J cpu=42067J (1005W)
comm_rank: 0 | Iteration:  9 (took: 259.42) | Theta: [ 0.673554,  0.608313,  8.393153,  1.003813,  0.136243,  8.310365,  0.040205,  0.605256,  8.741900, -0.155401,  0.964947, -0.359904,  0.095657,  0.090814,  0.040854] | Function Value: -10920055.106026 | Gradient: [ 91185.991287, -22482.496262,  18619.602203,  28454.479218, -605.957031,  3159.763336,  23237.663269, -8384.268761,  13191.481590, -32439.483643,  3084.571362,  22478.302956,  13848.467827, -7548.681259,  8224.925041] |  Norm(Grad): [ 112493.852613]
rank 1 | iter 10 | objfunc_time: 259.619051 | solver_time: 199.668838 | construction_time: 46.649019 | energy: node=284149J gpu=206884J cpu=39197J (1094W)
comm_rank: 1 | Iteration: 10 (took: 259.62) | Theta: [ 0.611988,  0.610700,  8.354060,  0.948760,  0.107482,  8.296486, -0.058113,  0.637855,  8.686359, -0.235806,  0.879009, -0.530542,  0.123086,  0.040159, -0.057703] | Function Value: -10928205.883608 | Gradient: [ 36345.922470, -9035.352707,  448.394775,  19528.156281,  2093.867302, -2366.805077, -4717.249870, -15594.059944, -6696.955681, -4553.296089,  8648.612976,  8802.129745,  19950.131416, -18665.879250, -7291.192055] |  Norm(Grad): [ 55471.333238]
rank 0 | iter 10 | objfunc_time: 259.619042 | solver_time: 180.809248 | construction_time: 68.208083 | energy: node=260781J gpu=167974J cpu=41931J (1004W)
rank 3 | iter 10 | objfunc_time: 259.589773 | solver_time: 199.821957 | construction_time: 46.578747 | energy: node=284128J gpu=211231J cpu=42901J (1094W)
comm_rank: 0 | Iteration: 10 (took: 259.62) | Theta: [ 0.611988,  0.610700,  8.354060,  0.948760,  0.107482,  8.296486, -0.058113,  0.637855,  8.686359, -0.235806,  0.879009, -0.530542,  0.123086,  0.040159, -0.057703] | Function Value: -10928205.883608 | Gradient: [ 36345.922470, -9035.352707,  448.394775,  19528.156281,  2093.867302, -2366.805077, -4717.249870, -15594.059944, -6696.955681, -4553.296089,  8648.612976,  8802.129745,  19950.131416, -18665.879250, -7291.192055] |  Norm(Grad): [ 55471.333238]
rank 2 | iter 10 | objfunc_time: 259.308865 | solver_time: 200.646747 | construction_time: 46.222456 | energy: node=282938J gpu=205851J cpu=37782J (1090W)
comm_rank: 3 | Iteration: 10 (took: 259.59) | Theta: [ 0.611988,  0.610700,  8.354060,  0.948760,  0.107482,  8.296486, -0.058113,  0.637855,  8.686359, -0.235806,  0.879009, -0.530542,  0.123086,  0.040159, -0.057703] | Function Value: -10928205.883608 | Gradient: [ 36345.922470, -9035.352707,  448.394775,  19528.156281,  2093.867302, -2366.805077, -4717.249870, -15594.059944, -6696.955681, -4553.296089,  8648.612976,  8802.129745,  19950.131416, -18665.879250, -7291.192055] |  Norm(Grad): [ 55471.333238]
comm_rank: 2 | Iteration: 10 (took: 259.31) | Theta: [ 0.611988,  0.610700,  8.354060,  0.948760,  0.107482,  8.296486, -0.058113,  0.637855,  8.686359, -0.235806,  0.879009, -0.530542,  0.123086,  0.040159, -0.057703] | Function Value: -10928205.883608 | Gradient: [ 36345.922470, -9035.352707,  448.394775,  19528.156281,  2093.867302, -2366.805077, -4717.249870, -15594.059944, -6696.955681, -4553.296089,  8648.612976,  8802.129745,  19950.131416, -18665.879250, -7291.192055] |  Norm(Grad): [ 55471.333238]
rank 0 | iter 11 | objfunc_time: 260.494376 | solver_time: 179.415586 | construction_time: 68.868621 | energy: node=261675J gpu=167644J cpu=42293J (1005W)
comm_rank: 0 | Iteration: 11 (took: 260.49) | Theta: [ 0.571292,  0.615862,  8.331134,  0.909529,  0.088009,  8.296171, -0.091668,  0.685118,  8.664549, -0.283380,  0.821232, -0.602589,  0.075993,  0.090672, -0.069509] | Function Value: -10932302.388000 | Gradient: [-6169.505119,  1540.347099, -10843.050003,  7853.720665,  5395.735741, -3357.264519, -19365.761757, -18047.498703, -14464.559555,  17404.626846,  15392.692566,  3877.112389,  9523.697853, -10925.160408, -10409.081459] |  Norm(Grad): [ 45203.303890]
rank 3 | iter 11 | objfunc_time: 260.494386 | solver_time: 200.881436 | construction_time: 46.413573 | energy: node=285254J gpu=213783J cpu=43048J (1095W)
comm_rank: 3 | Iteration: 11 (took: 260.49) | Theta: [ 0.571292,  0.615862,  8.331134,  0.909529,  0.088009,  8.296171, -0.091668,  0.685118,  8.664549, -0.283380,  0.821232, -0.602589,  0.075993,  0.090672, -0.069509] | Function Value: -10932302.388000 | Gradient: [-6169.505119,  1540.347099, -10843.050003,  7853.720665,  5395.735741, -3357.264519, -19365.761757, -18047.498703, -14464.559555,  17404.626846,  15392.692566,  3877.112389,  9523.697853, -10925.160408, -10409.081459] |  Norm(Grad): [ 45203.303890]
rank 1 | iter 11 | objfunc_time: 260.494384 | solver_time: 201.157667 | construction_time: 46.524924 | energy: node=285493J gpu=207271J cpu=39675J (1096W)
comm_rank: 1 | Iteration: 11 (took: 260.49) | Theta: [ 0.571292,  0.615862,  8.331134,  0.909529,  0.088009,  8.296171, -0.091668,  0.685118,  8.664549, -0.283380,  0.821232, -0.602589,  0.075993,  0.090672, -0.069509] | Function Value: -10932302.388000 | Gradient: [-6169.505119,  1540.347099, -10843.050003,  7853.720665,  5395.735741, -3357.264519, -19365.761757, -18047.498703, -14464.559555,  17404.626846,  15392.692566,  3877.112389,  9523.697853, -10925.160408, -10409.081459] |  Norm(Grad): [ 45203.303890]
rank 2 | iter 11 | objfunc_time: 260.494367 | solver_time: 201.763509 | construction_time: 46.331933 | energy: node=284385J gpu=206995J cpu=37982J (1092W)
comm_rank: 2 | Iteration: 11 (took: 260.49) | Theta: [ 0.571292,  0.615862,  8.331134,  0.909529,  0.088009,  8.296171, -0.091668,  0.685118,  8.664549, -0.283380,  0.821232, -0.602589,  0.075993,  0.090672, -0.069509] | Function Value: -10932302.388000 | Gradient: [-6169.505119,  1540.347099, -10843.050003,  7853.720665,  5395.735741, -3357.264519, -19365.761757, -18047.498703, -14464.559555,  17404.626846,  15392.692566,  3877.112389,  9523.697853, -10925.160408, -10409.081459] |  Norm(Grad): [ 45203.303890]
rank 1 | iter 12 | objfunc_time: 260.032269 | solver_time: 199.995838 | construction_time: 46.698614 | energy: node=285928J gpu=207177J cpu=39820J (1099W)
rank 0 | iter 12 | objfunc_time: 260.033710 | solver_time: 180.673143 | construction_time: 68.417108 | energy: node=262701J gpu=167933J cpu=42532J (1010W)
rank 3 | iter 12 | objfunc_time: 260.032525 | solver_time: 200.138033 | construction_time: 46.678028 | energy: node=285696J gpu=211888J cpu=42997J (1099W)
comm_rank: 1 | Iteration: 12 (took: 260.03) | Theta: [ 0.517086,  0.624466,  8.322355,  0.848641,  0.057618,  8.308658, -0.115688,  0.776468,  8.671700, -0.355917,  0.731402, -0.677958,  0.009354,  0.176560, -0.059592] | Function Value: -10936611.074415 | Gradient: [-45746.933937,  10740.151405, -16921.893120, -4566.431999,  9028.159142, -317.913055, -29107.622147, -20905.943871, -13875.050545,  36786.660194,  22908.241272, -2039.201736, -5182.489395,  6109.483719, -9763.045311] |  Norm(Grad): [ 78201.526624]
comm_rank: 0 | Iteration: 12 (took: 260.03) | Theta: [ 0.517086,  0.624466,  8.322355,  0.848641,  0.057618,  8.308658, -0.115688,  0.776468,  8.671700, -0.355917,  0.731402, -0.677958,  0.009354,  0.176560, -0.059592] | Function Value: -10936611.074415 | Gradient: [-45746.933937,  10740.151405, -16921.893120, -4566.431999,  9028.159142, -317.913055, -29107.622147, -20905.943871, -13875.050545,  36786.660194,  22908.241272, -2039.201736, -5182.489395,  6109.483719, -9763.045311] |  Norm(Grad): [ 78201.526624]
comm_rank: 3 | Iteration: 12 (took: 260.03) | Theta: [ 0.517086,  0.624466,  8.322355,  0.848641,  0.057618,  8.308658, -0.115688,  0.776468,  8.671700, -0.355917,  0.731402, -0.677958,  0.009354,  0.176560, -0.059592] | Function Value: -10936611.074415 | Gradient: [-45746.933937,  10740.151405, -16921.893120, -4566.431999,  9028.159142, -317.913055, -29107.622147, -20905.943871, -13875.050545,  36786.660194,  22908.241272, -2039.201736, -5182.489395,  6109.483719, -9763.045311] |  Norm(Grad): [ 78201.526624]
rank 2 | iter 12 | objfunc_time: 260.061669 | solver_time: 201.377448 | construction_time: 46.312218 | energy: node=284873J gpu=207279J cpu=38067J (1095W)
comm_rank: 2 | Iteration: 12 (took: 260.06) | Theta: [ 0.517086,  0.624466,  8.322355,  0.848641,  0.057618,  8.308658, -0.115688,  0.776468,  8.671700, -0.355917,  0.731402, -0.677958,  0.009354,  0.176560, -0.059592] | Function Value: -10936611.074415 | Gradient: [-45746.933937,  10740.151405, -16921.893120, -4566.431999,  9028.159142, -317.913055, -29107.622147, -20905.943871, -13875.050545,  36786.660194,  22908.241272, -2039.201736, -5182.489395,  6109.483719, -9763.045311] |  Norm(Grad): [ 78201.526624]
rank 0 | iter 13 | objfunc_time: 261.547927 | solver_time: 179.940676 | construction_time: 69.057644 | energy: node=265015J gpu=168490J cpu=42855J (1013W)
comm_rank: 0 | Iteration: 13 (took: 261.55) | Theta: [ 0.451826,  0.635652,  8.333496,  0.760653,  0.011520,  8.321665, -0.136230,  0.918600,  8.702518, -0.467140,  0.595678, -0.770498, -0.035471,  0.232836, -0.053105] | Function Value: -10941769.988739 | Gradient: [-58672.332764,  11290.236473, -14600.408554, -10117.189407,  10950.942993,  3102.270126, -35236.127853, -26254.982948, -6376.161575,  38466.061592,  27015.540123, -15520.102501, -15310.892105,  20505.264282, -10759.442329] |  Norm(Grad): [ 95956.025300]
rank 2 | iter 13 | objfunc_time: 261.576562 | solver_time: 202.643240 | construction_time: 46.481838 | energy: node=287470J gpu=208608J cpu=38514J (1099W)
rank 1 | iter 13 | objfunc_time: 261.548937 | solver_time: 200.855810 | construction_time: 46.777258 | energy: node=288460J gpu=208751J cpu=40292J (1103W)
comm_rank: 2 | Iteration: 13 (took: 261.58) | Theta: [ 0.451826,  0.635652,  8.333496,  0.760653,  0.011520,  8.321665, -0.136230,  0.918600,  8.702518, -0.467140,  0.595678, -0.770498, -0.035471,  0.232836, -0.053105] | Function Value: -10941769.988739 | Gradient: [-58672.332764,  11290.236473, -14600.408554, -10117.189407,  10950.942993,  3102.270126, -35236.127853, -26254.982948, -6376.161575,  38466.061592,  27015.540123, -15520.102501, -15310.892105,  20505.264282, -10759.442329] |  Norm(Grad): [ 95956.025300]
comm_rank: 1 | Iteration: 13 (took: 261.55) | Theta: [ 0.451826,  0.635652,  8.333496,  0.760653,  0.011520,  8.321665, -0.136230,  0.918600,  8.702518, -0.467140,  0.595678, -0.770498, -0.035471,  0.232836, -0.053105] | Function Value: -10941769.988739 | Gradient: [-58672.332764,  11290.236473, -14600.408554, -10117.189407,  10950.942993,  3102.270126, -35236.127853, -26254.982948, -6376.161575,  38466.061592,  27015.540123, -15520.102501, -15310.892105,  20505.264282, -10759.442329] |  Norm(Grad): [ 95956.025300]
rank 3 | iter 13 | objfunc_time: 261.547403 | solver_time: 201.651797 | construction_time: 46.692267 | energy: node=288915J gpu=214004J cpu=43533J (1105W)
comm_rank: 3 | Iteration: 13 (took: 261.55) | Theta: [ 0.451826,  0.635652,  8.333496,  0.760653,  0.011520,  8.321665, -0.136230,  0.918600,  8.702518, -0.467140,  0.595678, -0.770498, -0.035471,  0.232836, -0.053105] | Function Value: -10941769.988739 | Gradient: [-58672.332764,  11290.236473, -14600.408554, -10117.189407,  10950.942993,  3102.270126, -35236.127853, -26254.982948, -6376.161575,  38466.061592,  27015.540123, -15520.102501, -15310.892105,  20505.264282, -10759.442329] |  Norm(Grad): [ 95956.025300]
rank 1 | iter 14 | objfunc_time: 260.632380 | solver_time: 199.990951 | construction_time: 46.616589 | energy: node=287066J gpu=208117J cpu=39457J (1101W)
comm_rank: 1 | Iteration: 14 (took: 260.63) | Theta: [ 0.271192,  0.686886,  8.363237,  0.482333, -0.138405,  8.344292, -0.116402,  1.414067,  8.774714, -0.791497,  0.156077, -0.953599, -0.121310,  0.319747, -0.003017] | Function Value: -10953606.035112 | Gradient: [-86556.652069,  1877.388954, -7168.169975,  2601.796150,  5357.388496,  8977.642059, -34929.521561, -31072.012901,  13191.987991,  16331.645966,  16360.073090, -51466.052055, -38545.886040,  56218.676567, -7908.897400] |  Norm(Grad): [ 133845.452062]
rank 0 | iter 14 | objfunc_time: 260.632957 | solver_time: 181.167290 | construction_time: 68.459565 | energy: node=263996J gpu=168272J cpu=42701J (1013W)
comm_rank: 0 | Iteration: 14 (took: 260.63) | Theta: [ 0.271192,  0.686886,  8.363237,  0.482333, -0.138405,  8.344292, -0.116402,  1.414067,  8.774714, -0.791497,  0.156077, -0.953599, -0.121310,  0.319747, -0.003017] | Function Value: -10953606.035112 | Gradient: [-86556.652069,  1877.388954, -7168.169975,  2601.796150,  5357.388496,  8977.642059, -34929.521561, -31072.012901,  13191.987991,  16331.645966,  16360.073090, -51466.052055, -38545.886040,  56218.676567, -7908.897400] |  Norm(Grad): [ 133845.452062]
rank 2 | iter 14 | objfunc_time: 260.632924 | solver_time: 201.549978 | construction_time: 46.554252 | energy: node=286359J gpu=205447J cpu=38402J (1099W)
rank 3 | iter 14 | objfunc_time: 260.661708 | solver_time: 200.950917 | construction_time: 46.633157 | energy: node=287497J gpu=213271J cpu=43347J (1103W)
comm_rank: 2 | Iteration: 14 (took: 260.63) | Theta: [ 0.271192,  0.686886,  8.363237,  0.482333, -0.138405,  8.344292, -0.116402,  1.414067,  8.774714, -0.791497,  0.156077, -0.953599, -0.121310,  0.319747, -0.003017] | Function Value: -10953606.035112 | Gradient: [-86556.652069,  1877.388954, -7168.169975,  2601.796150,  5357.388496,  8977.642059, -34929.521561, -31072.012901,  13191.987991,  16331.645966,  16360.073090, -51466.052055, -38545.886040,  56218.676567, -7908.897400] |  Norm(Grad): [ 133845.452062]
comm_rank: 3 | Iteration: 14 (took: 260.66) | Theta: [ 0.271192,  0.686886,  8.363237,  0.482333, -0.138405,  8.344292, -0.116402,  1.414067,  8.774714, -0.791497,  0.156077, -0.953599, -0.121310,  0.319747, -0.003017] | Function Value: -10953606.035112 | Gradient: [-86556.652069,  1877.388954, -7168.169975,  2601.796150,  5357.388496,  8977.642059, -34929.521561, -31072.012901,  13191.987991,  16331.645966,  16360.073090, -51466.052055, -38545.886040,  56218.676567, -7908.897400] |  Norm(Grad): [ 133845.452062]
rank 0 | iter 15 | objfunc_time: 260.418934 | solver_time: 181.373154 | construction_time: 68.443144 | energy: node=262123J gpu=167467J cpu=42192J (1007W)
comm_rank: 0 | Iteration: 15 (took: 260.42) | Theta: [ 0.267906,  0.751009,  8.392853,  0.377108, -0.189255,  8.355556, -0.029198,  1.621609,  8.801932, -0.818002, -0.002709, -0.907919, -0.099660,  0.254883,  0.036068] | Function Value: -10969258.410213 | Gradient: [-94616.711617,  3832.516670,  2549.530029, -4946.437836,  3550.617218,  11059.065819, -3238.327980, -32665.535927,  23288.532257,  20743.966103,  12709.827423, -19844.285965, -36403.763771,  37870.160103,  867.393494] |  Norm(Grad): [ 120409.925480]
rank 3 | iter 15 | objfunc_time: 260.418922 | solver_time: 200.520796 | construction_time: 46.817611 | energy: node=286061J gpu=212289J cpu=43116J (1098W)
comm_rank: 3 | Iteration: 15 (took: 260.42) | Theta: [ 0.267906,  0.751009,  8.392853,  0.377108, -0.189255,  8.355556, -0.029198,  1.621609,  8.801932, -0.818002, -0.002709, -0.907919, -0.099660,  0.254883,  0.036068] | Function Value: -10969258.410213 | Gradient: [-94616.711617,  3832.516670,  2549.530029, -4946.437836,  3550.617218,  11059.065819, -3238.327980, -32665.535927,  23288.532257,  20743.966103,  12709.827423, -19844.285965, -36403.763771,  37870.160103,  867.393494] |  Norm(Grad): [ 120409.925480]
rank 2 | iter 15 | objfunc_time: 260.418892 | solver_time: 201.358765 | construction_time: 46.532543 | energy: node=285325J gpu=204156J cpu=38168J (1096W)
comm_rank: 2 | Iteration: 15 (took: 260.42) | Theta: [ 0.267906,  0.751009,  8.392853,  0.377108, -0.189255,  8.355556, -0.029198,  1.621609,  8.801932, -0.818002, -0.002709, -0.907919, -0.099660,  0.254883,  0.036068] | Function Value: -10969258.410213 | Gradient: [-94616.711617,  3832.516670,  2549.530029, -4946.437836,  3550.617218,  11059.065819, -3238.327980, -32665.535927,  23288.532257,  20743.966103,  12709.827423, -19844.285965, -36403.763771,  37870.160103,  867.393494] |  Norm(Grad): [ 120409.925480]
rank 1 | iter 15 | objfunc_time: 260.418928 | solver_time: 199.935995 | construction_time: 46.719513 | energy: node=285408J gpu=207585J cpu=39187J (1096W)
comm_rank: 1 | Iteration: 15 (took: 260.42) | Theta: [ 0.267906,  0.751009,  8.392853,  0.377108, -0.189255,  8.355556, -0.029198,  1.621609,  8.801932, -0.818002, -0.002709, -0.907919, -0.099660,  0.254883,  0.036068] | Function Value: -10969258.410213 | Gradient: [-94616.711617,  3832.516670,  2549.530029, -4946.437836,  3550.617218,  11059.065819, -3238.327980, -32665.535927,  23288.532257,  20743.966103,  12709.827423, -19844.285965, -36403.763771,  37870.160103,  867.393494] |  Norm(Grad): [ 120409.925480]
rank 0 | iter 16 | objfunc_time: 260.240438 | solver_time: 181.246894 | construction_time: 68.374941 | energy: node=261712J gpu=166837J cpu=42102J (1005W)
rank 2 | iter 16 | objfunc_time: 260.414786 | solver_time: 201.357581 | construction_time: 46.487408 | energy: node=284644J gpu=207709J cpu=38116J (1093W)
rank 1 | iter 16 | objfunc_time: 260.414749 | solver_time: 200.675027 | construction_time: 46.576275 | energy: node=285379J gpu=207685J cpu=39108J (1096W)
rank 3 | iter 16 | objfunc_time: 260.385883 | solver_time: 200.632727 | construction_time: 46.680843 | energy: node=285657J gpu=212977J cpu=43041J (1097W)
rank 2 | iter 17 | objfunc_time: 260.086062 | solver_time: 201.252343 | construction_time: 46.316272 | energy: node=284992J gpu=207621J cpu=38109J (1096W)
comm_rank: 2 | Iteration: 16 (took: 260.09) | Theta: [ 0.279892,  0.878803,  8.404755,  0.176135, -0.290442,  8.345862,  0.053705,  2.042761,  8.779975, -0.892424, -0.326258, -0.959833, -0.036281,  0.107895,  0.045111] | Function Value: -10987256.392605 | Gradient: [-52466.378212, -9315.164566,  8920.515060,  4782.890320, -22260.795593,  6471.830368,  17104.774475, -41020.499229,  15878.165245, -7795.474052, -40588.726997, -34398.876190, -32191.678047,  11426.558495, -757.514000] |  Norm(Grad): [ 98821.476561]
rank 1 | iter 17 | objfunc_time: 260.085477 | solver_time: 199.953841 | construction_time: 46.711971 | energy: node=285020J gpu=208295J cpu=39142J (1096W)
comm_rank: 1 | Iteration: 16 (took: 260.09) | Theta: [ 0.279892,  0.878803,  8.404755,  0.176135, -0.290442,  8.345862,  0.053705,  2.042761,  8.779975, -0.892424, -0.326258, -0.959833, -0.036281,  0.107895,  0.045111] | Function Value: -10987256.392605 | Gradient: [-52466.378212, -9315.164566,  8920.515060,  4782.890320, -22260.795593,  6471.830368,  17104.774475, -41020.499229,  15878.165245, -7795.474052, -40588.726997, -34398.876190, -32191.678047,  11426.558495, -757.514000] |  Norm(Grad): [ 98821.476561]
rank 0 | iter 17 | objfunc_time: 260.086696 | solver_time: 181.201971 | construction_time: 68.324716 | energy: node=261851J gpu=167847J cpu=42109J (1007W)
comm_rank: 0 | Iteration: 16 (took: 260.09) | Theta: [ 0.279892,  0.878803,  8.404755,  0.176135, -0.290442,  8.345862,  0.053705,  2.042761,  8.779975, -0.892424, -0.326258, -0.959833, -0.036281,  0.107895,  0.045111] | Function Value: -10987256.392605 | Gradient: [-52466.378212, -9315.164566,  8920.515060,  4782.890320, -22260.795593,  6471.830368,  17104.774475, -41020.499229,  15878.165245, -7795.474052, -40588.726997, -34398.876190, -32191.678047,  11426.558495, -757.514000] |  Norm(Grad): [ 98821.476561]
rank 3 | iter 17 | objfunc_time: 260.115545 | solver_time: 200.365379 | construction_time: 46.646544 | energy: node=285718J gpu=212311J cpu=42974J (1098W)
comm_rank: 3 | Iteration: 16 (took: 260.12) | Theta: [ 0.279892,  0.878803,  8.404755,  0.176135, -0.290442,  8.345862,  0.053705,  2.042761,  8.779975, -0.892424, -0.326258, -0.959833, -0.036281,  0.107895,  0.045111] | Function Value: -10987256.392605 | Gradient: [-52466.378212, -9315.164566,  8920.515060,  4782.890320, -22260.795593,  6471.830368,  17104.774475, -41020.499229,  15878.165245, -7795.474052, -40588.726997, -34398.876190, -32191.678047,  11426.558495, -757.514000] |  Norm(Grad): [ 98821.476561]
rank 0 | iter 18 | objfunc_time: 261.476103 | solver_time: 180.458812 | construction_time: 69.100786 | energy: node=263590J gpu=168604J cpu=42480J (1008W)
comm_rank: 0 | Iteration: 17 (took: 261.48) | Theta: [ 0.526722,  1.094040,  8.391774,  0.158254, -0.259187,  8.308241,  0.160758,  2.444550,  8.689085, -0.649624, -0.346280, -0.772933,  0.163447, -0.139455,  0.080734] | Function Value: -10995690.179354 | Gradient: [ 75252.529144, -27008.895874,  15150.794029, -32807.443619, -9773.880959, -8354.576111, -125654.358864, -16550.267220, -23984.782219, -33968.631744, -15595.318794,  125868.122101,  24756.313324, -37164.246559,  3994.338989] |  Norm(Grad): [ 209169.075914]
rank 3 | iter 18 | objfunc_time: 261.504207 | solver_time: 201.588743 | construction_time: 46.795342 | energy: node=287405J gpu=212408J cpu=43213J (1099W)
rank 2 | iter 18 | objfunc_time: 261.475128 | solver_time: 202.462379 | construction_time: 46.455723 | energy: node=286351J gpu=207171J cpu=38344J (1095W)
comm_rank: 3 | Iteration: 17 (took: 261.50) | Theta: [ 0.526722,  1.094040,  8.391774,  0.158254, -0.259187,  8.308241,  0.160758,  2.444550,  8.689085, -0.649624, -0.346280, -0.772933,  0.163447, -0.139455,  0.080734] | Function Value: -10995690.179354 | Gradient: [ 75252.529144, -27008.895874,  15150.794029, -32807.443619, -9773.880959, -8354.576111, -125654.358864, -16550.267220, -23984.782219, -33968.631744, -15595.318794,  125868.122101,  24756.313324, -37164.246559,  3994.338989] |  Norm(Grad): [ 209169.075914]
comm_rank: 2 | Iteration: 17 (took: 261.48) | Theta: [ 0.526722,  1.094040,  8.391774,  0.158254, -0.259187,  8.308241,  0.160758,  2.444550,  8.689085, -0.649624, -0.346280, -0.772933,  0.163447, -0.139455,  0.080734] | Function Value: -10995690.179354 | Gradient: [ 75252.529144, -27008.895874,  15150.794029, -32807.443619, -9773.880959, -8354.576111, -125654.358864, -16550.267220, -23984.782219, -33968.631744, -15595.318794,  125868.122101,  24756.313324, -37164.246559,  3994.338989] |  Norm(Grad): [ 209169.075914]
rank 1 | iter 18 | objfunc_time: 261.476355 | solver_time: 200.899403 | construction_time: 46.680507 | energy: node=286534J gpu=209931J cpu=39274J (1096W)
comm_rank: 1 | Iteration: 17 (took: 261.48) | Theta: [ 0.526722,  1.094040,  8.391774,  0.158254, -0.259187,  8.308241,  0.160758,  2.444550,  8.689085, -0.649624, -0.346280, -0.772933,  0.163447, -0.139455,  0.080734] | Function Value: -10995690.179354 | Gradient: [ 75252.529144, -27008.895874,  15150.794029, -32807.443619, -9773.880959, -8354.576111, -125654.358864, -16550.267220, -23984.782219, -33968.631744, -15595.318794,  125868.122101,  24756.313324, -37164.246559,  3994.338989] |  Norm(Grad): [ 209169.075914]
rank 0 | iter 19 | objfunc_time: 260.516936 | solver_time: 179.647947 | construction_time: 69.089164 | energy: node=261313J gpu=165517J cpu=41973J (1003W)
comm_rank: 0 | Iteration: 18 (took: 260.52) | Theta: [ 0.504974,  1.136783,  8.379536,  0.117573, -0.277987,  8.314523,  0.244024,  2.618144,  8.700503, -0.689620, -0.424890, -0.843640,  0.149488, -0.105200,  0.102812] | Function Value: -11010947.728504 | Gradient: [ 45560.035706, -20124.135971,  8634.062767, -16607.476234, -25148.492813, -5417.779922,  7430.176735, -47715.774536, -12046.743393, -19514.420509, -47415.466309,  20334.448814,  20240.436554, -36311.388969,  9585.074425] |  Norm(Grad): [ 104079.649718]
rank 3 | iter 19 | objfunc_time: 260.516939 | solver_time: 200.736306 | construction_time: 46.659423 | energy: node=284846J gpu=212157J cpu=42889J (1093W)
comm_rank: 3 | Iteration: 18 (took: 260.52) | Theta: [ 0.504974,  1.136783,  8.379536,  0.117573, -0.277987,  8.314523,  0.244024,  2.618144,  8.700503, -0.689620, -0.424890, -0.843640,  0.149488, -0.105200,  0.102812] | Function Value: -11010947.728504 | Gradient: [ 45560.035706, -20124.135971,  8634.062767, -16607.476234, -25148.492813, -5417.779922,  7430.176735, -47715.774536, -12046.743393, -19514.420509, -47415.466309,  20334.448814,  20240.436554, -36311.388969,  9585.074425] |  Norm(Grad): [ 104079.649718]
rank 1 | iter 19 | objfunc_time: 260.516928 | solver_time: 200.598362 | construction_time: 46.653005 | energy: node=284882J gpu=207765J cpu=39000J (1094W)
comm_rank: 1 | Iteration: 18 (took: 260.52) | Theta: [ 0.504974,  1.136783,  8.379536,  0.117573, -0.277987,  8.314523,  0.244024,  2.618144,  8.700503, -0.689620, -0.424890, -0.843640,  0.149488, -0.105200,  0.102812] | Function Value: -11010947.728504 | Gradient: [ 45560.035706, -20124.135971,  8634.062767, -16607.476234, -25148.492813, -5417.779922,  7430.176735, -47715.774536, -12046.743393, -19514.420509, -47415.466309,  20334.448814,  20240.436554, -36311.388969,  9585.074425] |  Norm(Grad): [ 104079.649718]
rank 2 | iter 19 | objfunc_time: 260.516947 | solver_time: 201.654531 | construction_time: 46.313773 | energy: node=284435J gpu=207565J cpu=38043J (1092W)
comm_rank: 2 | Iteration: 18 (took: 260.52) | Theta: [ 0.504974,  1.136783,  8.379536,  0.117573, -0.277987,  8.314523,  0.244024,  2.618144,  8.700503, -0.689620, -0.424890, -0.843640,  0.149488, -0.105200,  0.102812] | Function Value: -11010947.728504 | Gradient: [ 45560.035706, -20124.135971,  8634.062767, -16607.476234, -25148.492813, -5417.779922,  7430.176735, -47715.774536, -12046.743393, -19514.420509, -47415.466309,  20334.448814,  20240.436554, -36311.388969,  9585.074425] |  Norm(Grad): [ 104079.649718]
rank 0 | iter 20 | objfunc_time: 261.257987 | solver_time: 180.541217 | construction_time: 69.133851 | energy: node=261354J gpu=166667J cpu=41828J (1000W)
comm_rank: 0 | Iteration: 19 (took: 261.26) | Theta: [ 0.481535,  1.205245,  8.361630,  0.099226, -0.269077,  8.325320,  0.335774,  2.947349,  8.736170, -0.734642, -0.461640, -0.863667,  0.071388,  0.055693,  0.193847] | Function Value: -11027123.976820 | Gradient: [ 2638.639450, -9808.690071, -602.017403, -20628.911018, -30199.624062, -2236.942291,  65810.789108, -63112.438202,  755.602837,  2337.013245, -57705.316544, -34040.993690, -4631.628036,  4072.266579,  28314.227104] |  Norm(Grad): [ 122860.914868]
rank 2 | iter 20 | objfunc_time: 261.284528 | solver_time: 202.149513 | construction_time: 46.565782 | energy: node=284215J gpu=206432J cpu=38070J (1088W)
rank 3 | iter 20 | objfunc_time: 261.255370 | solver_time: 201.457922 | construction_time: 46.675389 | energy: node=284689J gpu=212821J cpu=42887J (1090W)
comm_rank: 2 | Iteration: 19 (took: 261.28) | Theta: [ 0.481535,  1.205245,  8.361630,  0.099226, -0.269077,  8.325320,  0.335774,  2.947349,  8.736170, -0.734642, -0.461640, -0.863667,  0.071388,  0.055693,  0.193847] | Function Value: -11027123.976820 | Gradient: [ 2638.639450, -9808.690071, -602.017403, -20628.911018, -30199.624062, -2236.942291,  65810.789108, -63112.438202,  755.602837,  2337.013245, -57705.316544, -34040.993690, -4631.628036,  4072.266579,  28314.227104] |  Norm(Grad): [ 122860.914868]
comm_rank: 3 | Iteration: 19 (took: 261.26) | Theta: [ 0.481535,  1.205245,  8.361630,  0.099226, -0.269077,  8.325320,  0.335774,  2.947349,  8.736170, -0.734642, -0.461640, -0.863667,  0.071388,  0.055693,  0.193847] | Function Value: -11027123.976820 | Gradient: [ 2638.639450, -9808.690071, -602.017403, -20628.911018, -30199.624062, -2236.942291,  65810.789108, -63112.438202,  755.602837,  2337.013245, -57705.316544, -34040.993690, -4631.628036,  4072.266579,  28314.227104] |  Norm(Grad): [ 122860.914868]
rank 1 | iter 20 | objfunc_time: 261.254717 | solver_time: 200.375676 | construction_time: 46.839664 | energy: node=285121J gpu=207575J cpu=39212J (1091W)
comm_rank: 1 | Iteration: 19 (took: 261.25) | Theta: [ 0.481535,  1.205245,  8.361630,  0.099226, -0.269077,  8.325320,  0.335774,  2.947349,  8.736170, -0.734642, -0.461640, -0.863667,  0.071388,  0.055693,  0.193847] | Function Value: -11027123.976820 | Gradient: [ 2638.639450, -9808.690071, -602.017403, -20628.911018, -30199.624062, -2236.942291,  65810.789108, -63112.438202,  755.602837,  2337.013245, -57705.316544, -34040.993690, -4631.628036,  4072.266579,  28314.227104] |  Norm(Grad): [ 122860.914868]
rank 0 | iter 21 | objfunc_time: 261.313560 | solver_time: 180.666088 | construction_time: 69.175758 | energy: node=261621J gpu=168014J cpu=41926J (1001W)
rank 3 | iter 21 | objfunc_time: 261.311068 | solver_time: 201.536456 | construction_time: 46.654093 | energy: node=284739J gpu=212559J cpu=42891J (1090W)
rank 2 | iter 21 | objfunc_time: 261.310806 | solver_time: 201.369909 | construction_time: 46.535030 | energy: node=284206J gpu=205163J cpu=38050J (1087W)
rank 1 | iter 21 | objfunc_time: 261.340157 | solver_time: 201.411318 | construction_time: 46.710866 | energy: node=285151J gpu=209804J cpu=39202J (1091W)
rank 0 | iter 22 | objfunc_time: 262.341119 | solver_time: 180.626502 | construction_time: 69.350161 | energy: node=263958J gpu=168191J cpu=42495J (1006W)
comm_rank: 0 | Iteration: 20 (took: 262.34) | Theta: [ 0.511658,  1.364909,  8.348689,  0.066240, -0.242175,  8.343880,  0.468126,  3.513661,  8.777467, -0.733228, -0.510740, -0.878772,  0.099082,  0.115208,  0.265988] | Function Value: -11045444.185492 | Gradient: [-30078.533173, -566.884995, -6327.356339, -49019.505501, -28598.791122,  2251.548767,  97799.558163, -61929.763794,  11988.131523,  24856.577873, -54989.964485, -128708.074570,  3106.752396,  33282.488823,  54954.226971] |  Norm(Grad): [ 205084.296984]
rank 3 | iter 22 | objfunc_time: 262.341149 | solver_time: 202.408230 | construction_time: 46.821143 | energy: node=287407J gpu=214357J cpu=43440J (1096W)
comm_rank: 3 | Iteration: 20 (took: 262.34) | Theta: [ 0.511658,  1.364909,  8.348689,  0.066240, -0.242175,  8.343880,  0.468126,  3.513661,  8.777467, -0.733228, -0.510740, -0.878772,  0.099082,  0.115208,  0.265988] | Function Value: -11045444.185492 | Gradient: [-30078.533173, -566.884995, -6327.356339, -49019.505501, -28598.791122,  2251.548767,  97799.558163, -61929.763794,  11988.131523,  24856.577873, -54989.964485, -128708.074570,  3106.752396,  33282.488823,  54954.226971] |  Norm(Grad): [ 205084.296984]
rank 1 | iter 22 | objfunc_time: 262.341153 | solver_time: 202.610777 | construction_time: 46.609891 | energy: node=287197J gpu=210749J cpu=39597J (1095W)
comm_rank: 1 | Iteration: 20 (took: 262.34) | Theta: [ 0.511658,  1.364909,  8.348689,  0.066240, -0.242175,  8.343880,  0.468126,  3.513661,  8.777467, -0.733228, -0.510740, -0.878772,  0.099082,  0.115208,  0.265988] | Function Value: -11045444.185492 | Gradient: [-30078.533173, -566.884995, -6327.356339, -49019.505501, -28598.791122,  2251.548767,  97799.558163, -61929.763794,  11988.131523,  24856.577873, -54989.964485, -128708.074570,  3106.752396,  33282.488823,  54954.226971] |  Norm(Grad): [ 205084.296984]
rank 2 | iter 22 | objfunc_time: 262.341134 | solver_time: 201.403423 | construction_time: 46.685590 | energy: node=286664J gpu=206748J cpu=38497J (1093W)
comm_rank: 2 | Iteration: 20 (took: 262.34) | Theta: [ 0.511658,  1.364909,  8.348689,  0.066240, -0.242175,  8.343880,  0.468126,  3.513661,  8.777467, -0.733228, -0.510740, -0.878772,  0.099082,  0.115208,  0.265988] | Function Value: -11045444.185492 | Gradient: [-30078.533173, -566.884995, -6327.356339, -49019.505501, -28598.791122,  2251.548767,  97799.558163, -61929.763794,  11988.131523,  24856.577873, -54989.964485, -128708.074570,  3106.752396,  33282.488823,  54954.226971] |  Norm(Grad): [ 205084.296984]
rank 0 | iter 23 | objfunc_time: 262.586056 | solver_time: 180.797732 | construction_time: 69.356463 | energy: node=265023J gpu=168911J cpu=42875J (1009W)
rank 3 | iter 23 | objfunc_time: 262.584035 | solver_time: 202.653488 | construction_time: 46.692083 | energy: node=288880J gpu=215246J cpu=43611J (1100W)
rank 2 | iter 23 | objfunc_time: 262.613053 | solver_time: 202.582067 | construction_time: 46.572656 | energy: node=287720J gpu=206874J cpu=38653J (1096W)
rank 1 | iter 23 | objfunc_time: 262.582845 | solver_time: 201.584534 | construction_time: 46.898522 | energy: node=288391J gpu=209635J cpu=39959J (1098W)
rank 0 | iter 24 | objfunc_time: 262.826646 | solver_time: 181.611243 | construction_time: 69.370677 | energy: node=264584J gpu=170566J cpu=42807J (1007W)
comm_rank: 0 | Iteration: 21 (took: 262.83) | Theta: [ 0.634690,  1.629604,  8.308489,  0.130024, -0.141791,  8.336521,  0.721498,  4.354015,  8.788749, -0.628689, -0.444488, -0.794616,  0.105919,  0.191216,  0.364145] | Function Value: -11070782.859209 | Gradient: [-48997.150421,  5759.861946, -18883.751869, -45572.688103, -12124.626160,  105.655670,  146693.346024, -38520.316362,  14543.936729,  45607.682228, -19791.820526, -273969.423294,  9629.006386,  92170.903206,  113466.773987] |  Norm(Grad): [ 356682.748114]
rank 1 | iter 24 | objfunc_time: 262.826680 | solver_time: 202.305326 | construction_time: 46.633484 | energy: node=288383J gpu=210494J cpu=39745J (1097W)
comm_rank: 1 | Iteration: 21 (took: 262.83) | Theta: [ 0.634690,  1.629604,  8.308489,  0.130024, -0.141791,  8.336521,  0.721498,  4.354015,  8.788749, -0.628689, -0.444488, -0.794616,  0.105919,  0.191216,  0.364145] | Function Value: -11070782.859209 | Gradient: [-48997.150421,  5759.861946, -18883.751869, -45572.688103, -12124.626160,  105.655670,  146693.346024, -38520.316362,  14543.936729,  45607.682228, -19791.820526, -273969.423294,  9629.006386,  92170.903206,  113466.773987] |  Norm(Grad): [ 356682.748114]
rank 3 | iter 24 | objfunc_time: 262.826616 | solver_time: 201.264515 | construction_time: 46.915187 | energy: node=288234J gpu=213745J cpu=43569J (1097W)
rank 2 | iter 24 | objfunc_time: 262.826642 | solver_time: 203.211115 | construction_time: 46.677050 | energy: node=287528J gpu=208184J cpu=38559J (1094W)
comm_rank: 3 | Iteration: 21 (took: 262.83) | Theta: [ 0.634690,  1.629604,  8.308489,  0.130024, -0.141791,  8.336521,  0.721498,  4.354015,  8.788749, -0.628689, -0.444488, -0.794616,  0.105919,  0.191216,  0.364145] | Function Value: -11070782.859209 | Gradient: [-48997.150421,  5759.861946, -18883.751869, -45572.688103, -12124.626160,  105.655670,  146693.346024, -38520.316362,  14543.936729,  45607.682228, -19791.820526, -273969.423294,  9629.006386,  92170.903206,  113466.773987] |  Norm(Grad): [ 356682.748114]
comm_rank: 2 | Iteration: 21 (took: 262.83) | Theta: [ 0.634690,  1.629604,  8.308489,  0.130024, -0.141791,  8.336521,  0.721498,  4.354015,  8.788749, -0.628689, -0.444488, -0.794616,  0.105919,  0.191216,  0.364145] | Function Value: -11070782.859209 | Gradient: [-48997.150421,  5759.861946, -18883.751869, -45572.688103, -12124.626160,  105.655670,  146693.346024, -38520.316362,  14543.936729,  45607.682228, -19791.820526, -273969.423294,  9629.006386,  92170.903206,  113466.773987] |  Norm(Grad): [ 356682.748114]
rank 1 | iter 25 | objfunc_time: 260.949061 | solver_time: 201.847724 | construction_time: 46.425234 | energy: node=285668J gpu=209255J cpu=39385J (1095W)
comm_rank: 1 | Iteration: 22 (took: 260.95) | Theta: [ 0.793218,  1.938672,  8.292129,  0.200543, -0.041940,  8.330013,  0.978360,  5.210939,  8.803265, -0.464372, -0.391680, -0.579724,  0.149784,  0.120573,  0.370969] | Function Value: -11124188.304704 | Gradient: [-79484.209061,  13252.266169, -25179.162979, -10468.581200, -10988.726616,  106.745720,  114178.444862, -13322.313070,  10781.495094,  68716.860533, -15953.870773, -274594.997168,  24312.027931,  71237.100363,  142518.615484] |  Norm(Grad): [ 356432.951960]
rank 3 | iter 25 | objfunc_time: 260.949047 | solver_time: 200.662875 | construction_time: 46.788120 | energy: node=286087J gpu=213413J cpu=43096J (1096W)
rank 2 | iter 25 | objfunc_time: 260.949059 | solver_time: 201.608519 | construction_time: 46.641779 | energy: node=284752J gpu=206527J cpu=38182J (1091W)
comm_rank: 3 | Iteration: 22 (took: 260.95) | Theta: [ 0.793218,  1.938672,  8.292129,  0.200543, -0.041940,  8.330013,  0.978360,  5.210939,  8.803265, -0.464372, -0.391680, -0.579724,  0.149784,  0.120573,  0.370969] | Function Value: -11124188.304704 | Gradient: [-79484.209061,  13252.266169, -25179.162979, -10468.581200, -10988.726616,  106.745720,  114178.444862, -13322.313070,  10781.495094,  68716.860533, -15953.870773, -274594.997168,  24312.027931,  71237.100363,  142518.615484] |  Norm(Grad): [ 356432.951960]
comm_rank: 2 | Iteration: 22 (took: 260.95) | Theta: [ 0.793218,  1.938672,  8.292129,  0.200543, -0.041940,  8.330013,  0.978360,  5.210939,  8.803265, -0.464372, -0.391680, -0.579724,  0.149784,  0.120573,  0.370969] | Function Value: -11124188.304704 | Gradient: [-79484.209061,  13252.266169, -25179.162979, -10468.581200, -10988.726616,  106.745720,  114178.444862, -13322.313070,  10781.495094,  68716.860533, -15953.870773, -274594.997168,  24312.027931,  71237.100363,  142518.615484] |  Norm(Grad): [ 356432.951960]
rank 0 | iter 25 | objfunc_time: 260.949035 | solver_time: 180.132834 | construction_time: 68.889679 | energy: node=262475J gpu=169801J cpu=42303J (1006W)
comm_rank: 0 | Iteration: 22 (took: 260.95) | Theta: [ 0.793218,  1.938672,  8.292129,  0.200543, -0.041940,  8.330013,  0.978360,  5.210939,  8.803265, -0.464372, -0.391680, -0.579724,  0.149784,  0.120573,  0.370969] | Function Value: -11124188.304704 | Gradient: [-79484.209061,  13252.266169, -25179.162979, -10468.581200, -10988.726616,  106.745720,  114178.444862, -13322.313070,  10781.495094,  68716.860533, -15953.870773, -274594.997168,  24312.027931,  71237.100363,  142518.615484] |  Norm(Grad): [ 356432.951960]
rank 0 | iter 26 | objfunc_time: 260.236595 | solver_time: 181.140544 | construction_time: 68.329794 | energy: node=260865J gpu=167383J cpu=41941J (1002W)
rank 2 | iter 26 | objfunc_time: 260.066818 | solver_time: 200.986724 | construction_time: 46.406662 | energy: node=284203J gpu=207028J cpu=38039J (1092W)
rank 3 | iter 26 | objfunc_time: 260.207516 | solver_time: 200.390308 | construction_time: 46.602588 | energy: node=284953J gpu=212024J cpu=43088J (1095W)
rank 1 | iter 26 | objfunc_time: 260.062582 | solver_time: 200.452047 | construction_time: 46.489392 | energy: node=284543J gpu=206853J cpu=39001J (1093W)
rank 0 | iter 27 | objfunc_time: 260.050021 | solver_time: 180.872991 | construction_time: 68.524234 | energy: node=261125J gpu=167406J cpu=41798J (1004W)
comm_rank: 0 | Iteration: 23 (took: 260.05) | Theta: [ 1.169494,  2.503497,  8.244109,  0.303953,  0.244814,  8.282542,  1.502253,  6.764928,  8.771575, -0.233245, -0.087026, -0.092809,  0.130665,  0.049167,  0.101017] | Function Value: -11185750.454872 | Gradient: [ 210339.819908, -50507.977486, -21000.292540, -319048.803329,  86804.806471, -25847.356081,  109277.783155,  20117.283583, -5077.070475, -86504.999399,  198026.986361, -257410.037994,  14841.978788,  42757.462978,  28433.670282] |  Norm(Grad): [ 534244.336599]
rank 3 | iter 27 | objfunc_time: 260.050036 | solver_time: 200.260696 | construction_time: 46.591218 | energy: node=285667J gpu=212185J cpu=43200J (1099W)
rank 2 | iter 27 | objfunc_time: 260.050039 | solver_time: 201.013389 | construction_time: 46.402576 | energy: node=284546J gpu=206545J cpu=38034J (1094W)
comm_rank: 2 | Iteration: 23 (took: 260.05) | Theta: [ 1.169494,  2.503497,  8.244109,  0.303953,  0.244814,  8.282542,  1.502253,  6.764928,  8.771575, -0.233245, -0.087026, -0.092809,  0.130665,  0.049167,  0.101017] | Function Value: -11185750.454872 | Gradient: [ 210339.819908, -50507.977486, -21000.292540, -319048.803329,  86804.806471, -25847.356081,  109277.783155,  20117.283583, -5077.070475, -86504.999399,  198026.986361, -257410.037994,  14841.978788,  42757.462978,  28433.670282] |  Norm(Grad): [ 534244.336599]
comm_rank: 3 | Iteration: 23 (took: 260.05) | Theta: [ 1.169494,  2.503497,  8.244109,  0.303953,  0.244814,  8.282542,  1.502253,  6.764928,  8.771575, -0.233245, -0.087026, -0.092809,  0.130665,  0.049167,  0.101017] | Function Value: -11185750.454872 | Gradient: [ 210339.819908, -50507.977486, -21000.292540, -319048.803329,  86804.806471, -25847.356081,  109277.783155,  20117.283583, -5077.070475, -86504.999399,  198026.986361, -257410.037994,  14841.978788,  42757.462978,  28433.670282] |  Norm(Grad): [ 534244.336599]
rank 1 | iter 27 | objfunc_time: 260.050024 | solver_time: 200.218035 | construction_time: 46.529544 | energy: node=284850J gpu=208525J cpu=38913J (1095W)
comm_rank: 1 | Iteration: 23 (took: 260.05) | Theta: [ 1.169494,  2.503497,  8.244109,  0.303953,  0.244814,  8.282542,  1.502253,  6.764928,  8.771575, -0.233245, -0.087026, -0.092809,  0.130665,  0.049167,  0.101017] | Function Value: -11185750.454872 | Gradient: [ 210339.819908, -50507.977486, -21000.292540, -319048.803329,  86804.806471, -25847.356081,  109277.783155,  20117.283583, -5077.070475, -86504.999399,  198026.986361, -257410.037994,  14841.978788,  42757.462978,  28433.670282] |  Norm(Grad): [ 534244.336599]
