Parsed parameters:
  max_iter: 1000
  solver_min_p: 1
  profile: False
  precision: float64
  skip_fd: True
--- wa1: Coregional (3-variate) Spatio-Temporal Model (distributed, 4 nodes) ---
Using distributed JAX autodiff (two-phase) with 4 ranks (CoregionalModel, 3 variates)
Two-phase (fori, chunk=59, RS=scan, grad_prior=two-phase): JIT compiling all stages...
  compiling Cholesky + forward sub...
  compiling merged bwd+SI...
  compiling prior logdet + gradient...
  compiling quad gradient...
  compiling scalar gradient...
  all stages compiled in 177.7s.

___________________________________ 
___  __ \__    |__  /____  _/__    |
__  / / /_  /| |_  /  __  / __  /| |
_  /_/ /_  ___ |  /____/ /  _  ___ |
/_____/ /_/  |_/_____/___/  /_/  |_|

╔═══════════════════════════════════════════════════════╗
║               Parallelization strategies              ║
║ ╒═══════════════════════════════════════════╤═══════╕ ║
║ │ Participating Processes / Total Processes │ 4 / 4 │ ║
║ ├───────────────────────────────────────────┼───────┤ ║
║ │ Parallelization through F()               │   1   │ ║
║ ├───────────────────────────────────────────┼───────┤ ║
║ │ Parallelization through Q()               │   1   │ ║
║ ├───────────────────────────────────────────┼───────┤ ║
║ │ Parallelization through S()               │   4   │ ║
║ ╘═══════════════════════════════════════════╧═══════╛ ║
╚═══════════════════════════════════════════════════════╝
╔═══════════════════════════════╗
║  Enabled Performance modules  ║
║ ╒═══════════════════╤═══════╕ ║
║ │ Array module      │ cupy  │ ║
║ ├───────────────────┼───────┤ ║
║ │ MPI available     │ True  │ ║
║ ├───────────────────┼───────┤ ║
║ │ Is MPI CUDA aware │ False │ ║
║ ├───────────────────┼───────┤ ║
║ │ Is NCCL available │ False │ ║
║ ╘═══════════════════╧═══════╛ ║
╚═══════════════════════════════╝
╔═══════════════════════════════════════╗
║             Memory Report             ║
║ ╒════════════════════════╤══════════╕ ║
║ │ Solver memory          │  0.00 B  │ ║
║ ├────────────────────────┼──────────┤ ║
║ │ Total memory used      │ 14.60 GB │ ║
║ ├────────────────────────┼──────────┤ ║
║ │ Total memory available │ 15.01 GB │ ║
║ ╘════════════════════════╧══════════╛ ║
╚═══════════════════════════════════════╝
DALIA initialized.
First forward+gradient (AD): f=nan, time=165.3659s
Starting optimization.
Using JAX automatic differentiation with JIT compilation (Gaussian likelihood)
rank 0 | iter 1 | objfunc_time: 92.441103 | energy: node=75860J gpu=52592J cpu=12409J (821W)
Parsed parameters:
  max_iter: 1000
  solver_min_p: 1
  profile: False
  precision: float64
  skip_fd: True
rank 3 | iter 1 | objfunc_time: 92.441089 | energy: node=75028J gpu=52986J cpu=13870J (812W)
Parsed parameters:
  max_iter: 1000
  solver_min_p: 1
  profile: False
  precision: float64
  skip_fd: True
rank 1 | iter 1 | objfunc_time: 92.441088 | energy: node=78476J gpu=51289J cpu=14038J (849W)
Parsed parameters:
  max_iter: 1000
  solver_min_p: 1
  profile: False
  precision: float64
  skip_fd: True
rank 2 | iter 1 | objfunc_time: 92.441041 | energy: node=83701J gpu=52069J cpu=15548J (905W)
rank 0 | iter 2 | objfunc_time: 92.470913 | energy: node=76111J gpu=52776J cpu=12459J (823W)
rank 2 | iter 2 | objfunc_time: 92.470917 | energy: node=83791J gpu=52185J cpu=15556J (906W)
rank 1 | iter 2 | objfunc_time: 92.470929 | energy: node=78728J gpu=51498J cpu=14096J (851W)
rank 3 | iter 2 | objfunc_time: 92.470921 | energy: node=75353J gpu=53230J cpu=13895J (815W)
rank 0 | iter 3 | objfunc_time: 92.480507 | energy: node=75761J gpu=52574J cpu=12385J (819W)
rank 2 | iter 3 | objfunc_time: 92.480400 | energy: node=83448J gpu=52018J cpu=15464J (902W)
rank 3 | iter 3 | objfunc_time: 92.507812 | energy: node=74688J gpu=52785J cpu=13758J (807W)
rank 1 | iter 3 | objfunc_time: 92.337229 | energy: node=78254J gpu=51202J cpu=14038J (846W)
rank 0 | iter 4 | objfunc_time: 92.491566 | energy: node=75995J gpu=52775J cpu=12433J (821W)
rank 2 | iter 4 | objfunc_time: 92.490604 | energy: node=83618J gpu=52063J cpu=15526J (904W)
rank 3 | iter 4 | objfunc_time: 92.489977 | energy: node=74775J gpu=52782J cpu=13791J (808W)
rank 1 | iter 4 | objfunc_time: 92.518513 | energy: node=78607J gpu=51483J cpu=14070J (850W)
rank 0 | iter 5 | objfunc_time: 92.470978 | energy: node=74244J gpu=51523J cpu=12193J (803W)
rank 2 | iter 5 | objfunc_time: 92.469883 | energy: node=83644J gpu=51532J cpu=15591J (904W)
rank 1 | iter 5 | objfunc_time: 92.497596 | energy: node=78430J gpu=51341J cpu=14127J (848W)
rank 3 | iter 5 | objfunc_time: 92.329182 | energy: node=75043J gpu=53026J cpu=13854J (811W)
rank 3 | iter 6 | objfunc_time: 92.515958 | energy: node=74936J gpu=52900J cpu=13846J (810W)
rank 0 | iter 6 | objfunc_time: 92.489345 | energy: node=77701J gpu=54004J cpu=12835J (840W)
rank 1 | iter 6 | objfunc_time: 92.487752 | energy: node=78464J gpu=51373J cpu=14170J (848W)
rank 2 | iter 6 | objfunc_time: 92.488697 | energy: node=83749J gpu=52800J cpu=15543J (905W)
rank 0 | iter 7 | objfunc_time: 92.463169 | energy: node=75970J gpu=52066J cpu=12537J (821W)
rank 3 | iter 7 | objfunc_time: 92.461197 | energy: node=75104J gpu=53025J cpu=13872J (812W)
rank 1 | iter 7 | objfunc_time: 92.314626 | energy: node=78382J gpu=51282J cpu=14155J (847W)
rank 2 | iter 7 | objfunc_time: 92.489983 | energy: node=84083J gpu=52390J cpu=15652J (909W)
rank 0 | iter 8 | objfunc_time: 92.439816 | energy: node=76161J gpu=52872J cpu=12594J (824W)
rank 2 | iter 8 | objfunc_time: 92.466799 | energy: node=83595J gpu=52083J cpu=15529J (904W)
rank 1 | iter 8 | objfunc_time: 92.438807 | energy: node=78452J gpu=51056J cpu=14119J (848W)
rank 3 | iter 8 | objfunc_time: 92.152420 | energy: node=74978J gpu=52972J cpu=13858J (811W)
rank 1 | iter 9 | objfunc_time: 92.234199 | energy: node=78262J gpu=51898J cpu=14028J (849W)
rank 3 | iter 9 | objfunc_time: 92.234200 | energy: node=74835J gpu=52829J cpu=13790J (811W)
rank 2 | iter 9 | objfunc_time: 92.234196 | energy: node=83637J gpu=52155J cpu=15559J (907W)
rank 0 | iter 9 | objfunc_time: 92.234164 | energy: node=75971J gpu=52671J cpu=12538J (824W)
rank 0 | iter 10 | objfunc_time: 92.147787 | energy: node=75863J gpu=52592J cpu=12479J (823W)
rank 3 | iter 10 | objfunc_time: 92.138523 | energy: node=74797J gpu=52867J cpu=13820J (812W)
rank 2 | iter 10 | objfunc_time: 92.118484 | energy: node=83431J gpu=51988J cpu=15563J (905W)
rank 1 | iter 10 | objfunc_time: 92.139911 | energy: node=78510J gpu=51399J cpu=14097J (852W)
rank 1 | iter 11 | objfunc_time: 92.117013 | energy: node=78256J gpu=51156J cpu=14026J (850W)
rank 3 | iter 11 | objfunc_time: 92.088438 | energy: node=74817J gpu=52821J cpu=13928J (812W)
rank 2 | iter 11 | objfunc_time: 92.087826 | energy: node=83564J gpu=52101J cpu=15589J (907W)
rank 0 | iter 11 | objfunc_time: 91.947980 | energy: node=75887J gpu=52516J cpu=12614J (824W)
rank 0 | iter 12 | objfunc_time: 92.055165 | energy: node=75658J gpu=52396J cpu=12566J (822W)
rank 3 | iter 12 | objfunc_time: 92.026537 | energy: node=74779J gpu=52735J cpu=13944J (812W)
rank 1 | iter 12 | objfunc_time: 92.026774 | energy: node=78149J gpu=51159J cpu=14031J (849W)
rank 2 | iter 12 | objfunc_time: 92.026588 | energy: node=83188J gpu=51670J cpu=15559J (904W)
rank 0 | iter 13 | objfunc_time: 92.130667 | energy: node=75996J gpu=52659J cpu=12584J (825W)
rank 1 | iter 13 | objfunc_time: 92.130680 | energy: node=78110J gpu=51131J cpu=14012J (848W)
rank 3 | iter 13 | objfunc_time: 92.130686 | energy: node=71669J gpu=50493J cpu=13348J (778W)
rank 2 | iter 13 | objfunc_time: 92.130691 | energy: node=83672J gpu=52164J cpu=15614J (908W)
rank 0 | iter 14 | objfunc_time: 92.043039 | energy: node=75956J gpu=52774J cpu=12661J (825W)
rank 1 | iter 14 | objfunc_time: 92.040643 | energy: node=77986J gpu=51051J cpu=14012J (847W)
rank 3 | iter 14 | objfunc_time: 92.040213 | energy: node=78492J gpu=55262J cpu=14643J (853W)
rank 2 | iter 14 | objfunc_time: 92.069155 | energy: node=83421J gpu=51965J cpu=15557J (906W)
rank 0 | iter 15 | objfunc_time: 92.031073 | energy: node=75857J gpu=52557J cpu=12611J (824W)
rank 1 | iter 15 | objfunc_time: 92.031087 | energy: node=78232J gpu=51520J cpu=14050J (850W)
rank 3 | iter 15 | objfunc_time: 92.031074 | energy: node=74819J gpu=53343J cpu=13928J (813W)
rank 2 | iter 15 | objfunc_time: 92.031065 | energy: node=83464J gpu=51996J cpu=15513J (907W)
rank 0 | iter 16 | objfunc_time: 92.094615 | energy: node=75797J gpu=52578J cpu=12585J (823W)
rank 1 | iter 16 | objfunc_time: 92.094622 | energy: node=78069J gpu=51113J cpu=13981J (848W)
rank 2 | iter 16 | objfunc_time: 92.094608 | energy: node=83386J gpu=52003J cpu=15530J (905W)
rank 3 | iter 16 | objfunc_time: 92.094625 | energy: node=75195J gpu=53014J cpu=13957J (816W)
rank 0 | iter 17 | objfunc_time: 92.121257 | energy: node=75586J gpu=52982J cpu=12468J (820W)
rank 1 | iter 17 | objfunc_time: 91.977890 | energy: node=77952J gpu=51036J cpu=13979J (846W)
rank 2 | iter 17 | objfunc_time: 92.118803 | energy: node=83369J gpu=51951J cpu=15533J (905W)
rank 3 | iter 17 | objfunc_time: 92.148078 | energy: node=75020J gpu=52909J cpu=13974J (814W)
rank 0 | iter 18 | objfunc_time: 92.184099 | energy: node=75796J gpu=52544J cpu=12534J (822W)
rank 1 | iter 18 | objfunc_time: 92.183419 | energy: node=78251J gpu=51194J cpu=14068J (849W)
rank 3 | iter 18 | objfunc_time: 92.211133 | energy: node=74929J gpu=52787J cpu=13935J (813W)
rank 2 | iter 18 | objfunc_time: 92.182137 | energy: node=83177J gpu=51840J cpu=15443J (902W)
rank 0 | iter 19 | objfunc_time: 92.227676 | energy: node=76050J gpu=52700J cpu=12657J (825W)
rank 3 | iter 19 | objfunc_time: 92.227682 | energy: node=75155J gpu=52987J cpu=13940J (815W)
rank 1 | iter 19 | objfunc_time: 92.227687 | energy: node=78301J gpu=51207J cpu=14029J (849W)
rank 2 | iter 19 | objfunc_time: 92.227673 | energy: node=83540J gpu=52149J cpu=15503J (906W)
rank 2 | iter 20 | objfunc_time: 92.203042 | energy: node=82860J gpu=51647J cpu=15338J (899W)
rank 1 | iter 20 | objfunc_time: 92.203055 | energy: node=78590J gpu=51338J cpu=14056J (852W)
rank 0 | iter 20 | objfunc_time: 92.203033 | energy: node=76336J gpu=52819J cpu=12666J (828W)
rank 3 | iter 20 | objfunc_time: 92.203052 | energy: node=75332J gpu=53116J cpu=13990J (817W)
rank 0 | iter 21 | objfunc_time: 93.666188 | energy: node=77134J gpu=53361J cpu=12848J (823W)
rank 1 | iter 21 | objfunc_time: 93.666193 | energy: node=79610J gpu=52011J cpu=14324J (850W)
rank 3 | iter 21 | objfunc_time: 93.666206 | energy: node=76200J gpu=53681J cpu=14185J (814W)
rank 2 | iter 21 | objfunc_time: 93.637288 | energy: node=85827J gpu=53422J cpu=15945J (916W)
rank 0 | iter 22 | objfunc_time: 93.589147 | energy: node=77180J gpu=53876J cpu=12825J (825W)
rank 3 | iter 22 | objfunc_time: 93.589170 | energy: node=76161J gpu=53659J cpu=14134J (814W)
rank 1 | iter 22 | objfunc_time: 93.589177 | energy: node=79477J gpu=51916J cpu=14298J (849W)
rank 2 | iter 22 | objfunc_time: 93.589166 | energy: node=84610J gpu=52738J cpu=15699J (904W)
rank 0 | iter 23 | objfunc_time: 93.655325 | energy: node=77032J gpu=53388J cpu=12853J (823W)
rank 1 | iter 23 | objfunc_time: 93.655316 | energy: node=79560J gpu=52055J cpu=14335J (849W)
rank 3 | iter 23 | objfunc_time: 93.655319 | energy: node=76110J gpu=53670J cpu=14158J (813W)
rank 2 | iter 23 | objfunc_time: 93.655309 | energy: node=84763J gpu=52863J cpu=15729J (905W)
rank 0 | iter 24 | objfunc_time: 93.628838 | energy: node=76784J gpu=53297J cpu=12688J (820W)
rank 1 | iter 24 | objfunc_time: 93.628830 | energy: node=78840J gpu=51724J cpu=14144J (842W)
rank 3 | iter 24 | objfunc_time: 93.628833 | energy: node=75741J gpu=53511J cpu=14102J (809W)
rank 2 | iter 24 | objfunc_time: 93.628842 | energy: node=84169J gpu=52579J cpu=15638J (899W)
rank 0 | iter 25 | objfunc_time: 93.557944 | energy: node=76412J gpu=53023J cpu=12567J (817W)
rank 1 | iter 25 | objfunc_time: 93.557963 | energy: node=78776J gpu=51743J cpu=14086J (842W)
rank 2 | iter 25 | objfunc_time: 93.557949 | energy: node=83844J gpu=52493J cpu=15584J (896W)
rank 3 | iter 25 | objfunc_time: 93.557970 | energy: node=75665J gpu=53557J cpu=14057J (809W)
rank 1 | iter 26 | objfunc_time: 93.860788 | energy: node=78971J gpu=51918J cpu=14127J (841W)
rank 0 | iter 26 | objfunc_time: 93.872643 | energy: node=76775J gpu=53331J cpu=12634J (818W)
rank 2 | iter 26 | objfunc_time: 93.860092 | energy: node=84189J gpu=52683J cpu=15565J (897W)
rank 3 | iter 26 | objfunc_time: 93.889324 | energy: node=76030J gpu=53800J cpu=14117J (810W)
rank 0 | iter 27 | objfunc_time: 94.098551 | energy: node=77025J gpu=53437J cpu=12790J (818W)
rank 3 | iter 27 | objfunc_time: 94.126993 | energy: node=76050J gpu=53754J cpu=14109J (808W)
rank 1 | iter 27 | objfunc_time: 93.956338 | energy: node=76110J gpu=50008J cpu=13640J (809W)
rank 2 | iter 27 | objfunc_time: 93.811025 | energy: node=84498J gpu=52811J cpu=15643J (898W)
rank 1 | iter 28 | objfunc_time: 93.929259 | energy: node=82501J gpu=53973J cpu=14727J (878W)
rank 0 | iter 28 | objfunc_time: 93.929183 | energy: node=77148J gpu=53561J cpu=12741J (821W)
rank 2 | iter 28 | objfunc_time: 93.929234 | energy: node=84600J gpu=52893J cpu=15716J (901W)
rank 3 | iter 28 | objfunc_time: 93.929246 | energy: node=76240J gpu=53836J cpu=14149J (812W)
rank 0 | iter 29 | objfunc_time: 93.581092 | energy: node=76645J gpu=53137J cpu=12651J (818W)
rank 3 | iter 29 | objfunc_time: 93.753880 | energy: node=75886J gpu=54686J cpu=14106J (809W)
rank 2 | iter 29 | objfunc_time: 93.724541 | energy: node=84290J gpu=52659J cpu=15646J (899W)
rank 1 | iter 29 | objfunc_time: 93.725610 | energy: node=79402J gpu=52180J cpu=14203J (847W)
rank 0 | iter 30 | objfunc_time: 93.741236 | energy: node=74650J gpu=51691J cpu=12355J (796W)
rank 2 | iter 30 | objfunc_time: 93.740527 | energy: node=84932J gpu=52859J cpu=15815J (906W)
rank 3 | iter 30 | objfunc_time: 93.741133 | energy: node=76048J gpu=53733J cpu=14112J (811W)
rank 1 | iter 30 | objfunc_time: 93.769681 | energy: node=79119J gpu=51973J cpu=14179J (844W)
rank 3 | iter 31 | objfunc_time: 93.845016 | energy: node=75880J gpu=53615J cpu=14035J (809W)
rank 0 | iter 31 | objfunc_time: 93.816755 | energy: node=79242J gpu=54662J cpu=12967J (844W)
rank 1 | iter 31 | objfunc_time: 93.845021 | energy: node=79098J gpu=51784J cpu=14157J (843W)
rank 2 | iter 31 | objfunc_time: 93.815534 | energy: node=84640J gpu=52964J cpu=15696J (902W)
rank 0 | iter 32 | objfunc_time: 93.874333 | energy: node=76997J gpu=53472J cpu=12678J (820W)
rank 3 | iter 32 | objfunc_time: 93.730079 | energy: node=75723J gpu=53606J cpu=14064J (806W)
rank 1 | iter 32 | objfunc_time: 93.874475 | energy: node=79014J gpu=51906J cpu=14157J (841W)
rank 2 | iter 32 | objfunc_time: 93.903146 | energy: node=84417J gpu=52854J cpu=15661J (899W)
rank 3 | iter 33 | objfunc_time: 93.968313 | energy: node=75863J gpu=54091J cpu=13988J (807W)
rank 0 | iter 33 | objfunc_time: 93.968312 | energy: node=77102J gpu=53568J cpu=12683J (821W)
rank 1 | iter 33 | objfunc_time: 93.968316 | energy: node=79607J gpu=52369J cpu=14196J (847W)
rank 2 | iter 33 | objfunc_time: 93.968301 | energy: node=84884J gpu=53109J cpu=15715J (903W)
rank 3 | iter 34 | objfunc_time: 93.961645 | energy: node=75715J gpu=53563J cpu=14013J (806W)
rank 0 | iter 34 | objfunc_time: 93.961369 | energy: node=77017J gpu=53446J cpu=12679J (819W)
rank 1 | iter 34 | objfunc_time: 93.961754 | energy: node=79269J gpu=51887J cpu=14228J (843W)
rank 2 | iter 34 | objfunc_time: 93.990172 | energy: node=84816J gpu=53449J cpu=15722J (902W)
rank 1 | iter 35 | objfunc_time: 93.857663 | energy: node=79090J gpu=51962J cpu=14195J (843W)
rank 0 | iter 35 | objfunc_time: 93.402707 | energy: node=76687J gpu=53201J cpu=12676J (817W)
rank 3 | iter 35 | objfunc_time: 93.829470 | energy: node=75840J gpu=53634J cpu=14113J (808W)
rank 2 | iter 35 | objfunc_time: 93.857650 | energy: node=84756J gpu=53050J cpu=15707J (903W)
rank 1 | iter 36 | objfunc_time: 93.843556 | energy: node=79250J gpu=52080J cpu=14220J (844W)
rank 2 | iter 36 | objfunc_time: 93.843579 | energy: node=84697J gpu=52977J cpu=15709J (903W)
rank 3 | iter 36 | objfunc_time: 93.814984 | energy: node=76226J gpu=53854J cpu=14135J (812W)
rank 0 | iter 36 | objfunc_time: 93.666980 | energy: node=76985J gpu=53439J cpu=12690J (820W)
rank 0 | iter 37 | objfunc_time: 93.804239 | energy: node=77035J gpu=53445J cpu=12740J (821W)
rank 1 | iter 37 | objfunc_time: 93.775488 | energy: node=79151J gpu=51959J cpu=14196J (844W)
rank 2 | iter 37 | objfunc_time: 93.774854 | energy: node=84586J gpu=52860J cpu=15719J (902W)
rank 3 | iter 37 | objfunc_time: 93.775626 | energy: node=76353J gpu=53938J cpu=14133J (814W)
rank 0 | iter 38 | objfunc_time: 93.987380 | energy: node=77166J gpu=53440J cpu=12806J (821W)
rank 3 | iter 38 | objfunc_time: 94.015622 | energy: node=76135J gpu=53719J cpu=14099J (810W)
rank 1 | iter 38 | objfunc_time: 93.987105 | energy: node=76125J gpu=50084J cpu=13636J (810W)
rank 2 | iter 38 | objfunc_time: 93.986761 | energy: node=85145J gpu=53214J cpu=15834J (906W)
rank 1 | iter 39 | objfunc_time: 93.819463 | energy: node=83035J gpu=54304J cpu=14921J (885W)
rank 0 | iter 39 | objfunc_time: 93.532293 | energy: node=76966J gpu=53284J cpu=12839J (820W)
rank 2 | iter 39 | objfunc_time: 93.847411 | energy: node=84678J gpu=52816J cpu=15750J (902W)
rank 3 | iter 39 | objfunc_time: 93.674704 | energy: node=76282J gpu=53831J cpu=14159J (813W)
rank 0 | iter 40 | objfunc_time: 93.778131 | energy: node=77149J gpu=53959J cpu=12893J (822W)
rank 0 | optimization summary: n_iters=40 | objfunc_time: mean=93.007015 std=0.770228 min=91.947980 max=94.098551
rank 3 | iter 40 | objfunc_time: 93.806530 | energy: node=76231J gpu=53763J cpu=14175J (813W)
rank 1 | iter 40 | objfunc_time: 93.778410 | energy: node=79514J gpu=52065J cpu=14270J (848W)
rank 2 | iter 40 | objfunc_time: 93.777736 | energy: node=84664J gpu=52840J cpu=15746J (903W)
rank 0 | energy per gradient (node): mean=76442J std=843J total=3057687J | gpu: mean=53025J
rank 3 | optimization summary: n_iters=40 | objfunc_time: mean=93.022571 std=0.791507 min=92.026537 max=94.126993
rank 1 | optimization summary: n_iters=40 | objfunc_time: mean=93.024098 std=0.793367 min=91.977890 max=93.987105
rank 2 | optimization summary: n_iters=40 | objfunc_time: mean=93.030543 std=0.780050 min=92.026588 max=93.990172
Optimization did not converge. FAILURE MSG:  ABNORMAL: 
rank 3 | energy per gradient (node): mean=75503J std=941J total=3020123J | gpu: mean=53359J
rank 1 | energy per gradient (node): mean=78800J std=1178J total=3151980J | gpu: mean=51641J
rank 2 | energy per gradient (node): mean=84084J std=657J total=3363343J | gpu: mean=52473J
Optimization completed in 3821.84s
Starting Hessian computation...
comm_rank: 3 | Hessian column 1/15 (187.51s)
comm_rank: 0 | Hessian column 1/15 (187.52s)
comm_rank: 1 | Hessian column 1/15 (187.52s)
comm_rank: 2 | Hessian column 1/15 (187.52s)
comm_rank: 3 | Hessian column 2/15 (186.18s)
comm_rank: 1 | Hessian column 2/15 (186.18s)
comm_rank: 0 | Hessian column 2/15 (186.18s)
comm_rank: 2 | Hessian column 2/15 (186.18s)
comm_rank: 3 | Hessian column 3/15 (184.24s)
comm_rank: 0 | Hessian column 3/15 (184.24s)
comm_rank: 1 | Hessian column 3/15 (184.24s)
comm_rank: 2 | Hessian column 3/15 (184.24s)
comm_rank: 3 | Hessian column 4/15 (186.09s)
comm_rank: 0 | Hessian column 4/15 (186.09s)
comm_rank: 1 | Hessian column 4/15 (186.09s)
comm_rank: 2 | Hessian column 4/15 (186.09s)
comm_rank: 3 | Hessian column 5/15 (187.99s)
comm_rank: 1 | Hessian column 5/15 (187.98s)
comm_rank: 2 | Hessian column 5/15 (187.98s)
comm_rank: 0 | Hessian column 5/15 (187.99s)
comm_rank: 3 | Hessian column 6/15 (187.96s)
comm_rank: 1 | Hessian column 6/15 (187.96s)
comm_rank: 0 | Hessian column 6/15 (187.96s)
comm_rank: 2 | Hessian column 6/15 (187.96s)
comm_rank: 1 | Hessian column 7/15 (184.48s)
comm_rank: 3 | Hessian column 7/15 (184.49s)
comm_rank: 2 | Hessian column 7/15 (184.49s)
comm_rank: 0 | Hessian column 7/15 (184.49s)
comm_rank: 3 | Hessian column 8/15 (186.57s)
comm_rank: 1 | Hessian column 8/15 (186.57s)
comm_rank: 2 | Hessian column 8/15 (186.57s)
comm_rank: 0 | Hessian column 8/15 (186.57s)
comm_rank: 3 | Hessian column 9/15 (187.23s)
comm_rank: 1 | Hessian column 9/15 (187.23s)
comm_rank: 0 | Hessian column 9/15 (187.23s)
comm_rank: 2 | Hessian column 9/15 (187.23s)
comm_rank: 3 | Hessian column 10/15 (187.05s)
comm_rank: 1 | Hessian column 10/15 (187.06s)
comm_rank: 0 | Hessian column 10/15 (187.05s)
comm_rank: 2 | Hessian column 10/15 (187.05s)
comm_rank: 3 | Hessian column 11/15 (186.61s)
comm_rank: 1 | Hessian column 11/15 (186.61s)
comm_rank: 0 | Hessian column 11/15 (186.61s)
comm_rank: 2 | Hessian column 11/15 (186.61s)
comm_rank: 3 | Hessian column 12/15 (187.13s)
comm_rank: 1 | Hessian column 12/15 (187.13s)
comm_rank: 0 | Hessian column 12/15 (187.13s)
comm_rank: 2 | Hessian column 12/15 (187.13s)
comm_rank: 3 | Hessian column 13/15 (185.78s)
comm_rank: 1 | Hessian column 13/15 (185.78s)
comm_rank: 0 | Hessian column 13/15 (185.78s)
comm_rank: 2 | Hessian column 13/15 (185.78s)
comm_rank: 3 | Hessian column 14/15 (184.52s)
comm_rank: 1 | Hessian column 14/15 (184.52s)
comm_rank: 0 | Hessian column 14/15 (184.52s)
comm_rank: 2 | Hessian column 14/15 (184.52s)
comm_rank: 3 | Hessian column 15/15 (184.57s)
comm_rank: 1 | Hessian column 15/15 (184.57s)
comm_rank: 0 | Hessian column 15/15 (184.57s)
comm_rank: 2 | Hessian column 15/15 (184.58s)
Job finished at Sat 14 Mar 2026 08:48:34 PM CET
