Parsed parameters:
  max_iter: 250
  solver_min_p: 4
  profile: False
  precision: float64
  skip_jax: True
--- wa1: Coregional (3-variate) Spatio-Temporal Model (distributed, 4 nodes) ---
Distributed solver slicing: [128, 128, 128, 128]

___________________________________ 
___  __ \__    |__  /____  _/__    |
__  / / /_  /| |_  /  __  / __  /| |
_  /_/ /_  ___ |  /____/ /  _  ___ |
/_____/ /_/  |_/_____/___/  /_/  |_|

╔═════════════════════════════════════════════════════════╗
║                Parallelization strategies               ║
║ ╒═══════════════════════════════════════════╤═════════╕ ║
║ │ Participating Processes / Total Processes │ 16 / 16 │ ║
║ ├───────────────────────────────────────────┼─────────┤ ║
║ │ Parallelization through F()               │    4    │ ║
║ ├───────────────────────────────────────────┼─────────┤ ║
║ │ Parallelization through Q()               │    1    │ ║
║ ├───────────────────────────────────────────┼─────────┤ ║
║ │ Parallelization through S()               │    4    │ ║
║ ╘═══════════════════════════════════════════╧═════════╛ ║
╚═════════════════════════════════════════════════════════╝
╔═══════════════════════════════╗
║  Enabled Performance modules  ║
║ ╒═══════════════════╤═══════╕ ║
║ │ Array module      │ cupy  │ ║
║ ├───────────────────┼───────┤ ║
║ │ MPI available     │ True  │ ║
║ ├───────────────────┼───────┤ ║
║ │ Is MPI CUDA aware │ False │ ║
║ ├───────────────────┼───────┤ ║
║ │ Is NCCL available │ False │ ║
║ ╘═══════════════════╧═══════╛ ║
╚═══════════════════════════════╝
╔═══════════════════════════════════════╗
║             Memory Report             ║
║ ╒════════════════════════╤══════════╕ ║
║ │ Solver memory          │ 41.72 GB │ ║
║ ├────────────────────────┼──────────┤ ║
║ │ Total memory used      │ 56.92 GB │ ║
║ ├────────────────────────┼──────────┤ ║
║ │ Total memory available │ 57.57 GB │ ║
║ ╘════════════════════════╧══════════╛ ║
╚═══════════════════════════════════════╝
DALIA initialized.
Parsed parameters:
  max_iter: 250
  solver_min_p: 4
  profile: False
  precision: float64
  skip_jax: True
rank 5 | iter 1 | objfunc_time: 55.688693 | solver_time: 45.615098 | construction_time: 6.395369 | energy: node=57544J gpu=39317J cpu=8915J (1033W)
Parsed parameters:
  max_iter: 250
  solver_min_p: 4
  profile: False
  precision: float64
  skip_jax: True
rank 12 | iter 1 | objfunc_time: 55.688699 | solver_time: 40.390256 | construction_time: 5.598778 | energy: node=47660J gpu=30959J cpu=8447J (856W)
Parsed parameters:
  max_iter: 250
  solver_min_p: 4
  profile: False
  precision: float64
  skip_jax: True
rank 8 | iter 1 | objfunc_time: 55.688698 | solver_time: 46.679469 | construction_time: 6.413700 | energy: node=46594J gpu=31876J cpu=10364J (837W)
Parsed parameters:
  max_iter: 250
  solver_min_p: 4
  profile: False
  precision: float64
  skip_jax: True
rank 11 | iter 1 | objfunc_time: 55.688700 | solver_time: 46.532097 | construction_time: 6.425932 | energy: node=57817J gpu=40188J cpu=9296J (1038W)
Parsed parameters:
  max_iter: 250
  solver_min_p: 4
  profile: False
  precision: float64
  skip_jax: True
rank 10 | iter 1 | objfunc_time: 55.688700 | solver_time: 46.491878 | construction_time: 6.449710 | energy: node=57773J gpu=40617J cpu=9041J (1037W)
Parsed parameters:
  max_iter: 250
  solver_min_p: 4
  profile: False
  precision: float64
  skip_jax: True
rank 3 | iter 1 | objfunc_time: 55.688685 | solver_time: 47.059558 | construction_time: 6.412429 | energy: node=60034J gpu=39818J cpu=11214J (1078W)
Parsed parameters:
  max_iter: 250
  solver_min_p: 4
  profile: False
  precision: float64
  skip_jax: True
rank 6 | iter 1 | objfunc_time: 55.688684 | solver_time: 45.608937 | construction_time: 6.392448 | energy: node=58497J gpu=42491J cpu=8904J (1050W)
Parsed parameters:
  max_iter: 250
  solver_min_p: 4
  profile: False
  precision: float64
  skip_jax: True
rank 13 | iter 1 | objfunc_time: 55.688688 | solver_time: 40.039218 | construction_time: 5.654884 | energy: node=55929J gpu=38528J cpu=9642J (1004W)
Allocated an extra 0.48 GB for BTA_mapping caching (total: 42.20)
Starting optimization.
Using finite differences (eps=0.001)
rank 0 | iter 1 | objfunc_time: 55.688700 | solver_time: 47.006325 | construction_time: 6.404215 | energy: node=48626J gpu=31870J cpu=7565J (873W)
Parsed parameters:
  max_iter: 250
  solver_min_p: 4
  profile: False
  precision: float64
  skip_jax: True
rank 9 | iter 1 | objfunc_time: 55.688695 | solver_time: 46.713065 | construction_time: 6.378191 | energy: node=56583J gpu=41304J cpu=9759J (1016W)
Parsed parameters:
  max_iter: 250
  solver_min_p: 4
  profile: False
  precision: float64
  skip_jax: True
rank 14 | iter 1 | objfunc_time: 55.688699 | solver_time: 40.385835 | construction_time: 5.632798 | energy: node=57199J gpu=37879J cpu=9299J (1027W)
Parsed parameters:
  max_iter: 250
  solver_min_p: 4
  profile: False
  precision: float64
  skip_jax: True
rank 15 | iter 1 | objfunc_time: 55.688671 | solver_time: 39.943361 | construction_time: 5.655076 | energy: node=56210J gpu=38599J cpu=11549J (1009W)
Parsed parameters:
  max_iter: 250
  solver_min_p: 4
  profile: False
  precision: float64
  skip_jax: True
rank 7 | iter 1 | objfunc_time: 55.688705 | solver_time: 45.499130 | construction_time: 6.402227 | energy: node=57026J gpu=41392J cpu=10571J (1024W)
Parsed parameters:
  max_iter: 250
  solver_min_p: 4
  profile: False
  precision: float64
  skip_jax: True
rank 2 | iter 1 | objfunc_time: 55.688688 | solver_time: 47.209922 | construction_time: 6.393398 | energy: node=57842J gpu=40595J cpu=10639J (1039W)
Parsed parameters:
  max_iter: 250
  solver_min_p: 4
  profile: False
  precision: float64
  skip_jax: True
rank 1 | iter 1 | objfunc_time: 55.688679 | solver_time: 46.235068 | construction_time: 6.505908 | energy: node=58728J gpu=41336J cpu=9366J (1055W)
Parsed parameters:
  max_iter: 250
  solver_min_p: 4
  profile: False
  precision: float64
  skip_jax: True
rank 4 | iter 1 | objfunc_time: 55.688679 | solver_time: 45.280679 | construction_time: 6.438546 | energy: node=47835J gpu=32252J cpu=8110J (859W)
rank 1 | iter 2 | objfunc_time: 55.811083 | solver_time: 46.866616 | construction_time: 6.444563 | energy: node=58583J gpu=41152J cpu=9327J (1050W)
comm_rank: 1 | Iteration:  1 (took: 55.81) | Theta: [ 1.223788,  0.484541,  8.031697, -0.090636,  1.126972,  8.491268,  0.781540,  0.730920,  7.987173, -0.042311,  1.363152, -0.623040, -2.034476,  1.995145,  1.010004] | Function Value: -16605431.972473 | Gradient: [-2259120.422363,  1580262.954712,  1076893.722534, -1903742.996216,  119954.849243,  389622.253418, -380106.430054,  1284481.948853,  443853.286743,  901061.904907,  980049.652100, -484670.791626, -517474.060059, -989057.937622,  1115343.093872] |  Norm(Grad): [ 4363449.281552]
rank 10 | iter 2 | objfunc_time: 55.646031 | solver_time: 46.493379 | construction_time: 6.459942 | energy: node=55709J gpu=38874J cpu=8682J (998W)
rank 11 | iter 2 | objfunc_time: 55.640260 | solver_time: 46.512731 | construction_time: 6.432024 | energy: node=57688J gpu=39445J cpu=9266J (1034W)
rank 8 | iter 2 | objfunc_time: 55.784653 | solver_time: 46.815108 | construction_time: 6.415400 | energy: node=46675J gpu=31989J cpu=10418J (836W)
rank 6 | iter 2 | objfunc_time: 55.783513 | solver_time: 45.897404 | construction_time: 6.425436 | energy: node=58635J gpu=42694J cpu=8900J (1051W)
rank 9 | iter 2 | objfunc_time: 55.782219 | solver_time: 46.846638 | construction_time: 6.371758 | energy: node=56700J gpu=41393J cpu=9769J (1016W)
rank 14 | iter 2 | objfunc_time: 55.781887 | solver_time: 40.635855 | construction_time: 5.628948 | energy: node=57173J gpu=37848J cpu=9273J (1024W)
rank 15 | iter 2 | objfunc_time: 55.781875 | solver_time: 40.368903 | construction_time: 5.627764 | energy: node=56262J gpu=38185J cpu=11545J (1008W)
rank 3 | iter 2 | objfunc_time: 55.783839 | solver_time: 46.648297 | construction_time: 6.483314 | energy: node=59765J gpu=39663J cpu=11171J (1071W)
comm_rank: 8 | Iteration:  1 (took: 55.78) | Theta: [ 1.223788,  0.484541,  8.031697, -0.090636,  1.126972,  8.491268,  0.781540,  0.730920,  7.987173, -0.042311,  1.363152, -0.623040, -2.034476,  1.995145,  1.010004] | Function Value: -16605431.972473 | Gradient: [-2259120.422363,  1580262.954712,  1076893.722534, -1903742.996216,  119954.849243,  389622.253418, -380106.430054,  1284481.948853,  443853.286743,  901061.904907,  980049.652100, -484670.791626, -517474.060059, -989057.937622,  1115343.093872] |  Norm(Grad): [ 4363449.281552]
comm_rank: 11 | Iteration:  1 (took: 55.64) | Theta: [ 1.223788,  0.484541,  8.031697, -0.090636,  1.126972,  8.491268,  0.781540,  0.730920,  7.987173, -0.042311,  1.363152, -0.623040, -2.034476,  1.995145,  1.010004] | Function Value: -16605431.972473 | Gradient: [-2259120.422363,  1580262.954712,  1076893.722534, -1903742.996216,  119954.849243,  389622.253418, -380106.430054,  1284481.948853,  443853.286743,  901061.904907,  980049.652100, -484670.791626, -517474.060059, -989057.937622,  1115343.093872] |  Norm(Grad): [ 4363449.281552]
comm_rank: 10 | Iteration:  1 (took: 55.65) | Theta: [ 1.223788,  0.484541,  8.031697, -0.090636,  1.126972,  8.491268,  0.781540,  0.730920,  7.987173, -0.042311,  1.363152, -0.623040, -2.034476,  1.995145,  1.010004] | Function Value: -16605431.972473 | Gradient: [-2259120.422363,  1580262.954712,  1076893.722534, -1903742.996216,  119954.849243,  389622.253418, -380106.430054,  1284481.948853,  443853.286743,  901061.904907,  980049.652100, -484670.791626, -517474.060059, -989057.937622,  1115343.093872] |  Norm(Grad): [ 4363449.281552]
comm_rank: 14 | Iteration:  1 (took: 55.78) | Theta: [ 1.223788,  0.484541,  8.031697, -0.090636,  1.126972,  8.491268,  0.781540,  0.730920,  7.987173, -0.042311,  1.363152, -0.623040, -2.034476,  1.995145,  1.010004] | Function Value: -16605431.972473 | Gradient: [-2259120.422363,  1580262.954712,  1076893.722534, -1903742.996216,  119954.849243,  389622.253418, -380106.430054,  1284481.948853,  443853.286743,  901061.904907,  980049.652100, -484670.791626, -517474.060059, -989057.937622,  1115343.093872] |  Norm(Grad): [ 4363449.281552]
comm_rank: 15 | Iteration:  1 (took: 55.78) | Theta: [ 1.223788,  0.484541,  8.031697, -0.090636,  1.126972,  8.491268,  0.781540,  0.730920,  7.987173, -0.042311,  1.363152, -0.623040, -2.034476,  1.995145,  1.010004] | Function Value: -16605431.972473 | Gradient: [-2259120.422363,  1580262.954712,  1076893.722534, -1903742.996216,  119954.849243,  389622.253418, -380106.430054,  1284481.948853,  443853.286743,  901061.904907,  980049.652100, -484670.791626, -517474.060059, -989057.937622,  1115343.093872] |  Norm(Grad): [ 4363449.281552]
comm_rank: 9 | Iteration:  1 (took: 55.78) | Theta: [ 1.223788,  0.484541,  8.031697, -0.090636,  1.126972,  8.491268,  0.781540,  0.730920,  7.987173, -0.042311,  1.363152, -0.623040, -2.034476,  1.995145,  1.010004] | Function Value: -16605431.972473 | Gradient: [-2259120.422363,  1580262.954712,  1076893.722534, -1903742.996216,  119954.849243,  389622.253418, -380106.430054,  1284481.948853,  443853.286743,  901061.904907,  980049.652100, -484670.791626, -517474.060059, -989057.937622,  1115343.093872] |  Norm(Grad): [ 4363449.281552]
comm_rank: 3 | Iteration:  1 (took: 55.78) | Theta: [ 1.223788,  0.484541,  8.031697, -0.090636,  1.126972,  8.491268,  0.781540,  0.730920,  7.987173, -0.042311,  1.363152, -0.623040, -2.034476,  1.995145,  1.010004] | Function Value: -16605431.972473 | Gradient: [-2259120.422363,  1580262.954712,  1076893.722534, -1903742.996216,  119954.849243,  389622.253418, -380106.430054,  1284481.948853,  443853.286743,  901061.904907,  980049.652100, -484670.791626, -517474.060059, -989057.937622,  1115343.093872] |  Norm(Grad): [ 4363449.281552]
comm_rank: 6 | Iteration:  1 (took: 55.78) | Theta: [ 1.223788,  0.484541,  8.031697, -0.090636,  1.126972,  8.491268,  0.781540,  0.730920,  7.987173, -0.042311,  1.363152, -0.623040, -2.034476,  1.995145,  1.010004] | Function Value: -16605431.972473 | Gradient: [-2259120.422363,  1580262.954712,  1076893.722534, -1903742.996216,  119954.849243,  389622.253418, -380106.430054,  1284481.948853,  443853.286743,  901061.904907,  980049.652100, -484670.791626, -517474.060059, -989057.937622,  1115343.093872] |  Norm(Grad): [ 4363449.281552]
rank 12 | iter 2 | objfunc_time: 55.785222 | solver_time: 40.642061 | construction_time: 5.606460 | energy: node=47794J gpu=31048J cpu=8484J (856W)
rank 0 | iter 2 | objfunc_time: 55.641394 | solver_time: 46.939285 | construction_time: 6.414009 | energy: node=48512J gpu=31823J cpu=7524J (869W)
rank 13 | iter 2 | objfunc_time: 55.360626 | solver_time: 39.943672 | construction_time: 5.639556 | energy: node=55732J gpu=38435J cpu=9596J (999W)
rank 5 | iter 2 | objfunc_time: 55.649884 | solver_time: 46.026328 | construction_time: 6.391331 | energy: node=57432J gpu=38849J cpu=8884J (1029W)
comm_rank: 12 | Iteration:  1 (took: 55.79) | Theta: [ 1.223788,  0.484541,  8.031697, -0.090636,  1.126972,  8.491268,  0.781540,  0.730920,  7.987173, -0.042311,  1.363152, -0.623040, -2.034476,  1.995145,  1.010004] | Function Value: -16605431.972473 | Gradient: [-2259120.422363,  1580262.954712,  1076893.722534, -1903742.996216,  119954.849243,  389622.253418, -380106.430054,  1284481.948853,  443853.286743,  901061.904907,  980049.652100, -484670.791626, -517474.060059, -989057.937622,  1115343.093872] |  Norm(Grad): [ 4363449.281552]
rank 2 | iter 2 | objfunc_time: 55.811096 | solver_time: 47.320936 | construction_time: 6.402078 | energy: node=58278J gpu=41062J cpu=10727J (1044W)
comm_rank: 0 | Iteration:  1 (took: 55.64) | Theta: [ 1.223788,  0.484541,  8.031697, -0.090636,  1.126972,  8.491268,  0.781540,  0.730920,  7.987173, -0.042311,  1.363152, -0.623040, -2.034476,  1.995145,  1.010004] | Function Value: -16605431.972473 | Gradient: [-2259120.422363,  1580262.954712,  1076893.722534, -1903742.996216,  119954.849243,  389622.253418, -380106.430054,  1284481.948853,  443853.286743,  901061.904907,  980049.652100, -484670.791626, -517474.060059, -989057.937622,  1115343.093872] |  Norm(Grad): [ 4363449.281552]
comm_rank: 13 | Iteration:  1 (took: 55.36) | Theta: [ 1.223788,  0.484541,  8.031697, -0.090636,  1.126972,  8.491268,  0.781540,  0.730920,  7.987173, -0.042311,  1.363152, -0.623040, -2.034476,  1.995145,  1.010004] | Function Value: -16605431.972473 | Gradient: [-2259120.422363,  1580262.954712,  1076893.722534, -1903742.996216,  119954.849243,  389622.253418, -380106.430054,  1284481.948853,  443853.286743,  901061.904907,  980049.652100, -484670.791626, -517474.060059, -989057.937622,  1115343.093872] |  Norm(Grad): [ 4363449.281552]
comm_rank: 5 | Iteration:  1 (took: 55.65) | Theta: [ 1.223788,  0.484541,  8.031697, -0.090636,  1.126972,  8.491268,  0.781540,  0.730920,  7.987173, -0.042311,  1.363152, -0.623040, -2.034476,  1.995145,  1.010004] | Function Value: -16605431.972473 | Gradient: [-2259120.422363,  1580262.954712,  1076893.722534, -1903742.996216,  119954.849243,  389622.253418, -380106.430054,  1284481.948853,  443853.286743,  901061.904907,  980049.652100, -484670.791626, -517474.060059, -989057.937622,  1115343.093872] |  Norm(Grad): [ 4363449.281552]
rank 7 | iter 2 | objfunc_time: 55.780869 | solver_time: 46.023943 | construction_time: 6.401726 | energy: node=57262J gpu=41469J cpu=10621J (1026W)
rank 4 | iter 2 | objfunc_time: 55.811077 | solver_time: 45.684095 | construction_time: 6.445334 | energy: node=47875J gpu=31751J cpu=8160J (858W)
comm_rank: 2 | Iteration:  1 (took: 55.81) | Theta: [ 1.223788,  0.484541,  8.031697, -0.090636,  1.126972,  8.491268,  0.781540,  0.730920,  7.987173, -0.042311,  1.363152, -0.623040, -2.034476,  1.995145,  1.010004] | Function Value: -16605431.972473 | Gradient: [-2259120.422363,  1580262.954712,  1076893.722534, -1903742.996216,  119954.849243,  389622.253418, -380106.430054,  1284481.948853,  443853.286743,  901061.904907,  980049.652100, -484670.791626, -517474.060059, -989057.937622,  1115343.093872] |  Norm(Grad): [ 4363449.281552]
comm_rank: 7 | Iteration:  1 (took: 55.78) | Theta: [ 1.223788,  0.484541,  8.031697, -0.090636,  1.126972,  8.491268,  0.781540,  0.730920,  7.987173, -0.042311,  1.363152, -0.623040, -2.034476,  1.995145,  1.010004] | Function Value: -16605431.972473 | Gradient: [-2259120.422363,  1580262.954712,  1076893.722534, -1903742.996216,  119954.849243,  389622.253418, -380106.430054,  1284481.948853,  443853.286743,  901061.904907,  980049.652100, -484670.791626, -517474.060059, -989057.937622,  1115343.093872] |  Norm(Grad): [ 4363449.281552]
comm_rank: 4 | Iteration:  1 (took: 55.81) | Theta: [ 1.223788,  0.484541,  8.031697, -0.090636,  1.126972,  8.491268,  0.781540,  0.730920,  7.987173, -0.042311,  1.363152, -0.623040, -2.034476,  1.995145,  1.010004] | Function Value: -16605431.972473 | Gradient: [-2259120.422363,  1580262.954712,  1076893.722534, -1903742.996216,  119954.849243,  389622.253418, -380106.430054,  1284481.948853,  443853.286743,  901061.904907,  980049.652100, -484670.791626, -517474.060059, -989057.937622,  1115343.093872] |  Norm(Grad): [ 4363449.281552]
rank 4 | iter 3 | objfunc_time: 55.429266 | solver_time: 45.863949 | construction_time: 6.402563 | energy: node=47518J gpu=31487J cpu=8083J (857W)
comm_rank: 4 | Iteration:  2 (took: 55.43) | Theta: [ 1.234070,  0.477500,  8.026887, -0.082022,  1.126219,  8.489268,  0.782784,  0.725234,  7.985146, -0.046381,  1.358738, -0.620648, -2.032148,  1.997091,  1.004927] | Function Value: -16611690.650360 | Gradient: [ 1068598.815918,  558069.839478,  626376.037598, -1297234.283447, -288931.335449,  1128337.051392, -1413142.608643, -705781.890869, -1212896.820068,  606964.172363, -592053.115845, -855881.408691,  1435371.353149, -1040787.689209, -304198.562622] |  Norm(Grad): [ 3679522.497699]
rank 7 | iter 3 | objfunc_time: 55.429261 | solver_time: 45.889890 | construction_time: 6.427259 | energy: node=56636J gpu=41274J cpu=10506J (1022W)
rank 6 | iter 3 | objfunc_time: 55.401634 | solver_time: 45.420851 | construction_time: 6.530433 | energy: node=58454J gpu=42452J cpu=8884J (1055W)
comm_rank: 7 | Iteration:  2 (took: 55.43) | Theta: [ 1.234070,  0.477500,  8.026887, -0.082022,  1.126219,  8.489268,  0.782784,  0.725234,  7.985146, -0.046381,  1.358738, -0.620648, -2.032148,  1.997091,  1.004927] | Function Value: -16611690.650360 | Gradient: [ 1068598.815918,  558069.839478,  626376.037598, -1297234.283447, -288931.335449,  1128337.051392, -1413142.608643, -705781.890869, -1212896.820068,  606964.172363, -592053.115845, -855881.408691,  1435371.353149, -1040787.689209, -304198.562622] |  Norm(Grad): [ 3679522.497699]
comm_rank: 6 | Iteration:  2 (took: 55.40) | Theta: [ 1.234070,  0.477500,  8.026887, -0.082022,  1.126219,  8.489268,  0.782784,  0.725234,  7.985146, -0.046381,  1.358738, -0.620648, -2.032148,  1.997091,  1.004927] | Function Value: -16611690.650360 | Gradient: [ 1068598.815918,  558069.839478,  626376.037598, -1297234.283447, -288931.335449,  1128337.051392, -1413142.608643, -705781.890869, -1212896.820068,  606964.172363, -592053.115845, -855881.408691,  1435371.353149, -1040787.689209, -304198.562622] |  Norm(Grad): [ 3679522.497699]
rank 8 | iter 3 | objfunc_time: 55.265727 | solver_time: 46.669291 | construction_time: 6.417534 | energy: node=46327J gpu=31071J cpu=10310J (836W)
rank 10 | iter 3 | objfunc_time: 55.402489 | solver_time: 46.627584 | construction_time: 6.464240 | energy: node=59641J gpu=42589J cpu=9359J (1076W)
rank 12 | iter 3 | objfunc_time: 55.429269 | solver_time: 40.098598 | construction_time: 5.605004 | energy: node=47450J gpu=30924J cpu=8398J (856W)
comm_rank: 10 | Iteration:  2 (took: 55.40) | Theta: [ 1.234070,  0.477500,  8.026887, -0.082022,  1.126219,  8.489268,  0.782784,  0.725234,  7.985146, -0.046381,  1.358738, -0.620648, -2.032148,  1.997091,  1.004927] | Function Value: -16611690.650360 | Gradient: [ 1068598.815918,  558069.839478,  626376.037598, -1297234.283447, -288931.335449,  1128337.051392, -1413142.608643, -705781.890869, -1212896.820068,  606964.172363, -592053.115845, -855881.408691,  1435371.353149, -1040787.689209, -304198.562622] |  Norm(Grad): [ 3679522.497699]
comm_rank: 12 | Iteration:  2 (took: 55.43) | Theta: [ 1.234070,  0.477500,  8.026887, -0.082022,  1.126219,  8.489268,  0.782784,  0.725234,  7.985146, -0.046381,  1.358738, -0.620648, -2.032148,  1.997091,  1.004927] | Function Value: -16611690.650360 | Gradient: [ 1068598.815918,  558069.839478,  626376.037598, -1297234.283447, -288931.335449,  1128337.051392, -1413142.608643, -705781.890869, -1212896.820068,  606964.172363, -592053.115845, -855881.408691,  1435371.353149, -1040787.689209, -304198.562622] |  Norm(Grad): [ 3679522.497699]
comm_rank: 8 | Iteration:  2 (took: 55.27) | Theta: [ 1.234070,  0.477500,  8.026887, -0.082022,  1.126219,  8.489268,  0.782784,  0.725234,  7.985146, -0.046381,  1.358738, -0.620648, -2.032148,  1.997091,  1.004927] | Function Value: -16611690.650360 | Gradient: [ 1068598.815918,  558069.839478,  626376.037598, -1297234.283447, -288931.335449,  1128337.051392, -1413142.608643, -705781.890869, -1212896.820068,  606964.172363, -592053.115845, -855881.408691,  1435371.353149, -1040787.689209, -304198.562622] |  Norm(Grad): [ 3679522.497699]
rank 0 | iter 3 | objfunc_time: 55.429253 | solver_time: 46.756599 | construction_time: 6.413625 | energy: node=48425J gpu=31768J cpu=7547J (874W)
rank 1 | iter 3 | objfunc_time: 55.412894 | solver_time: 46.455359 | construction_time: 6.456513 | energy: node=58317J gpu=41073J cpu=9263J (1052W)
comm_rank: 0 | Iteration:  2 (took: 55.43) | Theta: [ 1.234070,  0.477500,  8.026887, -0.082022,  1.126219,  8.489268,  0.782784,  0.725234,  7.985146, -0.046381,  1.358738, -0.620648, -2.032148,  1.997091,  1.004927] | Function Value: -16611690.650360 | Gradient: [ 1068598.815918,  558069.839478,  626376.037598, -1297234.283447, -288931.335449,  1128337.051392, -1413142.608643, -705781.890869, -1212896.820068,  606964.172363, -592053.115845, -855881.408691,  1435371.353149, -1040787.689209, -304198.562622] |  Norm(Grad): [ 3679522.497699]
rank 13 | iter 3 | objfunc_time: 55.429263 | solver_time: 39.951366 | construction_time: 5.625175 | energy: node=55665J gpu=38314J cpu=9552J (1004W)
rank 14 | iter 3 | objfunc_time: 55.401053 | solver_time: 40.061813 | construction_time: 5.635193 | energy: node=57024J gpu=37703J cpu=9217J (1029W)
comm_rank: 1 | Iteration:  2 (took: 55.41) | Theta: [ 1.234070,  0.477500,  8.026887, -0.082022,  1.126219,  8.489268,  0.782784,  0.725234,  7.985146, -0.046381,  1.358738, -0.620648, -2.032148,  1.997091,  1.004927] | Function Value: -16611690.650360 | Gradient: [ 1068598.815918,  558069.839478,  626376.037598, -1297234.283447, -288931.335449,  1128337.051392, -1413142.608643, -705781.890869, -1212896.820068,  606964.172363, -592053.115845, -855881.408691,  1435371.353149, -1040787.689209, -304198.562622] |  Norm(Grad): [ 3679522.497699]
rank 5 | iter 3 | objfunc_time: 55.429264 | solver_time: 46.137686 | construction_time: 6.398848 | energy: node=57332J gpu=39237J cpu=8824J (1034W)
comm_rank: 13 | Iteration:  2 (took: 55.43) | Theta: [ 1.234070,  0.477500,  8.026887, -0.082022,  1.126219,  8.489268,  0.782784,  0.725234,  7.985146, -0.046381,  1.358738, -0.620648, -2.032148,  1.997091,  1.004927] | Function Value: -16611690.650360 | Gradient: [ 1068598.815918,  558069.839478,  626376.037598, -1297234.283447, -288931.335449,  1128337.051392, -1413142.608643, -705781.890869, -1212896.820068,  606964.172363, -592053.115845, -855881.408691,  1435371.353149, -1040787.689209, -304198.562622] |  Norm(Grad): [ 3679522.497699]
rank 3 | iter 3 | objfunc_time: 55.399614 | solver_time: 46.418334 | construction_time: 6.442096 | energy: node=59666J gpu=38854J cpu=11151J (1076W)
rank 2 | iter 3 | objfunc_time: 55.429268 | solver_time: 46.953142 | construction_time: 6.398698 | energy: node=57441J gpu=40109J cpu=10556J (1036W)
comm_rank: 14 | Iteration:  2 (took: 55.40) | Theta: [ 1.234070,  0.477500,  8.026887, -0.082022,  1.126219,  8.489268,  0.782784,  0.725234,  7.985146, -0.046381,  1.358738, -0.620648, -2.032148,  1.997091,  1.004927] | Function Value: -16611690.650360 | Gradient: [ 1068598.815918,  558069.839478,  626376.037598, -1297234.283447, -288931.335449,  1128337.051392, -1413142.608643, -705781.890869, -1212896.820068,  606964.172363, -592053.115845, -855881.408691,  1435371.353149, -1040787.689209, -304198.562622] |  Norm(Grad): [ 3679522.497699]
comm_rank: 5 | Iteration:  2 (took: 55.43) | Theta: [ 1.234070,  0.477500,  8.026887, -0.082022,  1.126219,  8.489268,  0.782784,  0.725234,  7.985146, -0.046381,  1.358738, -0.620648, -2.032148,  1.997091,  1.004927] | Function Value: -16611690.650360 | Gradient: [ 1068598.815918,  558069.839478,  626376.037598, -1297234.283447, -288931.335449,  1128337.051392, -1413142.608643, -705781.890869, -1212896.820068,  606964.172363, -592053.115845, -855881.408691,  1435371.353149, -1040787.689209, -304198.562622] |  Norm(Grad): [ 3679522.497699]
comm_rank: 2 | Iteration:  2 (took: 55.43) | Theta: [ 1.234070,  0.477500,  8.026887, -0.082022,  1.126219,  8.489268,  0.782784,  0.725234,  7.985146, -0.046381,  1.358738, -0.620648, -2.032148,  1.997091,  1.004927] | Function Value: -16611690.650360 | Gradient: [ 1068598.815918,  558069.839478,  626376.037598, -1297234.283447, -288931.335449,  1128337.051392, -1413142.608643, -705781.890869, -1212896.820068,  606964.172363, -592053.115845, -855881.408691,  1435371.353149, -1040787.689209, -304198.562622] |  Norm(Grad): [ 3679522.497699]
comm_rank: 3 | Iteration:  2 (took: 55.40) | Theta: [ 1.234070,  0.477500,  8.026887, -0.082022,  1.126219,  8.489268,  0.782784,  0.725234,  7.985146, -0.046381,  1.358738, -0.620648, -2.032148,  1.997091,  1.004927] | Function Value: -16611690.650360 | Gradient: [ 1068598.815918,  558069.839478,  626376.037598, -1297234.283447, -288931.335449,  1128337.051392, -1413142.608643, -705781.890869, -1212896.820068,  606964.172363, -592053.115845, -855881.408691,  1435371.353149, -1040787.689209, -304198.562622] |  Norm(Grad): [ 3679522.497699]
rank 11 | iter 3 | objfunc_time: 55.402979 | solver_time: 46.632793 | construction_time: 6.438911 | energy: node=57707J gpu=40071J cpu=9278J (1041W)
comm_rank: 11 | Iteration:  2 (took: 55.40) | Theta: [ 1.234070,  0.477500,  8.026887, -0.082022,  1.126219,  8.489268,  0.782784,  0.725234,  7.985146, -0.046381,  1.358738, -0.620648, -2.032148,  1.997091,  1.004927] | Function Value: -16611690.650360 | Gradient: [ 1068598.815918,  558069.839478,  626376.037598, -1297234.283447, -288931.335449,  1128337.051392, -1413142.608643, -705781.890869, -1212896.820068,  606964.172363, -592053.115845, -855881.408691,  1435371.353149, -1040787.689209, -304198.562622] |  Norm(Grad): [ 3679522.497699]
rank 9 | iter 3 | objfunc_time: 55.401202 | solver_time: 46.830193 | construction_time: 6.376833 | energy: node=56468J gpu=41007J cpu=9710J (1019W)
comm_rank: 9 | Iteration:  2 (took: 55.40) | Theta: [ 1.234070,  0.477500,  8.026887, -0.082022,  1.126219,  8.489268,  0.782784,  0.725234,  7.985146, -0.046381,  1.358738, -0.620648, -2.032148,  1.997091,  1.004927] | Function Value: -16611690.650360 | Gradient: [ 1068598.815918,  558069.839478,  626376.037598, -1297234.283447, -288931.335449,  1128337.051392, -1413142.608643, -705781.890869, -1212896.820068,  606964.172363, -592053.115845, -855881.408691,  1435371.353149, -1040787.689209, -304198.562622] |  Norm(Grad): [ 3679522.497699]
rank 15 | iter 3 | objfunc_time: 55.400594 | solver_time: 39.999934 | construction_time: 5.596430 | energy: node=56102J gpu=38632J cpu=11509J (1012W)
comm_rank: 15 | Iteration:  2 (took: 55.40) | Theta: [ 1.234070,  0.477500,  8.026887, -0.082022,  1.126219,  8.489268,  0.782784,  0.725234,  7.985146, -0.046381,  1.358738, -0.620648, -2.032148,  1.997091,  1.004927] | Function Value: -16611690.650360 | Gradient: [ 1068598.815918,  558069.839478,  626376.037598, -1297234.283447, -288931.335449,  1128337.051392, -1413142.608643, -705781.890869, -1212896.820068,  606964.172363, -592053.115845, -855881.408691,  1435371.353149, -1040787.689209, -304198.562622] |  Norm(Grad): [ 3679522.497699]
rank 1 | iter 4 | objfunc_time: 55.986000 | solver_time: 47.260541 | construction_time: 6.423095 | energy: node=58802J gpu=41289J cpu=9378J (1050W)
rank 0 | iter 4 | objfunc_time: 55.986580 | solver_time: 46.206855 | construction_time: 6.596200 | energy: node=48482J gpu=31814J cpu=7571J (866W)
comm_rank: 1 | Iteration:  3 (took: 55.99) | Theta: [ 1.235868,  0.472496,  8.022792, -0.074308,  1.126884,  8.485390,  0.787815,  0.724404,  7.987613, -0.050016,  1.358294, -0.617312, -2.035066,  2.003453,  1.003413] | Function Value: -16612611.170105 | Gradient: [ 101009.048462, -225890.792847, -485718.399048,  685653.182983,  649020.812988,  8086.532593,  1062504.913330,  777764.831543,  194345.306396,  1850694.427490,  1250577.194214,  160774.612427,  932405.670166,  1668869.552612,  561168.670654] |  Norm(Grad): [ 3456074.118343]
comm_rank: 0 | Iteration:  3 (took: 55.99) | Theta: [ 1.235868,  0.472496,  8.022792, -0.074308,  1.126884,  8.485390,  0.787815,  0.724404,  7.987613, -0.050016,  1.358294, -0.617312, -2.035066,  2.003453,  1.003413] | Function Value: -16612611.170105 | Gradient: [ 101009.048462, -225890.792847, -485718.399048,  685653.182983,  649020.812988,  8086.532593,  1062504.913330,  777764.831543,  194345.306396,  1850694.427490,  1250577.194214,  160774.612427,  932405.670166,  1668869.552612,  561168.670654] |  Norm(Grad): [ 3456074.118343]
rank 11 | iter 4 | objfunc_time: 56.014036 | solver_time: 47.061805 | construction_time: 6.462401 | energy: node=58069J gpu=40465J cpu=9383J (1037W)
rank 5 | iter 4 | objfunc_time: 55.987694 | solver_time: 45.436608 | construction_time: 6.552029 | energy: node=57666J gpu=39486J cpu=8912J (1029W)
comm_rank: 5 | Iteration:  3 (took: 55.99) | Theta: [ 1.235868,  0.472496,  8.022792, -0.074308,  1.126884,  8.485390,  0.787815,  0.724404,  7.987613, -0.050016,  1.358294, -0.617312, -2.035066,  2.003453,  1.003413] | Function Value: -16612611.170105 | Gradient: [ 101009.048462, -225890.792847, -485718.399048,  685653.182983,  649020.812988,  8086.532593,  1062504.913330,  777764.831543,  194345.306396,  1850694.427490,  1250577.194214,  160774.612427,  932405.670166,  1668869.552612,  561168.670654] |  Norm(Grad): [ 3456074.118343]
comm_rank: 11 | Iteration:  3 (took: 56.01) | Theta: [ 1.235868,  0.472496,  8.022792, -0.074308,  1.126884,  8.485390,  0.787815,  0.724404,  7.987613, -0.050016,  1.358294, -0.617312, -2.035066,  2.003453,  1.003413] | Function Value: -16612611.170105 | Gradient: [ 101009.048462, -225890.792847, -485718.399048,  685653.182983,  649020.812988,  8086.532593,  1062504.913330,  777764.831543,  194345.306396,  1850694.427490,  1250577.194214,  160774.612427,  932405.670166,  1668869.552612,  561168.670654] |  Norm(Grad): [ 3456074.118343]
rank 8 | iter 4 | objfunc_time: 55.986765 | solver_time: 46.536639 | construction_time: 6.571692 | energy: node=46721J gpu=31982J cpu=10453J (834W)
rank 10 | iter 4 | objfunc_time: 55.998836 | solver_time: 46.775461 | construction_time: 6.526612 | energy: node=57999J gpu=39992J cpu=9132J (1035W)
rank 12 | iter 4 | objfunc_time: 55.987695 | solver_time: 40.172969 | construction_time: 5.607156 | energy: node=47942J gpu=31145J cpu=8493J (856W)
comm_rank: 8 | Iteration:  3 (took: 55.99) | Theta: [ 1.235868,  0.472496,  8.022792, -0.074308,  1.126884,  8.485390,  0.787815,  0.724404,  7.987613, -0.050016,  1.358294, -0.617312, -2.035066,  2.003453,  1.003413] | Function Value: -16612611.170105 | Gradient: [ 101009.048462, -225890.792847, -485718.399048,  685653.182983,  649020.812988,  8086.532593,  1062504.913330,  777764.831543,  194345.306396,  1850694.427490,  1250577.194214,  160774.612427,  932405.670166,  1668869.552612,  561168.670654] |  Norm(Grad): [ 3456074.118343]
comm_rank: 10 | Iteration:  3 (took: 56.00) | Theta: [ 1.235868,  0.472496,  8.022792, -0.074308,  1.126884,  8.485390,  0.787815,  0.724404,  7.987613, -0.050016,  1.358294, -0.617312, -2.035066,  2.003453,  1.003413] | Function Value: -16612611.170105 | Gradient: [ 101009.048462, -225890.792847, -485718.399048,  685653.182983,  649020.812988,  8086.532593,  1062504.913330,  777764.831543,  194345.306396,  1850694.427490,  1250577.194214,  160774.612427,  932405.670166,  1668869.552612,  561168.670654] |  Norm(Grad): [ 3456074.118343]
comm_rank: 12 | Iteration:  3 (took: 55.99) | Theta: [ 1.235868,  0.472496,  8.022792, -0.074308,  1.126884,  8.485390,  0.787815,  0.724404,  7.987613, -0.050016,  1.358294, -0.617312, -2.035066,  2.003453,  1.003413] | Function Value: -16612611.170105 | Gradient: [ 101009.048462, -225890.792847, -485718.399048,  685653.182983,  649020.812988,  8086.532593,  1062504.913330,  777764.831543,  194345.306396,  1850694.427490,  1250577.194214,  160774.612427,  932405.670166,  1668869.552612,  561168.670654] |  Norm(Grad): [ 3456074.118343]
rank 6 | iter 4 | objfunc_time: 55.997256 | solver_time: 46.020922 | construction_time: 6.421991 | energy: node=58673J gpu=42262J cpu=8964J (1047W)
rank 7 | iter 4 | objfunc_time: 55.997526 | solver_time: 45.951020 | construction_time: 6.435653 | energy: node=57185J gpu=41470J cpu=10681J (1021W)
comm_rank: 6 | Iteration:  3 (took: 56.00) | Theta: [ 1.235868,  0.472496,  8.022792, -0.074308,  1.126884,  8.485390,  0.787815,  0.724404,  7.987613, -0.050016,  1.358294, -0.617312, -2.035066,  2.003453,  1.003413] | Function Value: -16612611.170105 | Gradient: [ 101009.048462, -225890.792847, -485718.399048,  685653.182983,  649020.812988,  8086.532593,  1062504.913330,  777764.831543,  194345.306396,  1850694.427490,  1250577.194214,  160774.612427,  932405.670166,  1668869.552612,  561168.670654] |  Norm(Grad): [ 3456074.118343]
rank 9 | iter 4 | objfunc_time: 56.014065 | solver_time: 47.357614 | construction_time: 6.383822 | energy: node=56776J gpu=40900J cpu=9821J (1014W)
rank 14 | iter 4 | objfunc_time: 55.984904 | solver_time: 40.165450 | construction_time: 5.632247 | energy: node=57403J gpu=38032J cpu=9320J (1025W)
comm_rank: 7 | Iteration:  3 (took: 56.00) | Theta: [ 1.235868,  0.472496,  8.022792, -0.074308,  1.126884,  8.485390,  0.787815,  0.724404,  7.987613, -0.050016,  1.358294, -0.617312, -2.035066,  2.003453,  1.003413] | Function Value: -16612611.170105 | Gradient: [ 101009.048462, -225890.792847, -485718.399048,  685653.182983,  649020.812988,  8086.532593,  1062504.913330,  777764.831543,  194345.306396,  1850694.427490,  1250577.194214,  160774.612427,  932405.670166,  1668869.552612,  561168.670654] |  Norm(Grad): [ 3456074.118343]
rank 4 | iter 4 | objfunc_time: 55.997694 | solver_time: 45.774902 | construction_time: 6.457484 | energy: node=47906J gpu=31524J cpu=8196J (855W)
rank 3 | iter 4 | objfunc_time: 55.984733 | solver_time: 47.162837 | construction_time: 6.425467 | energy: node=59978J gpu=39172J cpu=11205J (1071W)
comm_rank: 9 | Iteration:  3 (took: 56.01) | Theta: [ 1.235868,  0.472496,  8.022792, -0.074308,  1.126884,  8.485390,  0.787815,  0.724404,  7.987613, -0.050016,  1.358294, -0.617312, -2.035066,  2.003453,  1.003413] | Function Value: -16612611.170105 | Gradient: [ 101009.048462, -225890.792847, -485718.399048,  685653.182983,  649020.812988,  8086.532593,  1062504.913330,  777764.831543,  194345.306396,  1850694.427490,  1250577.194214,  160774.612427,  932405.670166,  1668869.552612,  561168.670654] |  Norm(Grad): [ 3456074.118343]
comm_rank: 14 | Iteration:  3 (took: 55.98) | Theta: [ 1.235868,  0.472496,  8.022792, -0.074308,  1.126884,  8.485390,  0.787815,  0.724404,  7.987613, -0.050016,  1.358294, -0.617312, -2.035066,  2.003453,  1.003413] | Function Value: -16612611.170105 | Gradient: [ 101009.048462, -225890.792847, -485718.399048,  685653.182983,  649020.812988,  8086.532593,  1062504.913330,  777764.831543,  194345.306396,  1850694.427490,  1250577.194214,  160774.612427,  932405.670166,  1668869.552612,  561168.670654] |  Norm(Grad): [ 3456074.118343]
comm_rank: 4 | Iteration:  3 (took: 56.00) | Theta: [ 1.235868,  0.472496,  8.022792, -0.074308,  1.126884,  8.485390,  0.787815,  0.724404,  7.987613, -0.050016,  1.358294, -0.617312, -2.035066,  2.003453,  1.003413] | Function Value: -16612611.170105 | Gradient: [ 101009.048462, -225890.792847, -485718.399048,  685653.182983,  649020.812988,  8086.532593,  1062504.913330,  777764.831543,  194345.306396,  1850694.427490,  1250577.194214,  160774.612427,  932405.670166,  1668869.552612,  561168.670654] |  Norm(Grad): [ 3456074.118343]
comm_rank: 3 | Iteration:  3 (took: 55.98) | Theta: [ 1.235868,  0.472496,  8.022792, -0.074308,  1.126884,  8.485390,  0.787815,  0.724404,  7.987613, -0.050016,  1.358294, -0.617312, -2.035066,  2.003453,  1.003413] | Function Value: -16612611.170105 | Gradient: [ 101009.048462, -225890.792847, -485718.399048,  685653.182983,  649020.812988,  8086.532593,  1062504.913330,  777764.831543,  194345.306396,  1850694.427490,  1250577.194214,  160774.612427,  932405.670166,  1668869.552612,  561168.670654] |  Norm(Grad): [ 3456074.118343]
rank 2 | iter 4 | objfunc_time: 55.984727 | solver_time: 47.488147 | construction_time: 6.402474 | energy: node=57978J gpu=40865J cpu=10666J (1035W)
comm_rank: 2 | Iteration:  3 (took: 55.98) | Theta: [ 1.235868,  0.472496,  8.022792, -0.074308,  1.126884,  8.485390,  0.787815,  0.724404,  7.987613, -0.050016,  1.358294, -0.617312, -2.035066,  2.003453,  1.003413] | Function Value: -16612611.170105 | Gradient: [ 101009.048462, -225890.792847, -485718.399048,  685653.182983,  649020.812988,  8086.532593,  1062504.913330,  777764.831543,  194345.306396,  1850694.427490,  1250577.194214,  160774.612427,  932405.670166,  1668869.552612,  561168.670654] |  Norm(Grad): [ 3456074.118343]
rank 13 | iter 4 | objfunc_time: 55.838322 | solver_time: 39.929758 | construction_time: 5.617186 | energy: node=56138J gpu=39069J cpu=9687J (1002W)
comm_rank: 13 | Iteration:  3 (took: 55.84) | Theta: [ 1.235868,  0.472496,  8.022792, -0.074308,  1.126884,  8.485390,  0.787815,  0.724404,  7.987613, -0.050016,  1.358294, -0.617312, -2.035066,  2.003453,  1.003413] | Function Value: -16612611.170105 | Gradient: [ 101009.048462, -225890.792847, -485718.399048,  685653.182983,  649020.812988,  8086.532593,  1062504.913330,  777764.831543,  194345.306396,  1850694.427490,  1250577.194214,  160774.612427,  932405.670166,  1668869.552612,  561168.670654] |  Norm(Grad): [ 3456074.118343]
rank 15 | iter 4 | objfunc_time: 56.014060 | solver_time: 40.199721 | construction_time: 5.593081 | energy: node=56622J gpu=38709J cpu=11672J (1011W)
comm_rank: 15 | Iteration:  3 (took: 56.01) | Theta: [ 1.235868,  0.472496,  8.022792, -0.074308,  1.126884,  8.485390,  0.787815,  0.724404,  7.987613, -0.050016,  1.358294, -0.617312, -2.035066,  2.003453,  1.003413] | Function Value: -16612611.170105 | Gradient: [ 101009.048462, -225890.792847, -485718.399048,  685653.182983,  649020.812988,  8086.532593,  1062504.913330,  777764.831543,  194345.306396,  1850694.427490,  1250577.194214,  160774.612427,  932405.670166,  1668869.552612,  561168.670654] |  Norm(Grad): [ 3456074.118343]
rank 5 | iter 5 | objfunc_time: 55.812203 | solver_time: 45.807880 | construction_time: 6.473069 | energy: node=57432J gpu=39325J cpu=8835J (1029W)
comm_rank: 5 | Iteration:  4 (took: 55.81) | Theta: [ 1.236075,  0.471616,  8.022384, -0.073056,  1.125966,  8.483880,  0.787256,  0.723519,  7.988162, -0.053366,  1.356728, -0.616254, -2.037248,  1.999396,  1.002337] | Function Value: -16616387.948975 | Gradient: [-395499.908447, -670794.448853,  729682.617188,  692092.605591, -2277686.752319,  251297.561646, -40193.634033, -424651.260376,  29285.980225,  644173.171997,  71566.421509, -235935.516357, -1420146.240234,  1006391.952515, -1245744.537354] |  Norm(Grad): [ 3479782.969795]
rank 1 | iter 5 | objfunc_time: 55.687905 | solver_time: 46.442579 | construction_time: 6.385850 | energy: node=58469J gpu=41175J cpu=9288J (1047W)
comm_rank: 1 | Iteration:  4 (took: 55.69) | Theta: [ 1.236075,  0.471616,  8.022384, -0.073056,  1.125966,  8.483880,  0.787256,  0.723519,  7.988162, -0.053366,  1.356728, -0.616254, -2.037248,  1.999396,  1.002337] | Function Value: -16616387.948975 | Gradient: [-395499.908447, -670794.448853,  729682.617188,  692092.605591, -2277686.752319,  251297.561646, -40193.634033, -424651.260376,  29285.980225,  644173.171997,  71566.421509, -235935.516357, -1420146.240234,  1006391.952515, -1245744.537354] |  Norm(Grad): [ 3479782.969795]
rank 0 | iter 5 | objfunc_time: 55.822357 | solver_time: 46.333293 | construction_time: 6.438195 | energy: node=49297J gpu=31702J cpu=7679J (883W)
comm_rank: 0 | Iteration:  4 (took: 55.82) | Theta: [ 1.236075,  0.471616,  8.022384, -0.073056,  1.125966,  8.483880,  0.787256,  0.723519,  7.988162, -0.053366,  1.356728, -0.616254, -2.037248,  1.999396,  1.002337] | Function Value: -16616387.948975 | Gradient: [-395499.908447, -670794.448853,  729682.617188,  692092.605591, -2277686.752319,  251297.561646, -40193.634033, -424651.260376,  29285.980225,  644173.171997,  71566.421509, -235935.516357, -1420146.240234,  1006391.952515, -1245744.537354] |  Norm(Grad): [ 3479782.969795]
rank 11 | iter 5 | objfunc_time: 55.812740 | solver_time: 46.634738 | construction_time: 6.542479 | energy: node=57848J gpu=39986J cpu=9313J (1036W)
rank 8 | iter 5 | objfunc_time: 55.811323 | solver_time: 46.938117 | construction_time: 6.514338 | energy: node=46627J gpu=32657J cpu=10412J (835W)
rank 12 | iter 5 | objfunc_time: 55.673824 | solver_time: 39.988987 | construction_time: 5.610341 | energy: node=47597J gpu=30955J cpu=8436J (852W)
comm_rank: 11 | Iteration:  4 (took: 55.81) | Theta: [ 1.236075,  0.471616,  8.022384, -0.073056,  1.125966,  8.483880,  0.787256,  0.723519,  7.988162, -0.053366,  1.356728, -0.616254, -2.037248,  1.999396,  1.002337] | Function Value: -16616387.948975 | Gradient: [-395499.908447, -670794.448853,  729682.617188,  692092.605591, -2277686.752319,  251297.561646, -40193.634033, -424651.260376,  29285.980225,  644173.171997,  71566.421509, -235935.516357, -1420146.240234,  1006391.952515, -1245744.537354] |  Norm(Grad): [ 3479782.969795]
comm_rank: 8 | Iteration:  4 (took: 55.81) | Theta: [ 1.236075,  0.471616,  8.022384, -0.073056,  1.125966,  8.483880,  0.787256,  0.723519,  7.988162, -0.053366,  1.356728, -0.616254, -2.037248,  1.999396,  1.002337] | Function Value: -16616387.948975 | Gradient: [-395499.908447, -670794.448853,  729682.617188,  692092.605591, -2277686.752319,  251297.561646, -40193.634033, -424651.260376,  29285.980225,  644173.171997,  71566.421509, -235935.516357, -1420146.240234,  1006391.952515, -1245744.537354] |  Norm(Grad): [ 3479782.969795]
comm_rank: 12 | Iteration:  4 (took: 55.67) | Theta: [ 1.236075,  0.471616,  8.022384, -0.073056,  1.125966,  8.483880,  0.787256,  0.723519,  7.988162, -0.053366,  1.356728, -0.616254, -2.037248,  1.999396,  1.002337] | Function Value: -16616387.948975 | Gradient: [-395499.908447, -670794.448853,  729682.617188,  692092.605591, -2277686.752319,  251297.561646, -40193.634033, -424651.260376,  29285.980225,  644173.171997,  71566.421509, -235935.516357, -1420146.240234,  1006391.952515, -1245744.537354] |  Norm(Grad): [ 3479782.969795]
rank 10 | iter 5 | objfunc_time: 55.666020 | solver_time: 46.647969 | construction_time: 6.518306 | energy: node=57714J gpu=40108J cpu=9006J (1034W)
comm_rank: 10 | Iteration:  4 (took: 55.67) | Theta: [ 1.236075,  0.471616,  8.022384, -0.073056,  1.125966,  8.483880,  0.787256,  0.723519,  7.988162, -0.053366,  1.356728, -0.616254, -2.037248,  1.999396,  1.002337] | Function Value: -16616387.948975 | Gradient: [-395499.908447, -670794.448853,  729682.617188,  692092.605591, -2277686.752319,  251297.561646, -40193.634033, -424651.260376,  29285.980225,  644173.171997,  71566.421509, -235935.516357, -1420146.240234,  1006391.952515, -1245744.537354] |  Norm(Grad): [ 3479782.969795]
rank 6 | iter 5 | objfunc_time: 55.663494 | solver_time: 45.342692 | construction_time: 6.508692 | energy: node=58369J gpu=42486J cpu=8916J (1045W)
rank 4 | iter 5 | objfunc_time: 55.809625 | solver_time: 45.481479 | construction_time: 6.484139 | energy: node=47737J gpu=31598J cpu=8170J (855W)
comm_rank: 6 | Iteration:  4 (took: 55.66) | Theta: [ 1.236075,  0.471616,  8.022384, -0.073056,  1.125966,  8.483880,  0.787256,  0.723519,  7.988162, -0.053366,  1.356728, -0.616254, -2.037248,  1.999396,  1.002337] | Function Value: -16616387.948975 | Gradient: [-395499.908447, -670794.448853,  729682.617188,  692092.605591, -2277686.752319,  251297.561646, -40193.634033, -424651.260376,  29285.980225,  644173.171997,  71566.421509, -235935.516357, -1420146.240234,  1006391.952515, -1245744.537354] |  Norm(Grad): [ 3479782.969795]
comm_rank: 4 | Iteration:  4 (took: 55.81) | Theta: [ 1.236075,  0.471616,  8.022384, -0.073056,  1.125966,  8.483880,  0.787256,  0.723519,  7.988162, -0.053366,  1.356728, -0.616254, -2.037248,  1.999396,  1.002337] | Function Value: -16616387.948975 | Gradient: [-395499.908447, -670794.448853,  729682.617188,  692092.605591, -2277686.752319,  251297.561646, -40193.634033, -424651.260376,  29285.980225,  644173.171997,  71566.421509, -235935.516357, -1420146.240234,  1006391.952515, -1245744.537354] |  Norm(Grad): [ 3479782.969795]
rank 3 | iter 5 | objfunc_time: 55.809547 | solver_time: 46.489781 | construction_time: 6.400783 | energy: node=59865J gpu=40033J cpu=11149J (1072W)
rank 7 | iter 5 | objfunc_time: 55.810351 | solver_time: 45.539185 | construction_time: 6.477974 | energy: node=57120J gpu=41866J cpu=10635J (1023W)
rank 15 | iter 5 | objfunc_time: 55.838856 | solver_time: 40.169482 | construction_time: 5.593642 | energy: node=56300J gpu=38640J cpu=11562J (1008W)
rank 14 | iter 5 | objfunc_time: 55.809679 | solver_time: 40.122848 | construction_time: 5.635351 | energy: node=57309J gpu=37925J cpu=9269J (1026W)
comm_rank: 15 | Iteration:  4 (took: 55.84) | Theta: [ 1.236075,  0.471616,  8.022384, -0.073056,  1.125966,  8.483880,  0.787256,  0.723519,  7.988162, -0.053366,  1.356728, -0.616254, -2.037248,  1.999396,  1.002337] | Function Value: -16616387.948975 | Gradient: [-395499.908447, -670794.448853,  729682.617188,  692092.605591, -2277686.752319,  251297.561646, -40193.634033, -424651.260376,  29285.980225,  644173.171997,  71566.421509, -235935.516357, -1420146.240234,  1006391.952515, -1245744.537354] |  Norm(Grad): [ 3479782.969795]
comm_rank: 3 | Iteration:  4 (took: 55.81) | Theta: [ 1.236075,  0.471616,  8.022384, -0.073056,  1.125966,  8.483880,  0.787256,  0.723519,  7.988162, -0.053366,  1.356728, -0.616254, -2.037248,  1.999396,  1.002337] | Function Value: -16616387.948975 | Gradient: [-395499.908447, -670794.448853,  729682.617188,  692092.605591, -2277686.752319,  251297.561646, -40193.634033, -424651.260376,  29285.980225,  644173.171997,  71566.421509, -235935.516357, -1420146.240234,  1006391.952515, -1245744.537354] |  Norm(Grad): [ 3479782.969795]
comm_rank: 7 | Iteration:  4 (took: 55.81) | Theta: [ 1.236075,  0.471616,  8.022384, -0.073056,  1.125966,  8.483880,  0.787256,  0.723519,  7.988162, -0.053366,  1.356728, -0.616254, -2.037248,  1.999396,  1.002337] | Function Value: -16616387.948975 | Gradient: [-395499.908447, -670794.448853,  729682.617188,  692092.605591, -2277686.752319,  251297.561646, -40193.634033, -424651.260376,  29285.980225,  644173.171997,  71566.421509, -235935.516357, -1420146.240234,  1006391.952515, -1245744.537354] |  Norm(Grad): [ 3479782.969795]
comm_rank: 14 | Iteration:  4 (took: 55.81) | Theta: [ 1.236075,  0.471616,  8.022384, -0.073056,  1.125966,  8.483880,  0.787256,  0.723519,  7.988162, -0.053366,  1.356728, -0.616254, -2.037248,  1.999396,  1.002337] | Function Value: -16616387.948975 | Gradient: [-395499.908447, -670794.448853,  729682.617188,  692092.605591, -2277686.752319,  251297.561646, -40193.634033, -424651.260376,  29285.980225,  644173.171997,  71566.421509, -235935.516357, -1420146.240234,  1006391.952515, -1245744.537354] |  Norm(Grad): [ 3479782.969795]
rank 13 | iter 5 | objfunc_time: 55.838837 | solver_time: 40.082980 | construction_time: 5.615289 | energy: node=56146J gpu=38992J cpu=9695J (1005W)
comm_rank: 13 | Iteration:  4 (took: 55.84) | Theta: [ 1.236075,  0.471616,  8.022384, -0.073056,  1.125966,  8.483880,  0.787256,  0.723519,  7.988162, -0.053366,  1.356728, -0.616254, -2.037248,  1.999396,  1.002337] | Function Value: -16616387.948975 | Gradient: [-395499.908447, -670794.448853,  729682.617188,  692092.605591, -2277686.752319,  251297.561646, -40193.634033, -424651.260376,  29285.980225,  644173.171997,  71566.421509, -235935.516357, -1420146.240234,  1006391.952515, -1245744.537354] |  Norm(Grad): [ 3479782.969795]
rank 2 | iter 5 | objfunc_time: 55.667548 | solver_time: 46.489474 | construction_time: 6.403646 | energy: node=57803J gpu=40845J cpu=10601J (1035W)
comm_rank: 2 | Iteration:  4 (took: 55.67) | Theta: [ 1.236075,  0.471616,  8.022384, -0.073056,  1.125966,  8.483880,  0.787256,  0.723519,  7.988162, -0.053366,  1.356728, -0.616254, -2.037248,  1.999396,  1.002337] | Function Value: -16616387.948975 | Gradient: [-395499.908447, -670794.448853,  729682.617188,  692092.605591, -2277686.752319,  251297.561646, -40193.634033, -424651.260376,  29285.980225,  644173.171997,  71566.421509, -235935.516357, -1420146.240234,  1006391.952515, -1245744.537354] |  Norm(Grad): [ 3479782.969795]
rank 9 | iter 5 | objfunc_time: 55.810147 | solver_time: 47.416589 | construction_time: 6.385843 | energy: node=56973J gpu=40310J cpu=9873J (1020W)
comm_rank: 9 | Iteration:  4 (took: 55.81) | Theta: [ 1.236075,  0.471616,  8.022384, -0.073056,  1.125966,  8.483880,  0.787256,  0.723519,  7.988162, -0.053366,  1.356728, -0.616254, -2.037248,  1.999396,  1.002337] | Function Value: -16616387.948975 | Gradient: [-395499.908447, -670794.448853,  729682.617188,  692092.605591, -2277686.752319,  251297.561646, -40193.634033, -424651.260376,  29285.980225,  644173.171997,  71566.421509, -235935.516357, -1420146.240234,  1006391.952515, -1245744.537354] |  Norm(Grad): [ 3479782.969795]
rank 1 | iter 6 | objfunc_time: 55.537321 | solver_time: 47.044289 | construction_time: 6.376877 | energy: node=58415J gpu=40953J cpu=9276J (1052W)
rank 5 | iter 6 | objfunc_time: 55.405474 | solver_time: 45.799646 | construction_time: 6.417574 | energy: node=57211J gpu=39185J cpu=8802J (1030W)
rank 11 | iter 6 | objfunc_time: 55.527494 | solver_time: 46.520272 | construction_time: 6.511257 | energy: node=57590J gpu=40213J cpu=9196J (1037W)
rank 8 | iter 6 | objfunc_time: 55.526635 | solver_time: 46.783743 | construction_time: 6.487949 | energy: node=46511J gpu=31893J cpu=10328J (837W)
rank 0 | iter 6 | objfunc_time: 55.537451 | solver_time: 46.248113 | construction_time: 6.489719 | energy: node=48543J gpu=31828J cpu=7558J (874W)
rank 12 | iter 6 | objfunc_time: 55.526981 | solver_time: 40.004502 | construction_time: 5.608465 | energy: node=47483J gpu=30906J cpu=8399J (855W)
rank 10 | iter 6 | objfunc_time: 55.526744 | solver_time: 46.656249 | construction_time: 6.504816 | energy: node=52801J gpu=36784J cpu=8277J (950W)
rank 6 | iter 6 | objfunc_time: 55.525626 | solver_time: 45.491458 | construction_time: 6.479014 | energy: node=58388J gpu=42430J cpu=8883J (1051W)
rank 15 | iter 6 | objfunc_time: 55.524364 | solver_time: 40.030839 | construction_time: 5.595752 | energy: node=56046J gpu=38401J cpu=11481J (1009W)
rank 14 | iter 6 | objfunc_time: 55.524536 | solver_time: 39.997194 | construction_time: 5.636079 | energy: node=57155J gpu=37729J cpu=9264J (1029W)
rank 13 | iter 6 | objfunc_time: 55.525496 | solver_time: 39.938416 | construction_time: 5.613838 | energy: node=55767J gpu=38504J cpu=9592J (1004W)
rank 7 | iter 6 | objfunc_time: 55.524708 | solver_time: 45.637769 | construction_time: 6.447002 | energy: node=56888J gpu=40967J cpu=10594J (1024W)
rank 3 | iter 6 | objfunc_time: 55.524576 | solver_time: 46.988646 | construction_time: 6.391139 | energy: node=59646J gpu=39628J cpu=11119J (1074W)
rank 4 | iter 6 | objfunc_time: 55.524949 | solver_time: 45.447475 | construction_time: 6.454981 | energy: node=47645J gpu=31541J cpu=8124J (858W)
rank 2 | iter 6 | objfunc_time: 55.524482 | solver_time: 47.032269 | construction_time: 6.399376 | energy: node=57541J gpu=40596J cpu=10557J (1036W)
rank 9 | iter 6 | objfunc_time: 55.553719 | solver_time: 47.151559 | construction_time: 6.380361 | energy: node=56654J gpu=40526J cpu=9766J (1020W)
rank 5 | iter 7 | objfunc_time: 55.501699 | solver_time: 45.894229 | construction_time: 6.444616 | energy: node=57093J gpu=39122J cpu=8755J (1028W)
rank 11 | iter 7 | objfunc_time: 55.492232 | solver_time: 46.650192 | construction_time: 6.488390 | energy: node=57634J gpu=39975J cpu=9238J (1038W)
rank 10 | iter 7 | objfunc_time: 55.491948 | solver_time: 46.729335 | construction_time: 6.489077 | energy: node=62483J gpu=43474J cpu=9773J (1125W)
rank 6 | iter 7 | objfunc_time: 55.490764 | solver_time: 45.733431 | construction_time: 6.462064 | energy: node=58426J gpu=42737J cpu=8889J (1052W)
rank 7 | iter 7 | objfunc_time: 55.490341 | solver_time: 45.608638 | construction_time: 6.458466 | energy: node=56827J gpu=41257J cpu=10554J (1024W)
rank 15 | iter 7 | objfunc_time: 55.489978 | solver_time: 40.172431 | construction_time: 5.591846 | energy: node=56038J gpu=38497J cpu=11485J (1009W)
rank 3 | iter 7 | objfunc_time: 55.489076 | solver_time: 47.025968 | construction_time: 6.376917 | energy: node=59615J gpu=39967J cpu=11101J (1074W)
rank 14 | iter 7 | objfunc_time: 55.489972 | solver_time: 40.154075 | construction_time: 5.633804 | energy: node=57093J gpu=37725J cpu=9223J (1028W)
rank 13 | iter 7 | objfunc_time: 55.489287 | solver_time: 40.075815 | construction_time: 5.611487 | energy: node=55610J gpu=38310J cpu=9530J (1002W)
rank 0 | iter 7 | objfunc_time: 55.491428 | solver_time: 46.227162 | construction_time: 6.491392 | energy: node=48472J gpu=31746J cpu=7545J (873W)
rank 4 | iter 7 | objfunc_time: 55.339952 | solver_time: 45.569915 | construction_time: 6.441406 | energy: node=47588J gpu=31540J cpu=8057J (857W)
rank 8 | iter 7 | objfunc_time: 55.349351 | solver_time: 46.720771 | construction_time: 6.471578 | energy: node=46417J gpu=31277J cpu=10353J (836W)
rank 9 | iter 7 | objfunc_time: 55.518458 | solver_time: 47.120222 | construction_time: 6.389771 | energy: node=56678J gpu=40820J cpu=9762J (1021W)
rank 2 | iter 7 | objfunc_time: 55.488850 | solver_time: 47.010541 | construction_time: 6.391749 | energy: node=57628J gpu=41118J cpu=10581J (1038W)
rank 1 | iter 7 | objfunc_time: 55.502129 | solver_time: 46.555784 | construction_time: 6.451940 | energy: node=58483J gpu=41226J cpu=9301J (1053W)
rank 12 | iter 7 | objfunc_time: 55.351496 | solver_time: 40.000778 | construction_time: 5.610107 | energy: node=47650J gpu=31051J cpu=8451J (858W)
rank 5 | iter 8 | objfunc_time: 55.536561 | solver_time: 45.435704 | construction_time: 6.540910 | energy: node=57148J gpu=39174J cpu=8782J (1029W)
rank 0 | iter 8 | objfunc_time: 55.535332 | solver_time: 46.399975 | construction_time: 6.474519 | energy: node=48367J gpu=31684J cpu=7529J (870W)
rank 11 | iter 8 | objfunc_time: 55.536362 | solver_time: 46.481189 | construction_time: 6.477315 | energy: node=57592J gpu=39951J cpu=9200J (1037W)
rank 13 | iter 8 | objfunc_time: 55.533513 | solver_time: 39.996330 | construction_time: 5.669627 | energy: node=55711J gpu=38353J cpu=9583J (1003W)
rank 12 | iter 8 | objfunc_time: 55.562685 | solver_time: 40.364941 | construction_time: 5.613190 | energy: node=47563J gpu=30959J cpu=8429J (856W)
rank 8 | iter 8 | objfunc_time: 55.536045 | solver_time: 46.642049 | construction_time: 6.462488 | energy: node=46396J gpu=32234J cpu=10319J (835W)
rank 10 | iter 8 | objfunc_time: 55.536227 | solver_time: 46.539908 | construction_time: 6.484937 | energy: node=57682J gpu=40370J cpu=9024J (1038W)
rank 3 | iter 8 | objfunc_time: 55.384283 | solver_time: 46.522456 | construction_time: 6.452100 | energy: node=59444J gpu=39439J cpu=11036J (1070W)
rank 1 | iter 8 | objfunc_time: 55.533751 | solver_time: 46.471526 | construction_time: 6.477772 | energy: node=58496J gpu=41070J cpu=9326J (1053W)
rank 9 | iter 8 | objfunc_time: 55.534127 | solver_time: 46.818405 | construction_time: 6.381091 | energy: node=56702J gpu=40860J cpu=9762J (1021W)
rank 15 | iter 8 | objfunc_time: 55.534059 | solver_time: 40.204968 | construction_time: 5.621620 | energy: node=56008J gpu=38492J cpu=11503J (1008W)
rank 7 | iter 8 | objfunc_time: 55.534747 | solver_time: 45.636557 | construction_time: 6.462451 | energy: node=56851J gpu=41247J cpu=10575J (1023W)
rank 6 | iter 8 | objfunc_time: 55.534770 | solver_time: 45.825448 | construction_time: 6.443089 | energy: node=58692J gpu=42623J cpu=8922J (1056W)
rank 4 | iter 8 | objfunc_time: 55.533477 | solver_time: 45.848731 | construction_time: 6.423731 | energy: node=47734J gpu=31613J cpu=8147J (859W)
rank 14 | iter 8 | objfunc_time: 55.533428 | solver_time: 40.351991 | construction_time: 5.629635 | energy: node=57226J gpu=37790J cpu=9261J (1030W)
rank 2 | iter 8 | objfunc_time: 55.532962 | solver_time: 47.063989 | construction_time: 6.396629 | energy: node=57679J gpu=40715J cpu=10586J (1038W)
rank 12 | iter 9 | objfunc_time: 55.387610 | solver_time: 40.944526 | construction_time: 5.607340 | energy: node=47487J gpu=30877J cpu=8389J (857W)
rank 5 | iter 9 | objfunc_time: 55.387615 | solver_time: 45.350875 | construction_time: 6.454335 | energy: node=57125J gpu=39375J cpu=8768J (1031W)
rank 8 | iter 9 | objfunc_time: 55.387604 | solver_time: 46.649161 | construction_time: 6.470432 | energy: node=46289J gpu=30803J cpu=10328J (836W)
rank 10 | iter 9 | objfunc_time: 55.387609 | solver_time: 46.562511 | construction_time: 6.478283 | energy: node=57505J gpu=40689J cpu=9019J (1038W)
rank 3 | iter 9 | objfunc_time: 55.387588 | solver_time: 46.790926 | construction_time: 6.423016 | energy: node=59486J gpu=39406J cpu=11069J (1074W)
rank 13 | iter 9 | objfunc_time: 55.380605 | solver_time: 39.910803 | construction_time: 5.765499 | energy: node=55714J gpu=38340J cpu=9612J (1006W)
rank 0 | iter 9 | objfunc_time: 55.245192 | solver_time: 46.301367 | construction_time: 6.454871 | energy: node=48210J gpu=31892J cpu=7491J (870W)
rank 15 | iter 9 | objfunc_time: 55.387584 | solver_time: 40.138635 | construction_time: 5.723783 | energy: node=55901J gpu=38362J cpu=11466J (1009W)
rank 7 | iter 9 | objfunc_time: 55.359188 | solver_time: 45.355841 | construction_time: 6.449702 | energy: node=56842J gpu=41345J cpu=10543J (1026W)
rank 9 | iter 9 | objfunc_time: 55.387620 | solver_time: 46.803663 | construction_time: 6.388538 | energy: node=56437J gpu=40655J cpu=9691J (1019W)
rank 1 | iter 9 | objfunc_time: 55.387573 | solver_time: 46.390916 | construction_time: 6.462471 | energy: node=58339J gpu=41087J cpu=9274J (1053W)
rank 14 | iter 9 | objfunc_time: 55.387637 | solver_time: 40.951921 | construction_time: 5.637185 | energy: node=57068J gpu=37720J cpu=9238J (1030W)
rank 2 | iter 9 | objfunc_time: 55.387640 | solver_time: 46.922022 | construction_time: 6.397102 | energy: node=57584J gpu=40549J cpu=10503J (1040W)
rank 11 | iter 9 | objfunc_time: 55.387610 | solver_time: 46.511070 | construction_time: 6.471602 | energy: node=57782J gpu=39995J cpu=9238J (1043W)
rank 6 | iter 9 | objfunc_time: 55.387619 | solver_time: 45.572807 | construction_time: 6.428432 | energy: node=58601J gpu=42575J cpu=8899J (1058W)
rank 4 | iter 9 | objfunc_time: 55.381618 | solver_time: 45.595654 | construction_time: 6.409215 | energy: node=47650J gpu=31572J cpu=8111J (860W)
rank 5 | iter 10 | objfunc_time: 55.200406 | solver_time: 45.442324 | construction_time: 6.508490 | energy: node=57081J gpu=39207J cpu=8743J (1034W)
rank 11 | iter 10 | objfunc_time: 55.226361 | solver_time: 46.570091 | construction_time: 6.473117 | energy: node=57310J gpu=39736J cpu=9140J (1038W)
rank 10 | iter 10 | objfunc_time: 55.199747 | solver_time: 46.580611 | construction_time: 6.476268 | energy: node=57418J gpu=40153J cpu=8996J (1040W)
rank 13 | iter 10 | objfunc_time: 55.198941 | solver_time: 40.040807 | construction_time: 5.703145 | energy: node=55438J gpu=38408J cpu=9560J (1004W)
rank 0 | iter 10 | objfunc_time: 55.198819 | solver_time: 46.370936 | construction_time: 6.426547 | energy: node=48260J gpu=31716J cpu=7558J (874W)
rank 3 | iter 10 | objfunc_time: 55.199189 | solver_time: 46.686831 | construction_time: 6.415514 | energy: node=59568J gpu=39284J cpu=11081J (1079W)
rank 8 | iter 10 | objfunc_time: 55.199623 | solver_time: 46.678197 | construction_time: 6.465874 | energy: node=46191J gpu=31626J cpu=10238J (836W)
rank 6 | iter 10 | objfunc_time: 55.226362 | solver_time: 45.951095 | construction_time: 6.422096 | energy: node=58300J gpu=42287J cpu=8825J (1056W)
rank 1 | iter 10 | objfunc_time: 55.197423 | solver_time: 46.206128 | construction_time: 6.460390 | energy: node=58251J gpu=41495J cpu=9234J (1055W)
rank 7 | iter 10 | objfunc_time: 55.198566 | solver_time: 45.728940 | construction_time: 6.451620 | energy: node=56662J gpu=41076J cpu=10501J (1026W)
rank 15 | iter 10 | objfunc_time: 55.055114 | solver_time: 40.057518 | construction_time: 5.668789 | energy: node=55589J gpu=38242J cpu=11345J (1007W)
rank 14 | iter 10 | objfunc_time: 55.197427 | solver_time: 40.693767 | construction_time: 5.632833 | energy: node=56935J gpu=37688J cpu=9190J (1031W)
rank 2 | iter 10 | objfunc_time: 55.196546 | solver_time: 46.703805 | construction_time: 6.395305 | energy: node=57386J gpu=41012J cpu=10488J (1039W)
rank 4 | iter 10 | objfunc_time: 55.226357 | solver_time: 45.574658 | construction_time: 6.465436 | energy: node=47447J gpu=31401J cpu=8053J (859W)
rank 9 | iter 10 | objfunc_time: 55.198126 | solver_time: 46.802134 | construction_time: 6.388573 | energy: node=56240J gpu=40576J cpu=9651J (1018W)
rank 12 | iter 10 | objfunc_time: 55.058709 | solver_time: 40.545448 | construction_time: 5.611446 | energy: node=47508J gpu=30924J cpu=8393J (860W)
rank 4 | iter 11 | objfunc_time: 55.275690 | solver_time: 45.795911 | construction_time: 6.438001 | energy: node=47498J gpu=31460J cpu=8082J (859W)
rank 11 | iter 11 | objfunc_time: 55.279260 | solver_time: 46.654144 | construction_time: 6.468113 | energy: node=57550J gpu=39839J cpu=9208J (1041W)
rank 10 | iter 11 | objfunc_time: 55.278598 | solver_time: 46.660505 | construction_time: 6.479780 | energy: node=57380J gpu=40159J cpu=8970J (1038W)
rank 12 | iter 11 | objfunc_time: 55.305536 | solver_time: 40.534012 | construction_time: 5.611828 | energy: node=47482J gpu=30901J cpu=8413J (859W)
rank 3 | iter 11 | objfunc_time: 55.138439 | solver_time: 46.647581 | construction_time: 6.391804 | energy: node=59426J gpu=39449J cpu=11014J (1075W)
rank 8 | iter 11 | objfunc_time: 55.133360 | solver_time: 46.643304 | construction_time: 6.454706 | energy: node=46223J gpu=31711J cpu=10283J (836W)
rank 0 | iter 11 | objfunc_time: 55.278685 | solver_time: 46.515690 | construction_time: 6.409640 | energy: node=48244J gpu=31700J cpu=7510J (872W)
rank 5 | iter 11 | objfunc_time: 55.289416 | solver_time: 45.354501 | construction_time: 6.549015 | energy: node=57201J gpu=39330J cpu=8779J (1034W)
rank 6 | iter 11 | objfunc_time: 55.277936 | solver_time: 46.134484 | construction_time: 6.424362 | energy: node=58246J gpu=42195J cpu=8829J (1053W)
rank 1 | iter 11 | objfunc_time: 55.277250 | solver_time: 46.334107 | construction_time: 6.457518 | energy: node=58288J gpu=40975J cpu=9263J (1054W)
rank 9 | iter 11 | objfunc_time: 55.277314 | solver_time: 46.894395 | construction_time: 6.384250 | energy: node=56187J gpu=40444J cpu=9645J (1016W)
rank 2 | iter 11 | objfunc_time: 55.276438 | solver_time: 46.715709 | construction_time: 6.399540 | energy: node=57402J gpu=40629J cpu=10510J (1038W)
rank 13 | iter 11 | objfunc_time: 55.278528 | solver_time: 40.057820 | construction_time: 5.673625 | energy: node=55771J gpu=38336J cpu=9645J (1008W)
rank 15 | iter 11 | objfunc_time: 55.131288 | solver_time: 40.061424 | construction_time: 5.647972 | energy: node=55707J gpu=38821J cpu=11374J (1007W)
rank 14 | iter 11 | objfunc_time: 55.276860 | solver_time: 40.528762 | construction_time: 5.636613 | energy: node=57086J gpu=37800J cpu=9241J (1032W)
rank 7 | iter 11 | objfunc_time: 55.276970 | solver_time: 45.967104 | construction_time: 6.443240 | energy: node=56884J gpu=41591J cpu=10553J (1029W)
rank 5 | iter 12 | objfunc_time: 55.246476 | solver_time: 45.316317 | construction_time: 6.544882 | energy: node=55813J gpu=38521J cpu=8537J (1005W)
comm_rank: 5 | Iteration:  5 (took: 55.25) | Theta: [ 1.236075,  0.471616,  8.022384, -0.073056,  1.125966,  8.483880,  0.787256,  0.723519,  7.988162, -0.053366,  1.356728, -0.616254, -2.037248,  1.999396,  1.002337] | Function Value: -16616373.971741 | Gradient: [ 943133.972168, -445690.155029, -826578.262329, -115836.105347,  538688.476562, -1084592.849731, -1370805.160522, -379157.546997, -378277.999878, -202915.405273, -79773.254395, -1271480.102539,  903993.896484, -261833.175659, -2469760.391235] |  Norm(Grad): [ 3750594.284359]
rank 12 | iter 12 | objfunc_time: 55.526204 | solver_time: 40.130638 | construction_time: 5.603932 | energy: node=47468J gpu=30903J cpu=8388J (854W)
rank 11 | iter 12 | objfunc_time: 55.109985 | solver_time: 46.511942 | construction_time: 6.464478 | energy: node=57319J gpu=39743J cpu=9176J (1032W)
rank 0 | iter 12 | objfunc_time: 55.525998 | solver_time: 46.338481 | construction_time: 6.415063 | energy: node=48395J gpu=32348J cpu=7526J (871W)
rank 8 | iter 12 | objfunc_time: 55.240864 | solver_time: 46.747787 | construction_time: 6.456215 | energy: node=46286J gpu=31734J cpu=10259J (833W)
rank 13 | iter 12 | objfunc_time: 55.552855 | solver_time: 39.917427 | construction_time: 5.642560 | energy: node=55752J gpu=38383J cpu=9608J (1004W)
rank 5 | optimization summary: n_iters=12 | objfunc_time: mean=55.511282 std=0.226962 min=55.200406 max=55.987694
comm_rank: 11 | Iteration:  5 (took: 55.11) | Theta: [ 1.236075,  0.471616,  8.022384, -0.073056,  1.125966,  8.483880,  0.787256,  0.723519,  7.988162, -0.053366,  1.356728, -0.616254, -2.037248,  1.999396,  1.002337] | Function Value: -16616373.971741 | Gradient: [ 943133.972168, -445690.155029, -826578.262329, -115836.105347,  538688.476562, -1084592.849731, -1370805.160522, -379157.546997, -378277.999878, -202915.405273, -79773.254395, -1271480.102539,  903993.896484, -261833.175659, -2469760.391235] |  Norm(Grad): [ 3750594.284359]
comm_rank: 0 | Iteration:  5 (took: 55.53) | Theta: [ 1.236075,  0.471616,  8.022384, -0.073056,  1.125966,  8.483880,  0.787256,  0.723519,  7.988162, -0.053366,  1.356728, -0.616254, -2.037248,  1.999396,  1.002337] | Function Value: -16616373.971741 | Gradient: [ 943133.972168, -445690.155029, -826578.262329, -115836.105347,  538688.476562, -1084592.849731, -1370805.160522, -379157.546997, -378277.999878, -202915.405273, -79773.254395, -1271480.102539,  903993.896484, -261833.175659, -2469760.391235] |  Norm(Grad): [ 3750594.284359]
comm_rank: 12 | Iteration:  5 (took: 55.53) | Theta: [ 1.236075,  0.471616,  8.022384, -0.073056,  1.125966,  8.483880,  0.787256,  0.723519,  7.988162, -0.053366,  1.356728, -0.616254, -2.037248,  1.999396,  1.002337] | Function Value: -16616373.971741 | Gradient: [ 943133.972168, -445690.155029, -826578.262329, -115836.105347,  538688.476562, -1084592.849731, -1370805.160522, -379157.546997, -378277.999878, -202915.405273, -79773.254395, -1271480.102539,  903993.896484, -261833.175659, -2469760.391235] |  Norm(Grad): [ 3750594.284359]
rank 5 | energy per gradient (node): mean=57173J std=448J total=686078J | gpu: mean=39177J
comm_rank: 13 | Iteration:  5 (took: 55.55) | Theta: [ 1.236075,  0.471616,  8.022384, -0.073056,  1.125966,  8.483880,  0.787256,  0.723519,  7.988162, -0.053366,  1.356728, -0.616254, -2.037248,  1.999396,  1.002337] | Function Value: -16616373.971741 | Gradient: [ 943133.972168, -445690.155029, -826578.262329, -115836.105347,  538688.476562, -1084592.849731, -1370805.160522, -379157.546997, -378277.999878, -202915.405273, -79773.254395, -1271480.102539,  903993.896484, -261833.175659, -2469760.391235] |  Norm(Grad): [ 3750594.284359]
comm_rank: 8 | Iteration:  5 (took: 55.24) | Theta: [ 1.236075,  0.471616,  8.022384, -0.073056,  1.125966,  8.483880,  0.787256,  0.723519,  7.988162, -0.053366,  1.356728, -0.616254, -2.037248,  1.999396,  1.002337] | Function Value: -16616373.971741 | Gradient: [ 943133.972168, -445690.155029, -826578.262329, -115836.105347,  538688.476562, -1084592.849731, -1370805.160522, -379157.546997, -378277.999878, -202915.405273, -79773.254395, -1271480.102539,  903993.896484, -261833.175659, -2469760.391235] |  Norm(Grad): [ 3750594.284359]
rank 3 | iter 12 | objfunc_time: 55.526140 | solver_time: 46.353661 | construction_time: 6.426055 | energy: node=58807J gpu=39369J cpu=10940J (1059W)
rank 10 | iter 12 | objfunc_time: 55.525707 | solver_time: 46.932823 | construction_time: 6.474115 | energy: node=57633J gpu=40266J cpu=9013J (1037W)
rank 0 | optimization summary: n_iters=12 | objfunc_time: mean=55.531766 std=0.223082 min=55.198819 max=55.986580
rank 13 | optimization summary: n_iters=12 | objfunc_time: mean=55.509580 std=0.192965 min=55.198941 max=55.838837
rank 0 | energy per gradient (node): mean=48486J std=273J total=581833J | gpu: mean=31824J
Optimization converged successfully after 13 iterations.
 SUCCESS MSG:  CONVERGENCE: RELATIVE REDUCTION OF F <= FACTR*EPSMCH
rank 13 | energy per gradient (node): mean=55781J std=195J total=669373J | gpu: mean=38498J
rank 11 | optimization summary: n_iters=12 | objfunc_time: mean=55.509835 std=0.244277 min=55.109985 max=56.014036
rank 8 | optimization summary: n_iters=12 | objfunc_time: mean=55.492554 std=0.263605 min=55.133360 max=55.986765
rank 12 | optimization summary: n_iters=12 | objfunc_time: mean=55.523661 std=0.233789 min=55.058709 max=55.987695
rank 11 | energy per gradient (node): mean=57659J std=205J total=691906J | gpu: mean=39967J
rank 8 | energy per gradient (node): mean=46438J std=175J total=557257J | gpu: mean=31738J
comm_rank: 3 | Iteration:  5 (took: 55.53) | Theta: [ 1.236075,  0.471616,  8.022384, -0.073056,  1.125966,  8.483880,  0.787256,  0.723519,  7.988162, -0.053366,  1.356728, -0.616254, -2.037248,  1.999396,  1.002337] | Function Value: -16616373.971741 | Gradient: [ 943133.972168, -445690.155029, -826578.262329, -115836.105347,  538688.476562, -1084592.849731, -1370805.160522, -379157.546997, -378277.999878, -202915.405273, -79773.254395, -1271480.102539,  903993.896484, -261833.175659, -2469760.391235] |  Norm(Grad): [ 3750594.284359]
comm_rank: 10 | Iteration:  5 (took: 55.53) | Theta: [ 1.236075,  0.471616,  8.022384, -0.073056,  1.125966,  8.483880,  0.787256,  0.723519,  7.988162, -0.053366,  1.356728, -0.616254, -2.037248,  1.999396,  1.002337] | Function Value: -16616373.971741 | Gradient: [ 943133.972168, -445690.155029, -826578.262329, -115836.105347,  538688.476562, -1084592.849731, -1370805.160522, -379157.546997, -378277.999878, -202915.405273, -79773.254395, -1271480.102539,  903993.896484, -261833.175659, -2469760.391235] |  Norm(Grad): [ 3750594.284359]
rank 12 | energy per gradient (node): mean=47590J std=144J total=571084J | gpu: mean=30963J
Optimization completed in 726.33s (12 iterations, 55.53s/grad, f=-16616373.971741)
rank 6 | iter 12 | objfunc_time: 55.383101 | solver_time: 46.259191 | construction_time: 6.417131 | energy: node=58526J gpu=42939J cpu=8899J (1054W)
rank 7 | iter 12 | objfunc_time: 55.552889 | solver_time: 46.298960 | construction_time: 6.433404 | energy: node=56733J gpu=41157J cpu=10498J (1021W)
rank 10 | optimization summary: n_iters=12 | objfunc_time: mean=55.529055 std=0.201508 min=55.199747 max=55.998836
rank 3 | optimization summary: n_iters=12 | objfunc_time: mean=55.526309 std=0.241069 min=55.138439 max=55.984733
rank 10 | energy per gradient (node): mean=57645J std=2139J total=691738J | gpu: mean=40340J
rank 3 | energy per gradient (node): mean=59608J std=307J total=715300J | gpu: mean=39507J
comm_rank: 6 | Iteration:  5 (took: 55.38) | Theta: [ 1.236075,  0.471616,  8.022384, -0.073056,  1.125966,  8.483880,  0.787256,  0.723519,  7.988162, -0.053366,  1.356728, -0.616254, -2.037248,  1.999396,  1.002337] | Function Value: -16616373.971741 | Gradient: [ 943133.972168, -445690.155029, -826578.262329, -115836.105347,  538688.476562, -1084592.849731, -1370805.160522, -379157.546997, -378277.999878, -202915.405273, -79773.254395, -1271480.102539,  903993.896484, -261833.175659, -2469760.391235] |  Norm(Grad): [ 3750594.284359]
rank 1 | iter 12 | objfunc_time: 55.524134 | solver_time: 46.212051 | construction_time: 6.441132 | energy: node=58439J gpu=41174J cpu=9299J (1052W)
comm_rank: 7 | Iteration:  5 (took: 55.55) | Theta: [ 1.236075,  0.471616,  8.022384, -0.073056,  1.125966,  8.483880,  0.787256,  0.723519,  7.988162, -0.053366,  1.356728, -0.616254, -2.037248,  1.999396,  1.002337] | Function Value: -16616373.971741 | Gradient: [ 943133.972168, -445690.155029, -826578.262329, -115836.105347,  538688.476562, -1084592.849731, -1370805.160522, -379157.546997, -378277.999878, -202915.405273, -79773.254395, -1271480.102539,  903993.896484, -261833.175659, -2469760.391235] |  Norm(Grad): [ 3750594.284359]
rank 9 | iter 12 | objfunc_time: 55.523784 | solver_time: 47.132236 | construction_time: 6.390886 | energy: node=56435J gpu=40647J cpu=9693J (1016W)
rank 4 | iter 12 | objfunc_time: 55.404558 | solver_time: 45.962388 | construction_time: 6.462317 | energy: node=47467J gpu=31504J cpu=8065J (854W)
rank 15 | iter 12 | objfunc_time: 55.552867 | solver_time: 40.044322 | construction_time: 5.621141 | energy: node=56083J gpu=38541J cpu=11480J (1010W)
rank 6 | optimization summary: n_iters=12 | objfunc_time: mean=55.530063 std=0.212376 min=55.226362 max=55.997256
comm_rank: 9 | Iteration:  5 (took: 55.52) | Theta: [ 1.236075,  0.471616,  8.022384, -0.073056,  1.125966,  8.483880,  0.787256,  0.723519,  7.988162, -0.053366,  1.356728, -0.616254, -2.037248,  1.999396,  1.002337] | Function Value: -16616373.971741 | Gradient: [ 943133.972168, -445690.155029, -826578.262329, -115836.105347,  538688.476562, -1084592.849731, -1370805.160522, -379157.546997, -378277.999878, -202915.405273, -79773.254395, -1271480.102539,  903993.896484, -261833.175659, -2469760.391235] |  Norm(Grad): [ 3750594.284359]
rank 6 | energy per gradient (node): mean=58484J std=140J total=701807J | gpu: mean=42514J
comm_rank: 1 | Iteration:  5 (took: 55.52) | Theta: [ 1.236075,  0.471616,  8.022384, -0.073056,  1.125966,  8.483880,  0.787256,  0.723519,  7.988162, -0.053366,  1.356728, -0.616254, -2.037248,  1.999396,  1.002337] | Function Value: -16616373.971741 | Gradient: [ 943133.972168, -445690.155029, -826578.262329, -115836.105347,  538688.476562, -1084592.849731, -1370805.160522, -379157.546997, -378277.999878, -202915.405273, -79773.254395, -1271480.102539,  903993.896484, -261833.175659, -2469760.391235] |  Norm(Grad): [ 3750594.284359]
comm_rank: 15 | Iteration:  5 (took: 55.55) | Theta: [ 1.236075,  0.471616,  8.022384, -0.073056,  1.125966,  8.483880,  0.787256,  0.723519,  7.988162, -0.053366,  1.356728, -0.616254, -2.037248,  1.999396,  1.002337] | Function Value: -16616373.971741 | Gradient: [ 943133.972168, -445690.155029, -826578.262329, -115836.105347,  538688.476562, -1084592.849731, -1370805.160522, -379157.546997, -378277.999878, -202915.405273, -79773.254395, -1271480.102539,  903993.896484, -261833.175659, -2469760.391235] |  Norm(Grad): [ 3750594.284359]
rank 7 | optimization summary: n_iters=12 | objfunc_time: mean=55.553677 std=0.222470 min=55.198566 max=55.997526
comm_rank: 4 | Iteration:  5 (took: 55.40) | Theta: [ 1.236075,  0.471616,  8.022384, -0.073056,  1.125966,  8.483880,  0.787256,  0.723519,  7.988162, -0.053366,  1.356728, -0.616254, -2.037248,  1.999396,  1.002337] | Function Value: -16616373.971741 | Gradient: [ 943133.972168, -445690.155029, -826578.262329, -115836.105347,  538688.476562, -1084592.849731, -1370805.160522, -379157.546997, -378277.999878, -202915.405273, -79773.254395, -1271480.102539,  903993.896484, -261833.175659, -2469760.391235] |  Norm(Grad): [ 3750594.284359]
rank 2 | iter 12 | objfunc_time: 55.523107 | solver_time: 46.517000 | construction_time: 6.405366 | energy: node=57657J gpu=40493J cpu=10555J (1038W)
rank 7 | energy per gradient (node): mean=56910J std=192J total=682916J | gpu: mean=41343J
rank 9 | optimization summary: n_iters=12 | objfunc_time: mean=55.557456 std=0.224380 min=55.198126 max=56.014065
rank 15 | optimization summary: n_iters=12 | objfunc_time: mean=55.533276 std=0.264872 min=55.055114 max=56.014060
rank 9 | energy per gradient (node): mean=56569J std=216J total=678833J | gpu: mean=40787J
comm_rank: 2 | Iteration:  5 (took: 55.52) | Theta: [ 1.236075,  0.471616,  8.022384, -0.073056,  1.125966,  8.483880,  0.787256,  0.723519,  7.988162, -0.053366,  1.356728, -0.616254, -2.037248,  1.999396,  1.002337] | Function Value: -16616373.971741 | Gradient: [ 943133.972168, -445690.155029, -826578.262329, -115836.105347,  538688.476562, -1084592.849731, -1370805.160522, -379157.546997, -378277.999878, -202915.405273, -79773.254395, -1271480.102539,  903993.896484, -261833.175659, -2469760.391235] |  Norm(Grad): [ 3750594.284359]
rank 1 | optimization summary: n_iters=12 | objfunc_time: mean=55.545512 std=0.212826 min=55.197423 max=55.986000
rank 15 | energy per gradient (node): mean=56072J std=260J total=672868J | gpu: mean=38510J
rank 1 | energy per gradient (node): mean=58468J std=162J total=701610J | gpu: mean=41167J
rank 4 | optimization summary: n_iters=12 | objfunc_time: mean=55.535245 std=0.231248 min=55.226357 max=55.997694
rank 4 | energy per gradient (node): mean=47658J std=154J total=571900J | gpu: mean=31604J
rank 2 | optimization summary: n_iters=12 | objfunc_time: mean=55.542613 std=0.211278 min=55.196546 max=55.984727
rank 2 | energy per gradient (node): mean=57685J std=248J total=692219J | gpu: mean=40716J
Starting Hessian computation...
rank 14 | iter 12 | objfunc_time: 55.552870 | solver_time: 40.156509 | construction_time: 5.641109 | energy: node=57280J gpu=37871J cpu=9283J (1031W)
comm_rank: 14 | Iteration:  5 (took: 55.55) | Theta: [ 1.236075,  0.471616,  8.022384, -0.073056,  1.125966,  8.483880,  0.787256,  0.723519,  7.988162, -0.053366,  1.356728, -0.616254, -2.037248,  1.999396,  1.002337] | Function Value: -16616373.971741 | Gradient: [ 943133.972168, -445690.155029, -826578.262329, -115836.105347,  538688.476562, -1084592.849731, -1370805.160522, -379157.546997, -378277.999878, -202915.405273, -79773.254395, -1271480.102539,  903993.896484, -261833.175659, -2469760.391235] |  Norm(Grad): [ 3750594.284359]
rank 14 | optimization summary: n_iters=12 | objfunc_time: mean=55.552413 std=0.220134 min=55.197427 max=55.984904
rank 14 | energy per gradient (node): mean=57163J std=126J total=685951J | gpu: mean=37809J
Negative eigenvalues detected: [-3.64322617e+08 -3.32713558e+08 -2.97292281e+08 -2.51855272e+08 -2.38662201e+08 -1.99488769e+08 -1.94917526e+08 -1.69648253e+08 -1.30126023e+08
 -1.13601571e+08 -7.93634056e+07 -7.00536860e+07 -4.14364255e+07  1.33386348e+06  4.49071329e+07]
Hessian computed in 784.50s
Computing marginal variances...
Marginal variances computed in 7.51s
Total wall-clock: 1518.35s (optimization: 726.33s, hessian: 784.50s, marginals: 7.51s)
FD optimization: 1518.35s, f=-16616373.971741
--- Finished ---
Job finished at Sat 28 Mar 2026 02:43:23 PM CET
