W0314 22:27:40.898371   98952 cuda_executor.cc:1802] GPU interconnect information not available: INTERNAL: NVML doesn't support extracting fabric info or NVLink is not used by the device.
W0314 22:27:40.920573   98953 cuda_executor.cc:1802] GPU interconnect information not available: INTERNAL: NVML doesn't support extracting fabric info or NVLink is not used by the device.
W0314 22:27:40.929394   98955 cuda_executor.cc:1802] GPU interconnect information not available: INTERNAL: NVML doesn't support extracting fabric info or NVLink is not used by the device.
W0314 22:27:40.929396   98954 cuda_executor.cc:1802] GPU interconnect information not available: INTERNAL: NVML doesn't support extracting fabric info or NVLink is not used by the device.
W0314 22:27:41.021360  101566 cuda_executor.cc:1802] GPU interconnect information not available: INTERNAL: NVML doesn't support extracting fabric info or NVLink is not used by the device.
W0314 22:27:41.028320  101565 cuda_executor.cc:1802] GPU interconnect information not available: INTERNAL: NVML doesn't support extracting fabric info or NVLink is not used by the device.
W0314 22:27:41.029645  101567 cuda_executor.cc:1802] GPU interconnect information not available: INTERNAL: NVML doesn't support extracting fabric info or NVLink is not used by the device.
W0314 22:27:41.030563  101568 cuda_executor.cc:1802] GPU interconnect information not available: INTERNAL: NVML doesn't support extracting fabric info or NVLink is not used by the device.
W0314 22:27:41.255166    9846 cuda_executor.cc:1802] GPU interconnect information not available: INTERNAL: NVML doesn't support extracting fabric info or NVLink is not used by the device.
W0314 22:27:41.260760    9845 cuda_executor.cc:1802] GPU interconnect information not available: INTERNAL: NVML doesn't support extracting fabric info or NVLink is not used by the device.
W0314 22:27:41.261668    9844 cuda_executor.cc:1802] GPU interconnect information not available: INTERNAL: NVML doesn't support extracting fabric info or NVLink is not used by the device.
W0314 22:27:41.262632    9843 cuda_executor.cc:1802] GPU interconnect information not available: INTERNAL: NVML doesn't support extracting fabric info or NVLink is not used by the device.
W0314 22:27:41.289132   98195 cuda_executor.cc:1802] GPU interconnect information not available: INTERNAL: NVML doesn't support extracting fabric info or NVLink is not used by the device.
W0314 22:27:41.299969  204290 cuda_executor.cc:1802] GPU interconnect information not available: INTERNAL: NVML doesn't support extracting fabric info or NVLink is not used by the device.
W0314 22:27:41.305324  204289 cuda_executor.cc:1802] GPU interconnect information not available: INTERNAL: NVML doesn't support extracting fabric info or NVLink is not used by the device.
W0314 22:27:41.306243  204292 cuda_executor.cc:1802] GPU interconnect information not available: INTERNAL: NVML doesn't support extracting fabric info or NVLink is not used by the device.
W0314 22:27:41.309681  204291 cuda_executor.cc:1802] GPU interconnect information not available: INTERNAL: NVML doesn't support extracting fabric info or NVLink is not used by the device.
W0314 22:27:41.321001   98195 cuda_executor.cc:1802] GPU interconnect information not available: INTERNAL: NVML doesn't support extracting fabric info or NVLink is not used by the device.
W0314 22:27:41.352847   98195 cuda_executor.cc:1802] GPU interconnect information not available: INTERNAL: NVML doesn't support extracting fabric info or NVLink is not used by the device.
W0314 22:27:41.384517   98195 cuda_executor.cc:1802] GPU interconnect information not available: INTERNAL: NVML doesn't support extracting fabric info or NVLink is not used by the device.
W0314 22:27:41.389981  100827 cuda_executor.cc:1802] GPU interconnect information not available: INTERNAL: NVML doesn't support extracting fabric info or NVLink is not used by the device.
W0314 22:27:41.421561  100827 cuda_executor.cc:1802] GPU interconnect information not available: INTERNAL: NVML doesn't support extracting fabric info or NVLink is not used by the device.
W0314 22:27:41.452902  100827 cuda_executor.cc:1802] GPU interconnect information not available: INTERNAL: NVML doesn't support extracting fabric info or NVLink is not used by the device.
W0314 22:27:41.483756  100827 cuda_executor.cc:1802] GPU interconnect information not available: INTERNAL: NVML doesn't support extracting fabric info or NVLink is not used by the device.
W0314 22:27:41.484921  155616 cuda_executor.cc:1802] GPU interconnect information not available: INTERNAL: NVML doesn't support extracting fabric info or NVLink is not used by the device.
W0314 22:27:41.484922  155614 cuda_executor.cc:1802] GPU interconnect information not available: INTERNAL: NVML doesn't support extracting fabric info or NVLink is not used by the device.
W0314 22:27:41.487091  162338 cuda_executor.cc:1802] GPU interconnect information not available: INTERNAL: NVML doesn't support extracting fabric info or NVLink is not used by the device.
W0314 22:27:41.487311  162336 cuda_executor.cc:1802] GPU interconnect information not available: INTERNAL: NVML doesn't support extracting fabric info or NVLink is not used by the device.
W0314 22:27:41.493566  155617 cuda_executor.cc:1802] GPU interconnect information not available: INTERNAL: NVML doesn't support extracting fabric info or NVLink is not used by the device.
W0314 22:27:41.494485  155615 cuda_executor.cc:1802] GPU interconnect information not available: INTERNAL: NVML doesn't support extracting fabric info or NVLink is not used by the device.
W0314 22:27:41.496813  162337 cuda_executor.cc:1802] GPU interconnect information not available: INTERNAL: NVML doesn't support extracting fabric info or NVLink is not used by the device.
W0314 22:27:41.501247  162339 cuda_executor.cc:1802] GPU interconnect information not available: INTERNAL: NVML doesn't support extracting fabric info or NVLink is not used by the device.
W0314 22:27:41.559221  180851 cuda_executor.cc:1802] GPU interconnect information not available: INTERNAL: NVML doesn't support extracting fabric info or NVLink is not used by the device.
W0314 22:27:41.569889  180853 cuda_executor.cc:1802] GPU interconnect information not available: INTERNAL: NVML doesn't support extracting fabric info or NVLink is not used by the device.
W0314 22:27:41.598455  180850 cuda_executor.cc:1802] GPU interconnect information not available: INTERNAL: NVML doesn't support extracting fabric info or NVLink is not used by the device.
W0314 22:27:41.598459  180852 cuda_executor.cc:1802] GPU interconnect information not available: INTERNAL: NVML doesn't support extracting fabric info or NVLink is not used by the device.
W0314 22:27:41.622286    9116 cuda_executor.cc:1802] GPU interconnect information not available: INTERNAL: NVML doesn't support extracting fabric info or NVLink is not used by the device.
W0314 22:27:41.654231    9116 cuda_executor.cc:1802] GPU interconnect information not available: INTERNAL: NVML doesn't support extracting fabric info or NVLink is not used by the device.
W0314 22:27:41.667434  203522 cuda_executor.cc:1802] GPU interconnect information not available: INTERNAL: NVML doesn't support extracting fabric info or NVLink is not used by the device.
W0314 22:27:41.685885    9116 cuda_executor.cc:1802] GPU interconnect information not available: INTERNAL: NVML doesn't support extracting fabric info or NVLink is not used by the device.
W0314 22:27:41.699600  203522 cuda_executor.cc:1802] GPU interconnect information not available: INTERNAL: NVML doesn't support extracting fabric info or NVLink is not used by the device.
W0314 22:27:41.717939    9116 cuda_executor.cc:1802] GPU interconnect information not available: INTERNAL: NVML doesn't support extracting fabric info or NVLink is not used by the device.
W0314 22:27:41.731395  203522 cuda_executor.cc:1802] GPU interconnect information not available: INTERNAL: NVML doesn't support extracting fabric info or NVLink is not used by the device.
W0314 22:27:41.765751  203522 cuda_executor.cc:1802] GPU interconnect information not available: INTERNAL: NVML doesn't support extracting fabric info or NVLink is not used by the device.
W0314 22:27:41.854823  154862 cuda_executor.cc:1802] GPU interconnect information not available: INTERNAL: NVML doesn't support extracting fabric info or NVLink is not used by the device.
W0314 22:27:41.858265  161582 cuda_executor.cc:1802] GPU interconnect information not available: INTERNAL: NVML doesn't support extracting fabric info or NVLink is not used by the device.
W0314 22:27:41.886176  154862 cuda_executor.cc:1802] GPU interconnect information not available: INTERNAL: NVML doesn't support extracting fabric info or NVLink is not used by the device.
W0314 22:27:41.889571  161582 cuda_executor.cc:1802] GPU interconnect information not available: INTERNAL: NVML doesn't support extracting fabric info or NVLink is not used by the device.
W0314 22:27:41.917854  154862 cuda_executor.cc:1802] GPU interconnect information not available: INTERNAL: NVML doesn't support extracting fabric info or NVLink is not used by the device.
W0314 22:27:41.920754  161582 cuda_executor.cc:1802] GPU interconnect information not available: INTERNAL: NVML doesn't support extracting fabric info or NVLink is not used by the device.
W0314 22:27:41.949136  154862 cuda_executor.cc:1802] GPU interconnect information not available: INTERNAL: NVML doesn't support extracting fabric info or NVLink is not used by the device.
W0314 22:27:41.952045  161582 cuda_executor.cc:1802] GPU interconnect information not available: INTERNAL: NVML doesn't support extracting fabric info or NVLink is not used by the device.
W0314 22:27:41.999852  180130 cuda_executor.cc:1802] GPU interconnect information not available: INTERNAL: NVML doesn't support extracting fabric info or NVLink is not used by the device.
W0314 22:27:42.033320  180130 cuda_executor.cc:1802] GPU interconnect information not available: INTERNAL: NVML doesn't support extracting fabric info or NVLink is not used by the device.
W0314 22:27:42.067468  180130 cuda_executor.cc:1802] GPU interconnect information not available: INTERNAL: NVML doesn't support extracting fabric info or NVLink is not used by the device.
W0314 22:27:42.101509  180130 cuda_executor.cc:1802] GPU interconnect information not available: INTERNAL: NVML doesn't support extracting fabric info or NVLink is not used by the device.
W0314 22:27:42.179041   84790 cuda_executor.cc:1802] GPU interconnect information not available: INTERNAL: NVML doesn't support extracting fabric info or NVLink is not used by the device.
W0314 22:27:42.191925   84789 cuda_executor.cc:1802] GPU interconnect information not available: INTERNAL: NVML doesn't support extracting fabric info or NVLink is not used by the device.
W0314 22:27:42.194104   84791 cuda_executor.cc:1802] GPU interconnect information not available: INTERNAL: NVML doesn't support extracting fabric info or NVLink is not used by the device.
W0314 22:27:42.196759   84792 cuda_executor.cc:1802] GPU interconnect information not available: INTERNAL: NVML doesn't support extracting fabric info or NVLink is not used by the device.
W0314 22:27:42.623309   84073 cuda_executor.cc:1802] GPU interconnect information not available: INTERNAL: NVML doesn't support extracting fabric info or NVLink is not used by the device.
W0314 22:27:42.655894   84073 cuda_executor.cc:1802] GPU interconnect information not available: INTERNAL: NVML doesn't support extracting fabric info or NVLink is not used by the device.
W0314 22:27:42.690729   84073 cuda_executor.cc:1802] GPU interconnect information not available: INTERNAL: NVML doesn't support extracting fabric info or NVLink is not used by the device.
W0314 22:27:42.722901   84073 cuda_executor.cc:1802] GPU interconnect information not available: INTERNAL: NVML doesn't support extracting fabric info or NVLink is not used by the device.
/capstor/scratch/cscs/aboudaou/workspace/dalia/DALIA/src/dalia/core/dalia.py:1016: PerformanceWarning: The device where the array resides (0) is different from the current device (1). Peer access has been activated automatically.
  self.model.theta[:] = xp.asarray(theta_i)
/capstor/scratch/cscs/aboudaou/workspace/dalia/DALIA/src/dalia/core/dalia.py:1016: PerformanceWarning: The device where the array resides (0) is different from the current device (3). Peer access has been activated automatically.
  self.model.theta[:] = xp.asarray(theta_i)
/capstor/scratch/cscs/aboudaou/workspace/dalia/DALIA/src/dalia/core/dalia.py:1016: PerformanceWarning: The device where the array resides (0) is different from the current device (2). Peer access has been activated automatically.
  self.model.theta[:] = xp.asarray(theta_i)
/capstor/scratch/cscs/aboudaou/workspace/dalia/DALIA/src/dalia/core/dalia.py:1016: PerformanceWarning: The device where the array resides (0) is different from the current device (2). Peer access has been activated automatically.
  self.model.theta[:] = xp.asarray(theta_i)
/capstor/scratch/cscs/aboudaou/workspace/dalia/DALIA/src/dalia/core/dalia.py:1016: PerformanceWarning: The device where the array resides (0) is different from the current device (1). Peer access has been activated automatically.
  self.model.theta[:] = xp.asarray(theta_i)
/capstor/scratch/cscs/aboudaou/workspace/dalia/DALIA/src/dalia/core/dalia.py:1016: PerformanceWarning: The device where the array resides (0) is different from the current device (3). Peer access has been activated automatically.
  self.model.theta[:] = xp.asarray(theta_i)
/users/aboudaou/miniconda3/envs/serinv-env/lib/python3.11/site-packages/cupyx/scipy/sparse/_csc.py:132: PerformanceWarning: The device where the array resides (0) is different from the current device (2). Peer access has been activated automatically.
  return self._with_data(self.data * other)
/users/aboudaou/miniconda3/envs/serinv-env/lib/python3.11/site-packages/cupyx/scipy/sparse/_csc.py:132: PerformanceWarning: The device where the array resides (0) is different from the current device (3). Peer access has been activated automatically.
  return self._with_data(self.data * other)
/users/aboudaou/miniconda3/envs/serinv-env/lib/python3.11/site-packages/cupyx/scipy/sparse/_csc.py:132: PerformanceWarning: The device where the array resides (0) is different from the current device (1). Peer access has been activated automatically.
  return self._with_data(self.data * other)
/users/aboudaou/miniconda3/envs/serinv-env/lib/python3.11/site-packages/cupyx/scipy/sparse/_csc.py:132: PerformanceWarning: The device where the array resides (0) is different from the current device (2). Peer access has been activated automatically.
  return self._with_data(self.data * other)
/users/aboudaou/miniconda3/envs/serinv-env/lib/python3.11/site-packages/cupyx/scipy/sparse/_csc.py:132: PerformanceWarning: The device where the array resides (0) is different from the current device (3). Peer access has been activated automatically.
  return self._with_data(self.data * other)
/users/aboudaou/miniconda3/envs/serinv-env/lib/python3.11/site-packages/cupyx/scipy/sparse/_csc.py:132: PerformanceWarning: The device where the array resides (0) is different from the current device (1). Peer access has been activated automatically.
  return self._with_data(self.data * other)
/users/aboudaou/miniconda3/envs/serinv-env/lib/python3.11/site-packages/cupyx/scipy/sparse/_construct.py:529: PerformanceWarning: The device where the array resides (0) is different from the current device (2). Peer access has been activated automatically.
  row = A.row.astype(dtype, copy=True) * B.shape[0]
/users/aboudaou/miniconda3/envs/serinv-env/lib/python3.11/site-packages/cupyx/scipy/sparse/_construct.py:529: PerformanceWarning: The device where the array resides (0) is different from the current device (2). Peer access has been activated automatically.
  row = A.row.astype(dtype, copy=True) * B.shape[0]
/users/aboudaou/miniconda3/envs/serinv-env/lib/python3.11/site-packages/cupyx/scipy/sparse/_construct.py:529: PerformanceWarning: The device where the array resides (0) is different from the current device (3). Peer access has been activated automatically.
  row = A.row.astype(dtype, copy=True) * B.shape[0]
/users/aboudaou/miniconda3/envs/serinv-env/lib/python3.11/site-packages/cupyx/scipy/sparse/_construct.py:529: PerformanceWarning: The device where the array resides (0) is different from the current device (1). Peer access has been activated automatically.
  row = A.row.astype(dtype, copy=True) * B.shape[0]
/users/aboudaou/miniconda3/envs/serinv-env/lib/python3.11/site-packages/cupyx/scipy/sparse/_construct.py:529: PerformanceWarning: The device where the array resides (0) is different from the current device (1). Peer access has been activated automatically.
  row = A.row.astype(dtype, copy=True) * B.shape[0]
/users/aboudaou/miniconda3/envs/serinv-env/lib/python3.11/site-packages/cupyx/scipy/sparse/_construct.py:529: PerformanceWarning: The device where the array resides (0) is different from the current device (3). Peer access has been activated automatically.
  row = A.row.astype(dtype, copy=True) * B.shape[0]
/users/aboudaou/miniconda3/envs/serinv-env/lib/python3.11/site-packages/cupyx/scipy/sparse/_construct.py:533: PerformanceWarning: The device where the array resides (0) is different from the current device (2). Peer access has been activated automatically.
  data = A.data.repeat(B.nnz)  # data's dtype follows that of A in SciPy
/users/aboudaou/miniconda3/envs/serinv-env/lib/python3.11/site-packages/cupyx/scipy/sparse/_construct.py:533: PerformanceWarning: The device where the array resides (0) is different from the current device (2). Peer access has been activated automatically.
  data = A.data.repeat(B.nnz)  # data's dtype follows that of A in SciPy
/users/aboudaou/miniconda3/envs/serinv-env/lib/python3.11/site-packages/cupyx/scipy/sparse/_construct.py:533: PerformanceWarning: The device where the array resides (0) is different from the current device (1). Peer access has been activated automatically.
  data = A.data.repeat(B.nnz)  # data's dtype follows that of A in SciPy
/users/aboudaou/miniconda3/envs/serinv-env/lib/python3.11/site-packages/cupyx/scipy/sparse/_construct.py:533: PerformanceWarning: The device where the array resides (0) is different from the current device (1). Peer access has been activated automatically.
  data = A.data.repeat(B.nnz)  # data's dtype follows that of A in SciPy
/users/aboudaou/miniconda3/envs/serinv-env/lib/python3.11/site-packages/cupyx/scipy/sparse/_construct.py:533: PerformanceWarning: The device where the array resides (0) is different from the current device (3). Peer access has been activated automatically.
  data = A.data.repeat(B.nnz)  # data's dtype follows that of A in SciPy
/users/aboudaou/miniconda3/envs/serinv-env/lib/python3.11/site-packages/cupyx/scipy/sparse/_construct.py:533: PerformanceWarning: The device where the array resides (0) is different from the current device (3). Peer access has been activated automatically.
  data = A.data.repeat(B.nnz)  # data's dtype follows that of A in SciPy
/capstor/scratch/cscs/aboudaou/workspace/dalia/DALIA/src/dalia/models/coregional_model.py:304: PerformanceWarning: The device where the array resides (0) is different from the current device (1). Peer access has been activated automatically.
  sigma_0 = xp.exp(self.theta[self.theta_keys.index("sigma_0")])
/capstor/scratch/cscs/aboudaou/workspace/dalia/DALIA/src/dalia/models/coregional_model.py:305: PerformanceWarning: The device where the array resides (0) is different from the current device (1). Peer access has been activated automatically.
  sigma_1 = xp.exp(self.theta[self.theta_keys.index("sigma_1")])
/capstor/scratch/cscs/aboudaou/workspace/dalia/DALIA/src/dalia/models/coregional_model.py:312: PerformanceWarning: The device where the array resides (0) is different from the current device (1). Peer access has been activated automatically.
  + (lambda_0_1**2 / sigma_1**2) * Qu_list[1]
/capstor/scratch/cscs/aboudaou/workspace/dalia/DALIA/src/dalia/models/coregional_model.py:304: PerformanceWarning: The device where the array resides (0) is different from the current device (2). Peer access has been activated automatically.
  sigma_0 = xp.exp(self.theta[self.theta_keys.index("sigma_0")])
/capstor/scratch/cscs/aboudaou/workspace/dalia/DALIA/src/dalia/models/coregional_model.py:305: PerformanceWarning: The device where the array resides (0) is different from the current device (2). Peer access has been activated automatically.
  sigma_1 = xp.exp(self.theta[self.theta_keys.index("sigma_1")])
/capstor/scratch/cscs/aboudaou/workspace/dalia/DALIA/src/dalia/models/coregional_model.py:319: PerformanceWarning: The device where the array resides (0) is different from the current device (1). Peer access has been activated automatically.
  q21 = sp.sparse.coo_matrix((-lambda_0_1 / sigma_1**2) * Qu_list[1])
/capstor/scratch/cscs/aboudaou/workspace/dalia/DALIA/src/dalia/models/coregional_model.py:312: PerformanceWarning: The device where the array resides (0) is different from the current device (2). Peer access has been activated automatically.
  + (lambda_0_1**2 / sigma_1**2) * Qu_list[1]
/capstor/scratch/cscs/aboudaou/workspace/dalia/DALIA/src/dalia/models/coregional_model.py:319: PerformanceWarning: The device where the array resides (0) is different from the current device (2). Peer access has been activated automatically.
  q21 = sp.sparse.coo_matrix((-lambda_0_1 / sigma_1**2) * Qu_list[1])
/capstor/scratch/cscs/aboudaou/workspace/dalia/DALIA/src/dalia/models/coregional_model.py:323: PerformanceWarning: The device where the array resides (0) is different from the current device (1). Peer access has been activated automatically.
  q12 = sp.sparse.coo_matrix((-lambda_0_1 / sigma_1**2) * Qu_list[1])
/capstor/scratch/cscs/aboudaou/workspace/dalia/DALIA/src/dalia/models/coregional_model.py:323: PerformanceWarning: The device where the array resides (0) is different from the current device (2). Peer access has been activated automatically.
  q12 = sp.sparse.coo_matrix((-lambda_0_1 / sigma_1**2) * Qu_list[1])
/capstor/scratch/cscs/aboudaou/workspace/dalia/DALIA/src/dalia/models/coregional_model.py:304: PerformanceWarning: The device where the array resides (0) is different from the current device (1). Peer access has been activated automatically.
  sigma_0 = xp.exp(self.theta[self.theta_keys.index("sigma_0")])
/capstor/scratch/cscs/aboudaou/workspace/dalia/DALIA/src/dalia/models/coregional_model.py:305: PerformanceWarning: The device where the array resides (0) is different from the current device (1). Peer access has been activated automatically.
  sigma_1 = xp.exp(self.theta[self.theta_keys.index("sigma_1")])
/capstor/scratch/cscs/aboudaou/workspace/dalia/DALIA/src/dalia/models/coregional_model.py:312: PerformanceWarning: The device where the array resides (0) is different from the current device (1). Peer access has been activated automatically.
  + (lambda_0_1**2 / sigma_1**2) * Qu_list[1]
/capstor/scratch/cscs/aboudaou/workspace/dalia/DALIA/src/dalia/models/coregional_model.py:319: PerformanceWarning: The device where the array resides (0) is different from the current device (1). Peer access has been activated automatically.
  q21 = sp.sparse.coo_matrix((-lambda_0_1 / sigma_1**2) * Qu_list[1])
/capstor/scratch/cscs/aboudaou/workspace/dalia/DALIA/src/dalia/models/coregional_model.py:323: PerformanceWarning: The device where the array resides (0) is different from the current device (1). Peer access has been activated automatically.
  q12 = sp.sparse.coo_matrix((-lambda_0_1 / sigma_1**2) * Qu_list[1])
/capstor/scratch/cscs/aboudaou/workspace/dalia/DALIA/src/dalia/models/coregional_model.py:304: PerformanceWarning: The device where the array resides (0) is different from the current device (2). Peer access has been activated automatically.
  sigma_0 = xp.exp(self.theta[self.theta_keys.index("sigma_0")])
/capstor/scratch/cscs/aboudaou/workspace/dalia/DALIA/src/dalia/models/coregional_model.py:305: PerformanceWarning: The device where the array resides (0) is different from the current device (2). Peer access has been activated automatically.
  sigma_1 = xp.exp(self.theta[self.theta_keys.index("sigma_1")])
/capstor/scratch/cscs/aboudaou/workspace/dalia/DALIA/src/dalia/models/coregional_model.py:312: PerformanceWarning: The device where the array resides (0) is different from the current device (2). Peer access has been activated automatically.
  + (lambda_0_1**2 / sigma_1**2) * Qu_list[1]
/capstor/scratch/cscs/aboudaou/workspace/dalia/DALIA/src/dalia/models/coregional_model.py:319: PerformanceWarning: The device where the array resides (0) is different from the current device (2). Peer access has been activated automatically.
  q21 = sp.sparse.coo_matrix((-lambda_0_1 / sigma_1**2) * Qu_list[1])
/capstor/scratch/cscs/aboudaou/workspace/dalia/DALIA/src/dalia/models/coregional_model.py:323: PerformanceWarning: The device where the array resides (0) is different from the current device (2). Peer access has been activated automatically.
  q12 = sp.sparse.coo_matrix((-lambda_0_1 / sigma_1**2) * Qu_list[1])
/capstor/scratch/cscs/aboudaou/workspace/dalia/DALIA/src/dalia/models/coregional_model.py:304: PerformanceWarning: The device where the array resides (0) is different from the current device (3). Peer access has been activated automatically.
  sigma_0 = xp.exp(self.theta[self.theta_keys.index("sigma_0")])
/capstor/scratch/cscs/aboudaou/workspace/dalia/DALIA/src/dalia/models/coregional_model.py:305: PerformanceWarning: The device where the array resides (0) is different from the current device (3). Peer access has been activated automatically.
  sigma_1 = xp.exp(self.theta[self.theta_keys.index("sigma_1")])
/capstor/scratch/cscs/aboudaou/workspace/dalia/DALIA/src/dalia/models/coregional_model.py:312: PerformanceWarning: The device where the array resides (0) is different from the current device (3). Peer access has been activated automatically.
  + (lambda_0_1**2 / sigma_1**2) * Qu_list[1]
/capstor/scratch/cscs/aboudaou/workspace/dalia/DALIA/src/dalia/models/coregional_model.py:319: PerformanceWarning: The device where the array resides (0) is different from the current device (3). Peer access has been activated automatically.
  q21 = sp.sparse.coo_matrix((-lambda_0_1 / sigma_1**2) * Qu_list[1])
/capstor/scratch/cscs/aboudaou/workspace/dalia/DALIA/src/dalia/models/coregional_model.py:323: PerformanceWarning: The device where the array resides (0) is different from the current device (3). Peer access has been activated automatically.
  q12 = sp.sparse.coo_matrix((-lambda_0_1 / sigma_1**2) * Qu_list[1])
/capstor/scratch/cscs/aboudaou/workspace/dalia/DALIA/src/dalia/models/coregional_model.py:304: PerformanceWarning: The device where the array resides (0) is different from the current device (3). Peer access has been activated automatically.
  sigma_0 = xp.exp(self.theta[self.theta_keys.index("sigma_0")])
/capstor/scratch/cscs/aboudaou/workspace/dalia/DALIA/src/dalia/models/coregional_model.py:305: PerformanceWarning: The device where the array resides (0) is different from the current device (3). Peer access has been activated automatically.
  sigma_1 = xp.exp(self.theta[self.theta_keys.index("sigma_1")])
/capstor/scratch/cscs/aboudaou/workspace/dalia/DALIA/src/dalia/models/coregional_model.py:312: PerformanceWarning: The device where the array resides (0) is different from the current device (3). Peer access has been activated automatically.
  + (lambda_0_1**2 / sigma_1**2) * Qu_list[1]
/capstor/scratch/cscs/aboudaou/workspace/dalia/DALIA/src/dalia/models/coregional_model.py:319: PerformanceWarning: The device where the array resides (0) is different from the current device (3). Peer access has been activated automatically.
  q21 = sp.sparse.coo_matrix((-lambda_0_1 / sigma_1**2) * Qu_list[1])
/capstor/scratch/cscs/aboudaou/workspace/dalia/DALIA/src/dalia/models/coregional_model.py:323: PerformanceWarning: The device where the array resides (0) is different from the current device (3). Peer access has been activated automatically.
  q12 = sp.sparse.coo_matrix((-lambda_0_1 / sigma_1**2) * Qu_list[1])
/capstor/scratch/cscs/aboudaou/workspace/dalia/DALIA/src/dalia/models/coregional_model.py:526: PerformanceWarning: The device where the array resides (0) is different from the current device (1). Peer access has been activated automatically.
  self.data_Qprior_re = self.data_Qprior_re[self.permutation_vector_Q_prior]
/capstor/scratch/cscs/aboudaou/workspace/dalia/DALIA/src/dalia/models/coregional_model.py:526: PerformanceWarning: The device where the array resides (0) is different from the current device (1). Peer access has been activated automatically.
  self.data_Qprior_re = self.data_Qprior_re[self.permutation_vector_Q_prior]
/capstor/scratch/cscs/aboudaou/workspace/dalia/DALIA/src/dalia/models/coregional_model.py:526: PerformanceWarning: The device where the array resides (0) is different from the current device (2). Peer access has been activated automatically.
  self.data_Qprior_re = self.data_Qprior_re[self.permutation_vector_Q_prior]
/capstor/scratch/cscs/aboudaou/workspace/dalia/DALIA/src/dalia/models/coregional_model.py:526: PerformanceWarning: The device where the array resides (0) is different from the current device (2). Peer access has been activated automatically.
  self.data_Qprior_re = self.data_Qprior_re[self.permutation_vector_Q_prior]
/users/aboudaou/miniconda3/envs/serinv-env/lib/python3.11/site-packages/cupyx/scipy/sparse/_compressed.py:674: PerformanceWarning: The device where the array resides (0) is different from the current device (1). Peer access has been activated automatically.
  is_canonical = self._has_canonical_format_kern(
/users/aboudaou/miniconda3/envs/serinv-env/lib/python3.11/site-packages/cupyx/scipy/sparse/_compressed.py:674: PerformanceWarning: The device where the array resides (0) is different from the current device (2). Peer access has been activated automatically.
  is_canonical = self._has_canonical_format_kern(
/users/aboudaou/miniconda3/envs/serinv-env/lib/python3.11/site-packages/cupyx/scipy/sparse/_compressed.py:674: PerformanceWarning: The device where the array resides (0) is different from the current device (1). Peer access has been activated automatically.
  is_canonical = self._has_canonical_format_kern(
/users/aboudaou/miniconda3/envs/serinv-env/lib/python3.11/site-packages/cupyx/scipy/sparse/_compressed.py:674: PerformanceWarning: The device where the array resides (0) is different from the current device (2). Peer access has been activated automatically.
  is_canonical = self._has_canonical_format_kern(
/capstor/scratch/cscs/aboudaou/workspace/dalia/DALIA/src/dalia/models/coregional_model.py:526: PerformanceWarning: The device where the array resides (0) is different from the current device (3). Peer access has been activated automatically.
  self.data_Qprior_re = self.data_Qprior_re[self.permutation_vector_Q_prior]
/users/aboudaou/miniconda3/envs/serinv-env/lib/python3.11/site-packages/cupyx/scipy/sparse/_compressed.py:674: PerformanceWarning: The device where the array resides (0) is different from the current device (3). Peer access has been activated automatically.
  is_canonical = self._has_canonical_format_kern(
/capstor/scratch/cscs/aboudaou/workspace/dalia/DALIA/src/dalia/models/coregional_model.py:526: PerformanceWarning: The device where the array resides (0) is different from the current device (3). Peer access has been activated automatically.
  self.data_Qprior_re = self.data_Qprior_re[self.permutation_vector_Q_prior]
/users/aboudaou/miniconda3/envs/serinv-env/lib/python3.11/site-packages/cupyx/scipy/sparse/_compressed.py:674: PerformanceWarning: The device where the array resides (0) is different from the current device (3). Peer access has been activated automatically.
  is_canonical = self._has_canonical_format_kern(
/capstor/scratch/cscs/aboudaou/workspace/dalia/DALIA/src/dalia/likelihoods/gaussian.py:94: PerformanceWarning: The device where the array resides (0) is different from the current device (2). Peer access has been activated automatically.
  gradient_likelihood: NDArray = -xp.exp(theta) * (eta - y)
/users/aboudaou/miniconda3/envs/serinv-env/lib/python3.11/site-packages/cupyx/scipy/sparse/_csc.py:87: PerformanceWarning: The device where the array resides (0) is different from the current device (2). Peer access has been activated automatically.
  return self._with_data(self.data * other)
/capstor/scratch/cscs/aboudaou/workspace/dalia/DALIA/src/dalia/likelihoods/gaussian.py:94: PerformanceWarning: The device where the array resides (0) is different from the current device (1). Peer access has been activated automatically.
  gradient_likelihood: NDArray = -xp.exp(theta) * (eta - y)
/users/aboudaou/miniconda3/envs/serinv-env/lib/python3.11/site-packages/cupyx/scipy/sparse/_csc.py:87: PerformanceWarning: The device where the array resides (0) is different from the current device (1). Peer access has been activated automatically.
  return self._with_data(self.data * other)
/capstor/scratch/cscs/aboudaou/workspace/dalia/DALIA/src/dalia/likelihoods/gaussian.py:94: PerformanceWarning: The device where the array resides (0) is different from the current device (2). Peer access has been activated automatically.
  gradient_likelihood: NDArray = -xp.exp(theta) * (eta - y)
/users/aboudaou/miniconda3/envs/serinv-env/lib/python3.11/site-packages/cupyx/scipy/sparse/_csc.py:87: PerformanceWarning: The device where the array resides (0) is different from the current device (2). Peer access has been activated automatically.
  return self._with_data(self.data * other)
/capstor/scratch/cscs/aboudaou/workspace/dalia/DALIA/src/dalia/core/dalia.py:1611: PerformanceWarning: The device where the array resides (0) is different from the current device (2). Peer access has been activated automatically.
  quadratic_form = x_mean.T @ Q_conditional @ x_mean
/capstor/scratch/cscs/aboudaou/workspace/dalia/DALIA/src/dalia/prior_hyperparameters/gaussian.py:29: PerformanceWarning: The device where the array resides (0) is different from the current device (2). Peer access has been activated automatically.
  return -0.5 * self.precision * (theta - self.mean) ** 2
/capstor/scratch/cscs/aboudaou/workspace/dalia/DALIA/src/dalia/likelihoods/gaussian.py:55: PerformanceWarning: The device where the array resides (0) is different from the current device (2). Peer access has been activated automatically.
  yEta = eta - y
/capstor/scratch/cscs/aboudaou/workspace/dalia/DALIA/src/dalia/kernels/blockmapping.py:72: PerformanceWarning: The device where the array resides (0) is different from the current device (2). Peer access has been activated automatically.
  coo_rows = coo_rows.astype(cp.int32)
/capstor/scratch/cscs/aboudaou/workspace/dalia/DALIA/src/dalia/solvers/structured_solver.py:410: PerformanceWarning: The device where the array resides (0) is different from the current device (2). Peer access has been activated automatically.
  rows = coo.row[self.bt_cache_block_sort_index]
/capstor/scratch/cscs/aboudaou/workspace/dalia/DALIA/src/dalia/solvers/structured_solver.py:457: PerformanceWarning: The device where the array resides (0) is different from the current device (2). Peer access has been activated automatically.
  data = coo.data[self.bt_cache_block_sort_index]
/capstor/scratch/cscs/aboudaou/workspace/dalia/DALIA/src/dalia/core/dalia.py:1611: PerformanceWarning: The device where the array resides (0) is different from the current device (1). Peer access has been activated automatically.
  quadratic_form = x_mean.T @ Q_conditional @ x_mean
/capstor/scratch/cscs/aboudaou/workspace/dalia/DALIA/src/dalia/likelihoods/gaussian.py:94: PerformanceWarning: The device where the array resides (0) is different from the current device (1). Peer access has been activated automatically.
  gradient_likelihood: NDArray = -xp.exp(theta) * (eta - y)
/capstor/scratch/cscs/aboudaou/workspace/dalia/DALIA/src/dalia/prior_hyperparameters/gaussian.py:29: PerformanceWarning: The device where the array resides (0) is different from the current device (1). Peer access has been activated automatically.
  return -0.5 * self.precision * (theta - self.mean) ** 2
/capstor/scratch/cscs/aboudaou/workspace/dalia/DALIA/src/dalia/likelihoods/gaussian.py:55: PerformanceWarning: The device where the array resides (0) is different from the current device (1). Peer access has been activated automatically.
  yEta = eta - y
/users/aboudaou/miniconda3/envs/serinv-env/lib/python3.11/site-packages/cupyx/scipy/sparse/_csc.py:87: PerformanceWarning: The device where the array resides (0) is different from the current device (1). Peer access has been activated automatically.
  return self._with_data(self.data * other)
/capstor/scratch/cscs/aboudaou/workspace/dalia/DALIA/src/dalia/kernels/blockmapping.py:72: PerformanceWarning: The device where the array resides (0) is different from the current device (1). Peer access has been activated automatically.
  coo_rows = coo_rows.astype(cp.int32)
/capstor/scratch/cscs/aboudaou/workspace/dalia/DALIA/src/dalia/solvers/structured_solver.py:410: PerformanceWarning: The device where the array resides (0) is different from the current device (1). Peer access has been activated automatically.
  rows = coo.row[self.bt_cache_block_sort_index]
/capstor/scratch/cscs/aboudaou/workspace/dalia/DALIA/src/dalia/core/dalia.py:1611: PerformanceWarning: The device where the array resides (0) is different from the current device (2). Peer access has been activated automatically.
  quadratic_form = x_mean.T @ Q_conditional @ x_mean
/capstor/scratch/cscs/aboudaou/workspace/dalia/DALIA/src/dalia/prior_hyperparameters/gaussian.py:29: PerformanceWarning: The device where the array resides (0) is different from the current device (2). Peer access has been activated automatically.
  return -0.5 * self.precision * (theta - self.mean) ** 2
/capstor/scratch/cscs/aboudaou/workspace/dalia/DALIA/src/dalia/solvers/structured_solver.py:457: PerformanceWarning: The device where the array resides (0) is different from the current device (1). Peer access has been activated automatically.
  data = coo.data[self.bt_cache_block_sort_index]
/capstor/scratch/cscs/aboudaou/workspace/dalia/DALIA/src/dalia/likelihoods/gaussian.py:55: PerformanceWarning: The device where the array resides (0) is different from the current device (2). Peer access has been activated automatically.
  yEta = eta - y
/capstor/scratch/cscs/aboudaou/workspace/dalia/DALIA/src/dalia/kernels/blockmapping.py:72: PerformanceWarning: The device where the array resides (0) is different from the current device (2). Peer access has been activated automatically.
  coo_rows = coo_rows.astype(cp.int32)
/capstor/scratch/cscs/aboudaou/workspace/dalia/DALIA/src/dalia/solvers/structured_solver.py:410: PerformanceWarning: The device where the array resides (0) is different from the current device (2). Peer access has been activated automatically.
  rows = coo.row[self.bt_cache_block_sort_index]
/capstor/scratch/cscs/aboudaou/workspace/dalia/DALIA/src/dalia/core/dalia.py:1611: PerformanceWarning: The device where the array resides (0) is different from the current device (1). Peer access has been activated automatically.
  quadratic_form = x_mean.T @ Q_conditional @ x_mean
/capstor/scratch/cscs/aboudaou/workspace/dalia/DALIA/src/dalia/prior_hyperparameters/gaussian.py:29: PerformanceWarning: The device where the array resides (0) is different from the current device (1). Peer access has been activated automatically.
  return -0.5 * self.precision * (theta - self.mean) ** 2
/capstor/scratch/cscs/aboudaou/workspace/dalia/DALIA/src/dalia/likelihoods/gaussian.py:55: PerformanceWarning: The device where the array resides (0) is different from the current device (1). Peer access has been activated automatically.
  yEta = eta - y
/capstor/scratch/cscs/aboudaou/workspace/dalia/DALIA/src/dalia/kernels/blockmapping.py:72: PerformanceWarning: The device where the array resides (0) is different from the current device (1). Peer access has been activated automatically.
  coo_rows = coo_rows.astype(cp.int32)
/capstor/scratch/cscs/aboudaou/workspace/dalia/DALIA/src/dalia/solvers/structured_solver.py:457: PerformanceWarning: The device where the array resides (0) is different from the current device (2). Peer access has been activated automatically.
  data = coo.data[self.bt_cache_block_sort_index]
/capstor/scratch/cscs/aboudaou/workspace/dalia/DALIA/src/dalia/solvers/structured_solver.py:410: PerformanceWarning: The device where the array resides (0) is different from the current device (1). Peer access has been activated automatically.
  rows = coo.row[self.bt_cache_block_sort_index]
/capstor/scratch/cscs/aboudaou/workspace/dalia/DALIA/src/dalia/solvers/structured_solver.py:457: PerformanceWarning: The device where the array resides (0) is different from the current device (1). Peer access has been activated automatically.
  data = coo.data[self.bt_cache_block_sort_index]
/capstor/scratch/cscs/aboudaou/workspace/dalia/DALIA/src/dalia/likelihoods/gaussian.py:94: PerformanceWarning: The device where the array resides (0) is different from the current device (3). Peer access has been activated automatically.
  gradient_likelihood: NDArray = -xp.exp(theta) * (eta - y)
/users/aboudaou/miniconda3/envs/serinv-env/lib/python3.11/site-packages/cupyx/scipy/sparse/_csc.py:87: PerformanceWarning: The device where the array resides (0) is different from the current device (3). Peer access has been activated automatically.
  return self._with_data(self.data * other)
/capstor/scratch/cscs/aboudaou/workspace/dalia/DALIA/src/dalia/core/dalia.py:1611: PerformanceWarning: The device where the array resides (0) is different from the current device (3). Peer access has been activated automatically.
  quadratic_form = x_mean.T @ Q_conditional @ x_mean
/capstor/scratch/cscs/aboudaou/workspace/dalia/DALIA/src/dalia/prior_hyperparameters/gaussian.py:29: PerformanceWarning: The device where the array resides (0) is different from the current device (3). Peer access has been activated automatically.
  return -0.5 * self.precision * (theta - self.mean) ** 2
/capstor/scratch/cscs/aboudaou/workspace/dalia/DALIA/src/dalia/likelihoods/gaussian.py:55: PerformanceWarning: The device where the array resides (0) is different from the current device (3). Peer access has been activated automatically.
  yEta = eta - y
/capstor/scratch/cscs/aboudaou/workspace/dalia/DALIA/src/dalia/kernels/blockmapping.py:72: PerformanceWarning: The device where the array resides (0) is different from the current device (3). Peer access has been activated automatically.
  coo_rows = coo_rows.astype(cp.int32)
/capstor/scratch/cscs/aboudaou/workspace/dalia/DALIA/src/dalia/solvers/structured_solver.py:410: PerformanceWarning: The device where the array resides (0) is different from the current device (3). Peer access has been activated automatically.
  rows = coo.row[self.bt_cache_block_sort_index]
/capstor/scratch/cscs/aboudaou/workspace/dalia/DALIA/src/dalia/solvers/structured_solver.py:457: PerformanceWarning: The device where the array resides (0) is different from the current device (3). Peer access has been activated automatically.
  data = coo.data[self.bt_cache_block_sort_index]
/capstor/scratch/cscs/aboudaou/workspace/dalia/DALIA/src/dalia/likelihoods/gaussian.py:94: PerformanceWarning: The device where the array resides (0) is different from the current device (3). Peer access has been activated automatically.
  gradient_likelihood: NDArray = -xp.exp(theta) * (eta - y)
/users/aboudaou/miniconda3/envs/serinv-env/lib/python3.11/site-packages/cupyx/scipy/sparse/_csc.py:87: PerformanceWarning: The device where the array resides (0) is different from the current device (3). Peer access has been activated automatically.
  return self._with_data(self.data * other)
/capstor/scratch/cscs/aboudaou/workspace/dalia/DALIA/src/dalia/core/dalia.py:1611: PerformanceWarning: The device where the array resides (0) is different from the current device (3). Peer access has been activated automatically.
  quadratic_form = x_mean.T @ Q_conditional @ x_mean
/capstor/scratch/cscs/aboudaou/workspace/dalia/DALIA/src/dalia/prior_hyperparameters/gaussian.py:29: PerformanceWarning: The device where the array resides (0) is different from the current device (3). Peer access has been activated automatically.
  return -0.5 * self.precision * (theta - self.mean) ** 2
/capstor/scratch/cscs/aboudaou/workspace/dalia/DALIA/src/dalia/likelihoods/gaussian.py:55: PerformanceWarning: The device where the array resides (0) is different from the current device (3). Peer access has been activated automatically.
  yEta = eta - y
/capstor/scratch/cscs/aboudaou/workspace/dalia/DALIA/src/dalia/kernels/blockmapping.py:72: PerformanceWarning: The device where the array resides (0) is different from the current device (3). Peer access has been activated automatically.
  coo_rows = coo_rows.astype(cp.int32)
/capstor/scratch/cscs/aboudaou/workspace/dalia/DALIA/src/dalia/solvers/structured_solver.py:410: PerformanceWarning: The device where the array resides (0) is different from the current device (3). Peer access has been activated automatically.
  rows = coo.row[self.bt_cache_block_sort_index]
/capstor/scratch/cscs/aboudaou/workspace/dalia/DALIA/src/dalia/solvers/structured_solver.py:457: PerformanceWarning: The device where the array resides (0) is different from the current device (3). Peer access has been activated automatically.
  data = coo.data[self.bt_cache_block_sort_index]
