Parsed parameters:
  max_iter: 250
  solver_min_p: 1
  profile: False
  precision: float64
  benchmark_mode: True
  n_benchmark_runs: 10
  benchmark_method: finite_diff
  output_csv: /capstor/scratch/cscs/aboudaou/workspace/dalia/artifact/plotting/data/fig6_raw_results.csv
--- gst_coreg2_small: Coregional (2-variate) Spatio-Temporal Model ---

___________________________________ 
___  __ \__    |__  /____  _/__    |
__  / / /_  /| |_  /  __  / __  /| |
_  /_/ /_  ___ |  /____/ /  _  ___ |
/_____/ /_/  |_/_____/___/  /_/  |_|

╔═══════════════════════════════════════════════════════╗
║               Parallelization strategies              ║
║ ╒═══════════════════════════════════════════╤═══════╕ ║
║ │ Participating Processes / Total Processes │ 1 / 1 │ ║
║ ├───────────────────────────────────────────┼───────┤ ║
║ │ Parallelization through F()               │   1   │ ║
║ ├───────────────────────────────────────────┼───────┤ ║
║ │ Parallelization through Q()               │   1   │ ║
║ ├───────────────────────────────────────────┼───────┤ ║
║ │ Parallelization through S()               │   1   │ ║
║ ╘═══════════════════════════════════════════╧═══════╛ ║
╚═══════════════════════════════════════════════════════╝
╔═══════════════════════════════╗
║  Enabled Performance modules  ║
║ ╒═══════════════════╤═══════╕ ║
║ │ Array module      │ cupy  │ ║
║ ├───────────────────┼───────┤ ║
║ │ MPI available     │ True  │ ║
║ ├───────────────────┼───────┤ ║
║ │ Is MPI CUDA aware │ False │ ║
║ ├───────────────────┼───────┤ ║
║ │ Is NCCL available │ False │ ║
║ ╘═══════════════════╧═══════╛ ║
╚═══════════════════════════════╝
╔════════════════════════════════════════╗
║             Memory Report              ║
║ ╒════════════════════════╤═══════════╕ ║
║ │ Solver memory          │ 88.09 MB  │ ║
║ ├────────────────────────┼───────────┤ ║
║ │ Total memory used      │ 132.82 MB │ ║
║ ├────────────────────────┼───────────┤ ║
║ │ Total memory available │ 136.01 MB │ ║
║ ╘════════════════════════╧═══════════╛ ║
╚════════════════════════════════════════╝
DALIA initialized.

======================================================================
GRADIENT BENCHMARK: gst_coreg2_small
======================================================================
Nodes: 1, Tasks: 1
Hyperparameters: 9
Benchmark runs: 10
Energy monitor: enabled (Cray PM counters)

Timing finite difference gradient...
Allocated an extra 0.01 GB for BTA_mapping caching (total: 0.09)
Allocated an extra 0.01 GB for BT_mapping caching (total: 0.10)
rank 0 | iter 1 | objfunc_time: 8.600159 | solver_time: 1.475236 | construction_time: 5.423486
rank 0 | iter 2 | objfunc_time: 8.598684 | solver_time: 1.477128 | construction_time: 5.463763
rank 0 | iter 3 | objfunc_time: 8.579623 | solver_time: 1.470399 | construction_time: 5.404133
rank 0 | iter 4 | objfunc_time: 8.584895 | solver_time: 1.472154 | construction_time: 5.466172
rank 0 | iter 5 | objfunc_time: 8.565233 | solver_time: 1.474046 | construction_time: 5.368981
rank 0 | iter 6 | objfunc_time: 8.589555 | solver_time: 1.477188 | construction_time: 5.455445
rank 0 | iter 7 | objfunc_time: 8.592809 | solver_time: 1.477264 | construction_time: 5.417827
rank 0 | iter 8 | objfunc_time: 8.581501 | solver_time: 1.469338 | construction_time: 5.460165
rank 0 | iter 9 | objfunc_time: 8.592170 | solver_time: 1.478506 | construction_time: 5.412537
rank 0 | iter 10 | objfunc_time: 8.564713 | solver_time: 1.469068 | construction_time: 5.443829
rank 0 | iter 11 | objfunc_time: 8.580952 | solver_time: 1.474672 | construction_time: 5.401943
  Mean: 8.5831s
  Std:  0.0107s
  Node energy/grad: 7060.7 J
  GPU energy/grad:  4409.0 J
  Other energy/grad: 1247.9 J

======================================================================
Benchmark completed
Results written to: /capstor/scratch/cscs/aboudaou/workspace/dalia/artifact/plotting/data/fig6_raw_results.csv
======================================================================
Job finished at Sat 14 Mar 2026 10:29:11 PM CET
