Parsed parameters:
  max_iter: 250
  solver_min_p: 1
  profile: False
  precision: float64
  benchmark_mode: True
  n_benchmark_runs: 10
  benchmark_method: finite_diff
  output_csv: /capstor/scratch/cscs/aboudaou/workspace/dalia/artifact/plotting/data/fig6_raw_results.csv
Rank: 21 won't party tonight at 'feval' level because you need a multiple of 19 processes in the calling comm_group
Parsed parameters:
  max_iter: 250
  solver_min_p: 1
  profile: False
  precision: float64
  benchmark_mode: True
  n_benchmark_runs: 10
  benchmark_method: finite_diff
  output_csv: /capstor/scratch/cscs/aboudaou/workspace/dalia/artifact/plotting/data/fig6_raw_results.csv
Rank: 22 won't party tonight at 'feval' level because you need a multiple of 19 processes in the calling comm_group
Parsed parameters:
  max_iter: 250
  solver_min_p: 1
  profile: False
  precision: float64
  benchmark_mode: True
  n_benchmark_runs: 10
  benchmark_method: finite_diff
  output_csv: /capstor/scratch/cscs/aboudaou/workspace/dalia/artifact/plotting/data/fig6_raw_results.csv
Rank: 28 won't party tonight at 'feval' level because you need a multiple of 19 processes in the calling comm_group
Parsed parameters:
  max_iter: 250
  solver_min_p: 1
  profile: False
  precision: float64
  benchmark_mode: True
  n_benchmark_runs: 10
  benchmark_method: finite_diff
  output_csv: /capstor/scratch/cscs/aboudaou/workspace/dalia/artifact/plotting/data/fig6_raw_results.csv
Rank: 24 won't party tonight at 'feval' level because you need a multiple of 19 processes in the calling comm_group
Parsed parameters:
  max_iter: 250
  solver_min_p: 1
  profile: False
  precision: float64
  benchmark_mode: True
  n_benchmark_runs: 10
  benchmark_method: finite_diff
  output_csv: /capstor/scratch/cscs/aboudaou/workspace/dalia/artifact/plotting/data/fig6_raw_results.csv
Rank: 20 won't party tonight at 'feval' level because you need a multiple of 19 processes in the calling comm_group
Parsed parameters:
  max_iter: 250
  solver_min_p: 1
  profile: False
  precision: float64
  benchmark_mode: True
  n_benchmark_runs: 10
  benchmark_method: finite_diff
  output_csv: /capstor/scratch/cscs/aboudaou/workspace/dalia/artifact/plotting/data/fig6_raw_results.csv
Rank: 30 won't party tonight at 'feval' level because you need a multiple of 19 processes in the calling comm_group
Parsed parameters:
  max_iter: 250
  solver_min_p: 1
  profile: False
  precision: float64
  benchmark_mode: True
  n_benchmark_runs: 10
  benchmark_method: finite_diff
  output_csv: /capstor/scratch/cscs/aboudaou/workspace/dalia/artifact/plotting/data/fig6_raw_results.csv
Rank: 27 won't party tonight at 'feval' level because you need a multiple of 19 processes in the calling comm_group
Parsed parameters:
  max_iter: 250
  solver_min_p: 1
  profile: False
  precision: float64
  benchmark_mode: True
  n_benchmark_runs: 10
  benchmark_method: finite_diff
  output_csv: /capstor/scratch/cscs/aboudaou/workspace/dalia/artifact/plotting/data/fig6_raw_results.csv
Rank: 19 won't party tonight at 'feval' level because you need a multiple of 19 processes in the calling comm_group
Parsed parameters:
  max_iter: 250
  solver_min_p: 1
  profile: False
  precision: float64
  benchmark_mode: True
  n_benchmark_runs: 10
  benchmark_method: finite_diff
  output_csv: /capstor/scratch/cscs/aboudaou/workspace/dalia/artifact/plotting/data/fig6_raw_results.csv
Rank: 29 won't party tonight at 'feval' level because you need a multiple of 19 processes in the calling comm_group
Parsed parameters:
  max_iter: 250
  solver_min_p: 1
  profile: False
  precision: float64
  benchmark_mode: True
  n_benchmark_runs: 10
  benchmark_method: finite_diff
  output_csv: /capstor/scratch/cscs/aboudaou/workspace/dalia/artifact/plotting/data/fig6_raw_results.csv
Rank: 25 won't party tonight at 'feval' level because you need a multiple of 19 processes in the calling comm_group
Parsed parameters:
  max_iter: 250
  solver_min_p: 1
  profile: False
  precision: float64
  benchmark_mode: True
  n_benchmark_runs: 10
  benchmark_method: finite_diff
  output_csv: /capstor/scratch/cscs/aboudaou/workspace/dalia/artifact/plotting/data/fig6_raw_results.csv
Rank: 26 won't party tonight at 'feval' level because you need a multiple of 19 processes in the calling comm_group
Parsed parameters:
  max_iter: 250
  solver_min_p: 1
  profile: False
  precision: float64
  benchmark_mode: True
  n_benchmark_runs: 10
  benchmark_method: finite_diff
  output_csv: /capstor/scratch/cscs/aboudaou/workspace/dalia/artifact/plotting/data/fig6_raw_results.csv
Rank: 31 won't party tonight at 'feval' level because you need a multiple of 19 processes in the calling comm_group
Parsed parameters:
  max_iter: 250
  solver_min_p: 1
  profile: False
  precision: float64
  benchmark_mode: True
  n_benchmark_runs: 10
  benchmark_method: finite_diff
  output_csv: /capstor/scratch/cscs/aboudaou/workspace/dalia/artifact/plotting/data/fig6_raw_results.csv
Rank: 23 won't party tonight at 'feval' level because you need a multiple of 19 processes in the calling comm_group
Parsed parameters:
  max_iter: 250
  solver_min_p: 1
  profile: False
  precision: float64
  benchmark_mode: True
  n_benchmark_runs: 10
  benchmark_method: finite_diff
  output_csv: /capstor/scratch/cscs/aboudaou/workspace/dalia/artifact/plotting/data/fig6_raw_results.csv
--- gst_coreg2_small: Coregional (2-variate) Spatio-Temporal Model ---

___________________________________ 
___  __ \__    |__  /____  _/__    |
__  / / /_  /| |_  /  __  / __  /| |
_  /_/ /_  ___ |  /____/ /  _  ___ |
/_____/ /_/  |_/_____/___/  /_/  |_|

╔═════════════════════════════════════════════════════════╗
║                Parallelization strategies               ║
║ ╒═══════════════════════════════════════════╤═════════╕ ║
║ │ Participating Processes / Total Processes │ 19 / 32 │ ║
║ ├───────────────────────────────────────────┼─────────┤ ║
║ │ Parallelization through F()               │   19    │ ║
║ ├───────────────────────────────────────────┼─────────┤ ║
║ │ Parallelization through Q()               │    1    │ ║
║ ├───────────────────────────────────────────┼─────────┤ ║
║ │ Parallelization through S()               │    1    │ ║
║ ╘═══════════════════════════════════════════╧═════════╛ ║
╚═════════════════════════════════════════════════════════╝
╔═══════════════════════════════╗
║  Enabled Performance modules  ║
║ ╒═══════════════════╤═══════╕ ║
║ │ Array module      │ cupy  │ ║
║ ├───────────────────┼───────┤ ║
║ │ MPI available     │ True  │ ║
║ ├───────────────────┼───────┤ ║
║ │ Is MPI CUDA aware │ False │ ║
║ ├───────────────────┼───────┤ ║
║ │ Is NCCL available │ False │ ║
║ ╘═══════════════════╧═══════╛ ║
╚═══════════════════════════════╝
╔════════════════════════════════════════╗
║             Memory Report              ║
║ ╒════════════════════════╤═══════════╕ ║
║ │ Solver memory          │ 88.09 MB  │ ║
║ ├────────────────────────┼───────────┤ ║
║ │ Total memory used      │ 132.82 MB │ ║
║ ├────────────────────────┼───────────┤ ║
║ │ Total memory available │ 136.01 MB │ ║
║ ╘════════════════════════╧═══════════╛ ║
╚════════════════════════════════════════╝
DALIA initialized.
Parsed parameters:
  max_iter: 250
  solver_min_p: 1
  profile: False
  precision: float64
  benchmark_mode: True
  n_benchmark_runs: 10
  benchmark_method: finite_diff
  output_csv: /capstor/scratch/cscs/aboudaou/workspace/dalia/artifact/plotting/data/fig6_raw_results.csv
rank 2 | iter 1 | objfunc_time: 0.575688 | solver_time: 0.078631 | construction_time: 0.308477
Parsed parameters:
  max_iter: 250
  solver_min_p: 1
  profile: False
  precision: float64
  benchmark_mode: True
  n_benchmark_runs: 10
  benchmark_method: finite_diff
  output_csv: /capstor/scratch/cscs/aboudaou/workspace/dalia/artifact/plotting/data/fig6_raw_results.csv
rank 10 | iter 1 | objfunc_time: 0.575688 | solver_time: 0.077696 | construction_time: 0.317022
Parsed parameters:
  max_iter: 250
  solver_min_p: 1
  profile: False
  precision: float64
  benchmark_mode: True
  n_benchmark_runs: 10
  benchmark_method: finite_diff
  output_csv: /capstor/scratch/cscs/aboudaou/workspace/dalia/artifact/plotting/data/fig6_raw_results.csv
rank 17 | iter 1 | objfunc_time: 0.575683 | solver_time: 0.079754 | construction_time: 0.313853
Parsed parameters:
  max_iter: 250
  solver_min_p: 1
  profile: False
  precision: float64
  benchmark_mode: True
  n_benchmark_runs: 10
  benchmark_method: finite_diff
  output_csv: /capstor/scratch/cscs/aboudaou/workspace/dalia/artifact/plotting/data/fig6_raw_results.csv
rank 3 | iter 1 | objfunc_time: 0.575688 | solver_time: 0.080322 | construction_time: 0.314467
Parsed parameters:
  max_iter: 250
  solver_min_p: 1
  profile: False
  precision: float64
  benchmark_mode: True
  n_benchmark_runs: 10
  benchmark_method: finite_diff
  output_csv: /capstor/scratch/cscs/aboudaou/workspace/dalia/artifact/plotting/data/fig6_raw_results.csv
rank 11 | iter 1 | objfunc_time: 0.575681 | solver_time: 0.084578 | construction_time: 0.361089
Parsed parameters:
  max_iter: 250
  solver_min_p: 1
  profile: False
  precision: float64
  benchmark_mode: True
  n_benchmark_runs: 10
  benchmark_method: finite_diff
  output_csv: /capstor/scratch/cscs/aboudaou/workspace/dalia/artifact/plotting/data/fig6_raw_results.csv
rank 1 | iter 1 | objfunc_time: 0.575687 | solver_time: 0.077091 | construction_time: 0.320518

======================================================================
GRADIENT BENCHMARK: gst_coreg2_small
======================================================================
Nodes: 32, Tasks: 32
Hyperparameters: 9
Benchmark runs: 10
Energy monitor: enabled (Cray PM counters)

Timing finite difference gradient...
Allocated an extra 0.01 GB for BTA_mapping caching (total: 0.09)
Allocated an extra 0.01 GB for BT_mapping caching (total: 0.10)
rank 0 | iter 1 | objfunc_time: 0.575687 | solver_time: 0.078063 | construction_time: 0.264384
Parsed parameters:
  max_iter: 250
  solver_min_p: 1
  profile: False
  precision: float64
  benchmark_mode: True
  n_benchmark_runs: 10
  benchmark_method: finite_diff
  output_csv: /capstor/scratch/cscs/aboudaou/workspace/dalia/artifact/plotting/data/fig6_raw_results.csv
rank 9 | iter 1 | objfunc_time: 0.575684 | solver_time: 0.077840 | construction_time: 0.315527
Parsed parameters:
  max_iter: 250
  solver_min_p: 1
  profile: False
  precision: float64
  benchmark_mode: True
  n_benchmark_runs: 10
  benchmark_method: finite_diff
  output_csv: /capstor/scratch/cscs/aboudaou/workspace/dalia/artifact/plotting/data/fig6_raw_results.csv
rank 13 | iter 1 | objfunc_time: 0.575686 | solver_time: 0.079148 | construction_time: 0.324930
Parsed parameters:
  max_iter: 250
  solver_min_p: 1
  profile: False
  precision: float64
  benchmark_mode: True
  n_benchmark_runs: 10
  benchmark_method: finite_diff
  output_csv: /capstor/scratch/cscs/aboudaou/workspace/dalia/artifact/plotting/data/fig6_raw_results.csv
rank 5 | iter 1 | objfunc_time: 0.575691 | solver_time: 0.075970 | construction_time: 0.311440
Parsed parameters:
  max_iter: 250
  solver_min_p: 1
  profile: False
  precision: float64
  benchmark_mode: True
  n_benchmark_runs: 10
  benchmark_method: finite_diff
  output_csv: /capstor/scratch/cscs/aboudaou/workspace/dalia/artifact/plotting/data/fig6_raw_results.csv
rank 14 | iter 1 | objfunc_time: 0.575688 | solver_time: 0.076717 | construction_time: 0.315271
Parsed parameters:
  max_iter: 250
  solver_min_p: 1
  profile: False
  precision: float64
  benchmark_mode: True
  n_benchmark_runs: 10
  benchmark_method: finite_diff
  output_csv: /capstor/scratch/cscs/aboudaou/workspace/dalia/artifact/plotting/data/fig6_raw_results.csv
rank 7 | iter 1 | objfunc_time: 0.575682 | solver_time: 0.077075 | construction_time: 0.315782
Parsed parameters:
  max_iter: 250
  solver_min_p: 1
  profile: False
  precision: float64
  benchmark_mode: True
  n_benchmark_runs: 10
  benchmark_method: finite_diff
  output_csv: /capstor/scratch/cscs/aboudaou/workspace/dalia/artifact/plotting/data/fig6_raw_results.csv
rank 8 | iter 1 | objfunc_time: 0.575691 | solver_time: 0.077890 | construction_time: 0.263083
Parsed parameters:
  max_iter: 250
  solver_min_p: 1
  profile: False
  precision: float64
  benchmark_mode: True
  n_benchmark_runs: 10
  benchmark_method: finite_diff
  output_csv: /capstor/scratch/cscs/aboudaou/workspace/dalia/artifact/plotting/data/fig6_raw_results.csv
rank 6 | iter 1 | objfunc_time: 0.575684 | solver_time: 0.076790 | construction_time: 0.314813
Parsed parameters:
  max_iter: 250
  solver_min_p: 1
  profile: False
  precision: float64
  benchmark_mode: True
  n_benchmark_runs: 10
  benchmark_method: finite_diff
  output_csv: /capstor/scratch/cscs/aboudaou/workspace/dalia/artifact/plotting/data/fig6_raw_results.csv
rank 15 | iter 1 | objfunc_time: 0.575686 | solver_time: 0.078215 | construction_time: 0.319308
Parsed parameters:
  max_iter: 250
  solver_min_p: 1
  profile: False
  precision: float64
  benchmark_mode: True
  n_benchmark_runs: 10
  benchmark_method: finite_diff
  output_csv: /capstor/scratch/cscs/aboudaou/workspace/dalia/artifact/plotting/data/fig6_raw_results.csv
rank 18 | iter 1 | objfunc_time: 0.575689 | solver_time: 0.079609 | construction_time: 0.316375
Parsed parameters:
  max_iter: 250
  solver_min_p: 1
  profile: False
  precision: float64
  benchmark_mode: True
  n_benchmark_runs: 10
  benchmark_method: finite_diff
  output_csv: /capstor/scratch/cscs/aboudaou/workspace/dalia/artifact/plotting/data/fig6_raw_results.csv
rank 12 | iter 1 | objfunc_time: 0.575687 | solver_time: 0.077863 | construction_time: 0.267770
Parsed parameters:
  max_iter: 250
  solver_min_p: 1
  profile: False
  precision: float64
  benchmark_mode: True
  n_benchmark_runs: 10
  benchmark_method: finite_diff
  output_csv: /capstor/scratch/cscs/aboudaou/workspace/dalia/artifact/plotting/data/fig6_raw_results.csv
rank 4 | iter 1 | objfunc_time: 0.575684 | solver_time: 0.077638 | construction_time: 0.258249
Parsed parameters:
  max_iter: 250
  solver_min_p: 1
  profile: False
  precision: float64
  benchmark_mode: True
  n_benchmark_runs: 10
  benchmark_method: finite_diff
  output_csv: /capstor/scratch/cscs/aboudaou/workspace/dalia/artifact/plotting/data/fig6_raw_results.csv
rank 16 | iter 1 | objfunc_time: 0.575688 | solver_time: 0.078593 | construction_time: 0.258073
rank 1 | iter 2 | objfunc_time: 0.593139 | solver_time: 0.083775 | construction_time: 0.312233
rank 0 | iter 2 | objfunc_time: 0.593142 | solver_time: 0.077347 | construction_time: 0.318970
rank 16 | iter 2 | objfunc_time: 0.593141 | solver_time: 0.077474 | construction_time: 0.316272
rank 2 | iter 2 | objfunc_time: 0.593142 | solver_time: 0.077249 | construction_time: 0.314727
rank 17 | iter 2 | objfunc_time: 0.593144 | solver_time: 0.077328 | construction_time: 0.316305
rank 3 | iter 2 | objfunc_time: 0.593144 | solver_time: 0.077575 | construction_time: 0.314915
rank 8 | iter 2 | objfunc_time: 0.593143 | solver_time: 0.077330 | construction_time: 0.312088
rank 11 | iter 2 | objfunc_time: 0.593139 | solver_time: 0.086958 | construction_time: 0.363153
rank 12 | iter 2 | objfunc_time: 0.593138 | solver_time: 0.077335 | construction_time: 0.312607
rank 9 | iter 2 | objfunc_time: 0.593146 | solver_time: 0.077835 | construction_time: 0.313374
rank 10 | iter 2 | objfunc_time: 0.593144 | solver_time: 0.079476 | construction_time: 0.311176
rank 13 | iter 2 | objfunc_time: 0.593146 | solver_time: 0.078728 | construction_time: 0.325346
rank 5 | iter 2 | objfunc_time: 0.593146 | solver_time: 0.078652 | construction_time: 0.310198
rank 14 | iter 2 | objfunc_time: 0.593143 | solver_time: 0.077343 | construction_time: 0.313963
rank 7 | iter 2 | objfunc_time: 0.593142 | solver_time: 0.076822 | construction_time: 0.311073
rank 6 | iter 2 | objfunc_time: 0.593149 | solver_time: 0.076860 | construction_time: 0.318498
rank 4 | iter 2 | objfunc_time: 0.593138 | solver_time: 0.084662 | construction_time: 0.311519
rank 15 | iter 2 | objfunc_time: 0.593137 | solver_time: 0.078962 | construction_time: 0.311528
rank 18 | iter 2 | objfunc_time: 0.593141 | solver_time: 0.076556 | construction_time: 0.309297
rank 0 | iter 3 | objfunc_time: 0.568863 | solver_time: 0.078902 | construction_time: 0.262608
rank 17 | iter 3 | objfunc_time: 0.568864 | solver_time: 0.077723 | construction_time: 0.313108
rank 3 | iter 3 | objfunc_time: 0.568863 | solver_time: 0.082182 | construction_time: 0.320299
rank 1 | iter 3 | objfunc_time: 0.568864 | solver_time: 0.078014 | construction_time: 0.320410
rank 16 | iter 3 | objfunc_time: 0.568862 | solver_time: 0.078118 | construction_time: 0.258782
rank 2 | iter 3 | objfunc_time: 0.568866 | solver_time: 0.078120 | construction_time: 0.308716
rank 10 | iter 3 | objfunc_time: 0.568866 | solver_time: 0.078608 | construction_time: 0.312859
rank 13 | iter 3 | objfunc_time: 0.568865 | solver_time: 0.078536 | construction_time: 0.323831
rank 5 | iter 3 | objfunc_time: 0.568865 | solver_time: 0.077957 | construction_time: 0.307692
rank 14 | iter 3 | objfunc_time: 0.568862 | solver_time: 0.076990 | construction_time: 0.310663
rank 7 | iter 3 | objfunc_time: 0.568864 | solver_time: 0.076779 | construction_time: 0.314959
rank 8 | iter 3 | objfunc_time: 0.568863 | solver_time: 0.079265 | construction_time: 0.266249
rank 11 | iter 3 | objfunc_time: 0.568860 | solver_time: 0.083659 | construction_time: 0.347940
rank 12 | iter 3 | objfunc_time: 0.568865 | solver_time: 0.077146 | construction_time: 0.261860
rank 6 | iter 3 | objfunc_time: 0.568863 | solver_time: 0.077091 | construction_time: 0.315457
rank 15 | iter 3 | objfunc_time: 0.568865 | solver_time: 0.076815 | construction_time: 0.323472
rank 9 | iter 3 | objfunc_time: 0.568861 | solver_time: 0.085788 | construction_time: 0.310600
rank 18 | iter 3 | objfunc_time: 0.568866 | solver_time: 0.077296 | construction_time: 0.313645
rank 4 | iter 3 | objfunc_time: 0.568864 | solver_time: 0.076576 | construction_time: 0.257310
rank 2 | iter 4 | objfunc_time: 0.582570 | solver_time: 0.076040 | construction_time: 0.307301
rank 1 | iter 4 | objfunc_time: 0.582568 | solver_time: 0.078132 | construction_time: 0.313143
rank 0 | iter 4 | objfunc_time: 0.582570 | solver_time: 0.077326 | construction_time: 0.314047
rank 13 | iter 4 | objfunc_time: 0.582572 | solver_time: 0.080251 | construction_time: 0.325287
rank 17 | iter 4 | objfunc_time: 0.582571 | solver_time: 0.078044 | construction_time: 0.314597
rank 3 | iter 4 | objfunc_time: 0.582571 | solver_time: 0.076798 | construction_time: 0.310981
rank 8 | iter 4 | objfunc_time: 0.582567 | solver_time: 0.077181 | construction_time: 0.313239
rank 11 | iter 4 | objfunc_time: 0.582569 | solver_time: 0.086370 | construction_time: 0.366632
rank 12 | iter 4 | objfunc_time: 0.582569 | solver_time: 0.076742 | construction_time: 0.312586
rank 10 | iter 4 | objfunc_time: 0.582574 | solver_time: 0.079078 | construction_time: 0.318809
rank 5 | iter 4 | objfunc_time: 0.582568 | solver_time: 0.076734 | construction_time: 0.309623
rank 14 | iter 4 | objfunc_time: 0.582575 | solver_time: 0.077227 | construction_time: 0.313130
rank 7 | iter 4 | objfunc_time: 0.582569 | solver_time: 0.076756 | construction_time: 0.312447
rank 6 | iter 4 | objfunc_time: 0.582568 | solver_time: 0.076605 | construction_time: 0.314923
rank 4 | iter 4 | objfunc_time: 0.582569 | solver_time: 0.076636 | construction_time: 0.324567
rank 15 | iter 4 | objfunc_time: 0.582569 | solver_time: 0.079970 | construction_time: 0.313481
rank 16 | iter 4 | objfunc_time: 0.582569 | solver_time: 0.077424 | construction_time: 0.314808
rank 9 | iter 4 | objfunc_time: 0.582568 | solver_time: 0.077579 | construction_time: 0.315350
rank 18 | iter 4 | objfunc_time: 0.582573 | solver_time: 0.079029 | construction_time: 0.319564
rank 2 | iter 5 | objfunc_time: 0.597634 | solver_time: 0.076843 | construction_time: 0.310317
rank 0 | iter 5 | objfunc_time: 0.597632 | solver_time: 0.077312 | construction_time: 0.272169
rank 13 | iter 5 | objfunc_time: 0.597632 | solver_time: 0.078681 | construction_time: 0.322548
rank 17 | iter 5 | objfunc_time: 0.597633 | solver_time: 0.079645 | construction_time: 0.315275
rank 3 | iter 5 | objfunc_time: 0.597636 | solver_time: 0.077105 | construction_time: 0.320046
rank 11 | iter 5 | objfunc_time: 0.597632 | solver_time: 0.083831 | construction_time: 0.369744
rank 1 | iter 5 | objfunc_time: 0.597633 | solver_time: 0.076751 | construction_time: 0.312046
rank 10 | iter 5 | objfunc_time: 0.597634 | solver_time: 0.077317 | construction_time: 0.316578
rank 5 | iter 5 | objfunc_time: 0.597633 | solver_time: 0.077269 | construction_time: 0.313386
rank 14 | iter 5 | objfunc_time: 0.597635 | solver_time: 0.080955 | construction_time: 0.316025
rank 7 | iter 5 | objfunc_time: 0.597631 | solver_time: 0.077321 | construction_time: 0.315750
rank 8 | iter 5 | objfunc_time: 0.597633 | solver_time: 0.078366 | construction_time: 0.259166
rank 12 | iter 5 | objfunc_time: 0.597633 | solver_time: 0.076565 | construction_time: 0.257124
rank 6 | iter 5 | objfunc_time: 0.597634 | solver_time: 0.078119 | construction_time: 0.312847
rank 4 | iter 5 | objfunc_time: 0.597630 | solver_time: 0.076750 | construction_time: 0.256209
rank 15 | iter 5 | objfunc_time: 0.597632 | solver_time: 0.076604 | construction_time: 0.318167
rank 16 | iter 5 | objfunc_time: 0.597633 | solver_time: 0.076964 | construction_time: 0.261406
rank 9 | iter 5 | objfunc_time: 0.597635 | solver_time: 0.077056 | construction_time: 0.311637
rank 18 | iter 5 | objfunc_time: 0.597634 | solver_time: 0.076813 | construction_time: 0.311283
rank 2 | iter 6 | objfunc_time: 0.631492 | solver_time: 0.075891 | construction_time: 0.308650
rank 0 | iter 6 | objfunc_time: 0.631492 | solver_time: 0.077936 | construction_time: 0.317189
rank 3 | iter 6 | objfunc_time: 0.631491 | solver_time: 0.077360 | construction_time: 0.311288
rank 8 | iter 6 | objfunc_time: 0.631492 | solver_time: 0.077889 | construction_time: 0.313925
rank 11 | iter 6 | objfunc_time: 0.631489 | solver_time: 0.092520 | construction_time: 0.389319
rank 1 | iter 6 | objfunc_time: 0.631491 | solver_time: 0.077246 | construction_time: 0.320718
rank 10 | iter 6 | objfunc_time: 0.631491 | solver_time: 0.077630 | construction_time: 0.315850
rank 13 | iter 6 | objfunc_time: 0.631490 | solver_time: 0.078455 | construction_time: 0.323623
rank 17 | iter 6 | objfunc_time: 0.631489 | solver_time: 0.077096 | construction_time: 0.312785
rank 5 | iter 6 | objfunc_time: 0.631492 | solver_time: 0.075825 | construction_time: 0.306670
rank 14 | iter 6 | objfunc_time: 0.631490 | solver_time: 0.076458 | construction_time: 0.312738
rank 7 | iter 6 | objfunc_time: 0.631490 | solver_time: 0.076873 | construction_time: 0.316252
rank 12 | iter 6 | objfunc_time: 0.631489 | solver_time: 0.077006 | construction_time: 0.314556
rank 4 | iter 6 | objfunc_time: 0.631491 | solver_time: 0.076984 | construction_time: 0.313535
rank 16 | iter 6 | objfunc_time: 0.631490 | solver_time: 0.076776 | construction_time: 0.314468
rank 9 | iter 6 | objfunc_time: 0.631492 | solver_time: 0.077073 | construction_time: 0.319621
rank 18 | iter 6 | objfunc_time: 0.631493 | solver_time: 0.076265 | construction_time: 0.313704
rank 6 | iter 6 | objfunc_time: 0.631493 | solver_time: 0.077577 | construction_time: 0.312829
rank 15 | iter 6 | objfunc_time: 0.631489 | solver_time: 0.079839 | construction_time: 0.315463
rank 0 | iter 7 | objfunc_time: 0.617320 | solver_time: 0.077243 | construction_time: 0.263423
rank 2 | iter 7 | objfunc_time: 0.617323 | solver_time: 0.076190 | construction_time: 0.307488
rank 17 | iter 7 | objfunc_time: 0.617321 | solver_time: 0.078258 | construction_time: 0.316225
rank 12 | iter 7 | objfunc_time: 0.617319 | solver_time: 0.077040 | construction_time: 0.257037
rank 1 | iter 7 | objfunc_time: 0.617320 | solver_time: 0.082633 | construction_time: 0.311221
rank 10 | iter 7 | objfunc_time: 0.617321 | solver_time: 0.076974 | construction_time: 0.312926
rank 13 | iter 7 | objfunc_time: 0.617319 | solver_time: 0.079067 | construction_time: 0.323855
rank 5 | iter 7 | objfunc_time: 0.617322 | solver_time: 0.076765 | construction_time: 0.308833
rank 14 | iter 7 | objfunc_time: 0.617321 | solver_time: 0.079211 | construction_time: 0.313255
rank 7 | iter 7 | objfunc_time: 0.617316 | solver_time: 0.078908 | construction_time: 0.308990
rank 8 | iter 7 | objfunc_time: 0.617322 | solver_time: 0.077496 | construction_time: 0.259578
rank 11 | iter 7 | objfunc_time: 0.617317 | solver_time: 0.087411 | construction_time: 0.371207
rank 6 | iter 7 | objfunc_time: 0.617319 | solver_time: 0.080297 | construction_time: 0.320784
rank 4 | iter 7 | objfunc_time: 0.617318 | solver_time: 0.084381 | construction_time: 0.255996
rank 15 | iter 7 | objfunc_time: 0.617318 | solver_time: 0.083083 | construction_time: 0.308875
rank 16 | iter 7 | objfunc_time: 0.617320 | solver_time: 0.077875 | construction_time: 0.258341
rank 9 | iter 7 | objfunc_time: 0.617316 | solver_time: 0.077196 | construction_time: 0.308758
rank 18 | iter 7 | objfunc_time: 0.617323 | solver_time: 0.076717 | construction_time: 0.307291
rank 3 | iter 7 | objfunc_time: 0.617322 | solver_time: 0.077726 | construction_time: 0.314781
rank 2 | iter 8 | objfunc_time: 0.591075 | solver_time: 0.078043 | construction_time: 0.307826
rank 0 | iter 8 | objfunc_time: 0.591083 | solver_time: 0.077072 | construction_time: 0.318935
rank 13 | iter 8 | objfunc_time: 0.591073 | solver_time: 0.079693 | construction_time: 0.322400
rank 8 | iter 8 | objfunc_time: 0.591073 | solver_time: 0.078407 | construction_time: 0.314036
rank 10 | iter 8 | objfunc_time: 0.591075 | solver_time: 0.077756 | construction_time: 0.312923
rank 17 | iter 8 | objfunc_time: 0.591078 | solver_time: 0.077282 | construction_time: 0.318897
rank 5 | iter 8 | objfunc_time: 0.591074 | solver_time: 0.078090 | construction_time: 0.308420
rank 14 | iter 8 | objfunc_time: 0.591076 | solver_time: 0.077226 | construction_time: 0.312671
rank 3 | iter 8 | objfunc_time: 0.591075 | solver_time: 0.078829 | construction_time: 0.315821
rank 11 | iter 8 | objfunc_time: 0.591075 | solver_time: 0.087110 | construction_time: 0.371076
rank 12 | iter 8 | objfunc_time: 0.591073 | solver_time: 0.076654 | construction_time: 0.320006
rank 4 | iter 8 | objfunc_time: 0.591079 | solver_time: 0.076965 | construction_time: 0.311405
rank 1 | iter 8 | objfunc_time: 0.591076 | solver_time: 0.077395 | construction_time: 0.323882
rank 16 | iter 8 | objfunc_time: 0.591074 | solver_time: 0.078547 | construction_time: 0.312977
rank 9 | iter 8 | objfunc_time: 0.591081 | solver_time: 0.086257 | construction_time: 0.310748
rank 7 | iter 8 | objfunc_time: 0.591079 | solver_time: 0.076880 | construction_time: 0.314083
rank 6 | iter 8 | objfunc_time: 0.591079 | solver_time: 0.077356 | construction_time: 0.314402
rank 15 | iter 8 | objfunc_time: 0.591076 | solver_time: 0.076679 | construction_time: 0.311907
rank 18 | iter 8 | objfunc_time: 0.591075 | solver_time: 0.075869 | construction_time: 0.314660
rank 0 | iter 9 | objfunc_time: 0.574191 | solver_time: 0.077094 | construction_time: 0.261351
rank 2 | iter 9 | objfunc_time: 0.574192 | solver_time: 0.075970 | construction_time: 0.307679
rank 13 | iter 9 | objfunc_time: 0.574186 | solver_time: 0.078417 | construction_time: 0.328345
rank 17 | iter 9 | objfunc_time: 0.574190 | solver_time: 0.078029 | construction_time: 0.312776
rank 5 | iter 9 | objfunc_time: 0.574191 | solver_time: 0.076060 | construction_time: 0.308068
rank 3 | iter 9 | objfunc_time: 0.574195 | solver_time: 0.076901 | construction_time: 0.312296
rank 8 | iter 9 | objfunc_time: 0.574190 | solver_time: 0.077899 | construction_time: 0.257355
rank 11 | iter 9 | objfunc_time: 0.574187 | solver_time: 0.083778 | construction_time: 0.363439
rank 12 | iter 9 | objfunc_time: 0.574185 | solver_time: 0.076936 | construction_time: 0.257935
rank 1 | iter 9 | objfunc_time: 0.574190 | solver_time: 0.077361 | construction_time: 0.314679
rank 10 | iter 9 | objfunc_time: 0.574189 | solver_time: 0.083075 | construction_time: 0.312273
rank 14 | iter 9 | objfunc_time: 0.574194 | solver_time: 0.077317 | construction_time: 0.312517
rank 7 | iter 9 | objfunc_time: 0.574188 | solver_time: 0.078344 | construction_time: 0.312228
rank 4 | iter 9 | objfunc_time: 0.574189 | solver_time: 0.076656 | construction_time: 0.267167
rank 16 | iter 9 | objfunc_time: 0.574189 | solver_time: 0.079163 | construction_time: 0.260406
rank 9 | iter 9 | objfunc_time: 0.574188 | solver_time: 0.077234 | construction_time: 0.317258
rank 18 | iter 9 | objfunc_time: 0.574193 | solver_time: 0.081179 | construction_time: 0.306513
rank 6 | iter 9 | objfunc_time: 0.574191 | solver_time: 0.076713 | construction_time: 0.314298
rank 15 | iter 9 | objfunc_time: 0.574188 | solver_time: 0.079839 | construction_time: 0.310513
rank 2 | iter 10 | objfunc_time: 0.583379 | solver_time: 0.076745 | construction_time: 0.312075
rank 13 | iter 10 | objfunc_time: 0.583378 | solver_time: 0.078927 | construction_time: 0.321492
rank 3 | iter 10 | objfunc_time: 0.583380 | solver_time: 0.077088 | construction_time: 0.319833
rank 1 | iter 10 | objfunc_time: 0.583376 | solver_time: 0.076888 | construction_time: 0.312604
rank 0 | iter 10 | objfunc_time: 0.583378 | solver_time: 0.077763 | construction_time: 0.317410
rank 10 | iter 10 | objfunc_time: 0.583378 | solver_time: 0.077724 | construction_time: 0.316240
rank 17 | iter 10 | objfunc_time: 0.583378 | solver_time: 0.079780 | construction_time: 0.317778
rank 5 | iter 10 | objfunc_time: 0.583379 | solver_time: 0.076474 | construction_time: 0.312183
rank 14 | iter 10 | objfunc_time: 0.583379 | solver_time: 0.076738 | construction_time: 0.313188
rank 7 | iter 10 | objfunc_time: 0.583380 | solver_time: 0.077532 | construction_time: 0.320980
rank 11 | iter 10 | objfunc_time: 0.583375 | solver_time: 0.095177 | construction_time: 0.361572
rank 12 | iter 10 | objfunc_time: 0.583377 | solver_time: 0.076713 | construction_time: 0.311813
rank 16 | iter 10 | objfunc_time: 0.583378 | solver_time: 0.076874 | construction_time: 0.312315
rank 9 | iter 10 | objfunc_time: 0.583378 | solver_time: 0.077303 | construction_time: 0.319075
rank 18 | iter 10 | objfunc_time: 0.583379 | solver_time: 0.076436 | construction_time: 0.315986
rank 8 | iter 10 | objfunc_time: 0.583378 | solver_time: 0.077638 | construction_time: 0.319246
rank 6 | iter 10 | objfunc_time: 0.583381 | solver_time: 0.077413 | construction_time: 0.312405
rank 4 | iter 10 | objfunc_time: 0.583379 | solver_time: 0.077421 | construction_time: 0.310183
rank 15 | iter 10 | objfunc_time: 0.583378 | solver_time: 0.077630 | construction_time: 0.311180
rank 1 | iter 11 | objfunc_time: 0.613389 | solver_time: 0.077113 | construction_time: 0.319138
rank 0 | iter 11 | objfunc_time: 0.613388 | solver_time: 0.077033 | construction_time: 0.263526
rank 16 | iter 11 | objfunc_time: 0.613390 | solver_time: 0.077836 | construction_time: 0.256640
rank 2 | iter 11 | objfunc_time: 0.613389 | solver_time: 0.075927 | construction_time: 0.309174
rank 13 | iter 11 | objfunc_time: 0.613388 | solver_time: 0.078316 | construction_time: 0.324868
rank 17 | iter 11 | objfunc_time: 0.613388 | solver_time: 0.077156 | construction_time: 0.311194
rank 3 | iter 11 | objfunc_time: 0.613393 | solver_time: 0.077323 | construction_time: 0.311528
rank 11 | iter 11 | objfunc_time: 0.613386 | solver_time: 0.089461 | construction_time: 0.373319
rank 10 | iter 11 | objfunc_time: 0.613391 | solver_time: 0.078125 | construction_time: 0.316616
rank 5 | iter 11 | objfunc_time: 0.613392 | solver_time: 0.075958 | construction_time: 0.309624
rank 14 | iter 11 | objfunc_time: 0.613392 | solver_time: 0.079033 | construction_time: 0.313440
rank 7 | iter 11 | objfunc_time: 0.613386 | solver_time: 0.077281 | construction_time: 0.315565
rank 8 | iter 11 | objfunc_time: 0.613391 | solver_time: 0.076828 | construction_time: 0.258226
rank 12 | iter 11 | objfunc_time: 0.613388 | solver_time: 0.077434 | construction_time: 0.257489
rank 4 | iter 11 | objfunc_time: 0.613386 | solver_time: 0.077174 | construction_time: 0.260904
rank 15 | iter 11 | objfunc_time: 0.613385 | solver_time: 0.079010 | construction_time: 0.315635
rank 9 | iter 11 | objfunc_time: 0.613387 | solver_time: 0.077724 | construction_time: 0.315816
rank 18 | iter 11 | objfunc_time: 0.613392 | solver_time: 0.076004 | construction_time: 0.309737
rank 6 | iter 11 | objfunc_time: 0.613388 | solver_time: 0.076812 | construction_time: 0.313903
  Mean: 0.5955s
  Std:  0.0190s
  Node energy/grad: 496.1 J
  GPU energy/grad:  339.5 J
  Other energy/grad: 34.7 J

======================================================================
Benchmark completed
Results written to: /capstor/scratch/cscs/aboudaou/workspace/dalia/artifact/plotting/data/fig6_raw_results.csv
======================================================================
Job finished at Sat 14 Mar 2026 10:27:37 PM CET
