Parsed parameters:
  max_iter: 250
  solver_min_p: 1
  profile: False
  precision: float64
  benchmark_mode: True
  n_benchmark_runs: 10
  benchmark_method: finite_diff
  output_csv: /capstor/scratch/cscs/aboudaou/workspace/dalia/artifact/plotting/data/fig6_raw_results.csv
--- gst_coreg2_small: Coregional (2-variate) Spatio-Temporal Model ---

___________________________________ 
___  __ \__    |__  /____  _/__    |
__  / / /_  /| |_  /  __  / __  /| |
_  /_/ /_  ___ |  /____/ /  _  ___ |
/_____/ /_/  |_/_____/___/  /_/  |_|

╔═══════════════════════════════════════════════════════╗
║               Parallelization strategies              ║
║ ╒═══════════════════════════════════════════╤═══════╕ ║
║ │ Participating Processes / Total Processes │ 2 / 2 │ ║
║ ├───────────────────────────────────────────┼───────┤ ║
║ │ Parallelization through F()               │   2   │ ║
║ ├───────────────────────────────────────────┼───────┤ ║
║ │ Parallelization through Q()               │   1   │ ║
║ ├───────────────────────────────────────────┼───────┤ ║
║ │ Parallelization through S()               │   1   │ ║
║ ╘═══════════════════════════════════════════╧═══════╛ ║
╚═══════════════════════════════════════════════════════╝
╔═══════════════════════════════╗
║  Enabled Performance modules  ║
║ ╒═══════════════════╤═══════╕ ║
║ │ Array module      │ cupy  │ ║
║ ├───────────────────┼───────┤ ║
║ │ MPI available     │ True  │ ║
║ ├───────────────────┼───────┤ ║
║ │ Is MPI CUDA aware │ False │ ║
║ ├───────────────────┼───────┤ ║
║ │ Is NCCL available │ False │ ║
║ ╘═══════════════════╧═══════╛ ║
╚═══════════════════════════════╝
╔════════════════════════════════════════╗
║             Memory Report              ║
║ ╒════════════════════════╤═══════════╕ ║
║ │ Solver memory          │ 88.09 MB  │ ║
║ ├────────────────────────┼───────────┤ ║
║ │ Total memory used      │ 132.82 MB │ ║
║ ├────────────────────────┼───────────┤ ║
║ │ Total memory available │ 136.01 MB │ ║
║ ╘════════════════════════╧═══════════╛ ║
╚════════════════════════════════════════╝
DALIA initialized.
Parsed parameters:
  max_iter: 250
  solver_min_p: 1
  profile: False
  precision: float64
  benchmark_mode: True
  n_benchmark_runs: 10
  benchmark_method: finite_diff
  output_csv: /capstor/scratch/cscs/aboudaou/workspace/dalia/artifact/plotting/data/fig6_raw_results.csv
rank 1 | iter 1 | objfunc_time: 4.598452 | solver_time: 0.698516 | construction_time: 2.860558

======================================================================
GRADIENT BENCHMARK: gst_coreg2_small
======================================================================
Nodes: 2, Tasks: 2
Hyperparameters: 9
Benchmark runs: 10
Energy monitor: enabled (Cray PM counters)

Timing finite difference gradient...
Allocated an extra 0.01 GB for BTA_mapping caching (total: 0.09)
Allocated an extra 0.01 GB for BT_mapping caching (total: 0.10)
rank 0 | iter 1 | objfunc_time: 4.598456 | solver_time: 0.776805 | construction_time: 2.838672
rank 0 | iter 2 | objfunc_time: 4.585756 | solver_time: 0.774784 | construction_time: 2.840032
rank 1 | iter 2 | objfunc_time: 4.585755 | solver_time: 0.708249 | construction_time: 2.835295
rank 0 | iter 3 | objfunc_time: 4.576602 | solver_time: 0.775586 | construction_time: 2.829371
rank 1 | iter 3 | objfunc_time: 4.576600 | solver_time: 0.711044 | construction_time: 2.813137
rank 0 | iter 4 | objfunc_time: 4.586634 | solver_time: 0.770489 | construction_time: 2.839637
rank 1 | iter 4 | objfunc_time: 4.586630 | solver_time: 0.699053 | construction_time: 2.820785
rank 0 | iter 5 | objfunc_time: 4.572037 | solver_time: 0.767051 | construction_time: 2.834887
rank 1 | iter 5 | objfunc_time: 4.572030 | solver_time: 0.694317 | construction_time: 2.837819
rank 0 | iter 6 | objfunc_time: 4.593063 | solver_time: 0.768197 | construction_time: 2.825267
rank 1 | iter 6 | objfunc_time: 4.593053 | solver_time: 0.697974 | construction_time: 2.858156
rank 0 | iter 7 | objfunc_time: 4.565655 | solver_time: 0.777487 | construction_time: 2.831978
rank 1 | iter 7 | objfunc_time: 4.565652 | solver_time: 0.694056 | construction_time: 2.834275
rank 0 | iter 8 | objfunc_time: 4.584498 | solver_time: 0.774790 | construction_time: 2.829278
rank 1 | iter 8 | objfunc_time: 4.584488 | solver_time: 0.704723 | construction_time: 2.839052
rank 0 | iter 9 | objfunc_time: 4.571997 | solver_time: 0.773893 | construction_time: 2.837117
rank 1 | iter 9 | objfunc_time: 4.571989 | solver_time: 0.718279 | construction_time: 2.806713
rank 0 | iter 10 | objfunc_time: 4.578202 | solver_time: 0.771145 | construction_time: 2.836772
rank 1 | iter 10 | objfunc_time: 4.578195 | solver_time: 0.699921 | construction_time: 2.816171
rank 0 | iter 11 | objfunc_time: 4.599005 | solver_time: 0.769528 | construction_time: 2.833915
rank 1 | iter 11 | objfunc_time: 4.598997 | solver_time: 0.696634 | construction_time: 2.850958
  Mean: 4.5816s
  Std:  0.0099s
  Node energy/grad: 3888.5 J
  GPU energy/grad:  2535.3 J
  Other energy/grad: 476.6 J

======================================================================
Benchmark completed
Results written to: /capstor/scratch/cscs/aboudaou/workspace/dalia/artifact/plotting/data/fig6_raw_results.csv
======================================================================
Job finished at Sat 14 Mar 2026 10:28:23 PM CET
