W0314 21:28:29.627725  209100 cuda_executor.cc:1802] GPU interconnect information not available: INTERNAL: NVML doesn't support extracting fabric info or NVLink is not used by the device.
W0314 21:28:29.631007  209099 cuda_executor.cc:1802] GPU interconnect information not available: INTERNAL: NVML doesn't support extracting fabric info or NVLink is not used by the device.
W0314 21:28:29.633398  209102 cuda_executor.cc:1802] GPU interconnect information not available: INTERNAL: NVML doesn't support extracting fabric info or NVLink is not used by the device.
W0314 21:28:29.639273  209101 cuda_executor.cc:1802] GPU interconnect information not available: INTERNAL: NVML doesn't support extracting fabric info or NVLink is not used by the device.
W0314 21:28:29.651698  262802 cuda_executor.cc:1802] GPU interconnect information not available: INTERNAL: NVML doesn't support extracting fabric info or NVLink is not used by the device.
W0314 21:28:29.651700  262800 cuda_executor.cc:1802] GPU interconnect information not available: INTERNAL: NVML doesn't support extracting fabric info or NVLink is not used by the device.
W0314 21:28:29.665465  262801 cuda_executor.cc:1802] GPU interconnect information not available: INTERNAL: NVML doesn't support extracting fabric info or NVLink is not used by the device.
W0314 21:28:29.667982  262803 cuda_executor.cc:1802] GPU interconnect information not available: INTERNAL: NVML doesn't support extracting fabric info or NVLink is not used by the device.
W0314 21:28:29.994808  208339 cuda_executor.cc:1802] GPU interconnect information not available: INTERNAL: NVML doesn't support extracting fabric info or NVLink is not used by the device.
W0314 21:28:30.028808  208339 cuda_executor.cc:1802] GPU interconnect information not available: INTERNAL: NVML doesn't support extracting fabric info or NVLink is not used by the device.
W0314 21:28:30.032711  262053 cuda_executor.cc:1802] GPU interconnect information not available: INTERNAL: NVML doesn't support extracting fabric info or NVLink is not used by the device.
W0314 21:28:30.060551  208339 cuda_executor.cc:1802] GPU interconnect information not available: INTERNAL: NVML doesn't support extracting fabric info or NVLink is not used by the device.
W0314 21:28:30.065114  262053 cuda_executor.cc:1802] GPU interconnect information not available: INTERNAL: NVML doesn't support extracting fabric info or NVLink is not used by the device.
W0314 21:28:30.092270  208339 cuda_executor.cc:1802] GPU interconnect information not available: INTERNAL: NVML doesn't support extracting fabric info or NVLink is not used by the device.
W0314 21:28:30.095979  262053 cuda_executor.cc:1802] GPU interconnect information not available: INTERNAL: NVML doesn't support extracting fabric info or NVLink is not used by the device.
W0314 21:28:30.127929  262053 cuda_executor.cc:1802] GPU interconnect information not available: INTERNAL: NVML doesn't support extracting fabric info or NVLink is not used by the device.
W0314 21:28:30.229917  151776 cuda_executor.cc:1802] GPU interconnect information not available: INTERNAL: NVML doesn't support extracting fabric info or NVLink is not used by the device.
W0314 21:28:30.230854  151777 cuda_executor.cc:1802] GPU interconnect information not available: INTERNAL: NVML doesn't support extracting fabric info or NVLink is not used by the device.
W0314 21:28:30.249799  151775 cuda_executor.cc:1802] GPU interconnect information not available: INTERNAL: NVML doesn't support extracting fabric info or NVLink is not used by the device.
W0314 21:28:30.252478  151778 cuda_executor.cc:1802] GPU interconnect information not available: INTERNAL: NVML doesn't support extracting fabric info or NVLink is not used by the device.
W0314 21:28:30.630312  239206 cuda_executor.cc:1802] GPU interconnect information not available: INTERNAL: NVML doesn't support extracting fabric info or NVLink is not used by the device.
W0314 21:28:30.635793  239205 cuda_executor.cc:1802] GPU interconnect information not available: INTERNAL: NVML doesn't support extracting fabric info or NVLink is not used by the device.
W0314 21:28:30.655663  239207 cuda_executor.cc:1802] GPU interconnect information not available: INTERNAL: NVML doesn't support extracting fabric info or NVLink is not used by the device.
W0314 21:28:30.659739  239204 cuda_executor.cc:1802] GPU interconnect information not available: INTERNAL: NVML doesn't support extracting fabric info or NVLink is not used by the device.
W0314 21:28:30.674577  151017 cuda_executor.cc:1802] GPU interconnect information not available: INTERNAL: NVML doesn't support extracting fabric info or NVLink is not used by the device.
W0314 21:28:30.709463  151017 cuda_executor.cc:1802] GPU interconnect information not available: INTERNAL: NVML doesn't support extracting fabric info or NVLink is not used by the device.
W0314 21:28:30.745171  151017 cuda_executor.cc:1802] GPU interconnect information not available: INTERNAL: NVML doesn't support extracting fabric info or NVLink is not used by the device.
W0314 21:28:30.778150  151017 cuda_executor.cc:1802] GPU interconnect information not available: INTERNAL: NVML doesn't support extracting fabric info or NVLink is not used by the device.
W0314 21:28:31.024107  238452 cuda_executor.cc:1802] GPU interconnect information not available: INTERNAL: NVML doesn't support extracting fabric info or NVLink is not used by the device.
W0314 21:28:31.055176  238452 cuda_executor.cc:1802] GPU interconnect information not available: INTERNAL: NVML doesn't support extracting fabric info or NVLink is not used by the device.
W0314 21:28:31.085794  238452 cuda_executor.cc:1802] GPU interconnect information not available: INTERNAL: NVML doesn't support extracting fabric info or NVLink is not used by the device.
W0314 21:28:31.117607  238452 cuda_executor.cc:1802] GPU interconnect information not available: INTERNAL: NVML doesn't support extracting fabric info or NVLink is not used by the device.
/users/aboudaou/miniconda3/envs/serinv-env/lib/python3.11/site-packages/cupyx/scipy/sparse/_csc.py:132: PerformanceWarning: The device where the array resides (0) is different from the current device (3). Peer access has been activated automatically.
  return self._with_data(self.data * other)
/users/aboudaou/miniconda3/envs/serinv-env/lib/python3.11/site-packages/cupyx/scipy/sparse/_csc.py:132: PerformanceWarning: The device where the array resides (0) is different from the current device (1). Peer access has been activated automatically.
  return self._with_data(self.data * other)
/users/aboudaou/miniconda3/envs/serinv-env/lib/python3.11/site-packages/cupyx/scipy/sparse/_csc.py:132: PerformanceWarning: The device where the array resides (0) is different from the current device (2). Peer access has been activated automatically.
  return self._with_data(self.data * other)
/users/aboudaou/miniconda3/envs/serinv-env/lib/python3.11/site-packages/cupyx/scipy/sparse/_construct.py:529: PerformanceWarning: The device where the array resides (0) is different from the current device (3). Peer access has been activated automatically.
  row = A.row.astype(dtype, copy=True) * B.shape[0]
/users/aboudaou/miniconda3/envs/serinv-env/lib/python3.11/site-packages/cupyx/scipy/sparse/_construct.py:529: PerformanceWarning: The device where the array resides (0) is different from the current device (1). Peer access has been activated automatically.
  row = A.row.astype(dtype, copy=True) * B.shape[0]
/users/aboudaou/miniconda3/envs/serinv-env/lib/python3.11/site-packages/cupyx/scipy/sparse/_construct.py:529: PerformanceWarning: The device where the array resides (0) is different from the current device (2). Peer access has been activated automatically.
  row = A.row.astype(dtype, copy=True) * B.shape[0]
/users/aboudaou/miniconda3/envs/serinv-env/lib/python3.11/site-packages/cupyx/scipy/sparse/_construct.py:533: PerformanceWarning: The device where the array resides (0) is different from the current device (3). Peer access has been activated automatically.
  data = A.data.repeat(B.nnz)  # data's dtype follows that of A in SciPy
/users/aboudaou/miniconda3/envs/serinv-env/lib/python3.11/site-packages/cupyx/scipy/sparse/_construct.py:533: PerformanceWarning: The device where the array resides (0) is different from the current device (1). Peer access has been activated automatically.
  data = A.data.repeat(B.nnz)  # data's dtype follows that of A in SciPy
/users/aboudaou/miniconda3/envs/serinv-env/lib/python3.11/site-packages/cupyx/scipy/sparse/_construct.py:533: PerformanceWarning: The device where the array resides (0) is different from the current device (2). Peer access has been activated automatically.
  data = A.data.repeat(B.nnz)  # data's dtype follows that of A in SciPy
/capstor/scratch/cscs/aboudaou/workspace/dalia/DALIA/src/dalia/models/coregional_model.py:304: PerformanceWarning: The device where the array resides (0) is different from the current device (3). Peer access has been activated automatically.
  sigma_0 = xp.exp(self.theta[self.theta_keys.index("sigma_0")])
/capstor/scratch/cscs/aboudaou/workspace/dalia/DALIA/src/dalia/models/coregional_model.py:305: PerformanceWarning: The device where the array resides (0) is different from the current device (3). Peer access has been activated automatically.
  sigma_1 = xp.exp(self.theta[self.theta_keys.index("sigma_1")])
/capstor/scratch/cscs/aboudaou/workspace/dalia/DALIA/src/dalia/models/coregional_model.py:360: PerformanceWarning: The device where the array resides (0) is different from the current device (3). Peer access has been activated automatically.
  sigma_2 = xp.exp(self.theta[self.theta_keys.index("sigma_2")])
/capstor/scratch/cscs/aboudaou/workspace/dalia/DALIA/src/dalia/models/coregional_model.py:304: PerformanceWarning: The device where the array resides (0) is different from the current device (1). Peer access has been activated automatically.
  sigma_0 = xp.exp(self.theta[self.theta_keys.index("sigma_0")])
/capstor/scratch/cscs/aboudaou/workspace/dalia/DALIA/src/dalia/models/coregional_model.py:304: PerformanceWarning: The device where the array resides (0) is different from the current device (2). Peer access has been activated automatically.
  sigma_0 = xp.exp(self.theta[self.theta_keys.index("sigma_0")])
/capstor/scratch/cscs/aboudaou/workspace/dalia/DALIA/src/dalia/models/coregional_model.py:305: PerformanceWarning: The device where the array resides (0) is different from the current device (1). Peer access has been activated automatically.
  sigma_1 = xp.exp(self.theta[self.theta_keys.index("sigma_1")])
/capstor/scratch/cscs/aboudaou/workspace/dalia/DALIA/src/dalia/models/coregional_model.py:360: PerformanceWarning: The device where the array resides (0) is different from the current device (1). Peer access has been activated automatically.
  sigma_2 = xp.exp(self.theta[self.theta_keys.index("sigma_2")])
/capstor/scratch/cscs/aboudaou/workspace/dalia/DALIA/src/dalia/models/coregional_model.py:305: PerformanceWarning: The device where the array resides (0) is different from the current device (2). Peer access has been activated automatically.
  sigma_1 = xp.exp(self.theta[self.theta_keys.index("sigma_1")])
/capstor/scratch/cscs/aboudaou/workspace/dalia/DALIA/src/dalia/models/coregional_model.py:360: PerformanceWarning: The device where the array resides (0) is different from the current device (2). Peer access has been activated automatically.
  sigma_2 = xp.exp(self.theta[self.theta_keys.index("sigma_2")])
/capstor/scratch/cscs/aboudaou/workspace/dalia/DALIA/src/dalia/models/coregional_model.py:367: PerformanceWarning: The device where the array resides (0) is different from the current device (3). Peer access has been activated automatically.
  + (lambda_0_1**2 / sigma_1**2) * Qu_list[1]
/capstor/scratch/cscs/aboudaou/workspace/dalia/DALIA/src/dalia/models/coregional_model.py:367: PerformanceWarning: The device where the array resides (0) is different from the current device (2). Peer access has been activated automatically.
  + (lambda_0_1**2 / sigma_1**2) * Qu_list[1]
/capstor/scratch/cscs/aboudaou/workspace/dalia/DALIA/src/dalia/models/coregional_model.py:367: PerformanceWarning: The device where the array resides (0) is different from the current device (1). Peer access has been activated automatically.
  + (lambda_0_1**2 / sigma_1**2) * Qu_list[1]
/capstor/scratch/cscs/aboudaou/workspace/dalia/DALIA/src/dalia/models/coregional_model.py:368: PerformanceWarning: The device where the array resides (0) is different from the current device (3). Peer access has been activated automatically.
  + (lambda_1_2**2 / sigma_2**2) * Qu_list[2]
/capstor/scratch/cscs/aboudaou/workspace/dalia/DALIA/src/dalia/models/coregional_model.py:368: PerformanceWarning: The device where the array resides (0) is different from the current device (2). Peer access has been activated automatically.
  + (lambda_1_2**2 / sigma_2**2) * Qu_list[2]
/capstor/scratch/cscs/aboudaou/workspace/dalia/DALIA/src/dalia/models/coregional_model.py:368: PerformanceWarning: The device where the array resides (0) is different from the current device (1). Peer access has been activated automatically.
  + (lambda_1_2**2 / sigma_2**2) * Qu_list[2]
/capstor/scratch/cscs/aboudaou/workspace/dalia/DALIA/src/dalia/models/coregional_model.py:375: PerformanceWarning: The device where the array resides (0) is different from the current device (2). Peer access has been activated automatically.
  (-lambda_0_1 / sigma_1**2) * Qu_list[1]
/capstor/scratch/cscs/aboudaou/workspace/dalia/DALIA/src/dalia/models/coregional_model.py:375: PerformanceWarning: The device where the array resides (0) is different from the current device (3). Peer access has been activated automatically.
  (-lambda_0_1 / sigma_1**2) * Qu_list[1]
/capstor/scratch/cscs/aboudaou/workspace/dalia/DALIA/src/dalia/models/coregional_model.py:375: PerformanceWarning: The device where the array resides (0) is different from the current device (1). Peer access has been activated automatically.
  (-lambda_0_1 / sigma_1**2) * Qu_list[1]
/capstor/scratch/cscs/aboudaou/workspace/dalia/DALIA/src/dalia/models/coregional_model.py:376: PerformanceWarning: The device where the array resides (0) is different from the current device (2). Peer access has been activated automatically.
  + (lambda_0_2 * lambda_1_2 / sigma_2**2) * Qu_list[2]
/capstor/scratch/cscs/aboudaou/workspace/dalia/DALIA/src/dalia/models/coregional_model.py:376: PerformanceWarning: The device where the array resides (0) is different from the current device (3). Peer access has been activated automatically.
  + (lambda_0_2 * lambda_1_2 / sigma_2**2) * Qu_list[2]
/capstor/scratch/cscs/aboudaou/workspace/dalia/DALIA/src/dalia/models/coregional_model.py:376: PerformanceWarning: The device where the array resides (0) is different from the current device (1). Peer access has been activated automatically.
  + (lambda_0_2 * lambda_1_2 / sigma_2**2) * Qu_list[2]
/capstor/scratch/cscs/aboudaou/workspace/dalia/DALIA/src/dalia/models/coregional_model.py:381: PerformanceWarning: The device where the array resides (0) is different from the current device (2). Peer access has been activated automatically.
  q31 = sp.sparse.coo_matrix(-lambda_1_2 / sigma_2**2 * Qu_list[2])
/capstor/scratch/cscs/aboudaou/workspace/dalia/DALIA/src/dalia/models/coregional_model.py:381: PerformanceWarning: The device where the array resides (0) is different from the current device (3). Peer access has been activated automatically.
  q31 = sp.sparse.coo_matrix(-lambda_1_2 / sigma_2**2 * Qu_list[2])
/capstor/scratch/cscs/aboudaou/workspace/dalia/DALIA/src/dalia/models/coregional_model.py:381: PerformanceWarning: The device where the array resides (0) is different from the current device (1). Peer access has been activated automatically.
  q31 = sp.sparse.coo_matrix(-lambda_1_2 / sigma_2**2 * Qu_list[2])
/capstor/scratch/cscs/aboudaou/workspace/dalia/DALIA/src/dalia/models/coregional_model.py:387: PerformanceWarning: The device where the array resides (0) is different from the current device (3). Peer access has been activated automatically.
  + (lambda_0_2**2 / sigma_2**2) * Qu_list[2]
/capstor/scratch/cscs/aboudaou/workspace/dalia/DALIA/src/dalia/models/coregional_model.py:387: PerformanceWarning: The device where the array resides (0) is different from the current device (1). Peer access has been activated automatically.
  + (lambda_0_2**2 / sigma_2**2) * Qu_list[2]
/capstor/scratch/cscs/aboudaou/workspace/dalia/DALIA/src/dalia/models/coregional_model.py:387: PerformanceWarning: The device where the array resides (0) is different from the current device (2). Peer access has been activated automatically.
  + (lambda_0_2**2 / sigma_2**2) * Qu_list[2]
/capstor/scratch/cscs/aboudaou/workspace/dalia/DALIA/src/dalia/models/coregional_model.py:393: PerformanceWarning: The device where the array resides (0) is different from the current device (3). Peer access has been activated automatically.
  q32 = sp.sparse.coo_matrix(-lambda_0_2 / sigma_2**2 * Qu_list[2])
/capstor/scratch/cscs/aboudaou/workspace/dalia/DALIA/src/dalia/models/coregional_model.py:393: PerformanceWarning: The device where the array resides (0) is different from the current device (1). Peer access has been activated automatically.
  q32 = sp.sparse.coo_matrix(-lambda_0_2 / sigma_2**2 * Qu_list[2])
/capstor/scratch/cscs/aboudaou/workspace/dalia/DALIA/src/dalia/models/coregional_model.py:393: PerformanceWarning: The device where the array resides (0) is different from the current device (2). Peer access has been activated automatically.
  q32 = sp.sparse.coo_matrix(-lambda_0_2 / sigma_2**2 * Qu_list[2])
/capstor/scratch/cscs/aboudaou/workspace/dalia/DALIA/src/dalia/models/coregional_model.py:526: PerformanceWarning: The device where the array resides (0) is different from the current device (3). Peer access has been activated automatically.
  self.data_Qprior_re = self.data_Qprior_re[self.permutation_vector_Q_prior]
/capstor/scratch/cscs/aboudaou/workspace/dalia/DALIA/src/dalia/models/coregional_model.py:526: PerformanceWarning: The device where the array resides (0) is different from the current device (1). Peer access has been activated automatically.
  self.data_Qprior_re = self.data_Qprior_re[self.permutation_vector_Q_prior]
/capstor/scratch/cscs/aboudaou/workspace/dalia/DALIA/src/dalia/models/coregional_model.py:526: PerformanceWarning: The device where the array resides (0) is different from the current device (2). Peer access has been activated automatically.
  self.data_Qprior_re = self.data_Qprior_re[self.permutation_vector_Q_prior]
/users/aboudaou/miniconda3/envs/serinv-env/lib/python3.11/site-packages/cupyx/scipy/sparse/_compressed.py:674: PerformanceWarning: The device where the array resides (0) is different from the current device (3). Peer access has been activated automatically.
  is_canonical = self._has_canonical_format_kern(
/users/aboudaou/miniconda3/envs/serinv-env/lib/python3.11/site-packages/cupyx/scipy/sparse/_compressed.py:674: PerformanceWarning: The device where the array resides (0) is different from the current device (1). Peer access has been activated automatically.
  is_canonical = self._has_canonical_format_kern(
/users/aboudaou/miniconda3/envs/serinv-env/lib/python3.11/site-packages/cupyx/scipy/sparse/_compressed.py:674: PerformanceWarning: The device where the array resides (0) is different from the current device (2). Peer access has been activated automatically.
  is_canonical = self._has_canonical_format_kern(
/capstor/scratch/cscs/aboudaou/workspace/dalia/DALIA/src/dalia/likelihoods/gaussian.py:94: PerformanceWarning: The device where the array resides (0) is different from the current device (1). Peer access has been activated automatically.
  gradient_likelihood: NDArray = -xp.exp(theta) * (eta - y)
/capstor/scratch/cscs/aboudaou/workspace/dalia/DALIA/src/dalia/likelihoods/gaussian.py:94: PerformanceWarning: The device where the array resides (0) is different from the current device (3). Peer access has been activated automatically.
  gradient_likelihood: NDArray = -xp.exp(theta) * (eta - y)
/capstor/scratch/cscs/aboudaou/workspace/dalia/DALIA/src/dalia/likelihoods/gaussian.py:94: PerformanceWarning: The device where the array resides (0) is different from the current device (2). Peer access has been activated automatically.
  gradient_likelihood: NDArray = -xp.exp(theta) * (eta - y)
/users/aboudaou/miniconda3/envs/serinv-env/lib/python3.11/site-packages/cupyx/scipy/sparse/_csc.py:87: PerformanceWarning: The device where the array resides (0) is different from the current device (1). Peer access has been activated automatically.
  return self._with_data(self.data * other)
/users/aboudaou/miniconda3/envs/serinv-env/lib/python3.11/site-packages/cupyx/scipy/sparse/_csc.py:87: PerformanceWarning: The device where the array resides (0) is different from the current device (3). Peer access has been activated automatically.
  return self._with_data(self.data * other)
/users/aboudaou/miniconda3/envs/serinv-env/lib/python3.11/site-packages/cupyx/scipy/sparse/_csc.py:87: PerformanceWarning: The device where the array resides (0) is different from the current device (2). Peer access has been activated automatically.
  return self._with_data(self.data * other)
/capstor/scratch/cscs/aboudaou/workspace/dalia/DALIA/src/dalia/core/dalia.py:1611: PerformanceWarning: The device where the array resides (0) is different from the current device (1). Peer access has been activated automatically.
  quadratic_form = x_mean.T @ Q_conditional @ x_mean
/capstor/scratch/cscs/aboudaou/workspace/dalia/DALIA/src/dalia/core/dalia.py:1611: PerformanceWarning: The device where the array resides (0) is different from the current device (2). Peer access has been activated automatically.
  quadratic_form = x_mean.T @ Q_conditional @ x_mean
/capstor/scratch/cscs/aboudaou/workspace/dalia/DALIA/src/dalia/core/dalia.py:1611: PerformanceWarning: The device where the array resides (0) is different from the current device (3). Peer access has been activated automatically.
  quadratic_form = x_mean.T @ Q_conditional @ x_mean
/capstor/scratch/cscs/aboudaou/workspace/dalia/DALIA/src/dalia/prior_hyperparameters/gaussian.py:29: PerformanceWarning: The device where the array resides (0) is different from the current device (2). Peer access has been activated automatically.
  return -0.5 * self.precision * (theta - self.mean) ** 2
/capstor/scratch/cscs/aboudaou/workspace/dalia/DALIA/src/dalia/prior_hyperparameters/gaussian.py:29: PerformanceWarning: The device where the array resides (0) is different from the current device (1). Peer access has been activated automatically.
  return -0.5 * self.precision * (theta - self.mean) ** 2
/capstor/scratch/cscs/aboudaou/workspace/dalia/DALIA/src/dalia/prior_hyperparameters/gaussian.py:29: PerformanceWarning: The device where the array resides (0) is different from the current device (3). Peer access has been activated automatically.
  return -0.5 * self.precision * (theta - self.mean) ** 2
/capstor/scratch/cscs/aboudaou/workspace/dalia/DALIA/src/dalia/likelihoods/gaussian.py:55: PerformanceWarning: The device where the array resides (0) is different from the current device (2). Peer access has been activated automatically.
  yEta = eta - y
/capstor/scratch/cscs/aboudaou/workspace/dalia/DALIA/src/dalia/likelihoods/gaussian.py:55: PerformanceWarning: The device where the array resides (0) is different from the current device (3). Peer access has been activated automatically.
  yEta = eta - y
/capstor/scratch/cscs/aboudaou/workspace/dalia/DALIA/src/dalia/likelihoods/gaussian.py:55: PerformanceWarning: The device where the array resides (0) is different from the current device (1). Peer access has been activated automatically.
  yEta = eta - y
/users/aboudaou/miniconda3/envs/serinv-env/lib/python3.11/site-packages/cupyx/scipy/sparse/_index.py:61: PerformanceWarning: The device where the array resides (0) is different from the current device (2). Peer access has been activated automatically.
  Bp = Ap - start_offset
/users/aboudaou/miniconda3/envs/serinv-env/lib/python3.11/site-packages/cupyx/scipy/sparse/_index.py:61: PerformanceWarning: The device where the array resides (0) is different from the current device (1). Peer access has been activated automatically.
  Bp = Ap - start_offset
/users/aboudaou/miniconda3/envs/serinv-env/lib/python3.11/site-packages/cupyx/scipy/sparse/_index.py:61: PerformanceWarning: The device where the array resides (0) is different from the current device (3). Peer access has been activated automatically.
  Bp = Ap - start_offset
/users/aboudaou/miniconda3/envs/serinv-env/lib/python3.11/site-packages/cupyx/scipy/sparse/_index.py:84: PerformanceWarning: The device where the array resides (0) is different from the current device (2). Peer access has been activated automatically.
  mask = (start <= Aj) & (Aj < stop)
/users/aboudaou/miniconda3/envs/serinv-env/lib/python3.11/site-packages/cupyx/scipy/sparse/_index.py:84: PerformanceWarning: The device where the array resides (0) is different from the current device (1). Peer access has been activated automatically.
  mask = (start <= Aj) & (Aj < stop)
/users/aboudaou/miniconda3/envs/serinv-env/lib/python3.11/site-packages/cupyx/scipy/sparse/_index.py:84: PerformanceWarning: The device where the array resides (0) is different from the current device (3). Peer access has been activated automatically.
  mask = (start <= Aj) & (Aj < stop)
/users/aboudaou/miniconda3/envs/serinv-env/lib/python3.11/site-packages/cupyx/scipy/sparse/_index.py:90: PerformanceWarning: The device where the array resides (0) is different from the current device (2). Peer access has been activated automatically.
  Bj = Aj[mask] - start
/users/aboudaou/miniconda3/envs/serinv-env/lib/python3.11/site-packages/cupyx/scipy/sparse/_index.py:91: PerformanceWarning: The device where the array resides (0) is different from the current device (2). Peer access has been activated automatically.
  Bx = Ax[mask]
/users/aboudaou/miniconda3/envs/serinv-env/lib/python3.11/site-packages/cupyx/scipy/sparse/_index.py:90: PerformanceWarning: The device where the array resides (0) is different from the current device (1). Peer access has been activated automatically.
  Bj = Aj[mask] - start
/users/aboudaou/miniconda3/envs/serinv-env/lib/python3.11/site-packages/cupyx/scipy/sparse/_index.py:91: PerformanceWarning: The device where the array resides (0) is different from the current device (1). Peer access has been activated automatically.
  Bx = Ax[mask]
/users/aboudaou/miniconda3/envs/serinv-env/lib/python3.11/site-packages/cupyx/scipy/sparse/_index.py:90: PerformanceWarning: The device where the array resides (0) is different from the current device (3). Peer access has been activated automatically.
  Bj = Aj[mask] - start
/users/aboudaou/miniconda3/envs/serinv-env/lib/python3.11/site-packages/cupyx/scipy/sparse/_index.py:91: PerformanceWarning: The device where the array resides (0) is different from the current device (3). Peer access has been activated automatically.
  Bx = Ax[mask]
