Parsed parameters:
  max_iter: 250
  solver_min_p: 1
  profile: False
  precision: float64
  benchmark_mode: True
  n_benchmark_runs: 10
  benchmark_method: finite_diff
  output_csv: /capstor/scratch/cscs/aboudaou/workspace/dalia/artifact/plotting/data/fig6_raw_results.csv
--- gst_small: Gaussian Spatio-Temporal Model ---

___________________________________ 
___  __ \__    |__  /____  _/__    |
__  / / /_  /| |_  /  __  / __  /| |
_  /_/ /_  ___ |  /____/ /  _  ___ |
/_____/ /_/  |_/_____/___/  /_/  |_|

╔═══════════════════════════════════════════════════════╗
║               Parallelization strategies              ║
║ ╒═══════════════════════════════════════════╤═══════╕ ║
║ │ Participating Processes / Total Processes │ 2 / 2 │ ║
║ ├───────────────────────────────────────────┼───────┤ ║
║ │ Parallelization through F()               │   2   │ ║
║ ├───────────────────────────────────────────┼───────┤ ║
║ │ Parallelization through Q()               │   1   │ ║
║ ├───────────────────────────────────────────┼───────┤ ║
║ │ Parallelization through S()               │   1   │ ║
║ ╘═══════════════════════════════════════════╧═══════╛ ║
╚═══════════════════════════════════════════════════════╝
╔═══════════════════════════════╗
║  Enabled Performance modules  ║
║ ╒═══════════════════╤═══════╕ ║
║ │ Array module      │ cupy  │ ║
║ ├───────────────────┼───────┤ ║
║ │ MPI available     │ True  │ ║
║ ├───────────────────┼───────┤ ║
║ │ Is MPI CUDA aware │ False │ ║
║ ├───────────────────┼───────┤ ║
║ │ Is NCCL available │ False │ ║
║ ╘═══════════════════╧═══════╛ ║
╚═══════════════════════════════╝
╔════════════════════════════════════════╗
║             Memory Report              ║
║ ╒════════════════════════╤═══════════╕ ║
║ │ Solver memory          │ 616.97 KB │ ║
║ ├────────────────────────┼───────────┤ ║
║ │ Total memory used      │  3.81 MB  │ ║
║ ├────────────────────────┼───────────┤ ║
║ │ Total memory available │  3.83 MB  │ ║
║ ╘════════════════════════╧═══════════╛ ║
╚════════════════════════════════════════╝
DALIA initialized.

======================================================================
GRADIENT BENCHMARK: gst_small
======================================================================
Nodes: 2, Tasks: 2
Hyperparameters: 4
Benchmark runs: 10
Energy monitor: enabled (Cray PM counters)

Timing finite difference gradient...
Allocated an extra 0.00 GB for BTA_mapping caching (total: 0.00)
Allocated an extra 0.00 GB for BT_mapping caching (total: 0.00)
rank 0 | iter 1 | objfunc_time: 0.153378 | solver_time: 0.024813 | construction_time: 0.098909
Parsed parameters:
  max_iter: 250
  solver_min_p: 1
  profile: False
  precision: float64
  benchmark_mode: True
  n_benchmark_runs: 10
  benchmark_method: finite_diff
  output_csv: /capstor/scratch/cscs/aboudaou/workspace/dalia/artifact/plotting/data/fig6_raw_results.csv
rank 1 | iter 1 | objfunc_time: 0.153376 | solver_time: 0.022259 | construction_time: 0.086313
rank 0 | iter 2 | objfunc_time: 0.151904 | solver_time: 0.024391 | construction_time: 0.098262
rank 1 | iter 2 | objfunc_time: 0.151901 | solver_time: 0.021920 | construction_time: 0.085542
rank 0 | iter 3 | objfunc_time: 0.151959 | solver_time: 0.024437 | construction_time: 0.098368
rank 1 | iter 3 | objfunc_time: 0.151958 | solver_time: 0.021836 | construction_time: 0.084753
rank 0 | iter 4 | objfunc_time: 0.152061 | solver_time: 0.024471 | construction_time: 0.098333
rank 1 | iter 4 | objfunc_time: 0.152061 | solver_time: 0.021683 | construction_time: 0.084221
rank 0 | iter 5 | objfunc_time: 0.152370 | solver_time: 0.024539 | construction_time: 0.098692
rank 1 | iter 5 | objfunc_time: 0.152369 | solver_time: 0.022016 | construction_time: 0.084520
rank 0 | iter 6 | objfunc_time: 0.153673 | solver_time: 0.025327 | construction_time: 0.098420
rank 1 | iter 6 | objfunc_time: 0.153670 | solver_time: 0.022038 | construction_time: 0.084398
rank 0 | iter 7 | objfunc_time: 0.156203 | solver_time: 0.025497 | construction_time: 0.100481
rank 1 | iter 7 | objfunc_time: 0.156202 | solver_time: 0.021883 | construction_time: 0.084446
rank 0 | iter 8 | objfunc_time: 0.155320 | solver_time: 0.025093 | construction_time: 0.100333
rank 1 | iter 8 | objfunc_time: 0.155317 | solver_time: 0.021223 | construction_time: 0.083415
rank 0 | iter 9 | objfunc_time: 0.156594 | solver_time: 0.025413 | construction_time: 0.100778
rank 1 | iter 9 | objfunc_time: 0.156592 | solver_time: 0.021493 | construction_time: 0.083553
rank 0 | iter 10 | objfunc_time: 0.156394 | solver_time: 0.025626 | construction_time: 0.100480
rank 1 | iter 10 | objfunc_time: 0.156391 | solver_time: 0.021433 | construction_time: 0.083611
rank 0 | iter 11 | objfunc_time: 0.157309 | solver_time: 0.025488 | construction_time: 0.101582
rank 1 | iter 11 | objfunc_time: 0.157307 | solver_time: 0.021376 | construction_time: 0.082837
  Mean: 0.1544s
  Std:  0.0021s
  Node energy/grad: 129.0 J
  GPU energy/grad:  86.9 J
  Other energy/grad: 9.1 J

======================================================================
Benchmark completed
Results written to: /capstor/scratch/cscs/aboudaou/workspace/dalia/artifact/plotting/data/fig6_raw_results.csv
======================================================================
Job finished at Sat 14 Mar 2026 10:23:20 PM CET
