W0314 22:23:06.744128  219130 cuda_executor.cc:1802] GPU interconnect information not available: INTERNAL: NVML doesn't support extracting fabric info or NVLink is not used by the device.
W0314 22:23:06.747006  219132 cuda_executor.cc:1802] GPU interconnect information not available: INTERNAL: NVML doesn't support extracting fabric info or NVLink is not used by the device.
W0314 22:23:06.761969  219129 cuda_executor.cc:1802] GPU interconnect information not available: INTERNAL: NVML doesn't support extracting fabric info or NVLink is not used by the device.
W0314 22:23:06.763754  219131 cuda_executor.cc:1802] GPU interconnect information not available: INTERNAL: NVML doesn't support extracting fabric info or NVLink is not used by the device.
W0314 22:23:06.919361   25002 cuda_executor.cc:1802] GPU interconnect information not available: INTERNAL: NVML doesn't support extracting fabric info or NVLink is not used by the device.
W0314 22:23:06.924970   25004 cuda_executor.cc:1802] GPU interconnect information not available: INTERNAL: NVML doesn't support extracting fabric info or NVLink is not used by the device.
W0314 22:23:06.931948   25003 cuda_executor.cc:1802] GPU interconnect information not available: INTERNAL: NVML doesn't support extracting fabric info or NVLink is not used by the device.
W0314 22:23:06.933645   25005 cuda_executor.cc:1802] GPU interconnect information not available: INTERNAL: NVML doesn't support extracting fabric info or NVLink is not used by the device.
W0314 22:23:07.099911  275840 cuda_executor.cc:1802] GPU interconnect information not available: INTERNAL: NVML doesn't support extracting fabric info or NVLink is not used by the device.
W0314 22:23:07.104118  275839 cuda_executor.cc:1802] GPU interconnect information not available: INTERNAL: NVML doesn't support extracting fabric info or NVLink is not used by the device.
W0314 22:23:07.107402  275838 cuda_executor.cc:1802] GPU interconnect information not available: INTERNAL: NVML doesn't support extracting fabric info or NVLink is not used by the device.
W0314 22:23:07.108310  275837 cuda_executor.cc:1802] GPU interconnect information not available: INTERNAL: NVML doesn't support extracting fabric info or NVLink is not used by the device.
W0314 22:23:07.116728  218173 cuda_executor.cc:1802] GPU interconnect information not available: INTERNAL: NVML doesn't support extracting fabric info or NVLink is not used by the device.
W0314 22:23:07.148607  218173 cuda_executor.cc:1802] GPU interconnect information not available: INTERNAL: NVML doesn't support extracting fabric info or NVLink is not used by the device.
W0314 22:23:07.180656  218173 cuda_executor.cc:1802] GPU interconnect information not available: INTERNAL: NVML doesn't support extracting fabric info or NVLink is not used by the device.
W0314 22:23:07.212647  218173 cuda_executor.cc:1802] GPU interconnect information not available: INTERNAL: NVML doesn't support extracting fabric info or NVLink is not used by the device.
W0314 22:23:07.290946   24260 cuda_executor.cc:1802] GPU interconnect information not available: INTERNAL: NVML doesn't support extracting fabric info or NVLink is not used by the device.
W0314 22:23:07.322638   24260 cuda_executor.cc:1802] GPU interconnect information not available: INTERNAL: NVML doesn't support extracting fabric info or NVLink is not used by the device.
W0314 22:23:07.355184   24260 cuda_executor.cc:1802] GPU interconnect information not available: INTERNAL: NVML doesn't support extracting fabric info or NVLink is not used by the device.
W0314 22:23:07.387272   24260 cuda_executor.cc:1802] GPU interconnect information not available: INTERNAL: NVML doesn't support extracting fabric info or NVLink is not used by the device.
W0314 22:23:07.468261  275093 cuda_executor.cc:1802] GPU interconnect information not available: INTERNAL: NVML doesn't support extracting fabric info or NVLink is not used by the device.
W0314 22:23:07.481581  264847 cuda_executor.cc:1802] GPU interconnect information not available: INTERNAL: NVML doesn't support extracting fabric info or NVLink is not used by the device.
W0314 22:23:07.484881  264845 cuda_executor.cc:1802] GPU interconnect information not available: INTERNAL: NVML doesn't support extracting fabric info or NVLink is not used by the device.
W0314 22:23:07.487667  264844 cuda_executor.cc:1802] GPU interconnect information not available: INTERNAL: NVML doesn't support extracting fabric info or NVLink is not used by the device.
W0314 22:23:07.488575  264846 cuda_executor.cc:1802] GPU interconnect information not available: INTERNAL: NVML doesn't support extracting fabric info or NVLink is not used by the device.
W0314 22:23:07.500519  275093 cuda_executor.cc:1802] GPU interconnect information not available: INTERNAL: NVML doesn't support extracting fabric info or NVLink is not used by the device.
W0314 22:23:07.531736  275093 cuda_executor.cc:1802] GPU interconnect information not available: INTERNAL: NVML doesn't support extracting fabric info or NVLink is not used by the device.
W0314 22:23:07.563839  275093 cuda_executor.cc:1802] GPU interconnect information not available: INTERNAL: NVML doesn't support extracting fabric info or NVLink is not used by the device.
W0314 22:23:07.849861  264083 cuda_executor.cc:1802] GPU interconnect information not available: INTERNAL: NVML doesn't support extracting fabric info or NVLink is not used by the device.
W0314 22:23:07.881324  264083 cuda_executor.cc:1802] GPU interconnect information not available: INTERNAL: NVML doesn't support extracting fabric info or NVLink is not used by the device.
W0314 22:23:07.913131  264083 cuda_executor.cc:1802] GPU interconnect information not available: INTERNAL: NVML doesn't support extracting fabric info or NVLink is not used by the device.
W0314 22:23:07.944515  264083 cuda_executor.cc:1802] GPU interconnect information not available: INTERNAL: NVML doesn't support extracting fabric info or NVLink is not used by the device.
/capstor/scratch/cscs/aboudaou/workspace/dalia/DALIA/src/dalia/core/dalia.py:1016: PerformanceWarning: The device where the array resides (0) is different from the current device (1). Peer access has been activated automatically.
  self.model.theta[:] = xp.asarray(theta_i)
/capstor/scratch/cscs/aboudaou/workspace/dalia/DALIA/src/dalia/core/dalia.py:1016: PerformanceWarning: The device where the array resides (0) is different from the current device (2). Peer access has been activated automatically.
  self.model.theta[:] = xp.asarray(theta_i)
/capstor/scratch/cscs/aboudaou/workspace/dalia/DALIA/src/dalia/core/dalia.py:1016: PerformanceWarning: The device where the array resides (0) is different from the current device (3). Peer access has been activated automatically.
  self.model.theta[:] = xp.asarray(theta_i)
/users/aboudaou/miniconda3/envs/serinv-env/lib/python3.11/site-packages/cupyx/scipy/sparse/_csc.py:132: PerformanceWarning: The device where the array resides (0) is different from the current device (1). Peer access has been activated automatically.
  return self._with_data(self.data * other)
/users/aboudaou/miniconda3/envs/serinv-env/lib/python3.11/site-packages/cupyx/scipy/sparse/_csc.py:132: PerformanceWarning: The device where the array resides (0) is different from the current device (3). Peer access has been activated automatically.
  return self._with_data(self.data * other)
/users/aboudaou/miniconda3/envs/serinv-env/lib/python3.11/site-packages/cupyx/scipy/sparse/_csc.py:132: PerformanceWarning: The device where the array resides (0) is different from the current device (2). Peer access has been activated automatically.
  return self._with_data(self.data * other)
/users/aboudaou/miniconda3/envs/serinv-env/lib/python3.11/site-packages/cupyx/scipy/sparse/_construct.py:529: PerformanceWarning: The device where the array resides (0) is different from the current device (3). Peer access has been activated automatically.
  row = A.row.astype(dtype, copy=True) * B.shape[0]
/users/aboudaou/miniconda3/envs/serinv-env/lib/python3.11/site-packages/cupyx/scipy/sparse/_construct.py:529: PerformanceWarning: The device where the array resides (0) is different from the current device (1). Peer access has been activated automatically.
  row = A.row.astype(dtype, copy=True) * B.shape[0]
/users/aboudaou/miniconda3/envs/serinv-env/lib/python3.11/site-packages/cupyx/scipy/sparse/_construct.py:533: PerformanceWarning: The device where the array resides (0) is different from the current device (3). Peer access has been activated automatically.
  data = A.data.repeat(B.nnz)  # data's dtype follows that of A in SciPy
/users/aboudaou/miniconda3/envs/serinv-env/lib/python3.11/site-packages/cupyx/scipy/sparse/_construct.py:533: PerformanceWarning: The device where the array resides (0) is different from the current device (1). Peer access has been activated automatically.
  data = A.data.repeat(B.nnz)  # data's dtype follows that of A in SciPy
/users/aboudaou/miniconda3/envs/serinv-env/lib/python3.11/site-packages/cupyx/scipy/sparse/_construct.py:529: PerformanceWarning: The device where the array resides (0) is different from the current device (2). Peer access has been activated automatically.
  row = A.row.astype(dtype, copy=True) * B.shape[0]
/users/aboudaou/miniconda3/envs/serinv-env/lib/python3.11/site-packages/cupyx/scipy/sparse/_construct.py:533: PerformanceWarning: The device where the array resides (0) is different from the current device (2). Peer access has been activated automatically.
  data = A.data.repeat(B.nnz)  # data's dtype follows that of A in SciPy
/capstor/scratch/cscs/aboudaou/workspace/dalia/DALIA/src/dalia/core/model.py:338: PerformanceWarning: The device where the array resides (0) is different from the current device (1). Peer access has been activated automatically.
  submodel_Q_prior.row
/capstor/scratch/cscs/aboudaou/workspace/dalia/DALIA/src/dalia/core/model.py:342: PerformanceWarning: The device where the array resides (0) is different from the current device (1). Peer access has been activated automatically.
  submodel_Q_prior.col
/users/aboudaou/miniconda3/envs/serinv-env/lib/python3.11/site-packages/cupy/_manipulation/join.py:60: PerformanceWarning: The device where the array resides (0) is different from the current device (1). Peer access has been activated automatically.
  return _core.concatenate_method(tup, axis, out, dtype, casting)
/capstor/scratch/cscs/aboudaou/workspace/dalia/DALIA/src/dalia/core/model.py:338: PerformanceWarning: The device where the array resides (0) is different from the current device (3). Peer access has been activated automatically.
  submodel_Q_prior.row
/capstor/scratch/cscs/aboudaou/workspace/dalia/DALIA/src/dalia/core/model.py:342: PerformanceWarning: The device where the array resides (0) is different from the current device (3). Peer access has been activated automatically.
  submodel_Q_prior.col
/users/aboudaou/miniconda3/envs/serinv-env/lib/python3.11/site-packages/cupy/_manipulation/join.py:60: PerformanceWarning: The device where the array resides (0) is different from the current device (3). Peer access has been activated automatically.
  return _core.concatenate_method(tup, axis, out, dtype, casting)
/capstor/scratch/cscs/aboudaou/workspace/dalia/DALIA/src/dalia/core/model.py:338: PerformanceWarning: The device where the array resides (0) is different from the current device (2). Peer access has been activated automatically.
  submodel_Q_prior.row
/capstor/scratch/cscs/aboudaou/workspace/dalia/DALIA/src/dalia/core/model.py:342: PerformanceWarning: The device where the array resides (0) is different from the current device (2). Peer access has been activated automatically.
  submodel_Q_prior.col
/users/aboudaou/miniconda3/envs/serinv-env/lib/python3.11/site-packages/cupy/_manipulation/join.py:60: PerformanceWarning: The device where the array resides (0) is different from the current device (2). Peer access has been activated automatically.
  return _core.concatenate_method(tup, axis, out, dtype, casting)
/capstor/scratch/cscs/aboudaou/workspace/dalia/DALIA/src/dalia/likelihoods/gaussian.py:94: PerformanceWarning: The device where the array resides (0) is different from the current device (3). Peer access has been activated automatically.
  gradient_likelihood: NDArray = -xp.exp(theta) * (eta - y)
/capstor/scratch/cscs/aboudaou/workspace/dalia/DALIA/src/dalia/likelihoods/gaussian.py:94: PerformanceWarning: The device where the array resides (0) is different from the current device (1). Peer access has been activated automatically.
  gradient_likelihood: NDArray = -xp.exp(theta) * (eta - y)
/capstor/scratch/cscs/aboudaou/workspace/dalia/DALIA/src/dalia/likelihoods/gaussian.py:94: PerformanceWarning: The device where the array resides (0) is different from the current device (2). Peer access has been activated automatically.
  gradient_likelihood: NDArray = -xp.exp(theta) * (eta - y)
/capstor/scratch/cscs/aboudaou/workspace/dalia/DALIA/src/dalia/core/dalia.py:1611: PerformanceWarning: The device where the array resides (0) is different from the current device (1). Peer access has been activated automatically.
  quadratic_form = x_mean.T @ Q_conditional @ x_mean
/capstor/scratch/cscs/aboudaou/workspace/dalia/DALIA/src/dalia/prior_hyperparameters/penalized_complexity.py:56: PerformanceWarning: The device where the array resides (0) is different from the current device (1). Peer access has been activated automatically.
  xp.log(self.lambda_theta)
/capstor/scratch/cscs/aboudaou/workspace/dalia/DALIA/src/dalia/prior_hyperparameters/penalized_complexity.py:57: PerformanceWarning: The device where the array resides (0) is different from the current device (1). Peer access has been activated automatically.
  - self.lambda_theta * xp.exp(-theta)
/capstor/scratch/cscs/aboudaou/workspace/dalia/DALIA/src/dalia/core/dalia.py:1611: PerformanceWarning: The device where the array resides (0) is different from the current device (3). Peer access has been activated automatically.
  quadratic_form = x_mean.T @ Q_conditional @ x_mean
/capstor/scratch/cscs/aboudaou/workspace/dalia/DALIA/src/dalia/prior_hyperparameters/penalized_complexity.py:65: PerformanceWarning: The device where the array resides (0) is different from the current device (1). Peer access has been activated automatically.
  xp.log(self.lambda_theta)
/capstor/scratch/cscs/aboudaou/workspace/dalia/DALIA/src/dalia/prior_hyperparameters/penalized_complexity.py:66: PerformanceWarning: The device where the array resides (0) is different from the current device (1). Peer access has been activated automatically.
  - self.lambda_theta * xp.exp(-0.5 * theta)
/capstor/scratch/cscs/aboudaou/workspace/dalia/DALIA/src/dalia/prior_hyperparameters/penalized_complexity.py:68: PerformanceWarning: The device where the array resides (0) is different from the current device (1). Peer access has been activated automatically.
  - 0.5 * theta
/capstor/scratch/cscs/aboudaou/workspace/dalia/DALIA/src/dalia/prior_hyperparameters/penalized_complexity.py:76: PerformanceWarning: The device where the array resides (0) is different from the current device (1). Peer access has been activated automatically.
  xp.log(self.lambda_theta) - self.lambda_theta * xp.exp(theta) + theta
/capstor/scratch/cscs/aboudaou/workspace/dalia/DALIA/src/dalia/prior_hyperparameters/penalized_complexity.py:81: PerformanceWarning: The device where the array resides (0) is different from the current device (1). Peer access has been activated automatically.
  xp.log(self.lambda_theta) - self.lambda_theta * xp.exp(theta) + theta
/capstor/scratch/cscs/aboudaou/workspace/dalia/DALIA/src/dalia/likelihoods/gaussian.py:55: PerformanceWarning: The device where the array resides (0) is different from the current device (1). Peer access has been activated automatically.
  yEta = eta - y
/capstor/scratch/cscs/aboudaou/workspace/dalia/DALIA/src/dalia/likelihoods/gaussian.py:59: PerformanceWarning: The device where the array resides (0) is different from the current device (1). Peer access has been activated automatically.
  0.5 * theta * self.n_observations - 0.5 * xp.exp(theta) * yEta.T @ yEta
/capstor/scratch/cscs/aboudaou/workspace/dalia/DALIA/src/dalia/prior_hyperparameters/penalized_complexity.py:56: PerformanceWarning: The device where the array resides (0) is different from the current device (3). Peer access has been activated automatically.
  xp.log(self.lambda_theta)
/capstor/scratch/cscs/aboudaou/workspace/dalia/DALIA/src/dalia/prior_hyperparameters/penalized_complexity.py:57: PerformanceWarning: The device where the array resides (0) is different from the current device (3). Peer access has been activated automatically.
  - self.lambda_theta * xp.exp(-theta)
/capstor/scratch/cscs/aboudaou/workspace/dalia/DALIA/src/dalia/prior_hyperparameters/penalized_complexity.py:65: PerformanceWarning: The device where the array resides (0) is different from the current device (3). Peer access has been activated automatically.
  xp.log(self.lambda_theta)
/capstor/scratch/cscs/aboudaou/workspace/dalia/DALIA/src/dalia/prior_hyperparameters/penalized_complexity.py:66: PerformanceWarning: The device where the array resides (0) is different from the current device (3). Peer access has been activated automatically.
  - self.lambda_theta * xp.exp(-0.5 * theta)
/capstor/scratch/cscs/aboudaou/workspace/dalia/DALIA/src/dalia/prior_hyperparameters/penalized_complexity.py:68: PerformanceWarning: The device where the array resides (0) is different from the current device (3). Peer access has been activated automatically.
  - 0.5 * theta
/capstor/scratch/cscs/aboudaou/workspace/dalia/DALIA/src/dalia/prior_hyperparameters/penalized_complexity.py:76: PerformanceWarning: The device where the array resides (0) is different from the current device (3). Peer access has been activated automatically.
  xp.log(self.lambda_theta) - self.lambda_theta * xp.exp(theta) + theta
/capstor/scratch/cscs/aboudaou/workspace/dalia/DALIA/src/dalia/prior_hyperparameters/penalized_complexity.py:81: PerformanceWarning: The device where the array resides (0) is different from the current device (3). Peer access has been activated automatically.
  xp.log(self.lambda_theta) - self.lambda_theta * xp.exp(theta) + theta
/capstor/scratch/cscs/aboudaou/workspace/dalia/DALIA/src/dalia/likelihoods/gaussian.py:55: PerformanceWarning: The device where the array resides (0) is different from the current device (3). Peer access has been activated automatically.
  yEta = eta - y
/capstor/scratch/cscs/aboudaou/workspace/dalia/DALIA/src/dalia/likelihoods/gaussian.py:59: PerformanceWarning: The device where the array resides (0) is different from the current device (3). Peer access has been activated automatically.
  0.5 * theta * self.n_observations - 0.5 * xp.exp(theta) * yEta.T @ yEta
/capstor/scratch/cscs/aboudaou/workspace/dalia/DALIA/src/dalia/core/dalia.py:1611: PerformanceWarning: The device where the array resides (0) is different from the current device (2). Peer access has been activated automatically.
  quadratic_form = x_mean.T @ Q_conditional @ x_mean
/capstor/scratch/cscs/aboudaou/workspace/dalia/DALIA/src/dalia/prior_hyperparameters/penalized_complexity.py:56: PerformanceWarning: The device where the array resides (0) is different from the current device (2). Peer access has been activated automatically.
  xp.log(self.lambda_theta)
/capstor/scratch/cscs/aboudaou/workspace/dalia/DALIA/src/dalia/prior_hyperparameters/penalized_complexity.py:57: PerformanceWarning: The device where the array resides (0) is different from the current device (2). Peer access has been activated automatically.
  - self.lambda_theta * xp.exp(-theta)
/capstor/scratch/cscs/aboudaou/workspace/dalia/DALIA/src/dalia/prior_hyperparameters/penalized_complexity.py:65: PerformanceWarning: The device where the array resides (0) is different from the current device (2). Peer access has been activated automatically.
  xp.log(self.lambda_theta)
/capstor/scratch/cscs/aboudaou/workspace/dalia/DALIA/src/dalia/prior_hyperparameters/penalized_complexity.py:66: PerformanceWarning: The device where the array resides (0) is different from the current device (2). Peer access has been activated automatically.
  - self.lambda_theta * xp.exp(-0.5 * theta)
/capstor/scratch/cscs/aboudaou/workspace/dalia/DALIA/src/dalia/prior_hyperparameters/penalized_complexity.py:68: PerformanceWarning: The device where the array resides (0) is different from the current device (2). Peer access has been activated automatically.
  - 0.5 * theta
/capstor/scratch/cscs/aboudaou/workspace/dalia/DALIA/src/dalia/prior_hyperparameters/penalized_complexity.py:76: PerformanceWarning: The device where the array resides (0) is different from the current device (2). Peer access has been activated automatically.
  xp.log(self.lambda_theta) - self.lambda_theta * xp.exp(theta) + theta
/capstor/scratch/cscs/aboudaou/workspace/dalia/DALIA/src/dalia/prior_hyperparameters/penalized_complexity.py:81: PerformanceWarning: The device where the array resides (0) is different from the current device (2). Peer access has been activated automatically.
  xp.log(self.lambda_theta) - self.lambda_theta * xp.exp(theta) + theta
/capstor/scratch/cscs/aboudaou/workspace/dalia/DALIA/src/dalia/likelihoods/gaussian.py:55: PerformanceWarning: The device where the array resides (0) is different from the current device (2). Peer access has been activated automatically.
  yEta = eta - y
/capstor/scratch/cscs/aboudaou/workspace/dalia/DALIA/src/dalia/likelihoods/gaussian.py:59: PerformanceWarning: The device where the array resides (0) is different from the current device (2). Peer access has been activated automatically.
  0.5 * theta * self.n_observations - 0.5 * xp.exp(theta) * yEta.T @ yEta
