Parsed parameters:
  max_iter: 250
  solver_min_p: 1
  profile: False
  precision: float64
  benchmark_mode: True
  n_benchmark_runs: 10
  benchmark_method: finite_diff
  output_csv: /capstor/scratch/cscs/aboudaou/workspace/dalia/artifact/plotting/data/fig6_raw_results.csv
--- gst_small: Gaussian Spatio-Temporal Model ---

___________________________________ 
___  __ \__    |__  /____  _/__    |
__  / / /_  /| |_  /  __  / __  /| |
_  /_/ /_  ___ |  /____/ /  _  ___ |
/_____/ /_/  |_/_____/___/  /_/  |_|

╔═══════════════════════════════════════════════════════╗
║               Parallelization strategies              ║
║ ╒═══════════════════════════════════════════╤═══════╕ ║
║ │ Participating Processes / Total Processes │ 1 / 1 │ ║
║ ├───────────────────────────────────────────┼───────┤ ║
║ │ Parallelization through F()               │   1   │ ║
║ ├───────────────────────────────────────────┼───────┤ ║
║ │ Parallelization through Q()               │   1   │ ║
║ ├───────────────────────────────────────────┼───────┤ ║
║ │ Parallelization through S()               │   1   │ ║
║ ╘═══════════════════════════════════════════╧═══════╛ ║
╚═══════════════════════════════════════════════════════╝
╔═══════════════════════════════╗
║  Enabled Performance modules  ║
║ ╒═══════════════════╤═══════╕ ║
║ │ Array module      │ cupy  │ ║
║ ├───────────────────┼───────┤ ║
║ │ MPI available     │ True  │ ║
║ ├───────────────────┼───────┤ ║
║ │ Is MPI CUDA aware │ False │ ║
║ ├───────────────────┼───────┤ ║
║ │ Is NCCL available │ False │ ║
║ ╘═══════════════════╧═══════╛ ║
╚═══════════════════════════════╝
╔════════════════════════════════════════╗
║             Memory Report              ║
║ ╒════════════════════════╤═══════════╕ ║
║ │ Solver memory          │ 616.97 KB │ ║
║ ├────────────────────────┼───────────┤ ║
║ │ Total memory used      │  3.81 MB  │ ║
║ ├────────────────────────┼───────────┤ ║
║ │ Total memory available │  3.83 MB  │ ║
║ ╘════════════════════════╧═══════════╛ ║
╚════════════════════════════════════════╝
DALIA initialized.

======================================================================
GRADIENT BENCHMARK: gst_small
======================================================================
Nodes: 1, Tasks: 1
Hyperparameters: 4
Benchmark runs: 10
Energy monitor: enabled (Cray PM counters)

Timing finite difference gradient...
Allocated an extra 0.00 GB for BTA_mapping caching (total: 0.00)
Allocated an extra 0.00 GB for BT_mapping caching (total: 0.00)
rank 0 | iter 1 | objfunc_time: 0.304099 | solver_time: 0.049449 | construction_time: 0.196599
rank 0 | iter 2 | objfunc_time: 0.303097 | solver_time: 0.049235 | construction_time: 0.195630
rank 0 | iter 3 | objfunc_time: 0.302770 | solver_time: 0.048961 | construction_time: 0.196018
rank 0 | iter 4 | objfunc_time: 0.302265 | solver_time: 0.049196 | construction_time: 0.195359
rank 0 | iter 5 | objfunc_time: 0.303875 | solver_time: 0.049003 | construction_time: 0.196509
rank 0 | iter 6 | objfunc_time: 0.302839 | solver_time: 0.048869 | construction_time: 0.195881
rank 0 | iter 7 | objfunc_time: 0.303340 | solver_time: 0.049325 | construction_time: 0.195748
rank 0 | iter 8 | objfunc_time: 0.302295 | solver_time: 0.048798 | construction_time: 0.195702
rank 0 | iter 9 | objfunc_time: 0.303573 | solver_time: 0.049242 | construction_time: 0.196405
rank 0 | iter 10 | objfunc_time: 0.303464 | solver_time: 0.049034 | construction_time: 0.196146
rank 0 | iter 11 | objfunc_time: 0.302884 | solver_time: 0.048767 | construction_time: 0.196240
  Mean: 0.3031s
  Std:  0.0005s
  Node energy/grad: 231.7 J
  GPU energy/grad:  155.4 J
  Other energy/grad: 21.3 J

======================================================================
Benchmark completed
Results written to: /capstor/scratch/cscs/aboudaou/workspace/dalia/artifact/plotting/data/fig6_raw_results.csv
======================================================================
Job finished at Sat 14 Mar 2026 10:23:22 PM CET
