Parsed parameters:
  max_iter: 250
  solver_min_p: 1
  profile: False
  precision: float64
  benchmark_mode: True
  n_benchmark_runs: 10
  benchmark_method: finite_diff
  output_csv: /capstor/scratch/cscs/aboudaou/workspace/dalia/artifact/plotting/data/fig6_raw_results.csv
--- gst_small: Gaussian Spatio-Temporal Model ---

___________________________________ 
___  __ \__    |__  /____  _/__    |
__  / / /_  /| |_  /  __  / __  /| |
_  /_/ /_  ___ |  /____/ /  _  ___ |
/_____/ /_/  |_/_____/___/  /_/  |_|

╔═══════════════════════════════════════════════════════╗
║               Parallelization strategies              ║
║ ╒═══════════════════════════════════════════╤═══════╕ ║
║ │ Participating Processes / Total Processes │ 4 / 4 │ ║
║ ├───────────────────────────────────────────┼───────┤ ║
║ │ Parallelization through F()               │   4   │ ║
║ ├───────────────────────────────────────────┼───────┤ ║
║ │ Parallelization through Q()               │   1   │ ║
║ ├───────────────────────────────────────────┼───────┤ ║
║ │ Parallelization through S()               │   1   │ ║
║ ╘═══════════════════════════════════════════╧═══════╛ ║
╚═══════════════════════════════════════════════════════╝
╔═══════════════════════════════╗
║  Enabled Performance modules  ║
║ ╒═══════════════════╤═══════╕ ║
║ │ Array module      │ cupy  │ ║
║ ├───────────────────┼───────┤ ║
║ │ MPI available     │ True  │ ║
║ ├───────────────────┼───────┤ ║
║ │ Is MPI CUDA aware │ False │ ║
║ ├───────────────────┼───────┤ ║
║ │ Is NCCL available │ False │ ║
║ ╘═══════════════════╧═══════╛ ║
╚═══════════════════════════════╝
╔════════════════════════════════════════╗
║             Memory Report              ║
║ ╒════════════════════════╤═══════════╕ ║
║ │ Solver memory          │ 616.97 KB │ ║
║ ├────────────────────────┼───────────┤ ║
║ │ Total memory used      │  3.81 MB  │ ║
║ ├────────────────────────┼───────────┤ ║
║ │ Total memory available │  3.83 MB  │ ║
║ ╘════════════════════════╧═══════════╛ ║
╚════════════════════════════════════════╝
DALIA initialized.

======================================================================
GRADIENT BENCHMARK: gst_small
======================================================================
Nodes: 4, Tasks: 4
Hyperparameters: 4
Benchmark runs: 10
Energy monitor: enabled (Cray PM counters)

Timing finite difference gradient...
Allocated an extra 0.00 GB for BTA_mapping caching (total: 0.00)
Allocated an extra 0.00 GB for BT_mapping caching (total: 0.00)
rank 0 | iter 1 | objfunc_time: 0.100754 | solver_time: 0.016309 | construction_time: 0.064417
Parsed parameters:
  max_iter: 250
  solver_min_p: 1
  profile: False
  precision: float64
  benchmark_mode: True
  n_benchmark_runs: 10
  benchmark_method: finite_diff
  output_csv: /capstor/scratch/cscs/aboudaou/workspace/dalia/artifact/plotting/data/fig6_raw_results.csv
rank 1 | iter 1 | objfunc_time: 0.100755 | solver_time: 0.010283 | construction_time: 0.042197
Parsed parameters:
  max_iter: 250
  solver_min_p: 1
  profile: False
  precision: float64
  benchmark_mode: True
  n_benchmark_runs: 10
  benchmark_method: finite_diff
  output_csv: /capstor/scratch/cscs/aboudaou/workspace/dalia/artifact/plotting/data/fig6_raw_results.csv
rank 3 | iter 1 | objfunc_time: 0.100754 | solver_time: 0.010645 | construction_time: 0.042275
Parsed parameters:
  max_iter: 250
  solver_min_p: 1
  profile: False
  precision: float64
  benchmark_mode: True
  n_benchmark_runs: 10
  benchmark_method: finite_diff
  output_csv: /capstor/scratch/cscs/aboudaou/workspace/dalia/artifact/plotting/data/fig6_raw_results.csv
rank 2 | iter 1 | objfunc_time: 0.100756 | solver_time: 0.014859 | construction_time: 0.056939
rank 0 | iter 2 | objfunc_time: 0.099366 | solver_time: 0.016202 | construction_time: 0.063449
rank 1 | iter 2 | objfunc_time: 0.099368 | solver_time: 0.010071 | construction_time: 0.041685
rank 3 | iter 2 | objfunc_time: 0.099362 | solver_time: 0.010318 | construction_time: 0.041603
rank 2 | iter 2 | objfunc_time: 0.099366 | solver_time: 0.015852 | construction_time: 0.061376
rank 0 | iter 3 | objfunc_time: 0.098884 | solver_time: 0.016122 | construction_time: 0.063155
rank 1 | iter 3 | objfunc_time: 0.098887 | solver_time: 0.009872 | construction_time: 0.040909
rank 3 | iter 3 | objfunc_time: 0.098886 | solver_time: 0.010270 | construction_time: 0.040756
rank 2 | iter 3 | objfunc_time: 0.098886 | solver_time: 0.014893 | construction_time: 0.056550
rank 0 | iter 4 | objfunc_time: 0.099386 | solver_time: 0.016280 | construction_time: 0.063226
rank 1 | iter 4 | objfunc_time: 0.099387 | solver_time: 0.009768 | construction_time: 0.040777
rank 2 | iter 4 | objfunc_time: 0.099387 | solver_time: 0.014274 | construction_time: 0.054528
rank 3 | iter 4 | objfunc_time: 0.099387 | solver_time: 0.010098 | construction_time: 0.040464
rank 0 | iter 5 | objfunc_time: 0.098759 | solver_time: 0.016213 | construction_time: 0.063033
rank 1 | iter 5 | objfunc_time: 0.098761 | solver_time: 0.009636 | construction_time: 0.040477
rank 2 | iter 5 | objfunc_time: 0.098761 | solver_time: 0.013825 | construction_time: 0.053979
rank 3 | iter 5 | objfunc_time: 0.098761 | solver_time: 0.010043 | construction_time: 0.040668
rank 0 | iter 6 | objfunc_time: 0.098929 | solver_time: 0.016308 | construction_time: 0.062935
rank 1 | iter 6 | objfunc_time: 0.098929 | solver_time: 0.009947 | construction_time: 0.040655
rank 3 | iter 6 | objfunc_time: 0.098928 | solver_time: 0.009948 | construction_time: 0.040187
rank 2 | iter 6 | objfunc_time: 0.098931 | solver_time: 0.013717 | construction_time: 0.052455
rank 0 | iter 7 | objfunc_time: 0.098665 | solver_time: 0.016216 | construction_time: 0.063039
rank 1 | iter 7 | objfunc_time: 0.098667 | solver_time: 0.009957 | construction_time: 0.040753
rank 3 | iter 7 | objfunc_time: 0.098667 | solver_time: 0.010007 | construction_time: 0.039972
rank 2 | iter 7 | objfunc_time: 0.098667 | solver_time: 0.013788 | construction_time: 0.053379
rank 0 | iter 8 | objfunc_time: 0.098628 | solver_time: 0.016206 | construction_time: 0.062822
rank 1 | iter 8 | objfunc_time: 0.098632 | solver_time: 0.009897 | construction_time: 0.040889
rank 3 | iter 8 | objfunc_time: 0.098630 | solver_time: 0.009936 | construction_time: 0.040028
rank 2 | iter 8 | objfunc_time: 0.098630 | solver_time: 0.013795 | construction_time: 0.053020
rank 0 | iter 9 | objfunc_time: 0.098845 | solver_time: 0.016168 | construction_time: 0.063241
rank 1 | iter 9 | objfunc_time: 0.098846 | solver_time: 0.009805 | construction_time: 0.040424
rank 3 | iter 9 | objfunc_time: 0.098845 | solver_time: 0.010072 | construction_time: 0.040143
rank 2 | iter 9 | objfunc_time: 0.098846 | solver_time: 0.013614 | construction_time: 0.053120
rank 0 | iter 10 | objfunc_time: 0.099518 | solver_time: 0.016238 | construction_time: 0.063661
rank 1 | iter 10 | objfunc_time: 0.099518 | solver_time: 0.009723 | construction_time: 0.040494
rank 3 | iter 10 | objfunc_time: 0.099519 | solver_time: 0.010194 | construction_time: 0.040419
rank 2 | iter 10 | objfunc_time: 0.099520 | solver_time: 0.013647 | construction_time: 0.053001
rank 0 | iter 11 | objfunc_time: 0.099588 | solver_time: 0.016344 | construction_time: 0.063461
rank 3 | iter 11 | objfunc_time: 0.099587 | solver_time: 0.010067 | construction_time: 0.040438
rank 1 | iter 11 | objfunc_time: 0.099587 | solver_time: 0.009810 | construction_time: 0.040537
rank 2 | iter 11 | objfunc_time: 0.099589 | solver_time: 0.013655 | construction_time: 0.052755
  Mean: 0.0991s
  Std:  0.0003s
  Node energy/grad: 81.3 J
  GPU energy/grad:  52.1 J
  Other energy/grad: 12.1 J

======================================================================
Benchmark completed
Results written to: /capstor/scratch/cscs/aboudaou/workspace/dalia/artifact/plotting/data/fig6_raw_results.csv
======================================================================
Job finished at Sat 14 Mar 2026 10:23:20 PM CET
