W0314 18:51:49.927960  102873 cuda_executor.cc:1802] GPU interconnect information not available: INTERNAL: NVML doesn't support extracting fabric info or NVLink is not used by the device.
W0314 18:51:49.927963  102876 cuda_executor.cc:1802] GPU interconnect information not available: INTERNAL: NVML doesn't support extracting fabric info or NVLink is not used by the device.
W0314 18:51:49.945866  102874 cuda_executor.cc:1802] GPU interconnect information not available: INTERNAL: NVML doesn't support extracting fabric info or NVLink is not used by the device.
W0314 18:51:49.946775  102875 cuda_executor.cc:1802] GPU interconnect information not available: INTERNAL: NVML doesn't support extracting fabric info or NVLink is not used by the device.
W0314 18:51:50.306286  102116 cuda_executor.cc:1802] GPU interconnect information not available: INTERNAL: NVML doesn't support extracting fabric info or NVLink is not used by the device.
W0314 18:51:50.337650  102116 cuda_executor.cc:1802] GPU interconnect information not available: INTERNAL: NVML doesn't support extracting fabric info or NVLink is not used by the device.
W0314 18:51:50.369678  102116 cuda_executor.cc:1802] GPU interconnect information not available: INTERNAL: NVML doesn't support extracting fabric info or NVLink is not used by the device.
W0314 18:51:50.400871  102116 cuda_executor.cc:1802] GPU interconnect information not available: INTERNAL: NVML doesn't support extracting fabric info or NVLink is not used by the device.
E0314 18:53:05.224735  103189 slow_operation_alarm.cc:73] Constant folding an instruction is taking > 1s:

  %gather.166 = s32[2,13487944,1]{2,1,0} gather(%constant.10041, %constant.9974), offset_dims={1,2}, collapsed_slice_dims={}, start_index_map={1}, index_vector_dim=1, slice_sizes={13487944,1}, metadata={op_name="jit(objective_pure_jax)/jvp()/gather" source_file="/capstor/scratch/cscs/aboudaou/workspace/dalia/DALIA/src/dalia/core/autodiff/objectives_coregional.py" source_line=769 source_end_line=769 source_column=14 source_end_column=24}

This isn't necessarily a bug; constant-folding is inherently a trade-off between compilation time and speed at runtime. XLA has some guards that attempt to keep constant folding from taking too long, but fundamentally you'll always be able to come up with an input program that takes a long time.

If you'd like to file a bug, run with envvar XLA_FLAGS=--xla_dump_to=/tmp/foo and attach the results.
E0314 18:53:05.354963  102116 slow_operation_alarm.cc:140] The operation took 1.16291771s
Constant folding an instruction is taking > 1s:

  %gather.166 = s32[2,13487944,1]{2,1,0} gather(%constant.10041, %constant.9974), offset_dims={1,2}, collapsed_slice_dims={}, start_index_map={1}, index_vector_dim=1, slice_sizes={13487944,1}, metadata={op_name="jit(objective_pure_jax)/jvp()/gather" source_file="/capstor/scratch/cscs/aboudaou/workspace/dalia/DALIA/src/dalia/core/autodiff/objectives_coregional.py" source_line=769 source_end_line=769 source_column=14 source_end_column=24}

This isn't necessarily a bug; constant-folding is inherently a trade-off between compilation time and speed at runtime. XLA has some guards that attempt to keep constant folding from taking too long, but fundamentally you'll always be able to come up with an input program that takes a long time.

If you'd like to file a bug, run with envvar XLA_FLAGS=--xla_dump_to=/tmp/foo and attach the results.
E0314 18:53:21.147263  103189 slow_operation_alarm.cc:73] Constant folding an instruction is taking > 2s:

  %scatter-add.4200 = f64[963651]{0} scatter(%broadcast.249, %constant.30845, %constant.37210), update_window_dims={1}, inserted_window_dims={}, scatter_dims_to_operand_dims={0}, index_vector_dim=1, to_apply=%region_1457.1492, metadata={op_name="jit(objective_pure_jax)/transpose(jvp())/scatter-add" source_file="/capstor/scratch/cscs/aboudaou/workspace/dalia/DALIA/src/dalia/core/autodiff/objectives_coregional.py" source_line=1046 source_end_line=1046 source_column=46 source_end_column=74}

This isn't necessarily a bug; constant-folding is inherently a trade-off between compilation time and speed at runtime. XLA has some guards that attempt to keep constant folding from taking too long, but fundamentally you'll always be able to come up with an input program that takes a long time.

If you'd like to file a bug, run with envvar XLA_FLAGS=--xla_dump_to=/tmp/foo and attach the results.
E0314 18:53:45.569505  102116 slow_operation_alarm.cc:140] The operation took 26.422298192s
Constant folding an instruction is taking > 2s:

  %scatter-add.4200 = f64[963651]{0} scatter(%broadcast.249, %constant.30845, %constant.37210), update_window_dims={1}, inserted_window_dims={}, scatter_dims_to_operand_dims={0}, index_vector_dim=1, to_apply=%region_1457.1492, metadata={op_name="jit(objective_pure_jax)/transpose(jvp())/scatter-add" source_file="/capstor/scratch/cscs/aboudaou/workspace/dalia/DALIA/src/dalia/core/autodiff/objectives_coregional.py" source_line=1046 source_end_line=1046 source_column=46 source_end_column=74}

This isn't necessarily a bug; constant-folding is inherently a trade-off between compilation time and speed at runtime. XLA has some guards that attempt to keep constant folding from taking too long, but fundamentally you'll always be able to come up with an input program that takes a long time.

If you'd like to file a bug, run with envvar XLA_FLAGS=--xla_dump_to=/tmp/foo and attach the results.
E0314 18:53:49.586880  103189 slow_operation_alarm.cc:73] Constant folding an instruction is taking > 4s:

  %scatter-add.4201 = f64[963651]{0} scatter(%broadcast.249, %constant.30845, %constant.37217), update_window_dims={1}, inserted_window_dims={}, scatter_dims_to_operand_dims={0}, index_vector_dim=1, to_apply=%region_2036.2071, metadata={op_name="jit(objective_pure_jax)/transpose(jvp())/scatter-add" source_file="/capstor/scratch/cscs/aboudaou/workspace/dalia/DALIA/src/dalia/core/autodiff/objectives_coregional.py" source_line=1046 source_end_line=1046 source_column=46 source_end_column=74}

This isn't necessarily a bug; constant-folding is inherently a trade-off between compilation time and speed at runtime. XLA has some guards that attempt to keep constant folding from taking too long, but fundamentally you'll always be able to come up with an input program that takes a long time.

If you'd like to file a bug, run with envvar XLA_FLAGS=--xla_dump_to=/tmp/foo and attach the results.
E0314 18:54:11.800222  102116 slow_operation_alarm.cc:140] The operation took 26.21343312s
Constant folding an instruction is taking > 4s:

  %scatter-add.4201 = f64[963651]{0} scatter(%broadcast.249, %constant.30845, %constant.37217), update_window_dims={1}, inserted_window_dims={}, scatter_dims_to_operand_dims={0}, index_vector_dim=1, to_apply=%region_2036.2071, metadata={op_name="jit(objective_pure_jax)/transpose(jvp())/scatter-add" source_file="/capstor/scratch/cscs/aboudaou/workspace/dalia/DALIA/src/dalia/core/autodiff/objectives_coregional.py" source_line=1046 source_end_line=1046 source_column=46 source_end_column=74}

This isn't necessarily a bug; constant-folding is inherently a trade-off between compilation time and speed at runtime. XLA has some guards that attempt to keep constant folding from taking too long, but fundamentally you'll always be able to come up with an input program that takes a long time.

If you'd like to file a bug, run with envvar XLA_FLAGS=--xla_dump_to=/tmp/foo and attach the results.
E0314 18:54:19.819996  103189 slow_operation_alarm.cc:73] Constant folding an instruction is taking > 8s:

  %scatter-add.4202 = f64[963651]{0} scatter(%broadcast.249, %constant.30845, %constant.37222), update_window_dims={1}, inserted_window_dims={}, scatter_dims_to_operand_dims={0}, index_vector_dim=1, to_apply=%region_2615.2650, metadata={op_name="jit(objective_pure_jax)/transpose(jvp())/scatter-add" source_file="/capstor/scratch/cscs/aboudaou/workspace/dalia/DALIA/src/dalia/core/autodiff/objectives_coregional.py" source_line=1046 source_end_line=1046 source_column=46 source_end_column=74}

This isn't necessarily a bug; constant-folding is inherently a trade-off between compilation time and speed at runtime. XLA has some guards that attempt to keep constant folding from taking too long, but fundamentally you'll always be able to come up with an input program that takes a long time.

If you'd like to file a bug, run with envvar XLA_FLAGS=--xla_dump_to=/tmp/foo and attach the results.
E0314 18:54:38.451084  102116 slow_operation_alarm.cc:140] The operation took 26.631184262s
Constant folding an instruction is taking > 8s:

  %scatter-add.4202 = f64[963651]{0} scatter(%broadcast.249, %constant.30845, %constant.37222), update_window_dims={1}, inserted_window_dims={}, scatter_dims_to_operand_dims={0}, index_vector_dim=1, to_apply=%region_2615.2650, metadata={op_name="jit(objective_pure_jax)/transpose(jvp())/scatter-add" source_file="/capstor/scratch/cscs/aboudaou/workspace/dalia/DALIA/src/dalia/core/autodiff/objectives_coregional.py" source_line=1046 source_end_line=1046 source_column=46 source_end_column=74}

This isn't necessarily a bug; constant-folding is inherently a trade-off between compilation time and speed at runtime. XLA has some guards that attempt to keep constant folding from taking too long, but fundamentally you'll always be able to come up with an input program that takes a long time.

If you'd like to file a bug, run with envvar XLA_FLAGS=--xla_dump_to=/tmp/foo and attach the results.
W0314 18:54:49.896096  102116 hlo_rematerialization.cc:3204] Can't reduce memory use below 71.82GiB (77116523153 bytes) by rematerialization; only reduced to 75.24GiB (80788596656 bytes), down from 75.51GiB (81080437322 bytes) originally
E0314 18:57:15.141751  103189 slow_operation_alarm.cc:73] Constant folding an instruction is taking > 16s:

  %scatter-add.4200 = f64[963651]{0} scatter(%broadcast.249, %constant.30845, %constant.37210), update_window_dims={1}, inserted_window_dims={}, scatter_dims_to_operand_dims={0}, index_vector_dim=1, to_apply=%region_1457.1492, metadata={op_name="jit(objective_pure_jax)/transpose(jvp())/scatter-add" source_file="/capstor/scratch/cscs/aboudaou/workspace/dalia/DALIA/src/dalia/core/autodiff/objectives_coregional.py" source_line=1046 source_end_line=1046 source_column=46 source_end_column=74}

This isn't necessarily a bug; constant-folding is inherently a trade-off between compilation time and speed at runtime. XLA has some guards that attempt to keep constant folding from taking too long, but fundamentally you'll always be able to come up with an input program that takes a long time.

If you'd like to file a bug, run with envvar XLA_FLAGS=--xla_dump_to=/tmp/foo and attach the results.
E0314 18:57:26.588768  102116 slow_operation_alarm.cc:140] The operation took 27.447131047s
Constant folding an instruction is taking > 16s:

  %scatter-add.4200 = f64[963651]{0} scatter(%broadcast.249, %constant.30845, %constant.37210), update_window_dims={1}, inserted_window_dims={}, scatter_dims_to_operand_dims={0}, index_vector_dim=1, to_apply=%region_1457.1492, metadata={op_name="jit(objective_pure_jax)/transpose(jvp())/scatter-add" source_file="/capstor/scratch/cscs/aboudaou/workspace/dalia/DALIA/src/dalia/core/autodiff/objectives_coregional.py" source_line=1046 source_end_line=1046 source_column=46 source_end_column=74}

This isn't necessarily a bug; constant-folding is inherently a trade-off between compilation time and speed at runtime. XLA has some guards that attempt to keep constant folding from taking too long, but fundamentally you'll always be able to come up with an input program that takes a long time.

If you'd like to file a bug, run with envvar XLA_FLAGS=--xla_dump_to=/tmp/foo and attach the results.
W0314 18:58:32.957001  102116 hlo_rematerialization.cc:3204] Can't reduce memory use below 71.82GiB (77116523153 bytes) by rematerialization; only reduced to 75.24GiB (80788596656 bytes), down from 75.51GiB (81080437322 bytes) originally
