Parsed parameters:
  max_iter: 250
  solver_min_p: 1
  profile: False
  precision: float64
--- wa1: Coregional (3-variate) Spatio-Temporal Model (distributed, 4 nodes) ---
Using distributed JAX autodiff (two-phase) with 4 ranks (CoregionalModel, 3 variates)
Two-phase (fori, chunk=59, RS=scan, grad_prior=two-phase): JIT compiling all stages...
  compiling Cholesky + forward sub...
  compiling merged bwd+SI...
  compiling prior logdet + gradient...
  compiling quad gradient...
  compiling scalar gradient...
  all stages compiled in 176.0s.

___________________________________ 
___  __ \__    |__  /____  _/__    |
__  / / /_  /| |_  /  __  / __  /| |
_  /_/ /_  ___ |  /____/ /  _  ___ |
/_____/ /_/  |_/_____/___/  /_/  |_|

╔═══════════════════════════════════════════════════════╗
║               Parallelization strategies              ║
║ ╒═══════════════════════════════════════════╤═══════╕ ║
║ │ Participating Processes / Total Processes │ 4 / 4 │ ║
║ ├───────────────────────────────────────────┼───────┤ ║
║ │ Parallelization through F()               │   1   │ ║
║ ├───────────────────────────────────────────┼───────┤ ║
║ │ Parallelization through Q()               │   1   │ ║
║ ├───────────────────────────────────────────┼───────┤ ║
║ │ Parallelization through S()               │   4   │ ║
║ ╘═══════════════════════════════════════════╧═══════╛ ║
╚═══════════════════════════════════════════════════════╝
╔═══════════════════════════════╗
║  Enabled Performance modules  ║
║ ╒═══════════════════╤═══════╕ ║
║ │ Array module      │ cupy  │ ║
║ ├───────────────────┼───────┤ ║
║ │ MPI available     │ True  │ ║
║ ├───────────────────┼───────┤ ║
║ │ Is MPI CUDA aware │ False │ ║
║ ├───────────────────┼───────┤ ║
║ │ Is NCCL available │ False │ ║
║ ╘═══════════════════╧═══════╛ ║
╚═══════════════════════════════╝
╔═══════════════════════════════════════╗
║             Memory Report             ║
║ ╒════════════════════════╤══════════╕ ║
║ │ Solver memory          │  0.00 B  │ ║
║ ├────────────────────────┼──────────┤ ║
║ │ Total memory used      │ 14.60 GB │ ║
║ ├────────────────────────┼──────────┤ ║
║ │ Total memory available │ 14.86 GB │ ║
║ ╘════════════════════════╧══════════╛ ║
╚═══════════════════════════════════════╝
DALIA initialized.
  dry run 1: chol_fwd_sub=60.11s  chol_detail.precompute=4.05s  chol_detail.local_blocks=30.19s  chol_detail._rs_t0=368830.97s  chol_detail.rs_allgather=25.34s  chol_detail.rs_factorize=0.36s  chol_detail.rs_aggregate=25.70s  chol_detail.boundary_update=0.17s  bwd_si=15.88s  grad_prior=14.57s  compute_f=0.82s  grad_quad=1.33s  grad_scalar=0.00s  (total=92.71s)
  dry run 2: chol_fwd_sub=60.18s  chol_detail.precompute=4.05s  chol_detail.local_blocks=30.20s  chol_detail._rs_t0=368924.05s  chol_detail.rs_allgather=25.39s  chol_detail.rs_factorize=0.35s  chol_detail.rs_aggregate=25.75s  chol_detail.boundary_update=0.18s  bwd_si=15.86s  grad_prior=14.52s  compute_f=0.58s  grad_quad=1.29s  grad_scalar=0.00s  (total=92.42s)
  run 1/3: chol_fwd_sub=60.11s  chol_detail.precompute=4.07s  chol_detail.local_blocks=30.20s  chol_detail._rs_t0=369016.45s  chol_detail.rs_allgather=25.32s  chol_detail.rs_factorize=0.35s  chol_detail.rs_aggregate=25.67s  chol_detail.boundary_update=0.17s  bwd_si=15.90s  grad_prior=14.52s  compute_f=0.58s  grad_quad=1.29s  grad_scalar=0.00s  (total=92.40s)
  run 2/3: chol_fwd_sub=60.06s  chol_detail.precompute=4.06s  chol_detail.local_blocks=30.20s  chol_detail._rs_t0=369108.84s  chol_detail.rs_allgather=25.27s  chol_detail.rs_factorize=0.36s  chol_detail.rs_aggregate=25.63s  chol_detail.boundary_update=0.17s  bwd_si=15.88s  grad_prior=14.48s  compute_f=0.58s  grad_quad=1.29s  grad_scalar=0.00s  (total=92.29s)
  run 3/3: chol_fwd_sub=60.04s  chol_detail.precompute=4.07s  chol_detail.local_blocks=30.25s  chol_detail._rs_t0=369201.15s  chol_detail.rs_allgather=25.19s  chol_detail.rs_factorize=0.35s  chol_detail.rs_aggregate=25.54s  chol_detail.boundary_update=0.18s  bwd_si=15.88s  grad_prior=14.52s  compute_f=0.58s  grad_quad=1.29s  grad_scalar=0.00s  (total=92.30s)

Per-stage breakdown: WA1 (3 runs)
  chol_fwd_sub        : 60.0717s +/- 0.0286s (65.1%)
  chol_detail.precompute: 4.0648s +/- 0.0026s (0.0%)
  chol_detail.local_blocks: 30.2138s +/- 0.0230s (0.0%)
  chol_detail._rs_t0  : 369108.8157s +/- 75.4045s (0.0%)
  chol_detail.rs_allgather: 25.2588s +/- 0.0507s (0.0%)
  chol_detail.rs_factorize: 0.3560s +/- 0.0044s (0.0%)
  chol_detail.rs_aggregate: 25.6148s +/- 0.0529s (0.0%)
  chol_detail.boundary_update: 0.1711s +/- 0.0044s (0.0%)
  bwd_si              : 15.8855s +/- 0.0074s (17.2%)
  grad_prior          : 14.5072s +/- 0.0172s (15.7%)
  compute_f           : 0.5774s +/- 0.0017s (0.6%)
  grad_quad           : 1.2872s +/- 0.0020s (1.4%)
  grad_scalar         : 0.0002s +/- 0.0000s (0.0%)
  total               : 92.3292s
Parsed parameters:
  max_iter: 250
  solver_min_p: 1
  profile: False
  precision: float64
Parsed parameters:
  max_iter: 250
  solver_min_p: 1
  profile: False
  precision: float64
Parsed parameters:
  max_iter: 250
  solver_min_p: 1
  profile: False
  precision: float64
Job finished at Sat 14 Mar 2026 04:57:58 PM CET
