Parsed parameters:
  max_iter: 250
  solver_min_p: 1
  profile: False
  precision: float64
  benchmark_mode: True
  n_benchmark_runs: 10
  benchmark_method: jax_autodiff
  output_csv: /capstor/scratch/cscs/aboudaou/workspace/dalia/artifact/plotting/data/fig6_raw_results.csv
--- ap1: Coregional (3-variate) Spatio-Temporal Model (distributed, 4 nodes) ---
Using distributed JAX autodiff (two-phase) with 4 ranks (CoregionalModel, 3 variates)
Two-phase (per-block, RS=per-block, grad_prior=pipeline): JIT compiling all stages...
  compiling Cholesky + forward sub...
  compiling merged bwd+SI...
  compiling prior logdet + gradient...
  compiling quad gradient...
  compiling scalar gradient...
  all stages compiled in 244.8s.

___________________________________ 
___  __ \__    |__  /____  _/__    |
__  / / /_  /| |_  /  __  / __  /| |
_  /_/ /_  ___ |  /____/ /  _  ___ |
/_____/ /_/  |_/_____/___/  /_/  |_|

╔═══════════════════════════════════════════════════════╗
║               Parallelization strategies              ║
║ ╒═══════════════════════════════════════════╤═══════╕ ║
║ │ Participating Processes / Total Processes │ 4 / 4 │ ║
║ ├───────────────────────────────────────────┼───────┤ ║
║ │ Parallelization through F()               │   1   │ ║
║ ├───────────────────────────────────────────┼───────┤ ║
║ │ Parallelization through Q()               │   1   │ ║
║ ├───────────────────────────────────────────┼───────┤ ║
║ │ Parallelization through S()               │   4   │ ║
║ ╘═══════════════════════════════════════════╧═══════╛ ║
╚═══════════════════════════════════════════════════════╝
╔═══════════════════════════════╗
║  Enabled Performance modules  ║
║ ╒═══════════════════╤═══════╕ ║
║ │ Array module      │ cupy  │ ║
║ ├───────────────────┼───────┤ ║
║ │ MPI available     │ True  │ ║
║ ├───────────────────┼───────┤ ║
║ │ Is MPI CUDA aware │ False │ ║
║ ├───────────────────┼───────┤ ║
║ │ Is NCCL available │ False │ ║
║ ╘═══════════════════╧═══════╛ ║
╚═══════════════════════════════╝
╔══════════════════════════════════════╗
║            Memory Report             ║
║ ╒════════════════════════╤═════════╕ ║
║ │ Solver memory          │ 0.00 B  │ ║
║ ├────────────────────────┼─────────┤ ║
║ │ Total memory used      │ 4.27 GB │ ║
║ ├────────────────────────┼─────────┤ ║
║ │ Total memory available │ 4.61 GB │ ║
║ ╘════════════════════════╧═════════╛ ║
╚══════════════════════════════════════╝
DALIA initialized.
Parsed parameters:
  max_iter: 250
  solver_min_p: 1
  profile: False
  precision: float64
  benchmark_mode: True
  n_benchmark_runs: 10
  benchmark_method: jax_autodiff
  output_csv: /capstor/scratch/cscs/aboudaou/workspace/dalia/artifact/plotting/data/fig6_raw_results.csv
Parsed parameters:
  max_iter: 250
  solver_min_p: 1
  profile: False
  precision: float64
  benchmark_mode: True
  n_benchmark_runs: 10
  benchmark_method: jax_autodiff
  output_csv: /capstor/scratch/cscs/aboudaou/workspace/dalia/artifact/plotting/data/fig6_raw_results.csv
Parsed parameters:
  max_iter: 250
  solver_min_p: 1
  profile: False
  precision: float64
  benchmark_mode: True
  n_benchmark_runs: 10
  benchmark_method: jax_autodiff
  output_csv: /capstor/scratch/cscs/aboudaou/workspace/dalia/artifact/plotting/data/fig6_raw_results.csv

======================================================================
GRADIENT BENCHMARK: ap1
======================================================================
Nodes: 4, Tasks: 4
Hyperparameters: 15
Benchmark runs: 10
Energy monitor: enabled (Cray PM counters)

Timing JAX autodiff gradient...
  Mean: 189.9977s
  Std:  0.9327s
  Node energy/grad: 166909.1 J
  GPU energy/grad:  113270.1 J
  Other energy/grad: 20558.1 J

======================================================================
Benchmark completed
Results written to: /capstor/scratch/cscs/aboudaou/workspace/dalia/artifact/plotting/data/fig6_raw_results.csv
======================================================================
Job finished at Sat 14 Mar 2026 11:19:06 PM CET
