Parsed parameters:
  max_iter: 250
  solver_min_p: 1
  profile: False
  precision: float64
  benchmark_mode: True
  n_benchmark_runs: 10
  benchmark_method: finite_diff
  output_csv: /capstor/scratch/cscs/aboudaou/workspace/dalia/artifact/plotting/data/fig6_raw_results.csv
Rank: 31 won't party tonight at 'feval' level because you need a multiple of 31 processes in the calling comm_group
Parsed parameters:
  max_iter: 250
  solver_min_p: 1
  profile: False
  precision: float64
  benchmark_mode: True
  n_benchmark_runs: 10
  benchmark_method: finite_diff
  output_csv: /capstor/scratch/cscs/aboudaou/workspace/dalia/artifact/plotting/data/fig6_raw_results.csv
--- sa1: Coregional (3-variate) Spatio-Temporal Model (distributed) ---

___________________________________ 
___  __ \__    |__  /____  _/__    |
__  / / /_  /| |_  /  __  / __  /| |
_  /_/ /_  ___ |  /____/ /  _  ___ |
/_____/ /_/  |_/_____/___/  /_/  |_|

╔═════════════════════════════════════════════════════════╗
║                Parallelization strategies               ║
║ ╒═══════════════════════════════════════════╤═════════╕ ║
║ │ Participating Processes / Total Processes │ 31 / 32 │ ║
║ ├───────────────────────────────────────────┼─────────┤ ║
║ │ Parallelization through F()               │   31    │ ║
║ ├───────────────────────────────────────────┼─────────┤ ║
║ │ Parallelization through Q()               │    1    │ ║
║ ├───────────────────────────────────────────┼─────────┤ ║
║ │ Parallelization through S()               │    1    │ ║
║ ╘═══════════════════════════════════════════╧═════════╛ ║
╚═════════════════════════════════════════════════════════╝
╔═══════════════════════════════╗
║  Enabled Performance modules  ║
║ ╒═══════════════════╤═══════╕ ║
║ │ Array module      │ cupy  │ ║
║ ├───────────────────┼───────┤ ║
║ │ MPI available     │ True  │ ║
║ ├───────────────────┼───────┤ ║
║ │ Is MPI CUDA aware │ False │ ║
║ ├───────────────────┼───────┤ ║
║ │ Is NCCL available │ False │ ║
║ ╘═══════════════════╧═══════╛ ║
╚═══════════════════════════════╝
╔═══════════════════════════════════════╗
║             Memory Report             ║
║ ╒════════════════════════╤══════════╕ ║
║ │ Solver memory          │ 71.90 GB │ ║
║ ├────────────────────────┼──────────┤ ║
║ │ Total memory used      │ 79.26 GB │ ║
║ ├────────────────────────┼──────────┤ ║
║ │ Total memory available │ 79.51 GB │ ║
║ ╘════════════════════════╧══════════╛ ║
╚═══════════════════════════════════════╝
DALIA initialized.
Parsed parameters:
  max_iter: 250
  solver_min_p: 1
  profile: False
  precision: float64
  benchmark_mode: True
  n_benchmark_runs: 10
  benchmark_method: finite_diff
  output_csv: /capstor/scratch/cscs/aboudaou/workspace/dalia/artifact/plotting/data/fig6_raw_results.csv
rank 12 | iter 1 | objfunc_time: 9.063562 | solver_time: 7.732946 | construction_time: 0.613807 | energy: node=11177J gpu=7730J cpu=1283J (1231W)
Parsed parameters:
  max_iter: 250
  solver_min_p: 1
  profile: False
  precision: float64
  benchmark_mode: True
  n_benchmark_runs: 10
  benchmark_method: finite_diff
  output_csv: /capstor/scratch/cscs/aboudaou/workspace/dalia/artifact/plotting/data/fig6_raw_results.csv
rank 15 | iter 1 | objfunc_time: 8.776696 | solver_time: 7.661669 | construction_time: 0.644842 | energy: node=10688J gpu=7639J cpu=1522J (1177W)
Parsed parameters:
  max_iter: 250
  solver_min_p: 1
  profile: False
  precision: float64
  benchmark_mode: True
  n_benchmark_runs: 10
  benchmark_method: finite_diff
  output_csv: /capstor/scratch/cscs/aboudaou/workspace/dalia/artifact/plotting/data/fig6_raw_results.csv
rank 16 | iter 1 | objfunc_time: 9.053000 | solver_time: 7.762806 | construction_time: 0.598187 | energy: node=11185J gpu=7686J cpu=1694J (1232W)

======================================================================
GRADIENT BENCHMARK: sa1
======================================================================
Nodes: 32, Tasks: 32
Hyperparameters: 15
Benchmark runs: 10
Energy monitor: enabled (Cray PM counters)

Timing finite difference gradient...
Allocated an extra 0.97 GB for BTA_mapping caching (total: 72.87)
Allocated an extra 0.96 GB for BT_mapping caching (total: 73.83)
rank 0 | iter 1 | objfunc_time: 9.052584 | solver_time: 7.701612 | construction_time: 0.601581 | energy: node=11007J gpu=7730J cpu=1113J (1212W)
Parsed parameters:
  max_iter: 250
  solver_min_p: 1
  profile: False
  precision: float64
  benchmark_mode: True
  n_benchmark_runs: 10
  benchmark_method: finite_diff
  output_csv: /capstor/scratch/cscs/aboudaou/workspace/dalia/artifact/plotting/data/fig6_raw_results.csv
rank 24 | iter 1 | objfunc_time: 9.064331 | solver_time: 7.695750 | construction_time: 0.608624 | energy: node=11389J gpu=7975J cpu=1779J (1254W)
Parsed parameters:
  max_iter: 250
  solver_min_p: 1
  profile: False
  precision: float64
  benchmark_mode: True
  n_benchmark_runs: 10
  benchmark_method: finite_diff
  output_csv: /capstor/scratch/cscs/aboudaou/workspace/dalia/artifact/plotting/data/fig6_raw_results.csv
rank 9 | iter 1 | objfunc_time: 9.052405 | solver_time: 7.707996 | construction_time: 0.636895 | energy: node=0J gpu=7784J cpu=1775J (0W)
Parsed parameters:
  max_iter: 250
  solver_min_p: 1
  profile: False
  precision: float64
  benchmark_mode: True
  n_benchmark_runs: 10
  benchmark_method: finite_diff
  output_csv: /capstor/scratch/cscs/aboudaou/workspace/dalia/artifact/plotting/data/fig6_raw_results.csv
rank 18 | iter 1 | objfunc_time: 9.052782 | solver_time: 7.729295 | construction_time: 0.642383 | energy: node=10692J gpu=7861J cpu=1505J (1178W)
Parsed parameters:
  max_iter: 250
  solver_min_p: 1
  profile: False
  precision: float64
  benchmark_mode: True
  n_benchmark_runs: 10
  benchmark_method: finite_diff
  output_csv: /capstor/scratch/cscs/aboudaou/workspace/dalia/artifact/plotting/data/fig6_raw_results.csv
rank 26 | iter 1 | objfunc_time: 8.774555 | solver_time: 7.664132 | construction_time: 0.640899 | energy: node=10933J gpu=7360J cpu=1807J (1204W)
Parsed parameters:
  max_iter: 250
  solver_min_p: 1
  profile: False
  precision: float64
  benchmark_mode: True
  n_benchmark_runs: 10
  benchmark_method: finite_diff
  output_csv: /capstor/scratch/cscs/aboudaou/workspace/dalia/artifact/plotting/data/fig6_raw_results.csv
rank 20 | iter 1 | objfunc_time: 9.052562 | solver_time: 7.661645 | construction_time: 0.605523 | energy: node=10544J gpu=7820J cpu=1442J (1161W)
Parsed parameters:
  max_iter: 250
  solver_min_p: 1
  profile: False
  precision: float64
  benchmark_mode: True
  n_benchmark_runs: 10
  benchmark_method: finite_diff
  output_csv: /capstor/scratch/cscs/aboudaou/workspace/dalia/artifact/plotting/data/fig6_raw_results.csv
rank 23 | iter 1 | objfunc_time: 8.772617 | solver_time: 7.733880 | construction_time: 0.643396 | energy: node=10779J gpu=7783J cpu=1607J (1187W)
Parsed parameters:
  max_iter: 250
  solver_min_p: 1
  profile: False
  precision: float64
  benchmark_mode: True
  n_benchmark_runs: 10
  benchmark_method: finite_diff
  output_csv: /capstor/scratch/cscs/aboudaou/workspace/dalia/artifact/plotting/data/fig6_raw_results.csv
rank 22 | iter 1 | objfunc_time: 9.050928 | solver_time: 7.778460 | construction_time: 0.637408 | energy: node=10960J gpu=7742J cpu=1613J (1207W)
Parsed parameters:
  max_iter: 250
  solver_min_p: 1
  profile: False
  precision: float64
  benchmark_mode: True
  n_benchmark_runs: 10
  benchmark_method: finite_diff
  output_csv: /capstor/scratch/cscs/aboudaou/workspace/dalia/artifact/plotting/data/fig6_raw_results.csv
rank 8 | iter 1 | objfunc_time: 8.913586 | solver_time: 7.693659 | construction_time: 0.596221 | energy: node=10649J gpu=7622J cpu=1545J (1173W)
Parsed parameters:
  max_iter: 250
  solver_min_p: 1
  profile: False
  precision: float64
  benchmark_mode: True
  n_benchmark_runs: 10
  benchmark_method: finite_diff
  output_csv: /capstor/scratch/cscs/aboudaou/workspace/dalia/artifact/plotting/data/fig6_raw_results.csv
rank 27 | iter 1 | objfunc_time: 9.051796 | solver_time: 7.734827 | construction_time: 0.661435 | energy: node=10674J gpu=7732J cpu=1748J (1176W)
Parsed parameters:
  max_iter: 250
  solver_min_p: 1
  profile: False
  precision: float64
  benchmark_mode: True
  n_benchmark_runs: 10
  benchmark_method: finite_diff
  output_csv: /capstor/scratch/cscs/aboudaou/workspace/dalia/artifact/plotting/data/fig6_raw_results.csv
rank 1 | iter 1 | objfunc_time: 9.051202 | solver_time: 7.741378 | construction_time: 0.634750 | energy: node=10800J gpu=7922J cpu=1398J (1189W)
Parsed parameters:
  max_iter: 250
  solver_min_p: 1
  profile: False
  precision: float64
  benchmark_mode: True
  n_benchmark_runs: 10
  benchmark_method: finite_diff
  output_csv: /capstor/scratch/cscs/aboudaou/workspace/dalia/artifact/plotting/data/fig6_raw_results.csv
rank 2 | iter 1 | objfunc_time: 9.050176 | solver_time: 7.767272 | construction_time: 0.672641 | energy: node=10679J gpu=7946J cpu=1707J (1176W)
Parsed parameters:
  max_iter: 250
  solver_min_p: 1
  profile: False
  precision: float64
  benchmark_mode: True
  n_benchmark_runs: 10
  benchmark_method: finite_diff
  output_csv: /capstor/scratch/cscs/aboudaou/workspace/dalia/artifact/plotting/data/fig6_raw_results.csv
rank 7 | iter 1 | objfunc_time: 9.050647 | solver_time: 7.707244 | construction_time: 0.636644 | energy: node=10964J gpu=7867J cpu=1441J (1208W)
Parsed parameters:
  max_iter: 250
  solver_min_p: 1
  profile: False
  precision: float64
  benchmark_mode: True
  n_benchmark_runs: 10
  benchmark_method: finite_diff
  output_csv: /capstor/scratch/cscs/aboudaou/workspace/dalia/artifact/plotting/data/fig6_raw_results.csv
rank 28 | iter 1 | objfunc_time: 9.050926 | solver_time: 7.663583 | construction_time: 0.615152 | energy: node=11235J gpu=7725J cpu=1514J (1237W)
Parsed parameters:
  max_iter: 250
  solver_min_p: 1
  profile: False
  precision: float64
  benchmark_mode: True
  n_benchmark_runs: 10
  benchmark_method: finite_diff
  output_csv: /capstor/scratch/cscs/aboudaou/workspace/dalia/artifact/plotting/data/fig6_raw_results.csv
rank 11 | iter 1 | objfunc_time: 9.050390 | solver_time: 7.765577 | construction_time: 0.644348 | energy: node=7843J gpu=5231J cpu=1126J (864W)
Parsed parameters:
  max_iter: 250
  solver_min_p: 1
  profile: False
  precision: float64
  benchmark_mode: True
  n_benchmark_runs: 10
  benchmark_method: finite_diff
  output_csv: /capstor/scratch/cscs/aboudaou/workspace/dalia/artifact/plotting/data/fig6_raw_results.csv
rank 25 | iter 1 | objfunc_time: 9.052503 | solver_time: 7.664816 | construction_time: 0.641237 | energy: node=10779J gpu=7755J cpu=1490J (1187W)
Parsed parameters:
  max_iter: 250
  solver_min_p: 1
  profile: False
  precision: float64
  benchmark_mode: True
  n_benchmark_runs: 10
  benchmark_method: finite_diff
  output_csv: /capstor/scratch/cscs/aboudaou/workspace/dalia/artifact/plotting/data/fig6_raw_results.csv
rank 13 | iter 1 | objfunc_time: 8.910067 | solver_time: 7.766681 | construction_time: 0.637989 | energy: node=10729J gpu=7722J cpu=1600J (1182W)
Parsed parameters:
  max_iter: 250
  solver_min_p: 1
  profile: False
  precision: float64
  benchmark_mode: True
  n_benchmark_runs: 10
  benchmark_method: finite_diff
  output_csv: /capstor/scratch/cscs/aboudaou/workspace/dalia/artifact/plotting/data/fig6_raw_results.csv
rank 17 | iter 1 | objfunc_time: 9.049966 | solver_time: 7.702011 | construction_time: 0.637037 | energy: node=11346J gpu=7873J cpu=1441J (1250W)
Parsed parameters:
  max_iter: 250
  solver_min_p: 1
  profile: False
  precision: float64
  benchmark_mode: True
  n_benchmark_runs: 10
  benchmark_method: finite_diff
  output_csv: /capstor/scratch/cscs/aboudaou/workspace/dalia/artifact/plotting/data/fig6_raw_results.csv
rank 10 | iter 1 | objfunc_time: 9.049721 | solver_time: 7.664804 | construction_time: 0.647713 | energy: node=10970J gpu=7862J cpu=1240J (1208W)
Parsed parameters:
  max_iter: 250
  solver_min_p: 1
  profile: False
  precision: float64
  benchmark_mode: True
  n_benchmark_runs: 10
  benchmark_method: finite_diff
  output_csv: /capstor/scratch/cscs/aboudaou/workspace/dalia/artifact/plotting/data/fig6_raw_results.csv
rank 6 | iter 1 | objfunc_time: 9.050563 | solver_time: 7.769626 | construction_time: 0.648997 | energy: node=11376J gpu=7831J cpu=1551J (1253W)
Parsed parameters:
  max_iter: 250
  solver_min_p: 1
  profile: False
  precision: float64
  benchmark_mode: True
  n_benchmark_runs: 10
  benchmark_method: finite_diff
  output_csv: /capstor/scratch/cscs/aboudaou/workspace/dalia/artifact/plotting/data/fig6_raw_results.csv
rank 19 | iter 1 | objfunc_time: 9.079555 | solver_time: 7.716840 | construction_time: 0.647806 | energy: node=11176J gpu=8054J cpu=1391J (1231W)
Parsed parameters:
  max_iter: 250
  solver_min_p: 1
  profile: False
  precision: float64
  benchmark_mode: True
  n_benchmark_runs: 10
  benchmark_method: finite_diff
  output_csv: /capstor/scratch/cscs/aboudaou/workspace/dalia/artifact/plotting/data/fig6_raw_results.csv
rank 29 | iter 1 | objfunc_time: 9.052528 | solver_time: 7.727340 | construction_time: 0.644776 | energy: node=10650J gpu=7902J cpu=1703J (1173W)
Parsed parameters:
  max_iter: 250
  solver_min_p: 1
  profile: False
  precision: float64
  benchmark_mode: True
  n_benchmark_runs: 10
  benchmark_method: finite_diff
  output_csv: /capstor/scratch/cscs/aboudaou/workspace/dalia/artifact/plotting/data/fig6_raw_results.csv
rank 5 | iter 1 | objfunc_time: 8.767001 | solver_time: 7.707507 | construction_time: 0.648093 | energy: node=10706J gpu=7471J cpu=1232J (1179W)
Parsed parameters:
  max_iter: 250
  solver_min_p: 1
  profile: False
  precision: float64
  benchmark_mode: True
  n_benchmark_runs: 10
  benchmark_method: finite_diff
  output_csv: /capstor/scratch/cscs/aboudaou/workspace/dalia/artifact/plotting/data/fig6_raw_results.csv
rank 3 | iter 1 | objfunc_time: 9.051763 | solver_time: 7.697923 | construction_time: 0.670990 | energy: node=11245J gpu=8199J cpu=1707J (1238W)
Parsed parameters:
  max_iter: 250
  solver_min_p: 1
  profile: False
  precision: float64
  benchmark_mode: True
  n_benchmark_runs: 10
  benchmark_method: finite_diff
  output_csv: /capstor/scratch/cscs/aboudaou/workspace/dalia/artifact/plotting/data/fig6_raw_results.csv
rank 21 | iter 1 | objfunc_time: 8.603018 | solver_time: 7.707889 | construction_time: 0.643798 | energy: node=0J gpu=7549J cpu=1549J (0W)
Parsed parameters:
  max_iter: 250
  solver_min_p: 1
  profile: False
  precision: float64
  benchmark_mode: True
  n_benchmark_runs: 10
  benchmark_method: finite_diff
  output_csv: /capstor/scratch/cscs/aboudaou/workspace/dalia/artifact/plotting/data/fig6_raw_results.csv
rank 30 | iter 1 | objfunc_time: 9.051556 | solver_time: 7.715868 | construction_time: 0.639337 | energy: node=11477J gpu=8191J cpu=1470J (1264W)
Parsed parameters:
  max_iter: 250
  solver_min_p: 1
  profile: False
  precision: float64
  benchmark_mode: True
  n_benchmark_runs: 10
  benchmark_method: finite_diff
  output_csv: /capstor/scratch/cscs/aboudaou/workspace/dalia/artifact/plotting/data/fig6_raw_results.csv
rank 14 | iter 1 | objfunc_time: 8.910295 | solver_time: 7.739123 | construction_time: 0.647305 | energy: node=11465J gpu=8132J cpu=1857J (1263W)
Parsed parameters:
  max_iter: 250
  solver_min_p: 1
  profile: False
  precision: float64
  benchmark_mode: True
  n_benchmark_runs: 10
  benchmark_method: finite_diff
  output_csv: /capstor/scratch/cscs/aboudaou/workspace/dalia/artifact/plotting/data/fig6_raw_results.csv
rank 4 | iter 1 | objfunc_time: 9.050547 | solver_time: 7.688220 | construction_time: 0.644029 | energy: node=11449J gpu=8081J cpu=1818J (1261W)
rank 12 | iter 2 | objfunc_time: 9.127745 | solver_time: 7.725393 | construction_time: 0.655309 | energy: node=11351J gpu=7825J cpu=1315J (1241W)
rank 16 | iter 2 | objfunc_time: 9.116991 | solver_time: 7.774114 | construction_time: 0.645380 | energy: node=11216J gpu=7736J cpu=1704J (1227W)
rank 15 | iter 2 | objfunc_time: 9.117576 | solver_time: 7.658116 | construction_time: 0.689369 | energy: node=10944J gpu=7893J cpu=1566J (1197W)
rank 29 | iter 2 | objfunc_time: 8.971613 | solver_time: 7.733842 | construction_time: 0.685193 | energy: node=10641J gpu=7839J cpu=1698J (1164W)
rank 18 | iter 2 | objfunc_time: 9.116115 | solver_time: 7.718479 | construction_time: 0.675156 | energy: node=10698J gpu=7886J cpu=1494J (1170W)
rank 20 | iter 2 | objfunc_time: 9.115945 | solver_time: 7.662467 | construction_time: 0.648665 | energy: node=10564J gpu=8017J cpu=1442J (1155W)
rank 19 | iter 2 | objfunc_time: 9.116913 | solver_time: 7.726682 | construction_time: 0.686188 | energy: node=11109J gpu=7970J cpu=1366J (1215W)
rank 23 | iter 2 | objfunc_time: 9.116070 | solver_time: 7.738003 | construction_time: 0.685045 | energy: node=10998J gpu=7987J cpu=1657J (1203W)
rank 27 | iter 2 | objfunc_time: 9.115250 | solver_time: 7.722892 | construction_time: 0.685539 | energy: node=10731J gpu=7810J cpu=1763J (1174W)
rank 6 | iter 2 | objfunc_time: 9.114744 | solver_time: 7.765237 | construction_time: 0.682265 | energy: node=11319J gpu=7763J cpu=1528J (1238W)
rank 22 | iter 2 | objfunc_time: 9.115506 | solver_time: 7.781142 | construction_time: 0.677058 | energy: node=11093J gpu=7928J cpu=1644J (1213W)
rank 1 | iter 2 | objfunc_time: 9.114977 | solver_time: 7.759971 | construction_time: 0.669657 | energy: node=10731J gpu=7864J cpu=1391J (1174W)
rank 8 | iter 2 | objfunc_time: 9.115469 | solver_time: 7.656647 | construction_time: 0.641170 | energy: node=10818J gpu=7745J cpu=1592J (1183W)
rank 5 | iter 2 | objfunc_time: 8.967509 | solver_time: 7.716847 | construction_time: 0.685758 | energy: node=10796J gpu=7558J cpu=1249J (1181W)
rank 4 | iter 2 | objfunc_time: 9.143470 | solver_time: 7.705310 | construction_time: 0.689248 | energy: node=10905J gpu=7581J cpu=1699J (1193W)
rank 2 | iter 2 | objfunc_time: 9.114824 | solver_time: 7.770862 | construction_time: 0.726396 | energy: node=10712J gpu=7907J cpu=1723J (1172W)
rank 7 | iter 2 | objfunc_time: 9.114447 | solver_time: 7.735044 | construction_time: 0.676253 | energy: node=11134J gpu=7984J cpu=1485J (1218W)
rank 11 | iter 2 | objfunc_time: 9.114174 | solver_time: 7.748623 | construction_time: 0.678421 | energy: node=15453J gpu=11126J cpu=2216J (1690W)
rank 25 | iter 2 | objfunc_time: 8.553049 | solver_time: 7.653859 | construction_time: 0.691047 | energy: node=10335J gpu=7374J cpu=1424J (1130W)
rank 30 | iter 2 | objfunc_time: 9.114693 | solver_time: 7.709709 | construction_time: 0.680337 | energy: node=11165J gpu=7932J cpu=1414J (1221W)
rank 14 | iter 2 | objfunc_time: 9.143465 | solver_time: 7.735787 | construction_time: 0.675500 | energy: node=11313J gpu=8009J cpu=1829J (1237W)
rank 10 | iter 2 | objfunc_time: 9.112908 | solver_time: 7.659633 | construction_time: 0.686799 | energy: node=7740J gpu=5412J cpu=895J (846W)
rank 0 | iter 2 | objfunc_time: 9.116734 | solver_time: 7.695710 | construction_time: 0.643575 | energy: node=11238J gpu=7947J cpu=1155J (1229W)
rank 9 | iter 2 | objfunc_time: 9.116463 | solver_time: 7.698097 | construction_time: 0.678045 | energy: node=0J gpu=7870J cpu=1805J (0W)
rank 24 | iter 2 | objfunc_time: 9.117010 | solver_time: 7.701361 | construction_time: 0.654594 | energy: node=11689J gpu=8179J cpu=1833J (1278W)
rank 3 | iter 2 | objfunc_time: 9.115792 | solver_time: 7.685818 | construction_time: 0.735363 | energy: node=11364J gpu=8143J cpu=1724J (1243W)
rank 17 | iter 2 | objfunc_time: 9.113740 | solver_time: 7.700056 | construction_time: 0.680758 | energy: node=11362J gpu=7910J cpu=1443J (1243W)
rank 21 | iter 2 | objfunc_time: 9.113460 | solver_time: 7.719200 | construction_time: 0.691509 | energy: node=0J gpu=7956J cpu=1640J (0W)
rank 13 | iter 2 | objfunc_time: 9.113689 | solver_time: 7.781175 | construction_time: 0.672284 | energy: node=11208J gpu=8135J cpu=1714J (1226W)
rank 26 | iter 2 | objfunc_time: 8.833431 | solver_time: 7.684444 | construction_time: 0.677885 | energy: node=11166J gpu=7516J cpu=1866J (1221W)
rank 28 | iter 2 | objfunc_time: 9.114753 | solver_time: 7.682399 | construction_time: 0.656691 | energy: node=11746J gpu=8111J cpu=1618J (1285W)
rank 12 | iter 3 | objfunc_time: 8.714009 | solver_time: 7.727341 | construction_time: 0.602478 | energy: node=11047J gpu=7543J cpu=1269J (1265W)
rank 16 | iter 3 | objfunc_time: 8.566872 | solver_time: 7.763260 | construction_time: 0.588926 | energy: node=10642J gpu=7261J cpu=1603J (1219W)
rank 15 | iter 3 | objfunc_time: 8.565822 | solver_time: 7.674116 | construction_time: 0.631484 | energy: node=10445J gpu=7465J cpu=1479J (1196W)
rank 0 | iter 3 | objfunc_time: 8.703229 | solver_time: 7.695245 | construction_time: 0.590648 | energy: node=11000J gpu=7666J cpu=1122J (1260W)
rank 19 | iter 3 | objfunc_time: 8.702913 | solver_time: 7.716680 | construction_time: 0.626233 | energy: node=10777J gpu=7644J cpu=1326J (1234W)
rank 9 | iter 3 | objfunc_time: 8.703050 | solver_time: 7.713429 | construction_time: 0.622078 | energy: node=0J gpu=7555J cpu=1722J (0W)
rank 18 | iter 3 | objfunc_time: 8.703281 | solver_time: 7.713941 | construction_time: 0.621414 | energy: node=10389J gpu=7646J cpu=1444J (1190W)
rank 24 | iter 3 | objfunc_time: 8.703609 | solver_time: 7.692306 | construction_time: 0.598875 | energy: node=11057J gpu=7651J cpu=1689J (1267W)
rank 26 | iter 3 | objfunc_time: 8.729891 | solver_time: 7.682631 | construction_time: 0.623186 | energy: node=10809J gpu=7275J cpu=1783J (1238W)
rank 29 | iter 3 | objfunc_time: 8.703079 | solver_time: 7.725263 | construction_time: 0.630993 | energy: node=10365J gpu=7617J cpu=1647J (1187W)
rank 23 | iter 3 | objfunc_time: 8.701970 | solver_time: 7.723451 | construction_time: 0.628246 | energy: node=10487J gpu=7540J cpu=1569J (1201W)
rank 3 | iter 3 | objfunc_time: 8.701957 | solver_time: 7.697630 | construction_time: 0.668644 | energy: node=11014J gpu=7849J cpu=1654J (1262W)
rank 8 | iter 3 | objfunc_time: 8.701210 | solver_time: 7.685730 | construction_time: 0.585372 | energy: node=10573J gpu=7509J cpu=1540J (1211W)
rank 27 | iter 3 | objfunc_time: 8.701999 | solver_time: 7.737708 | construction_time: 0.640036 | energy: node=10186J gpu=7344J cpu=1652J (1167W)
rank 1 | iter 3 | objfunc_time: 8.701391 | solver_time: 7.736755 | construction_time: 0.625244 | energy: node=10518J gpu=7667J cpu=1361J (1205W)
rank 22 | iter 3 | objfunc_time: 8.701217 | solver_time: 7.781257 | construction_time: 0.625992 | energy: node=6759J gpu=4667J cpu=1019J (774W)
rank 30 | iter 3 | objfunc_time: 8.700715 | solver_time: 7.710827 | construction_time: 0.626458 | energy: node=10883J gpu=7658J cpu=1364J (1247W)
rank 28 | iter 3 | objfunc_time: 8.729888 | solver_time: 7.661833 | construction_time: 0.600184 | energy: node=11000J gpu=7496J cpu=1464J (1260W)
rank 13 | iter 3 | objfunc_time: 8.700419 | solver_time: 7.777553 | construction_time: 0.624802 | energy: node=10515J gpu=7569J cpu=1579J (1204W)
rank 7 | iter 3 | objfunc_time: 8.700845 | solver_time: 7.718006 | construction_time: 0.626460 | energy: node=10833J gpu=7697J cpu=1424J (1241W)
rank 17 | iter 3 | objfunc_time: 8.700363 | solver_time: 7.697716 | construction_time: 0.622766 | energy: node=10855J gpu=7456J cpu=1365J (1243W)
rank 11 | iter 3 | objfunc_time: 8.700552 | solver_time: 7.757732 | construction_time: 0.639583 | energy: node=10925J gpu=7377J cpu=1534J (1251W)
rank 25 | iter 3 | objfunc_time: 8.700667 | solver_time: 7.672480 | construction_time: 0.636384 | energy: node=10618J gpu=7671J cpu=1443J (1216W)
rank 21 | iter 3 | objfunc_time: 8.699545 | solver_time: 7.707543 | construction_time: 0.627719 | energy: node=0J gpu=7649J cpu=1578J (0W)
rank 10 | iter 3 | objfunc_time: 8.699473 | solver_time: 7.663858 | construction_time: 0.631887 | energy: node=14473J gpu=10938J cpu=1621J (1658W)
rank 6 | iter 3 | objfunc_time: 8.700424 | solver_time: 7.777255 | construction_time: 0.625642 | energy: node=11158J gpu=7640J cpu=1499J (1278W)
rank 20 | iter 3 | objfunc_time: 8.559980 | solver_time: 7.664789 | construction_time: 0.587976 | energy: node=10202J gpu=7528J cpu=1391J (1169W)
rank 14 | iter 3 | objfunc_time: 8.699693 | solver_time: 7.740751 | construction_time: 0.624378 | energy: node=10882J gpu=7613J cpu=1731J (1247W)
rank 5 | iter 3 | objfunc_time: 8.701215 | solver_time: 7.710687 | construction_time: 0.631360 | energy: node=10801J gpu=7585J cpu=1266J (1237W)
rank 2 | iter 3 | objfunc_time: 8.700893 | solver_time: 7.759444 | construction_time: 0.666972 | energy: node=10539J gpu=7763J cpu=1690J (1207W)
rank 4 | iter 3 | objfunc_time: 8.700778 | solver_time: 7.684568 | construction_time: 0.635827 | energy: node=10726J gpu=7462J cpu=1647J (1229W)
rank 12 | iter 4 | objfunc_time: 8.802210 | solver_time: 7.730433 | construction_time: 0.659586 | energy: node=11102J gpu=7701J cpu=1262J (1259W)
rank 1 | iter 4 | objfunc_time: 8.650514 | solver_time: 7.742189 | construction_time: 0.701249 | energy: node=10478J gpu=7689J cpu=1353J (1188W)
rank 15 | iter 4 | objfunc_time: 8.791966 | solver_time: 7.677650 | construction_time: 0.682756 | energy: node=10887J gpu=7950J cpu=1558J (1235W)
rank 24 | iter 4 | objfunc_time: 8.792005 | solver_time: 7.706033 | construction_time: 0.669814 | energy: node=11275J gpu=7929J cpu=1745J (1279W)
rank 19 | iter 4 | objfunc_time: 8.646551 | solver_time: 7.724645 | construction_time: 0.678496 | energy: node=10561J gpu=7538J cpu=1287J (1198W)
rank 0 | iter 4 | objfunc_time: 8.649653 | solver_time: 7.711048 | construction_time: 0.642951 | energy: node=10767J gpu=7528J cpu=1085J (1221W)
rank 16 | iter 4 | objfunc_time: 8.791826 | solver_time: 7.768763 | construction_time: 0.647195 | energy: node=11201J gpu=7882J cpu=1686J (1270W)
rank 26 | iter 4 | objfunc_time: 8.791032 | solver_time: 7.697737 | construction_time: 0.679832 | energy: node=10991J gpu=7429J cpu=1829J (1246W)
rank 9 | iter 4 | objfunc_time: 8.791147 | solver_time: 7.693671 | construction_time: 0.670197 | energy: node=0J gpu=4805J cpu=1123J (0W)
rank 23 | iter 4 | objfunc_time: 8.790727 | solver_time: 7.743571 | construction_time: 0.689941 | energy: node=10820J gpu=7879J cpu=1617J (1227W)
rank 20 | iter 4 | objfunc_time: 8.818220 | solver_time: 7.682213 | construction_time: 0.641010 | energy: node=10162J gpu=7556J cpu=1374J (1152W)
rank 3 | iter 4 | objfunc_time: 8.790170 | solver_time: 7.700524 | construction_time: 0.741803 | energy: node=10958J gpu=7893J cpu=1633J (1243W)
rank 22 | iter 4 | objfunc_time: 8.790240 | solver_time: 7.787651 | construction_time: 0.678621 | energy: node=15048J gpu=11032J cpu=2215J (1706W)
rank 8 | iter 4 | objfunc_time: 8.508887 | solver_time: 7.662352 | construction_time: 0.644264 | energy: node=10211J gpu=7251J cpu=1479J (1158W)
rank 5 | iter 4 | objfunc_time: 8.818208 | solver_time: 7.712456 | construction_time: 0.680110 | energy: node=10791J gpu=7655J cpu=1260J (1224W)
rank 13 | iter 4 | objfunc_time: 8.789260 | solver_time: 7.773265 | construction_time: 0.677901 | energy: node=10863J gpu=8021J cpu=1646J (1232W)
rank 30 | iter 4 | objfunc_time: 8.789294 | solver_time: 7.719138 | construction_time: 0.675088 | energy: node=10905J gpu=7765J cpu=1370J (1237W)
rank 25 | iter 4 | objfunc_time: 8.788949 | solver_time: 7.659109 | construction_time: 0.689205 | energy: node=10756J gpu=7795J cpu=1474J (1220W)
rank 17 | iter 4 | objfunc_time: 8.649448 | solver_time: 7.709095 | construction_time: 0.679464 | energy: node=10776J gpu=7490J cpu=1346J (1222W)
rank 4 | iter 4 | objfunc_time: 8.818199 | solver_time: 7.705089 | construction_time: 0.727705 | energy: node=10833J gpu=7614J cpu=1676J (1228W)
rank 14 | iter 4 | objfunc_time: 8.818216 | solver_time: 7.743229 | construction_time: 0.678992 | energy: node=11136J gpu=7945J cpu=1777J (1263W)
rank 11 | iter 4 | objfunc_time: 8.789015 | solver_time: 7.757529 | construction_time: 0.685301 | energy: node=11061J gpu=7547J cpu=1551J (1254W)
rank 21 | iter 4 | objfunc_time: 8.788384 | solver_time: 7.713573 | construction_time: 0.685397 | energy: node=0J gpu=7762J cpu=1570J (0W)
rank 27 | iter 4 | objfunc_time: 8.651963 | solver_time: 7.724429 | construction_time: 0.694478 | energy: node=10514J gpu=7668J cpu=1714J (1192W)
rank 2 | iter 4 | objfunc_time: 8.818206 | solver_time: 7.765798 | construction_time: 0.730953 | energy: node=10581J gpu=7893J cpu=1694J (1200W)
rank 18 | iter 4 | objfunc_time: 8.791451 | solver_time: 7.725507 | construction_time: 0.675732 | energy: node=10528J gpu=7812J cpu=1474J (1194W)
rank 6 | iter 4 | objfunc_time: 8.818202 | solver_time: 7.767144 | construction_time: 0.680200 | energy: node=5042J gpu=3449J cpu=686J (572W)
rank 7 | iter 4 | objfunc_time: 8.788938 | solver_time: 7.725666 | construction_time: 0.672158 | energy: node=10999J gpu=8214J cpu=1458J (1247W)
rank 28 | iter 4 | objfunc_time: 8.789299 | solver_time: 7.675947 | construction_time: 0.655757 | energy: node=11333J gpu=7875J cpu=1522J (1285W)
rank 10 | iter 4 | objfunc_time: 8.787990 | solver_time: 7.666766 | construction_time: 0.687041 | energy: node=11055J gpu=8022J cpu=1253J (1254W)
rank 29 | iter 4 | objfunc_time: 8.646501 | solver_time: 7.743494 | construction_time: 0.685073 | energy: node=10726J gpu=8014J cpu=1718J (1216W)
rank 12 | iter 5 | objfunc_time: 9.077049 | solver_time: 7.725182 | construction_time: 0.599660 | energy: node=11242J gpu=7780J cpu=1302J (1236W)
rank 1 | iter 5 | objfunc_time: 9.076926 | solver_time: 7.740624 | construction_time: 0.646657 | energy: node=10941J gpu=8135J cpu=1430J (1203W)
rank 15 | iter 5 | objfunc_time: 9.066902 | solver_time: 7.670062 | construction_time: 0.637319 | energy: node=10912J gpu=7892J cpu=1572J (1200W)
rank 24 | iter 5 | objfunc_time: 9.066458 | solver_time: 7.694206 | construction_time: 0.598409 | energy: node=11623J gpu=8180J cpu=1818J (1278W)
rank 16 | iter 5 | objfunc_time: 9.066696 | solver_time: 7.757896 | construction_time: 0.591472 | energy: node=11260J gpu=7866J cpu=1714J (1238W)
rank 19 | iter 5 | objfunc_time: 9.066903 | solver_time: 7.735306 | construction_time: 0.625436 | energy: node=11128J gpu=8043J cpu=1384J (1224W)
rank 29 | iter 5 | objfunc_time: 9.093021 | solver_time: 7.748181 | construction_time: 0.638776 | energy: node=10594J gpu=7926J cpu=1698J (1165W)
rank 0 | iter 5 | objfunc_time: 8.927059 | solver_time: 7.702156 | construction_time: 0.588031 | energy: node=10905J gpu=7649J cpu=1107J (1199W)
rank 23 | iter 5 | objfunc_time: 9.065623 | solver_time: 7.742063 | construction_time: 0.633955 | energy: node=11000J gpu=8042J cpu=1660J (1210W)
rank 20 | iter 5 | objfunc_time: 9.065558 | solver_time: 7.667414 | construction_time: 0.587473 | energy: node=10497J gpu=7811J cpu=1439J (1154W)
rank 18 | iter 5 | objfunc_time: 9.066085 | solver_time: 7.728412 | construction_time: 0.625164 | energy: node=10739J gpu=7987J cpu=1519J (1181W)
rank 27 | iter 5 | objfunc_time: 8.918616 | solver_time: 7.728718 | construction_time: 0.632070 | energy: node=10650J gpu=7736J cpu=1735J (1171W)
rank 22 | iter 5 | objfunc_time: 8.646076 | solver_time: 7.784338 | construction_time: 0.622464 | energy: node=10729J gpu=7473J cpu=1584J (1180W)
rank 5 | iter 5 | objfunc_time: 9.064839 | solver_time: 7.713410 | construction_time: 0.632646 | energy: node=11055J gpu=7840J cpu=1300J (1216W)
rank 2 | iter 5 | objfunc_time: 9.063758 | solver_time: 7.771654 | construction_time: 0.647509 | energy: node=10702J gpu=7953J cpu=1726J (1177W)
rank 28 | iter 5 | objfunc_time: 9.064486 | solver_time: 7.669463 | construction_time: 0.599471 | energy: node=11353J gpu=7836J cpu=1538J (1249W)
rank 7 | iter 5 | objfunc_time: 9.063836 | solver_time: 7.722321 | construction_time: 0.627052 | energy: node=11092J gpu=8015J cpu=1479J (1220W)
rank 13 | iter 5 | objfunc_time: 9.063841 | solver_time: 7.776226 | construction_time: 0.625751 | energy: node=10983J gpu=8043J cpu=1682J (1208W)
rank 30 | iter 5 | objfunc_time: 8.778116 | solver_time: 7.710986 | construction_time: 0.622289 | energy: node=10901J gpu=7671J cpu=1368J (1199W)
rank 25 | iter 5 | objfunc_time: 8.915330 | solver_time: 7.674210 | construction_time: 0.635156 | energy: node=10797J gpu=7770J cpu=1487J (1187W)
rank 6 | iter 5 | objfunc_time: 9.064097 | solver_time: 7.776150 | construction_time: 0.621602 | energy: node=11124J gpu=7657J cpu=1490J (1223W)
rank 17 | iter 5 | objfunc_time: 9.063803 | solver_time: 7.700539 | construction_time: 0.621990 | energy: node=11378J gpu=8001J cpu=1448J (1251W)
rank 11 | iter 5 | objfunc_time: 9.064044 | solver_time: 7.768137 | construction_time: 0.629139 | energy: node=11450J gpu=7809J cpu=1622J (1259W)
rank 9 | iter 5 | objfunc_time: 9.063101 | solver_time: 7.715803 | construction_time: 0.642965 | energy: node=0J gpu=10761J cpu=2422J (0W)
rank 10 | iter 5 | objfunc_time: 8.921040 | solver_time: 7.666663 | construction_time: 0.631265 | energy: node=10829J gpu=7716J cpu=1219J (1191W)
rank 3 | iter 5 | objfunc_time: 9.065263 | solver_time: 7.692667 | construction_time: 0.668078 | energy: node=11395J gpu=8288J cpu=1734J (1253W)
rank 26 | iter 5 | objfunc_time: 8.927711 | solver_time: 7.674398 | construction_time: 0.623891 | energy: node=11054J gpu=7633J cpu=1827J (1216W)
rank 8 | iter 5 | objfunc_time: 9.064409 | solver_time: 7.692893 | construction_time: 0.583774 | energy: node=10865J gpu=7932J cpu=1604J (1195W)
rank 21 | iter 5 | objfunc_time: 9.063149 | solver_time: 7.709566 | construction_time: 0.626798 | energy: node=0J gpu=7984J cpu=1621J (0W)
rank 4 | iter 5 | objfunc_time: 8.915520 | solver_time: 7.686175 | construction_time: 0.629055 | energy: node=10923J gpu=7656J cpu=1699J (1201W)
rank 14 | iter 5 | objfunc_time: 9.063494 | solver_time: 7.742964 | construction_time: 0.627133 | energy: node=11404J gpu=8137J cpu=1839J (1254W)
rank 1 | iter 6 | objfunc_time: 8.800366 | solver_time: 7.747042 | construction_time: 0.688377 | energy: node=10553J gpu=7679J cpu=1364J (1197W)
rank 16 | iter 6 | objfunc_time: 8.790333 | solver_time: 7.768222 | construction_time: 0.641023 | energy: node=11052J gpu=7566J cpu=1670J (1254W)
rank 15 | iter 6 | objfunc_time: 8.653384 | solver_time: 7.671831 | construction_time: 0.688724 | energy: node=10602J gpu=7580J cpu=1502J (1202W)
rank 19 | iter 6 | objfunc_time: 8.790196 | solver_time: 7.719109 | construction_time: 0.678822 | energy: node=10806J gpu=7689J cpu=1317J (1226W)
rank 0 | iter 6 | objfunc_time: 8.789834 | solver_time: 7.708663 | construction_time: 0.642139 | energy: node=10885J gpu=7632J cpu=1106J (1235W)
rank 24 | iter 6 | objfunc_time: 8.790330 | solver_time: 7.704249 | construction_time: 0.646963 | energy: node=11134J gpu=7705J cpu=1709J (1263W)
rank 26 | iter 6 | objfunc_time: 8.816639 | solver_time: 7.683072 | construction_time: 0.676616 | energy: node=10908J gpu=7337J cpu=1796J (1237W)
rank 20 | iter 6 | objfunc_time: 8.789192 | solver_time: 7.669453 | construction_time: 0.653816 | energy: node=10341J gpu=7611J cpu=1410J (1173W)
rank 3 | iter 6 | objfunc_time: 8.816634 | solver_time: 7.695000 | construction_time: 0.719587 | energy: node=10961J gpu=7811J cpu=1634J (1243W)
rank 23 | iter 6 | objfunc_time: 8.789768 | solver_time: 7.731248 | construction_time: 0.681533 | energy: node=10547J gpu=7591J cpu=1570J (1196W)
rank 27 | iter 6 | objfunc_time: 8.788809 | solver_time: 7.730354 | construction_time: 0.686043 | energy: node=10662J gpu=7790J cpu=1755J (1209W)
rank 5 | iter 6 | objfunc_time: 8.788103 | solver_time: 7.723152 | construction_time: 0.681909 | energy: node=10755J gpu=7530J cpu=1249J (1220W)
rank 6 | iter 6 | objfunc_time: 8.788175 | solver_time: 7.779778 | construction_time: 0.680167 | energy: node=11020J gpu=7532J cpu=1478J (1250W)
rank 8 | iter 6 | objfunc_time: 8.816659 | solver_time: 7.668411 | construction_time: 0.644574 | energy: node=10740J gpu=7682J cpu=1574J (1218W)
rank 22 | iter 6 | objfunc_time: 8.788247 | solver_time: 7.780832 | construction_time: 0.680325 | energy: node=10813J gpu=7814J cpu=1597J (1226W)
rank 12 | iter 6 | objfunc_time: 8.800542 | solver_time: 7.720401 | construction_time: 0.647430 | energy: node=11027J gpu=7540J cpu=1250J (1251W)
rank 25 | iter 6 | objfunc_time: 8.787257 | solver_time: 7.660018 | construction_time: 0.688392 | energy: node=10794J gpu=7780J cpu=1482J (1224W)
rank 13 | iter 6 | objfunc_time: 8.787622 | solver_time: 7.775019 | construction_time: 0.673799 | energy: node=10747J gpu=7783J cpu=1608J (1219W)
rank 30 | iter 6 | objfunc_time: 8.787877 | solver_time: 7.719459 | construction_time: 0.681391 | energy: node=10947J gpu=7789J cpu=1385J (1242W)
rank 28 | iter 6 | objfunc_time: 8.787800 | solver_time: 7.678190 | construction_time: 0.648096 | energy: node=11116J gpu=7617J cpu=1491J (1261W)
rank 2 | iter 6 | objfunc_time: 8.787642 | solver_time: 7.763129 | construction_time: 0.714140 | energy: node=10466J gpu=7718J cpu=1680J (1187W)
rank 9 | iter 6 | objfunc_time: 8.787177 | solver_time: 7.691589 | construction_time: 0.697614 | energy: node=0J gpu=7511J cpu=1701J (0W)
rank 4 | iter 6 | objfunc_time: 8.816649 | solver_time: 7.700422 | construction_time: 0.692212 | energy: node=10931J gpu=7670J cpu=1697J (1240W)
rank 10 | iter 6 | objfunc_time: 8.645049 | solver_time: 7.663142 | construction_time: 0.680975 | energy: node=10537J gpu=7474J cpu=1187J (1195W)
rank 14 | iter 6 | objfunc_time: 8.816638 | solver_time: 7.748289 | construction_time: 0.676684 | energy: node=10885J gpu=7649J cpu=1734J (1235W)
rank 17 | iter 6 | objfunc_time: 8.786940 | solver_time: 7.706302 | construction_time: 0.680333 | energy: node=10452J gpu=7366J cpu=1314J (1185W)
rank 18 | iter 6 | objfunc_time: 8.789631 | solver_time: 7.728708 | construction_time: 0.672680 | energy: node=10537J gpu=7737J cpu=1476J (1195W)
rank 7 | iter 6 | objfunc_time: 8.787950 | solver_time: 7.736115 | construction_time: 0.685189 | energy: node=10915J gpu=7813J cpu=1451J (1238W)
rank 29 | iter 6 | objfunc_time: 8.790127 | solver_time: 7.731804 | construction_time: 0.678753 | energy: node=10453J gpu=7694J cpu=1663J (1186W)
rank 11 | iter 6 | objfunc_time: 8.644463 | solver_time: 7.763379 | construction_time: 0.676899 | energy: node=11321J gpu=7634J cpu=1600J (1284W)
rank 21 | iter 6 | objfunc_time: 8.816646 | solver_time: 7.707890 | construction_time: 0.678265 | energy: node=0J gpu=7879J cpu=1607J (0W)
rank 1 | iter 7 | objfunc_time: 9.089948 | solver_time: 7.747148 | construction_time: 0.633364 | energy: node=10976J gpu=8119J cpu=1447J (1205W)
rank 18 | iter 7 | objfunc_time: 9.080105 | solver_time: 7.714434 | construction_time: 0.619417 | energy: node=10778J gpu=8066J cpu=1521J (1184W)
rank 12 | iter 7 | objfunc_time: 9.077545 | solver_time: 7.727595 | construction_time: 0.597771 | energy: node=11369J gpu=7895J cpu=1320J (1248W)
rank 16 | iter 7 | objfunc_time: 9.080020 | solver_time: 7.765878 | construction_time: 0.587634 | energy: node=11193J gpu=7740J cpu=1694J (1229W)
rank 19 | iter 7 | objfunc_time: 9.080084 | solver_time: 7.725334 | construction_time: 0.626454 | energy: node=11149J gpu=8087J cpu=1383J (1224W)
rank 0 | iter 7 | objfunc_time: 8.797166 | solver_time: 7.704269 | construction_time: 0.594175 | energy: node=10840J gpu=7540J cpu=1097J (1190W)
rank 26 | iter 7 | objfunc_time: 9.078993 | solver_time: 7.682940 | construction_time: 0.622913 | energy: node=11111J gpu=7523J cpu=1867J (1220W)
rank 29 | iter 7 | objfunc_time: 9.078552 | solver_time: 7.744127 | construction_time: 0.624482 | energy: node=10600J gpu=7888J cpu=1700J (1164W)
rank 24 | iter 7 | objfunc_time: 9.079508 | solver_time: 7.706312 | construction_time: 0.593352 | energy: node=11436J gpu=8031J cpu=1782J (1256W)
rank 20 | iter 7 | objfunc_time: 9.078765 | solver_time: 7.655521 | construction_time: 0.591860 | energy: node=10582J gpu=7886J cpu=1455J (1162W)
rank 22 | iter 7 | objfunc_time: 9.077796 | solver_time: 7.779243 | construction_time: 0.620956 | energy: node=11071J gpu=7942J cpu=1649J (1216W)
rank 8 | iter 7 | objfunc_time: 9.077587 | solver_time: 7.688499 | construction_time: 0.590015 | energy: node=10892J gpu=7854J cpu=1610J (1196W)
rank 28 | iter 7 | objfunc_time: 9.077421 | solver_time: 7.659537 | construction_time: 0.595584 | energy: node=11434J gpu=8019J cpu=1548J (1256W)
rank 2 | iter 7 | objfunc_time: 9.077315 | solver_time: 7.773707 | construction_time: 0.671191 | energy: node=10588J gpu=7834J cpu=1703J (1163W)
rank 7 | iter 7 | objfunc_time: 9.077400 | solver_time: 7.715483 | construction_time: 0.623484 | energy: node=11044J gpu=7971J cpu=1471J (1213W)
rank 6 | iter 7 | objfunc_time: 9.077465 | solver_time: 7.771705 | construction_time: 0.625871 | energy: node=11308J gpu=7845J cpu=1514J (1242W)
rank 30 | iter 7 | objfunc_time: 8.788978 | solver_time: 7.715575 | construction_time: 0.623022 | energy: node=10943J gpu=7685J cpu=1385J (1202W)
rank 25 | iter 7 | objfunc_time: 8.936402 | solver_time: 7.673116 | construction_time: 0.636041 | energy: node=10842J gpu=7799J cpu=1496J (1191W)
rank 11 | iter 7 | objfunc_time: 8.651732 | solver_time: 7.772370 | construction_time: 0.628422 | energy: node=10967J gpu=7378J cpu=1558J (1204W)
rank 21 | iter 7 | objfunc_time: 9.106201 | solver_time: 7.709556 | construction_time: 0.628082 | energy: node=0J gpu=7904J cpu=1614J (0W)
rank 13 | iter 7 | objfunc_time: 9.077416 | solver_time: 7.775662 | construction_time: 0.622005 | energy: node=11056J gpu=8109J cpu=1682J (1214W)
rank 17 | iter 7 | objfunc_time: 9.076024 | solver_time: 7.707197 | construction_time: 0.624996 | energy: node=12157J gpu=9007J cpu=1563J (1335W)
rank 9 | iter 7 | objfunc_time: 9.077007 | solver_time: 7.709139 | construction_time: 0.638754 | energy: node=0J gpu=7930J cpu=1800J (0W)
rank 5 | iter 7 | objfunc_time: 9.077688 | solver_time: 7.724696 | construction_time: 0.629783 | energy: node=11078J gpu=7868J cpu=1311J (1217W)
rank 15 | iter 7 | objfunc_time: 9.080165 | solver_time: 7.687028 | construction_time: 0.633049 | energy: node=11179J gpu=8173J cpu=1622J (1228W)
rank 3 | iter 7 | objfunc_time: 9.078503 | solver_time: 7.690013 | construction_time: 0.667692 | energy: node=11203J gpu=8091J cpu=1685J (1230W)
rank 27 | iter 7 | objfunc_time: 9.077663 | solver_time: 7.729726 | construction_time: 0.638232 | energy: node=10918J gpu=7994J cpu=1807J (1199W)
rank 23 | iter 7 | objfunc_time: 9.079028 | solver_time: 7.736337 | construction_time: 0.628713 | energy: node=11509J gpu=8839J cpu=1756J (1264W)
rank 4 | iter 7 | objfunc_time: 9.076504 | solver_time: 7.685348 | construction_time: 0.660943 | energy: node=11119J gpu=7817J cpu=1742J (1221W)
rank 10 | iter 7 | objfunc_time: 9.076097 | solver_time: 7.662324 | construction_time: 0.630821 | energy: node=11278J gpu=8205J cpu=1289J (1238W)
rank 14 | iter 7 | objfunc_time: 9.075988 | solver_time: 7.741019 | construction_time: 0.618299 | energy: node=11517J gpu=8220J cpu=1876J (1265W)
rank 26 | iter 8 | objfunc_time: 8.893005 | solver_time: 7.685875 | construction_time: 0.679314 | energy: node=11023J gpu=7409J cpu=1842J (1236W)
rank 1 | iter 8 | objfunc_time: 8.903583 | solver_time: 7.767764 | construction_time: 0.693063 | energy: node=10695J gpu=7765J cpu=1399J (1199W)
rank 19 | iter 8 | objfunc_time: 8.893343 | solver_time: 7.732165 | construction_time: 0.676525 | energy: node=10951J gpu=7829J cpu=1351J (1228W)
rank 18 | iter 8 | objfunc_time: 8.752908 | solver_time: 7.725946 | construction_time: 0.681513 | energy: node=10303J gpu=7520J cpu=1446J (1155W)
rank 16 | iter 8 | objfunc_time: 8.893856 | solver_time: 7.780650 | construction_time: 0.642429 | energy: node=11073J gpu=7607J cpu=1674J (1241W)
rank 29 | iter 8 | objfunc_time: 8.893101 | solver_time: 7.749985 | construction_time: 0.688925 | energy: node=10726J gpu=7912J cpu=1720J (1202W)
rank 15 | iter 8 | objfunc_time: 8.893585 | solver_time: 7.661360 | construction_time: 0.681688 | energy: node=10968J gpu=7904J cpu=1574J (1230W)
rank 23 | iter 8 | objfunc_time: 8.892723 | solver_time: 7.735318 | construction_time: 0.682751 | energy: node=10775J gpu=7750J cpu=1613J (1208W)
rank 20 | iter 8 | objfunc_time: 8.892610 | solver_time: 7.668180 | construction_time: 0.641716 | energy: node=10388J gpu=7658J cpu=1419J (1165W)
rank 12 | iter 8 | objfunc_time: 8.744628 | solver_time: 7.719742 | construction_time: 0.651940 | energy: node=11107J gpu=7584J cpu=1266J (1245W)
rank 3 | iter 8 | objfunc_time: 8.892353 | solver_time: 7.706581 | construction_time: 0.719751 | energy: node=11029J gpu=7701J cpu=1658J (1236W)
rank 7 | iter 8 | objfunc_time: 8.891263 | solver_time: 7.729307 | construction_time: 0.672251 | energy: node=10929J gpu=7831J cpu=1443J (1225W)
rank 8 | iter 8 | objfunc_time: 8.891531 | solver_time: 7.658284 | construction_time: 0.640996 | energy: node=10667J gpu=7622J cpu=1556J (1196W)
rank 22 | iter 8 | objfunc_time: 8.890322 | solver_time: 7.795273 | construction_time: 0.678425 | energy: node=11026J gpu=7810J cpu=1637J (1236W)
rank 5 | iter 8 | objfunc_time: 8.891501 | solver_time: 7.714126 | construction_time: 0.678068 | energy: node=10965J gpu=7693J cpu=1291J (1229W)
rank 2 | iter 8 | objfunc_time: 8.891166 | solver_time: 7.764818 | construction_time: 0.770205 | energy: node=10466J gpu=7764J cpu=1678J (1173W)
rank 6 | iter 8 | objfunc_time: 8.891259 | solver_time: 7.770752 | construction_time: 0.677454 | energy: node=11068J gpu=7569J cpu=1478J (1241W)
rank 28 | iter 8 | objfunc_time: 8.891073 | solver_time: 7.685243 | construction_time: 0.656014 | energy: node=11134J gpu=7577J cpu=1496J (1248W)
rank 30 | iter 8 | objfunc_time: 8.891380 | solver_time: 7.710977 | construction_time: 0.676987 | energy: node=11000J gpu=7797J cpu=1392J (1233W)
rank 14 | iter 8 | objfunc_time: 8.920091 | solver_time: 7.734005 | construction_time: 0.674006 | energy: node=11048J gpu=7785J cpu=1752J (1239W)
rank 4 | iter 8 | objfunc_time: 8.890930 | solver_time: 7.691827 | construction_time: 0.681189 | energy: node=10757J gpu=7452J cpu=1655J (1206W)
rank 17 | iter 8 | objfunc_time: 8.603292 | solver_time: 7.692280 | construction_time: 0.676795 | energy: node=10781J gpu=7403J cpu=1343J (1209W)
rank 10 | iter 8 | objfunc_time: 8.889744 | solver_time: 7.667732 | construction_time: 0.679364 | energy: node=10945J gpu=8008J cpu=1246J (1227W)
rank 11 | iter 8 | objfunc_time: 8.748353 | solver_time: 7.745626 | construction_time: 0.684710 | energy: node=11177J gpu=7573J cpu=1571J (1253W)
rank 27 | iter 8 | objfunc_time: 8.891912 | solver_time: 7.719095 | construction_time: 0.688283 | energy: node=10571J gpu=7606J cpu=1716J (1185W)
rank 9 | iter 8 | objfunc_time: 8.607246 | solver_time: 7.700832 | construction_time: 0.693049 | energy: node=0J gpu=7567J cpu=1738J (0W)
rank 21 | iter 8 | objfunc_time: 8.890388 | solver_time: 7.716969 | construction_time: 0.690160 | energy: node=0J gpu=7776J cpu=1599J (0W)
rank 25 | iter 8 | objfunc_time: 8.890801 | solver_time: 7.654174 | construction_time: 0.682813 | energy: node=10908J gpu=7841J cpu=1509J (1223W)
rank 0 | iter 8 | objfunc_time: 8.893179 | solver_time: 7.712121 | construction_time: 0.642829 | energy: node=11134J gpu=7862J cpu=1136J (1248W)
rank 13 | iter 8 | objfunc_time: 8.890833 | solver_time: 7.782260 | construction_time: 0.676986 | energy: node=11012J gpu=8022J cpu=1667J (1235W)
rank 24 | iter 8 | objfunc_time: 8.893263 | solver_time: 7.717994 | construction_time: 0.658055 | energy: node=11638J gpu=8142J cpu=1835J (1305W)
rank 4 | iter 9 | objfunc_time: 9.075250 | solver_time: 7.694507 | construction_time: 0.636378 | energy: node=10984J gpu=7700J cpu=1720J (1206W)
rank 26 | iter 9 | objfunc_time: 9.088746 | solver_time: 7.681077 | construction_time: 0.646659 | energy: node=11054J gpu=7447J cpu=1843J (1214W)
rank 1 | iter 9 | objfunc_time: 9.088592 | solver_time: 7.739561 | construction_time: 0.638113 | energy: node=10853J gpu=7988J cpu=1413J (1192W)
rank 15 | iter 9 | objfunc_time: 9.078662 | solver_time: 7.684981 | construction_time: 0.629695 | energy: node=10998J gpu=7955J cpu=1589J (1208W)
rank 19 | iter 9 | objfunc_time: 9.078632 | solver_time: 7.720577 | construction_time: 0.621670 | energy: node=11110J gpu=7987J cpu=1392J (1220W)
rank 24 | iter 9 | objfunc_time: 9.104912 | solver_time: 7.709372 | construction_time: 0.595552 | energy: node=11437J gpu=8053J cpu=1784J (1256W)
rank 29 | iter 9 | objfunc_time: 9.078070 | solver_time: 7.734850 | construction_time: 0.629861 | energy: node=10877J gpu=8139J cpu=1760J (1195W)
rank 20 | iter 9 | objfunc_time: 9.077364 | solver_time: 7.666973 | construction_time: 0.589343 | energy: node=10515J gpu=7802J cpu=1445J (1155W)
rank 3 | iter 9 | objfunc_time: 9.076980 | solver_time: 7.681387 | construction_time: 0.678380 | energy: node=11061J gpu=7922J cpu=1672J (1215W)
rank 22 | iter 9 | objfunc_time: 8.649367 | solver_time: 7.783097 | construction_time: 0.623743 | energy: node=10538J gpu=7427J cpu=1552J (1157W)
rank 8 | iter 9 | objfunc_time: 8.929704 | solver_time: 7.683013 | construction_time: 0.594288 | energy: node=10675J gpu=7636J cpu=1567J (1172W)
rank 5 | iter 9 | objfunc_time: 9.076242 | solver_time: 7.724600 | construction_time: 0.626857 | energy: node=11073J gpu=7844J cpu=1314J (1216W)
rank 30 | iter 9 | objfunc_time: 9.076082 | solver_time: 7.719264 | construction_time: 0.624098 | energy: node=11196J gpu=7967J cpu=1433J (1230W)
rank 2 | iter 9 | objfunc_time: 9.075662 | solver_time: 7.767021 | construction_time: 0.676359 | energy: node=10621J gpu=7861J cpu=1701J (1167W)
rank 25 | iter 9 | objfunc_time: 9.075717 | solver_time: 7.674960 | construction_time: 0.629662 | energy: node=11095J gpu=8041J cpu=1547J (1219W)
rank 7 | iter 9 | objfunc_time: 8.928560 | solver_time: 7.720618 | construction_time: 0.627783 | energy: node=10973J gpu=7866J cpu=1451J (1205W)
rank 9 | iter 9 | objfunc_time: 8.933892 | solver_time: 7.703554 | construction_time: 0.640658 | energy: node=0J gpu=7842J cpu=1768J (0W)
rank 21 | iter 9 | objfunc_time: 9.074400 | solver_time: 7.718481 | construction_time: 0.627538 | energy: node=0J gpu=7842J cpu=1591J (0W)
rank 16 | iter 9 | objfunc_time: 8.934488 | solver_time: 7.757042 | construction_time: 0.593015 | energy: node=11116J gpu=7688J cpu=1687J (1221W)
rank 27 | iter 9 | objfunc_time: 9.074737 | solver_time: 7.744820 | construction_time: 0.624798 | energy: node=8136J gpu=5802J cpu=1329J (894W)
rank 6 | iter 9 | objfunc_time: 9.074573 | solver_time: 7.777103 | construction_time: 0.649801 | energy: node=11204J gpu=7697J cpu=1501J (1231W)
rank 10 | iter 9 | objfunc_time: 9.074525 | solver_time: 7.678837 | construction_time: 0.635916 | energy: node=11147J gpu=8011J cpu=1272J (1224W)
rank 12 | iter 9 | objfunc_time: 9.079761 | solver_time: 7.714651 | construction_time: 0.600560 | energy: node=11607J gpu=8093J cpu=1348J (1275W)
rank 23 | iter 9 | objfunc_time: 9.077431 | solver_time: 7.725608 | construction_time: 0.637036 | energy: node=10907J gpu=7913J cpu=1646J (1198W)
rank 18 | iter 9 | objfunc_time: 9.078649 | solver_time: 7.734816 | construction_time: 0.628377 | energy: node=10728J gpu=7995J cpu=1514J (1178W)
rank 28 | iter 9 | objfunc_time: 8.788183 | solver_time: 7.662842 | construction_time: 0.590364 | energy: node=11141J gpu=7589J cpu=1487J (1224W)
rank 13 | iter 9 | objfunc_time: 9.104909 | solver_time: 7.774993 | construction_time: 0.627340 | energy: node=11271J gpu=8287J cpu=1723J (1238W)
rank 14 | iter 9 | objfunc_time: 9.074807 | solver_time: 7.746876 | construction_time: 0.625718 | energy: node=11435J gpu=8109J cpu=1859J (1256W)
rank 11 | iter 9 | objfunc_time: 9.075523 | solver_time: 7.754720 | construction_time: 0.630744 | energy: node=11710J gpu=8038J cpu=1681J (1286W)
rank 0 | iter 9 | objfunc_time: 9.104913 | solver_time: 7.694821 | construction_time: 0.585630 | energy: node=11589J gpu=8228J cpu=1214J (1273W)
rank 17 | iter 9 | objfunc_time: 9.075742 | solver_time: 7.700292 | construction_time: 0.624093 | energy: node=11708J gpu=8259J cpu=1507J (1286W)
rank 4 | iter 10 | objfunc_time: 8.852591 | solver_time: 7.702936 | construction_time: 0.718711 | energy: node=10830J gpu=7517J cpu=1691J (1221W)
rank 26 | iter 10 | objfunc_time: 8.852226 | solver_time: 7.683993 | construction_time: 0.697389 | energy: node=10878J gpu=7255J cpu=1796J (1227W)
rank 1 | iter 10 | objfunc_time: 8.852358 | solver_time: 7.750274 | construction_time: 0.682018 | energy: node=10616J gpu=7695J cpu=1378J (1197W)
rank 12 | iter 10 | objfunc_time: 8.841265 | solver_time: 7.727031 | construction_time: 0.650481 | energy: node=11184J gpu=7661J cpu=1285J (1261W)
rank 19 | iter 10 | objfunc_time: 8.841657 | solver_time: 7.723022 | construction_time: 0.676926 | energy: node=10719J gpu=7604J cpu=1316J (1209W)
rank 15 | iter 10 | objfunc_time: 8.841622 | solver_time: 7.661803 | construction_time: 0.681824 | energy: node=10858J gpu=7812J cpu=1557J (1224W)
rank 24 | iter 10 | objfunc_time: 8.841867 | solver_time: 7.710231 | construction_time: 0.644147 | energy: node=11290J gpu=7832J cpu=1750J (1273W)
rank 18 | iter 10 | objfunc_time: 8.698386 | solver_time: 7.720031 | construction_time: 0.679095 | energy: node=10165J gpu=7416J cpu=1416J (1146W)
rank 23 | iter 10 | objfunc_time: 8.841476 | solver_time: 7.732294 | construction_time: 0.680627 | energy: node=10781J gpu=7704J cpu=1614J (1216W)
rank 7 | iter 10 | objfunc_time: 8.840014 | solver_time: 7.722153 | construction_time: 0.675674 | energy: node=10773J gpu=7662J cpu=1411J (1215W)
rank 22 | iter 10 | objfunc_time: 8.839697 | solver_time: 7.787616 | construction_time: 0.676230 | energy: node=11024J gpu=7869J cpu=1628J (1243W)
rank 5 | iter 10 | objfunc_time: 8.840019 | solver_time: 7.723376 | construction_time: 0.683667 | energy: node=10840J gpu=7559J cpu=1262J (1222W)
rank 28 | iter 10 | objfunc_time: 8.697480 | solver_time: 7.681337 | construction_time: 0.648837 | energy: node=10998J gpu=7472J cpu=1461J (1240W)
rank 30 | iter 10 | objfunc_time: 8.839923 | solver_time: 7.707116 | construction_time: 0.675371 | energy: node=11010J gpu=7769J cpu=1389J (1241W)
rank 8 | iter 10 | objfunc_time: 8.839772 | solver_time: 7.659051 | construction_time: 0.637908 | energy: node=10579J gpu=7554J cpu=1539J (1193W)
rank 25 | iter 10 | objfunc_time: 8.557792 | solver_time: 7.654913 | construction_time: 0.697724 | energy: node=4514J gpu=3100J cpu=645J (509W)
rank 2 | iter 10 | objfunc_time: 8.839833 | solver_time: 7.768410 | construction_time: 0.719688 | energy: node=10511J gpu=7559J cpu=1681J (1185W)
rank 13 | iter 10 | objfunc_time: 8.839355 | solver_time: 7.777753 | construction_time: 0.674711 | energy: node=10642J gpu=7672J cpu=1607J (1200W)
rank 17 | iter 10 | objfunc_time: 8.868355 | solver_time: 7.715431 | construction_time: 0.673968 | energy: node=11087J gpu=7649J cpu=1388J (1250W)
rank 16 | iter 10 | objfunc_time: 8.838894 | solver_time: 7.777785 | construction_time: 0.666649 | energy: node=11021J gpu=7514J cpu=1651J (1243W)
rank 11 | iter 10 | objfunc_time: 8.839885 | solver_time: 7.746299 | construction_time: 0.679345 | energy: node=11238J gpu=7574J cpu=1582J (1267W)
rank 14 | iter 10 | objfunc_time: 8.838995 | solver_time: 7.742962 | construction_time: 0.671330 | energy: node=10982J gpu=7674J cpu=1760J (1238W)
rank 21 | iter 10 | objfunc_time: 8.838051 | solver_time: 7.720287 | construction_time: 0.679684 | energy: node=0J gpu=7678J cpu=1575J (0W)
rank 9 | iter 10 | objfunc_time: 8.839355 | solver_time: 7.704489 | construction_time: 0.690777 | energy: node=0J gpu=7489J cpu=1708J (0W)
rank 27 | iter 10 | objfunc_time: 8.838356 | solver_time: 7.722016 | construction_time: 0.681473 | energy: node=13413J gpu=10311J cpu=2201J (1512W)
rank 10 | iter 10 | objfunc_time: 8.837984 | solver_time: 7.670702 | construction_time: 0.679538 | energy: node=10879J gpu=7728J cpu=1241J (1227W)
rank 0 | iter 10 | objfunc_time: 8.868347 | solver_time: 7.703146 | construction_time: 0.660199 | energy: node=11293J gpu=7942J cpu=1152J (1273W)
rank 20 | iter 10 | objfunc_time: 8.841087 | solver_time: 7.677073 | construction_time: 0.645133 | energy: node=10441J gpu=7729J cpu=1429J (1177W)
rank 29 | iter 10 | objfunc_time: 8.841241 | solver_time: 7.747659 | construction_time: 0.680478 | energy: node=10652J gpu=7850J cpu=1703J (1201W)
rank 6 | iter 10 | objfunc_time: 8.695564 | solver_time: 7.786144 | construction_time: 0.691024 | energy: node=11185J gpu=7677J cpu=1506J (1261W)
rank 3 | iter 10 | objfunc_time: 8.700791 | solver_time: 7.687985 | construction_time: 0.715048 | energy: node=11062J gpu=7904J cpu=1669J (1247W)
rank 29 | iter 11 | objfunc_time: 8.781153 | solver_time: 7.727652 | construction_time: 0.644014 | energy: node=10399J gpu=7627J cpu=1643J (1181W)
rank 26 | iter 11 | objfunc_time: 8.791618 | solver_time: 7.674718 | construction_time: 0.647134 | energy: node=11055J gpu=7425J cpu=1841J (1255W)
rank 1 | iter 11 | objfunc_time: 8.791357 | solver_time: 7.743990 | construction_time: 0.639895 | energy: node=10627J gpu=7735J cpu=1389J (1207W)
rank 10 | iter 11 | objfunc_time: 8.630670 | solver_time: 7.670855 | construction_time: 0.629193 | energy: node=10728J gpu=7611J cpu=1215J (1218W)
rank 15 | iter 11 | objfunc_time: 8.781129 | solver_time: 7.671261 | construction_time: 0.627169 | energy: node=10635J gpu=7612J cpu=1514J (1207W)
rank 0 | iter 11 | objfunc_time: 8.780745 | solver_time: 7.704953 | construction_time: 0.594410 | energy: node=10859J gpu=7558J cpu=1105J (1233W)
rank 24 | iter 11 | objfunc_time: 8.780799 | solver_time: 7.706452 | construction_time: 0.595876 | energy: node=11156J gpu=7735J cpu=1718J (1267W)
rank 20 | iter 11 | objfunc_time: 8.780164 | solver_time: 7.660880 | construction_time: 0.587482 | energy: node=10202J gpu=7461J cpu=1381J (1158W)
rank 23 | iter 11 | objfunc_time: 8.780132 | solver_time: 7.740379 | construction_time: 0.629500 | energy: node=10591J gpu=7460J cpu=1577J (1202W)
rank 4 | iter 11 | objfunc_time: 8.791948 | solver_time: 7.691096 | construction_time: 0.644415 | energy: node=10815J gpu=7521J cpu=1671J (1228W)
rank 28 | iter 11 | objfunc_time: 8.779997 | solver_time: 7.671006 | construction_time: 0.590719 | energy: node=11026J gpu=7552J cpu=1468J (1252W)
rank 3 | iter 11 | objfunc_time: 8.807669 | solver_time: 7.687477 | construction_time: 0.690018 | energy: node=11007J gpu=7882J cpu=1652J (1250W)
rank 22 | iter 11 | objfunc_time: 8.779410 | solver_time: 7.779401 | construction_time: 0.629949 | energy: node=10973J gpu=7857J cpu=1632J (1246W)
rank 5 | iter 11 | objfunc_time: 8.779248 | solver_time: 7.708185 | construction_time: 0.633448 | energy: node=10800J gpu=7564J cpu=1268J (1226W)
rank 8 | iter 11 | objfunc_time: 8.779121 | solver_time: 7.678290 | construction_time: 0.586180 | energy: node=10561J gpu=7484J cpu=1528J (1199W)
rank 25 | iter 11 | objfunc_time: 8.778895 | solver_time: 7.682960 | construction_time: 0.630654 | energy: node=10763J gpu=7765J cpu=1482J (1222W)
rank 7 | iter 11 | objfunc_time: 8.779672 | solver_time: 7.716127 | construction_time: 0.623638 | energy: node=10785J gpu=7702J cpu=1413J (1224W)
rank 2 | iter 11 | objfunc_time: 8.778614 | solver_time: 7.763732 | construction_time: 0.676945 | energy: node=10369J gpu=7624J cpu=1647J (1177W)
rank 17 | iter 11 | objfunc_time: 8.778290 | solver_time: 7.707841 | construction_time: 0.624558 | energy: node=11076J gpu=7655J cpu=1392J (1258W)
rank 16 | iter 11 | objfunc_time: 8.777752 | solver_time: 7.768318 | construction_time: 0.606563 | energy: node=11050J gpu=7582J cpu=1662J (1255W)
rank 14 | iter 11 | objfunc_time: 8.777461 | solver_time: 7.739894 | construction_time: 0.619075 | energy: node=9513J gpu=6640J cpu=1520J (1080W)
rank 9 | iter 11 | objfunc_time: 8.777950 | solver_time: 7.716839 | construction_time: 0.636377 | energy: node=0J gpu=7525J cpu=1716J (0W)
rank 13 | iter 11 | objfunc_time: 8.778915 | solver_time: 7.771097 | construction_time: 0.627731 | energy: node=10605J gpu=7700J cpu=1603J (1204W)
rank 21 | iter 11 | objfunc_time: 8.778315 | solver_time: 7.708266 | construction_time: 0.624532 | energy: node=0J gpu=7638J cpu=1554J (0W)
rank 27 | iter 11 | objfunc_time: 8.778132 | solver_time: 7.728831 | construction_time: 0.627144 | energy: node=10533J gpu=7587J cpu=1716J (1196W)
rank 6 | iter 11 | objfunc_time: 8.778018 | solver_time: 7.775091 | construction_time: 0.636312 | energy: node=11207J gpu=7731J cpu=1509J (1272W)
  Mean: 9.2852s
  Std:  0.3033s
  Node energy/grad: 11350.2 J
  GPU energy/grad:  8019.9 J
  Other energy/grad: 2157.4 J

======================================================================
Benchmark completed
Results written to: /capstor/scratch/cscs/aboudaou/workspace/dalia/artifact/plotting/data/fig6_raw_results.csv
======================================================================
rank 18 | iter 11 | objfunc_time: 8.781257 | solver_time: 7.729371 | construction_time: 0.621939 | energy: node=10636J gpu=7891J cpu=1497J (1208W)
rank 19 | iter 11 | objfunc_time: 8.780990 | solver_time: 7.734249 | construction_time: 0.622375 | energy: node=10847J gpu=7712J cpu=1327J (1232W)
rank 11 | iter 11 | objfunc_time: 8.631253 | solver_time: 7.754570 | construction_time: 0.629471 | energy: node=11069J gpu=7463J cpu=1559J (1257W)
rank 30 | iter 11 | objfunc_time: 8.779262 | solver_time: 7.707855 | construction_time: 0.622444 | energy: node=11143J gpu=7910J cpu=1416J (1265W)
rank 12 | iter 11 | objfunc_time: 8.779757 | solver_time: 7.729091 | construction_time: 0.600183 | energy: node=11285J gpu=7764J cpu=1289J (1281W)
Job finished at Sat 14 Mar 2026 10:38:11 PM CET
