Parsed parameters:
  max_iter: 250
  solver_min_p: 1
  profile: False
  precision: float64
  benchmark_mode: True
  n_benchmark_runs: 10
  benchmark_method: finite_diff
  output_csv: /capstor/scratch/cscs/aboudaou/workspace/dalia/artifact/plotting/data/fig6_raw_results.csv
--- sa1: Coregional (3-variate) Spatio-Temporal Model (distributed) ---

___________________________________ 
___  __ \__    |__  /____  _/__    |
__  / / /_  /| |_  /  __  / __  /| |
_  /_/ /_  ___ |  /____/ /  _  ___ |
/_____/ /_/  |_/_____/___/  /_/  |_|

╔═══════════════════════════════════════════════════════╗
║               Parallelization strategies              ║
║ ╒═══════════════════════════════════════════╤═══════╕ ║
║ │ Participating Processes / Total Processes │ 8 / 8 │ ║
║ ├───────────────────────────────────────────┼───────┤ ║
║ │ Parallelization through F()               │   8   │ ║
║ ├───────────────────────────────────────────┼───────┤ ║
║ │ Parallelization through Q()               │   1   │ ║
║ ├───────────────────────────────────────────┼───────┤ ║
║ │ Parallelization through S()               │   1   │ ║
║ ╘═══════════════════════════════════════════╧═══════╛ ║
╚═══════════════════════════════════════════════════════╝
╔═══════════════════════════════╗
║  Enabled Performance modules  ║
║ ╒═══════════════════╤═══════╕ ║
║ │ Array module      │ cupy  │ ║
║ ├───────────────────┼───────┤ ║
║ │ MPI available     │ True  │ ║
║ ├───────────────────┼───────┤ ║
║ │ Is MPI CUDA aware │ False │ ║
║ ├───────────────────┼───────┤ ║
║ │ Is NCCL available │ False │ ║
║ ╘═══════════════════╧═══════╛ ║
╚═══════════════════════════════╝
╔═══════════════════════════════════════╗
║             Memory Report             ║
║ ╒════════════════════════╤══════════╕ ║
║ │ Solver memory          │ 71.90 GB │ ║
║ ├────────────────────────┼──────────┤ ║
║ │ Total memory used      │ 79.26 GB │ ║
║ ├────────────────────────┼──────────┤ ║
║ │ Total memory available │ 79.49 GB │ ║
║ ╘════════════════════════╧══════════╛ ║
╚═══════════════════════════════════════╝
DALIA initialized.
Parsed parameters:
  max_iter: 250
  solver_min_p: 1
  profile: False
  precision: float64
  benchmark_mode: True
  n_benchmark_runs: 10
  benchmark_method: finite_diff
  output_csv: /capstor/scratch/cscs/aboudaou/workspace/dalia/artifact/plotting/data/fig6_raw_results.csv
rank 2 | iter 1 | objfunc_time: 34.581098 | solver_time: 30.836220 | construction_time: 2.595972 | energy: node=42039J gpu=31328J cpu=5655J (1215W)
Parsed parameters:
  max_iter: 250
  solver_min_p: 1
  profile: False
  precision: float64
  benchmark_mode: True
  n_benchmark_runs: 10
  benchmark_method: finite_diff
  output_csv: /capstor/scratch/cscs/aboudaou/workspace/dalia/artifact/plotting/data/fig6_raw_results.csv
rank 4 | iter 1 | objfunc_time: 34.422151 | solver_time: 30.758202 | construction_time: 2.472052 | energy: node=41616J gpu=30085J cpu=5796J (1203W)
Parsed parameters:
  max_iter: 250
  solver_min_p: 1
  profile: False
  precision: float64
  benchmark_mode: True
  n_benchmark_runs: 10
  benchmark_method: finite_diff
  output_csv: /capstor/scratch/cscs/aboudaou/workspace/dalia/artifact/plotting/data/fig6_raw_results.csv
rank 1 | iter 1 | objfunc_time: 34.566895 | solver_time: 31.041206 | construction_time: 2.608517 | energy: node=43676J gpu=30751J cpu=5686J (1262W)

======================================================================
GRADIENT BENCHMARK: sa1
======================================================================
Nodes: 8, Tasks: 8
Hyperparameters: 15
Benchmark runs: 10
Energy monitor: enabled (Cray PM counters)

Timing finite difference gradient...
Allocated an extra 0.97 GB for BTA_mapping caching (total: 72.87)
Allocated an extra 0.96 GB for BT_mapping caching (total: 73.83)
rank 0 | iter 1 | objfunc_time: 34.570026 | solver_time: 30.667758 | construction_time: 2.460666 | energy: node=42244J gpu=30174J cpu=5761J (1221W)
Parsed parameters:
  max_iter: 250
  solver_min_p: 1
  profile: False
  precision: float64
  benchmark_mode: True
  n_benchmark_runs: 10
  benchmark_method: finite_diff
  output_csv: /capstor/scratch/cscs/aboudaou/workspace/dalia/artifact/plotting/data/fig6_raw_results.csv
rank 3 | iter 1 | objfunc_time: 34.596181 | solver_time: 30.838936 | construction_time: 2.654643 | energy: node=42028J gpu=30771J cpu=4848J (1215W)
Parsed parameters:
  max_iter: 250
  solver_min_p: 1
  profile: False
  precision: float64
  benchmark_mode: True
  n_benchmark_runs: 10
  benchmark_method: finite_diff
  output_csv: /capstor/scratch/cscs/aboudaou/workspace/dalia/artifact/plotting/data/fig6_raw_results.csv
rank 5 | iter 1 | objfunc_time: 34.565461 | solver_time: 30.887554 | construction_time: 2.645868 | energy: node=42472J gpu=30692J cpu=6692J (1228W)
Parsed parameters:
  max_iter: 250
  solver_min_p: 1
  profile: False
  precision: float64
  benchmark_mode: True
  n_benchmark_runs: 10
  benchmark_method: finite_diff
  output_csv: /capstor/scratch/cscs/aboudaou/workspace/dalia/artifact/plotting/data/fig6_raw_results.csv
rank 6 | iter 1 | objfunc_time: 34.580012 | solver_time: 31.008375 | construction_time: 2.622224 | energy: node=41523J gpu=29692J cpu=5230J (1200W)
Parsed parameters:
  max_iter: 250
  solver_min_p: 1
  profile: False
  precision: float64
  benchmark_mode: True
  n_benchmark_runs: 10
  benchmark_method: finite_diff
  output_csv: /capstor/scratch/cscs/aboudaou/workspace/dalia/artifact/plotting/data/fig6_raw_results.csv
rank 7 | iter 1 | objfunc_time: 34.596196 | solver_time: 23.302807 | construction_time: 1.928984 | energy: node=39537J gpu=28314J cpu=6037J (1143W)
rank 2 | iter 2 | objfunc_time: 34.607460 | solver_time: 30.870460 | construction_time: 2.602527 | energy: node=42210J gpu=31338J cpu=5724J (1219W)
rank 6 | iter 2 | objfunc_time: 34.607474 | solver_time: 31.021045 | construction_time: 2.642700 | energy: node=41355J gpu=30060J cpu=5199J (1194W)
rank 0 | iter 2 | objfunc_time: 34.596322 | solver_time: 30.661397 | construction_time: 2.468792 | energy: node=42193J gpu=30142J cpu=5765J (1219W)
rank 5 | iter 2 | objfunc_time: 34.448716 | solver_time: 30.896178 | construction_time: 2.641122 | energy: node=42454J gpu=30649J cpu=6696J (1226W)
rank 1 | iter 2 | objfunc_time: 34.593932 | solver_time: 31.051555 | construction_time: 2.607094 | energy: node=43537J gpu=30674J cpu=5655J (1257W)
rank 3 | iter 2 | objfunc_time: 34.593384 | solver_time: 30.837778 | construction_time: 2.645974 | energy: node=42181J gpu=30912J cpu=4856J (1218W)
rank 7 | iter 2 | objfunc_time: 34.623343 | solver_time: 23.305574 | construction_time: 1.978296 | energy: node=36470J gpu=26244J cpu=5384J (1053W)
rank 4 | iter 2 | objfunc_time: 34.448757 | solver_time: 30.746062 | construction_time: 2.475247 | energy: node=41594J gpu=30052J cpu=5802J (1201W)
rank 2 | iter 3 | objfunc_time: 34.659790 | solver_time: 30.871058 | construction_time: 2.600990 | energy: node=42268J gpu=31379J cpu=5734J (1219W)
rank 6 | iter 3 | objfunc_time: 34.659242 | solver_time: 31.031294 | construction_time: 2.623043 | energy: node=41395J gpu=30181J cpu=5192J (1194W)
rank 0 | iter 3 | objfunc_time: 34.504489 | solver_time: 30.657172 | construction_time: 2.464889 | energy: node=42317J gpu=30155J cpu=5774J (1220W)
rank 3 | iter 3 | objfunc_time: 34.647555 | solver_time: 30.849452 | construction_time: 2.645771 | energy: node=42188J gpu=30602J cpu=4822J (1217W)
rank 7 | iter 3 | objfunc_time: 34.645924 | solver_time: 23.287324 | construction_time: 1.930236 | energy: node=38210J gpu=28865J cpu=5781J (1102W)
rank 5 | iter 3 | objfunc_time: 34.646701 | solver_time: 30.892511 | construction_time: 2.689712 | energy: node=42762J gpu=30940J cpu=6747J (1233W)
rank 4 | iter 3 | objfunc_time: 34.675552 | solver_time: 30.769128 | construction_time: 2.466480 | energy: node=41983J gpu=30430J cpu=5867J (1211W)
rank 1 | iter 3 | objfunc_time: 34.646449 | solver_time: 31.050821 | construction_time: 2.665615 | energy: node=44161J gpu=31125J cpu=5785J (1274W)
rank 2 | iter 4 | objfunc_time: 34.625202 | solver_time: 30.860656 | construction_time: 2.644371 | energy: node=42192J gpu=31251J cpu=5726J (1218W)
rank 6 | iter 4 | objfunc_time: 34.623901 | solver_time: 31.014040 | construction_time: 2.653775 | energy: node=41488J gpu=30220J cpu=5230J (1198W)
rank 5 | iter 4 | objfunc_time: 34.611874 | solver_time: 30.893445 | construction_time: 2.651913 | energy: node=40408J gpu=29097J cpu=6363J (1166W)
rank 0 | iter 4 | objfunc_time: 34.610361 | solver_time: 30.655161 | construction_time: 2.467175 | energy: node=42161J gpu=30238J cpu=5748J (1217W)
rank 1 | iter 4 | objfunc_time: 34.640288 | solver_time: 31.065959 | construction_time: 2.646338 | energy: node=43735J gpu=30673J cpu=5733J (1263W)
rank 3 | iter 4 | objfunc_time: 34.467064 | solver_time: 30.842485 | construction_time: 2.659731 | energy: node=41652J gpu=30328J cpu=4772J (1202W)
rank 4 | iter 4 | objfunc_time: 34.331376 | solver_time: 30.747383 | construction_time: 2.474901 | energy: node=41480J gpu=29990J cpu=5770J (1197W)
rank 7 | iter 4 | objfunc_time: 34.610737 | solver_time: 23.279519 | construction_time: 1.981779 | energy: node=39292J gpu=28234J cpu=5989J (1134W)
rank 2 | iter 5 | objfunc_time: 34.779271 | solver_time: 30.873396 | construction_time: 2.682449 | energy: node=42500J gpu=31511J cpu=5771J (1221W)
rank 4 | iter 5 | objfunc_time: 34.778699 | solver_time: 30.763939 | construction_time: 2.474290 | energy: node=41791J gpu=30312J cpu=5860J (1201W)
rank 5 | iter 5 | objfunc_time: 34.776664 | solver_time: 30.891304 | construction_time: 2.621922 | energy: node=45288J gpu=33220J cpu=7128J (1301W)
rank 7 | iter 5 | objfunc_time: 34.805932 | solver_time: 23.275888 | construction_time: 1.924930 | energy: node=38136J gpu=27470J cpu=5752J (1096W)
rank 3 | iter 5 | objfunc_time: 34.486982 | solver_time: 30.843742 | construction_time: 2.649353 | energy: node=41687J gpu=30561J cpu=4795J (1198W)
rank 0 | iter 5 | objfunc_time: 34.780031 | solver_time: 30.663957 | construction_time: 2.489635 | energy: node=42410J gpu=30352J cpu=5813J (1218W)
rank 1 | iter 5 | objfunc_time: 34.630407 | solver_time: 31.063890 | construction_time: 2.637010 | energy: node=43792J gpu=30679J cpu=5753J (1258W)
rank 6 | iter 5 | objfunc_time: 34.776939 | solver_time: 31.020132 | construction_time: 2.643296 | energy: node=41767J gpu=30407J cpu=5262J (1200W)
rank 4 | iter 6 | objfunc_time: 34.577051 | solver_time: 30.744598 | construction_time: 2.469801 | energy: node=41518J gpu=30064J cpu=5786J (1200W)
rank 0 | iter 6 | objfunc_time: 34.298258 | solver_time: 30.673983 | construction_time: 2.469196 | energy: node=41895J gpu=29851J cpu=5724J (1211W)
rank 1 | iter 6 | objfunc_time: 34.604904 | solver_time: 31.059900 | construction_time: 2.627359 | energy: node=43595J gpu=30813J cpu=5730J (1260W)
rank 5 | iter 6 | objfunc_time: 34.575761 | solver_time: 30.911878 | construction_time: 2.623256 | energy: node=42449J gpu=30593J cpu=6703J (1227W)
rank 7 | iter 6 | objfunc_time: 34.576153 | solver_time: 23.282176 | construction_time: 1.985128 | energy: node=40613J gpu=30260J cpu=6318J (1174W)
rank 3 | iter 6 | objfunc_time: 34.575323 | solver_time: 30.838845 | construction_time: 2.654052 | energy: node=42183J gpu=30789J cpu=4872J (1219W)
rank 6 | iter 6 | objfunc_time: 34.604880 | solver_time: 31.010997 | construction_time: 2.654431 | energy: node=41318J gpu=30062J cpu=5185J (1194W)
rank 2 | iter 6 | objfunc_time: 34.578694 | solver_time: 30.881861 | construction_time: 2.669625 | energy: node=42394J gpu=31488J cpu=5788J (1225W)
rank 6 | iter 7 | objfunc_time: 35.055840 | solver_time: 31.012867 | construction_time: 2.657221 | energy: node=41697J gpu=30443J cpu=5260J (1188W)
rank 2 | iter 7 | objfunc_time: 35.085762 | solver_time: 30.865964 | construction_time: 2.664103 | energy: node=38687J gpu=28689J cpu=5279J (1103W)
rank 1 | iter 7 | objfunc_time: 34.637551 | solver_time: 31.071900 | construction_time: 2.633864 | energy: node=43788J gpu=30616J cpu=5753J (1248W)
rank 5 | iter 7 | objfunc_time: 35.056515 | solver_time: 30.912377 | construction_time: 2.605994 | energy: node=42611J gpu=30802J cpu=6700J (1214W)
rank 3 | iter 7 | objfunc_time: 34.913101 | solver_time: 30.842803 | construction_time: 2.642840 | energy: node=42301J gpu=30927J cpu=4893J (1206W)
rank 0 | iter 7 | objfunc_time: 35.061162 | solver_time: 30.652437 | construction_time: 2.482943 | energy: node=42664J gpu=30440J cpu=5866J (1216W)
rank 7 | iter 7 | objfunc_time: 35.056397 | solver_time: 23.298298 | construction_time: 1.930738 | energy: node=39651J gpu=28471J cpu=6096J (1130W)
rank 4 | iter 7 | objfunc_time: 35.058864 | solver_time: 30.752914 | construction_time: 2.477575 | energy: node=42418J gpu=30747J cpu=6001J (1209W)
rank 0 | iter 8 | objfunc_time: 34.617867 | solver_time: 30.668762 | construction_time: 2.510931 | energy: node=42200J gpu=30093J cpu=5782J (1218W)
rank 2 | iter 8 | objfunc_time: 34.618517 | solver_time: 30.869333 | construction_time: 2.650065 | energy: node=46386J gpu=34069J cpu=6346J (1339W)
rank 4 | iter 8 | objfunc_time: 34.645235 | solver_time: 30.749657 | construction_time: 2.480858 | energy: node=41770J gpu=30247J cpu=5848J (1206W)
rank 6 | iter 8 | objfunc_time: 34.628650 | solver_time: 31.019817 | construction_time: 2.646792 | energy: node=41348J gpu=30021J cpu=5203J (1193W)
rank 5 | iter 8 | objfunc_time: 34.616210 | solver_time: 30.909992 | construction_time: 2.616340 | energy: node=43297J gpu=31974J cpu=6880J (1250W)
rank 1 | iter 8 | objfunc_time: 34.616260 | solver_time: 31.067809 | construction_time: 2.627229 | energy: node=43509J gpu=30492J cpu=5711J (1256W)
rank 7 | iter 8 | objfunc_time: 34.469970 | solver_time: 23.270986 | construction_time: 1.974725 | energy: node=39010J gpu=28090J cpu=5950J (1126W)
rank 3 | iter 8 | objfunc_time: 34.616216 | solver_time: 30.836573 | construction_time: 2.651412 | energy: node=41972J gpu=30556J cpu=4850J (1211W)
rank 0 | iter 9 | objfunc_time: 34.630118 | solver_time: 30.702748 | construction_time: 2.499450 | energy: node=42209J gpu=30140J cpu=5799J (1219W)
rank 2 | iter 9 | objfunc_time: 34.630137 | solver_time: 30.863943 | construction_time: 2.653481 | energy: node=42286J gpu=31448J cpu=5734J (1221W)
rank 4 | iter 9 | objfunc_time: 34.630118 | solver_time: 30.767238 | construction_time: 2.513853 | energy: node=41654J gpu=30200J cpu=5814J (1203W)
rank 6 | iter 9 | objfunc_time: 34.630173 | solver_time: 31.023776 | construction_time: 2.645386 | energy: node=41447J gpu=30257J cpu=5189J (1197W)
rank 5 | iter 9 | objfunc_time: 34.630112 | solver_time: 30.927441 | construction_time: 2.630220 | energy: node=42548J gpu=30752J cpu=6686J (1229W)
rank 7 | iter 9 | objfunc_time: 34.630141 | solver_time: 23.292781 | construction_time: 1.927695 | energy: node=39147J gpu=28045J cpu=6010J (1130W)
rank 1 | iter 9 | objfunc_time: 34.630121 | solver_time: 31.091632 | construction_time: 2.617873 | energy: node=43754J gpu=30676J cpu=5733J (1263W)
rank 3 | iter 9 | objfunc_time: 34.630116 | solver_time: 30.843461 | construction_time: 2.638445 | energy: node=42215J gpu=30991J cpu=4905J (1219W)
rank 0 | iter 10 | objfunc_time: 34.716614 | solver_time: 30.692274 | construction_time: 2.510229 | energy: node=42333J gpu=30069J cpu=5857J (1219W)
rank 4 | iter 10 | objfunc_time: 34.705633 | solver_time: 30.729849 | construction_time: 2.465627 | energy: node=41723J gpu=30453J cpu=5809J (1201W)
rank 6 | iter 10 | objfunc_time: 34.564947 | solver_time: 30.995629 | construction_time: 2.656785 | energy: node=41371J gpu=30162J cpu=5227J (1191W)
rank 2 | iter 10 | objfunc_time: 34.705895 | solver_time: 30.890216 | construction_time: 2.658638 | energy: node=42301J gpu=31362J cpu=5771J (1218W)
rank 5 | iter 10 | objfunc_time: 34.558322 | solver_time: 30.882736 | construction_time: 2.610590 | energy: node=42433J gpu=30574J cpu=6655J (1222W)
rank 3 | iter 10 | objfunc_time: 34.732656 | solver_time: 30.855171 | construction_time: 2.658458 | energy: node=41979J gpu=30698J cpu=4843J (1209W)
rank 1 | iter 10 | objfunc_time: 34.703703 | solver_time: 31.058037 | construction_time: 2.630814 | energy: node=43739J gpu=30821J cpu=5731J (1259W)
rank 7 | iter 10 | objfunc_time: 34.562487 | solver_time: 23.288436 | construction_time: 1.978482 | energy: node=39370J gpu=28323J cpu=6032J (1134W)
rank 0 | iter 11 | objfunc_time: 35.001459 | solver_time: 30.680317 | construction_time: 2.494558 | energy: node=42509J gpu=30338J cpu=5874J (1214W)
rank 6 | iter 11 | objfunc_time: 34.570759 | solver_time: 31.018985 | construction_time: 2.650801 | energy: node=41207J gpu=29915J cpu=5173J (1177W)
rank 4 | iter 11 | objfunc_time: 34.991481 | solver_time: 30.748040 | construction_time: 2.473830 | energy: node=41885J gpu=30346J cpu=5854J (1196W)
rank 2 | iter 11 | objfunc_time: 34.988983 | solver_time: 30.910691 | construction_time: 2.645374 | energy: node=42466J gpu=31515J cpu=5817J (1213W)
rank 1 | iter 11 | objfunc_time: 34.988882 | solver_time: 31.055237 | construction_time: 2.628570 | energy: node=44008J gpu=31052J cpu=5773J (1257W)
rank 5 | iter 11 | objfunc_time: 34.989038 | solver_time: 30.908503 | construction_time: 2.608509 | energy: node=42619J gpu=30602J cpu=6702J (1217W)
rank 3 | iter 11 | objfunc_time: 34.569732 | solver_time: 30.846068 | construction_time: 2.648755 | energy: node=41888J gpu=30796J cpu=4836J (1196W)
rank 7 | iter 11 | objfunc_time: 35.017908 | solver_time: 23.295555 | construction_time: 1.924477 | energy: node=39419J gpu=27581J cpu=6045J (1126W)
  Mean: 35.0168s
  Std:  0.2250s
  Node energy/grad: 42525.4 J
  GPU energy/grad:  30350.3 J
  Other energy/grad: 6327.0 J

======================================================================
Benchmark completed
Results written to: /capstor/scratch/cscs/aboudaou/workspace/dalia/artifact/plotting/data/fig6_raw_results.csv
======================================================================
Job finished at Sat 14 Mar 2026 10:43:18 PM CET
