Parsed parameters:
  max_iter: 250
  solver_min_p: 1
  profile: False
  precision: float64
  benchmark_mode: True
  n_benchmark_runs: 10
  benchmark_method: finite_diff
  output_csv: /capstor/scratch/cscs/aboudaou/workspace/dalia/artifact/plotting/data/fig6_raw_results.csv
--- sa1: Coregional (3-variate) Spatio-Temporal Model (distributed) ---

___________________________________ 
___  __ \__    |__  /____  _/__    |
__  / / /_  /| |_  /  __  / __  /| |
_  /_/ /_  ___ |  /____/ /  _  ___ |
/_____/ /_/  |_/_____/___/  /_/  |_|

╔═══════════════════════════════════════════════════════╗
║               Parallelization strategies              ║
║ ╒═══════════════════════════════════════════╤═══════╕ ║
║ │ Participating Processes / Total Processes │ 2 / 2 │ ║
║ ├───────────────────────────────────────────┼───────┤ ║
║ │ Parallelization through F()               │   2   │ ║
║ ├───────────────────────────────────────────┼───────┤ ║
║ │ Parallelization through Q()               │   1   │ ║
║ ├───────────────────────────────────────────┼───────┤ ║
║ │ Parallelization through S()               │   1   │ ║
║ ╘═══════════════════════════════════════════╧═══════╛ ║
╚═══════════════════════════════════════════════════════╝
╔═══════════════════════════════╗
║  Enabled Performance modules  ║
║ ╒═══════════════════╤═══════╕ ║
║ │ Array module      │ cupy  │ ║
║ ├───────────────────┼───────┤ ║
║ │ MPI available     │ True  │ ║
║ ├───────────────────┼───────┤ ║
║ │ Is MPI CUDA aware │ False │ ║
║ ├───────────────────┼───────┤ ║
║ │ Is NCCL available │ False │ ║
║ ╘═══════════════════╧═══════╛ ║
╚═══════════════════════════════╝
╔═══════════════════════════════════════╗
║             Memory Report             ║
║ ╒════════════════════════╤══════════╕ ║
║ │ Solver memory          │ 71.90 GB │ ║
║ ├────────────────────────┼──────────┤ ║
║ │ Total memory used      │ 79.26 GB │ ║
║ ├────────────────────────┼──────────┤ ║
║ │ Total memory available │ 79.46 GB │ ║
║ ╘════════════════════════╧══════════╛ ║
╚═══════════════════════════════════════╝
DALIA initialized.

======================================================================
GRADIENT BENCHMARK: sa1
======================================================================
Nodes: 2, Tasks: 2
Hyperparameters: 15
Benchmark runs: 10
Energy monitor: enabled (Cray PM counters)

Timing finite difference gradient...
Allocated an extra 0.97 GB for BTA_mapping caching (total: 72.87)
Allocated an extra 0.96 GB for BT_mapping caching (total: 73.83)
rank 0 | iter 1 | objfunc_time: 136.315874 | solver_time: 123.256265 | construction_time: 10.052018 | energy: node=173204J gpu=124502J cpu=26026J (1271W)
Parsed parameters:
  max_iter: 250
  solver_min_p: 1
  profile: False
  precision: float64
  benchmark_mode: True
  n_benchmark_runs: 10
  benchmark_method: finite_diff
  output_csv: /capstor/scratch/cscs/aboudaou/workspace/dalia/artifact/plotting/data/fig6_raw_results.csv
rank 1 | iter 1 | objfunc_time: 136.315864 | solver_time: 115.552632 | construction_time: 9.849479 | energy: node=165307J gpu=116291J cpu=18708J (1213W)
rank 0 | iter 2 | objfunc_time: 136.305508 | solver_time: 123.301013 | construction_time: 10.019283 | energy: node=173051J gpu=124526J cpu=25966J (1270W)
rank 1 | iter 2 | objfunc_time: 136.305489 | solver_time: 115.616572 | construction_time: 10.005562 | energy: node=165226J gpu=117420J cpu=18573J (1212W)
rank 0 | iter 3 | objfunc_time: 136.283304 | solver_time: 123.290527 | construction_time: 10.011194 | energy: node=172739J gpu=124237J cpu=25936J (1267W)
rank 1 | iter 3 | objfunc_time: 136.310082 | solver_time: 115.527663 | construction_time: 9.914454 | energy: node=164999J gpu=117472J cpu=18636J (1210W)
rank 1 | iter 4 | objfunc_time: 136.323529 | solver_time: 115.581596 | construction_time: 9.980832 | energy: node=164934J gpu=117255J cpu=18671J (1210W)
rank 0 | iter 4 | objfunc_time: 136.323509 | solver_time: 123.349583 | construction_time: 10.000807 | energy: node=172915J gpu=123682J cpu=25959J (1268W)
rank 1 | iter 5 | objfunc_time: 136.311060 | solver_time: 115.704715 | construction_time: 9.899042 | energy: node=165333J gpu=117277J cpu=18777J (1213W)
rank 0 | iter 5 | objfunc_time: 136.311062 | solver_time: 123.285609 | construction_time: 10.040144 | energy: node=173301J gpu=124655J cpu=26006J (1271W)
rank 1 | iter 6 | objfunc_time: 136.407221 | solver_time: 115.636341 | construction_time: 10.008031 | energy: node=165214J gpu=117470J cpu=18763J (1211W)
rank 0 | iter 6 | objfunc_time: 136.407236 | solver_time: 123.239241 | construction_time: 10.125825 | energy: node=173618J gpu=124098J cpu=26095J (1273W)
rank 1 | iter 7 | objfunc_time: 136.346743 | solver_time: 115.599955 | construction_time: 9.923551 | energy: node=165492J gpu=117352J cpu=18785J (1214W)
rank 0 | iter 7 | objfunc_time: 136.346760 | solver_time: 123.300113 | construction_time: 10.050328 | energy: node=173435J gpu=124254J cpu=25952J (1272W)
rank 0 | iter 8 | objfunc_time: 136.386609 | solver_time: 123.320988 | construction_time: 10.068334 | energy: node=173298J gpu=124255J cpu=25971J (1271W)
rank 1 | iter 8 | objfunc_time: 136.386605 | solver_time: 115.687233 | construction_time: 9.969523 | energy: node=165844J gpu=117061J cpu=18834J (1216W)
rank 0 | iter 9 | objfunc_time: 136.342512 | solver_time: 123.306749 | construction_time: 10.048573 | energy: node=174451J gpu=125256J cpu=26235J (1279W)
rank 1 | iter 9 | objfunc_time: 136.367651 | solver_time: 115.747551 | construction_time: 9.832815 | energy: node=165957J gpu=117313J cpu=18871J (1217W)
rank 1 | iter 10 | objfunc_time: 136.638443 | solver_time: 115.701357 | construction_time: 9.980956 | energy: node=166566J gpu=117707J cpu=18926J (1219W)
rank 0 | iter 10 | objfunc_time: 136.638447 | solver_time: 123.411354 | construction_time: 10.173404 | energy: node=175023J gpu=125231J cpu=26411J (1281W)
rank 0 | iter 11 | objfunc_time: 136.521233 | solver_time: 123.391039 | construction_time: 10.102396 | energy: node=174845J gpu=124138J cpu=26289J (1281W)
rank 1 | iter 11 | objfunc_time: 136.491986 | solver_time: 115.670737 | construction_time: 9.863719 | energy: node=166637J gpu=117781J cpu=18960J (1221W)
  Mean: 136.5070s
  Std:  0.2169s
  Node energy/grad: 173702.1 J
  GPU energy/grad:  124461.6 J
  Other energy/grad: 23152.7 J

======================================================================
Benchmark completed
Results written to: /capstor/scratch/cscs/aboudaou/workspace/dalia/artifact/plotting/data/fig6_raw_results.csv
======================================================================
Job finished at Sat 14 Mar 2026 11:03:36 PM CET
