Parsed parameters:
  max_iter: 250
  solver_min_p: 1
  profile: False
  precision: float64
  benchmark_mode: True
  n_benchmark_runs: 10
  benchmark_method: finite_diff
  output_csv: /capstor/scratch/cscs/aboudaou/workspace/dalia/artifact/plotting/data/fig6_raw_results.csv
--- gst_coreg3_small: Coregional (3-variate) Spatio-Temporal Model ---

___________________________________ 
___  __ \__    |__  /____  _/__    |
__  / / /_  /| |_  /  __  / __  /| |
_  /_/ /_  ___ |  /____/ /  _  ___ |
/_____/ /_/  |_/_____/___/  /_/  |_|

╔═══════════════════════════════════════════════════════╗
║               Parallelization strategies              ║
║ ╒═══════════════════════════════════════════╤═══════╕ ║
║ │ Participating Processes / Total Processes │ 8 / 8 │ ║
║ ├───────────────────────────────────────────┼───────┤ ║
║ │ Parallelization through F()               │   8   │ ║
║ ├───────────────────────────────────────────┼───────┤ ║
║ │ Parallelization through Q()               │   1   │ ║
║ ├───────────────────────────────────────────┼───────┤ ║
║ │ Parallelization through S()               │   1   │ ║
║ ╘═══════════════════════════════════════════╧═══════╛ ║
╚═══════════════════════════════════════════════════════╝
╔═══════════════════════════════╗
║  Enabled Performance modules  ║
║ ╒═══════════════════╤═══════╕ ║
║ │ Array module      │ cupy  │ ║
║ ├───────────────────┼───────┤ ║
║ │ MPI available     │ True  │ ║
║ ├───────────────────┼───────┤ ║
║ │ Is MPI CUDA aware │ False │ ║
║ ├───────────────────┼───────┤ ║
║ │ Is NCCL available │ False │ ║
║ ╘═══════════════════╧═══════╛ ║
╚═══════════════════════════════╝
╔════════════════════════════════════════╗
║             Memory Report              ║
║ ╒════════════════════════╤═══════════╕ ║
║ │ Solver memory          │ 129.27 MB │ ║
║ ├────────────────────────┼───────────┤ ║
║ │ Total memory used      │ 195.36 MB │ ║
║ ├────────────────────────┼───────────┤ ║
║ │ Total memory available │ 200.13 MB │ ║
║ ╘════════════════════════╧═══════════╛ ║
╚════════════════════════════════════════╝
DALIA initialized.

======================================================================
GRADIENT BENCHMARK: gst_coreg3_small
======================================================================
Nodes: 8, Tasks: 8
Hyperparameters: 15
Benchmark runs: 10
Energy monitor: enabled (Cray PM counters)

Timing finite difference gradient...
Allocated an extra 0.01 GB for BTA_mapping caching (total: 0.13)
Allocated an extra 0.01 GB for BT_mapping caching (total: 0.14)
rank 0 | iter 1 | objfunc_time: 2.331849 | solver_time: 0.307032 | construction_time: 1.759742
Parsed parameters:
  max_iter: 250
  solver_min_p: 1
  profile: False
  precision: float64
  benchmark_mode: True
  n_benchmark_runs: 10
  benchmark_method: finite_diff
  output_csv: /capstor/scratch/cscs/aboudaou/workspace/dalia/artifact/plotting/data/fig6_raw_results.csv
rank 2 | iter 1 | objfunc_time: 2.331849 | solver_time: 0.310221 | construction_time: 1.556819
Parsed parameters:
  max_iter: 250
  solver_min_p: 1
  profile: False
  precision: float64
  benchmark_mode: True
  n_benchmark_runs: 10
  benchmark_method: finite_diff
  output_csv: /capstor/scratch/cscs/aboudaou/workspace/dalia/artifact/plotting/data/fig6_raw_results.csv
rank 7 | iter 1 | objfunc_time: 2.331850 | solver_time: 0.233736 | construction_time: 1.197088
Parsed parameters:
  max_iter: 250
  solver_min_p: 1
  profile: False
  precision: float64
  benchmark_mode: True
  n_benchmark_runs: 10
  benchmark_method: finite_diff
  output_csv: /capstor/scratch/cscs/aboudaou/workspace/dalia/artifact/plotting/data/fig6_raw_results.csv
rank 5 | iter 1 | objfunc_time: 2.331850 | solver_time: 0.321482 | construction_time: 1.638712
Parsed parameters:
  max_iter: 250
  solver_min_p: 1
  profile: False
  precision: float64
  benchmark_mode: True
  n_benchmark_runs: 10
  benchmark_method: finite_diff
  output_csv: /capstor/scratch/cscs/aboudaou/workspace/dalia/artifact/plotting/data/fig6_raw_results.csv
rank 4 | iter 1 | objfunc_time: 2.331849 | solver_time: 0.315519 | construction_time: 1.773133
Parsed parameters:
  max_iter: 250
  solver_min_p: 1
  profile: False
  precision: float64
  benchmark_mode: True
  n_benchmark_runs: 10
  benchmark_method: finite_diff
  output_csv: /capstor/scratch/cscs/aboudaou/workspace/dalia/artifact/plotting/data/fig6_raw_results.csv
rank 6 | iter 1 | objfunc_time: 2.331854 | solver_time: 0.313333 | construction_time: 1.543281
Parsed parameters:
  max_iter: 250
  solver_min_p: 1
  profile: False
  precision: float64
  benchmark_mode: True
  n_benchmark_runs: 10
  benchmark_method: finite_diff
  output_csv: /capstor/scratch/cscs/aboudaou/workspace/dalia/artifact/plotting/data/fig6_raw_results.csv
rank 1 | iter 1 | objfunc_time: 2.331848 | solver_time: 0.309035 | construction_time: 1.531892
Parsed parameters:
  max_iter: 250
  solver_min_p: 1
  profile: False
  precision: float64
  benchmark_mode: True
  n_benchmark_runs: 10
  benchmark_method: finite_diff
  output_csv: /capstor/scratch/cscs/aboudaou/workspace/dalia/artifact/plotting/data/fig6_raw_results.csv
rank 3 | iter 1 | objfunc_time: 2.331851 | solver_time: 0.307384 | construction_time: 1.547203
rank 0 | iter 2 | objfunc_time: 2.329805 | solver_time: 0.307273 | construction_time: 1.756511
rank 6 | iter 2 | objfunc_time: 2.329812 | solver_time: 0.308950 | construction_time: 1.546817
rank 3 | iter 2 | objfunc_time: 2.329806 | solver_time: 0.307996 | construction_time: 1.548581
rank 5 | iter 2 | objfunc_time: 2.329804 | solver_time: 0.315763 | construction_time: 1.633422
rank 4 | iter 2 | objfunc_time: 2.329806 | solver_time: 0.309996 | construction_time: 1.773057
rank 1 | iter 2 | objfunc_time: 2.329807 | solver_time: 0.309952 | construction_time: 1.522492
rank 2 | iter 2 | objfunc_time: 2.329807 | solver_time: 0.307121 | construction_time: 1.552094
rank 7 | iter 2 | objfunc_time: 2.329809 | solver_time: 0.237384 | construction_time: 1.252067
rank 0 | iter 3 | objfunc_time: 2.327544 | solver_time: 0.305080 | construction_time: 1.764017
rank 1 | iter 3 | objfunc_time: 2.327545 | solver_time: 0.306362 | construction_time: 1.527186
rank 3 | iter 3 | objfunc_time: 2.327548 | solver_time: 0.310664 | construction_time: 1.537030
rank 2 | iter 3 | objfunc_time: 2.327543 | solver_time: 0.308773 | construction_time: 1.545714
rank 7 | iter 3 | objfunc_time: 2.327547 | solver_time: 0.240071 | construction_time: 1.233849
rank 5 | iter 3 | objfunc_time: 2.327545 | solver_time: 0.313477 | construction_time: 1.642175
rank 4 | iter 3 | objfunc_time: 2.327543 | solver_time: 0.310899 | construction_time: 1.774882
rank 6 | iter 3 | objfunc_time: 2.327541 | solver_time: 0.309482 | construction_time: 1.546371
rank 0 | iter 4 | objfunc_time: 2.319117 | solver_time: 0.309165 | construction_time: 1.755096
rank 6 | iter 4 | objfunc_time: 2.319119 | solver_time: 0.309124 | construction_time: 1.543703
rank 3 | iter 4 | objfunc_time: 2.319121 | solver_time: 0.309043 | construction_time: 1.538262
rank 2 | iter 4 | objfunc_time: 2.319117 | solver_time: 0.309784 | construction_time: 1.554585
rank 7 | iter 4 | objfunc_time: 2.319123 | solver_time: 0.234224 | construction_time: 1.235482
rank 5 | iter 4 | objfunc_time: 2.319119 | solver_time: 0.315055 | construction_time: 1.642169
rank 4 | iter 4 | objfunc_time: 2.319118 | solver_time: 0.310595 | construction_time: 1.767269
rank 1 | iter 4 | objfunc_time: 2.319120 | solver_time: 0.304218 | construction_time: 1.526812
rank 0 | iter 5 | objfunc_time: 2.329359 | solver_time: 0.311500 | construction_time: 1.759601
rank 7 | iter 5 | objfunc_time: 2.329361 | solver_time: 0.235208 | construction_time: 1.236120
rank 6 | iter 5 | objfunc_time: 2.329365 | solver_time: 0.309770 | construction_time: 1.540387
rank 1 | iter 5 | objfunc_time: 2.329359 | solver_time: 0.309686 | construction_time: 1.526676
rank 3 | iter 5 | objfunc_time: 2.329361 | solver_time: 0.308060 | construction_time: 1.544099
rank 2 | iter 5 | objfunc_time: 2.329362 | solver_time: 0.308031 | construction_time: 1.545360
rank 5 | iter 5 | objfunc_time: 2.329363 | solver_time: 0.324385 | construction_time: 1.621859
rank 4 | iter 5 | objfunc_time: 2.329359 | solver_time: 0.309307 | construction_time: 1.773711
rank 0 | iter 6 | objfunc_time: 2.329398 | solver_time: 0.309668 | construction_time: 1.758316
rank 6 | iter 6 | objfunc_time: 2.329403 | solver_time: 0.311048 | construction_time: 1.551036
rank 1 | iter 6 | objfunc_time: 2.329400 | solver_time: 0.304854 | construction_time: 1.530187
rank 2 | iter 6 | objfunc_time: 2.329400 | solver_time: 0.312571 | construction_time: 1.549517
rank 7 | iter 6 | objfunc_time: 2.329400 | solver_time: 0.241949 | construction_time: 1.238419
rank 5 | iter 6 | objfunc_time: 2.329399 | solver_time: 0.316251 | construction_time: 1.643025
rank 4 | iter 6 | objfunc_time: 2.329397 | solver_time: 0.311930 | construction_time: 1.775823
rank 3 | iter 6 | objfunc_time: 2.329400 | solver_time: 0.309982 | construction_time: 1.535466
rank 0 | iter 7 | objfunc_time: 2.326908 | solver_time: 0.307363 | construction_time: 1.768402
rank 7 | iter 7 | objfunc_time: 2.326909 | solver_time: 0.235086 | construction_time: 1.240236
rank 5 | iter 7 | objfunc_time: 2.326911 | solver_time: 0.316261 | construction_time: 1.649873
rank 4 | iter 7 | objfunc_time: 2.326907 | solver_time: 0.308912 | construction_time: 1.776721
rank 3 | iter 7 | objfunc_time: 2.326908 | solver_time: 0.309500 | construction_time: 1.547175
rank 2 | iter 7 | objfunc_time: 2.326909 | solver_time: 0.309240 | construction_time: 1.553262
rank 6 | iter 7 | objfunc_time: 2.326913 | solver_time: 0.314902 | construction_time: 1.548747
rank 1 | iter 7 | objfunc_time: 2.326911 | solver_time: 0.305658 | construction_time: 1.531993
rank 0 | iter 8 | objfunc_time: 2.339364 | solver_time: 0.310828 | construction_time: 1.757879
rank 2 | iter 8 | objfunc_time: 2.339364 | solver_time: 0.308495 | construction_time: 1.543824
rank 7 | iter 8 | objfunc_time: 2.339366 | solver_time: 0.235634 | construction_time: 1.236388
rank 4 | iter 8 | objfunc_time: 2.339363 | solver_time: 0.313868 | construction_time: 1.776093
rank 3 | iter 8 | objfunc_time: 2.339365 | solver_time: 0.306409 | construction_time: 1.547841
rank 5 | iter 8 | objfunc_time: 2.339367 | solver_time: 0.324190 | construction_time: 1.642061
rank 6 | iter 8 | objfunc_time: 2.339363 | solver_time: 0.311582 | construction_time: 1.543084
rank 1 | iter 8 | objfunc_time: 2.339368 | solver_time: 0.312604 | construction_time: 1.529416
rank 0 | iter 9 | objfunc_time: 2.333155 | solver_time: 0.307920 | construction_time: 1.754558
rank 1 | iter 9 | objfunc_time: 2.333157 | solver_time: 0.303325 | construction_time: 1.520305
rank 2 | iter 9 | objfunc_time: 2.333158 | solver_time: 0.307123 | construction_time: 1.538755
rank 7 | iter 9 | objfunc_time: 2.333156 | solver_time: 0.243396 | construction_time: 1.237476
rank 5 | iter 9 | objfunc_time: 2.333159 | solver_time: 0.316039 | construction_time: 1.657004
rank 4 | iter 9 | objfunc_time: 2.333156 | solver_time: 0.311331 | construction_time: 1.780553
rank 6 | iter 9 | objfunc_time: 2.333156 | solver_time: 0.308565 | construction_time: 1.545461
rank 3 | iter 9 | objfunc_time: 2.333159 | solver_time: 0.311253 | construction_time: 1.538337
rank 0 | iter 10 | objfunc_time: 2.319253 | solver_time: 0.308988 | construction_time: 1.763878
rank 1 | iter 10 | objfunc_time: 2.319259 | solver_time: 0.304668 | construction_time: 1.525840
rank 2 | iter 10 | objfunc_time: 2.319254 | solver_time: 0.310265 | construction_time: 1.545518
rank 7 | iter 10 | objfunc_time: 2.319257 | solver_time: 0.234953 | construction_time: 1.243971
rank 5 | iter 10 | objfunc_time: 2.319260 | solver_time: 0.317466 | construction_time: 1.647754
rank 4 | iter 10 | objfunc_time: 2.319254 | solver_time: 0.310200 | construction_time: 1.768389
rank 6 | iter 10 | objfunc_time: 2.319258 | solver_time: 0.306752 | construction_time: 1.542417
rank 3 | iter 10 | objfunc_time: 2.319257 | solver_time: 0.307396 | construction_time: 1.532000
rank 0 | iter 11 | objfunc_time: 2.331335 | solver_time: 0.308836 | construction_time: 1.762283
rank 2 | iter 11 | objfunc_time: 2.331335 | solver_time: 0.307226 | construction_time: 1.547759
rank 5 | iter 11 | objfunc_time: 2.331340 | solver_time: 0.323030 | construction_time: 1.630879
rank 4 | iter 11 | objfunc_time: 2.331333 | solver_time: 0.313200 | construction_time: 1.775064
rank 6 | iter 11 | objfunc_time: 2.331332 | solver_time: 0.310228 | construction_time: 1.537221
rank 3 | iter 11 | objfunc_time: 2.331338 | solver_time: 0.306916 | construction_time: 1.544226
rank 7 | iter 11 | objfunc_time: 2.331339 | solver_time: 0.235350 | construction_time: 1.239711
rank 1 | iter 11 | objfunc_time: 2.331339 | solver_time: 0.309265 | construction_time: 1.523300
  Mean: 2.3429s
  Std:  0.0436s
  Node energy/grad: 2004.2 J
  GPU energy/grad:  1245.9 J
  Other energy/grad: 323.6 J

======================================================================
Benchmark completed
Results written to: /capstor/scratch/cscs/aboudaou/workspace/dalia/artifact/plotting/data/fig6_raw_results.csv
======================================================================
Job finished at Sat 14 Mar 2026 10:28:27 PM CET
