W0314 22:27:40.669399  194958 cuda_executor.cc:1802] GPU interconnect information not available: INTERNAL: NVML doesn't support extracting fabric info or NVLink is not used by the device.
W0314 22:27:40.685185  194960 cuda_executor.cc:1802] GPU interconnect information not available: INTERNAL: NVML doesn't support extracting fabric info or NVLink is not used by the device.
W0314 22:27:40.685190  194957 cuda_executor.cc:1802] GPU interconnect information not available: INTERNAL: NVML doesn't support extracting fabric info or NVLink is not used by the device.
W0314 22:27:40.689588  194959 cuda_executor.cc:1802] GPU interconnect information not available: INTERNAL: NVML doesn't support extracting fabric info or NVLink is not used by the device.
W0314 22:27:40.737369   81270 cuda_executor.cc:1802] GPU interconnect information not available: INTERNAL: NVML doesn't support extracting fabric info or NVLink is not used by the device.
W0314 22:27:40.740848   81271 cuda_executor.cc:1802] GPU interconnect information not available: INTERNAL: NVML doesn't support extracting fabric info or NVLink is not used by the device.
W0314 22:27:40.757917   81269 cuda_executor.cc:1802] GPU interconnect information not available: INTERNAL: NVML doesn't support extracting fabric info or NVLink is not used by the device.
W0314 22:27:40.758897   81272 cuda_executor.cc:1802] GPU interconnect information not available: INTERNAL: NVML doesn't support extracting fabric info or NVLink is not used by the device.
W0314 22:27:40.902109   87444 cuda_executor.cc:1802] GPU interconnect information not available: INTERNAL: NVML doesn't support extracting fabric info or NVLink is not used by the device.
W0314 22:27:40.906318   87443 cuda_executor.cc:1802] GPU interconnect information not available: INTERNAL: NVML doesn't support extracting fabric info or NVLink is not used by the device.
W0314 22:27:40.925352   87446 cuda_executor.cc:1802] GPU interconnect information not available: INTERNAL: NVML doesn't support extracting fabric info or NVLink is not used by the device.
W0314 22:27:40.926950   87445 cuda_executor.cc:1802] GPU interconnect information not available: INTERNAL: NVML doesn't support extracting fabric info or NVLink is not used by the device.
W0314 22:27:41.053809  194209 cuda_executor.cc:1802] GPU interconnect information not available: INTERNAL: NVML doesn't support extracting fabric info or NVLink is not used by the device.
W0314 22:27:41.084747  194209 cuda_executor.cc:1802] GPU interconnect information not available: INTERNAL: NVML doesn't support extracting fabric info or NVLink is not used by the device.
W0314 22:27:41.116204  194209 cuda_executor.cc:1802] GPU interconnect information not available: INTERNAL: NVML doesn't support extracting fabric info or NVLink is not used by the device.
W0314 22:27:41.126648   80528 cuda_executor.cc:1802] GPU interconnect information not available: INTERNAL: NVML doesn't support extracting fabric info or NVLink is not used by the device.
W0314 22:27:41.147691  194209 cuda_executor.cc:1802] GPU interconnect information not available: INTERNAL: NVML doesn't support extracting fabric info or NVLink is not used by the device.
W0314 22:27:41.158944   80528 cuda_executor.cc:1802] GPU interconnect information not available: INTERNAL: NVML doesn't support extracting fabric info or NVLink is not used by the device.
W0314 22:27:41.189586   80528 cuda_executor.cc:1802] GPU interconnect information not available: INTERNAL: NVML doesn't support extracting fabric info or NVLink is not used by the device.
W0314 22:27:41.220698   80528 cuda_executor.cc:1802] GPU interconnect information not available: INTERNAL: NVML doesn't support extracting fabric info or NVLink is not used by the device.
W0314 22:27:41.284138   86706 cuda_executor.cc:1802] GPU interconnect information not available: INTERNAL: NVML doesn't support extracting fabric info or NVLink is not used by the device.
W0314 22:27:41.315181   86706 cuda_executor.cc:1802] GPU interconnect information not available: INTERNAL: NVML doesn't support extracting fabric info or NVLink is not used by the device.
W0314 22:27:41.347113   86706 cuda_executor.cc:1802] GPU interconnect information not available: INTERNAL: NVML doesn't support extracting fabric info or NVLink is not used by the device.
W0314 22:27:41.378830   86706 cuda_executor.cc:1802] GPU interconnect information not available: INTERNAL: NVML doesn't support extracting fabric info or NVLink is not used by the device.
W0314 22:27:41.468057  194624 cuda_executor.cc:1802] GPU interconnect information not available: INTERNAL: NVML doesn't support extracting fabric info or NVLink is not used by the device.
W0314 22:27:41.473507  194621 cuda_executor.cc:1802] GPU interconnect information not available: INTERNAL: NVML doesn't support extracting fabric info or NVLink is not used by the device.
W0314 22:27:41.484901  194622 cuda_executor.cc:1802] GPU interconnect information not available: INTERNAL: NVML doesn't support extracting fabric info or NVLink is not used by the device.
W0314 22:27:41.489213  194623 cuda_executor.cc:1802] GPU interconnect information not available: INTERNAL: NVML doesn't support extracting fabric info or NVLink is not used by the device.
W0314 22:27:41.856629  193886 cuda_executor.cc:1802] GPU interconnect information not available: INTERNAL: NVML doesn't support extracting fabric info or NVLink is not used by the device.
W0314 22:27:41.887716  193886 cuda_executor.cc:1802] GPU interconnect information not available: INTERNAL: NVML doesn't support extracting fabric info or NVLink is not used by the device.
W0314 22:27:41.919441  193886 cuda_executor.cc:1802] GPU interconnect information not available: INTERNAL: NVML doesn't support extracting fabric info or NVLink is not used by the device.
W0314 22:27:41.950917  193886 cuda_executor.cc:1802] GPU interconnect information not available: INTERNAL: NVML doesn't support extracting fabric info or NVLink is not used by the device.
/capstor/scratch/cscs/aboudaou/workspace/dalia/DALIA/src/dalia/core/dalia.py:1016: PerformanceWarning: The device where the array resides (0) is different from the current device (3). Peer access has been activated automatically.
  self.model.theta[:] = xp.asarray(theta_i)
/capstor/scratch/cscs/aboudaou/workspace/dalia/DALIA/src/dalia/core/dalia.py:1016: PerformanceWarning: The device where the array resides (0) is different from the current device (2). Peer access has been activated automatically.
  self.model.theta[:] = xp.asarray(theta_i)
/capstor/scratch/cscs/aboudaou/workspace/dalia/DALIA/src/dalia/core/dalia.py:1016: PerformanceWarning: The device where the array resides (0) is different from the current device (1). Peer access has been activated automatically.
  self.model.theta[:] = xp.asarray(theta_i)
/users/aboudaou/miniconda3/envs/serinv-env/lib/python3.11/site-packages/cupyx/scipy/sparse/_csc.py:132: PerformanceWarning: The device where the array resides (0) is different from the current device (3). Peer access has been activated automatically.
  return self._with_data(self.data * other)
/users/aboudaou/miniconda3/envs/serinv-env/lib/python3.11/site-packages/cupyx/scipy/sparse/_csc.py:132: PerformanceWarning: The device where the array resides (0) is different from the current device (2). Peer access has been activated automatically.
  return self._with_data(self.data * other)
/users/aboudaou/miniconda3/envs/serinv-env/lib/python3.11/site-packages/cupyx/scipy/sparse/_csc.py:132: PerformanceWarning: The device where the array resides (0) is different from the current device (1). Peer access has been activated automatically.
  return self._with_data(self.data * other)
/users/aboudaou/miniconda3/envs/serinv-env/lib/python3.11/site-packages/cupyx/scipy/sparse/_construct.py:529: PerformanceWarning: The device where the array resides (0) is different from the current device (2). Peer access has been activated automatically.
  row = A.row.astype(dtype, copy=True) * B.shape[0]
/users/aboudaou/miniconda3/envs/serinv-env/lib/python3.11/site-packages/cupyx/scipy/sparse/_construct.py:529: PerformanceWarning: The device where the array resides (0) is different from the current device (3). Peer access has been activated automatically.
  row = A.row.astype(dtype, copy=True) * B.shape[0]
/users/aboudaou/miniconda3/envs/serinv-env/lib/python3.11/site-packages/cupyx/scipy/sparse/_construct.py:529: PerformanceWarning: The device where the array resides (0) is different from the current device (1). Peer access has been activated automatically.
  row = A.row.astype(dtype, copy=True) * B.shape[0]
/users/aboudaou/miniconda3/envs/serinv-env/lib/python3.11/site-packages/cupyx/scipy/sparse/_construct.py:533: PerformanceWarning: The device where the array resides (0) is different from the current device (2). Peer access has been activated automatically.
  data = A.data.repeat(B.nnz)  # data's dtype follows that of A in SciPy
/users/aboudaou/miniconda3/envs/serinv-env/lib/python3.11/site-packages/cupyx/scipy/sparse/_construct.py:533: PerformanceWarning: The device where the array resides (0) is different from the current device (3). Peer access has been activated automatically.
  data = A.data.repeat(B.nnz)  # data's dtype follows that of A in SciPy
/users/aboudaou/miniconda3/envs/serinv-env/lib/python3.11/site-packages/cupyx/scipy/sparse/_construct.py:533: PerformanceWarning: The device where the array resides (0) is different from the current device (1). Peer access has been activated automatically.
  data = A.data.repeat(B.nnz)  # data's dtype follows that of A in SciPy
/capstor/scratch/cscs/aboudaou/workspace/dalia/DALIA/src/dalia/models/coregional_model.py:304: PerformanceWarning: The device where the array resides (0) is different from the current device (2). Peer access has been activated automatically.
  sigma_0 = xp.exp(self.theta[self.theta_keys.index("sigma_0")])
/capstor/scratch/cscs/aboudaou/workspace/dalia/DALIA/src/dalia/models/coregional_model.py:305: PerformanceWarning: The device where the array resides (0) is different from the current device (2). Peer access has been activated automatically.
  sigma_1 = xp.exp(self.theta[self.theta_keys.index("sigma_1")])
/capstor/scratch/cscs/aboudaou/workspace/dalia/DALIA/src/dalia/models/coregional_model.py:360: PerformanceWarning: The device where the array resides (0) is different from the current device (2). Peer access has been activated automatically.
  sigma_2 = xp.exp(self.theta[self.theta_keys.index("sigma_2")])
/capstor/scratch/cscs/aboudaou/workspace/dalia/DALIA/src/dalia/models/coregional_model.py:367: PerformanceWarning: The device where the array resides (0) is different from the current device (2). Peer access has been activated automatically.
  + (lambda_0_1**2 / sigma_1**2) * Qu_list[1]
/capstor/scratch/cscs/aboudaou/workspace/dalia/DALIA/src/dalia/models/coregional_model.py:368: PerformanceWarning: The device where the array resides (0) is different from the current device (2). Peer access has been activated automatically.
  + (lambda_1_2**2 / sigma_2**2) * Qu_list[2]
/capstor/scratch/cscs/aboudaou/workspace/dalia/DALIA/src/dalia/models/coregional_model.py:375: PerformanceWarning: The device where the array resides (0) is different from the current device (2). Peer access has been activated automatically.
  (-lambda_0_1 / sigma_1**2) * Qu_list[1]
/capstor/scratch/cscs/aboudaou/workspace/dalia/DALIA/src/dalia/models/coregional_model.py:304: PerformanceWarning: The device where the array resides (0) is different from the current device (1). Peer access has been activated automatically.
  sigma_0 = xp.exp(self.theta[self.theta_keys.index("sigma_0")])
/capstor/scratch/cscs/aboudaou/workspace/dalia/DALIA/src/dalia/models/coregional_model.py:305: PerformanceWarning: The device where the array resides (0) is different from the current device (1). Peer access has been activated automatically.
  sigma_1 = xp.exp(self.theta[self.theta_keys.index("sigma_1")])
/capstor/scratch/cscs/aboudaou/workspace/dalia/DALIA/src/dalia/models/coregional_model.py:360: PerformanceWarning: The device where the array resides (0) is different from the current device (1). Peer access has been activated automatically.
  sigma_2 = xp.exp(self.theta[self.theta_keys.index("sigma_2")])
/capstor/scratch/cscs/aboudaou/workspace/dalia/DALIA/src/dalia/models/coregional_model.py:376: PerformanceWarning: The device where the array resides (0) is different from the current device (2). Peer access has been activated automatically.
  + (lambda_0_2 * lambda_1_2 / sigma_2**2) * Qu_list[2]
/capstor/scratch/cscs/aboudaou/workspace/dalia/DALIA/src/dalia/models/coregional_model.py:367: PerformanceWarning: The device where the array resides (0) is different from the current device (1). Peer access has been activated automatically.
  + (lambda_0_1**2 / sigma_1**2) * Qu_list[1]
/capstor/scratch/cscs/aboudaou/workspace/dalia/DALIA/src/dalia/models/coregional_model.py:381: PerformanceWarning: The device where the array resides (0) is different from the current device (2). Peer access has been activated automatically.
  q31 = sp.sparse.coo_matrix(-lambda_1_2 / sigma_2**2 * Qu_list[2])
/capstor/scratch/cscs/aboudaou/workspace/dalia/DALIA/src/dalia/models/coregional_model.py:368: PerformanceWarning: The device where the array resides (0) is different from the current device (1). Peer access has been activated automatically.
  + (lambda_1_2**2 / sigma_2**2) * Qu_list[2]
/capstor/scratch/cscs/aboudaou/workspace/dalia/DALIA/src/dalia/models/coregional_model.py:375: PerformanceWarning: The device where the array resides (0) is different from the current device (1). Peer access has been activated automatically.
  (-lambda_0_1 / sigma_1**2) * Qu_list[1]
/capstor/scratch/cscs/aboudaou/workspace/dalia/DALIA/src/dalia/models/coregional_model.py:304: PerformanceWarning: The device where the array resides (0) is different from the current device (3). Peer access has been activated automatically.
  sigma_0 = xp.exp(self.theta[self.theta_keys.index("sigma_0")])
/capstor/scratch/cscs/aboudaou/workspace/dalia/DALIA/src/dalia/models/coregional_model.py:305: PerformanceWarning: The device where the array resides (0) is different from the current device (3). Peer access has been activated automatically.
  sigma_1 = xp.exp(self.theta[self.theta_keys.index("sigma_1")])
/capstor/scratch/cscs/aboudaou/workspace/dalia/DALIA/src/dalia/models/coregional_model.py:360: PerformanceWarning: The device where the array resides (0) is different from the current device (3). Peer access has been activated automatically.
  sigma_2 = xp.exp(self.theta[self.theta_keys.index("sigma_2")])
/capstor/scratch/cscs/aboudaou/workspace/dalia/DALIA/src/dalia/models/coregional_model.py:367: PerformanceWarning: The device where the array resides (0) is different from the current device (3). Peer access has been activated automatically.
  + (lambda_0_1**2 / sigma_1**2) * Qu_list[1]
/capstor/scratch/cscs/aboudaou/workspace/dalia/DALIA/src/dalia/models/coregional_model.py:376: PerformanceWarning: The device where the array resides (0) is different from the current device (1). Peer access has been activated automatically.
  + (lambda_0_2 * lambda_1_2 / sigma_2**2) * Qu_list[2]
/capstor/scratch/cscs/aboudaou/workspace/dalia/DALIA/src/dalia/models/coregional_model.py:368: PerformanceWarning: The device where the array resides (0) is different from the current device (3). Peer access has been activated automatically.
  + (lambda_1_2**2 / sigma_2**2) * Qu_list[2]
/capstor/scratch/cscs/aboudaou/workspace/dalia/DALIA/src/dalia/models/coregional_model.py:375: PerformanceWarning: The device where the array resides (0) is different from the current device (3). Peer access has been activated automatically.
  (-lambda_0_1 / sigma_1**2) * Qu_list[1]
/capstor/scratch/cscs/aboudaou/workspace/dalia/DALIA/src/dalia/models/coregional_model.py:381: PerformanceWarning: The device where the array resides (0) is different from the current device (1). Peer access has been activated automatically.
  q31 = sp.sparse.coo_matrix(-lambda_1_2 / sigma_2**2 * Qu_list[2])
/capstor/scratch/cscs/aboudaou/workspace/dalia/DALIA/src/dalia/models/coregional_model.py:376: PerformanceWarning: The device where the array resides (0) is different from the current device (3). Peer access has been activated automatically.
  + (lambda_0_2 * lambda_1_2 / sigma_2**2) * Qu_list[2]
/capstor/scratch/cscs/aboudaou/workspace/dalia/DALIA/src/dalia/models/coregional_model.py:381: PerformanceWarning: The device where the array resides (0) is different from the current device (3). Peer access has been activated automatically.
  q31 = sp.sparse.coo_matrix(-lambda_1_2 / sigma_2**2 * Qu_list[2])
/capstor/scratch/cscs/aboudaou/workspace/dalia/DALIA/src/dalia/models/coregional_model.py:387: PerformanceWarning: The device where the array resides (0) is different from the current device (2). Peer access has been activated automatically.
  + (lambda_0_2**2 / sigma_2**2) * Qu_list[2]
/capstor/scratch/cscs/aboudaou/workspace/dalia/DALIA/src/dalia/models/coregional_model.py:387: PerformanceWarning: The device where the array resides (0) is different from the current device (1). Peer access has been activated automatically.
  + (lambda_0_2**2 / sigma_2**2) * Qu_list[2]
/capstor/scratch/cscs/aboudaou/workspace/dalia/DALIA/src/dalia/models/coregional_model.py:387: PerformanceWarning: The device where the array resides (0) is different from the current device (3). Peer access has been activated automatically.
  + (lambda_0_2**2 / sigma_2**2) * Qu_list[2]
/capstor/scratch/cscs/aboudaou/workspace/dalia/DALIA/src/dalia/models/coregional_model.py:393: PerformanceWarning: The device where the array resides (0) is different from the current device (2). Peer access has been activated automatically.
  q32 = sp.sparse.coo_matrix(-lambda_0_2 / sigma_2**2 * Qu_list[2])
/capstor/scratch/cscs/aboudaou/workspace/dalia/DALIA/src/dalia/models/coregional_model.py:393: PerformanceWarning: The device where the array resides (0) is different from the current device (1). Peer access has been activated automatically.
  q32 = sp.sparse.coo_matrix(-lambda_0_2 / sigma_2**2 * Qu_list[2])
/capstor/scratch/cscs/aboudaou/workspace/dalia/DALIA/src/dalia/models/coregional_model.py:393: PerformanceWarning: The device where the array resides (0) is different from the current device (3). Peer access has been activated automatically.
  q32 = sp.sparse.coo_matrix(-lambda_0_2 / sigma_2**2 * Qu_list[2])
/capstor/scratch/cscs/aboudaou/workspace/dalia/DALIA/src/dalia/models/coregional_model.py:526: PerformanceWarning: The device where the array resides (0) is different from the current device (1). Peer access has been activated automatically.
  self.data_Qprior_re = self.data_Qprior_re[self.permutation_vector_Q_prior]
/capstor/scratch/cscs/aboudaou/workspace/dalia/DALIA/src/dalia/models/coregional_model.py:526: PerformanceWarning: The device where the array resides (0) is different from the current device (2). Peer access has been activated automatically.
  self.data_Qprior_re = self.data_Qprior_re[self.permutation_vector_Q_prior]
/capstor/scratch/cscs/aboudaou/workspace/dalia/DALIA/src/dalia/models/coregional_model.py:526: PerformanceWarning: The device where the array resides (0) is different from the current device (3). Peer access has been activated automatically.
  self.data_Qprior_re = self.data_Qprior_re[self.permutation_vector_Q_prior]
/users/aboudaou/miniconda3/envs/serinv-env/lib/python3.11/site-packages/cupyx/scipy/sparse/_compressed.py:674: PerformanceWarning: The device where the array resides (0) is different from the current device (2). Peer access has been activated automatically.
  is_canonical = self._has_canonical_format_kern(
/users/aboudaou/miniconda3/envs/serinv-env/lib/python3.11/site-packages/cupyx/scipy/sparse/_compressed.py:674: PerformanceWarning: The device where the array resides (0) is different from the current device (1). Peer access has been activated automatically.
  is_canonical = self._has_canonical_format_kern(
/users/aboudaou/miniconda3/envs/serinv-env/lib/python3.11/site-packages/cupyx/scipy/sparse/_compressed.py:674: PerformanceWarning: The device where the array resides (0) is different from the current device (3). Peer access has been activated automatically.
  is_canonical = self._has_canonical_format_kern(
/capstor/scratch/cscs/aboudaou/workspace/dalia/DALIA/src/dalia/likelihoods/gaussian.py:94: PerformanceWarning: The device where the array resides (0) is different from the current device (3). Peer access has been activated automatically.
  gradient_likelihood: NDArray = -xp.exp(theta) * (eta - y)
/users/aboudaou/miniconda3/envs/serinv-env/lib/python3.11/site-packages/cupyx/scipy/sparse/_csc.py:87: PerformanceWarning: The device where the array resides (0) is different from the current device (3). Peer access has been activated automatically.
  return self._with_data(self.data * other)
/capstor/scratch/cscs/aboudaou/workspace/dalia/DALIA/src/dalia/likelihoods/gaussian.py:94: PerformanceWarning: The device where the array resides (0) is different from the current device (2). Peer access has been activated automatically.
  gradient_likelihood: NDArray = -xp.exp(theta) * (eta - y)
/users/aboudaou/miniconda3/envs/serinv-env/lib/python3.11/site-packages/cupyx/scipy/sparse/_csc.py:87: PerformanceWarning: The device where the array resides (0) is different from the current device (2). Peer access has been activated automatically.
  return self._with_data(self.data * other)
/capstor/scratch/cscs/aboudaou/workspace/dalia/DALIA/src/dalia/likelihoods/gaussian.py:94: PerformanceWarning: The device where the array resides (0) is different from the current device (1). Peer access has been activated automatically.
  gradient_likelihood: NDArray = -xp.exp(theta) * (eta - y)
/users/aboudaou/miniconda3/envs/serinv-env/lib/python3.11/site-packages/cupyx/scipy/sparse/_csc.py:87: PerformanceWarning: The device where the array resides (0) is different from the current device (1). Peer access has been activated automatically.
  return self._with_data(self.data * other)
/capstor/scratch/cscs/aboudaou/workspace/dalia/DALIA/src/dalia/core/dalia.py:1611: PerformanceWarning: The device where the array resides (0) is different from the current device (3). Peer access has been activated automatically.
  quadratic_form = x_mean.T @ Q_conditional @ x_mean
/capstor/scratch/cscs/aboudaou/workspace/dalia/DALIA/src/dalia/prior_hyperparameters/gaussian.py:29: PerformanceWarning: The device where the array resides (0) is different from the current device (3). Peer access has been activated automatically.
  return -0.5 * self.precision * (theta - self.mean) ** 2
/capstor/scratch/cscs/aboudaou/workspace/dalia/DALIA/src/dalia/likelihoods/gaussian.py:55: PerformanceWarning: The device where the array resides (0) is different from the current device (3). Peer access has been activated automatically.
  yEta = eta - y
/capstor/scratch/cscs/aboudaou/workspace/dalia/DALIA/src/dalia/kernels/blockmapping.py:72: PerformanceWarning: The device where the array resides (0) is different from the current device (3). Peer access has been activated automatically.
  coo_rows = coo_rows.astype(cp.int32)
/capstor/scratch/cscs/aboudaou/workspace/dalia/DALIA/src/dalia/core/dalia.py:1611: PerformanceWarning: The device where the array resides (0) is different from the current device (2). Peer access has been activated automatically.
  quadratic_form = x_mean.T @ Q_conditional @ x_mean
/capstor/scratch/cscs/aboudaou/workspace/dalia/DALIA/src/dalia/prior_hyperparameters/gaussian.py:29: PerformanceWarning: The device where the array resides (0) is different from the current device (2). Peer access has been activated automatically.
  return -0.5 * self.precision * (theta - self.mean) ** 2
/capstor/scratch/cscs/aboudaou/workspace/dalia/DALIA/src/dalia/likelihoods/gaussian.py:55: PerformanceWarning: The device where the array resides (0) is different from the current device (2). Peer access has been activated automatically.
  yEta = eta - y
/capstor/scratch/cscs/aboudaou/workspace/dalia/DALIA/src/dalia/kernels/blockmapping.py:72: PerformanceWarning: The device where the array resides (0) is different from the current device (2). Peer access has been activated automatically.
  coo_rows = coo_rows.astype(cp.int32)
/capstor/scratch/cscs/aboudaou/workspace/dalia/DALIA/src/dalia/solvers/structured_solver.py:410: PerformanceWarning: The device where the array resides (0) is different from the current device (3). Peer access has been activated automatically.
  rows = coo.row[self.bt_cache_block_sort_index]
/capstor/scratch/cscs/aboudaou/workspace/dalia/DALIA/src/dalia/solvers/structured_solver.py:457: PerformanceWarning: The device where the array resides (0) is different from the current device (3). Peer access has been activated automatically.
  data = coo.data[self.bt_cache_block_sort_index]
/capstor/scratch/cscs/aboudaou/workspace/dalia/DALIA/src/dalia/solvers/structured_solver.py:410: PerformanceWarning: The device where the array resides (0) is different from the current device (2). Peer access has been activated automatically.
  rows = coo.row[self.bt_cache_block_sort_index]
/capstor/scratch/cscs/aboudaou/workspace/dalia/DALIA/src/dalia/solvers/structured_solver.py:457: PerformanceWarning: The device where the array resides (0) is different from the current device (2). Peer access has been activated automatically.
  data = coo.data[self.bt_cache_block_sort_index]
/capstor/scratch/cscs/aboudaou/workspace/dalia/DALIA/src/dalia/core/dalia.py:1611: PerformanceWarning: The device where the array resides (0) is different from the current device (1). Peer access has been activated automatically.
  quadratic_form = x_mean.T @ Q_conditional @ x_mean
/capstor/scratch/cscs/aboudaou/workspace/dalia/DALIA/src/dalia/prior_hyperparameters/gaussian.py:29: PerformanceWarning: The device where the array resides (0) is different from the current device (1). Peer access has been activated automatically.
  return -0.5 * self.precision * (theta - self.mean) ** 2
/capstor/scratch/cscs/aboudaou/workspace/dalia/DALIA/src/dalia/likelihoods/gaussian.py:55: PerformanceWarning: The device where the array resides (0) is different from the current device (1). Peer access has been activated automatically.
  yEta = eta - y
/capstor/scratch/cscs/aboudaou/workspace/dalia/DALIA/src/dalia/kernels/blockmapping.py:72: PerformanceWarning: The device where the array resides (0) is different from the current device (1). Peer access has been activated automatically.
  coo_rows = coo_rows.astype(cp.int32)
/capstor/scratch/cscs/aboudaou/workspace/dalia/DALIA/src/dalia/solvers/structured_solver.py:410: PerformanceWarning: The device where the array resides (0) is different from the current device (1). Peer access has been activated automatically.
  rows = coo.row[self.bt_cache_block_sort_index]
/capstor/scratch/cscs/aboudaou/workspace/dalia/DALIA/src/dalia/solvers/structured_solver.py:457: PerformanceWarning: The device where the array resides (0) is different from the current device (1). Peer access has been activated automatically.
  data = coo.data[self.bt_cache_block_sort_index]
