Parsed parameters:
  max_iter: 250
  solver_min_p: 4
  profile: False
  precision: float64
  benchmark_mode: True
  n_benchmark_runs: 10
  benchmark_method: finite_diff
  output_csv: /capstor/scratch/cscs/aboudaou/workspace/dalia/artifact/plotting/data/fig6_raw_results.csv
--- ap1: Coregional (3-variate) Spatio-Temporal Model (distributed, 4 nodes) ---
Distributed solver slicing: [12, 12, 12, 12]

___________________________________ 
___  __ \__    |__  /____  _/__    |
__  / / /_  /| |_  /  __  / __  /| |
_  /_/ /_  ___ |  /____/ /  _  ___ |
/_____/ /_/  |_/_____/___/  /_/  |_|

╔═════════════════════════════════════════════════════════╗
║                Parallelization strategies               ║
║ ╒═══════════════════════════════════════════╤═════════╕ ║
║ │ Participating Processes / Total Processes │ 16 / 16 │ ║
║ ├───────────────────────────────────────────┼─────────┤ ║
║ │ Parallelization through F()               │    4    │ ║
║ ├───────────────────────────────────────────┼─────────┤ ║
║ │ Parallelization through Q()               │    1    │ ║
║ ├───────────────────────────────────────────┼─────────┤ ║
║ │ Parallelization through S()               │    4    │ ║
║ ╘═══════════════════════════════════════════╧═════════╛ ║
╚═════════════════════════════════════════════════════════╝
╔═══════════════════════════════╗
║  Enabled Performance modules  ║
║ ╒═══════════════════╤═══════╕ ║
║ │ Array module      │ cupy  │ ║
║ ├───────────────────┼───────┤ ║
║ │ MPI available     │ True  │ ║
║ ├───────────────────┼───────┤ ║
║ │ Is MPI CUDA aware │ False │ ║
║ ├───────────────────┼───────┤ ║
║ │ Is NCCL available │ False │ ║
║ ╘═══════════════════╧═══════╛ ║
╚═══════════════════════════════╝
╔═══════════════════════════════════════╗
║             Memory Report             ║
║ ╒════════════════════════╤══════════╕ ║
║ │ Solver memory          │ 61.81 GB │ ║
║ ├────────────────────────┼──────────┤ ║
║ │ Total memory used      │ 66.08 GB │ ║
║ ├────────────────────────┼──────────┤ ║
║ │ Total memory available │ 66.15 GB │ ║
║ ╘════════════════════════╧══════════╛ ║
╚═══════════════════════════════════════╝
DALIA initialized.
Parsed parameters:
  max_iter: 250
  solver_min_p: 4
  profile: False
  precision: float64
  benchmark_mode: True
  n_benchmark_runs: 10
  benchmark_method: finite_diff
  output_csv: /capstor/scratch/cscs/aboudaou/workspace/dalia/artifact/plotting/data/fig6_raw_results.csv
rank 1 | iter 1 | objfunc_time: 127.529164 | solver_time: 122.417533 | construction_time: 3.566987 | energy: node=159128J gpu=109781J cpu=24393J (1248W)

======================================================================
GRADIENT BENCHMARK: ap1
======================================================================
Nodes: 16, Tasks: 16
Hyperparameters: 15
Benchmark runs: 10
Energy monitor: enabled (Cray PM counters)

Timing finite difference gradient...
Allocated an extra 0.15 GB for BTA_mapping caching (total: 61.97)
rank 0 | iter 1 | objfunc_time: 127.501735 | solver_time: 122.843212 | construction_time: 3.399342 | energy: node=134357J gpu=91142J cpu=21925J (1054W)
Parsed parameters:
  max_iter: 250
  solver_min_p: 4
  profile: False
  precision: float64
  benchmark_mode: True
  n_benchmark_runs: 10
  benchmark_method: finite_diff
  output_csv: /capstor/scratch/cscs/aboudaou/workspace/dalia/artifact/plotting/data/fig6_raw_results.csv
rank 3 | iter 1 | objfunc_time: 127.513371 | solver_time: 121.802341 | construction_time: 3.997369 | energy: node=158758J gpu=109953J cpu=22557J (1245W)
Parsed parameters:
  max_iter: 250
  solver_min_p: 4
  profile: False
  precision: float64
  benchmark_mode: True
  n_benchmark_runs: 10
  benchmark_method: finite_diff
  output_csv: /capstor/scratch/cscs/aboudaou/workspace/dalia/artifact/plotting/data/fig6_raw_results.csv
rank 2 | iter 1 | objfunc_time: 127.502085 | solver_time: 122.568726 | construction_time: 3.463553 | energy: node=157569J gpu=112450J cpu=20737J (1236W)
Parsed parameters:
  max_iter: 250
  solver_min_p: 4
  profile: False
  precision: float64
  benchmark_mode: True
  n_benchmark_runs: 10
  benchmark_method: finite_diff
  output_csv: /capstor/scratch/cscs/aboudaou/workspace/dalia/artifact/plotting/data/fig6_raw_results.csv
rank 7 | iter 1 | objfunc_time: 127.500689 | solver_time: 120.623294 | construction_time: 3.925355 | energy: node=157971J gpu=109425J cpu=17704J (1239W)
Parsed parameters:
  max_iter: 250
  solver_min_p: 4
  profile: False
  precision: float64
  benchmark_mode: True
  n_benchmark_runs: 10
  benchmark_method: finite_diff
  output_csv: /capstor/scratch/cscs/aboudaou/workspace/dalia/artifact/plotting/data/fig6_raw_results.csv
rank 5 | iter 1 | objfunc_time: 127.500445 | solver_time: 121.254422 | construction_time: 3.491461 | energy: node=151195J gpu=110723J cpu=27294J (1186W)
Parsed parameters:
  max_iter: 250
  solver_min_p: 4
  profile: False
  precision: float64
  benchmark_mode: True
  n_benchmark_runs: 10
  benchmark_method: finite_diff
  output_csv: /capstor/scratch/cscs/aboudaou/workspace/dalia/artifact/plotting/data/fig6_raw_results.csv
rank 11 | iter 1 | objfunc_time: 127.500402 | solver_time: 122.580382 | construction_time: 3.459068 | energy: node=155203J gpu=108159J cpu=18189J (1217W)
Parsed parameters:
  max_iter: 250
  solver_min_p: 4
  profile: False
  precision: float64
  benchmark_mode: True
  n_benchmark_runs: 10
  benchmark_method: finite_diff
  output_csv: /capstor/scratch/cscs/aboudaou/workspace/dalia/artifact/plotting/data/fig6_raw_results.csv
rank 10 | iter 1 | objfunc_time: 127.357507 | solver_time: 122.317418 | construction_time: 3.509162 | energy: node=153509J gpu=109868J cpu=19561J (1204W)
Parsed parameters:
  max_iter: 250
  solver_min_p: 4
  profile: False
  precision: float64
  benchmark_mode: True
  n_benchmark_runs: 10
  benchmark_method: finite_diff
  output_csv: /capstor/scratch/cscs/aboudaou/workspace/dalia/artifact/plotting/data/fig6_raw_results.csv
rank 14 | iter 1 | objfunc_time: 127.500007 | solver_time: 105.114931 | construction_time: 3.019372 | energy: node=150206J gpu=106694J cpu=18599J (1178W)
Parsed parameters:
  max_iter: 250
  solver_min_p: 4
  profile: False
  precision: float64
  benchmark_mode: True
  n_benchmark_runs: 10
  benchmark_method: finite_diff
  output_csv: /capstor/scratch/cscs/aboudaou/workspace/dalia/artifact/plotting/data/fig6_raw_results.csv
rank 15 | iter 1 | objfunc_time: 127.217502 | solver_time: 104.809692 | construction_time: 3.046053 | energy: node=145141J gpu=103227J cpu=23853J (1138W)
Parsed parameters:
  max_iter: 250
  solver_min_p: 4
  profile: False
  precision: float64
  benchmark_mode: True
  n_benchmark_runs: 10
  benchmark_method: finite_diff
  output_csv: /capstor/scratch/cscs/aboudaou/workspace/dalia/artifact/plotting/data/fig6_raw_results.csv
rank 4 | iter 1 | objfunc_time: 127.497928 | solver_time: 121.494323 | construction_time: 3.458424 | energy: node=131308J gpu=94980J cpu=22907J (1030W)
Parsed parameters:
  max_iter: 250
  solver_min_p: 4
  profile: False
  precision: float64
  benchmark_mode: True
  n_benchmark_runs: 10
  benchmark_method: finite_diff
  output_csv: /capstor/scratch/cscs/aboudaou/workspace/dalia/artifact/plotting/data/fig6_raw_results.csv
rank 6 | iter 1 | objfunc_time: 127.502081 | solver_time: 121.243612 | construction_time: 3.483550 | energy: node=153335J gpu=108450J cpu=21149J (1202W)
Parsed parameters:
  max_iter: 250
  solver_min_p: 4
  profile: False
  precision: float64
  benchmark_mode: True
  n_benchmark_runs: 10
  benchmark_method: finite_diff
  output_csv: /capstor/scratch/cscs/aboudaou/workspace/dalia/artifact/plotting/data/fig6_raw_results.csv
rank 8 | iter 1 | objfunc_time: 127.502072 | solver_time: 122.774250 | construction_time: 3.447692 | energy: node=131049J gpu=93275J cpu=22812J (1028W)
Parsed parameters:
  max_iter: 250
  solver_min_p: 4
  profile: False
  precision: float64
  benchmark_mode: True
  n_benchmark_runs: 10
  benchmark_method: finite_diff
  output_csv: /capstor/scratch/cscs/aboudaou/workspace/dalia/artifact/plotting/data/fig6_raw_results.csv
rank 12 | iter 1 | objfunc_time: 127.359549 | solver_time: 104.576246 | construction_time: 3.418606 | energy: node=130465J gpu=88150J cpu=22886J (1023W)
Parsed parameters:
  max_iter: 250
  solver_min_p: 4
  profile: False
  precision: float64
  benchmark_mode: True
  n_benchmark_runs: 10
  benchmark_method: finite_diff
  output_csv: /capstor/scratch/cscs/aboudaou/workspace/dalia/artifact/plotting/data/fig6_raw_results.csv
rank 13 | iter 1 | objfunc_time: 127.501922 | solver_time: 105.181710 | construction_time: 2.997767 | energy: node=153117J gpu=102007J cpu=24345J (1201W)
Parsed parameters:
  max_iter: 250
  solver_min_p: 4
  profile: False
  precision: float64
  benchmark_mode: True
  n_benchmark_runs: 10
  benchmark_method: finite_diff
  output_csv: /capstor/scratch/cscs/aboudaou/workspace/dalia/artifact/plotting/data/fig6_raw_results.csv
rank 9 | iter 1 | objfunc_time: 127.501865 | solver_time: 122.514090 | construction_time: 3.462464 | energy: node=156376J gpu=108693J cpu=22367J (1226W)
rank 13 | iter 2 | objfunc_time: 128.097112 | solver_time: 105.519163 | construction_time: 3.012812 | energy: node=153549J gpu=102169J cpu=24320J (1199W)
rank 7 | iter 2 | objfunc_time: 128.071310 | solver_time: 121.120929 | construction_time: 3.958384 | energy: node=158446J gpu=109557J cpu=17806J (1237W)
rank 1 | iter 2 | objfunc_time: 127.955417 | solver_time: 122.866582 | construction_time: 3.536683 | energy: node=159369J gpu=109647J cpu=24562J (1244W)
rank 8 | iter 2 | objfunc_time: 128.097108 | solver_time: 123.000393 | construction_time: 3.472923 | energy: node=131026J gpu=93288J cpu=22825J (1023W)
rank 3 | iter 2 | objfunc_time: 128.069488 | solver_time: 122.447122 | construction_time: 3.908761 | energy: node=158980J gpu=110306J cpu=22575J (1241W)
rank 2 | iter 2 | objfunc_time: 128.069542 | solver_time: 123.112927 | construction_time: 3.480364 | energy: node=157667J gpu=110089J cpu=20820J (1231W)
rank 6 | iter 2 | objfunc_time: 128.097105 | solver_time: 121.869194 | construction_time: 3.490227 | energy: node=153287J gpu=108507J cpu=21150J (1197W)
rank 11 | iter 2 | objfunc_time: 128.068349 | solver_time: 122.698125 | construction_time: 3.548335 | energy: node=155643J gpu=108571J cpu=18326J (1215W)
rank 5 | iter 2 | objfunc_time: 128.068466 | solver_time: 121.831905 | construction_time: 3.492559 | energy: node=151457J gpu=111680J cpu=27328J (1182W)
rank 15 | iter 2 | objfunc_time: 128.067809 | solver_time: 105.461339 | construction_time: 3.013838 | energy: node=145433J gpu=104565J cpu=23985J (1135W)
rank 14 | iter 2 | objfunc_time: 128.067932 | solver_time: 105.462989 | construction_time: 3.006720 | energy: node=150449J gpu=106735J cpu=18688J (1174W)
rank 10 | iter 2 | objfunc_time: 128.068433 | solver_time: 122.695741 | construction_time: 3.503019 | energy: node=154010J gpu=110225J cpu=19582J (1202W)
rank 0 | iter 2 | objfunc_time: 128.081118 | solver_time: 123.292109 | construction_time: 3.483868 | energy: node=134543J gpu=92446J cpu=21999J (1050W)
rank 4 | iter 2 | objfunc_time: 128.067690 | solver_time: 122.100647 | construction_time: 3.444904 | energy: node=130610J gpu=92520J cpu=22767J (1020W)
rank 9 | iter 2 | objfunc_time: 128.097113 | solver_time: 122.760979 | construction_time: 3.463171 | energy: node=156513J gpu=109025J cpu=22391J (1222W)
rank 12 | iter 2 | objfunc_time: 128.097080 | solver_time: 105.016762 | construction_time: 3.461816 | energy: node=130635J gpu=88076J cpu=22953J (1020W)
rank 13 | iter 3 | objfunc_time: 127.775133 | solver_time: 104.759161 | construction_time: 3.010134 | energy: node=152669J gpu=101756J cpu=24201J (1195W)
rank 1 | iter 3 | objfunc_time: 127.632594 | solver_time: 122.554037 | construction_time: 3.557861 | energy: node=158777J gpu=109270J cpu=24406J (1242W)
rank 2 | iter 3 | objfunc_time: 127.632307 | solver_time: 122.464176 | construction_time: 3.603837 | energy: node=156731J gpu=111389J cpu=20527J (1226W)
rank 8 | iter 3 | objfunc_time: 127.775116 | solver_time: 122.632731 | construction_time: 3.452184 | energy: node=130445J gpu=93045J cpu=22712J (1021W)
rank 3 | iter 3 | objfunc_time: 127.636913 | solver_time: 121.866283 | construction_time: 3.966369 | energy: node=158420J gpu=109973J cpu=22421J (1240W)
rank 9 | iter 3 | objfunc_time: 127.802223 | solver_time: 122.387213 | construction_time: 3.474918 | energy: node=156065J gpu=108501J cpu=22254J (1221W)
rank 6 | iter 3 | objfunc_time: 127.774697 | solver_time: 120.974912 | construction_time: 3.495427 | energy: node=152772J gpu=107300J cpu=21083J (1195W)
rank 11 | iter 3 | objfunc_time: 127.774279 | solver_time: 122.356584 | construction_time: 3.526417 | energy: node=155167J gpu=107853J cpu=18235J (1214W)
rank 5 | iter 3 | objfunc_time: 127.774004 | solver_time: 120.974652 | construction_time: 3.497916 | energy: node=150874J gpu=111838J cpu=27180J (1181W)
rank 15 | iter 3 | objfunc_time: 127.773484 | solver_time: 104.675050 | construction_time: 3.052360 | energy: node=145116J gpu=103897J cpu=23883J (1135W)
rank 10 | iter 3 | objfunc_time: 127.773821 | solver_time: 122.333969 | construction_time: 3.494390 | energy: node=153456J gpu=109974J cpu=19558J (1201W)
rank 4 | iter 3 | objfunc_time: 127.802170 | solver_time: 121.273972 | construction_time: 3.442876 | energy: node=130826J gpu=93140J cpu=22889J (1024W)
rank 0 | iter 3 | objfunc_time: 127.627735 | solver_time: 122.856209 | construction_time: 3.464929 | energy: node=133701J gpu=92319J cpu=21818J (1046W)
rank 12 | iter 3 | objfunc_time: 127.802170 | solver_time: 104.281182 | construction_time: 3.449969 | energy: node=129989J gpu=88453J cpu=22803J (1017W)
rank 7 | iter 3 | objfunc_time: 127.776062 | solver_time: 120.363373 | construction_time: 3.890618 | energy: node=158033J gpu=109770J cpu=17790J (1237W)
rank 14 | iter 3 | objfunc_time: 127.773149 | solver_time: 104.731290 | construction_time: 3.011059 | energy: node=150267J gpu=106737J cpu=18578J (1176W)
rank 7 | iter 4 | objfunc_time: 127.901274 | solver_time: 120.931232 | construction_time: 3.876031 | energy: node=157941J gpu=109391J cpu=17786J (1235W)
rank 12 | iter 4 | objfunc_time: 127.899872 | solver_time: 104.632967 | construction_time: 3.421455 | energy: node=130049J gpu=91323J cpu=22869J (1017W)
rank 1 | iter 4 | objfunc_time: 127.902291 | solver_time: 122.864006 | construction_time: 3.533674 | energy: node=159090J gpu=109529J cpu=24488J (1244W)
rank 6 | iter 4 | objfunc_time: 127.901318 | solver_time: 121.433956 | construction_time: 3.551580 | energy: node=152985J gpu=108359J cpu=21037J (1196W)
rank 2 | iter 4 | objfunc_time: 127.902047 | solver_time: 122.761066 | construction_time: 3.593529 | energy: node=157288J gpu=111702J cpu=20594J (1229W)
rank 3 | iter 4 | objfunc_time: 127.901615 | solver_time: 122.275678 | construction_time: 3.891815 | energy: node=158756J gpu=110191J cpu=22473J (1241W)
rank 14 | iter 4 | objfunc_time: 127.928731 | solver_time: 105.150629 | construction_time: 3.015095 | energy: node=150180J gpu=106698J cpu=18629J (1174W)
rank 13 | iter 4 | objfunc_time: 127.756396 | solver_time: 105.021052 | construction_time: 3.021768 | energy: node=152665J gpu=100069J cpu=24271J (1193W)
rank 11 | iter 4 | objfunc_time: 127.899878 | solver_time: 122.802914 | construction_time: 3.487719 | energy: node=155228J gpu=108213J cpu=18256J (1213W)
rank 4 | iter 4 | objfunc_time: 127.899348 | solver_time: 121.757382 | construction_time: 3.450472 | energy: node=131086J gpu=92004J cpu=22995J (1025W)
rank 8 | iter 4 | objfunc_time: 127.621068 | solver_time: 122.763617 | construction_time: 3.450126 | energy: node=130511J gpu=90158J cpu=22692J (1020W)
rank 10 | iter 4 | objfunc_time: 127.896274 | solver_time: 122.745217 | construction_time: 3.507316 | energy: node=153592J gpu=109876J cpu=19511J (1201W)
rank 0 | iter 4 | objfunc_time: 127.750833 | solver_time: 123.009239 | construction_time: 3.456564 | energy: node=133834J gpu=89979J cpu=21868J (1046W)
rank 9 | iter 4 | objfunc_time: 127.901787 | solver_time: 122.789673 | construction_time: 3.469503 | energy: node=156334J gpu=108711J cpu=22364J (1222W)
rank 15 | iter 4 | objfunc_time: 127.900068 | solver_time: 105.118748 | construction_time: 3.023082 | energy: node=145328J gpu=104353J cpu=23934J (1136W)
rank 5 | iter 4 | objfunc_time: 127.899803 | solver_time: 121.488410 | construction_time: 3.500597 | energy: node=151153J gpu=111599J cpu=27320J (1182W)
rank 1 | iter 5 | objfunc_time: 127.929890 | solver_time: 122.516580 | construction_time: 3.522221 | energy: node=159536J gpu=109671J cpu=24557J (1247W)
rank 9 | iter 5 | objfunc_time: 127.929239 | solver_time: 122.869572 | construction_time: 3.527191 | energy: node=156704J gpu=109504J cpu=22388J (1225W)
rank 3 | iter 5 | objfunc_time: 127.929173 | solver_time: 121.940355 | construction_time: 3.821766 | energy: node=159061J gpu=110320J cpu=22592J (1243W)
rank 2 | iter 5 | objfunc_time: 127.929675 | solver_time: 122.465250 | construction_time: 3.552585 | energy: node=157626J gpu=111999J cpu=20721J (1232W)
rank 7 | iter 5 | objfunc_time: 127.784784 | solver_time: 120.662010 | construction_time: 3.983054 | energy: node=158213J gpu=109228J cpu=17746J (1236W)
rank 15 | iter 5 | objfunc_time: 127.927175 | solver_time: 105.261083 | construction_time: 3.005968 | energy: node=145242J gpu=103408J cpu=24034J (1135W)
rank 5 | iter 5 | objfunc_time: 127.956166 | solver_time: 121.613714 | construction_time: 3.488012 | energy: node=151132J gpu=111363J cpu=27333J (1181W)
rank 12 | iter 5 | objfunc_time: 127.927447 | solver_time: 104.785079 | construction_time: 3.424709 | energy: node=130276J gpu=88203J cpu=22867J (1018W)
rank 4 | iter 5 | objfunc_time: 127.927199 | solver_time: 121.850363 | construction_time: 3.438407 | energy: node=131456J gpu=94267J cpu=23124J (1027W)
rank 11 | iter 5 | objfunc_time: 127.927035 | solver_time: 122.901578 | construction_time: 3.567004 | energy: node=155705J gpu=109085J cpu=18313J (1217W)
rank 0 | iter 5 | objfunc_time: 127.927155 | solver_time: 122.796126 | construction_time: 3.449296 | energy: node=134275J gpu=89449J cpu=22000J (1049W)
rank 8 | iter 5 | objfunc_time: 127.784447 | solver_time: 122.867502 | construction_time: 3.588000 | energy: node=131040J gpu=91042J cpu=22802J (1024W)
rank 14 | iter 5 | objfunc_time: 127.927198 | solver_time: 105.220887 | construction_time: 3.043191 | energy: node=150250J gpu=106854J cpu=18642J (1174W)
rank 10 | iter 5 | objfunc_time: 127.926921 | solver_time: 122.902825 | construction_time: 3.517809 | energy: node=154005J gpu=110170J cpu=19616J (1204W)
rank 13 | iter 5 | objfunc_time: 127.499892 | solver_time: 104.713366 | construction_time: 3.101813 | energy: node=152946J gpu=101451J cpu=24200J (1195W)
rank 6 | iter 5 | objfunc_time: 127.929686 | solver_time: 121.579461 | construction_time: 3.498824 | energy: node=153550J gpu=108603J cpu=21196J (1200W)
rank 1 | iter 6 | objfunc_time: 127.854416 | solver_time: 122.856067 | construction_time: 3.509229 | energy: node=159295J gpu=109420J cpu=24618J (1246W)
rank 7 | iter 6 | objfunc_time: 127.852968 | solver_time: 121.016264 | construction_time: 3.883835 | energy: node=158384J gpu=109452J cpu=17947J (1239W)
rank 3 | iter 6 | objfunc_time: 127.853212 | solver_time: 122.141095 | construction_time: 3.981084 | energy: node=159196J gpu=110292J cpu=22607J (1245W)
rank 0 | iter 6 | objfunc_time: 127.851934 | solver_time: 123.159653 | construction_time: 3.426413 | energy: node=134326J gpu=92356J cpu=21920J (1050W)
rank 9 | iter 6 | objfunc_time: 127.853808 | solver_time: 122.842528 | construction_time: 3.474171 | energy: node=156671J gpu=108924J cpu=22408J (1225W)
rank 2 | iter 6 | objfunc_time: 127.853515 | solver_time: 122.829669 | construction_time: 3.518030 | energy: node=157548J gpu=111734J cpu=20664J (1232W)
rank 12 | iter 6 | objfunc_time: 127.852425 | solver_time: 104.602727 | construction_time: 3.422315 | energy: node=130416J gpu=88366J cpu=22806J (1020W)
rank 13 | iter 6 | objfunc_time: 127.880973 | solver_time: 104.981082 | construction_time: 3.082874 | energy: node=153268J gpu=102475J cpu=24287J (1199W)
rank 11 | iter 6 | objfunc_time: 127.852579 | solver_time: 122.773123 | construction_time: 3.596458 | energy: node=155577J gpu=107800J cpu=18351J (1217W)
rank 15 | iter 6 | objfunc_time: 127.852310 | solver_time: 105.050211 | construction_time: 2.999635 | energy: node=145369J gpu=102610J cpu=24121J (1137W)
rank 8 | iter 6 | objfunc_time: 127.569502 | solver_time: 122.701521 | construction_time: 3.536698 | energy: node=130703J gpu=94671J cpu=22817J (1022W)
rank 10 | iter 6 | objfunc_time: 127.851657 | solver_time: 122.819052 | construction_time: 3.505569 | energy: node=153883J gpu=109942J cpu=19679J (1203W)
rank 5 | iter 6 | objfunc_time: 127.852210 | solver_time: 121.629768 | construction_time: 3.496070 | energy: node=151392J gpu=111383J cpu=27428J (1184W)
rank 14 | iter 6 | objfunc_time: 127.852177 | solver_time: 104.969321 | construction_time: 3.078165 | energy: node=150391J gpu=106880J cpu=18684J (1176W)
rank 6 | iter 6 | objfunc_time: 127.881004 | solver_time: 121.566996 | construction_time: 3.582737 | energy: node=153321J gpu=109196J cpu=21138J (1199W)
rank 4 | iter 6 | objfunc_time: 127.712085 | solver_time: 121.748893 | construction_time: 3.459319 | energy: node=131444J gpu=93424J cpu=23026J (1028W)
rank 7 | iter 7 | objfunc_time: 127.886561 | solver_time: 120.944108 | construction_time: 3.953314 | energy: node=158352J gpu=109452J cpu=17931J (1238W)
rank 1 | iter 7 | objfunc_time: 127.887984 | solver_time: 122.833465 | construction_time: 3.532764 | energy: node=159637J gpu=110159J cpu=24588J (1248W)
rank 9 | iter 7 | objfunc_time: 127.887107 | solver_time: 122.838880 | construction_time: 3.468682 | energy: node=156409J gpu=108803J cpu=22408J (1223W)
rank 3 | iter 7 | objfunc_time: 127.887701 | solver_time: 122.073368 | construction_time: 3.950476 | energy: node=159354J gpu=110424J cpu=22700J (1246W)
rank 0 | iter 7 | objfunc_time: 127.887195 | solver_time: 123.086435 | construction_time: 3.494089 | energy: node=134510J gpu=89245J cpu=22029J (1052W)
rank 2 | iter 7 | objfunc_time: 127.887129 | solver_time: 122.854676 | construction_time: 3.540088 | energy: node=157438J gpu=112243J cpu=20676J (1231W)
rank 12 | iter 7 | objfunc_time: 127.739580 | solver_time: 104.810846 | construction_time: 3.377814 | energy: node=130307J gpu=88341J cpu=22824J (1019W)
rank 14 | iter 7 | objfunc_time: 127.914346 | solver_time: 105.338477 | construction_time: 3.008921 | energy: node=150181J gpu=107207J cpu=18639J (1174W)
rank 13 | iter 7 | objfunc_time: 127.885903 | solver_time: 105.255084 | construction_time: 3.065128 | energy: node=153388J gpu=102204J cpu=24263J (1199W)
rank 11 | iter 7 | objfunc_time: 127.885549 | solver_time: 122.879058 | construction_time: 3.473849 | energy: node=155717J gpu=107915J cpu=18281J (1217W)
rank 10 | iter 7 | objfunc_time: 127.885471 | solver_time: 122.796128 | construction_time: 3.512266 | energy: node=153897J gpu=110175J cpu=19678J (1203W)
rank 5 | iter 7 | objfunc_time: 127.914344 | solver_time: 121.648907 | construction_time: 3.496861 | energy: node=151357J gpu=111345J cpu=27419J (1183W)
rank 15 | iter 7 | objfunc_time: 127.885656 | solver_time: 105.300794 | construction_time: 3.020531 | energy: node=145462J gpu=104504J cpu=24025J (1137W)
rank 4 | iter 7 | objfunc_time: 127.914332 | solver_time: 121.914294 | construction_time: 3.447434 | energy: node=131381J gpu=93408J cpu=23063J (1027W)
rank 8 | iter 7 | objfunc_time: 127.885551 | solver_time: 122.972354 | construction_time: 3.549245 | energy: node=130880J gpu=92389J cpu=22875J (1023W)
rank 6 | iter 7 | objfunc_time: 127.914327 | solver_time: 121.622979 | construction_time: 3.513460 | energy: node=153318J gpu=108517J cpu=21164J (1199W)
rank 1 | iter 8 | objfunc_time: 127.795793 | solver_time: 122.485101 | construction_time: 3.564887 | energy: node=159428J gpu=109621J cpu=24520J (1247W)
rank 0 | iter 8 | objfunc_time: 127.794323 | solver_time: 122.865085 | construction_time: 3.460194 | energy: node=134209J gpu=91425J cpu=21927J (1050W)
rank 3 | iter 8 | objfunc_time: 127.795057 | solver_time: 121.770960 | construction_time: 4.102600 | energy: node=158881J gpu=110100J cpu=22661J (1243W)
rank 9 | iter 8 | objfunc_time: 127.794252 | solver_time: 122.732767 | construction_time: 3.548806 | energy: node=156373J gpu=109477J cpu=22345J (1223W)
rank 2 | iter 8 | objfunc_time: 127.794200 | solver_time: 122.576880 | construction_time: 3.521236 | energy: node=157405J gpu=111896J cpu=20621J (1231W)
rank 12 | iter 8 | objfunc_time: 127.793869 | solver_time: 104.807333 | construction_time: 3.433053 | energy: node=130153J gpu=88193J cpu=22779J (1018W)
rank 11 | iter 8 | objfunc_time: 127.793002 | solver_time: 122.860343 | construction_time: 3.463266 | energy: node=155322J gpu=108795J cpu=18235J (1215W)
rank 13 | iter 8 | objfunc_time: 127.793387 | solver_time: 105.224815 | construction_time: 3.067712 | energy: node=153126J gpu=101756J cpu=24151J (1198W)
rank 7 | iter 8 | objfunc_time: 127.794475 | solver_time: 120.794959 | construction_time: 3.945107 | energy: node=158199J gpu=110188J cpu=17824J (1238W)
rank 5 | iter 8 | objfunc_time: 127.793251 | solver_time: 121.530100 | construction_time: 3.487988 | energy: node=151045J gpu=111311J cpu=27300J (1182W)
rank 15 | iter 8 | objfunc_time: 127.504749 | solver_time: 104.941165 | construction_time: 3.067322 | energy: node=145003J gpu=104213J cpu=23904J (1134W)
rank 14 | iter 8 | objfunc_time: 127.792843 | solver_time: 105.227969 | construction_time: 3.061493 | energy: node=150228J gpu=106626J cpu=18613J (1175W)
rank 10 | iter 8 | objfunc_time: 127.793106 | solver_time: 122.732441 | construction_time: 3.531060 | energy: node=153923J gpu=110325J cpu=19600J (1204W)
rank 8 | iter 8 | objfunc_time: 127.792433 | solver_time: 123.012158 | construction_time: 3.490878 | energy: node=130799J gpu=93226J cpu=22849J (1023W)
rank 4 | iter 8 | objfunc_time: 127.792722 | solver_time: 121.793008 | construction_time: 3.441982 | energy: node=131259J gpu=94052J cpu=23011J (1027W)
rank 6 | iter 8 | objfunc_time: 127.821625 | solver_time: 121.531943 | construction_time: 3.515104 | energy: node=152884J gpu=108347J cpu=21096J (1196W)
rank 3 | iter 9 | objfunc_time: 128.121423 | solver_time: 122.348484 | construction_time: 3.914182 | energy: node=158936J gpu=110762J cpu=22639J (1241W)
rank 0 | iter 9 | objfunc_time: 128.121416 | solver_time: 123.357312 | construction_time: 3.411212 | energy: node=134136J gpu=92192J cpu=21887J (1047W)
rank 1 | iter 9 | objfunc_time: 128.121428 | solver_time: 122.960060 | construction_time: 3.547101 | energy: node=159459J gpu=109691J cpu=24523J (1245W)
rank 9 | iter 9 | objfunc_time: 128.121446 | solver_time: 123.118980 | construction_time: 3.492027 | energy: node=156865J gpu=109184J cpu=22396J (1224W)
rank 12 | iter 9 | objfunc_time: 128.121431 | solver_time: 105.129999 | construction_time: 3.397858 | energy: node=129822J gpu=87545J cpu=22732J (1013W)
rank 7 | iter 9 | objfunc_time: 128.121436 | solver_time: 121.293461 | construction_time: 4.001485 | energy: node=158282J gpu=111811J cpu=17801J (1235W)
rank 14 | iter 9 | objfunc_time: 128.121423 | solver_time: 105.461645 | construction_time: 3.071531 | energy: node=150206J gpu=107414J cpu=18590J (1172W)
rank 15 | iter 9 | objfunc_time: 128.121430 | solver_time: 105.474935 | construction_time: 3.070488 | energy: node=145536J gpu=104624J cpu=24008J (1136W)
rank 5 | iter 9 | objfunc_time: 128.121432 | solver_time: 122.032823 | construction_time: 3.516587 | energy: node=151285J gpu=111496J cpu=27300J (1181W)
rank 11 | iter 9 | objfunc_time: 128.121428 | solver_time: 123.196879 | construction_time: 3.462323 | energy: node=155711J gpu=109143J cpu=18338J (1215W)
rank 4 | iter 9 | objfunc_time: 128.121427 | solver_time: 122.323820 | construction_time: 3.448555 | energy: node=131382J gpu=93517J cpu=22998J (1025W)
rank 8 | iter 9 | objfunc_time: 128.121425 | solver_time: 123.352770 | construction_time: 3.492683 | energy: node=130886J gpu=92343J cpu=22836J (1022W)
rank 10 | iter 9 | objfunc_time: 128.121434 | solver_time: 123.120085 | construction_time: 3.498145 | energy: node=153786J gpu=110138J cpu=19609J (1200W)
rank 13 | iter 9 | objfunc_time: 128.121432 | solver_time: 105.350380 | construction_time: 3.168563 | energy: node=153327J gpu=102593J cpu=24131J (1197W)
rank 6 | iter 9 | objfunc_time: 128.121412 | solver_time: 122.039399 | construction_time: 3.507847 | energy: node=153111J gpu=108515J cpu=21140J (1195W)
rank 2 | iter 9 | objfunc_time: 128.121427 | solver_time: 122.997232 | construction_time: 3.542060 | energy: node=157724J gpu=112511J cpu=20684J (1231W)
rank 9 | iter 10 | objfunc_time: 128.259893 | solver_time: 123.275076 | construction_time: 3.478539 | energy: node=156600J gpu=108899J cpu=22354J (1221W)
rank 1 | iter 10 | objfunc_time: 128.259906 | solver_time: 122.564681 | construction_time: 3.554453 | energy: node=159852J gpu=110820J cpu=24591J (1246W)
rank 0 | iter 10 | objfunc_time: 128.259876 | solver_time: 122.978147 | construction_time: 3.401030 | energy: node=134423J gpu=91740J cpu=21980J (1048W)
rank 2 | iter 10 | objfunc_time: 128.287126 | solver_time: 122.451580 | construction_time: 3.673595 | energy: node=157719J gpu=114153J cpu=20703J (1229W)
rank 3 | iter 10 | objfunc_time: 128.123373 | solver_time: 121.796276 | construction_time: 3.974153 | energy: node=158887J gpu=110356J cpu=22623J (1239W)
rank 7 | iter 10 | objfunc_time: 128.259224 | solver_time: 120.787057 | construction_time: 3.907935 | energy: node=158672J gpu=110330J cpu=17946J (1237W)
rank 14 | iter 10 | objfunc_time: 128.258804 | solver_time: 105.050902 | construction_time: 3.012187 | energy: node=150296J gpu=107593J cpu=18635J (1172W)
rank 6 | iter 10 | objfunc_time: 128.287142 | solver_time: 121.456073 | construction_time: 3.511323 | energy: node=153192J gpu=108480J cpu=21165J (1194W)
rank 13 | iter 10 | objfunc_time: 128.287158 | solver_time: 104.958348 | construction_time: 3.110127 | energy: node=153421J gpu=101760J cpu=24233J (1196W)
rank 5 | iter 10 | objfunc_time: 128.258731 | solver_time: 121.380332 | construction_time: 3.550980 | energy: node=151346J gpu=111671J cpu=27348J (1180W)
rank 15 | iter 10 | objfunc_time: 128.257387 | solver_time: 105.040725 | construction_time: 3.019064 | energy: node=145576J gpu=104665J cpu=23964J (1135W)
rank 8 | iter 10 | objfunc_time: 128.258200 | solver_time: 123.470573 | construction_time: 3.470436 | energy: node=130952J gpu=94386J cpu=22898J (1021W)
rank 11 | iter 10 | objfunc_time: 128.258241 | solver_time: 123.225028 | construction_time: 3.554756 | energy: node=155500J gpu=108602J cpu=18257J (1212W)
rank 4 | iter 10 | objfunc_time: 128.257985 | solver_time: 121.725038 | construction_time: 3.437525 | energy: node=131630J gpu=92183J cpu=23023J (1026W)
rank 12 | iter 10 | objfunc_time: 128.258605 | solver_time: 104.620519 | construction_time: 3.429970 | energy: node=130165J gpu=88420J cpu=22743J (1015W)
rank 10 | iter 10 | objfunc_time: 127.976173 | solver_time: 122.914765 | construction_time: 3.524649 | energy: node=154098J gpu=110362J cpu=19674J (1201W)
rank 1 | iter 11 | objfunc_time: 128.248227 | solver_time: 123.113103 | construction_time: 3.543976 | energy: node=159849J gpu=109746J cpu=24634J (1246W)
rank 13 | iter 11 | objfunc_time: 128.245937 | solver_time: 105.096556 | construction_time: 3.093263 | energy: node=153553J gpu=102148J cpu=24246J (1197W)
rank 9 | iter 11 | objfunc_time: 128.247820 | solver_time: 123.026245 | construction_time: 3.639551 | energy: node=157086J gpu=109239J cpu=22503J (1225W)
rank 0 | iter 11 | objfunc_time: 128.104306 | solver_time: 123.383370 | construction_time: 3.402898 | energy: node=134491J gpu=89888J cpu=21990J (1048W)
rank 2 | iter 11 | objfunc_time: 128.247498 | solver_time: 123.084849 | construction_time: 3.577297 | energy: node=158018J gpu=112007J cpu=20847J (1232W)
rank 3 | iter 11 | objfunc_time: 128.101204 | solver_time: 122.222603 | construction_time: 3.974329 | energy: node=159166J gpu=109875J cpu=22743J (1241W)
rank 14 | iter 11 | objfunc_time: 128.246060 | solver_time: 105.166312 | construction_time: 3.019270 | energy: node=150514J gpu=106748J cpu=18742J (1173W)
rank 15 | iter 11 | objfunc_time: 128.245932 | solver_time: 105.155549 | construction_time: 3.052583 | energy: node=145627J gpu=104613J cpu=24048J (1135W)
rank 12 | iter 11 | objfunc_time: 128.246620 | solver_time: 104.753017 | construction_time: 3.398248 | energy: node=130410J gpu=87208J cpu=22769J (1017W)
rank 4 | iter 11 | objfunc_time: 128.245276 | solver_time: 122.232028 | construction_time: 3.450046 | energy: node=131760J gpu=93639J cpu=23096J (1027W)
rank 10 | iter 11 | objfunc_time: 128.274486 | solver_time: 123.226550 | construction_time: 3.550998 | energy: node=154256J gpu=110368J cpu=19741J (1203W)
rank 11 | iter 11 | objfunc_time: 128.245163 | solver_time: 123.259059 | construction_time: 3.519526 | energy: node=155677J gpu=108307J cpu=18386J (1214W)
rank 8 | iter 11 | objfunc_time: 128.245794 | solver_time: 123.454747 | construction_time: 3.516426 | energy: node=131273J gpu=94628J cpu=22976J (1023W)
  Mean: 128.2268s
  Std:  0.1967s
  Node energy/grad: 134489.8 J
  GPU energy/grad:  91310.1 J
  Other energy/grad: 21195.6 J

======================================================================
Benchmark completed
Results written to: /capstor/scratch/cscs/aboudaou/workspace/dalia/artifact/plotting/data/fig6_raw_results.csv
======================================================================
rank 5 | iter 11 | objfunc_time: 128.246082 | solver_time: 121.891531 | construction_time: 3.570894 | energy: node=151734J gpu=111737J cpu=27531J (1183W)
rank 6 | iter 11 | objfunc_time: 128.102531 | solver_time: 121.807559 | construction_time: 3.514974 | energy: node=153613J gpu=108699J cpu=21261J (1198W)
rank 7 | iter 11 | objfunc_time: 128.097482 | solver_time: 121.106101 | construction_time: 3.984292 | energy: node=159153J gpu=109937J cpu=18134J (1241W)
Job finished at Sat 14 Mar 2026 11:01:36 PM CET
