Parsed parameters:
  max_iter: 250
  solver_min_p: 4
  profile: False
  precision: float64
  benchmark_mode: True
  n_benchmark_runs: 10
  benchmark_method: finite_diff
  output_csv: /capstor/scratch/cscs/aboudaou/workspace/dalia/artifact/plotting/data/fig6_raw_results.csv
--- ap1: Coregional (3-variate) Spatio-Temporal Model (distributed, 4 nodes) ---
Distributed solver slicing: [12, 12, 12, 12]

___________________________________ 
___  __ \__    |__  /____  _/__    |
__  / / /_  /| |_  /  __  / __  /| |
_  /_/ /_  ___ |  /____/ /  _  ___ |
/_____/ /_/  |_/_____/___/  /_/  |_|

╔═════════════════════════════════════════════════════════╗
║                Parallelization strategies               ║
║ ╒═══════════════════════════════════════════╤═════════╕ ║
║ │ Participating Processes / Total Processes │ 16 / 16 │ ║
║ ├───────────────────────────────────────────┼─────────┤ ║
║ │ Parallelization through F()               │    4    │ ║
║ ├───────────────────────────────────────────┼─────────┤ ║
║ │ Parallelization through Q()               │    1    │ ║
║ ├───────────────────────────────────────────┼─────────┤ ║
║ │ Parallelization through S()               │    4    │ ║
║ ╘═══════════════════════════════════════════╧═════════╛ ║
╚═════════════════════════════════════════════════════════╝
╔═══════════════════════════════╗
║  Enabled Performance modules  ║
║ ╒═══════════════════╤═══════╕ ║
║ │ Array module      │ cupy  │ ║
║ ├───────────────────┼───────┤ ║
║ │ MPI available     │ True  │ ║
║ ├───────────────────┼───────┤ ║
║ │ Is MPI CUDA aware │ False │ ║
║ ├───────────────────┼───────┤ ║
║ │ Is NCCL available │ False │ ║
║ ╘═══════════════════╧═══════╛ ║
╚═══════════════════════════════╝
╔═══════════════════════════════════════╗
║             Memory Report             ║
║ ╒════════════════════════╤══════════╕ ║
║ │ Solver memory          │ 61.81 GB │ ║
║ ├────────────────────────┼──────────┤ ║
║ │ Total memory used      │ 66.08 GB │ ║
║ ├────────────────────────┼──────────┤ ║
║ │ Total memory available │ 66.15 GB │ ║
║ ╘════════════════════════╧══════════╛ ║
╚═══════════════════════════════════════╝
DALIA initialized.
Parsed parameters:
  max_iter: 250
  solver_min_p: 4
  profile: False
  precision: float64
  benchmark_mode: True
  n_benchmark_runs: 10
  benchmark_method: finite_diff
  output_csv: /capstor/scratch/cscs/aboudaou/workspace/dalia/artifact/plotting/data/fig6_raw_results.csv
rank 15 | iter 1 | objfunc_time: 124.991996 | solver_time: 107.286335 | construction_time: 1.897891 | energy: node=131809J gpu=88693J cpu=25599J (1054W)
Parsed parameters:
  max_iter: 250
  solver_min_p: 4
  profile: False
  precision: float64
  benchmark_mode: True
  n_benchmark_runs: 10
  benchmark_method: finite_diff
  output_csv: /capstor/scratch/cscs/aboudaou/workspace/dalia/artifact/plotting/data/fig6_raw_results.csv
rank 13 | iter 1 | objfunc_time: 124.991869 | solver_time: 107.216884 | construction_time: 1.931564 | energy: node=134117J gpu=89579J cpu=24766J (1073W)
Parsed parameters:
  max_iter: 250
  solver_min_p: 4
  profile: False
  precision: float64
  benchmark_mode: True
  n_benchmark_runs: 10
  benchmark_method: finite_diff
  output_csv: /capstor/scratch/cscs/aboudaou/workspace/dalia/artifact/plotting/data/fig6_raw_results.csv
rank 3 | iter 1 | objfunc_time: 125.001734 | solver_time: 122.382814 | construction_time: 2.162797 | energy: node=129580J gpu=87061J cpu=23596J (1036W)

======================================================================
GRADIENT BENCHMARK: ap1
======================================================================
Nodes: 16, Tasks: 16
Hyperparameters: 15
Benchmark runs: 10
Energy monitor: enabled (Cray PM counters)

Timing finite difference gradient...
Allocated an extra 0.15 GB for BTA_mapping caching (total: 61.97)
rank 0 | iter 1 | objfunc_time: 124.990591 | solver_time: 122.481209 | construction_time: 2.094428 | energy: node=113633J gpu=77138J cpu=19528J (909W)
Parsed parameters:
  max_iter: 250
  solver_min_p: 4
  profile: False
  precision: float64
  benchmark_mode: True
  n_benchmark_runs: 10
  benchmark_method: finite_diff
  output_csv: /capstor/scratch/cscs/aboudaou/workspace/dalia/artifact/plotting/data/fig6_raw_results.csv
rank 4 | iter 1 | objfunc_time: 124.846412 | solver_time: 119.560487 | construction_time: 2.100837 | energy: node=112778J gpu=77703J cpu=22271J (902W)
Parsed parameters:
  max_iter: 250
  solver_min_p: 4
  profile: False
  precision: float64
  benchmark_mode: True
  n_benchmark_runs: 10
  benchmark_method: finite_diff
  output_csv: /capstor/scratch/cscs/aboudaou/workspace/dalia/artifact/plotting/data/fig6_raw_results.csv
rank 14 | iter 1 | objfunc_time: 124.564575 | solver_time: 106.917666 | construction_time: 1.850435 | energy: node=127862J gpu=85536J cpu=21786J (1023W)
Parsed parameters:
  max_iter: 250
  solver_min_p: 4
  profile: False
  precision: float64
  benchmark_mode: True
  n_benchmark_runs: 10
  benchmark_method: finite_diff
  output_csv: /capstor/scratch/cscs/aboudaou/workspace/dalia/artifact/plotting/data/fig6_raw_results.csv
rank 8 | iter 1 | objfunc_time: 125.018195 | solver_time: 121.956427 | construction_time: 2.103879 | energy: node=116871J gpu=75320J cpu=19629J (935W)
Parsed parameters:
  max_iter: 250
  solver_min_p: 4
  profile: False
  precision: float64
  benchmark_mode: True
  n_benchmark_runs: 10
  benchmark_method: finite_diff
  output_csv: /capstor/scratch/cscs/aboudaou/workspace/dalia/artifact/plotting/data/fig6_raw_results.csv
rank 9 | iter 1 | objfunc_time: 124.990885 | solver_time: 121.875076 | construction_time: 2.136521 | energy: node=133661J gpu=90745J cpu=21863J (1069W)
Parsed parameters:
  max_iter: 250
  solver_min_p: 4
  profile: False
  precision: float64
  benchmark_mode: True
  n_benchmark_runs: 10
  benchmark_method: finite_diff
  output_csv: /capstor/scratch/cscs/aboudaou/workspace/dalia/artifact/plotting/data/fig6_raw_results.csv
rank 1 | iter 1 | objfunc_time: 124.988798 | solver_time: 122.406432 | construction_time: 2.129549 | energy: node=133198J gpu=92171J cpu=18307J (1065W)
Parsed parameters:
  max_iter: 250
  solver_min_p: 4
  profile: False
  precision: float64
  benchmark_mode: True
  n_benchmark_runs: 10
  benchmark_method: finite_diff
  output_csv: /capstor/scratch/cscs/aboudaou/workspace/dalia/artifact/plotting/data/fig6_raw_results.csv
rank 2 | iter 1 | objfunc_time: 125.018156 | solver_time: 122.545164 | construction_time: 2.060050 | energy: node=136642J gpu=92662J cpu=24089J (1093W)
Parsed parameters:
  max_iter: 250
  solver_min_p: 4
  profile: False
  precision: float64
  benchmark_mode: True
  n_benchmark_runs: 10
  benchmark_method: finite_diff
  output_csv: /capstor/scratch/cscs/aboudaou/workspace/dalia/artifact/plotting/data/fig6_raw_results.csv
rank 7 | iter 1 | objfunc_time: 124.988313 | solver_time: 119.576191 | construction_time: 2.189085 | energy: node=133313J gpu=91823J cpu=19152J (1066W)
Parsed parameters:
  max_iter: 250
  solver_min_p: 4
  profile: False
  precision: float64
  benchmark_mode: True
  n_benchmark_runs: 10
  benchmark_method: finite_diff
  output_csv: /capstor/scratch/cscs/aboudaou/workspace/dalia/artifact/plotting/data/fig6_raw_results.csv
rank 11 | iter 1 | objfunc_time: 124.991541 | solver_time: 121.927000 | construction_time: 2.111077 | energy: node=134768J gpu=92910J cpu=18748J (1078W)
Parsed parameters:
  max_iter: 250
  solver_min_p: 4
  profile: False
  precision: float64
  benchmark_mode: True
  n_benchmark_runs: 10
  benchmark_method: finite_diff
  output_csv: /capstor/scratch/cscs/aboudaou/workspace/dalia/artifact/plotting/data/fig6_raw_results.csv
rank 6 | iter 1 | objfunc_time: 125.018170 | solver_time: 119.729622 | construction_time: 2.104079 | energy: node=131033J gpu=93581J cpu=20874J (1048W)
Parsed parameters:
  max_iter: 250
  solver_min_p: 4
  profile: False
  precision: float64
  benchmark_mode: True
  n_benchmark_runs: 10
  benchmark_method: finite_diff
  output_csv: /capstor/scratch/cscs/aboudaou/workspace/dalia/artifact/plotting/data/fig6_raw_results.csv
rank 10 | iter 1 | objfunc_time: 124.988516 | solver_time: 121.905200 | construction_time: 2.120044 | energy: node=132737J gpu=92321J cpu=21009J (1062W)
Parsed parameters:
  max_iter: 250
  solver_min_p: 4
  profile: False
  precision: float64
  benchmark_mode: True
  n_benchmark_runs: 10
  benchmark_method: finite_diff
  output_csv: /capstor/scratch/cscs/aboudaou/workspace/dalia/artifact/plotting/data/fig6_raw_results.csv
rank 12 | iter 1 | objfunc_time: 124.989915 | solver_time: 107.165782 | construction_time: 1.959456 | energy: node=109362J gpu=76022J cpu=25049J (875W)
Parsed parameters:
  max_iter: 250
  solver_min_p: 4
  profile: False
  precision: float64
  benchmark_mode: True
  n_benchmark_runs: 10
  benchmark_method: finite_diff
  output_csv: /capstor/scratch/cscs/aboudaou/workspace/dalia/artifact/plotting/data/fig6_raw_results.csv
rank 5 | iter 1 | objfunc_time: 124.988587 | solver_time: 119.684377 | construction_time: 2.115788 | energy: node=130698J gpu=94159J cpu=23421J (1045W)
rank 9 | iter 2 | objfunc_time: 125.243122 | solver_time: 121.920716 | construction_time: 2.114016 | energy: node=133591J gpu=90700J cpu=21783J (1066W)
rank 11 | iter 2 | objfunc_time: 125.241673 | solver_time: 121.884862 | construction_time: 2.149593 | energy: node=134822J gpu=94004J cpu=18714J (1076W)
rank 15 | iter 2 | objfunc_time: 125.256935 | solver_time: 107.314227 | construction_time: 1.958089 | energy: node=131942J gpu=89450J cpu=25595J (1053W)
rank 13 | iter 2 | objfunc_time: 125.245761 | solver_time: 107.433496 | construction_time: 1.869191 | energy: node=134116J gpu=88503J cpu=24831J (1071W)
rank 6 | iter 2 | objfunc_time: 124.960282 | solver_time: 119.408020 | construction_time: 2.113721 | energy: node=130808J gpu=92066J cpu=20835J (1044W)
rank 4 | iter 2 | objfunc_time: 125.104717 | solver_time: 119.564840 | construction_time: 2.099959 | energy: node=112845J gpu=77770J cpu=22251J (901W)
rank 0 | iter 2 | objfunc_time: 125.244628 | solver_time: 122.729660 | construction_time: 2.095825 | energy: node=113477J gpu=76831J cpu=19542J (906W)
rank 2 | iter 2 | objfunc_time: 125.242845 | solver_time: 122.762623 | construction_time: 2.063004 | energy: node=136587J gpu=91595J cpu=24134J (1090W)
rank 1 | iter 2 | objfunc_time: 125.242860 | solver_time: 122.545479 | construction_time: 2.203492 | energy: node=133591J gpu=92338J cpu=18291J (1066W)
rank 3 | iter 2 | objfunc_time: 125.245630 | solver_time: 122.582167 | construction_time: 2.195644 | energy: node=138975J gpu=92987J cpu=25362J (1109W)
rank 5 | iter 2 | objfunc_time: 125.271593 | solver_time: 119.706320 | construction_time: 2.119892 | energy: node=130373J gpu=93907J cpu=23267J (1041W)
rank 12 | iter 2 | objfunc_time: 124.791926 | solver_time: 106.904537 | construction_time: 1.915387 | energy: node=106891J gpu=74641J cpu=24253J (853W)
rank 7 | iter 2 | objfunc_time: 125.242369 | solver_time: 119.669703 | construction_time: 2.134776 | energy: node=133274J gpu=91584J cpu=19128J (1064W)
rank 8 | iter 2 | objfunc_time: 125.243236 | solver_time: 121.946764 | construction_time: 2.104860 | energy: node=116743J gpu=77424J cpu=19621J (932W)
rank 10 | iter 2 | objfunc_time: 125.242328 | solver_time: 121.928310 | construction_time: 2.119671 | energy: node=132817J gpu=92799J cpu=20949J (1060W)
rank 14 | iter 2 | objfunc_time: 125.243414 | solver_time: 107.453501 | construction_time: 1.856517 | energy: node=128336J gpu=85384J cpu=21955J (1024W)
rank 6 | iter 3 | objfunc_time: 125.252760 | solver_time: 119.612100 | construction_time: 2.113016 | energy: node=130916J gpu=92562J cpu=20765J (1045W)
rank 4 | iter 3 | objfunc_time: 125.252213 | solver_time: 119.625014 | construction_time: 2.096960 | energy: node=112792J gpu=77787J cpu=22211J (900W)
rank 0 | iter 3 | objfunc_time: 125.252465 | solver_time: 122.734767 | construction_time: 2.103219 | energy: node=113391J gpu=76734J cpu=19493J (905W)
rank 13 | iter 3 | objfunc_time: 125.108562 | solver_time: 107.162107 | construction_time: 1.847995 | energy: node=133996J gpu=89568J cpu=24767J (1070W)
rank 10 | iter 3 | objfunc_time: 125.250661 | solver_time: 121.994671 | construction_time: 2.165519 | energy: node=132322J gpu=93910J cpu=20881J (1056W)
rank 8 | iter 3 | objfunc_time: 125.251610 | solver_time: 122.083102 | construction_time: 2.104963 | energy: node=116427J gpu=76778J cpu=19521J (929W)
rank 14 | iter 3 | objfunc_time: 125.279664 | solver_time: 107.318816 | construction_time: 1.859018 | energy: node=128034J gpu=85503J cpu=21925J (1022W)
rank 9 | iter 3 | objfunc_time: 125.264541 | solver_time: 122.023165 | construction_time: 2.152344 | energy: node=131644J gpu=89498J cpu=21448J (1051W)
rank 3 | iter 3 | objfunc_time: 125.250624 | solver_time: 122.655485 | construction_time: 2.152549 | energy: node=133681J gpu=89932J cpu=24359J (1067W)
rank 2 | iter 3 | objfunc_time: 124.964695 | solver_time: 122.493965 | construction_time: 2.059975 | energy: node=136132J gpu=92229J cpu=24046J (1087W)
rank 1 | iter 3 | objfunc_time: 125.250526 | solver_time: 122.618272 | construction_time: 2.166083 | energy: node=133139J gpu=92279J cpu=18292J (1063W)
rank 5 | iter 3 | objfunc_time: 125.250567 | solver_time: 119.591204 | construction_time: 2.125581 | energy: node=130354J gpu=94045J cpu=23244J (1041W)
rank 15 | iter 3 | objfunc_time: 125.253832 | solver_time: 107.213277 | construction_time: 1.913230 | energy: node=132021J gpu=88824J cpu=25597J (1054W)
rank 12 | iter 3 | objfunc_time: 125.250358 | solver_time: 107.249714 | construction_time: 1.882631 | energy: node=106783J gpu=72888J cpu=24310J (852W)
rank 7 | iter 3 | objfunc_time: 125.107062 | solver_time: 119.466288 | construction_time: 2.120342 | energy: node=133339J gpu=92085J cpu=18918J (1064W)
rank 11 | iter 3 | objfunc_time: 125.263385 | solver_time: 122.015028 | construction_time: 2.163932 | energy: node=134855J gpu=94539J cpu=18702J (1076W)
rank 15 | iter 4 | objfunc_time: 124.733946 | solver_time: 107.314982 | construction_time: 1.885091 | energy: node=131378J gpu=88705J cpu=25369J (1052W)
rank 13 | iter 4 | objfunc_time: 124.733966 | solver_time: 107.373929 | construction_time: 1.847408 | energy: node=133526J gpu=89051J cpu=24683J (1069W)
rank 4 | iter 4 | objfunc_time: 124.727178 | solver_time: 119.146044 | construction_time: 2.103666 | energy: node=112197J gpu=77313J cpu=22040J (898W)
rank 0 | iter 4 | objfunc_time: 124.873687 | solver_time: 122.352030 | construction_time: 2.105125 | energy: node=112997J gpu=75510J cpu=19399J (905W)
rank 6 | iter 4 | objfunc_time: 124.874334 | solver_time: 119.286145 | construction_time: 2.112446 | energy: node=130680J gpu=92474J cpu=20729J (1046W)
rank 8 | iter 4 | objfunc_time: 124.872848 | solver_time: 122.008132 | construction_time: 2.110291 | energy: node=116158J gpu=75359J cpu=19424J (930W)
rank 2 | iter 4 | objfunc_time: 124.871910 | solver_time: 122.400772 | construction_time: 2.062083 | energy: node=136168J gpu=92483J cpu=24018J (1090W)
rank 1 | iter 4 | objfunc_time: 124.872344 | solver_time: 122.302108 | construction_time: 2.128602 | energy: node=132698J gpu=92035J cpu=18217J (1062W)
rank 11 | iter 4 | objfunc_time: 124.901086 | solver_time: 121.927383 | construction_time: 2.186347 | energy: node=134327J gpu=93484J cpu=18463J (1075W)
rank 5 | iter 4 | objfunc_time: 124.872101 | solver_time: 119.271609 | construction_time: 2.119349 | energy: node=129787J gpu=93890J cpu=23061J (1039W)
rank 7 | iter 4 | objfunc_time: 124.901078 | solver_time: 119.320803 | construction_time: 2.113235 | energy: node=132994J gpu=90249J cpu=18864J (1065W)
rank 12 | iter 4 | objfunc_time: 124.573812 | solver_time: 107.178307 | construction_time: 1.868128 | energy: node=106137J gpu=74787J cpu=24069J (850W)
rank 9 | iter 4 | objfunc_time: 124.872289 | solver_time: 121.965424 | construction_time: 2.133709 | energy: node=135840J gpu=92999J cpu=22090J (1088W)
rank 3 | iter 4 | objfunc_time: 124.726337 | solver_time: 122.181006 | construction_time: 2.121874 | energy: node=133555J gpu=89893J cpu=24246J (1069W)
rank 14 | iter 4 | objfunc_time: 124.735317 | solver_time: 107.359271 | construction_time: 1.857882 | energy: node=127661J gpu=85515J cpu=21840J (1022W)
rank 10 | iter 4 | objfunc_time: 124.872785 | solver_time: 121.824479 | construction_time: 2.227656 | energy: node=132187J gpu=93806J cpu=20826J (1058W)
rank 15 | iter 5 | objfunc_time: 124.937345 | solver_time: 106.964657 | construction_time: 1.965724 | energy: node=131374J gpu=88635J cpu=25352J (1051W)
rank 11 | iter 5 | objfunc_time: 124.927497 | solver_time: 122.024889 | construction_time: 2.154807 | energy: node=134354J gpu=93809J cpu=18496J (1075W)
rank 13 | iter 5 | objfunc_time: 124.927094 | solver_time: 107.131162 | construction_time: 1.844927 | energy: node=133716J gpu=89213J cpu=24668J (1070W)
rank 0 | iter 5 | objfunc_time: 124.787148 | solver_time: 122.269386 | construction_time: 2.104306 | energy: node=113003J gpu=76390J cpu=19387J (904W)
rank 4 | iter 5 | objfunc_time: 124.925952 | solver_time: 119.304625 | construction_time: 2.103584 | energy: node=112225J gpu=77540J cpu=22110J (898W)
rank 6 | iter 5 | objfunc_time: 124.925985 | solver_time: 119.293324 | construction_time: 2.114785 | energy: node=130826J gpu=92504J cpu=20713J (1047W)
rank 10 | iter 5 | objfunc_time: 124.953464 | solver_time: 121.898354 | construction_time: 2.243993 | energy: node=132169J gpu=94407J cpu=20794J (1058W)
rank 8 | iter 5 | objfunc_time: 124.925002 | solver_time: 122.081501 | construction_time: 2.110791 | energy: node=116104J gpu=75773J cpu=19414J (929W)
rank 1 | iter 5 | objfunc_time: 124.780776 | solver_time: 122.236361 | construction_time: 2.113701 | energy: node=132782J gpu=90957J cpu=18233J (1063W)
rank 3 | iter 5 | objfunc_time: 124.953506 | solver_time: 122.436355 | construction_time: 2.104983 | energy: node=133523J gpu=89920J cpu=24270J (1069W)
rank 5 | iter 5 | objfunc_time: 124.783417 | solver_time: 119.136754 | construction_time: 2.124526 | energy: node=129778J gpu=93684J cpu=23134J (1039W)
rank 7 | iter 5 | objfunc_time: 124.923506 | solver_time: 119.296753 | construction_time: 2.119348 | energy: node=132992J gpu=91450J cpu=18912J (1064W)
rank 12 | iter 5 | objfunc_time: 124.922594 | solver_time: 107.103023 | construction_time: 1.859546 | energy: node=106346J gpu=72790J cpu=24093J (851W)
rank 2 | iter 5 | objfunc_time: 124.924529 | solver_time: 122.448035 | construction_time: 2.065682 | energy: node=136024J gpu=92287J cpu=23964J (1089W)
rank 9 | iter 5 | objfunc_time: 124.953493 | solver_time: 122.086620 | construction_time: 2.121720 | energy: node=133580J gpu=90746J cpu=21708J (1069W)
rank 14 | iter 5 | objfunc_time: 124.953499 | solver_time: 107.138174 | construction_time: 1.859284 | energy: node=127838J gpu=85158J cpu=21933J (1023W)
rank 13 | iter 6 | objfunc_time: 124.829508 | solver_time: 106.565684 | construction_time: 1.848580 | energy: node=133559J gpu=89140J cpu=24639J (1070W)
rank 4 | iter 6 | objfunc_time: 124.828953 | solver_time: 119.242880 | construction_time: 2.106914 | energy: node=112471J gpu=77623J cpu=22109J (901W)
rank 6 | iter 6 | objfunc_time: 124.829245 | solver_time: 119.235773 | construction_time: 2.115915 | energy: node=130553J gpu=92456J cpu=20611J (1046W)
rank 14 | iter 6 | objfunc_time: 124.856409 | solver_time: 106.574882 | construction_time: 1.861501 | energy: node=127354J gpu=85368J cpu=21891J (1020W)
rank 3 | iter 6 | objfunc_time: 124.827453 | solver_time: 122.316814 | construction_time: 2.102251 | energy: node=133548J gpu=90358J cpu=24232J (1070W)
rank 2 | iter 6 | objfunc_time: 124.856425 | solver_time: 122.376809 | construction_time: 2.069785 | energy: node=135986J gpu=91359J cpu=23922J (1089W)
rank 9 | iter 6 | objfunc_time: 124.856412 | solver_time: 122.127117 | construction_time: 2.111769 | energy: node=133568J gpu=90774J cpu=21712J (1070W)
rank 1 | iter 6 | objfunc_time: 124.827807 | solver_time: 122.287014 | construction_time: 2.111480 | energy: node=132972J gpu=92312J cpu=18241J (1065W)
rank 5 | iter 6 | objfunc_time: 124.826690 | solver_time: 119.220153 | construction_time: 2.123658 | energy: node=129692J gpu=93671J cpu=23154J (1039W)
rank 7 | iter 6 | objfunc_time: 124.683416 | solver_time: 119.093705 | construction_time: 2.120111 | energy: node=132903J gpu=92685J cpu=18848J (1064W)
rank 15 | iter 6 | objfunc_time: 124.829814 | solver_time: 106.413297 | construction_time: 1.960293 | energy: node=131443J gpu=88567J cpu=25377J (1053W)
rank 8 | iter 6 | objfunc_time: 124.680304 | solver_time: 121.959960 | construction_time: 2.109775 | energy: node=116151J gpu=78268J cpu=19414J (930W)
rank 0 | iter 6 | objfunc_time: 124.829345 | solver_time: 122.310387 | construction_time: 2.105238 | energy: node=113269J gpu=78323J cpu=19410J (907W)
rank 10 | iter 6 | objfunc_time: 124.686979 | solver_time: 121.875056 | construction_time: 2.167429 | energy: node=132250J gpu=94321J cpu=20810J (1059W)
rank 12 | iter 6 | objfunc_time: 124.825654 | solver_time: 106.539756 | construction_time: 1.860715 | energy: node=106624J gpu=72935J cpu=24151J (854W)
rank 11 | iter 6 | objfunc_time: 124.831140 | solver_time: 122.089941 | construction_time: 2.128505 | energy: node=134582J gpu=93581J cpu=18637J (1078W)
rank 14 | iter 7 | objfunc_time: 124.897529 | solver_time: 106.453831 | construction_time: 1.859376 | energy: node=127574J gpu=84910J cpu=21863J (1021W)
rank 15 | iter 7 | objfunc_time: 124.909503 | solver_time: 106.331891 | construction_time: 1.948149 | energy: node=131441J gpu=88984J cpu=25416J (1052W)
rank 13 | iter 7 | objfunc_time: 124.899446 | solver_time: 106.474047 | construction_time: 1.848888 | energy: node=133669J gpu=89111J cpu=24693J (1070W)
rank 0 | iter 7 | objfunc_time: 124.753321 | solver_time: 122.229670 | construction_time: 2.109021 | energy: node=112838J gpu=76504J cpu=19408J (903W)
rank 4 | iter 7 | objfunc_time: 124.898134 | solver_time: 119.146538 | construction_time: 2.110096 | energy: node=112532J gpu=77643J cpu=22121J (901W)
rank 6 | iter 7 | objfunc_time: 124.898023 | solver_time: 119.138022 | construction_time: 2.120337 | energy: node=130637J gpu=91452J cpu=20662J (1046W)
rank 10 | iter 7 | objfunc_time: 124.897441 | solver_time: 121.691324 | construction_time: 2.135663 | energy: node=132222J gpu=93856J cpu=20838J (1058W)
rank 3 | iter 7 | objfunc_time: 124.896527 | solver_time: 122.392381 | construction_time: 2.097626 | energy: node=133532J gpu=89983J cpu=24287J (1069W)
rank 9 | iter 7 | objfunc_time: 124.896420 | solver_time: 121.726368 | construction_time: 2.112441 | energy: node=133574J gpu=90839J cpu=21737J (1069W)
rank 8 | iter 7 | objfunc_time: 124.896940 | solver_time: 121.731873 | construction_time: 2.110111 | energy: node=116160J gpu=79004J cpu=19350J (930W)
rank 2 | iter 7 | objfunc_time: 124.896353 | solver_time: 122.423641 | construction_time: 2.064552 | energy: node=136048J gpu=92380J cpu=23905J (1089W)
rank 11 | iter 7 | objfunc_time: 124.925477 | solver_time: 121.760352 | construction_time: 2.114762 | energy: node=134424J gpu=94032J cpu=18552J (1076W)
rank 1 | iter 7 | objfunc_time: 124.896092 | solver_time: 122.356105 | construction_time: 2.111658 | energy: node=132918J gpu=92199J cpu=18198J (1064W)
rank 5 | iter 7 | objfunc_time: 124.895940 | solver_time: 119.127361 | construction_time: 2.123617 | energy: node=129767J gpu=93716J cpu=23197J (1039W)
rank 7 | iter 7 | objfunc_time: 124.747845 | solver_time: 119.000663 | construction_time: 2.117487 | energy: node=132998J gpu=91354J cpu=18960J (1065W)
rank 12 | iter 7 | objfunc_time: 124.925466 | solver_time: 106.477421 | construction_time: 1.861145 | energy: node=105961J gpu=72518J cpu=23966J (848W)
rank 11 | iter 8 | objfunc_time: 124.734150 | solver_time: 121.655838 | construction_time: 2.112200 | energy: node=134196J gpu=93143J cpu=18524J (1076W)
rank 13 | iter 8 | objfunc_time: 124.734149 | solver_time: 106.826142 | construction_time: 1.848776 | energy: node=133806J gpu=89161J cpu=24725J (1073W)
rank 0 | iter 8 | objfunc_time: 124.734148 | solver_time: 122.205154 | construction_time: 2.115743 | energy: node=113244J gpu=76981J cpu=19431J (908W)
rank 4 | iter 8 | objfunc_time: 124.734142 | solver_time: 119.170618 | construction_time: 2.106803 | energy: node=112411J gpu=76075J cpu=22091J (901W)
rank 6 | iter 8 | objfunc_time: 124.734156 | solver_time: 119.153489 | construction_time: 2.125417 | energy: node=130364J gpu=92658J cpu=20522J (1045W)
rank 10 | iter 8 | objfunc_time: 124.734148 | solver_time: 121.631409 | construction_time: 2.123893 | energy: node=132235J gpu=93834J cpu=20901J (1060W)
rank 14 | iter 8 | objfunc_time: 124.734147 | solver_time: 106.703463 | construction_time: 1.924146 | energy: node=127614J gpu=85180J cpu=21824J (1023W)
rank 15 | iter 8 | objfunc_time: 124.734150 | solver_time: 106.746362 | construction_time: 1.903364 | energy: node=131473J gpu=89388J cpu=25352J (1054W)
rank 8 | iter 8 | objfunc_time: 124.734142 | solver_time: 121.645281 | construction_time: 2.112212 | energy: node=116097J gpu=75522J cpu=19315J (931W)
rank 3 | iter 8 | objfunc_time: 124.734128 | solver_time: 122.223829 | construction_time: 2.102624 | energy: node=133690J gpu=89979J cpu=24285J (1072W)
rank 9 | iter 8 | objfunc_time: 124.734155 | solver_time: 121.646365 | construction_time: 2.109326 | energy: node=133652J gpu=90967J cpu=21725J (1071W)
rank 5 | iter 8 | objfunc_time: 124.734149 | solver_time: 119.142777 | construction_time: 2.129286 | energy: node=129827J gpu=93692J cpu=23222J (1041W)
rank 2 | iter 8 | objfunc_time: 124.734161 | solver_time: 122.250407 | construction_time: 2.072193 | energy: node=136564J gpu=92801J cpu=24014J (1095W)
rank 12 | iter 8 | objfunc_time: 124.734148 | solver_time: 106.801829 | construction_time: 1.861936 | energy: node=107118J gpu=73465J cpu=24305J (859W)
rank 7 | iter 8 | objfunc_time: 124.734138 | solver_time: 119.165982 | construction_time: 2.121671 | energy: node=132871J gpu=91325J cpu=18918J (1065W)
rank 1 | iter 8 | objfunc_time: 124.734147 | solver_time: 122.193642 | construction_time: 2.112048 | energy: node=133417J gpu=92507J cpu=18189J (1070W)
rank 13 | iter 9 | objfunc_time: 125.119956 | solver_time: 106.842072 | construction_time: 1.850548 | energy: node=134010J gpu=89179J cpu=24778J (1070W)
rank 15 | iter 9 | objfunc_time: 125.259248 | solver_time: 106.900063 | construction_time: 1.909376 | energy: node=131909J gpu=88937J cpu=25501J (1053W)
rank 4 | iter 9 | objfunc_time: 125.112858 | solver_time: 119.108937 | construction_time: 2.106054 | energy: node=112673J gpu=77724J cpu=22176J (899W)
rank 0 | iter 9 | objfunc_time: 125.259244 | solver_time: 122.732007 | construction_time: 2.107775 | energy: node=113563J gpu=75549J cpu=19510J (906W)
rank 10 | iter 9 | objfunc_time: 125.258903 | solver_time: 121.806582 | construction_time: 2.118710 | energy: node=132598J gpu=94036J cpu=20943J (1058W)
rank 14 | iter 9 | objfunc_time: 125.258607 | solver_time: 106.923245 | construction_time: 1.883014 | energy: node=128002J gpu=85668J cpu=21936J (1022W)
rank 8 | iter 9 | objfunc_time: 125.257819 | solver_time: 121.812267 | construction_time: 2.112147 | energy: node=116624J gpu=76832J cpu=19339J (931W)
rank 3 | iter 9 | objfunc_time: 124.972331 | solver_time: 122.455571 | construction_time: 2.102625 | energy: node=133619J gpu=90299J cpu=24239J (1067W)
rank 9 | iter 9 | objfunc_time: 125.257458 | solver_time: 121.815146 | construction_time: 2.108043 | energy: node=134029J gpu=91580J cpu=21836J (1070W)
rank 1 | iter 9 | objfunc_time: 125.286580 | solver_time: 122.739673 | construction_time: 2.112600 | energy: node=133107J gpu=92475J cpu=18216J (1062W)
rank 2 | iter 9 | objfunc_time: 125.286585 | solver_time: 122.574237 | construction_time: 2.203337 | energy: node=136402J gpu=92659J cpu=24028J (1089W)
rank 5 | iter 9 | objfunc_time: 125.256486 | solver_time: 119.224017 | construction_time: 2.130228 | energy: node=130251J gpu=93864J cpu=23249J (1040W)
rank 7 | iter 9 | objfunc_time: 125.286579 | solver_time: 119.276721 | construction_time: 2.123047 | energy: node=133157J gpu=92080J cpu=19012J (1063W)
rank 12 | iter 9 | objfunc_time: 125.286571 | solver_time: 106.987123 | construction_time: 1.861140 | energy: node=106981J gpu=71578J cpu=24264J (854W)
rank 6 | iter 9 | objfunc_time: 125.259122 | solver_time: 119.245594 | construction_time: 2.117994 | energy: node=130898J gpu=92617J cpu=20710J (1045W)
rank 11 | iter 9 | objfunc_time: 125.262676 | solver_time: 121.830206 | construction_time: 2.111409 | energy: node=134670J gpu=93603J cpu=18564J (1075W)
rank 2 | iter 10 | objfunc_time: 125.082014 | solver_time: 122.450790 | construction_time: 2.167271 | energy: node=136384J gpu=93099J cpu=24058J (1089W)
rank 13 | iter 10 | objfunc_time: 125.227077 | solver_time: 106.775021 | construction_time: 1.843808 | energy: node=134014J gpu=89197J cpu=24712J (1070W)
rank 0 | iter 10 | objfunc_time: 125.226131 | solver_time: 122.697969 | construction_time: 2.112244 | energy: node=113583J gpu=77889J cpu=19532J (907W)
rank 4 | iter 10 | objfunc_time: 125.226148 | solver_time: 119.061557 | construction_time: 2.103667 | energy: node=112827J gpu=77777J cpu=22197J (901W)
rank 6 | iter 10 | objfunc_time: 125.253494 | solver_time: 119.078772 | construction_time: 2.115629 | energy: node=131138J gpu=91621J cpu=20818J (1047W)
rank 14 | iter 10 | objfunc_time: 125.225063 | solver_time: 106.644759 | construction_time: 1.928882 | energy: node=128123J gpu=85753J cpu=21973J (1023W)
rank 8 | iter 10 | objfunc_time: 125.224923 | solver_time: 122.075482 | construction_time: 2.112962 | energy: node=116597J gpu=76420J cpu=19350J (931W)
rank 11 | iter 10 | objfunc_time: 125.253507 | solver_time: 122.123160 | construction_time: 2.107034 | energy: node=134733J gpu=93993J cpu=18548J (1076W)
rank 3 | iter 10 | objfunc_time: 125.224951 | solver_time: 122.718479 | construction_time: 2.097933 | energy: node=133769J gpu=89491J cpu=24397J (1068W)
rank 1 | iter 10 | objfunc_time: 125.224215 | solver_time: 122.679746 | construction_time: 2.113237 | energy: node=133551J gpu=92593J cpu=18218J (1066W)
rank 9 | iter 10 | objfunc_time: 125.224694 | solver_time: 122.077716 | construction_time: 2.109306 | energy: node=133870J gpu=89070J cpu=21917J (1069W)
rank 7 | iter 10 | objfunc_time: 125.223261 | solver_time: 119.055113 | construction_time: 2.118501 | energy: node=133496J gpu=91621J cpu=19073J (1066W)
rank 5 | iter 10 | objfunc_time: 125.223548 | solver_time: 119.030451 | construction_time: 2.127951 | energy: node=130131J gpu=92777J cpu=23364J (1039W)
rank 15 | iter 10 | objfunc_time: 125.227149 | solver_time: 106.633621 | construction_time: 1.941560 | energy: node=131956J gpu=89151J cpu=25500J (1054W)
rank 12 | iter 10 | objfunc_time: 125.222933 | solver_time: 106.739539 | construction_time: 1.863646 | energy: node=107027J gpu=73100J cpu=24242J (854W)
rank 10 | iter 10 | objfunc_time: 124.937439 | solver_time: 121.781672 | construction_time: 2.118136 | energy: node=132752J gpu=94155J cpu=20966J (1060W)
rank 11 | iter 11 | objfunc_time: 125.088651 | solver_time: 122.020205 | construction_time: 2.108932 | energy: node=134244J gpu=93179J cpu=18511J (1073W)
rank 4 | iter 11 | objfunc_time: 125.089795 | solver_time: 119.513691 | construction_time: 2.108464 | energy: node=112855J gpu=78724J cpu=22197J (902W)
rank 2 | iter 11 | objfunc_time: 125.101010 | solver_time: 122.524363 | construction_time: 2.134069 | energy: node=136379J gpu=92562J cpu=24005J (1090W)
rank 0 | iter 11 | objfunc_time: 125.089643 | solver_time: 122.562487 | construction_time: 2.109747 | energy: node=113391J gpu=76904J cpu=19510J (906W)
rank 13 | iter 11 | objfunc_time: 125.090682 | solver_time: 107.263923 | construction_time: 1.848893 | energy: node=134018J gpu=90098J cpu=24740J (1071W)
rank 6 | iter 11 | objfunc_time: 125.089709 | solver_time: 119.508130 | construction_time: 2.116561 | energy: node=130867J gpu=90694J cpu=20727J (1046W)
rank 14 | iter 11 | objfunc_time: 124.945669 | solver_time: 107.083146 | construction_time: 1.872951 | energy: node=127980J gpu=85126J cpu=21892J (1023W)
rank 9 | iter 11 | objfunc_time: 125.087884 | solver_time: 122.005239 | construction_time: 2.108389 | energy: node=133886J gpu=90947J cpu=21874J (1070W)
rank 5 | iter 11 | objfunc_time: 124.805586 | solver_time: 119.208962 | construction_time: 2.124951 | energy: node=130114J gpu=93875J cpu=23282J (1040W)
rank 12 | iter 11 | objfunc_time: 125.086702 | solver_time: 107.234635 | construction_time: 1.863238 | energy: node=106996J gpu=72541J cpu=24244J (855W)
rank 10 | iter 11 | objfunc_time: 125.117067 | solver_time: 121.845788 | construction_time: 2.229011 | energy: node=132633J gpu=94467J cpu=20913J (1060W)
rank 7 | iter 11 | objfunc_time: 125.087128 | solver_time: 119.507792 | construction_time: 2.122570 | energy: node=133194J gpu=91388J cpu=19063J (1065W)
  Mean: 125.3052s
  Std:  0.2636s
  Node energy/grad: 113527.8 J
  GPU energy/grad:  76974.8 J
  Other energy/grad: 17049.0 J

======================================================================
Benchmark completed
Results written to: /capstor/scratch/cscs/aboudaou/workspace/dalia/artifact/plotting/data/fig6_raw_results.csv
======================================================================
rank 15 | iter 11 | objfunc_time: 125.090591 | solver_time: 107.088518 | construction_time: 1.964535 | energy: node=131843J gpu=88694J cpu=25554J (1054W)
rank 8 | iter 11 | objfunc_time: 125.088379 | solver_time: 122.003317 | construction_time: 2.112432 | energy: node=116381J gpu=76678J cpu=19329J (930W)
rank 3 | iter 11 | objfunc_time: 125.088435 | solver_time: 122.576588 | construction_time: 2.102569 | energy: node=134075J gpu=90557J cpu=24401J (1072W)
rank 1 | iter 11 | objfunc_time: 125.087950 | solver_time: 122.540805 | construction_time: 2.116198 | energy: node=133426J gpu=92463J cpu=18142J (1066W)
Job finished at Sun 15 Mar 2026 04:36:31 PM CET
