Parsed parameters:
  max_iter: 250
  solver_min_p: 4
  profile: False
  precision: float64
  benchmark_mode: True
  n_benchmark_runs: 10
  benchmark_method: finite_diff
  output_csv: /capstor/scratch/cscs/aboudaou/workspace/dalia/artifact/plotting/data/fig6_raw_results.csv
--- ap1: Coregional (3-variate) Spatio-Temporal Model (distributed, 4 nodes) ---
Distributed solver slicing: [12, 12, 12, 12]

___________________________________ 
___  __ \__    |__  /____  _/__    |
__  / / /_  /| |_  /  __  / __  /| |
_  /_/ /_  ___ |  /____/ /  _  ___ |
/_____/ /_/  |_/_____/___/  /_/  |_|

╔═════════════════════════════════════════════════════════╗
║                Parallelization strategies               ║
║ ╒═══════════════════════════════════════════╤═════════╕ ║
║ │ Participating Processes / Total Processes │ 32 / 32 │ ║
║ ├───────────────────────────────────────────┼─────────┤ ║
║ │ Parallelization through F()               │    8    │ ║
║ ├───────────────────────────────────────────┼─────────┤ ║
║ │ Parallelization through Q()               │    1    │ ║
║ ├───────────────────────────────────────────┼─────────┤ ║
║ │ Parallelization through S()               │    4    │ ║
║ ╘═══════════════════════════════════════════╧═════════╛ ║
╚═════════════════════════════════════════════════════════╝
╔═══════════════════════════════╗
║  Enabled Performance modules  ║
║ ╒═══════════════════╤═══════╕ ║
║ │ Array module      │ cupy  │ ║
║ ├───────────────────┼───────┤ ║
║ │ MPI available     │ True  │ ║
║ ├───────────────────┼───────┤ ║
║ │ Is MPI CUDA aware │ False │ ║
║ ├───────────────────┼───────┤ ║
║ │ Is NCCL available │ False │ ║
║ ╘═══════════════════╧═══════╛ ║
╚═══════════════════════════════╝
╔═══════════════════════════════════════╗
║             Memory Report             ║
║ ╒════════════════════════╤══════════╕ ║
║ │ Solver memory          │ 61.81 GB │ ║
║ ├────────────────────────┼──────────┤ ║
║ │ Total memory used      │ 66.08 GB │ ║
║ ├────────────────────────┼──────────┤ ║
║ │ Total memory available │ 66.15 GB │ ║
║ ╘════════════════════════╧══════════╛ ║
╚═══════════════════════════════════════╝
DALIA initialized.
Parsed parameters:
  max_iter: 250
  solver_min_p: 4
  profile: False
  precision: float64
  benchmark_mode: True
  n_benchmark_runs: 10
  benchmark_method: finite_diff
  output_csv: /capstor/scratch/cscs/aboudaou/workspace/dalia/artifact/plotting/data/fig6_raw_results.csv
rank 10 | iter 1 | objfunc_time: 64.026970 | solver_time: 60.908740 | construction_time: 1.800056 | energy: node=78299J gpu=54819J cpu=10199J (1222W)
Parsed parameters:
  max_iter: 250
  solver_min_p: 4
  profile: False
  precision: float64
  benchmark_mode: True
  n_benchmark_runs: 10
  benchmark_method: finite_diff
  output_csv: /capstor/scratch/cscs/aboudaou/workspace/dalia/artifact/plotting/data/fig6_raw_results.csv
rank 3 | iter 1 | objfunc_time: 64.028472 | solver_time: 61.565078 | construction_time: 1.724446 | energy: node=0J gpu=55013J cpu=10940J (0W)
Parsed parameters:
  max_iter: 250
  solver_min_p: 4
  profile: False
  precision: float64
  benchmark_mode: True
  n_benchmark_runs: 10
  benchmark_method: finite_diff
  output_csv: /capstor/scratch/cscs/aboudaou/workspace/dalia/artifact/plotting/data/fig6_raw_results.csv
rank 17 | iter 1 | objfunc_time: 64.030376 | solver_time: 59.347934 | construction_time: 1.778450 | energy: node=75926J gpu=54142J cpu=8212J (1185W)
Parsed parameters:
  max_iter: 250
  solver_min_p: 4
  profile: False
  precision: float64
  benchmark_mode: True
  n_benchmark_runs: 10
  benchmark_method: finite_diff
  output_csv: /capstor/scratch/cscs/aboudaou/workspace/dalia/artifact/plotting/data/fig6_raw_results.csv
rank 4 | iter 1 | objfunc_time: 63.880375 | solver_time: 60.376854 | construction_time: 1.756698 | energy: node=66932J gpu=46225J cpu=11450J (1045W)
Parsed parameters:
  max_iter: 250
  solver_min_p: 4
  profile: False
  precision: float64
  benchmark_mode: True
  n_benchmark_runs: 10
  benchmark_method: finite_diff
  output_csv: /capstor/scratch/cscs/aboudaou/workspace/dalia/artifact/plotting/data/fig6_raw_results.csv
rank 22 | iter 1 | objfunc_time: 64.030325 | solver_time: 60.609226 | construction_time: 1.731369 | energy: node=76803J gpu=54199J cpu=12238J (1199W)
Parsed parameters:
  max_iter: 250
  solver_min_p: 4
  profile: False
  precision: float64
  benchmark_mode: True
  n_benchmark_runs: 10
  benchmark_method: finite_diff
  output_csv: /capstor/scratch/cscs/aboudaou/workspace/dalia/artifact/plotting/data/fig6_raw_results.csv
rank 15 | iter 1 | objfunc_time: 64.029425 | solver_time: 61.048611 | construction_time: 1.753197 | energy: node=76431J gpu=56255J cpu=11007J (1193W)
Parsed parameters:
  max_iter: 250
  solver_min_p: 4
  profile: False
  precision: float64
  benchmark_mode: True
  n_benchmark_runs: 10
  benchmark_method: finite_diff
  output_csv: /capstor/scratch/cscs/aboudaou/workspace/dalia/artifact/plotting/data/fig6_raw_results.csv
rank 16 | iter 1 | objfunc_time: 64.029860 | solver_time: 59.565043 | construction_time: 1.692762 | energy: node=65338J gpu=46561J cpu=9840J (1020W)
Parsed parameters:
  max_iter: 250
  solver_min_p: 4
  profile: False
  precision: float64
  benchmark_mode: True
  n_benchmark_runs: 10
  benchmark_method: finite_diff
  output_csv: /capstor/scratch/cscs/aboudaou/workspace/dalia/artifact/plotting/data/fig6_raw_results.csv
rank 5 | iter 1 | objfunc_time: 63.885739 | solver_time: 60.329990 | construction_time: 1.731932 | energy: node=79819J gpu=55708J cpu=12686J (1246W)
Parsed parameters:
  max_iter: 250
  solver_min_p: 4
  profile: False
  precision: float64
  benchmark_mode: True
  n_benchmark_runs: 10
  benchmark_method: finite_diff
  output_csv: /capstor/scratch/cscs/aboudaou/workspace/dalia/artifact/plotting/data/fig6_raw_results.csv
rank 8 | iter 1 | objfunc_time: 64.029542 | solver_time: 61.054203 | construction_time: 1.750702 | energy: node=72301J gpu=47117J cpu=11505J (1129W)
Parsed parameters:
  max_iter: 250
  solver_min_p: 4
  profile: False
  precision: float64
  benchmark_mode: True
  n_benchmark_runs: 10
  benchmark_method: finite_diff
  output_csv: /capstor/scratch/cscs/aboudaou/workspace/dalia/artifact/plotting/data/fig6_raw_results.csv
rank 24 | iter 1 | objfunc_time: 64.029183 | solver_time: 60.341778 | construction_time: 1.753166 | energy: node=66171J gpu=45597J cpu=12131J (1033W)
Parsed parameters:
  max_iter: 250
  solver_min_p: 4
  profile: False
  precision: float64
  benchmark_mode: True
  n_benchmark_runs: 10
  benchmark_method: finite_diff
  output_csv: /capstor/scratch/cscs/aboudaou/workspace/dalia/artifact/plotting/data/fig6_raw_results.csv
rank 13 | iter 1 | objfunc_time: 64.029356 | solver_time: 61.050252 | construction_time: 1.764815 | energy: node=79648J gpu=55710J cpu=9403J (1243W)
Parsed parameters:
  max_iter: 250
  solver_min_p: 4
  profile: False
  precision: float64
  benchmark_mode: True
  n_benchmark_runs: 10
  benchmark_method: finite_diff
  output_csv: /capstor/scratch/cscs/aboudaou/workspace/dalia/artifact/plotting/data/fig6_raw_results.csv
rank 11 | iter 1 | objfunc_time: 64.026931 | solver_time: 60.956525 | construction_time: 1.766452 | energy: node=80386J gpu=54360J cpu=12360J (1255W)
Parsed parameters:
  max_iter: 250
  solver_min_p: 4
  profile: False
  precision: float64
  benchmark_mode: True
  n_benchmark_runs: 10
  benchmark_method: finite_diff
  output_csv: /capstor/scratch/cscs/aboudaou/workspace/dalia/artifact/plotting/data/fig6_raw_results.csv
rank 20 | iter 1 | objfunc_time: 63.886363 | solver_time: 60.509872 | construction_time: 1.762288 | energy: node=67075J gpu=43501J cpu=11641J (1047W)
Parsed parameters:
  max_iter: 250
  solver_min_p: 4
  profile: False
  precision: float64
  benchmark_mode: True
  n_benchmark_runs: 10
  benchmark_method: finite_diff
  output_csv: /capstor/scratch/cscs/aboudaou/workspace/dalia/artifact/plotting/data/fig6_raw_results.csv
rank 25 | iter 1 | objfunc_time: 64.028134 | solver_time: 60.284032 | construction_time: 1.732354 | energy: node=78941J gpu=55867J cpu=10993J (1232W)
Parsed parameters:
  max_iter: 250
  solver_min_p: 4
  profile: False
  precision: float64
  benchmark_mode: True
  n_benchmark_runs: 10
  benchmark_method: finite_diff
  output_csv: /capstor/scratch/cscs/aboudaou/workspace/dalia/artifact/plotting/data/fig6_raw_results.csv
rank 19 | iter 1 | objfunc_time: 64.039595 | solver_time: 59.387893 | construction_time: 1.766182 | energy: node=77263J gpu=54344J cpu=11384J (1206W)
Parsed parameters:
  max_iter: 250
  solver_min_p: 4
  profile: False
  precision: float64
  benchmark_mode: True
  n_benchmark_runs: 10
  benchmark_method: finite_diff
  output_csv: /capstor/scratch/cscs/aboudaou/workspace/dalia/artifact/plotting/data/fig6_raw_results.csv
rank 14 | iter 1 | objfunc_time: 64.028071 | solver_time: 61.062125 | construction_time: 1.749191 | energy: node=74644J gpu=53400J cpu=10300J (1165W)
Parsed parameters:
  max_iter: 250
  solver_min_p: 4
  profile: False
  precision: float64
  benchmark_mode: True
  n_benchmark_runs: 10
  benchmark_method: finite_diff
  output_csv: /capstor/scratch/cscs/aboudaou/workspace/dalia/artifact/plotting/data/fig6_raw_results.csv
rank 6 | iter 1 | objfunc_time: 64.027125 | solver_time: 60.439937 | construction_time: 1.760760 | energy: node=75261J gpu=52606J cpu=11466J (1175W)
Parsed parameters:
  max_iter: 250
  solver_min_p: 4
  profile: False
  precision: float64
  benchmark_mode: True
  n_benchmark_runs: 10
  benchmark_method: finite_diff
  output_csv: /capstor/scratch/cscs/aboudaou/workspace/dalia/artifact/plotting/data/fig6_raw_results.csv
rank 30 | iter 1 | objfunc_time: 64.028018 | solver_time: 45.706701 | construction_time: 1.314732 | energy: node=73772J gpu=50804J cpu=12642J (1152W)
Parsed parameters:
  max_iter: 250
  solver_min_p: 4
  profile: False
  precision: float64
  benchmark_mode: True
  n_benchmark_runs: 10
  benchmark_method: finite_diff
  output_csv: /capstor/scratch/cscs/aboudaou/workspace/dalia/artifact/plotting/data/fig6_raw_results.csv
rank 2 | iter 1 | objfunc_time: 64.027111 | solver_time: 61.313176 | construction_time: 1.849848 | energy: node=76778J gpu=53819J cpu=10249J (1199W)

======================================================================
GRADIENT BENCHMARK: ap1
======================================================================
Nodes: 32, Tasks: 32
Hyperparameters: 15
Benchmark runs: 10
Energy monitor: enabled (Cray PM counters)

Timing finite difference gradient...
Allocated an extra 0.15 GB for BTA_mapping caching (total: 61.97)
rank 0 | iter 1 | objfunc_time: 64.032971 | solver_time: 61.666116 | construction_time: 1.732658 | energy: node=69009J gpu=46776J cpu=13652J (1077W)
Parsed parameters:
  max_iter: 250
  solver_min_p: 4
  profile: False
  precision: float64
  benchmark_mode: True
  n_benchmark_runs: 10
  benchmark_method: finite_diff
  output_csv: /capstor/scratch/cscs/aboudaou/workspace/dalia/artifact/plotting/data/fig6_raw_results.csv
rank 1 | iter 1 | objfunc_time: 64.028224 | solver_time: 61.508500 | construction_time: 1.751570 | energy: node=74927J gpu=54365J cpu=11784J (1170W)
Parsed parameters:
  max_iter: 250
  solver_min_p: 4
  profile: False
  precision: float64
  benchmark_mode: True
  n_benchmark_runs: 10
  benchmark_method: finite_diff
  output_csv: /capstor/scratch/cscs/aboudaou/workspace/dalia/artifact/plotting/data/fig6_raw_results.csv
rank 18 | iter 1 | objfunc_time: 64.026628 | solver_time: 59.440317 | construction_time: 1.724958 | energy: node=73332J gpu=56564J cpu=10057J (1145W)
Parsed parameters:
  max_iter: 250
  solver_min_p: 4
  profile: False
  precision: float64
  benchmark_mode: True
  n_benchmark_runs: 10
  benchmark_method: finite_diff
  output_csv: /capstor/scratch/cscs/aboudaou/workspace/dalia/artifact/plotting/data/fig6_raw_results.csv
rank 21 | iter 1 | objfunc_time: 64.027197 | solver_time: 60.621036 | construction_time: 1.727005 | energy: node=77436J gpu=55042J cpu=9006J (1209W)
Parsed parameters:
  max_iter: 250
  solver_min_p: 4
  profile: False
  precision: float64
  benchmark_mode: True
  n_benchmark_runs: 10
  benchmark_method: finite_diff
  output_csv: /capstor/scratch/cscs/aboudaou/workspace/dalia/artifact/plotting/data/fig6_raw_results.csv
rank 31 | iter 1 | objfunc_time: 64.027414 | solver_time: 45.699735 | construction_time: 1.318096 | energy: node=72954J gpu=51297J cpu=10216J (1139W)
Parsed parameters:
  max_iter: 250
  solver_min_p: 4
  profile: False
  precision: float64
  benchmark_mode: True
  n_benchmark_runs: 10
  benchmark_method: finite_diff
  output_csv: /capstor/scratch/cscs/aboudaou/workspace/dalia/artifact/plotting/data/fig6_raw_results.csv
rank 23 | iter 1 | objfunc_time: 64.027219 | solver_time: 60.633717 | construction_time: 1.737066 | energy: node=77954J gpu=53613J cpu=12346J (1217W)
Parsed parameters:
  max_iter: 250
  solver_min_p: 4
  profile: False
  precision: float64
  benchmark_mode: True
  n_benchmark_runs: 10
  benchmark_method: finite_diff
  output_csv: /capstor/scratch/cscs/aboudaou/workspace/dalia/artifact/plotting/data/fig6_raw_results.csv
rank 27 | iter 1 | objfunc_time: 64.027759 | solver_time: 59.949920 | construction_time: 1.918846 | energy: node=78270J gpu=56753J cpu=9670J (1222W)
Parsed parameters:
  max_iter: 250
  solver_min_p: 4
  profile: False
  precision: float64
  benchmark_mode: True
  n_benchmark_runs: 10
  benchmark_method: finite_diff
  output_csv: /capstor/scratch/cscs/aboudaou/workspace/dalia/artifact/plotting/data/fig6_raw_results.csv
rank 9 | iter 1 | objfunc_time: 64.027095 | solver_time: 61.006296 | construction_time: 1.733330 | energy: node=76734J gpu=53901J cpu=12035J (1198W)
Parsed parameters:
  max_iter: 250
  solver_min_p: 4
  profile: False
  precision: float64
  benchmark_mode: True
  n_benchmark_runs: 10
  benchmark_method: finite_diff
  output_csv: /capstor/scratch/cscs/aboudaou/workspace/dalia/artifact/plotting/data/fig6_raw_results.csv
rank 26 | iter 1 | objfunc_time: 63.596343 | solver_time: 59.852115 | construction_time: 1.725417 | energy: node=74663J gpu=54701J cpu=14409J (1166W)
Parsed parameters:
  max_iter: 250
  solver_min_p: 4
  profile: False
  precision: float64
  benchmark_mode: True
  n_benchmark_runs: 10
  benchmark_method: finite_diff
  output_csv: /capstor/scratch/cscs/aboudaou/workspace/dalia/artifact/plotting/data/fig6_raw_results.csv
rank 28 | iter 1 | objfunc_time: 64.056326 | solver_time: 45.775091 | construction_time: 1.332801 | energy: node=66239J gpu=46128J cpu=9668J (1034W)
Parsed parameters:
  max_iter: 250
  solver_min_p: 4
  profile: False
  precision: float64
  benchmark_mode: True
  n_benchmark_runs: 10
  benchmark_method: finite_diff
  output_csv: /capstor/scratch/cscs/aboudaou/workspace/dalia/artifact/plotting/data/fig6_raw_results.csv
rank 12 | iter 1 | objfunc_time: 64.026807 | solver_time: 61.198119 | construction_time: 1.708156 | energy: node=68294J gpu=46108J cpu=10762J (1066W)
Parsed parameters:
  max_iter: 250
  solver_min_p: 4
  profile: False
  precision: float64
  benchmark_mode: True
  n_benchmark_runs: 10
  benchmark_method: finite_diff
  output_csv: /capstor/scratch/cscs/aboudaou/workspace/dalia/artifact/plotting/data/fig6_raw_results.csv
rank 29 | iter 1 | objfunc_time: 64.056377 | solver_time: 45.730463 | construction_time: 1.324251 | energy: node=75145J gpu=50200J cpu=10262J (1173W)
Parsed parameters:
  max_iter: 250
  solver_min_p: 4
  profile: False
  precision: float64
  benchmark_mode: True
  n_benchmark_runs: 10
  benchmark_method: finite_diff
  output_csv: /capstor/scratch/cscs/aboudaou/workspace/dalia/artifact/plotting/data/fig6_raw_results.csv
rank 7 | iter 1 | objfunc_time: 64.027689 | solver_time: 60.404191 | construction_time: 1.783798 | energy: node=75414J gpu=55712J cpu=11124J (1177W)
rank 22 | iter 2 | objfunc_time: 64.220716 | solver_time: 60.460372 | construction_time: 1.727075 | energy: node=76920J gpu=54715J cpu=12288J (1197W)
rank 5 | iter 2 | objfunc_time: 64.221176 | solver_time: 60.628788 | construction_time: 1.738774 | energy: node=80290J gpu=56049J cpu=12780J (1250W)
rank 16 | iter 2 | objfunc_time: 64.220758 | solver_time: 59.725630 | construction_time: 1.694571 | energy: node=65480J gpu=46635J cpu=9838J (1019W)
rank 17 | iter 2 | objfunc_time: 64.220761 | solver_time: 59.492607 | construction_time: 1.794023 | energy: node=76098J gpu=54212J cpu=8216J (1184W)
rank 4 | iter 2 | objfunc_time: 63.936586 | solver_time: 60.422168 | construction_time: 1.749672 | energy: node=66894J gpu=47755J cpu=11510J (1041W)
rank 28 | iter 2 | objfunc_time: 64.221094 | solver_time: 45.770720 | construction_time: 1.320166 | energy: node=66096J gpu=46101J cpu=9683J (1029W)
rank 8 | iter 2 | objfunc_time: 64.220428 | solver_time: 61.024191 | construction_time: 1.737864 | energy: node=72504J gpu=47068J cpu=11533J (1129W)
rank 24 | iter 2 | objfunc_time: 64.074099 | solver_time: 60.478432 | construction_time: 1.752177 | energy: node=66152J gpu=45593J cpu=12145J (1030W)
rank 13 | iter 2 | objfunc_time: 63.939546 | solver_time: 61.107469 | construction_time: 1.806880 | energy: node=79444J gpu=55503J cpu=9316J (1237W)
rank 25 | iter 2 | objfunc_time: 64.220054 | solver_time: 60.576768 | construction_time: 1.732703 | energy: node=79160J gpu=55953J cpu=11020J (1232W)
rank 11 | iter 2 | objfunc_time: 64.219719 | solver_time: 60.879294 | construction_time: 1.790771 | energy: node=80596J gpu=54552J cpu=12409J (1254W)
rank 31 | iter 2 | objfunc_time: 64.218783 | solver_time: 45.700081 | construction_time: 1.328142 | energy: node=73407J gpu=51592J cpu=10296J (1143W)
rank 14 | iter 2 | objfunc_time: 64.218883 | solver_time: 61.507060 | construction_time: 1.728912 | energy: node=82110J gpu=58895J cpu=11494J (1278W)
rank 6 | iter 2 | objfunc_time: 64.218724 | solver_time: 60.631537 | construction_time: 1.739891 | energy: node=79956J gpu=57419J cpu=12255J (1244W)
rank 30 | iter 2 | objfunc_time: 64.218702 | solver_time: 45.706666 | construction_time: 1.320330 | energy: node=73894J gpu=50831J cpu=12666J (1150W)
rank 19 | iter 2 | objfunc_time: 64.218818 | solver_time: 59.486293 | construction_time: 1.798635 | energy: node=77487J gpu=54471J cpu=11401J (1206W)
rank 29 | iter 2 | objfunc_time: 64.247425 | solver_time: 45.766110 | construction_time: 1.304308 | energy: node=75006J gpu=49772J cpu=10257J (1167W)
rank 27 | iter 2 | objfunc_time: 63.797401 | solver_time: 59.784256 | construction_time: 1.956386 | energy: node=78070J gpu=56188J cpu=9623J (1215W)
rank 21 | iter 2 | objfunc_time: 64.218128 | solver_time: 60.463587 | construction_time: 1.733725 | energy: node=77542J gpu=55034J cpu=9007J (1207W)
rank 23 | iter 2 | objfunc_time: 64.218360 | solver_time: 60.434595 | construction_time: 1.778917 | energy: node=78114J gpu=52848J cpu=12418J (1216W)
rank 1 | iter 2 | objfunc_time: 64.218462 | solver_time: 61.701818 | construction_time: 1.748157 | energy: node=75029J gpu=54325J cpu=11795J (1168W)
rank 26 | iter 2 | objfunc_time: 64.217388 | solver_time: 60.589310 | construction_time: 1.723207 | energy: node=75200J gpu=54992J cpu=14614J (1170W)
rank 12 | iter 2 | objfunc_time: 64.217914 | solver_time: 61.608412 | construction_time: 1.702026 | energy: node=65943J gpu=44459J cpu=10425J (1026W)
rank 18 | iter 2 | objfunc_time: 64.074294 | solver_time: 59.459039 | construction_time: 1.725237 | energy: node=73335J gpu=56458J cpu=10099J (1141W)
rank 3 | iter 2 | objfunc_time: 64.222766 | solver_time: 61.759264 | construction_time: 1.724563 | energy: node=0J gpu=56008J cpu=11256J (0W)
rank 10 | iter 2 | objfunc_time: 64.230937 | solver_time: 60.899838 | construction_time: 1.786106 | energy: node=78623J gpu=55028J cpu=10278J (1224W)
rank 20 | iter 2 | objfunc_time: 64.219373 | solver_time: 60.510901 | construction_time: 1.756278 | energy: node=67629J gpu=44131J cpu=11763J (1053W)
rank 0 | iter 2 | objfunc_time: 64.219252 | solver_time: 61.887698 | construction_time: 1.699451 | energy: node=69303J gpu=48118J cpu=13717J (1079W)
rank 9 | iter 2 | objfunc_time: 64.218181 | solver_time: 60.974406 | construction_time: 1.721683 | energy: node=77118J gpu=54719J cpu=12120J (1200W)
rank 2 | iter 2 | objfunc_time: 64.073092 | solver_time: 61.205994 | construction_time: 1.980478 | energy: node=77060J gpu=53894J cpu=10335J (1199W)
rank 15 | iter 2 | objfunc_time: 64.220547 | solver_time: 61.418392 | construction_time: 1.794590 | energy: node=76727J gpu=56415J cpu=11079J (1194W)
rank 7 | iter 2 | objfunc_time: 64.247432 | solver_time: 60.594790 | construction_time: 1.786870 | energy: node=75488J gpu=55719J cpu=11136J (1175W)
rank 22 | iter 3 | objfunc_time: 64.069962 | solver_time: 60.331990 | construction_time: 1.732124 | energy: node=76925J gpu=54245J cpu=12340J (1195W)
rank 26 | iter 3 | objfunc_time: 64.344804 | solver_time: 60.067301 | construction_time: 1.737636 | energy: node=75142J gpu=55342J cpu=14641J (1167W)
rank 16 | iter 3 | objfunc_time: 64.349025 | solver_time: 59.903276 | construction_time: 1.700197 | energy: node=65593J gpu=46695J cpu=9819J (1019W)
rank 4 | iter 3 | objfunc_time: 64.348802 | solver_time: 60.339530 | construction_time: 1.731036 | energy: node=67072J gpu=46585J cpu=11565J (1042W)
rank 17 | iter 3 | objfunc_time: 64.348816 | solver_time: 59.689704 | construction_time: 1.771620 | energy: node=76143J gpu=54264J cpu=8272J (1183W)
rank 28 | iter 3 | objfunc_time: 64.348379 | solver_time: 45.865916 | construction_time: 1.300849 | energy: node=66255J gpu=46180J cpu=9686J (1029W)
rank 8 | iter 3 | objfunc_time: 64.348392 | solver_time: 61.100196 | construction_time: 1.735256 | energy: node=72521J gpu=45980J cpu=11573J (1127W)
rank 20 | iter 3 | objfunc_time: 64.347707 | solver_time: 60.677825 | construction_time: 1.751236 | energy: node=64829J gpu=44660J cpu=11279J (1007W)
rank 24 | iter 3 | objfunc_time: 64.347805 | solver_time: 60.121772 | construction_time: 1.753247 | energy: node=62182J gpu=42943J cpu=11314J (966W)
rank 6 | iter 3 | objfunc_time: 64.346592 | solver_time: 60.232271 | construction_time: 1.738790 | energy: node=77640J gpu=54295J cpu=11869J (1206W)
rank 0 | iter 3 | objfunc_time: 64.352023 | solver_time: 61.996478 | construction_time: 1.719359 | energy: node=69067J gpu=45347J cpu=13710J (1073W)
rank 13 | iter 3 | objfunc_time: 64.347861 | solver_time: 61.044825 | construction_time: 1.799952 | energy: node=77085J gpu=53983J cpu=8994J (1197W)
rank 25 | iter 3 | objfunc_time: 64.210229 | solver_time: 59.932670 | construction_time: 1.735541 | energy: node=79126J gpu=55953J cpu=11057J (1229W)
rank 14 | iter 3 | objfunc_time: 64.346623 | solver_time: 61.156625 | construction_time: 1.723055 | energy: node=78389J gpu=56206J cpu=10972J (1218W)
rank 11 | iter 3 | objfunc_time: 64.346780 | solver_time: 60.993552 | construction_time: 1.758028 | energy: node=80575J gpu=54516J cpu=12394J (1252W)
rank 10 | iter 3 | objfunc_time: 64.348172 | solver_time: 60.959525 | construction_time: 1.765186 | energy: node=78527J gpu=54969J cpu=10303J (1220W)
rank 30 | iter 3 | objfunc_time: 64.346720 | solver_time: 45.783718 | construction_time: 1.308015 | energy: node=73954J gpu=50803J cpu=12725J (1149W)
rank 21 | iter 3 | objfunc_time: 64.345926 | solver_time: 60.627303 | construction_time: 1.729997 | energy: node=77664J gpu=55134J cpu=9011J (1206W)
rank 29 | iter 3 | objfunc_time: 64.197496 | solver_time: 45.635748 | construction_time: 1.321061 | energy: node=75042J gpu=49793J cpu=10304J (1166W)
rank 18 | iter 3 | objfunc_time: 64.345847 | solver_time: 59.778278 | construction_time: 1.720794 | energy: node=73500J gpu=56537J cpu=10124J (1142W)
rank 27 | iter 3 | objfunc_time: 64.345883 | solver_time: 59.633817 | construction_time: 2.064378 | energy: node=78476J gpu=56898J cpu=9717J (1219W)
rank 3 | iter 3 | objfunc_time: 64.345905 | solver_time: 61.875090 | construction_time: 1.729420 | energy: node=0J gpu=55262J cpu=11074J (0W)
rank 23 | iter 3 | objfunc_time: 64.346071 | solver_time: 60.655304 | construction_time: 1.720077 | energy: node=78347J gpu=53708J cpu=12442J (1217W)
rank 1 | iter 3 | objfunc_time: 64.346453 | solver_time: 61.724284 | construction_time: 1.804209 | energy: node=75302J gpu=54521J cpu=11832J (1170W)
rank 15 | iter 3 | objfunc_time: 64.344865 | solver_time: 61.024837 | construction_time: 1.821972 | energy: node=76689J gpu=56475J cpu=11120J (1191W)
rank 2 | iter 3 | objfunc_time: 64.199935 | solver_time: 61.433381 | construction_time: 1.896202 | energy: node=77364J gpu=54095J cpu=10369J (1202W)
rank 19 | iter 3 | objfunc_time: 64.058929 | solver_time: 59.423604 | construction_time: 1.769625 | energy: node=77158J gpu=54264J cpu=11363J (1199W)
rank 5 | iter 3 | objfunc_time: 64.348888 | solver_time: 60.243407 | construction_time: 1.734069 | energy: node=80401J gpu=56101J cpu=12802J (1249W)
rank 7 | iter 3 | objfunc_time: 64.375336 | solver_time: 60.220410 | construction_time: 1.773597 | energy: node=75413J gpu=55692J cpu=11136J (1171W)
rank 9 | iter 3 | objfunc_time: 64.347011 | solver_time: 61.013575 | construction_time: 1.734105 | energy: node=77137J gpu=54129J cpu=12163J (1198W)
rank 12 | iter 3 | objfunc_time: 64.345899 | solver_time: 61.257285 | construction_time: 1.716864 | energy: node=71124J gpu=48898J cpu=11269J (1105W)
rank 31 | iter 3 | objfunc_time: 64.346278 | solver_time: 45.771784 | construction_time: 1.307738 | energy: node=73468J gpu=51196J cpu=10323J (1141W)
rank 17 | iter 4 | objfunc_time: 64.613491 | solver_time: 60.011964 | construction_time: 1.794623 | energy: node=76268J gpu=54360J cpu=8328J (1180W)
rank 4 | iter 4 | objfunc_time: 64.613892 | solver_time: 60.654212 | construction_time: 1.724910 | energy: node=67432J gpu=47740J cpu=11604J (1043W)
rank 16 | iter 4 | objfunc_time: 64.613712 | solver_time: 60.253884 | construction_time: 1.717467 | energy: node=65721J gpu=46834J cpu=9893J (1017W)
rank 5 | iter 4 | objfunc_time: 64.614044 | solver_time: 60.545689 | construction_time: 1.733446 | energy: node=80602J gpu=56432J cpu=12775J (1247W)
rank 24 | iter 4 | objfunc_time: 64.612649 | solver_time: 60.660765 | construction_time: 1.740701 | energy: node=71082J gpu=48373J cpu=13149J (1100W)
rank 3 | iter 4 | objfunc_time: 64.612091 | solver_time: 62.124127 | construction_time: 1.741347 | energy: node=0J gpu=56983J cpu=11489J (0W)
rank 26 | iter 4 | objfunc_time: 64.327778 | solver_time: 60.310862 | construction_time: 1.736092 | energy: node=75009J gpu=54860J cpu=14595J (1160W)
rank 20 | iter 4 | objfunc_time: 64.613383 | solver_time: 61.346967 | construction_time: 1.748203 | energy: node=70642J gpu=49734J cpu=12306J (1093W)
rank 14 | iter 4 | objfunc_time: 64.612010 | solver_time: 61.626475 | construction_time: 1.729022 | energy: node=78640J gpu=56281J cpu=10984J (1217W)
rank 0 | iter 4 | objfunc_time: 64.611348 | solver_time: 62.260302 | construction_time: 1.708018 | energy: node=69200J gpu=48024J cpu=13728J (1071W)
rank 30 | iter 4 | objfunc_time: 64.327826 | solver_time: 45.839978 | construction_time: 1.308433 | energy: node=73939J gpu=51062J cpu=12759J (1144W)
rank 7 | iter 4 | objfunc_time: 64.473942 | solver_time: 60.366480 | construction_time: 1.766702 | energy: node=75422J gpu=55642J cpu=11128J (1167W)
rank 21 | iter 4 | objfunc_time: 64.192200 | solver_time: 60.789726 | construction_time: 1.792266 | energy: node=77587J gpu=55097J cpu=9015J (1200W)
rank 9 | iter 4 | objfunc_time: 64.611792 | solver_time: 61.543191 | construction_time: 1.747867 | energy: node=77181J gpu=54142J cpu=12214J (1194W)
rank 25 | iter 4 | objfunc_time: 64.612790 | solver_time: 60.582263 | construction_time: 1.741375 | energy: node=79549J gpu=56192J cpu=11102J (1231W)
rank 6 | iter 4 | objfunc_time: 64.470289 | solver_time: 60.399929 | construction_time: 1.737723 | energy: node=77758J gpu=54342J cpu=11898J (1203W)
rank 2 | iter 4 | objfunc_time: 64.610795 | solver_time: 61.887285 | construction_time: 1.895451 | energy: node=77261J gpu=54360J cpu=10371J (1195W)
rank 13 | iter 4 | objfunc_time: 64.612074 | solver_time: 61.529906 | construction_time: 1.825131 | energy: node=83526J gpu=59535J cpu=9891J (1292W)
rank 11 | iter 4 | objfunc_time: 64.467573 | solver_time: 61.391901 | construction_time: 1.745729 | energy: node=80599J gpu=53572J cpu=12425J (1247W)
rank 10 | iter 4 | objfunc_time: 64.464073 | solver_time: 61.290455 | construction_time: 1.812344 | energy: node=78432J gpu=54881J cpu=10350J (1213W)
rank 18 | iter 4 | objfunc_time: 64.329201 | solver_time: 59.865354 | construction_time: 1.720837 | energy: node=73480J gpu=56565J cpu=10123J (1137W)
rank 15 | iter 4 | objfunc_time: 64.466239 | solver_time: 61.433846 | construction_time: 1.774212 | energy: node=76714J gpu=56469J cpu=11124J (1187W)
rank 31 | iter 4 | objfunc_time: 64.640274 | solver_time: 46.139384 | construction_time: 1.314466 | energy: node=73608J gpu=51300J cpu=10352J (1139W)
rank 8 | iter 4 | objfunc_time: 64.613114 | solver_time: 61.649906 | construction_time: 1.722295 | energy: node=72748J gpu=46128J cpu=11626J (1125W)
rank 19 | iter 4 | objfunc_time: 64.186870 | solver_time: 59.682297 | construction_time: 1.747536 | energy: node=77575J gpu=54523J cpu=11406J (1200W)
rank 22 | iter 4 | objfunc_time: 64.467522 | solver_time: 61.128946 | construction_time: 1.733218 | energy: node=77309J gpu=54444J cpu=12410J (1196W)
rank 1 | iter 4 | objfunc_time: 64.610698 | solver_time: 62.013042 | construction_time: 1.799559 | energy: node=75662J gpu=54762J cpu=11895J (1171W)
rank 29 | iter 4 | objfunc_time: 64.464665 | solver_time: 45.946253 | construction_time: 1.334503 | energy: node=75120J gpu=48370J cpu=10397J (1162W)
rank 12 | iter 4 | objfunc_time: 64.611614 | solver_time: 61.723393 | construction_time: 1.750621 | energy: node=68636J gpu=46226J cpu=10902J (1062W)
rank 27 | iter 4 | objfunc_time: 64.610749 | solver_time: 60.212587 | construction_time: 1.995561 | energy: node=78831J gpu=57214J cpu=9766J (1220W)
rank 23 | iter 4 | objfunc_time: 64.610779 | solver_time: 61.306904 | construction_time: 1.723715 | energy: node=78747J gpu=53964J cpu=12523J (1218W)
rank 28 | iter 4 | objfunc_time: 64.332247 | solver_time: 45.937248 | construction_time: 1.290559 | energy: node=66421J gpu=46296J cpu=9700J (1028W)
rank 23 | iter 5 | objfunc_time: 64.721845 | solver_time: 60.791915 | construction_time: 1.799714 | energy: node=78426J gpu=53843J cpu=12427J (1211W)
rank 4 | iter 5 | objfunc_time: 64.724957 | solver_time: 60.535387 | construction_time: 1.717077 | energy: node=67304J gpu=46756J cpu=11613J (1039W)
rank 5 | iter 5 | objfunc_time: 64.724323 | solver_time: 60.427242 | construction_time: 1.730952 | energy: node=80561J gpu=54971J cpu=12854J (1244W)
rank 22 | iter 5 | objfunc_time: 64.724586 | solver_time: 60.858287 | construction_time: 1.728310 | energy: node=77156J gpu=54535J cpu=12355J (1192W)
rank 16 | iter 5 | objfunc_time: 64.724444 | solver_time: 59.978766 | construction_time: 1.709858 | energy: node=65787J gpu=46821J cpu=9883J (1016W)
rank 8 | iter 5 | objfunc_time: 64.724207 | solver_time: 61.329319 | construction_time: 1.726482 | energy: node=72978J gpu=46268J cpu=11663J (1127W)
rank 24 | iter 5 | objfunc_time: 64.723490 | solver_time: 60.780516 | construction_time: 1.731327 | energy: node=66533J gpu=45907J cpu=12243J (1028W)
rank 17 | iter 5 | objfunc_time: 64.735599 | solver_time: 59.743363 | construction_time: 1.805086 | energy: node=76408J gpu=54415J cpu=8320J (1180W)
rank 20 | iter 5 | objfunc_time: 64.723165 | solver_time: 60.929912 | construction_time: 1.747335 | energy: node=67590J gpu=45300J cpu=11785J (1044W)
rank 25 | iter 5 | objfunc_time: 64.722749 | solver_time: 60.708890 | construction_time: 1.736318 | energy: node=79467J gpu=56379J cpu=11091J (1227W)
rank 7 | iter 5 | objfunc_time: 64.721999 | solver_time: 60.389813 | construction_time: 1.757576 | energy: node=75490J gpu=54785J cpu=11181J (1166W)
rank 0 | iter 5 | objfunc_time: 64.588538 | solver_time: 62.214496 | construction_time: 1.716884 | energy: node=69131J gpu=45283J cpu=13723J (1068W)
rank 6 | iter 5 | objfunc_time: 64.721893 | solver_time: 60.398711 | construction_time: 1.749328 | energy: node=77844J gpu=53498J cpu=11973J (1202W)
rank 21 | iter 5 | objfunc_time: 64.722372 | solver_time: 60.856668 | construction_time: 1.732858 | energy: node=77928J gpu=55371J cpu=9069J (1203W)
rank 10 | iter 5 | objfunc_time: 64.722109 | solver_time: 61.225889 | construction_time: 1.751723 | energy: node=78893J gpu=55217J cpu=10406J (1218W)
rank 30 | iter 5 | objfunc_time: 64.722530 | solver_time: 46.270962 | construction_time: 1.302670 | energy: node=74182J gpu=50943J cpu=12813J (1146W)
rank 11 | iter 5 | objfunc_time: 64.721888 | solver_time: 61.190550 | construction_time: 1.796192 | energy: node=80860J gpu=54985J cpu=12452J (1249W)
rank 12 | iter 5 | objfunc_time: 64.722385 | solver_time: 61.640671 | construction_time: 1.736982 | energy: node=68641J gpu=46360J cpu=10900J (1060W)
rank 18 | iter 5 | objfunc_time: 64.721557 | solver_time: 59.848747 | construction_time: 1.732364 | energy: node=69653J gpu=53567J cpu=9452J (1076W)
rank 13 | iter 5 | objfunc_time: 64.722023 | solver_time: 61.456165 | construction_time: 1.801328 | energy: node=80213J gpu=56056J cpu=9422J (1239W)
rank 2 | iter 5 | objfunc_time: 64.721975 | solver_time: 61.968893 | construction_time: 1.921417 | energy: node=77388J gpu=53985J cpu=10424J (1195W)
rank 3 | iter 5 | objfunc_time: 64.724129 | solver_time: 62.188278 | construction_time: 1.792579 | energy: node=0J gpu=54687J cpu=11045J (0W)
rank 27 | iter 5 | objfunc_time: 64.432321 | solver_time: 60.069039 | construction_time: 1.926466 | energy: node=78273J gpu=57200J cpu=9651J (1209W)
rank 29 | iter 5 | objfunc_time: 64.574459 | solver_time: 46.098198 | construction_time: 1.319209 | energy: node=75006J gpu=48099J cpu=10367J (1158W)
rank 15 | iter 5 | objfunc_time: 64.721745 | solver_time: 61.463934 | construction_time: 1.778160 | energy: node=76810J gpu=57015J cpu=11062J (1186W)
rank 1 | iter 5 | objfunc_time: 64.721104 | solver_time: 62.124733 | construction_time: 1.802346 | energy: node=75864J gpu=54959J cpu=11903J (1172W)
rank 14 | iter 5 | objfunc_time: 64.722906 | solver_time: 61.565787 | construction_time: 1.729169 | energy: node=78679J gpu=56408J cpu=11027J (1215W)
rank 26 | iter 5 | objfunc_time: 64.721516 | solver_time: 60.724910 | construction_time: 1.726707 | energy: node=75656J gpu=55302J cpu=14825J (1168W)
rank 28 | iter 5 | objfunc_time: 64.751081 | solver_time: 46.383977 | construction_time: 1.287360 | energy: node=66740J gpu=46518J cpu=9812J (1031W)
rank 31 | iter 5 | objfunc_time: 64.439808 | solver_time: 45.903927 | construction_time: 1.370868 | energy: node=73343J gpu=52144J cpu=10281J (1133W)
rank 9 | iter 5 | objfunc_time: 64.721636 | solver_time: 61.254148 | construction_time: 1.723732 | energy: node=77476J gpu=54322J cpu=12256J (1197W)
rank 19 | iter 5 | objfunc_time: 64.722534 | solver_time: 59.781772 | construction_time: 1.794508 | energy: node=78028J gpu=55494J cpu=11508J (1205W)
rank 22 | iter 6 | objfunc_time: 64.106936 | solver_time: 60.520161 | construction_time: 1.740278 | energy: node=76671J gpu=54107J cpu=12269J (1195W)
rank 5 | iter 6 | objfunc_time: 64.106690 | solver_time: 60.340902 | construction_time: 1.735799 | energy: node=79938J gpu=56655J cpu=12604J (1246W)
rank 4 | iter 6 | objfunc_time: 64.107557 | solver_time: 60.457147 | construction_time: 1.718839 | energy: node=66927J gpu=47614J cpu=11477J (1044W)
rank 28 | iter 6 | objfunc_time: 64.133476 | solver_time: 45.737715 | construction_time: 1.292034 | energy: node=65913J gpu=45959J cpu=9603J (1028W)
rank 24 | iter 6 | objfunc_time: 64.105983 | solver_time: 60.322214 | construction_time: 1.733601 | energy: node=66063J gpu=45532J cpu=12136J (1030W)
rank 17 | iter 6 | objfunc_time: 64.106172 | solver_time: 59.638510 | construction_time: 1.818473 | energy: node=75899J gpu=54280J cpu=8232J (1183W)
rank 20 | iter 6 | objfunc_time: 64.105475 | solver_time: 60.617526 | construction_time: 1.741099 | energy: node=67184J gpu=45134J cpu=11638J (1048W)
rank 25 | iter 6 | objfunc_time: 64.104836 | solver_time: 60.232402 | construction_time: 1.742031 | energy: node=79043J gpu=55922J cpu=11014J (1232W)
rank 18 | iter 6 | objfunc_time: 63.955704 | solver_time: 59.623348 | construction_time: 1.742634 | energy: node=77445J gpu=58926J cpu=10813J (1208W)
rank 30 | iter 6 | objfunc_time: 64.104923 | solver_time: 45.609033 | construction_time: 1.314877 | energy: node=73472J gpu=50538J cpu=12643J (1146W)
rank 11 | iter 6 | objfunc_time: 63.684661 | solver_time: 60.820002 | construction_time: 1.746674 | energy: node=79791J gpu=53932J cpu=12241J (1244W)
rank 1 | iter 6 | objfunc_time: 64.102660 | solver_time: 61.561377 | construction_time: 1.767496 | energy: node=75042J gpu=54530J cpu=11765J (1170W)
rank 3 | iter 6 | objfunc_time: 64.104296 | solver_time: 61.616702 | construction_time: 1.746578 | energy: node=0J gpu=56156J cpu=11244J (0W)
rank 7 | iter 6 | objfunc_time: 63.959768 | solver_time: 60.170124 | construction_time: 1.753064 | energy: node=74851J gpu=55313J cpu=11002J (1167W)
rank 23 | iter 6 | objfunc_time: 64.117279 | solver_time: 60.512343 | construction_time: 1.770560 | energy: node=78157J gpu=53605J cpu=12383J (1219W)
rank 16 | iter 6 | objfunc_time: 64.106394 | solver_time: 59.853630 | construction_time: 1.732919 | energy: node=65230J gpu=46464J cpu=9749J (1017W)
rank 6 | iter 6 | objfunc_time: 64.105075 | solver_time: 60.322536 | construction_time: 1.739012 | energy: node=77269J gpu=54078J cpu=11784J (1205W)
rank 31 | iter 6 | objfunc_time: 64.133477 | solver_time: 45.643842 | construction_time: 1.307449 | energy: node=72750J gpu=50757J cpu=10186J (1134W)
rank 19 | iter 6 | objfunc_time: 64.133491 | solver_time: 59.773611 | construction_time: 1.752794 | energy: node=77364J gpu=54336J cpu=11329J (1206W)
rank 2 | iter 6 | objfunc_time: 64.104603 | solver_time: 61.389749 | construction_time: 1.878330 | energy: node=76731J gpu=53023J cpu=10332J (1196W)
rank 9 | iter 6 | objfunc_time: 64.133503 | solver_time: 61.286704 | construction_time: 1.733498 | energy: node=76706J gpu=53726J cpu=12053J (1196W)
rank 10 | iter 6 | objfunc_time: 64.104250 | solver_time: 61.159639 | construction_time: 1.828876 | energy: node=78326J gpu=54733J cpu=10309J (1221W)
rank 29 | iter 6 | objfunc_time: 64.104386 | solver_time: 45.620773 | construction_time: 1.308883 | energy: node=74810J gpu=49735J cpu=10289J (1166W)
rank 21 | iter 6 | objfunc_time: 64.104272 | solver_time: 60.473510 | construction_time: 1.795682 | energy: node=77381J gpu=55020J cpu=8973J (1207W)
rank 27 | iter 6 | objfunc_time: 63.959308 | solver_time: 59.736943 | construction_time: 1.920756 | energy: node=77908J gpu=56605J cpu=9591J (1215W)
rank 15 | iter 6 | objfunc_time: 64.104172 | solver_time: 61.000397 | construction_time: 1.762061 | energy: node=76139J gpu=56131J cpu=10971J (1187W)
rank 14 | iter 6 | objfunc_time: 64.104835 | solver_time: 61.072003 | construction_time: 1.725626 | energy: node=78192J gpu=53479J cpu=11012J (1219W)
rank 8 | iter 6 | objfunc_time: 64.106291 | solver_time: 61.351303 | construction_time: 1.730918 | energy: node=72374J gpu=45834J cpu=11532J (1128W)
rank 26 | iter 6 | objfunc_time: 64.095610 | solver_time: 60.232732 | construction_time: 1.736750 | energy: node=74982J gpu=54944J cpu=14643J (1169W)
rank 12 | iter 6 | objfunc_time: 64.104436 | solver_time: 61.163474 | construction_time: 1.717494 | energy: node=68241J gpu=46116J cpu=10867J (1064W)
rank 0 | iter 6 | objfunc_time: 64.105645 | solver_time: 61.684984 | construction_time: 1.746162 | energy: node=69253J gpu=46163J cpu=13717J (1080W)
rank 13 | iter 6 | objfunc_time: 64.104624 | solver_time: 60.966861 | construction_time: 1.795878 | energy: node=79921J gpu=55913J cpu=9398J (1246W)
rank 0 | iter 7 | objfunc_time: 64.324495 | solver_time: 61.919685 | construction_time: 1.743648 | energy: node=68843J gpu=45639J cpu=13680J (1070W)
rank 22 | iter 7 | objfunc_time: 64.298772 | solver_time: 60.503477 | construction_time: 1.734278 | energy: node=76986J gpu=53582J cpu=12333J (1197W)
rank 5 | iter 7 | objfunc_time: 64.298141 | solver_time: 60.224863 | construction_time: 1.744351 | energy: node=79995J gpu=55332J cpu=12707J (1244W)
rank 8 | iter 7 | objfunc_time: 64.297632 | solver_time: 61.113006 | construction_time: 1.718841 | energy: node=72421J gpu=46340J cpu=11592J (1126W)
rank 4 | iter 7 | objfunc_time: 64.297636 | solver_time: 60.369915 | construction_time: 1.708854 | energy: node=66909J gpu=46498J cpu=11540J (1040W)
rank 28 | iter 7 | objfunc_time: 64.014517 | solver_time: 45.730790 | construction_time: 1.291821 | energy: node=65793J gpu=45411J cpu=9591J (1023W)
rank 17 | iter 7 | objfunc_time: 64.011748 | solver_time: 59.509764 | construction_time: 1.788786 | energy: node=75622J gpu=53948J cpu=8124J (1176W)
rank 25 | iter 7 | objfunc_time: 64.296830 | solver_time: 60.171841 | construction_time: 1.741732 | energy: node=79054J gpu=56496J cpu=10994J (1229W)
rank 20 | iter 7 | objfunc_time: 64.297064 | solver_time: 60.599389 | construction_time: 1.736619 | energy: node=67242J gpu=45241J cpu=11661J (1045W)
rank 7 | iter 7 | objfunc_time: 64.295918 | solver_time: 60.222851 | construction_time: 1.750780 | energy: node=75108J gpu=55508J cpu=11031J (1168W)
rank 3 | iter 7 | objfunc_time: 64.296171 | solver_time: 61.823276 | construction_time: 1.727164 | energy: node=0J gpu=54631J cpu=11005J (0W)
rank 16 | iter 7 | objfunc_time: 64.013882 | solver_time: 59.640115 | construction_time: 1.758850 | energy: node=65191J gpu=46434J cpu=9823J (1013W)
rank 11 | iter 7 | objfunc_time: 64.150347 | solver_time: 60.840308 | construction_time: 1.749460 | energy: node=80121J gpu=55093J cpu=12263J (1246W)
rank 2 | iter 7 | objfunc_time: 64.295079 | solver_time: 61.557700 | construction_time: 1.883259 | energy: node=77029J gpu=52895J cpu=10365J (1198W)
rank 14 | iter 7 | objfunc_time: 64.153378 | solver_time: 61.071755 | construction_time: 1.791991 | energy: node=78035J gpu=56065J cpu=10897J (1213W)
rank 18 | iter 7 | objfunc_time: 64.295916 | solver_time: 59.912950 | construction_time: 1.722631 | energy: node=73454J gpu=56533J cpu=10136J (1142W)
rank 30 | iter 7 | objfunc_time: 64.295659 | solver_time: 45.880659 | construction_time: 1.319359 | energy: node=73550J gpu=50636J cpu=12681J (1143W)
rank 31 | iter 7 | objfunc_time: 64.153518 | solver_time: 45.780238 | construction_time: 1.311351 | energy: node=72637J gpu=50715J cpu=10199J (1129W)
rank 1 | iter 7 | objfunc_time: 64.295705 | solver_time: 61.780996 | construction_time: 1.757838 | energy: node=70831J gpu=51442J cpu=11064J (1101W)
rank 19 | iter 7 | objfunc_time: 64.295529 | solver_time: 59.880112 | construction_time: 1.735975 | energy: node=77227J gpu=55214J cpu=11276J (1201W)
rank 29 | iter 7 | objfunc_time: 64.295058 | solver_time: 45.944282 | construction_time: 1.300543 | energy: node=74909J gpu=49827J cpu=10283J (1165W)
rank 12 | iter 7 | objfunc_time: 64.324491 | solver_time: 61.406992 | construction_time: 1.715474 | energy: node=67994J gpu=42122J cpu=10834J (1057W)
rank 6 | iter 7 | objfunc_time: 64.295538 | solver_time: 60.164509 | construction_time: 1.792039 | energy: node=77536J gpu=54237J cpu=11862J (1205W)
rank 23 | iter 7 | objfunc_time: 64.295645 | solver_time: 60.466949 | construction_time: 1.775267 | energy: node=73091J gpu=50095J cpu=11528J (1136W)
rank 13 | iter 7 | objfunc_time: 64.324506 | solver_time: 61.249137 | construction_time: 1.761588 | energy: node=79949J gpu=55181J cpu=9452J (1243W)
rank 10 | iter 7 | objfunc_time: 64.295652 | solver_time: 60.987482 | construction_time: 1.754729 | energy: node=78416J gpu=54945J cpu=10374J (1219W)
rank 15 | iter 7 | objfunc_time: 64.294379 | solver_time: 61.223805 | construction_time: 1.754794 | energy: node=76420J gpu=56400J cpu=10990J (1188W)
rank 21 | iter 7 | objfunc_time: 64.295164 | solver_time: 60.511762 | construction_time: 1.729916 | energy: node=77721J gpu=55248J cpu=9026J (1208W)
rank 9 | iter 7 | objfunc_time: 64.295208 | solver_time: 61.020996 | construction_time: 1.721930 | energy: node=77008J gpu=54238J cpu=12099J (1197W)
rank 26 | iter 7 | objfunc_time: 64.148235 | solver_time: 60.006946 | construction_time: 1.758463 | energy: node=75087J gpu=54988J cpu=14672J (1167W)
rank 24 | iter 7 | objfunc_time: 64.297072 | solver_time: 60.276740 | construction_time: 1.736293 | energy: node=66309J gpu=45777J cpu=12177J (1031W)
rank 27 | iter 7 | objfunc_time: 64.294863 | solver_time: 59.738797 | construction_time: 2.013733 | energy: node=78243J gpu=56887J cpu=9664J (1216W)
rank 0 | iter 8 | objfunc_time: 64.304172 | solver_time: 61.897845 | construction_time: 1.753379 | energy: node=68847J gpu=46642J cpu=13670J (1070W)
rank 22 | iter 8 | objfunc_time: 64.165138 | solver_time: 60.476789 | construction_time: 1.743101 | energy: node=76787J gpu=54195J cpu=12279J (1194W)
rank 3 | iter 8 | objfunc_time: 64.300994 | solver_time: 61.812361 | construction_time: 1.748233 | energy: node=0J gpu=57606J cpu=11407J (0W)
rank 4 | iter 8 | objfunc_time: 64.303790 | solver_time: 60.636905 | construction_time: 1.729839 | energy: node=60474J gpu=41885J cpu=10320J (940W)
rank 28 | iter 8 | objfunc_time: 64.303611 | solver_time: 46.018792 | construction_time: 1.287532 | energy: node=66075J gpu=45609J cpu=9662J (1027W)
rank 5 | iter 8 | objfunc_time: 64.304027 | solver_time: 60.524248 | construction_time: 1.745303 | energy: node=80211J gpu=56005J cpu=12757J (1247W)
rank 6 | iter 8 | objfunc_time: 64.301441 | solver_time: 60.457900 | construction_time: 1.785353 | energy: node=77344J gpu=55310J cpu=11778J (1202W)
rank 7 | iter 8 | objfunc_time: 64.160306 | solver_time: 60.325767 | construction_time: 1.805116 | energy: node=75201J gpu=55503J cpu=11065J (1169W)
rank 20 | iter 8 | objfunc_time: 64.302783 | solver_time: 60.733072 | construction_time: 1.726765 | energy: node=67153J gpu=45099J cpu=11614J (1044W)
rank 26 | iter 8 | objfunc_time: 64.330532 | solver_time: 60.174932 | construction_time: 1.799031 | energy: node=74974J gpu=54893J cpu=14663J (1165W)
rank 16 | iter 8 | objfunc_time: 64.301895 | solver_time: 59.806678 | construction_time: 1.756738 | energy: node=65406J gpu=46571J cpu=9824J (1017W)
rank 14 | iter 8 | objfunc_time: 64.301957 | solver_time: 61.145748 | construction_time: 1.727550 | energy: node=78243J gpu=56312J cpu=10949J (1216W)
rank 18 | iter 8 | objfunc_time: 64.301739 | solver_time: 59.771641 | construction_time: 1.721248 | energy: node=73459J gpu=55810J cpu=10193J (1142W)
rank 29 | iter 8 | objfunc_time: 64.301506 | solver_time: 45.902530 | construction_time: 1.316205 | energy: node=74860J gpu=49862J cpu=10230J (1164W)
rank 12 | iter 8 | objfunc_time: 64.301808 | solver_time: 61.244359 | construction_time: 1.717093 | energy: node=68179J gpu=45109J cpu=10836J (1060W)
rank 21 | iter 8 | objfunc_time: 64.158895 | solver_time: 60.476033 | construction_time: 1.742956 | energy: node=77509J gpu=55037J cpu=8966J (1205W)
rank 31 | iter 8 | objfunc_time: 64.158307 | solver_time: 45.691214 | construction_time: 1.383650 | energy: node=71255J gpu=49829J cpu=9928J (1108W)
rank 1 | iter 8 | objfunc_time: 64.301579 | solver_time: 61.798947 | construction_time: 1.742320 | energy: node=79803J gpu=57053J cpu=12507J (1241W)
rank 9 | iter 8 | objfunc_time: 64.301655 | solver_time: 61.037518 | construction_time: 1.734828 | energy: node=76947J gpu=52543J cpu=12177J (1196W)
rank 23 | iter 8 | objfunc_time: 64.301271 | solver_time: 60.620859 | construction_time: 1.755308 | energy: node=83199J gpu=56206J cpu=13328J (1293W)
rank 30 | iter 8 | objfunc_time: 64.015404 | solver_time: 45.621733 | construction_time: 1.310626 | energy: node=73599J gpu=51059J cpu=12651J (1144W)
rank 10 | iter 8 | objfunc_time: 64.301461 | solver_time: 61.014762 | construction_time: 1.752872 | energy: node=78363J gpu=54888J cpu=10322J (1218W)
rank 15 | iter 8 | objfunc_time: 64.300850 | solver_time: 61.077882 | construction_time: 1.763989 | energy: node=76472J gpu=56390J cpu=11007J (1189W)
rank 13 | iter 8 | objfunc_time: 64.301479 | solver_time: 61.070426 | construction_time: 1.776995 | energy: node=79953J gpu=55962J cpu=9423J (1243W)
rank 17 | iter 8 | objfunc_time: 64.303334 | solver_time: 59.670640 | construction_time: 1.776088 | energy: node=76062J gpu=54204J cpu=8228J (1182W)
rank 11 | iter 8 | objfunc_time: 64.301898 | solver_time: 61.044807 | construction_time: 1.734847 | energy: node=80516J gpu=54484J cpu=12416J (1252W)
rank 2 | iter 8 | objfunc_time: 64.301715 | solver_time: 61.554601 | construction_time: 1.929524 | energy: node=77243J gpu=54053J cpu=10348J (1201W)
rank 25 | iter 8 | objfunc_time: 64.165076 | solver_time: 60.097719 | construction_time: 1.739464 | energy: node=79093J gpu=55969J cpu=11029J (1229W)
rank 19 | iter 8 | objfunc_time: 64.154747 | solver_time: 59.530585 | construction_time: 1.790339 | energy: node=77351J gpu=54374J cpu=11354J (1202W)
rank 27 | iter 8 | objfunc_time: 64.330546 | solver_time: 59.928528 | construction_time: 1.927956 | energy: node=78274J gpu=56889J cpu=9674J (1217W)
rank 8 | iter 8 | objfunc_time: 64.303675 | solver_time: 61.074591 | construction_time: 1.763539 | energy: node=72645J gpu=46071J cpu=11591J (1129W)
rank 24 | iter 8 | objfunc_time: 64.330511 | solver_time: 60.350428 | construction_time: 1.737413 | energy: node=66368J gpu=46901J cpu=12180J (1032W)
rank 0 | iter 9 | objfunc_time: 64.805102 | solver_time: 62.406295 | construction_time: 1.742753 | energy: node=69499J gpu=46964J cpu=13754J (1070W)
rank 28 | iter 9 | objfunc_time: 64.952723 | solver_time: 46.190666 | construction_time: 1.287217 | energy: node=66629J gpu=46404J cpu=9793J (1025W)
rank 22 | iter 9 | objfunc_time: 64.953392 | solver_time: 61.283566 | construction_time: 1.802456 | energy: node=77491J gpu=54602J cpu=12426J (1193W)
rank 8 | iter 9 | objfunc_time: 64.979657 | solver_time: 61.542192 | construction_time: 1.738338 | energy: node=73224J gpu=46379J cpu=11740J (1127W)
rank 24 | iter 9 | objfunc_time: 64.979665 | solver_time: 61.013160 | construction_time: 1.722370 | energy: node=66799J gpu=46081J cpu=12310J (1028W)
rank 3 | iter 9 | objfunc_time: 64.951970 | solver_time: 62.470422 | construction_time: 1.740307 | energy: node=0J gpu=54692J cpu=11051J (0W)
rank 25 | iter 9 | objfunc_time: 64.952456 | solver_time: 60.882172 | construction_time: 1.734201 | energy: node=79792J gpu=56445J cpu=11183J (1228W)
rank 20 | iter 9 | objfunc_time: 64.951250 | solver_time: 61.469579 | construction_time: 1.729614 | energy: node=67835J gpu=45559J cpu=11772J (1044W)
rank 14 | iter 9 | objfunc_time: 64.951040 | solver_time: 61.789510 | construction_time: 1.728340 | energy: node=78797J gpu=54912J cpu=11060J (1213W)
rank 7 | iter 9 | objfunc_time: 64.951484 | solver_time: 60.612878 | construction_time: 1.745820 | energy: node=75844J gpu=55924J cpu=11210J (1167W)
rank 12 | iter 9 | objfunc_time: 64.665030 | solver_time: 61.592062 | construction_time: 1.732799 | energy: node=68381J gpu=46085J cpu=10852J (1052W)
rank 29 | iter 9 | objfunc_time: 64.950892 | solver_time: 46.055564 | construction_time: 1.357077 | energy: node=75638J gpu=50231J cpu=10366J (1164W)
rank 11 | iter 9 | objfunc_time: 64.950743 | solver_time: 61.449938 | construction_time: 1.739616 | energy: node=80959J gpu=55141J cpu=12455J (1246W)
rank 30 | iter 9 | objfunc_time: 64.951040 | solver_time: 46.021146 | construction_time: 1.373984 | energy: node=72689J gpu=50005J cpu=12469J (1119W)
rank 9 | iter 9 | objfunc_time: 64.950406 | solver_time: 61.443646 | construction_time: 1.735808 | energy: node=77535J gpu=54597J cpu=12209J (1193W)
rank 19 | iter 9 | objfunc_time: 64.951088 | solver_time: 59.886946 | construction_time: 1.795282 | energy: node=77799J gpu=54782J cpu=11397J (1197W)
rank 21 | iter 9 | objfunc_time: 64.950556 | solver_time: 61.362775 | construction_time: 1.727505 | energy: node=78272J gpu=55501J cpu=9204J (1205W)
rank 16 | iter 9 | objfunc_time: 64.950954 | solver_time: 60.033276 | construction_time: 1.740544 | energy: node=65952J gpu=46945J cpu=9967J (1015W)
rank 31 | iter 9 | objfunc_time: 64.950963 | solver_time: 46.087510 | construction_time: 1.309505 | energy: node=75484J gpu=53810J cpu=10723J (1162W)
rank 10 | iter 9 | objfunc_time: 64.804416 | solver_time: 61.292408 | construction_time: 1.743807 | energy: node=78727J gpu=55059J cpu=10373J (1212W)
rank 2 | iter 9 | objfunc_time: 64.950402 | solver_time: 62.198999 | construction_time: 1.907648 | energy: node=77521J gpu=54307J cpu=10423J (1193W)
rank 26 | iter 9 | objfunc_time: 64.804519 | solver_time: 60.682857 | construction_time: 1.770822 | energy: node=75391J gpu=55469J cpu=14790J (1160W)
rank 27 | iter 9 | objfunc_time: 64.653146 | solver_time: 60.161124 | construction_time: 2.009360 | energy: node=78602J gpu=57126J cpu=9715J (1210W)
rank 18 | iter 9 | objfunc_time: 64.950913 | solver_time: 59.877853 | construction_time: 1.783008 | energy: node=74116J gpu=56968J cpu=10252J (1141W)
rank 1 | iter 9 | objfunc_time: 64.808007 | solver_time: 62.228312 | construction_time: 1.796168 | energy: node=75792J gpu=54531J cpu=11874J (1166W)
rank 5 | iter 9 | objfunc_time: 64.953393 | solver_time: 60.624955 | construction_time: 1.737099 | energy: node=81108J gpu=56568J cpu=12959J (1248W)
rank 6 | iter 9 | objfunc_time: 64.952797 | solver_time: 60.505444 | construction_time: 1.809672 | energy: node=78178J gpu=54638J cpu=12005J (1203W)
rank 4 | iter 9 | objfunc_time: 64.953038 | solver_time: 60.745832 | construction_time: 1.712963 | energy: node=74348J gpu=53015J cpu=13008J (1144W)
rank 17 | iter 9 | objfunc_time: 64.952203 | solver_time: 59.883521 | construction_time: 1.776698 | energy: node=76642J gpu=54592J cpu=8336J (1179W)
rank 15 | iter 9 | objfunc_time: 64.949397 | solver_time: 61.715058 | construction_time: 1.769361 | energy: node=77271J gpu=57039J cpu=11135J (1189W)
rank 13 | iter 9 | objfunc_time: 64.951358 | solver_time: 61.729598 | construction_time: 1.771020 | energy: node=80698J gpu=56303J cpu=9556J (1242W)
rank 23 | iter 9 | objfunc_time: 64.522875 | solver_time: 60.948607 | construction_time: 1.739015 | energy: node=78332J gpu=54302J cpu=12428J (1205W)
rank 0 | iter 10 | objfunc_time: 64.457806 | solver_time: 62.068622 | construction_time: 1.737497 | energy: node=69211J gpu=46821J cpu=13708J (1073W)
rank 3 | iter 10 | objfunc_time: 64.447213 | solver_time: 61.965870 | construction_time: 1.735312 | energy: node=0J gpu=56004J cpu=11299J (0W)
rank 5 | iter 10 | objfunc_time: 64.473793 | solver_time: 60.401091 | construction_time: 1.742282 | energy: node=80350J gpu=56070J cpu=12788J (1246W)
rank 8 | iter 10 | objfunc_time: 64.162236 | solver_time: 61.027117 | construction_time: 1.733062 | energy: node=72449J gpu=45885J cpu=11538J (1124W)
rank 6 | iter 10 | objfunc_time: 64.473782 | solver_time: 60.239016 | construction_time: 1.872377 | energy: node=77668J gpu=54366J cpu=11889J (1205W)
rank 28 | iter 10 | objfunc_time: 64.447291 | solver_time: 45.984560 | construction_time: 1.302846 | energy: node=66257J gpu=46177J cpu=9710J (1028W)
rank 17 | iter 10 | objfunc_time: 64.473778 | solver_time: 59.704782 | construction_time: 1.789863 | energy: node=76120J gpu=54271J cpu=8312J (1181W)
rank 25 | iter 10 | objfunc_time: 64.446031 | solver_time: 60.232762 | construction_time: 1.744080 | energy: node=79258J gpu=56052J cpu=11066J (1229W)
rank 20 | iter 10 | objfunc_time: 64.445818 | solver_time: 60.624261 | construction_time: 1.726788 | energy: node=62806J gpu=43737J cpu=10800J (974W)
rank 7 | iter 10 | objfunc_time: 64.445701 | solver_time: 60.354801 | construction_time: 1.749394 | energy: node=75315J gpu=55601J cpu=11123J (1168W)
rank 9 | iter 10 | objfunc_time: 64.444675 | solver_time: 61.221666 | construction_time: 1.731836 | energy: node=74034J gpu=51885J cpu=11566J (1148W)
rank 12 | iter 10 | objfunc_time: 64.444986 | solver_time: 61.211808 | construction_time: 1.710137 | energy: node=68293J gpu=46083J cpu=10859J (1059W)
rank 29 | iter 10 | objfunc_time: 64.445074 | solver_time: 45.913894 | construction_time: 1.303336 | energy: node=75077J gpu=50118J cpu=10279J (1164W)
rank 19 | iter 10 | objfunc_time: 64.445050 | solver_time: 59.751629 | construction_time: 1.739519 | energy: node=77557J gpu=54549J cpu=11388J (1203W)
rank 21 | iter 10 | objfunc_time: 64.444844 | solver_time: 60.525550 | construction_time: 1.732398 | energy: node=77857J gpu=55163J cpu=9147J (1208W)
rank 16 | iter 10 | objfunc_time: 64.302755 | solver_time: 59.713180 | construction_time: 1.732865 | energy: node=65531J gpu=46605J cpu=9898J (1016W)
rank 23 | iter 10 | objfunc_time: 64.473799 | solver_time: 60.563712 | construction_time: 1.731198 | energy: node=78453J gpu=54119J cpu=12463J (1217W)
rank 2 | iter 10 | objfunc_time: 64.445118 | solver_time: 61.663776 | construction_time: 1.931081 | energy: node=77156J gpu=53914J cpu=10346J (1197W)
rank 13 | iter 10 | objfunc_time: 64.473774 | solver_time: 61.085197 | construction_time: 1.755719 | energy: node=80121J gpu=55975J cpu=9457J (1243W)
rank 31 | iter 10 | objfunc_time: 64.302690 | solver_time: 45.742952 | construction_time: 1.317609 | energy: node=72968J gpu=49594J cpu=10271J (1132W)
rank 10 | iter 10 | objfunc_time: 64.444528 | solver_time: 61.212671 | construction_time: 1.745666 | energy: node=78476J gpu=54858J cpu=10376J (1217W)
rank 11 | iter 10 | objfunc_time: 64.444837 | solver_time: 61.179446 | construction_time: 1.792420 | energy: node=80756J gpu=55044J cpu=12434J (1253W)
rank 1 | iter 10 | objfunc_time: 64.443289 | solver_time: 61.823136 | construction_time: 1.817750 | energy: node=75487J gpu=54739J cpu=11807J (1171W)
rank 15 | iter 10 | objfunc_time: 64.473803 | solver_time: 61.086566 | construction_time: 1.754992 | energy: node=76726J gpu=56558J cpu=11049J (1190W)
rank 26 | iter 10 | objfunc_time: 64.450075 | solver_time: 60.167182 | construction_time: 1.806212 | energy: node=75119J gpu=54967J cpu=14697J (1165W)
rank 18 | iter 10 | objfunc_time: 64.443151 | solver_time: 59.709680 | construction_time: 1.772415 | energy: node=73651J gpu=56944J cpu=10154J (1142W)
rank 4 | iter 10 | objfunc_time: 64.473788 | solver_time: 60.486388 | construction_time: 1.742642 | energy: node=67417J gpu=46836J cpu=11666J (1046W)
rank 24 | iter 10 | objfunc_time: 64.446324 | solver_time: 60.332051 | construction_time: 1.730804 | energy: node=66311J gpu=45746J cpu=12181J (1028W)
rank 30 | iter 10 | objfunc_time: 64.445264 | solver_time: 45.894143 | construction_time: 1.312763 | energy: node=76098J gpu=53561J cpu=13196J (1180W)
rank 22 | iter 10 | objfunc_time: 64.447357 | solver_time: 60.508618 | construction_time: 1.743574 | energy: node=77419J gpu=54263J cpu=12412J (1201W)
rank 27 | iter 10 | objfunc_time: 64.443199 | solver_time: 59.791139 | construction_time: 1.983497 | energy: node=78649J gpu=57117J cpu=9750J (1220W)
rank 14 | iter 10 | objfunc_time: 64.445390 | solver_time: 61.056891 | construction_time: 1.786552 | energy: node=78653J gpu=56411J cpu=10996J (1220W)
rank 5 | iter 11 | objfunc_time: 64.530558 | solver_time: 60.386483 | construction_time: 1.737039 | energy: node=80555J gpu=56326J cpu=12804J (1248W)
rank 6 | iter 11 | objfunc_time: 64.530154 | solver_time: 60.258688 | construction_time: 1.844106 | energy: node=77713J gpu=54409J cpu=11943J (1204W)
rank 28 | iter 11 | objfunc_time: 64.530088 | solver_time: 46.038850 | construction_time: 1.293104 | energy: node=66421J gpu=46247J cpu=9738J (1029W)
rank 4 | iter 11 | objfunc_time: 64.556980 | solver_time: 60.475910 | construction_time: 1.757279 | energy: node=67189J gpu=46674J cpu=11606J (1041W)
rank 17 | iter 11 | objfunc_time: 64.529961 | solver_time: 59.736985 | construction_time: 1.768270 | energy: node=76303J gpu=54335J cpu=8284J (1182W)
rank 24 | iter 11 | objfunc_time: 64.556969 | solver_time: 60.310346 | construction_time: 1.729465 | energy: node=66574J gpu=45878J cpu=12255J (1031W)
rank 8 | iter 11 | objfunc_time: 64.530116 | solver_time: 61.486536 | construction_time: 1.734837 | energy: node=72692J gpu=46077J cpu=11609J (1126W)
rank 25 | iter 11 | objfunc_time: 64.529431 | solver_time: 60.177036 | construction_time: 1.745605 | energy: node=79502J gpu=56234J cpu=11098J (1231W)
rank 20 | iter 11 | objfunc_time: 64.528866 | solver_time: 60.730411 | construction_time: 1.727454 | energy: node=67420J gpu=46839J cpu=11710J (1044W)
rank 0 | iter 11 | objfunc_time: 64.540755 | solver_time: 62.142949 | construction_time: 1.737287 | energy: node=69245J gpu=46935J cpu=13734J (1073W)
rank 21 | iter 11 | objfunc_time: 64.528236 | solver_time: 60.561095 | construction_time: 1.798206 | energy: node=77985J gpu=53700J cpu=9212J (1208W)
rank 30 | iter 11 | objfunc_time: 64.556994 | solver_time: 45.965919 | construction_time: 1.309469 | energy: node=74048J gpu=50810J cpu=12766J (1147W)
rank 3 | iter 11 | objfunc_time: 64.529496 | solver_time: 61.999410 | construction_time: 1.789664 | energy: node=0J gpu=55002J cpu=11033J (0W)
rank 12 | iter 11 | objfunc_time: 64.528068 | solver_time: 61.406665 | construction_time: 1.705935 | energy: node=68398J gpu=46590J cpu=10864J (1059W)
rank 16 | iter 11 | objfunc_time: 64.386928 | solver_time: 59.741957 | construction_time: 1.721650 | energy: node=65798J gpu=46765J cpu=9919J (1019W)
rank 2 | iter 11 | objfunc_time: 64.527528 | solver_time: 61.687934 | construction_time: 1.980299 | energy: node=77405J gpu=54115J cpu=10392J (1199W)
rank 9 | iter 11 | objfunc_time: 64.528374 | solver_time: 61.412664 | construction_time: 1.739779 | energy: node=80403J gpu=57402J cpu=12717J (1245W)
rank 26 | iter 11 | objfunc_time: 64.530403 | solver_time: 60.174902 | construction_time: 1.743137 | energy: node=75159J gpu=54952J cpu=14716J (1164W)
rank 18 | iter 11 | objfunc_time: 64.527298 | solver_time: 59.732818 | construction_time: 1.788424 | energy: node=73863J gpu=56755J cpu=10199J (1144W)
rank 15 | iter 11 | objfunc_time: 64.382469 | solver_time: 61.097552 | construction_time: 1.753465 | energy: node=76639J gpu=56402J cpu=11007J (1187W)
rank 11 | iter 11 | objfunc_time: 64.527726 | solver_time: 61.359269 | construction_time: 1.793499 | energy: node=80733J gpu=54555J cpu=12460J (1251W)
  Mean: 64.7824s
  Std:  0.2686s
  Node energy/grad: 69435.3 J
  GPU energy/grad:  46828.9 J
  Other energy/grad: 8836.3 J

======================================================================
Benchmark completed
Results written to: /capstor/scratch/cscs/aboudaou/workspace/dalia/artifact/plotting/data/fig6_raw_results.csv
======================================================================
rank 22 | iter 11 | objfunc_time: 64.556994 | solver_time: 60.637886 | construction_time: 1.743908 | energy: node=77450J gpu=53514J cpu=12435J (1200W)
rank 10 | iter 11 | objfunc_time: 64.240072 | solver_time: 61.058157 | construction_time: 1.802188 | energy: node=78564J gpu=55018J cpu=10403J (1217W)
rank 7 | iter 11 | objfunc_time: 64.528028 | solver_time: 60.380061 | construction_time: 1.748782 | energy: node=75648J gpu=55795J cpu=11148J (1172W)
rank 13 | iter 11 | objfunc_time: 64.527881 | solver_time: 61.202429 | construction_time: 1.806814 | energy: node=80511J gpu=56196J cpu=9530J (1247W)
rank 27 | iter 11 | objfunc_time: 64.556987 | solver_time: 59.802318 | construction_time: 1.999164 | energy: node=78621J gpu=57105J cpu=9735J (1218W)
rank 14 | iter 11 | objfunc_time: 64.557003 | solver_time: 61.262305 | construction_time: 1.792630 | energy: node=78607J gpu=55709J cpu=10932J (1218W)
rank 23 | iter 11 | objfunc_time: 64.527835 | solver_time: 60.587720 | construction_time: 1.789981 | energy: node=78632J gpu=54594J cpu=12490J (1218W)
rank 31 | iter 11 | objfunc_time: 64.527609 | solver_time: 45.926751 | construction_time: 1.328762 | energy: node=73300J gpu=51081J cpu=10308J (1135W)
rank 19 | iter 11 | objfunc_time: 64.383270 | solver_time: 59.644759 | construction_time: 1.734207 | energy: node=77562J gpu=54566J cpu=11379J (1201W)
rank 29 | iter 11 | objfunc_time: 64.381547 | solver_time: 45.815545 | construction_time: 1.304732 | energy: node=75170J gpu=49944J cpu=10274J (1164W)
rank 1 | iter 11 | objfunc_time: 64.526895 | solver_time: 61.950941 | construction_time: 1.793270 | energy: node=75930J gpu=55103J cpu=11899J (1176W)
Job finished at Sat 14 Mar 2026 10:48:54 PM CET
