Parsed parameters:
  max_iter: 250
  solver_min_p: 4
  profile: False
  precision: float64
  benchmark_mode: True
  n_benchmark_runs: 10
  benchmark_method: finite_diff
  output_csv: /capstor/scratch/cscs/aboudaou/workspace/dalia/artifact/plotting/data/fig6_raw_results.csv
--- ap1: Coregional (3-variate) Spatio-Temporal Model (distributed, 4 nodes) ---
Distributed solver slicing: [12, 12, 12, 12]

___________________________________ 
___  __ \__    |__  /____  _/__    |
__  / / /_  /| |_  /  __  / __  /| |
_  /_/ /_  ___ |  /____/ /  _  ___ |
/_____/ /_/  |_/_____/___/  /_/  |_|

╔═══════════════════════════════════════════════════════╗
║               Parallelization strategies              ║
║ ╒═══════════════════════════════════════════╤═══════╕ ║
║ │ Participating Processes / Total Processes │ 8 / 8 │ ║
║ ├───────────────────────────────────────────┼───────┤ ║
║ │ Parallelization through F()               │   2   │ ║
║ ├───────────────────────────────────────────┼───────┤ ║
║ │ Parallelization through Q()               │   1   │ ║
║ ├───────────────────────────────────────────┼───────┤ ║
║ │ Parallelization through S()               │   4   │ ║
║ ╘═══════════════════════════════════════════╧═══════╛ ║
╚═══════════════════════════════════════════════════════╝
╔═══════════════════════════════╗
║  Enabled Performance modules  ║
║ ╒═══════════════════╤═══════╕ ║
║ │ Array module      │ cupy  │ ║
║ ├───────────────────┼───────┤ ║
║ │ MPI available     │ True  │ ║
║ ├───────────────────┼───────┤ ║
║ │ Is MPI CUDA aware │ False │ ║
║ ├───────────────────┼───────┤ ║
║ │ Is NCCL available │ False │ ║
║ ╘═══════════════════╧═══════╛ ║
╚═══════════════════════════════╝
╔═══════════════════════════════════════╗
║             Memory Report             ║
║ ╒════════════════════════╤══════════╕ ║
║ │ Solver memory          │ 61.81 GB │ ║
║ ├────────────────────────┼──────────┤ ║
║ │ Total memory used      │ 66.08 GB │ ║
║ ├────────────────────────┼──────────┤ ║
║ │ Total memory available │ 66.15 GB │ ║
║ ╘════════════════════════╧══════════╛ ║
╚═══════════════════════════════════════╝
DALIA initialized.

======================================================================
GRADIENT BENCHMARK: ap1
======================================================================
Nodes: 8, Tasks: 8
Hyperparameters: 15
Benchmark runs: 10
Energy monitor: enabled (Cray PM counters)

Timing finite difference gradient...
Allocated an extra 0.15 GB for BTA_mapping caching (total: 61.97)
rank 0 | iter 1 | objfunc_time: 249.935014 | solver_time: 240.511121 | construction_time: 6.895611 | energy: node=261532J gpu=178340J cpu=41429J (1046W)
Parsed parameters:
  max_iter: 250
  solver_min_p: 4
  profile: False
  precision: float64
  benchmark_mode: True
  n_benchmark_runs: 10
  benchmark_method: finite_diff
  output_csv: /capstor/scratch/cscs/aboudaou/workspace/dalia/artifact/plotting/data/fig6_raw_results.csv
rank 3 | iter 1 | objfunc_time: 249.935019 | solver_time: 239.960463 | construction_time: 7.019206 | energy: node=300513J gpu=220135J cpu=44398J (1202W)
Parsed parameters:
  max_iter: 250
  solver_min_p: 4
  profile: False
  precision: float64
  benchmark_mode: True
  n_benchmark_runs: 10
  benchmark_method: finite_diff
  output_csv: /capstor/scratch/cscs/aboudaou/workspace/dalia/artifact/plotting/data/fig6_raw_results.csv
rank 7 | iter 1 | objfunc_time: 249.935059 | solver_time: 233.173496 | construction_time: 6.604133 | energy: node=293205J gpu=214988J cpu=43697J (1173W)
Parsed parameters:
  max_iter: 250
  solver_min_p: 4
  profile: False
  precision: float64
  benchmark_mode: True
  n_benchmark_runs: 10
  benchmark_method: finite_diff
  output_csv: /capstor/scratch/cscs/aboudaou/workspace/dalia/artifact/plotting/data/fig6_raw_results.csv
rank 1 | iter 1 | objfunc_time: 249.935013 | solver_time: 239.687947 | construction_time: 7.128205 | energy: node=312322J gpu=216205J cpu=45775J (1250W)
Parsed parameters:
  max_iter: 250
  solver_min_p: 4
  profile: False
  precision: float64
  benchmark_mode: True
  n_benchmark_runs: 10
  benchmark_method: finite_diff
  output_csv: /capstor/scratch/cscs/aboudaou/workspace/dalia/artifact/plotting/data/fig6_raw_results.csv
rank 4 | iter 1 | objfunc_time: 249.935021 | solver_time: 233.703869 | construction_time: 6.473070 | energy: node=253614J gpu=185585J cpu=37117J (1015W)
Parsed parameters:
  max_iter: 250
  solver_min_p: 4
  profile: False
  precision: float64
  benchmark_mode: True
  n_benchmark_runs: 10
  benchmark_method: finite_diff
  output_csv: /capstor/scratch/cscs/aboudaou/workspace/dalia/artifact/plotting/data/fig6_raw_results.csv
rank 2 | iter 1 | objfunc_time: 249.935046 | solver_time: 239.827499 | construction_time: 7.093874 | energy: node=309019J gpu=216434J cpu=40744J (1236W)
Parsed parameters:
  max_iter: 250
  solver_min_p: 4
  profile: False
  precision: float64
  benchmark_mode: True
  n_benchmark_runs: 10
  benchmark_method: finite_diff
  output_csv: /capstor/scratch/cscs/aboudaou/workspace/dalia/artifact/plotting/data/fig6_raw_results.csv
rank 5 | iter 1 | objfunc_time: 249.935031 | solver_time: 233.364565 | construction_time: 6.490149 | energy: node=296159J gpu=216105J cpu=39466J (1185W)
Parsed parameters:
  max_iter: 250
  solver_min_p: 4
  profile: False
  precision: float64
  benchmark_mode: True
  n_benchmark_runs: 10
  benchmark_method: finite_diff
  output_csv: /capstor/scratch/cscs/aboudaou/workspace/dalia/artifact/plotting/data/fig6_raw_results.csv
rank 6 | iter 1 | objfunc_time: 249.935058 | solver_time: 233.306086 | construction_time: 6.544946 | energy: node=300078J gpu=214097J cpu=36953J (1201W)
rank 7 | iter 2 | objfunc_time: 250.176922 | solver_time: 233.482302 | construction_time: 6.613605 | energy: node=293230J gpu=216481J cpu=43699J (1172W)
rank 3 | iter 2 | objfunc_time: 250.178148 | solver_time: 240.263929 | construction_time: 6.947388 | energy: node=300938J gpu=221000J cpu=44274J (1203W)
rank 1 | iter 2 | objfunc_time: 250.176785 | solver_time: 240.060161 | construction_time: 7.050240 | energy: node=312200J gpu=215884J cpu=45805J (1248W)
rank 4 | iter 2 | objfunc_time: 250.176439 | solver_time: 234.090532 | construction_time: 6.433143 | energy: node=253634J gpu=185536J cpu=37211J (1014W)
rank 6 | iter 2 | objfunc_time: 250.205212 | solver_time: 233.572916 | construction_time: 6.626465 | energy: node=300203J gpu=214478J cpu=36963J (1200W)
rank 0 | iter 2 | objfunc_time: 250.178123 | solver_time: 240.707745 | construction_time: 6.938638 | energy: node=261872J gpu=179637J cpu=41436J (1047W)
rank 5 | iter 2 | objfunc_time: 250.175607 | solver_time: 233.609796 | construction_time: 6.571552 | energy: node=296631J gpu=216144J cpu=39648J (1186W)
rank 2 | iter 2 | objfunc_time: 249.897762 | solver_time: 239.957214 | construction_time: 6.987276 | energy: node=306910J gpu=214632J cpu=40508J (1227W)
rank 2 | iter 3 | objfunc_time: 250.510087 | solver_time: 240.391946 | construction_time: 7.114337 | energy: node=307503J gpu=215248J cpu=40624J (1228W)
rank 7 | iter 3 | objfunc_time: 250.494400 | solver_time: 233.932993 | construction_time: 6.754730 | energy: node=294119J gpu=217083J cpu=43685J (1174W)
rank 3 | iter 3 | objfunc_time: 250.483044 | solver_time: 240.476331 | construction_time: 7.040200 | energy: node=301748J gpu=221016J cpu=44386J (1205W)
rank 1 | iter 3 | objfunc_time: 250.482689 | solver_time: 240.461618 | construction_time: 7.011170 | energy: node=312762J gpu=216656J cpu=46008J (1249W)
rank 4 | iter 3 | objfunc_time: 250.481235 | solver_time: 234.720954 | construction_time: 6.425408 | energy: node=254340J gpu=183249J cpu=37158J (1015W)
rank 0 | iter 3 | objfunc_time: 250.480755 | solver_time: 240.906730 | construction_time: 6.977996 | energy: node=262918J gpu=180811J cpu=41754J (1050W)
rank 6 | iter 3 | objfunc_time: 250.481345 | solver_time: 234.198641 | construction_time: 6.582206 | energy: node=300998J gpu=214214J cpu=37188J (1202W)
rank 5 | iter 3 | objfunc_time: 250.337580 | solver_time: 234.134782 | construction_time: 6.512581 | energy: node=297542J gpu=216114J cpu=39737J (1188W)
rank 7 | iter 4 | objfunc_time: 249.808296 | solver_time: 233.756251 | construction_time: 6.643022 | energy: node=293314J gpu=217569J cpu=43435J (1174W)
rank 4 | iter 4 | objfunc_time: 249.808305 | solver_time: 234.375557 | construction_time: 6.437506 | energy: node=253245J gpu=182165J cpu=37019J (1014W)
rank 5 | iter 4 | objfunc_time: 249.808327 | solver_time: 233.938795 | construction_time: 6.518085 | energy: node=296326J gpu=214649J cpu=39550J (1186W)
rank 2 | iter 4 | objfunc_time: 249.808294 | solver_time: 239.690398 | construction_time: 7.096588 | energy: node=307264J gpu=214985J cpu=40530J (1230W)
rank 0 | iter 4 | objfunc_time: 249.808292 | solver_time: 240.278253 | construction_time: 6.959297 | energy: node=261992J gpu=177424J cpu=41514J (1049W)
rank 1 | iter 4 | objfunc_time: 249.808298 | solver_time: 239.745941 | construction_time: 7.043476 | energy: node=312421J gpu=216852J cpu=45798J (1251W)
rank 3 | iter 4 | objfunc_time: 249.808300 | solver_time: 239.818363 | construction_time: 6.997465 | energy: node=300911J gpu=220441J cpu=44210J (1205W)
rank 6 | iter 4 | objfunc_time: 249.808317 | solver_time: 233.891004 | construction_time: 6.585789 | energy: node=300162J gpu=213635J cpu=37185J (1202W)
rank 2 | iter 5 | objfunc_time: 249.343868 | solver_time: 239.316667 | construction_time: 7.039420 | energy: node=306574J gpu=211865J cpu=40521J (1229W)
rank 7 | iter 5 | objfunc_time: 249.342532 | solver_time: 234.856718 | construction_time: 6.702326 | energy: node=292767J gpu=216823J cpu=43432J (1174W)
rank 4 | iter 5 | objfunc_time: 249.340632 | solver_time: 235.561723 | construction_time: 6.445828 | energy: node=252777J gpu=185101J cpu=36877J (1014W)
rank 1 | iter 5 | objfunc_time: 249.369132 | solver_time: 239.362241 | construction_time: 7.000731 | energy: node=311649J gpu=215713J cpu=45694J (1250W)
rank 5 | iter 5 | objfunc_time: 249.198044 | solver_time: 234.970908 | construction_time: 6.528555 | energy: node=295931J gpu=215295J cpu=39410J (1187W)
rank 6 | iter 5 | objfunc_time: 249.369140 | solver_time: 235.119240 | construction_time: 6.566656 | energy: node=299584J gpu=211912J cpu=37139J (1201W)
rank 0 | iter 5 | objfunc_time: 249.197802 | solver_time: 239.702175 | construction_time: 6.947634 | energy: node=261621J gpu=179873J cpu=41443J (1049W)
rank 3 | iter 5 | objfunc_time: 249.369125 | solver_time: 239.234685 | construction_time: 7.101854 | energy: node=301053J gpu=220848J cpu=44347J (1207W)
rank 1 | iter 6 | objfunc_time: 250.077932 | solver_time: 239.908308 | construction_time: 7.082954 | energy: node=312760J gpu=216347J cpu=46052J (1251W)
rank 7 | iter 6 | objfunc_time: 249.938541 | solver_time: 235.650756 | construction_time: 6.635797 | energy: node=293435J gpu=216664J cpu=43667J (1173W)
rank 3 | iter 6 | objfunc_time: 250.106118 | solver_time: 240.011811 | construction_time: 7.080002 | energy: node=302222J gpu=221113J cpu=44789J (1208W)
rank 5 | iter 6 | objfunc_time: 250.077086 | solver_time: 235.991174 | construction_time: 6.517900 | energy: node=297358J gpu=215224J cpu=39406J (1189W)
rank 6 | iter 6 | objfunc_time: 250.077349 | solver_time: 235.941557 | construction_time: 6.563766 | energy: node=300977J gpu=213063J cpu=37511J (1203W)
rank 4 | iter 6 | objfunc_time: 250.077842 | solver_time: 236.405866 | construction_time: 6.444671 | energy: node=254070J gpu=185387J cpu=37129J (1016W)
rank 0 | iter 6 | objfunc_time: 249.934979 | solver_time: 240.427417 | construction_time: 6.967647 | energy: node=262768J gpu=180541J cpu=41800J (1051W)
rank 2 | iter 6 | objfunc_time: 250.081464 | solver_time: 239.911516 | construction_time: 7.164617 | energy: node=307885J gpu=215320J cpu=40801J (1231W)
rank 2 | iter 7 | objfunc_time: 249.112717 | solver_time: 239.103510 | construction_time: 7.054043 | energy: node=306636J gpu=213927J cpu=40383J (1231W)
rank 7 | iter 7 | objfunc_time: 249.084422 | solver_time: 235.387848 | construction_time: 6.687429 | energy: node=292740J gpu=216103J cpu=43469J (1175W)
rank 3 | iter 7 | objfunc_time: 249.084020 | solver_time: 238.931613 | construction_time: 7.145116 | energy: node=297816J gpu=217879J cpu=43972J (1196W)
rank 4 | iter 7 | objfunc_time: 249.084552 | solver_time: 236.089711 | construction_time: 6.433498 | energy: node=253020J gpu=184972J cpu=36809J (1016W)
rank 0 | iter 7 | objfunc_time: 248.942909 | solver_time: 239.443548 | construction_time: 6.940779 | energy: node=261828J gpu=180325J cpu=41601J (1051W)
rank 6 | iter 7 | objfunc_time: 249.084434 | solver_time: 235.628124 | construction_time: 6.572028 | energy: node=295916J gpu=210749J cpu=36552J (1188W)
rank 5 | iter 7 | objfunc_time: 249.084648 | solver_time: 235.666677 | construction_time: 6.529510 | energy: node=296551J gpu=213738J cpu=39241J (1190W)
rank 1 | iter 7 | objfunc_time: 249.084610 | solver_time: 238.951397 | construction_time: 7.072488 | energy: node=311794J gpu=214930J cpu=45931J (1252W)
rank 7 | iter 8 | objfunc_time: 249.409062 | solver_time: 235.951544 | construction_time: 6.624094 | energy: node=292689J gpu=214718J cpu=43340J (1173W)
rank 4 | iter 8 | objfunc_time: 249.407495 | solver_time: 236.520498 | construction_time: 6.468708 | energy: node=252957J gpu=183554J cpu=36789J (1014W)
rank 5 | iter 8 | objfunc_time: 249.260911 | solver_time: 235.989146 | construction_time: 6.524838 | energy: node=295891J gpu=215450J cpu=39092J (1186W)
rank 6 | iter 8 | objfunc_time: 249.406841 | solver_time: 236.079431 | construction_time: 6.567823 | energy: node=304054J gpu=215427J cpu=37906J (1219W)
rank 0 | iter 8 | objfunc_time: 249.406707 | solver_time: 239.964617 | construction_time: 6.910347 | energy: node=261619J gpu=180207J cpu=41265J (1049W)
rank 2 | iter 8 | objfunc_time: 249.411061 | solver_time: 239.432672 | construction_time: 7.008692 | energy: node=306562J gpu=214427J cpu=40290J (1229W)
rank 3 | iter 8 | objfunc_time: 249.407861 | solver_time: 239.383944 | construction_time: 7.025146 | energy: node=304976J gpu=223277J cpu=45071J (1223W)
rank 1 | iter 8 | objfunc_time: 249.436060 | solver_time: 239.262191 | construction_time: 7.125548 | energy: node=312192J gpu=216685J cpu=45861J (1252W)
rank 1 | iter 9 | objfunc_time: 249.154360 | solver_time: 239.011855 | construction_time: 7.091284 | energy: node=310858J gpu=213988J cpu=45488J (1248W)
rank 0 | iter 9 | objfunc_time: 249.124934 | solver_time: 239.661000 | construction_time: 6.933563 | energy: node=260800J gpu=180234J cpu=41001J (1047W)
rank 3 | iter 9 | objfunc_time: 249.126430 | solver_time: 239.093136 | construction_time: 7.023010 | energy: node=300130J gpu=220063J cpu=44234J (1205W)
rank 2 | iter 9 | objfunc_time: 249.123804 | solver_time: 239.187882 | construction_time: 6.972587 | energy: node=306370J gpu=214221J cpu=40317J (1230W)
rank 7 | iter 9 | objfunc_time: 249.126265 | solver_time: 232.918784 | construction_time: 6.598111 | energy: node=291839J gpu=216172J cpu=42998J (1171W)
rank 5 | iter 9 | objfunc_time: 249.125574 | solver_time: 232.991579 | construction_time: 6.539838 | energy: node=295349J gpu=213364J cpu=39250J (1185W)
rank 4 | iter 9 | objfunc_time: 249.125419 | solver_time: 233.443093 | construction_time: 6.463231 | energy: node=252725J gpu=182532J cpu=36863J (1014W)
rank 6 | iter 9 | objfunc_time: 249.125701 | solver_time: 232.984786 | construction_time: 6.536183 | energy: node=299552J gpu=213510J cpu=36993J (1202W)
rank 1 | iter 10 | objfunc_time: 249.179528 | solver_time: 239.132512 | construction_time: 7.012473 | energy: node=311577J gpu=216245J cpu=45631J (1250W)
rank 7 | iter 10 | objfunc_time: 249.179569 | solver_time: 235.576744 | construction_time: 6.695830 | energy: node=291930J gpu=215909J cpu=43020J (1172W)
rank 4 | iter 10 | objfunc_time: 249.179576 | solver_time: 236.223662 | construction_time: 6.463870 | energy: node=252308J gpu=183287J cpu=36839J (1013W)
rank 3 | iter 10 | objfunc_time: 249.179555 | solver_time: 238.996351 | construction_time: 7.176060 | energy: node=300647J gpu=220392J cpu=44305J (1207W)
rank 2 | iter 10 | objfunc_time: 249.179578 | solver_time: 239.227496 | construction_time: 7.001479 | energy: node=306146J gpu=213439J cpu=39994J (1229W)
rank 5 | iter 10 | objfunc_time: 249.179548 | solver_time: 235.802793 | construction_time: 6.526889 | energy: node=295339J gpu=213253J cpu=38985J (1185W)
rank 6 | iter 10 | objfunc_time: 249.179559 | solver_time: 235.763169 | construction_time: 6.571640 | energy: node=299048J gpu=212794J cpu=37047J (1200W)
rank 0 | iter 10 | objfunc_time: 249.179552 | solver_time: 239.680036 | construction_time: 6.945788 | energy: node=261243J gpu=177502J cpu=41032J (1048W)
rank 7 | iter 11 | objfunc_time: 248.647388 | solver_time: 234.989744 | construction_time: 6.694919 | energy: node=291749J gpu=215885J cpu=43003J (1173W)
rank 1 | iter 11 | objfunc_time: 248.647981 | solver_time: 238.468681 | construction_time: 7.098041 | energy: node=310988J gpu=215366J cpu=45530J (1251W)
rank 2 | iter 11 | objfunc_time: 248.646764 | solver_time: 238.427850 | construction_time: 7.162819 | energy: node=305688J gpu=214227J cpu=39897J (1229W)
rank 4 | iter 11 | objfunc_time: 248.646462 | solver_time: 235.654684 | construction_time: 6.452775 | energy: node=252242J gpu=183216J cpu=36737J (1014W)
rank 6 | iter 11 | objfunc_time: 248.646463 | solver_time: 235.112999 | construction_time: 6.641355 | energy: node=298556J gpu=213511J cpu=36829J (1201W)
rank 3 | iter 11 | objfunc_time: 248.646557 | solver_time: 238.522244 | construction_time: 7.101483 | energy: node=300000J gpu=219901J cpu=44118J (1206W)
rank 5 | iter 11 | objfunc_time: 248.645850 | solver_time: 235.176656 | construction_time: 6.583584 | energy: node=295550J gpu=215944J cpu=39040J (1188W)
rank 0 | iter 11 | objfunc_time: 248.675285 | solver_time: 239.173402 | construction_time: 6.937752 | energy: node=261186J gpu=183997J cpu=40987J (1050W)
  Mean: 249.8285s
  Std:  0.5718s
  Node energy/grad: 262041.9 J
  GPU energy/grad:  180276.1 J
  Other energy/grad: 40341.1 J

======================================================================
Benchmark completed
Results written to: /capstor/scratch/cscs/aboudaou/workspace/dalia/artifact/plotting/data/fig6_raw_results.csv
======================================================================
Job finished at Sat 14 Mar 2026 11:25:52 PM CET
