Parsed parameters:
  max_iter: 250
  solver_min_p: 1
  profile: False
  precision: float64
  benchmark_mode: True
  n_benchmark_runs: 10
  benchmark_method: finite_diff
  output_csv: /capstor/scratch/cscs/aboudaou/workspace/dalia/artifact/plotting/data/fig6_raw_results.csv
Rank: 11 won't party tonight at 'feval' level because you need a multiple of 9 processes in the calling comm_group
Parsed parameters:
  max_iter: 250
  solver_min_p: 1
  profile: False
  precision: float64
  benchmark_mode: True
  n_benchmark_runs: 10
  benchmark_method: finite_diff
  output_csv: /capstor/scratch/cscs/aboudaou/workspace/dalia/artifact/plotting/data/fig6_raw_results.csv
Rank: 14 won't party tonight at 'feval' level because you need a multiple of 9 processes in the calling comm_group
Parsed parameters:
  max_iter: 250
  solver_min_p: 1
  profile: False
  precision: float64
  benchmark_mode: True
  n_benchmark_runs: 10
  benchmark_method: finite_diff
  output_csv: /capstor/scratch/cscs/aboudaou/workspace/dalia/artifact/plotting/data/fig6_raw_results.csv
Rank: 9 won't party tonight at 'feval' level because you need a multiple of 9 processes in the calling comm_group
Parsed parameters:
  max_iter: 250
  solver_min_p: 1
  profile: False
  precision: float64
  benchmark_mode: True
  n_benchmark_runs: 10
  benchmark_method: finite_diff
  output_csv: /capstor/scratch/cscs/aboudaou/workspace/dalia/artifact/plotting/data/fig6_raw_results.csv
Rank: 15 won't party tonight at 'feval' level because you need a multiple of 9 processes in the calling comm_group
Parsed parameters:
  max_iter: 250
  solver_min_p: 1
  profile: False
  precision: float64
  benchmark_mode: True
  n_benchmark_runs: 10
  benchmark_method: finite_diff
  output_csv: /capstor/scratch/cscs/aboudaou/workspace/dalia/artifact/plotting/data/fig6_raw_results.csv
Rank: 10 won't party tonight at 'feval' level because you need a multiple of 9 processes in the calling comm_group
Parsed parameters:
  max_iter: 250
  solver_min_p: 1
  profile: False
  precision: float64
  benchmark_mode: True
  n_benchmark_runs: 10
  benchmark_method: finite_diff
  output_csv: /capstor/scratch/cscs/aboudaou/workspace/dalia/artifact/plotting/data/fig6_raw_results.csv
Rank: 13 won't party tonight at 'feval' level because you need a multiple of 9 processes in the calling comm_group
Parsed parameters:
  max_iter: 250
  solver_min_p: 1
  profile: False
  precision: float64
  benchmark_mode: True
  n_benchmark_runs: 10
  benchmark_method: finite_diff
  output_csv: /capstor/scratch/cscs/aboudaou/workspace/dalia/artifact/plotting/data/fig6_raw_results.csv
Rank: 12 won't party tonight at 'feval' level because you need a multiple of 9 processes in the calling comm_group
Parsed parameters:
  max_iter: 250
  solver_min_p: 1
  profile: False
  precision: float64
  benchmark_mode: True
  n_benchmark_runs: 10
  benchmark_method: finite_diff
  output_csv: /capstor/scratch/cscs/aboudaou/workspace/dalia/artifact/plotting/data/fig6_raw_results.csv
--- gst_small: Gaussian Spatio-Temporal Model ---

___________________________________ 
___  __ \__    |__  /____  _/__    |
__  / / /_  /| |_  /  __  / __  /| |
_  /_/ /_  ___ |  /____/ /  _  ___ |
/_____/ /_/  |_/_____/___/  /_/  |_|

╔════════════════════════════════════════════════════════╗
║               Parallelization strategies               ║
║ ╒═══════════════════════════════════════════╤════════╕ ║
║ │ Participating Processes / Total Processes │ 9 / 16 │ ║
║ ├───────────────────────────────────────────┼────────┤ ║
║ │ Parallelization through F()               │   9    │ ║
║ ├───────────────────────────────────────────┼────────┤ ║
║ │ Parallelization through Q()               │   1    │ ║
║ ├───────────────────────────────────────────┼────────┤ ║
║ │ Parallelization through S()               │   1    │ ║
║ ╘═══════════════════════════════════════════╧════════╛ ║
╚════════════════════════════════════════════════════════╝
╔═══════════════════════════════╗
║  Enabled Performance modules  ║
║ ╒═══════════════════╤═══════╕ ║
║ │ Array module      │ cupy  │ ║
║ ├───────────────────┼───────┤ ║
║ │ MPI available     │ True  │ ║
║ ├───────────────────┼───────┤ ║
║ │ Is MPI CUDA aware │ False │ ║
║ ├───────────────────┼───────┤ ║
║ │ Is NCCL available │ False │ ║
║ ╘═══════════════════╧═══════╛ ║
╚═══════════════════════════════╝
╔════════════════════════════════════════╗
║             Memory Report              ║
║ ╒════════════════════════╤═══════════╕ ║
║ │ Solver memory          │ 616.97 KB │ ║
║ ├────────────────────────┼───────────┤ ║
║ │ Total memory used      │  3.81 MB  │ ║
║ ├────────────────────────┼───────────┤ ║
║ │ Total memory available │  3.83 MB  │ ║
║ ╘════════════════════════╧═══════════╛ ║
╚════════════════════════════════════════╝
DALIA initialized.

======================================================================
GRADIENT BENCHMARK: gst_small
======================================================================
Nodes: 16, Tasks: 16
Hyperparameters: 4
Benchmark runs: 10
Energy monitor: enabled (Cray PM counters)

Timing finite difference gradient...
Allocated an extra 0.00 GB for BTA_mapping caching (total: 0.00)
Allocated an extra 0.00 GB for BT_mapping caching (total: 0.00)
rank 0 | iter 1 | objfunc_time: 0.042444 | solver_time: 0.005840 | construction_time: 0.024322
Parsed parameters:
  max_iter: 250
  solver_min_p: 1
  profile: False
  precision: float64
  benchmark_mode: True
  n_benchmark_runs: 10
  benchmark_method: finite_diff
  output_csv: /capstor/scratch/cscs/aboudaou/workspace/dalia/artifact/plotting/data/fig6_raw_results.csv
rank 8 | iter 1 | objfunc_time: 0.042442 | solver_time: 0.005579 | construction_time: 0.022004
Parsed parameters:
  max_iter: 250
  solver_min_p: 1
  profile: False
  precision: float64
  benchmark_mode: True
  n_benchmark_runs: 10
  benchmark_method: finite_diff
  output_csv: /capstor/scratch/cscs/aboudaou/workspace/dalia/artifact/plotting/data/fig6_raw_results.csv
rank 5 | iter 1 | objfunc_time: 0.042444 | solver_time: 0.006133 | construction_time: 0.024911
Parsed parameters:
  max_iter: 250
  solver_min_p: 1
  profile: False
  precision: float64
  benchmark_mode: True
  n_benchmark_runs: 10
  benchmark_method: finite_diff
  output_csv: /capstor/scratch/cscs/aboudaou/workspace/dalia/artifact/plotting/data/fig6_raw_results.csv
rank 3 | iter 1 | objfunc_time: 0.042446 | solver_time: 0.006002 | construction_time: 0.023930
Parsed parameters:
  max_iter: 250
  solver_min_p: 1
  profile: False
  precision: float64
  benchmark_mode: True
  n_benchmark_runs: 10
  benchmark_method: finite_diff
  output_csv: /capstor/scratch/cscs/aboudaou/workspace/dalia/artifact/plotting/data/fig6_raw_results.csv
rank 6 | iter 1 | objfunc_time: 0.042447 | solver_time: 0.005748 | construction_time: 0.022844
Parsed parameters:
  max_iter: 250
  solver_min_p: 1
  profile: False
  precision: float64
  benchmark_mode: True
  n_benchmark_runs: 10
  benchmark_method: finite_diff
  output_csv: /capstor/scratch/cscs/aboudaou/workspace/dalia/artifact/plotting/data/fig6_raw_results.csv
rank 2 | iter 1 | objfunc_time: 0.042448 | solver_time: 0.006131 | construction_time: 0.023318
Parsed parameters:
  max_iter: 250
  solver_min_p: 1
  profile: False
  precision: float64
  benchmark_mode: True
  n_benchmark_runs: 10
  benchmark_method: finite_diff
  output_csv: /capstor/scratch/cscs/aboudaou/workspace/dalia/artifact/plotting/data/fig6_raw_results.csv
rank 1 | iter 1 | objfunc_time: 0.042444 | solver_time: 0.006546 | construction_time: 0.026881
Parsed parameters:
  max_iter: 250
  solver_min_p: 1
  profile: False
  precision: float64
  benchmark_mode: True
  n_benchmark_runs: 10
  benchmark_method: finite_diff
  output_csv: /capstor/scratch/cscs/aboudaou/workspace/dalia/artifact/plotting/data/fig6_raw_results.csv
rank 7 | iter 1 | objfunc_time: 0.042446 | solver_time: 0.005397 | construction_time: 0.020888
Parsed parameters:
  max_iter: 250
  solver_min_p: 1
  profile: False
  precision: float64
  benchmark_mode: True
  n_benchmark_runs: 10
  benchmark_method: finite_diff
  output_csv: /capstor/scratch/cscs/aboudaou/workspace/dalia/artifact/plotting/data/fig6_raw_results.csv
rank 4 | iter 1 | objfunc_time: 0.042446 | solver_time: 0.006564 | construction_time: 0.024579
rank 0 | iter 2 | objfunc_time: 0.046035 | solver_time: 0.005544 | construction_time: 0.022799
rank 8 | iter 2 | objfunc_time: 0.046034 | solver_time: 0.005477 | construction_time: 0.021319
rank 3 | iter 2 | objfunc_time: 0.046033 | solver_time: 0.007245 | construction_time: 0.029839
rank 2 | iter 2 | objfunc_time: 0.046034 | solver_time: 0.006062 | construction_time: 0.022778
rank 6 | iter 2 | objfunc_time: 0.046033 | solver_time: 0.005250 | construction_time: 0.020463
rank 5 | iter 2 | objfunc_time: 0.046033 | solver_time: 0.005829 | construction_time: 0.023178
rank 1 | iter 2 | objfunc_time: 0.046036 | solver_time: 0.006352 | construction_time: 0.026477
rank 7 | iter 2 | objfunc_time: 0.046033 | solver_time: 0.005371 | construction_time: 0.020594
rank 4 | iter 2 | objfunc_time: 0.046033 | solver_time: 0.006041 | construction_time: 0.023496
rank 0 | iter 3 | objfunc_time: 0.041485 | solver_time: 0.005462 | construction_time: 0.022355
rank 7 | iter 3 | objfunc_time: 0.041480 | solver_time: 0.005307 | construction_time: 0.020251
rank 8 | iter 3 | objfunc_time: 0.041486 | solver_time: 0.005354 | construction_time: 0.020972
rank 3 | iter 3 | objfunc_time: 0.041481 | solver_time: 0.006422 | construction_time: 0.025602
rank 2 | iter 3 | objfunc_time: 0.041479 | solver_time: 0.005885 | construction_time: 0.022421
rank 6 | iter 3 | objfunc_time: 0.041480 | solver_time: 0.005288 | construction_time: 0.020620
rank 5 | iter 3 | objfunc_time: 0.041481 | solver_time: 0.005799 | construction_time: 0.022589
rank 1 | iter 3 | objfunc_time: 0.041485 | solver_time: 0.006499 | construction_time: 0.026185
rank 4 | iter 3 | objfunc_time: 0.041479 | solver_time: 0.006053 | construction_time: 0.022753
rank 0 | iter 4 | objfunc_time: 0.041473 | solver_time: 0.005521 | construction_time: 0.022259
rank 7 | iter 4 | objfunc_time: 0.041470 | solver_time: 0.005310 | construction_time: 0.020245
rank 8 | iter 4 | objfunc_time: 0.041473 | solver_time: 0.005360 | construction_time: 0.020667
rank 3 | iter 4 | objfunc_time: 0.041472 | solver_time: 0.006083 | construction_time: 0.023672
rank 2 | iter 4 | objfunc_time: 0.041469 | solver_time: 0.005987 | construction_time: 0.022362
rank 6 | iter 4 | objfunc_time: 0.041471 | solver_time: 0.005334 | construction_time: 0.020590
rank 5 | iter 4 | objfunc_time: 0.041472 | solver_time: 0.005580 | construction_time: 0.023102
rank 1 | iter 4 | objfunc_time: 0.041473 | solver_time: 0.006471 | construction_time: 0.026249
rank 4 | iter 4 | objfunc_time: 0.041471 | solver_time: 0.005887 | construction_time: 0.022305
rank 0 | iter 5 | objfunc_time: 0.040981 | solver_time: 0.005427 | construction_time: 0.022151
rank 7 | iter 5 | objfunc_time: 0.040981 | solver_time: 0.005258 | construction_time: 0.020105
rank 8 | iter 5 | objfunc_time: 0.040979 | solver_time: 0.005323 | construction_time: 0.020794
rank 6 | iter 5 | objfunc_time: 0.040982 | solver_time: 0.005386 | construction_time: 0.020890
rank 2 | iter 5 | objfunc_time: 0.040980 | solver_time: 0.005883 | construction_time: 0.022628
rank 4 | iter 5 | objfunc_time: 0.040982 | solver_time: 0.005905 | construction_time: 0.022077
rank 3 | iter 5 | objfunc_time: 0.040978 | solver_time: 0.005753 | construction_time: 0.023136
rank 5 | iter 5 | objfunc_time: 0.040977 | solver_time: 0.005499 | construction_time: 0.022073
rank 1 | iter 5 | objfunc_time: 0.040980 | solver_time: 0.006300 | construction_time: 0.025982
rank 0 | iter 6 | objfunc_time: 0.041103 | solver_time: 0.005439 | construction_time: 0.022056
rank 8 | iter 6 | objfunc_time: 0.041099 | solver_time: 0.005258 | construction_time: 0.020643
rank 7 | iter 6 | objfunc_time: 0.041099 | solver_time: 0.005337 | construction_time: 0.020246
rank 3 | iter 6 | objfunc_time: 0.041099 | solver_time: 0.005638 | construction_time: 0.022358
rank 6 | iter 6 | objfunc_time: 0.041103 | solver_time: 0.005227 | construction_time: 0.020641
rank 5 | iter 6 | objfunc_time: 0.041101 | solver_time: 0.005432 | construction_time: 0.021744
rank 2 | iter 6 | objfunc_time: 0.041100 | solver_time: 0.005882 | construction_time: 0.022248
rank 1 | iter 6 | objfunc_time: 0.041103 | solver_time: 0.006296 | construction_time: 0.026141
rank 4 | iter 6 | objfunc_time: 0.041101 | solver_time: 0.005727 | construction_time: 0.021966
rank 0 | iter 7 | objfunc_time: 0.040760 | solver_time: 0.005524 | construction_time: 0.022069
rank 7 | iter 7 | objfunc_time: 0.040755 | solver_time: 0.005254 | construction_time: 0.020329
rank 8 | iter 7 | objfunc_time: 0.040759 | solver_time: 0.005211 | construction_time: 0.020725
rank 5 | iter 7 | objfunc_time: 0.040759 | solver_time: 0.005508 | construction_time: 0.021947
rank 3 | iter 7 | objfunc_time: 0.040757 | solver_time: 0.005572 | construction_time: 0.022321
rank 6 | iter 7 | objfunc_time: 0.040755 | solver_time: 0.005312 | construction_time: 0.020887
rank 2 | iter 7 | objfunc_time: 0.040758 | solver_time: 0.005894 | construction_time: 0.022200
rank 1 | iter 7 | objfunc_time: 0.040759 | solver_time: 0.006401 | construction_time: 0.025644
rank 4 | iter 7 | objfunc_time: 0.040760 | solver_time: 0.005880 | construction_time: 0.022047
rank 0 | iter 8 | objfunc_time: 0.040755 | solver_time: 0.005324 | construction_time: 0.021861
rank 7 | iter 8 | objfunc_time: 0.040759 | solver_time: 0.005308 | construction_time: 0.020091
rank 8 | iter 8 | objfunc_time: 0.040757 | solver_time: 0.005269 | construction_time: 0.020619
rank 6 | iter 8 | objfunc_time: 0.040760 | solver_time: 0.005233 | construction_time: 0.020797
rank 5 | iter 8 | objfunc_time: 0.040758 | solver_time: 0.005534 | construction_time: 0.021702
rank 3 | iter 8 | objfunc_time: 0.040760 | solver_time: 0.005610 | construction_time: 0.021990
rank 2 | iter 8 | objfunc_time: 0.040757 | solver_time: 0.005836 | construction_time: 0.022138
rank 1 | iter 8 | objfunc_time: 0.040753 | solver_time: 0.006399 | construction_time: 0.025818
rank 4 | iter 8 | objfunc_time: 0.040759 | solver_time: 0.005712 | construction_time: 0.021758
rank 0 | iter 9 | objfunc_time: 0.040765 | solver_time: 0.005379 | construction_time: 0.021788
rank 7 | iter 9 | objfunc_time: 0.040764 | solver_time: 0.005113 | construction_time: 0.019980
rank 5 | iter 9 | objfunc_time: 0.040762 | solver_time: 0.005260 | construction_time: 0.021849
rank 3 | iter 9 | objfunc_time: 0.040763 | solver_time: 0.005602 | construction_time: 0.022094
rank 6 | iter 9 | objfunc_time: 0.040762 | solver_time: 0.005193 | construction_time: 0.020767
rank 2 | iter 9 | objfunc_time: 0.040763 | solver_time: 0.005826 | construction_time: 0.022088
rank 1 | iter 9 | objfunc_time: 0.040765 | solver_time: 0.006285 | construction_time: 0.026016
rank 4 | iter 9 | objfunc_time: 0.040763 | solver_time: 0.005707 | construction_time: 0.021653
rank 8 | iter 9 | objfunc_time: 0.040765 | solver_time: 0.005197 | construction_time: 0.020496
rank 0 | iter 10 | objfunc_time: 0.040872 | solver_time: 0.005383 | construction_time: 0.021680
rank 7 | iter 10 | objfunc_time: 0.040870 | solver_time: 0.005054 | construction_time: 0.019921
rank 8 | iter 10 | objfunc_time: 0.040868 | solver_time: 0.005194 | construction_time: 0.020693
rank 3 | iter 10 | objfunc_time: 0.040869 | solver_time: 0.005586 | construction_time: 0.022115
rank 6 | iter 10 | objfunc_time: 0.040870 | solver_time: 0.005208 | construction_time: 0.020766
rank 5 | iter 10 | objfunc_time: 0.040873 | solver_time: 0.005419 | construction_time: 0.021682
rank 2 | iter 10 | objfunc_time: 0.040874 | solver_time: 0.005729 | construction_time: 0.021940
rank 1 | iter 10 | objfunc_time: 0.040873 | solver_time: 0.006419 | construction_time: 0.025810
rank 4 | iter 10 | objfunc_time: 0.040877 | solver_time: 0.005745 | construction_time: 0.021737
rank 0 | iter 11 | objfunc_time: 0.041318 | solver_time: 0.005338 | construction_time: 0.021771
rank 7 | iter 11 | objfunc_time: 0.041316 | solver_time: 0.005187 | construction_time: 0.020107
rank 8 | iter 11 | objfunc_time: 0.041319 | solver_time: 0.005185 | construction_time: 0.020499
rank 6 | iter 11 | objfunc_time: 0.041313 | solver_time: 0.005318 | construction_time: 0.020513
rank 5 | iter 11 | objfunc_time: 0.041317 | solver_time: 0.005274 | construction_time: 0.021709
rank 2 | iter 11 | objfunc_time: 0.041313 | solver_time: 0.005745 | construction_time: 0.022014
rank 1 | iter 11 | objfunc_time: 0.041318 | solver_time: 0.006431 | construction_time: 0.026118
rank 4 | iter 11 | objfunc_time: 0.041317 | solver_time: 0.005602 | construction_time: 0.021659
rank 3 | iter 11 | objfunc_time: 0.041317 | solver_time: 0.005526 | construction_time: 0.022164
  Mean: 0.0557s
  Std:  0.0438s
  Node energy/grad: 31.1 J
  GPU energy/grad:  18.0 J
  Other energy/grad: 6.9 J

======================================================================
Benchmark completed
Results written to: /capstor/scratch/cscs/aboudaou/workspace/dalia/artifact/plotting/data/fig6_raw_results.csv
======================================================================
Job finished at Sun 15 Mar 2026 04:01:53 PM CET
