Parsed parameters:
  max_iter: 250
  solver_min_p: 1
  profile: False
  precision: float64
  benchmark_mode: True
  n_benchmark_runs: 10
  benchmark_method: both
  output_csv: None
Array module: cupy, Backend flags: {'array_module': 'cupy', 'cupy_avail': True, 'mpi_avail': True, 'mpi_cuda_aware': False, 'nccl_avail': False}
JAX devices: [CudaDevice(id=0)]
--- fig5: WA1 Temporal Scaling ---
--- WA1: Trivariate Coregional (ns=1247, nt=32, N=119,715) ---

                           Coregional Model (3 variates)                            
╒═══════════════════════════╤═════════════════════════════╤════════════════════════╕
│ Number of Hyperparameters │ Number of Latent Parameters │ Number of Observations │
├───────────────────────────┼─────────────────────────────┼────────────────────────┤
│            15             │           119715            │         239424         │
╘═══════════════════════════╧═════════════════════════════╧════════════════════════╛
╔═════════════════════════════════════════════════════════════════════════════════════════════════════════════════════════════════════════════════════════════════════════════════════════════════════════════════════════════════════════════════════════════════════════════════════════════════════════════════════════════════════════════╗
║                                                                                                                                                                    Models                                                                                                                                                                   ║
║ ╔═══════════════════════════════════════════════════════════════════════════════════════════════════════════╗  ╔═══════════════════════════════════════════════════════════════════════════════════════════════════════════╗  ╔═══════════════════════════════════════════════════════════════════════════════════════════════════════════╗ ║
║ ║                                               Default Model                                               ║  ║                                               Default Model                                               ║  ║                                               Default Model                                               ║ ║
║ ║ ╒═══════════════════════════╤═════════════════════════════╤════════════════════════╤════════════════════╕ ║  ║ ╒═══════════════════════════╤═════════════════════════════╤════════════════════════╤════════════════════╕ ║  ║ ╒═══════════════════════════╤═════════════════════════════╤════════════════════════╤════════════════════╕ ║ ║
║ ║ │ Number of Hyperparameters │ Number of Latent Parameters │ Number of Observations │ Type of Likelihood │ ║  ║ │ Number of Hyperparameters │ Number of Latent Parameters │ Number of Observations │ Type of Likelihood │ ║  ║ │ Number of Hyperparameters │ Number of Latent Parameters │ Number of Observations │ Type of Likelihood │ ║ ║
║ ║ ├───────────────────────────┼─────────────────────────────┼────────────────────────┼────────────────────┤ ║  ║ ├───────────────────────────┼─────────────────────────────┼────────────────────────┼────────────────────┤ ║  ║ ├───────────────────────────┼─────────────────────────────┼────────────────────────┼────────────────────┤ ║ ║
║ ║ │             4             │            39905            │         79808          │      Gaussian      │ ║  ║ │             4             │            39905            │         79808          │      Gaussian      │ ║  ║ │             4             │            39905            │         79808          │      Gaussian      │ ║ ║
║ ║ ╘═══════════════════════════╧═════════════════════════════╧════════════════════════╧════════════════════╛ ║  ║ ╘═══════════════════════════╧═════════════════════════════╧════════════════════════╧════════════════════╛ ║  ║ ╘═══════════════════════════╧═════════════════════════════╧════════════════════════╧════════════════════╛ ║ ║
║ ║                                           Submodels                                                       ║  ║                                           Submodels                                                       ║  ║                                           Submodels                                                       ║ ║
║ ║                 Spatio Temporal                                    Regression                             ║  ║                 Spatio Temporal                                    Regression                             ║  ║                 Spatio Temporal                                    Regression                             ║ ║
║ ║ ╒══════════════════════════════════════╤═══════╕  ╒══════════════════════════════════╤═══════╕            ║  ║ ╒══════════════════════════════════════╤═══════╕  ╒══════════════════════════════════╤═══════╕            ║  ║ ╒══════════════════════════════════════╤═══════╕  ╒══════════════════════════════════╤═══════╕            ║ ║
║ ║ │ Number of Spatial Nodes              │ 1247  │  │ Number of Fixed Effects          │   1   │            ║  ║ │ Number of Spatial Nodes              │ 1247  │  │ Number of Fixed Effects          │   1   │            ║  ║ │ Number of Spatial Nodes              │ 1247  │  │ Number of Fixed Effects          │   1   │            ║ ║
║ ║ ├──────────────────────────────────────┼───────┤  ├──────────────────────────────────┼───────┤            ║  ║ ├──────────────────────────────────────┼───────┤  ├──────────────────────────────────┼───────┤            ║  ║ ├──────────────────────────────────────┼───────┤  ├──────────────────────────────────┼───────┤            ║ ║
║ ║ │ Number of Temporal Nodes             │  32   │  │ Prior Precision of Fixed Effects │ 0.001 │            ║  ║ │ Number of Temporal Nodes             │  32   │  │ Prior Precision of Fixed Effects │ 0.001 │            ║  ║ │ Number of Temporal Nodes             │  32   │  │ Prior Precision of Fixed Effects │ 0.001 │            ║ ║
║ ║ ├──────────────────────────────────────┼───────┤  ╘══════════════════════════════════╧═══════╛            ║  ║ ├──────────────────────────────────────┼───────┤  ╘══════════════════════════════════╧═══════╛            ║  ║ ├──────────────────────────────────────┼───────┤  ╘══════════════════════════════════╧═══════╛            ║ ║
║ ║ │ Manifold                             │ Plane │                                                          ║  ║ │ Manifold                             │ Plane │                                                          ║  ║ │ Manifold                             │ Plane │                                                          ║ ║
║ ║ ├──────────────────────────────────────┼───────┤                                                          ║  ║ ├──────────────────────────────────────┼───────┤                                                          ║  ║ ├──────────────────────────────────────┼───────┤                                                          ║ ║
║ ║ │ Spatial Range (r_s)                  │ 0.969 │                                                          ║  ║ │ Spatial Range (r_s)                  │ 0.910 │                                                          ║  ║ │ Spatial Range (r_s)                  │ 1.113 │                                                          ║ ║
║ ║ ├──────────────────────────────────────┼───────┤                                                          ║  ║ ├──────────────────────────────────────┼───────┤                                                          ║  ║ ├──────────────────────────────────────┼───────┤                                                          ║ ║
║ ║ │ Temporal Range (r_t)                 │ 0.573 │                                                          ║  ║ │ Temporal Range (r_t)                 │ 0.251 │                                                          ║  ║ │ Temporal Range (r_t)                 │ 0.349 │                                                          ║ ║
║ ║ ├──────────────────────────────────────┼───────┤                                                          ║  ║ ├──────────────────────────────────────┼───────┤                                                          ║  ║ ├──────────────────────────────────────┼───────┤                                                          ║ ║
║ ║ │ Spatio-temporal Variation (sigma_st) │ 0.000 │                                                          ║  ║ │ Spatio-temporal Variation (sigma_st) │ 0.000 │                                                          ║  ║ │ Spatio-temporal Variation (sigma_st) │ 0.000 │                                                          ║ ║
║ ║ ╘══════════════════════════════════════╧═══════╛                                                          ║  ║ ╘══════════════════════════════════════╧═══════╛                                                          ║  ║ ╘══════════════════════════════════════╧═══════╛                                                          ║ ║
║ ╚═══════════════════════════════════════════════════════════════════════════════════════════════════════════╝  ╚═══════════════════════════════════════════════════════════════════════════════════════════════════════════╝  ╚═══════════════════════════════════════════════════════════════════════════════════════════════════════════╝ ║
╚═════════════════════════════════════════════════════════════════════════════════════════════════════════════════════════════════════════════════════════════════════════════════════════════════════════════════════════════════════════════════════════════════════════════════════════════════════════════════════════════════════════════╝

___________________________________ 
___  __ \__    |__  /____  _/__    |
__  / / /_  /| |_  /  __  / __  /| |
_  /_/ /_  ___ |  /____/ /  _  ___ |
/_____/ /_/  |_/_____/___/  /_/  |_|

╔═══════════════════════════════════════════════════════╗
║               Parallelization strategies              ║
║ ╒═══════════════════════════════════════════╤═══════╕ ║
║ │ Participating Processes / Total Processes │ 1 / 1 │ ║
║ ├───────────────────────────────────────────┼───────┤ ║
║ │ Parallelization through F()               │   1   │ ║
║ ├───────────────────────────────────────────┼───────┤ ║
║ │ Parallelization through Q()               │   1   │ ║
║ ├───────────────────────────────────────────┼───────┤ ║
║ │ Parallelization through S()               │   1   │ ║
║ ╘═══════════════════════════════════════════╧═══════╛ ║
╚═══════════════════════════════════════════════════════╝
╔═══════════════════════════════╗
║  Enabled Performance modules  ║
║ ╒═══════════════════╤═══════╕ ║
║ │ Array module      │ cupy  │ ║
║ ├───────────────────┼───────┤ ║
║ │ MPI available     │ True  │ ║
║ ├───────────────────┼───────┤ ║
║ │ Is MPI CUDA aware │ False │ ║
║ ├───────────────────┼───────┤ ║
║ │ Is NCCL available │ False │ ║
║ ╘═══════════════════╧═══════╛ ║
╚═══════════════════════════════╝
╔══════════════════════════════════════╗
║            Memory Report             ║
║ ╒════════════════════════╤═════════╕ ║
║ │ Solver memory          │ 6.57 GB │ ║
║ ├────────────────────────┼─────────┤ ║
║ │ Total memory used      │ 7.48 GB │ ║
║ ├────────────────────────┼─────────┤ ║
║ │ Total memory available │ 7.51 GB │ ║
║ ╘════════════════════════╧═════════╛ ║
╚══════════════════════════════════════╝
DALIA initialized.

======================================================================
GRADIENT BENCHMARK: WA1-nt32
======================================================================
Nodes: 1, Tasks: 1
Hyperparameters: 15
Benchmark runs: 10

Timing finite difference gradient...
Allocated an extra 0.12 GB for BTA_mapping caching (total: 6.69)
Allocated an extra 0.12 GB for BT_mapping caching (total: 6.81)
rank 0 | iter 1 | objfunc_time: 22.426230 | solver_time: 19.156011 | construction_time: 2.749486
rank 0 | iter 2 | objfunc_time: 22.428121 | solver_time: 19.169845 | construction_time: 2.738986
rank 0 | iter 3 | objfunc_time: 22.422306 | solver_time: 19.172869 | construction_time: 2.730407
rank 0 | iter 4 | objfunc_time: 22.437429 | solver_time: 19.187987 | construction_time: 2.731353
rank 0 | iter 5 | objfunc_time: 22.442172 | solver_time: 19.196346 | construction_time: 2.726439
rank 0 | iter 6 | objfunc_time: 22.618250 | solver_time: 19.220152 | construction_time: 2.858121
rank 0 | iter 7 | objfunc_time: 22.833613 | solver_time: 19.225850 | construction_time: 3.045928
rank 0 | iter 8 | objfunc_time: 22.782519 | solver_time: 19.195406 | construction_time: 3.032084
rank 0 | iter 9 | objfunc_time: 22.801130 | solver_time: 19.202057 | construction_time: 3.038333
rank 0 | iter 10 | objfunc_time: 23.063305 | solver_time: 19.192534 | construction_time: 3.268768
rank 0 | iter 11 | objfunc_time: 22.902683 | solver_time: 19.191815 | construction_time: 3.132330
  Mean: 22.6732s
  Std:  0.2222s

======================================================================
Benchmark completed
======================================================================
Using JAX automatic differentiation with JIT compilation (CoregionalModel, 3 variates)
JIT compiling coregional objective + gradient...
JIT compilation done in 53.5s.

___________________________________ 
___  __ \__    |__  /____  _/__    |
__  / / /_  /| |_  /  __  / __  /| |
_  /_/ /_  ___ |  /____/ /  _  ___ |
/_____/ /_/  |_/_____/___/  /_/  |_|

╔═══════════════════════════════════════════════════════╗
║               Parallelization strategies              ║
║ ╒═══════════════════════════════════════════╤═══════╕ ║
║ │ Participating Processes / Total Processes │ 1 / 1 │ ║
║ ├───────────────────────────────────────────┼───────┤ ║
║ │ Parallelization through F()               │   1   │ ║
║ ├───────────────────────────────────────────┼───────┤ ║
║ │ Parallelization through Q()               │   1   │ ║
║ ├───────────────────────────────────────────┼───────┤ ║
║ │ Parallelization through S()               │   1   │ ║
║ ╘═══════════════════════════════════════════╧═══════╛ ║
╚═══════════════════════════════════════════════════════╝
╔═══════════════════════════════╗
║  Enabled Performance modules  ║
║ ╒═══════════════════╤═══════╕ ║
║ │ Array module      │ cupy  │ ║
║ ├───────────────────┼───────┤ ║
║ │ MPI available     │ True  │ ║
║ ├───────────────────┼───────┤ ║
║ │ Is MPI CUDA aware │ False │ ║
║ ├───────────────────┼───────┤ ║
║ │ Is NCCL available │ False │ ║
║ ╘═══════════════════╧═══════╛ ║
╚═══════════════════════════════╝
╔════════════════════════════════════════╗
║             Memory Report              ║
║ ╒════════════════════════╤═══════════╕ ║
║ │ Solver memory          │  0.00 B   │ ║
║ ├────────────────────────┼───────────┤ ║
║ │ Total memory used      │ 933.41 MB │ ║
║ ├────────────────────────┼───────────┤ ║
║ │ Total memory available │ 969.92 MB │ ║
║ ╘════════════════════════╧═══════════╛ ║
╚════════════════════════════════════════╝
DALIA initialized.

======================================================================
GRADIENT BENCHMARK: WA1-nt32
======================================================================
Nodes: 1, Tasks: 1
Hyperparameters: 15
Benchmark runs: 10

Timing JAX autodiff gradient...
  Mean: 2.5395s
  Std:  0.0016s

======================================================================
Benchmark completed
======================================================================
Scaling result written to: /capstor/scratch/cscs/aboudaou/workspace/dalia/artifact/experiments/fig5_scaling_study/wa1_temporal/../results/scaling_results.csv
Job finished at Sun 15 Mar 2026 03:51:04 PM CET
