W0314 19:18:28.749931   40818 cuda_executor.cc:1802] GPU interconnect information not available: INTERNAL: NVML doesn't support extracting fabric info or NVLink is not used by the device.
W0314 19:18:28.754286   40820 cuda_executor.cc:1802] GPU interconnect information not available: INTERNAL: NVML doesn't support extracting fabric info or NVLink is not used by the device.
W0314 19:18:28.756282   40817 cuda_executor.cc:1802] GPU interconnect information not available: INTERNAL: NVML doesn't support extracting fabric info or NVLink is not used by the device.
W0314 19:18:28.761813   40819 cuda_executor.cc:1802] GPU interconnect information not available: INTERNAL: NVML doesn't support extracting fabric info or NVLink is not used by the device.
W0314 19:18:29.116845   40083 cuda_executor.cc:1802] GPU interconnect information not available: INTERNAL: NVML doesn't support extracting fabric info or NVLink is not used by the device.
W0314 19:18:29.148293   40083 cuda_executor.cc:1802] GPU interconnect information not available: INTERNAL: NVML doesn't support extracting fabric info or NVLink is not used by the device.
W0314 19:18:29.179216   40083 cuda_executor.cc:1802] GPU interconnect information not available: INTERNAL: NVML doesn't support extracting fabric info or NVLink is not used by the device.
W0314 19:18:29.211510   40083 cuda_executor.cc:1802] GPU interconnect information not available: INTERNAL: NVML doesn't support extracting fabric info or NVLink is not used by the device.
E0314 19:30:17.873866   41134 slow_operation_alarm.cc:73] Constant folding an instruction is taking > 1s:

  %scatter-add.4200 = f64[239427]{0} scatter(%broadcast.249, %constant.27753, %constant.32966), update_window_dims={1}, inserted_window_dims={}, scatter_dims_to_operand_dims={0}, index_vector_dim=1, to_apply=%region_1073.1108, metadata={op_name="jit(objective_pure_jax)/transpose(jvp())/scatter-add" source_file="/capstor/scratch/cscs/aboudaou/workspace/dalia/DALIA/src/dalia/core/autodiff/objectives_coregional.py" source_line=1046 source_end_line=1046 source_column=46 source_end_column=74}

This isn't necessarily a bug; constant-folding is inherently a trade-off between compilation time and speed at runtime. XLA has some guards that attempt to keep constant folding from taking too long, but fundamentally you'll always be able to come up with an input program that takes a long time.

If you'd like to file a bug, run with envvar XLA_FLAGS=--xla_dump_to=/tmp/foo and attach the results.
E0314 19:30:23.478200   40083 slow_operation_alarm.cc:140] The operation took 6.604405833s
Constant folding an instruction is taking > 1s:

  %scatter-add.4200 = f64[239427]{0} scatter(%broadcast.249, %constant.27753, %constant.32966), update_window_dims={1}, inserted_window_dims={}, scatter_dims_to_operand_dims={0}, index_vector_dim=1, to_apply=%region_1073.1108, metadata={op_name="jit(objective_pure_jax)/transpose(jvp())/scatter-add" source_file="/capstor/scratch/cscs/aboudaou/workspace/dalia/DALIA/src/dalia/core/autodiff/objectives_coregional.py" source_line=1046 source_end_line=1046 source_column=46 source_end_column=74}

This isn't necessarily a bug; constant-folding is inherently a trade-off between compilation time and speed at runtime. XLA has some guards that attempt to keep constant folding from taking too long, but fundamentally you'll always be able to come up with an input program that takes a long time.

If you'd like to file a bug, run with envvar XLA_FLAGS=--xla_dump_to=/tmp/foo and attach the results.
E0314 19:30:25.484827   41134 slow_operation_alarm.cc:73] Constant folding an instruction is taking > 2s:

  %scatter-add.4201 = f64[239427]{0} scatter(%broadcast.249, %constant.27753, %constant.32973), update_window_dims={1}, inserted_window_dims={}, scatter_dims_to_operand_dims={0}, index_vector_dim=1, to_apply=%region_1268.1303, metadata={op_name="jit(objective_pure_jax)/transpose(jvp())/scatter-add" source_file="/capstor/scratch/cscs/aboudaou/workspace/dalia/DALIA/src/dalia/core/autodiff/objectives_coregional.py" source_line=1046 source_end_line=1046 source_column=46 source_end_column=74}

This isn't necessarily a bug; constant-folding is inherently a trade-off between compilation time and speed at runtime. XLA has some guards that attempt to keep constant folding from taking too long, but fundamentally you'll always be able to come up with an input program that takes a long time.

If you'd like to file a bug, run with envvar XLA_FLAGS=--xla_dump_to=/tmp/foo and attach the results.
E0314 19:30:30.067418   40083 slow_operation_alarm.cc:140] The operation took 6.582673977s
Constant folding an instruction is taking > 2s:

  %scatter-add.4201 = f64[239427]{0} scatter(%broadcast.249, %constant.27753, %constant.32973), update_window_dims={1}, inserted_window_dims={}, scatter_dims_to_operand_dims={0}, index_vector_dim=1, to_apply=%region_1268.1303, metadata={op_name="jit(objective_pure_jax)/transpose(jvp())/scatter-add" source_file="/capstor/scratch/cscs/aboudaou/workspace/dalia/DALIA/src/dalia/core/autodiff/objectives_coregional.py" source_line=1046 source_end_line=1046 source_column=46 source_end_column=74}

This isn't necessarily a bug; constant-folding is inherently a trade-off between compilation time and speed at runtime. XLA has some guards that attempt to keep constant folding from taking too long, but fundamentally you'll always be able to come up with an input program that takes a long time.

If you'd like to file a bug, run with envvar XLA_FLAGS=--xla_dump_to=/tmp/foo and attach the results.
E0314 19:30:34.074091   41134 slow_operation_alarm.cc:73] Constant folding an instruction is taking > 4s:

  %scatter-add.4202 = f64[239427]{0} scatter(%broadcast.249, %constant.27753, %constant.32978), update_window_dims={1}, inserted_window_dims={}, scatter_dims_to_operand_dims={0}, index_vector_dim=1, to_apply=%region_1463.1498, metadata={op_name="jit(objective_pure_jax)/transpose(jvp())/scatter-add" source_file="/capstor/scratch/cscs/aboudaou/workspace/dalia/DALIA/src/dalia/core/autodiff/objectives_coregional.py" source_line=1046 source_end_line=1046 source_column=46 source_end_column=74}

This isn't necessarily a bug; constant-folding is inherently a trade-off between compilation time and speed at runtime. XLA has some guards that attempt to keep constant folding from taking too long, but fundamentally you'll always be able to come up with an input program that takes a long time.

If you'd like to file a bug, run with envvar XLA_FLAGS=--xla_dump_to=/tmp/foo and attach the results.
E0314 19:30:36.657604   40083 slow_operation_alarm.cc:140] The operation took 6.583586797s
Constant folding an instruction is taking > 4s:

  %scatter-add.4202 = f64[239427]{0} scatter(%broadcast.249, %constant.27753, %constant.32978), update_window_dims={1}, inserted_window_dims={}, scatter_dims_to_operand_dims={0}, index_vector_dim=1, to_apply=%region_1463.1498, metadata={op_name="jit(objective_pure_jax)/transpose(jvp())/scatter-add" source_file="/capstor/scratch/cscs/aboudaou/workspace/dalia/DALIA/src/dalia/core/autodiff/objectives_coregional.py" source_line=1046 source_end_line=1046 source_column=46 source_end_column=74}

This isn't necessarily a bug; constant-folding is inherently a trade-off between compilation time and speed at runtime. XLA has some guards that attempt to keep constant folding from taking too long, but fundamentally you'll always be able to come up with an input program that takes a long time.

If you'd like to file a bug, run with envvar XLA_FLAGS=--xla_dump_to=/tmp/foo and attach the results.
