W0315 15:44:05.905796  228539 cuda_executor.cc:1802] GPU interconnect information not available: INTERNAL: NVML doesn't support extracting fabric info or NVLink is not used by the device.
W0315 15:44:05.940429  227778 cuda_executor.cc:1802] GPU interconnect information not available: INTERNAL: NVML doesn't support extracting fabric info or NVLink is not used by the device.
E0315 15:49:07.341002  228847 slow_operation_alarm.cc:73] Constant folding an instruction is taking > 1s:

  %scatter-add.4200 = f64[119715]{0} scatter(%broadcast.257, %constant.26981, %constant.31906), update_window_dims={1}, inserted_window_dims={}, scatter_dims_to_operand_dims={0}, index_vector_dim=1, to_apply=%region_977.1012, metadata={op_name="jit(objective_pure_jax)/transpose(jvp())/scatter-add" source_file="/capstor/scratch/cscs/aboudaou/workspace/dalia/DALIA/src/dalia/core/autodiff/objectives_coregional.py" source_line=1046 source_end_line=1046 source_column=46 source_end_column=74}

This isn't necessarily a bug; constant-folding is inherently a trade-off between compilation time and speed at runtime. XLA has some guards that attempt to keep constant folding from taking too long, but fundamentally you'll always be able to come up with an input program that takes a long time.

If you'd like to file a bug, run with envvar XLA_FLAGS=--xla_dump_to=/tmp/foo and attach the results.
E0315 15:49:09.510648  227778 slow_operation_alarm.cc:140] The operation took 3.16976531s
Constant folding an instruction is taking > 1s:

  %scatter-add.4200 = f64[119715]{0} scatter(%broadcast.257, %constant.26981, %constant.31906), update_window_dims={1}, inserted_window_dims={}, scatter_dims_to_operand_dims={0}, index_vector_dim=1, to_apply=%region_977.1012, metadata={op_name="jit(objective_pure_jax)/transpose(jvp())/scatter-add" source_file="/capstor/scratch/cscs/aboudaou/workspace/dalia/DALIA/src/dalia/core/autodiff/objectives_coregional.py" source_line=1046 source_end_line=1046 source_column=46 source_end_column=74}

This isn't necessarily a bug; constant-folding is inherently a trade-off between compilation time and speed at runtime. XLA has some guards that attempt to keep constant folding from taking too long, but fundamentally you'll always be able to come up with an input program that takes a long time.

If you'd like to file a bug, run with envvar XLA_FLAGS=--xla_dump_to=/tmp/foo and attach the results.
E0315 15:49:11.514785  228847 slow_operation_alarm.cc:73] Constant folding an instruction is taking > 2s:

  %scatter-add.4201 = f64[119715]{0} scatter(%broadcast.257, %constant.26981, %constant.31913), update_window_dims={1}, inserted_window_dims={}, scatter_dims_to_operand_dims={0}, index_vector_dim=1, to_apply=%region_1076.1111, metadata={op_name="jit(objective_pure_jax)/transpose(jvp())/scatter-add" source_file="/capstor/scratch/cscs/aboudaou/workspace/dalia/DALIA/src/dalia/core/autodiff/objectives_coregional.py" source_line=1046 source_end_line=1046 source_column=46 source_end_column=74}

This isn't necessarily a bug; constant-folding is inherently a trade-off between compilation time and speed at runtime. XLA has some guards that attempt to keep constant folding from taking too long, but fundamentally you'll always be able to come up with an input program that takes a long time.

If you'd like to file a bug, run with envvar XLA_FLAGS=--xla_dump_to=/tmp/foo and attach the results.
E0315 15:49:12.667424  227778 slow_operation_alarm.cc:140] The operation took 3.152747929s
Constant folding an instruction is taking > 2s:

  %scatter-add.4201 = f64[119715]{0} scatter(%broadcast.257, %constant.26981, %constant.31913), update_window_dims={1}, inserted_window_dims={}, scatter_dims_to_operand_dims={0}, index_vector_dim=1, to_apply=%region_1076.1111, metadata={op_name="jit(objective_pure_jax)/transpose(jvp())/scatter-add" source_file="/capstor/scratch/cscs/aboudaou/workspace/dalia/DALIA/src/dalia/core/autodiff/objectives_coregional.py" source_line=1046 source_end_line=1046 source_column=46 source_end_column=74}

This isn't necessarily a bug; constant-folding is inherently a trade-off between compilation time and speed at runtime. XLA has some guards that attempt to keep constant folding from taking too long, but fundamentally you'll always be able to come up with an input program that takes a long time.

If you'd like to file a bug, run with envvar XLA_FLAGS=--xla_dump_to=/tmp/foo and attach the results.
