Parsed parameters:
  max_iter: 250
  solver_min_p: 1
  profile: False
  precision: float64
  benchmark_mode: True
  n_benchmark_runs: 10
  benchmark_method: jax_autodiff
  output_csv: None
Array module: cupy, Backend flags: {'array_module': 'cupy', 'cupy_avail': True, 'mpi_avail': True, 'mpi_cuda_aware': False, 'nccl_avail': False}
JAX devices: [CudaDevice(id=0), CudaDevice(id=1), CudaDevice(id=2), CudaDevice(id=3)]
--- fig5: WA1 Temporal Scaling ---
--- WA1: Trivariate Coregional (ns=1247, nt=256, N=957,699) ---

                           Coregional Model (3 variates)                            
╒═══════════════════════════╤═════════════════════════════╤════════════════════════╕
│ Number of Hyperparameters │ Number of Latent Parameters │ Number of Observations │
├───────────────────────────┼─────────────────────────────┼────────────────────────┤
│            15             │           957699            │        1915392         │
╘═══════════════════════════╧═════════════════════════════╧════════════════════════╛
╔═════════════════════════════════════════════════════════════════════════════════════════════════════════════════════════════════════════════════════════════════════════════════════════════════════════════════════════════════════════════════════════════════════════════════════════════════════════════════════════════════════════════╗
║                                                                                                                                                                    Models                                                                                                                                                                   ║
║ ╔═══════════════════════════════════════════════════════════════════════════════════════════════════════════╗  ╔═══════════════════════════════════════════════════════════════════════════════════════════════════════════╗  ╔═══════════════════════════════════════════════════════════════════════════════════════════════════════════╗ ║
║ ║                                               Default Model                                               ║  ║                                               Default Model                                               ║  ║                                               Default Model                                               ║ ║
║ ║ ╒═══════════════════════════╤═════════════════════════════╤════════════════════════╤════════════════════╕ ║  ║ ╒═══════════════════════════╤═════════════════════════════╤════════════════════════╤════════════════════╕ ║  ║ ╒═══════════════════════════╤═════════════════════════════╤════════════════════════╤════════════════════╕ ║ ║
║ ║ │ Number of Hyperparameters │ Number of Latent Parameters │ Number of Observations │ Type of Likelihood │ ║  ║ │ Number of Hyperparameters │ Number of Latent Parameters │ Number of Observations │ Type of Likelihood │ ║  ║ │ Number of Hyperparameters │ Number of Latent Parameters │ Number of Observations │ Type of Likelihood │ ║ ║
║ ║ ├───────────────────────────┼─────────────────────────────┼────────────────────────┼────────────────────┤ ║  ║ ├───────────────────────────┼─────────────────────────────┼────────────────────────┼────────────────────┤ ║  ║ ├───────────────────────────┼─────────────────────────────┼────────────────────────┼────────────────────┤ ║ ║
║ ║ │             4             │           319233            │         638464         │      Gaussian      │ ║  ║ │             4             │           319233            │         638464         │      Gaussian      │ ║  ║ │             4             │           319233            │         638464         │      Gaussian      │ ║ ║
║ ║ ╘═══════════════════════════╧═════════════════════════════╧════════════════════════╧════════════════════╛ ║  ║ ╘═══════════════════════════╧═════════════════════════════╧════════════════════════╧════════════════════╛ ║  ║ ╘═══════════════════════════╧═════════════════════════════╧════════════════════════╧════════════════════╛ ║ ║
║ ║                                           Submodels                                                       ║  ║                                           Submodels                                                       ║  ║                                           Submodels                                                       ║ ║
║ ║                 Spatio Temporal                                    Regression                             ║  ║                 Spatio Temporal                                    Regression                             ║  ║                 Spatio Temporal                                    Regression                             ║ ║
║ ║ ╒══════════════════════════════════════╤═══════╕  ╒══════════════════════════════════╤═══════╕            ║  ║ ╒══════════════════════════════════════╤═══════╕  ╒══════════════════════════════════╤═══════╕            ║  ║ ╒══════════════════════════════════════╤═══════╕  ╒══════════════════════════════════╤═══════╕            ║ ║
║ ║ │ Number of Spatial Nodes              │ 1247  │  │ Number of Fixed Effects          │   1   │            ║  ║ │ Number of Spatial Nodes              │ 1247  │  │ Number of Fixed Effects          │   1   │            ║  ║ │ Number of Spatial Nodes              │ 1247  │  │ Number of Fixed Effects          │   1   │            ║ ║
║ ║ ├──────────────────────────────────────┼───────┤  ├──────────────────────────────────┼───────┤            ║  ║ ├──────────────────────────────────────┼───────┤  ├──────────────────────────────────┼───────┤            ║  ║ ├──────────────────────────────────────┼───────┤  ├──────────────────────────────────┼───────┤            ║ ║
║ ║ │ Number of Temporal Nodes             │  256  │  │ Prior Precision of Fixed Effects │ 0.001 │            ║  ║ │ Number of Temporal Nodes             │  256  │  │ Prior Precision of Fixed Effects │ 0.001 │            ║  ║ │ Number of Temporal Nodes             │  256  │  │ Prior Precision of Fixed Effects │ 0.001 │            ║ ║
║ ║ ├──────────────────────────────────────┼───────┤  ╘══════════════════════════════════╧═══════╛            ║  ║ ├──────────────────────────────────────┼───────┤  ╘══════════════════════════════════╧═══════╛            ║  ║ ├──────────────────────────────────────┼───────┤  ╘══════════════════════════════════╧═══════╛            ║ ║
║ ║ │ Manifold                             │ Plane │                                                          ║  ║ │ Manifold                             │ Plane │                                                          ║  ║ │ Manifold                             │ Plane │                                                          ║ ║
║ ║ ├──────────────────────────────────────┼───────┤                                                          ║  ║ ├──────────────────────────────────────┼───────┤                                                          ║  ║ ├──────────────────────────────────────┼───────┤                                                          ║ ║
║ ║ │ Spatial Range (r_s)                  │ 0.969 │                                                          ║  ║ │ Spatial Range (r_s)                  │ 0.910 │                                                          ║  ║ │ Spatial Range (r_s)                  │ 1.113 │                                                          ║ ║
║ ║ ├──────────────────────────────────────┼───────┤                                                          ║  ║ ├──────────────────────────────────────┼───────┤                                                          ║  ║ ├──────────────────────────────────────┼───────┤                                                          ║ ║
║ ║ │ Temporal Range (r_t)                 │ 0.573 │                                                          ║  ║ │ Temporal Range (r_t)                 │ 0.251 │                                                          ║  ║ │ Temporal Range (r_t)                 │ 0.349 │                                                          ║ ║
║ ║ ├──────────────────────────────────────┼───────┤                                                          ║  ║ ├──────────────────────────────────────┼───────┤                                                          ║  ║ ├──────────────────────────────────────┼───────┤                                                          ║ ║
║ ║ │ Spatio-temporal Variation (sigma_st) │ 0.000 │                                                          ║  ║ │ Spatio-temporal Variation (sigma_st) │ 0.000 │                                                          ║  ║ │ Spatio-temporal Variation (sigma_st) │ 0.000 │                                                          ║ ║
║ ║ ╘══════════════════════════════════════╧═══════╛                                                          ║  ║ ╘══════════════════════════════════════╧═══════╛                                                          ║  ║ ╘══════════════════════════════════════╧═══════╛                                                          ║ ║
║ ╚═══════════════════════════════════════════════════════════════════════════════════════════════════════════╝  ╚═══════════════════════════════════════════════════════════════════════════════════════════════════════════╝  ╚═══════════════════════════════════════════════════════════════════════════════════════════════════════════╝ ║
╚═════════════════════════════════════════════════════════════════════════════════════════════════════════════════════════════════════════════════════════════════════════════════════════════════════════════════════════════════════════════════════════════════════════════════════════════════════════════════════════════════════════════╝
Using JAX automatic differentiation with JIT compilation (CoregionalModel, 3 variates)
JIT compiling coregional objective + gradient...
JIT compilation done in 227.5s.

___________________________________ 
___  __ \__    |__  /____  _/__    |
__  / / /_  /| |_  /  __  / __  /| |
_  /_/ /_  ___ |  /____/ /  _  ___ |
/_____/ /_/  |_/_____/___/  /_/  |_|

╔═══════════════════════════════════════════════════════╗
║               Parallelization strategies              ║
║ ╒═══════════════════════════════════════════╤═══════╕ ║
║ │ Participating Processes / Total Processes │ 1 / 1 │ ║
║ ├───────────────────────────────────────────┼───────┤ ║
║ │ Parallelization through F()               │   1   │ ║
║ ├───────────────────────────────────────────┼───────┤ ║
║ │ Parallelization through Q()               │   1   │ ║
║ ├───────────────────────────────────────────┼───────┤ ║
║ │ Parallelization through S()               │   1   │ ║
║ ╘═══════════════════════════════════════════╧═══════╛ ║
╚═══════════════════════════════════════════════════════╝
╔═══════════════════════════════╗
║  Enabled Performance modules  ║
║ ╒═══════════════════╤═══════╕ ║
║ │ Array module      │ cupy  │ ║
║ ├───────────────────┼───────┤ ║
║ │ MPI available     │ True  │ ║
║ ├───────────────────┼───────┤ ║
║ │ Is MPI CUDA aware │ False │ ║
║ ├───────────────────┼───────┤ ║
║ │ Is NCCL available │ False │ ║
║ ╘═══════════════════╧═══════╛ ║
╚═══════════════════════════════╝
╔══════════════════════════════════════╗
║            Memory Report             ║
║ ╒════════════════════════╤═════════╕ ║
║ │ Solver memory          │ 0.00 B  │ ║
║ ├────────────────────────┼─────────┤ ║
║ │ Total memory used      │ 7.30 GB │ ║
║ ├────────────────────────┼─────────┤ ║
║ │ Total memory available │ 7.55 GB │ ║
║ ╘════════════════════════╧═════════╛ ║
╚══════════════════════════════════════╝
DALIA initialized.

======================================================================
GRADIENT BENCHMARK: WA1-nt256
======================================================================
Nodes: 1, Tasks: 1
Hyperparameters: 15
Benchmark runs: 10

Timing JAX autodiff gradient...
  Mean: 20.7744s
  Std:  0.0098s

======================================================================
Benchmark completed
======================================================================
Scaling result written to: /capstor/scratch/cscs/aboudaou/workspace/dalia/artifact/experiments/fig5_scaling_study/wa1_temporal/../results/scaling_results.csv
Job finished at Sat 14 Mar 2026 09:56:00 PM CET
