Parsed parameters:
  max_iter: 250
  solver_min_p: 1
  profile: False
  precision: float64
  benchmark_mode: True
  n_benchmark_runs: 10
  benchmark_method: both
  output_csv: None
Array module: cupy, Backend flags: {'array_module': 'cupy', 'cupy_avail': True, 'mpi_avail': True, 'mpi_cuda_aware': False, 'nccl_avail': False}
JAX devices: [CudaDevice(id=0), CudaDevice(id=1), CudaDevice(id=2), CudaDevice(id=3)]
--- fig5: WA1 Temporal Scaling ---
--- WA1: Trivariate Coregional (ns=1247, nt=64, N=239,427) ---

                           Coregional Model (3 variates)                            
╒═══════════════════════════╤═════════════════════════════╤════════════════════════╕
│ Number of Hyperparameters │ Number of Latent Parameters │ Number of Observations │
├───────────────────────────┼─────────────────────────────┼────────────────────────┤
│            15             │           239427            │         478848         │
╘═══════════════════════════╧═════════════════════════════╧════════════════════════╛
╔═════════════════════════════════════════════════════════════════════════════════════════════════════════════════════════════════════════════════════════════════════════════════════════════════════════════════════════════════════════════════════════════════════════════════════════════════════════════════════════════════════════════╗
║                                                                                                                                                                    Models                                                                                                                                                                   ║
║ ╔═══════════════════════════════════════════════════════════════════════════════════════════════════════════╗  ╔═══════════════════════════════════════════════════════════════════════════════════════════════════════════╗  ╔═══════════════════════════════════════════════════════════════════════════════════════════════════════════╗ ║
║ ║                                               Default Model                                               ║  ║                                               Default Model                                               ║  ║                                               Default Model                                               ║ ║
║ ║ ╒═══════════════════════════╤═════════════════════════════╤════════════════════════╤════════════════════╕ ║  ║ ╒═══════════════════════════╤═════════════════════════════╤════════════════════════╤════════════════════╕ ║  ║ ╒═══════════════════════════╤═════════════════════════════╤════════════════════════╤════════════════════╕ ║ ║
║ ║ │ Number of Hyperparameters │ Number of Latent Parameters │ Number of Observations │ Type of Likelihood │ ║  ║ │ Number of Hyperparameters │ Number of Latent Parameters │ Number of Observations │ Type of Likelihood │ ║  ║ │ Number of Hyperparameters │ Number of Latent Parameters │ Number of Observations │ Type of Likelihood │ ║ ║
║ ║ ├───────────────────────────┼─────────────────────────────┼────────────────────────┼────────────────────┤ ║  ║ ├───────────────────────────┼─────────────────────────────┼────────────────────────┼────────────────────┤ ║  ║ ├───────────────────────────┼─────────────────────────────┼────────────────────────┼────────────────────┤ ║ ║
║ ║ │             4             │            79809            │         159616         │      Gaussian      │ ║  ║ │             4             │            79809            │         159616         │      Gaussian      │ ║  ║ │             4             │            79809            │         159616         │      Gaussian      │ ║ ║
║ ║ ╘═══════════════════════════╧═════════════════════════════╧════════════════════════╧════════════════════╛ ║  ║ ╘═══════════════════════════╧═════════════════════════════╧════════════════════════╧════════════════════╛ ║  ║ ╘═══════════════════════════╧═════════════════════════════╧════════════════════════╧════════════════════╛ ║ ║
║ ║                                           Submodels                                                       ║  ║                                           Submodels                                                       ║  ║                                           Submodels                                                       ║ ║
║ ║                 Spatio Temporal                                    Regression                             ║  ║                 Spatio Temporal                                    Regression                             ║  ║                 Spatio Temporal                                    Regression                             ║ ║
║ ║ ╒══════════════════════════════════════╤═══════╕  ╒══════════════════════════════════╤═══════╕            ║  ║ ╒══════════════════════════════════════╤═══════╕  ╒══════════════════════════════════╤═══════╕            ║  ║ ╒══════════════════════════════════════╤═══════╕  ╒══════════════════════════════════╤═══════╕            ║ ║
║ ║ │ Number of Spatial Nodes              │ 1247  │  │ Number of Fixed Effects          │   1   │            ║  ║ │ Number of Spatial Nodes              │ 1247  │  │ Number of Fixed Effects          │   1   │            ║  ║ │ Number of Spatial Nodes              │ 1247  │  │ Number of Fixed Effects          │   1   │            ║ ║
║ ║ ├──────────────────────────────────────┼───────┤  ├──────────────────────────────────┼───────┤            ║  ║ ├──────────────────────────────────────┼───────┤  ├──────────────────────────────────┼───────┤            ║  ║ ├──────────────────────────────────────┼───────┤  ├──────────────────────────────────┼───────┤            ║ ║
║ ║ │ Number of Temporal Nodes             │  64   │  │ Prior Precision of Fixed Effects │ 0.001 │            ║  ║ │ Number of Temporal Nodes             │  64   │  │ Prior Precision of Fixed Effects │ 0.001 │            ║  ║ │ Number of Temporal Nodes             │  64   │  │ Prior Precision of Fixed Effects │ 0.001 │            ║ ║
║ ║ ├──────────────────────────────────────┼───────┤  ╘══════════════════════════════════╧═══════╛            ║  ║ ├──────────────────────────────────────┼───────┤  ╘══════════════════════════════════╧═══════╛            ║  ║ ├──────────────────────────────────────┼───────┤  ╘══════════════════════════════════╧═══════╛            ║ ║
║ ║ │ Manifold                             │ Plane │                                                          ║  ║ │ Manifold                             │ Plane │                                                          ║  ║ │ Manifold                             │ Plane │                                                          ║ ║
║ ║ ├──────────────────────────────────────┼───────┤                                                          ║  ║ ├──────────────────────────────────────┼───────┤                                                          ║  ║ ├──────────────────────────────────────┼───────┤                                                          ║ ║
║ ║ │ Spatial Range (r_s)                  │ 0.969 │                                                          ║  ║ │ Spatial Range (r_s)                  │ 0.910 │                                                          ║  ║ │ Spatial Range (r_s)                  │ 1.113 │                                                          ║ ║
║ ║ ├──────────────────────────────────────┼───────┤                                                          ║  ║ ├──────────────────────────────────────┼───────┤                                                          ║  ║ ├──────────────────────────────────────┼───────┤                                                          ║ ║
║ ║ │ Temporal Range (r_t)                 │ 0.573 │                                                          ║  ║ │ Temporal Range (r_t)                 │ 0.251 │                                                          ║  ║ │ Temporal Range (r_t)                 │ 0.349 │                                                          ║ ║
║ ║ ├──────────────────────────────────────┼───────┤                                                          ║  ║ ├──────────────────────────────────────┼───────┤                                                          ║  ║ ├──────────────────────────────────────┼───────┤                                                          ║ ║
║ ║ │ Spatio-temporal Variation (sigma_st) │ 0.000 │                                                          ║  ║ │ Spatio-temporal Variation (sigma_st) │ 0.000 │                                                          ║  ║ │ Spatio-temporal Variation (sigma_st) │ 0.000 │                                                          ║ ║
║ ║ ╘══════════════════════════════════════╧═══════╛                                                          ║  ║ ╘══════════════════════════════════════╧═══════╛                                                          ║  ║ ╘══════════════════════════════════════╧═══════╛                                                          ║ ║
║ ╚═══════════════════════════════════════════════════════════════════════════════════════════════════════════╝  ╚═══════════════════════════════════════════════════════════════════════════════════════════════════════════╝  ╚═══════════════════════════════════════════════════════════════════════════════════════════════════════════╝ ║
╚═════════════════════════════════════════════════════════════════════════════════════════════════════════════════════════════════════════════════════════════════════════════════════════════════════════════════════════════════════════════════════════════════════════════════════════════════════════════════════════════════════════════╝

___________________________________ 
___  __ \__    |__  /____  _/__    |
__  / / /_  /| |_  /  __  / __  /| |
_  /_/ /_  ___ |  /____/ /  _  ___ |
/_____/ /_/  |_/_____/___/  /_/  |_|

╔═══════════════════════════════════════════════════════╗
║               Parallelization strategies              ║
║ ╒═══════════════════════════════════════════╤═══════╕ ║
║ │ Participating Processes / Total Processes │ 1 / 1 │ ║
║ ├───────────────────────────────────────────┼───────┤ ║
║ │ Parallelization through F()               │   1   │ ║
║ ├───────────────────────────────────────────┼───────┤ ║
║ │ Parallelization through Q()               │   1   │ ║
║ ├───────────────────────────────────────────┼───────┤ ║
║ │ Parallelization through S()               │   1   │ ║
║ ╘═══════════════════════════════════════════╧═══════╛ ║
╚═══════════════════════════════════════════════════════╝
╔═══════════════════════════════╗
║  Enabled Performance modules  ║
║ ╒═══════════════════╤═══════╕ ║
║ │ Array module      │ cupy  │ ║
║ ├───────────────────┼───────┤ ║
║ │ MPI available     │ True  │ ║
║ ├───────────────────┼───────┤ ║
║ │ Is MPI CUDA aware │ False │ ║
║ ├───────────────────┼───────┤ ║
║ │ Is NCCL available │ False │ ║
║ ╘═══════════════════╧═══════╛ ║
╚═══════════════════════════════╝
╔═══════════════════════════════════════╗
║             Memory Report             ║
║ ╒════════════════════════╤══════════╕ ║
║ │ Solver memory          │ 13.25 GB │ ║
║ ├────────────────────────┼──────────┤ ║
║ │ Total memory used      │ 15.07 GB │ ║
║ ├────────────────────────┼──────────┤ ║
║ │ Total memory available │ 15.13 GB │ ║
║ ╘════════════════════════╧══════════╛ ║
╚═══════════════════════════════════════╝
DALIA initialized.

======================================================================
GRADIENT BENCHMARK: WA1-nt64
======================================================================
Nodes: 1, Tasks: 1
Hyperparameters: 15
Benchmark runs: 10

Timing finite difference gradient...
Allocated an extra 0.24 GB for BTA_mapping caching (total: 13.49)
Allocated an extra 0.24 GB for BT_mapping caching (total: 13.73)
rank 0 | iter 1 | objfunc_time: 53.695153 | solver_time: 38.661577 | construction_time: 11.594118 | energy: node=60779J gpu=42957J cpu=8096J (1132W)
rank 0 | iter 2 | objfunc_time: 53.708428 | solver_time: 38.659264 | construction_time: 11.666237 | energy: node=61213J gpu=43303J cpu=8109J (1140W)
rank 0 | iter 3 | objfunc_time: 53.699983 | solver_time: 38.668072 | construction_time: 11.599447 | energy: node=60908J gpu=43131J cpu=8051J (1134W)
rank 0 | iter 4 | objfunc_time: 53.711993 | solver_time: 38.660996 | construction_time: 11.674512 | energy: node=60871J gpu=43079J cpu=8068J (1133W)
rank 0 | iter 5 | objfunc_time: 53.697376 | solver_time: 38.671480 | construction_time: 11.607170 | energy: node=61145J gpu=43359J cpu=8140J (1139W)
rank 0 | iter 6 | objfunc_time: 53.746450 | solver_time: 38.661870 | construction_time: 11.689030 | energy: node=60848J gpu=42779J cpu=8063J (1132W)
rank 0 | iter 7 | objfunc_time: 53.703394 | solver_time: 38.662466 | construction_time: 11.607751 | energy: node=60993J gpu=43187J cpu=8085J (1136W)
rank 0 | iter 8 | objfunc_time: 53.706814 | solver_time: 38.656274 | construction_time: 11.676450 | energy: node=60763J gpu=42999J cpu=8065J (1131W)
rank 0 | iter 9 | objfunc_time: 53.703570 | solver_time: 38.672187 | construction_time: 11.590073 | energy: node=61023J gpu=43033J cpu=8080J (1136W)
rank 0 | iter 10 | objfunc_time: 53.758053 | solver_time: 38.682174 | construction_time: 11.701592 | energy: node=61268J gpu=43395J cpu=8098J (1140W)
rank 0 | iter 11 | objfunc_time: 53.697101 | solver_time: 38.677006 | construction_time: 11.595747 | energy: node=60856J gpu=42952J cpu=8066J (1133W)
  Mean: 53.8253s
  Std:  0.1342s

======================================================================
Benchmark completed
======================================================================
Using JAX automatic differentiation with JIT compilation (CoregionalModel, 3 variates)
JIT compiling coregional objective + gradient...
JIT compilation done in 83.5s.

___________________________________ 
___  __ \__    |__  /____  _/__    |
__  / / /_  /| |_  /  __  / __  /| |
_  /_/ /_  ___ |  /____/ /  _  ___ |
/_____/ /_/  |_/_____/___/  /_/  |_|

╔═══════════════════════════════════════════════════════╗
║               Parallelization strategies              ║
║ ╒═══════════════════════════════════════════╤═══════╕ ║
║ │ Participating Processes / Total Processes │ 1 / 1 │ ║
║ ├───────────────────────────────────────────┼───────┤ ║
║ │ Parallelization through F()               │   1   │ ║
║ ├───────────────────────────────────────────┼───────┤ ║
║ │ Parallelization through Q()               │   1   │ ║
║ ├───────────────────────────────────────────┼───────┤ ║
║ │ Parallelization through S()               │   1   │ ║
║ ╘═══════════════════════════════════════════╧═══════╛ ║
╚═══════════════════════════════════════════════════════╝
╔═══════════════════════════════╗
║  Enabled Performance modules  ║
║ ╒═══════════════════╤═══════╕ ║
║ │ Array module      │ cupy  │ ║
║ ├───────────────────┼───────┤ ║
║ │ MPI available     │ True  │ ║
║ ├───────────────────┼───────┤ ║
║ │ Is MPI CUDA aware │ False │ ║
║ ├───────────────────┼───────┤ ║
║ │ Is NCCL available │ False │ ║
║ ╘═══════════════════╧═══════╛ ║
╚═══════════════════════════════╝
╔══════════════════════════════════════╗
║            Memory Report             ║
║ ╒════════════════════════╤═════════╕ ║
║ │ Solver memory          │ 0.00 B  │ ║
║ ├────────────────────────┼─────────┤ ║
║ │ Total memory used      │ 1.82 GB │ ║
║ ├────────────────────────┼─────────┤ ║
║ │ Total memory available │ 1.87 GB │ ║
║ ╘════════════════════════╧═════════╛ ║
╚══════════════════════════════════════╝
DALIA initialized.

======================================================================
GRADIENT BENCHMARK: WA1-nt64
======================================================================
Nodes: 1, Tasks: 1
Hyperparameters: 15
Benchmark runs: 10

Timing JAX autodiff gradient...
  Mean: 5.2172s
  Std:  0.0023s

======================================================================
Benchmark completed
======================================================================
Scaling result written to: /capstor/scratch/cscs/aboudaou/workspace/dalia/artifact/experiments/fig5_scaling_study/wa1_temporal/../results/scaling_results.csv
Job finished at Sat 14 Mar 2026 07:33:32 PM CET
