W0315 15:38:55.792941   39242 cuda_executor.cc:1802] GPU interconnect information not available: INTERNAL: NVML doesn't support extracting fabric info or NVLink is not used by the device.
W0315 15:38:55.826981   38530 cuda_executor.cc:1802] GPU interconnect information not available: INTERNAL: NVML doesn't support extracting fabric info or NVLink is not used by the device.
W0315 15:38:55.847547   45996 cuda_executor.cc:1802] GPU interconnect information not available: INTERNAL: NVML doesn't support extracting fabric info or NVLink is not used by the device.
W0315 15:38:55.881136   45282 cuda_executor.cc:1802] GPU interconnect information not available: INTERNAL: NVML doesn't support extracting fabric info or NVLink is not used by the device.
W0315 15:38:55.905636  229206 cuda_executor.cc:1802] GPU interconnect information not available: INTERNAL: NVML doesn't support extracting fabric info or NVLink is not used by the device.
W0315 15:38:55.939141  228433 cuda_executor.cc:1802] GPU interconnect information not available: INTERNAL: NVML doesn't support extracting fabric info or NVLink is not used by the device.
W0315 15:38:56.062736  286729 cuda_executor.cc:1802] GPU interconnect information not available: INTERNAL: NVML doesn't support extracting fabric info or NVLink is not used by the device.
W0315 15:38:56.095666  285995 cuda_executor.cc:1802] GPU interconnect information not available: INTERNAL: NVML doesn't support extracting fabric info or NVLink is not used by the device.
/users/aboudaou/miniconda3/envs/serinv-env/lib/python3.11/site-packages/mpi4jax/_src/decorators.py:60: UserWarning: Not using CUDA-enabled MPI. If you are sure that your MPI library is built with CUDA support, set MPI4JAX_USE_CUDA_MPI=1. To silence this warning, set MPI4JAX_USE_CUDA_MPI=0.
  warnings.warn(warn_msg)
/users/aboudaou/miniconda3/envs/serinv-env/lib/python3.11/site-packages/mpi4jax/_src/decorators.py:60: UserWarning: Not using CUDA-enabled MPI. If you are sure that your MPI library is built with CUDA support, set MPI4JAX_USE_CUDA_MPI=1. To silence this warning, set MPI4JAX_USE_CUDA_MPI=0.
  warnings.warn(warn_msg)
/users/aboudaou/miniconda3/envs/serinv-env/lib/python3.11/site-packages/mpi4jax/_src/decorators.py:60: UserWarning: Not using CUDA-enabled MPI. If you are sure that your MPI library is built with CUDA support, set MPI4JAX_USE_CUDA_MPI=1. To silence this warning, set MPI4JAX_USE_CUDA_MPI=0.
  warnings.warn(warn_msg)
/users/aboudaou/miniconda3/envs/serinv-env/lib/python3.11/site-packages/mpi4jax/_src/decorators.py:60: UserWarning: Not using CUDA-enabled MPI. If you are sure that your MPI library is built with CUDA support, set MPI4JAX_USE_CUDA_MPI=1. To silence this warning, set MPI4JAX_USE_CUDA_MPI=0.
  warnings.warn(warn_msg)
E0315 15:42:44.905222  287024 slow_operation_alarm.cc:73] Constant folding an instruction is taking > 1s:

  %scatter-add.51 = f64[645843]{0} scatter(%broadcast.20, %constant.987, %constant.1161), update_window_dims={1}, inserted_window_dims={}, scatter_dims_to_operand_dims={0}, index_vector_dim=1, to_apply=%region_42.51, metadata={op_name="jit(_grad_quad_fn_jit)/scatter-add" source_file="/capstor/scratch/cscs/aboudaou/workspace/dalia/DALIA/src/dalia/core/autodiff/distributed.py" source_line=486 source_end_line=486 source_column=16 source_end_column=26}

This isn't necessarily a bug; constant-folding is inherently a trade-off between compilation time and speed at runtime. XLA has some guards that attempt to keep constant folding from taking too long, but fundamentally you'll always be able to come up with an input program that takes a long time.

If you'd like to file a bug, run with envvar XLA_FLAGS=--xla_dump_to=/tmp/foo and attach the results.
E0315 15:42:44.952100   46296 slow_operation_alarm.cc:73] Constant folding an instruction is taking > 1s:

  %scatter-add.51 = f64[645843]{0} scatter(%broadcast.20, %constant.984, %constant.1158), update_window_dims={1}, inserted_window_dims={}, scatter_dims_to_operand_dims={0}, index_vector_dim=1, to_apply=%region_42.51, metadata={op_name="jit(_grad_quad_fn_jit)/scatter-add" source_file="/capstor/scratch/cscs/aboudaou/workspace/dalia/DALIA/src/dalia/core/autodiff/distributed.py" source_line=486 source_end_line=486 source_column=16 source_end_column=26}

This isn't necessarily a bug; constant-folding is inherently a trade-off between compilation time and speed at runtime. XLA has some guards that attempt to keep constant folding from taking too long, but fundamentally you'll always be able to come up with an input program that takes a long time.

If you'd like to file a bug, run with envvar XLA_FLAGS=--xla_dump_to=/tmp/foo and attach the results.
E0315 15:42:45.112731   39541 slow_operation_alarm.cc:73] Constant folding an instruction is taking > 1s:

  %scatter-add.51 = f64[645843]{0} scatter(%broadcast.20, %constant.988, %constant.1162), update_window_dims={1}, inserted_window_dims={}, scatter_dims_to_operand_dims={0}, index_vector_dim=1, to_apply=%region_42.51, metadata={op_name="jit(_grad_quad_fn_jit)/scatter-add" source_file="/capstor/scratch/cscs/aboudaou/workspace/dalia/DALIA/src/dalia/core/autodiff/distributed.py" source_line=486 source_end_line=486 source_column=16 source_end_column=26}

This isn't necessarily a bug; constant-folding is inherently a trade-off between compilation time and speed at runtime. XLA has some guards that attempt to keep constant folding from taking too long, but fundamentally you'll always be able to come up with an input program that takes a long time.

If you'd like to file a bug, run with envvar XLA_FLAGS=--xla_dump_to=/tmp/foo and attach the results.
E0315 15:42:48.069598  229509 slow_operation_alarm.cc:73] Constant folding an instruction is taking > 1s:

  %scatter-add.51 = f64[645843]{0} scatter(%broadcast.22, %constant.1247, %constant.1416), update_window_dims={1}, inserted_window_dims={}, scatter_dims_to_operand_dims={0}, index_vector_dim=1, to_apply=%region_66.75, metadata={op_name="jit(_grad_quad_fn_jit)/scatter-add" source_file="/capstor/scratch/cscs/aboudaou/workspace/dalia/DALIA/src/dalia/core/autodiff/distributed.py" source_line=486 source_end_line=486 source_column=16 source_end_column=26}

This isn't necessarily a bug; constant-folding is inherently a trade-off between compilation time and speed at runtime. XLA has some guards that attempt to keep constant folding from taking too long, but fundamentally you'll always be able to come up with an input program that takes a long time.

If you'd like to file a bug, run with envvar XLA_FLAGS=--xla_dump_to=/tmp/foo and attach the results.
E0315 15:43:00.802508  285995 slow_operation_alarm.cc:140] The operation took 16.897394013s
Constant folding an instruction is taking > 1s:

  %scatter-add.51 = f64[645843]{0} scatter(%broadcast.20, %constant.987, %constant.1161), update_window_dims={1}, inserted_window_dims={}, scatter_dims_to_operand_dims={0}, index_vector_dim=1, to_apply=%region_42.51, metadata={op_name="jit(_grad_quad_fn_jit)/scatter-add" source_file="/capstor/scratch/cscs/aboudaou/workspace/dalia/DALIA/src/dalia/core/autodiff/distributed.py" source_line=486 source_end_line=486 source_column=16 source_end_column=26}

This isn't necessarily a bug; constant-folding is inherently a trade-off between compilation time and speed at runtime. XLA has some guards that attempt to keep constant folding from taking too long, but fundamentally you'll always be able to come up with an input program that takes a long time.

If you'd like to file a bug, run with envvar XLA_FLAGS=--xla_dump_to=/tmp/foo and attach the results.
E0315 15:43:01.027869   38530 slow_operation_alarm.cc:140] The operation took 16.915221816s
Constant folding an instruction is taking > 1s:

  %scatter-add.51 = f64[645843]{0} scatter(%broadcast.20, %constant.988, %constant.1162), update_window_dims={1}, inserted_window_dims={}, scatter_dims_to_operand_dims={0}, index_vector_dim=1, to_apply=%region_42.51, metadata={op_name="jit(_grad_quad_fn_jit)/scatter-add" source_file="/capstor/scratch/cscs/aboudaou/workspace/dalia/DALIA/src/dalia/core/autodiff/distributed.py" source_line=486 source_end_line=486 source_column=16 source_end_column=26}

This isn't necessarily a bug; constant-folding is inherently a trade-off between compilation time and speed at runtime. XLA has some guards that attempt to keep constant folding from taking too long, but fundamentally you'll always be able to come up with an input program that takes a long time.

If you'd like to file a bug, run with envvar XLA_FLAGS=--xla_dump_to=/tmp/foo and attach the results.
E0315 15:43:01.067096   45282 slow_operation_alarm.cc:140] The operation took 17.115103127s
Constant folding an instruction is taking > 1s:

  %scatter-add.51 = f64[645843]{0} scatter(%broadcast.20, %constant.984, %constant.1158), update_window_dims={1}, inserted_window_dims={}, scatter_dims_to_operand_dims={0}, index_vector_dim=1, to_apply=%region_42.51, metadata={op_name="jit(_grad_quad_fn_jit)/scatter-add" source_file="/capstor/scratch/cscs/aboudaou/workspace/dalia/DALIA/src/dalia/core/autodiff/distributed.py" source_line=486 source_end_line=486 source_column=16 source_end_column=26}

This isn't necessarily a bug; constant-folding is inherently a trade-off between compilation time and speed at runtime. XLA has some guards that attempt to keep constant folding from taking too long, but fundamentally you'll always be able to come up with an input program that takes a long time.

If you'd like to file a bug, run with envvar XLA_FLAGS=--xla_dump_to=/tmp/foo and attach the results.
E0315 15:43:02.821380  287024 slow_operation_alarm.cc:73] Constant folding an instruction is taking > 2s:

  %scatter-add.52 = f64[645843]{0} scatter(%broadcast.20, %constant.987, %constant.1168), update_window_dims={1}, inserted_window_dims={}, scatter_dims_to_operand_dims={0}, index_vector_dim=1, to_apply=%region_76.85, metadata={op_name="jit(_grad_quad_fn_jit)/scatter-add" source_file="/capstor/scratch/cscs/aboudaou/workspace/dalia/DALIA/src/dalia/core/autodiff/distributed.py" source_line=486 source_end_line=486 source_column=16 source_end_column=26}

This isn't necessarily a bug; constant-folding is inherently a trade-off between compilation time and speed at runtime. XLA has some guards that attempt to keep constant folding from taking too long, but fundamentally you'll always be able to come up with an input program that takes a long time.

If you'd like to file a bug, run with envvar XLA_FLAGS=--xla_dump_to=/tmp/foo and attach the results.
E0315 15:43:03.052315   39541 slow_operation_alarm.cc:73] Constant folding an instruction is taking > 2s:

  %scatter-add.52 = f64[645843]{0} scatter(%broadcast.20, %constant.988, %constant.1169), update_window_dims={1}, inserted_window_dims={}, scatter_dims_to_operand_dims={0}, index_vector_dim=1, to_apply=%region_76.85, metadata={op_name="jit(_grad_quad_fn_jit)/scatter-add" source_file="/capstor/scratch/cscs/aboudaou/workspace/dalia/DALIA/src/dalia/core/autodiff/distributed.py" source_line=486 source_end_line=486 source_column=16 source_end_column=26}

This isn't necessarily a bug; constant-folding is inherently a trade-off between compilation time and speed at runtime. XLA has some guards that attempt to keep constant folding from taking too long, but fundamentally you'll always be able to come up with an input program that takes a long time.

If you'd like to file a bug, run with envvar XLA_FLAGS=--xla_dump_to=/tmp/foo and attach the results.
E0315 15:43:03.085256   46296 slow_operation_alarm.cc:73] Constant folding an instruction is taking > 2s:

  %scatter-add.52 = f64[645843]{0} scatter(%broadcast.20, %constant.984, %constant.1165), update_window_dims={1}, inserted_window_dims={}, scatter_dims_to_operand_dims={0}, index_vector_dim=1, to_apply=%region_76.85, metadata={op_name="jit(_grad_quad_fn_jit)/scatter-add" source_file="/capstor/scratch/cscs/aboudaou/workspace/dalia/DALIA/src/dalia/core/autodiff/distributed.py" source_line=486 source_end_line=486 source_column=16 source_end_column=26}

This isn't necessarily a bug; constant-folding is inherently a trade-off between compilation time and speed at runtime. XLA has some guards that attempt to keep constant folding from taking too long, but fundamentally you'll always be able to come up with an input program that takes a long time.

If you'd like to file a bug, run with envvar XLA_FLAGS=--xla_dump_to=/tmp/foo and attach the results.
E0315 15:43:03.984759  228433 slow_operation_alarm.cc:140] The operation took 16.915270962s
Constant folding an instruction is taking > 1s:

  %scatter-add.51 = f64[645843]{0} scatter(%broadcast.22, %constant.1247, %constant.1416), update_window_dims={1}, inserted_window_dims={}, scatter_dims_to_operand_dims={0}, index_vector_dim=1, to_apply=%region_66.75, metadata={op_name="jit(_grad_quad_fn_jit)/scatter-add" source_file="/capstor/scratch/cscs/aboudaou/workspace/dalia/DALIA/src/dalia/core/autodiff/distributed.py" source_line=486 source_end_line=486 source_column=16 source_end_column=26}

This isn't necessarily a bug; constant-folding is inherently a trade-off between compilation time and speed at runtime. XLA has some guards that attempt to keep constant folding from taking too long, but fundamentally you'll always be able to come up with an input program that takes a long time.

If you'd like to file a bug, run with envvar XLA_FLAGS=--xla_dump_to=/tmp/foo and attach the results.
E0315 15:43:06.009593  229509 slow_operation_alarm.cc:73] Constant folding an instruction is taking > 2s:

  %scatter-add.52 = f64[645843]{0} scatter(%broadcast.22, %constant.1247, %constant.1423), update_window_dims={1}, inserted_window_dims={}, scatter_dims_to_operand_dims={0}, index_vector_dim=1, to_apply=%region_124.133, metadata={op_name="jit(_grad_quad_fn_jit)/scatter-add" source_file="/capstor/scratch/cscs/aboudaou/workspace/dalia/DALIA/src/dalia/core/autodiff/distributed.py" source_line=486 source_end_line=486 source_column=16 source_end_column=26}

This isn't necessarily a bug; constant-folding is inherently a trade-off between compilation time and speed at runtime. XLA has some guards that attempt to keep constant folding from taking too long, but fundamentally you'll always be able to come up with an input program that takes a long time.

If you'd like to file a bug, run with envvar XLA_FLAGS=--xla_dump_to=/tmp/foo and attach the results.
E0315 15:43:17.778134  285995 slow_operation_alarm.cc:140] The operation took 16.956859579s
Constant folding an instruction is taking > 2s:

  %scatter-add.52 = f64[645843]{0} scatter(%broadcast.20, %constant.987, %constant.1168), update_window_dims={1}, inserted_window_dims={}, scatter_dims_to_operand_dims={0}, index_vector_dim=1, to_apply=%region_76.85, metadata={op_name="jit(_grad_quad_fn_jit)/scatter-add" source_file="/capstor/scratch/cscs/aboudaou/workspace/dalia/DALIA/src/dalia/core/autodiff/distributed.py" source_line=486 source_end_line=486 source_column=16 source_end_column=26}

This isn't necessarily a bug; constant-folding is inherently a trade-off between compilation time and speed at runtime. XLA has some guards that attempt to keep constant folding from taking too long, but fundamentally you'll always be able to come up with an input program that takes a long time.

If you'd like to file a bug, run with envvar XLA_FLAGS=--xla_dump_to=/tmp/foo and attach the results.
E0315 15:43:17.958625   38530 slow_operation_alarm.cc:140] The operation took 16.906372808s
Constant folding an instruction is taking > 2s:

  %scatter-add.52 = f64[645843]{0} scatter(%broadcast.20, %constant.988, %constant.1169), update_window_dims={1}, inserted_window_dims={}, scatter_dims_to_operand_dims={0}, index_vector_dim=1, to_apply=%region_76.85, metadata={op_name="jit(_grad_quad_fn_jit)/scatter-add" source_file="/capstor/scratch/cscs/aboudaou/workspace/dalia/DALIA/src/dalia/core/autodiff/distributed.py" source_line=486 source_end_line=486 source_column=16 source_end_column=26}

This isn't necessarily a bug; constant-folding is inherently a trade-off between compilation time and speed at runtime. XLA has some guards that attempt to keep constant folding from taking too long, but fundamentally you'll always be able to come up with an input program that takes a long time.

If you'd like to file a bug, run with envvar XLA_FLAGS=--xla_dump_to=/tmp/foo and attach the results.
E0315 15:43:18.171478   45282 slow_operation_alarm.cc:140] The operation took 17.0863388s
Constant folding an instruction is taking > 2s:

  %scatter-add.52 = f64[645843]{0} scatter(%broadcast.20, %constant.984, %constant.1165), update_window_dims={1}, inserted_window_dims={}, scatter_dims_to_operand_dims={0}, index_vector_dim=1, to_apply=%region_76.85, metadata={op_name="jit(_grad_quad_fn_jit)/scatter-add" source_file="/capstor/scratch/cscs/aboudaou/workspace/dalia/DALIA/src/dalia/core/autodiff/distributed.py" source_line=486 source_end_line=486 source_column=16 source_end_column=26}

This isn't necessarily a bug; constant-folding is inherently a trade-off between compilation time and speed at runtime. XLA has some guards that attempt to keep constant folding from taking too long, but fundamentally you'll always be able to come up with an input program that takes a long time.

If you'd like to file a bug, run with envvar XLA_FLAGS=--xla_dump_to=/tmp/foo and attach the results.
E0315 15:43:21.311141  228433 slow_operation_alarm.cc:140] The operation took 17.301657105s
Constant folding an instruction is taking > 2s:

  %scatter-add.52 = f64[645843]{0} scatter(%broadcast.22, %constant.1247, %constant.1423), update_window_dims={1}, inserted_window_dims={}, scatter_dims_to_operand_dims={0}, index_vector_dim=1, to_apply=%region_124.133, metadata={op_name="jit(_grad_quad_fn_jit)/scatter-add" source_file="/capstor/scratch/cscs/aboudaou/workspace/dalia/DALIA/src/dalia/core/autodiff/distributed.py" source_line=486 source_end_line=486 source_column=16 source_end_column=26}

This isn't necessarily a bug; constant-folding is inherently a trade-off between compilation time and speed at runtime. XLA has some guards that attempt to keep constant folding from taking too long, but fundamentally you'll always be able to come up with an input program that takes a long time.

If you'd like to file a bug, run with envvar XLA_FLAGS=--xla_dump_to=/tmp/foo and attach the results.
E0315 15:43:21.797645  287024 slow_operation_alarm.cc:73] Constant folding an instruction is taking > 4s:

  %scatter-add.53 = f64[645843]{0} scatter(%broadcast.20, %constant.987, %constant.1173), update_window_dims={1}, inserted_window_dims={}, scatter_dims_to_operand_dims={0}, index_vector_dim=1, to_apply=%region_110.119, metadata={op_name="jit(_grad_quad_fn_jit)/scatter-add" source_file="/capstor/scratch/cscs/aboudaou/workspace/dalia/DALIA/src/dalia/core/autodiff/distributed.py" source_line=486 source_end_line=486 source_column=16 source_end_column=26}

This isn't necessarily a bug; constant-folding is inherently a trade-off between compilation time and speed at runtime. XLA has some guards that attempt to keep constant folding from taking too long, but fundamentally you'll always be able to come up with an input program that takes a long time.

If you'd like to file a bug, run with envvar XLA_FLAGS=--xla_dump_to=/tmp/foo and attach the results.
E0315 15:43:21.978608   39541 slow_operation_alarm.cc:73] Constant folding an instruction is taking > 4s:

  %scatter-add.53 = f64[645843]{0} scatter(%broadcast.20, %constant.988, %constant.1174), update_window_dims={1}, inserted_window_dims={}, scatter_dims_to_operand_dims={0}, index_vector_dim=1, to_apply=%region_110.119, metadata={op_name="jit(_grad_quad_fn_jit)/scatter-add" source_file="/capstor/scratch/cscs/aboudaou/workspace/dalia/DALIA/src/dalia/core/autodiff/distributed.py" source_line=486 source_end_line=486 source_column=16 source_end_column=26}

This isn't necessarily a bug; constant-folding is inherently a trade-off between compilation time and speed at runtime. XLA has some guards that attempt to keep constant folding from taking too long, but fundamentally you'll always be able to come up with an input program that takes a long time.

If you'd like to file a bug, run with envvar XLA_FLAGS=--xla_dump_to=/tmp/foo and attach the results.
E0315 15:43:22.190613   46296 slow_operation_alarm.cc:73] Constant folding an instruction is taking > 4s:

  %scatter-add.53 = f64[645843]{0} scatter(%broadcast.20, %constant.984, %constant.1170), update_window_dims={1}, inserted_window_dims={}, scatter_dims_to_operand_dims={0}, index_vector_dim=1, to_apply=%region_110.119, metadata={op_name="jit(_grad_quad_fn_jit)/scatter-add" source_file="/capstor/scratch/cscs/aboudaou/workspace/dalia/DALIA/src/dalia/core/autodiff/distributed.py" source_line=486 source_end_line=486 source_column=16 source_end_column=26}

This isn't necessarily a bug; constant-folding is inherently a trade-off between compilation time and speed at runtime. XLA has some guards that attempt to keep constant folding from taking too long, but fundamentally you'll always be able to come up with an input program that takes a long time.

If you'd like to file a bug, run with envvar XLA_FLAGS=--xla_dump_to=/tmp/foo and attach the results.
E0315 15:43:25.335840  229509 slow_operation_alarm.cc:73] Constant folding an instruction is taking > 4s:

  %scatter-add.53 = f64[645843]{0} scatter(%broadcast.22, %constant.1247, %constant.1428), update_window_dims={1}, inserted_window_dims={}, scatter_dims_to_operand_dims={0}, index_vector_dim=1, to_apply=%region_182.191, metadata={op_name="jit(_grad_quad_fn_jit)/scatter-add" source_file="/capstor/scratch/cscs/aboudaou/workspace/dalia/DALIA/src/dalia/core/autodiff/distributed.py" source_line=486 source_end_line=486 source_column=16 source_end_column=26}

This isn't necessarily a bug; constant-folding is inherently a trade-off between compilation time and speed at runtime. XLA has some guards that attempt to keep constant folding from taking too long, but fundamentally you'll always be able to come up with an input program that takes a long time.

If you'd like to file a bug, run with envvar XLA_FLAGS=--xla_dump_to=/tmp/foo and attach the results.
E0315 15:43:34.759165  285995 slow_operation_alarm.cc:140] The operation took 16.961589586s
Constant folding an instruction is taking > 4s:

  %scatter-add.53 = f64[645843]{0} scatter(%broadcast.20, %constant.987, %constant.1173), update_window_dims={1}, inserted_window_dims={}, scatter_dims_to_operand_dims={0}, index_vector_dim=1, to_apply=%region_110.119, metadata={op_name="jit(_grad_quad_fn_jit)/scatter-add" source_file="/capstor/scratch/cscs/aboudaou/workspace/dalia/DALIA/src/dalia/core/autodiff/distributed.py" source_line=486 source_end_line=486 source_column=16 source_end_column=26}

This isn't necessarily a bug; constant-folding is inherently a trade-off between compilation time and speed at runtime. XLA has some guards that attempt to keep constant folding from taking too long, but fundamentally you'll always be able to come up with an input program that takes a long time.

If you'd like to file a bug, run with envvar XLA_FLAGS=--xla_dump_to=/tmp/foo and attach the results.
E0315 15:43:34.793801   38530 slow_operation_alarm.cc:140] The operation took 16.815275223s
Constant folding an instruction is taking > 4s:

  %scatter-add.53 = f64[645843]{0} scatter(%broadcast.20, %constant.988, %constant.1174), update_window_dims={1}, inserted_window_dims={}, scatter_dims_to_operand_dims={0}, index_vector_dim=1, to_apply=%region_110.119, metadata={op_name="jit(_grad_quad_fn_jit)/scatter-add" source_file="/capstor/scratch/cscs/aboudaou/workspace/dalia/DALIA/src/dalia/core/autodiff/distributed.py" source_line=486 source_end_line=486 source_column=16 source_end_column=26}

This isn't necessarily a bug; constant-folding is inherently a trade-off between compilation time and speed at runtime. XLA has some guards that attempt to keep constant folding from taking too long, but fundamentally you'll always be able to come up with an input program that takes a long time.

If you'd like to file a bug, run with envvar XLA_FLAGS=--xla_dump_to=/tmp/foo and attach the results.
E0315 15:43:35.293468   45282 slow_operation_alarm.cc:140] The operation took 17.10295482s
Constant folding an instruction is taking > 4s:

  %scatter-add.53 = f64[645843]{0} scatter(%broadcast.20, %constant.984, %constant.1170), update_window_dims={1}, inserted_window_dims={}, scatter_dims_to_operand_dims={0}, index_vector_dim=1, to_apply=%region_110.119, metadata={op_name="jit(_grad_quad_fn_jit)/scatter-add" source_file="/capstor/scratch/cscs/aboudaou/workspace/dalia/DALIA/src/dalia/core/autodiff/distributed.py" source_line=486 source_end_line=486 source_column=16 source_end_column=26}

This isn't necessarily a bug; constant-folding is inherently a trade-off between compilation time and speed at runtime. XLA has some guards that attempt to keep constant folding from taking too long, but fundamentally you'll always be able to come up with an input program that takes a long time.

If you'd like to file a bug, run with envvar XLA_FLAGS=--xla_dump_to=/tmp/foo and attach the results.
E0315 15:43:38.400645  228433 slow_operation_alarm.cc:140] The operation took 17.064918333s
Constant folding an instruction is taking > 4s:

  %scatter-add.53 = f64[645843]{0} scatter(%broadcast.22, %constant.1247, %constant.1428), update_window_dims={1}, inserted_window_dims={}, scatter_dims_to_operand_dims={0}, index_vector_dim=1, to_apply=%region_182.191, metadata={op_name="jit(_grad_quad_fn_jit)/scatter-add" source_file="/capstor/scratch/cscs/aboudaou/workspace/dalia/DALIA/src/dalia/core/autodiff/distributed.py" source_line=486 source_end_line=486 source_column=16 source_end_column=26}

This isn't necessarily a bug; constant-folding is inherently a trade-off between compilation time and speed at runtime. XLA has some guards that attempt to keep constant folding from taking too long, but fundamentally you'll always be able to come up with an input program that takes a long time.

If you'd like to file a bug, run with envvar XLA_FLAGS=--xla_dump_to=/tmp/foo and attach the results.
