Parsed parameters:
  max_iter: 1000
  solver_min_p: 1
  profile: False
  precision: float64
  skip_fd: True
--- wa2: Coregional (3-variate) Spatio-Temporal Model (distributed, 4 nodes) ---
Using distributed JAX autodiff (two-phase) with 4 ranks (CoregionalModel, 3 variates)
Two-phase (per-block, RS=per-block, grad_prior=pipeline): JIT compiling all stages...
  compiling Cholesky + forward sub...
  compiling merged bwd+SI...
  compiling prior logdet + gradient...
  compiling quad gradient...
  compiling scalar gradient...
  all stages compiled in 353.7s.

___________________________________ 
___  __ \__    |__  /____  _/__    |
__  / / /_  /| |_  /  __  / __  /| |
_  /_/ /_  ___ |  /____/ /  _  ___ |
/_____/ /_/  |_/_____/___/  /_/  |_|

╔═══════════════════════════════════════════════════════╗
║               Parallelization strategies              ║
║ ╒═══════════════════════════════════════════╤═══════╕ ║
║ │ Participating Processes / Total Processes │ 4 / 4 │ ║
║ ├───────────────────────────────────────────┼───────┤ ║
║ │ Parallelization through F()               │   1   │ ║
║ ├───────────────────────────────────────────┼───────┤ ║
║ │ Parallelization through Q()               │   1   │ ║
║ ├───────────────────────────────────────────┼───────┤ ║
║ │ Parallelization through S()               │   4   │ ║
║ ╘═══════════════════════════════════════════╧═══════╛ ║
╚═══════════════════════════════════════════════════════╝
╔═══════════════════════════════╗
║  Enabled Performance modules  ║
║ ╒═══════════════════╤═══════╕ ║
║ │ Array module      │ cupy  │ ║
║ ├───────────────────┼───────┤ ║
║ │ MPI available     │ True  │ ║
║ ├───────────────────┼───────┤ ║
║ │ Is MPI CUDA aware │ False │ ║
║ ├───────────────────┼───────┤ ║
║ │ Is NCCL available │ False │ ║
║ ╘═══════════════════╧═══════╛ ║
╚═══════════════════════════════╝
╔══════════════════════════════════════╗
║            Memory Report             ║
║ ╒════════════════════════╤═════════╕ ║
║ │ Solver memory          │ 0.00 B  │ ║
║ ├────────────────────────┼─────────┤ ║
║ │ Total memory used      │ 2.51 GB │ ║
║ ├────────────────────────┼─────────┤ ║
║ │ Total memory available │ 2.88 GB │ ║
║ ╘════════════════════════╧═════════╛ ║
╚══════════════════════════════════════╝
DALIA initialized.
Parsed parameters:
  max_iter: 1000
  solver_min_p: 1
  profile: False
  precision: float64
  skip_fd: True
rank 3 | iter 1 | objfunc_time: 213.952805 | energy: node=181938J gpu=118960J cpu=35255J (850W)
First forward+gradient (AD): f=nan, time=383.9701s
Starting optimization.
Using JAX automatic differentiation with JIT compilation (Gaussian likelihood)
rank 0 | iter 1 | objfunc_time: 213.981863 | energy: node=187707J gpu=122372J cpu=41846J (877W)
Parsed parameters:
  max_iter: 1000
  solver_min_p: 1
  profile: False
  precision: float64
  skip_fd: True
rank 2 | iter 1 | objfunc_time: 213.952918 | energy: node=191831J gpu=123101J cpu=43817J (896W)
Parsed parameters:
  max_iter: 1000
  solver_min_p: 1
  profile: False
  precision: float64
  skip_fd: True
rank 1 | iter 1 | objfunc_time: 213.952979 | energy: node=180600J gpu=120849J cpu=34974J (844W)
rank 3 | iter 2 | objfunc_time: 211.930697 | energy: node=180477J gpu=118211J cpu=34897J (852W)
rank 0 | iter 2 | objfunc_time: 211.930720 | energy: node=185622J gpu=121201J cpu=41349J (876W)
rank 1 | iter 2 | objfunc_time: 211.930685 | energy: node=178872J gpu=120378J cpu=34660J (844W)
rank 2 | iter 2 | objfunc_time: 211.930701 | energy: node=190176J gpu=122163J cpu=43398J (897W)
rank 0 | iter 3 | objfunc_time: 212.089977 | energy: node=186323J gpu=122217J cpu=41322J (879W)
rank 3 | iter 3 | objfunc_time: 212.089966 | energy: node=180586J gpu=118133J cpu=34984J (851W)
rank 2 | iter 3 | objfunc_time: 212.089983 | energy: node=190320J gpu=122367J cpu=43461J (897W)
rank 1 | iter 3 | objfunc_time: 212.089985 | energy: node=179479J gpu=120004J cpu=34773J (846W)
rank 3 | iter 4 | objfunc_time: 214.282396 | energy: node=182515J gpu=118900J cpu=35362J (851W)
rank 0 | iter 4 | objfunc_time: 214.420008 | energy: node=187948J gpu=122515J cpu=41904J (876W)
rank 1 | iter 4 | objfunc_time: 214.446848 | energy: node=180973J gpu=121173J cpu=34989J (844W)
rank 2 | iter 4 | objfunc_time: 214.416959 | energy: node=192279J gpu=123540J cpu=43959J (897W)
rank 0 | iter 5 | objfunc_time: 213.996374 | energy: node=187982J gpu=122556J cpu=41885J (878W)
rank 3 | iter 5 | objfunc_time: 213.996347 | energy: node=182157J gpu=119064J cpu=35322J (851W)
rank 2 | iter 5 | objfunc_time: 213.996360 | energy: node=191929J gpu=123824J cpu=43825J (897W)
rank 1 | iter 5 | objfunc_time: 213.996356 | energy: node=180580J gpu=120874J cpu=34921J (844W)
rank 3 | iter 6 | objfunc_time: 213.535377 | energy: node=181797J gpu=118846J cpu=35305J (851W)
rank 0 | iter 6 | objfunc_time: 213.400054 | energy: node=187662J gpu=122295J cpu=41884J (879W)
rank 1 | iter 6 | objfunc_time: 213.564746 | energy: node=179474J gpu=120162J cpu=34762J (840W)
rank 2 | iter 6 | objfunc_time: 213.535449 | energy: node=191534J gpu=122969J cpu=43825J (897W)
rank 0 | iter 7 | objfunc_time: 214.013915 | energy: node=188525J gpu=122721J cpu=41962J (881W)
rank 1 | iter 7 | objfunc_time: 214.013952 | energy: node=178866J gpu=119431J cpu=34701J (836W)
rank 2 | iter 7 | objfunc_time: 214.013953 | energy: node=192105J gpu=123329J cpu=43968J (898W)
rank 3 | iter 7 | objfunc_time: 214.013935 | energy: node=182388J gpu=119274J cpu=35479J (852W)
rank 0 | iter 8 | objfunc_time: 216.033155 | energy: node=188586J gpu=123320J cpu=42042J (873W)
rank 3 | iter 8 | objfunc_time: 216.060029 | energy: node=183398J gpu=119932J cpu=35537J (849W)
rank 1 | iter 8 | objfunc_time: 216.031000 | energy: node=185345J gpu=124843J cpu=36060J (858W)
rank 2 | iter 8 | objfunc_time: 216.030551 | energy: node=193304J gpu=124177J cpu=44246J (895W)
rank 3 | iter 9 | objfunc_time: 215.700272 | energy: node=183042J gpu=120336J cpu=35510J (849W)
rank 2 | iter 9 | objfunc_time: 215.700307 | energy: node=192234J gpu=123751J cpu=43828J (891W)
rank 0 | iter 9 | objfunc_time: 215.700274 | energy: node=186961J gpu=122993J cpu=41754J (867W)
rank 1 | iter 9 | objfunc_time: 215.700264 | energy: node=181224J gpu=121675J cpu=35327J (840W)
rank 0 | iter 10 | objfunc_time: 213.192601 | energy: node=185797J gpu=121998J cpu=41427J (871W)
rank 2 | iter 10 | objfunc_time: 213.163084 | energy: node=190661J gpu=121882J cpu=43525J (894W)
rank 3 | iter 10 | objfunc_time: 213.176363 | energy: node=181461J gpu=118705J cpu=35370J (851W)
rank 1 | iter 10 | objfunc_time: 213.192578 | energy: node=179635J gpu=120520J cpu=34896J (843W)
rank 3 | iter 11 | objfunc_time: 214.344810 | energy: node=182464J gpu=119001J cpu=35547J (851W)
rank 1 | iter 11 | objfunc_time: 214.373989 | energy: node=180259J gpu=120958J cpu=35117J (841W)
rank 0 | iter 11 | objfunc_time: 214.347456 | energy: node=186467J gpu=122449J cpu=41597J (870W)
rank 2 | iter 11 | objfunc_time: 214.344927 | energy: node=191834J gpu=123260J cpu=43736J (895W)
rank 0 | iter 12 | objfunc_time: 213.691558 | energy: node=185394J gpu=121713J cpu=41360J (867W)
rank 2 | iter 12 | objfunc_time: 213.718282 | energy: node=191014J gpu=122906J cpu=43655J (894W)
rank 1 | iter 12 | objfunc_time: 213.688632 | energy: node=179655J gpu=120655J cpu=34889J (841W)
rank 3 | iter 12 | objfunc_time: 213.688819 | energy: node=182144J gpu=119262J cpu=35523J (852W)
rank 3 | iter 13 | objfunc_time: 213.791155 | energy: node=181703J gpu=118859J cpu=35314J (850W)
rank 0 | iter 13 | objfunc_time: 213.764227 | energy: node=185911J gpu=121966J cpu=41487J (870W)
rank 2 | iter 13 | objfunc_time: 213.761723 | energy: node=191072J gpu=122724J cpu=43646J (894W)
rank 1 | iter 13 | objfunc_time: 213.616028 | energy: node=179569J gpu=120366J cpu=34828J (840W)
rank 0 | iter 14 | objfunc_time: 214.287038 | energy: node=187024J gpu=122606J cpu=41646J (873W)
rank 1 | iter 14 | objfunc_time: 214.287032 | energy: node=180553J gpu=121117J cpu=34945J (843W)
rank 3 | iter 14 | objfunc_time: 214.287034 | energy: node=182209J gpu=120159J cpu=35314J (850W)
rank 2 | iter 14 | objfunc_time: 214.287043 | energy: node=191806J gpu=123398J cpu=43876J (895W)
rank 0 | iter 15 | objfunc_time: 213.686850 | energy: node=186848J gpu=122162J cpu=41673J (874W)
rank 3 | iter 15 | objfunc_time: 213.686511 | energy: node=181679J gpu=118797J cpu=35156J (850W)
rank 2 | iter 15 | objfunc_time: 213.713708 | energy: node=191728J gpu=123271J cpu=43882J (897W)
rank 1 | iter 15 | objfunc_time: 213.684205 | energy: node=180260J gpu=121278J cpu=34764J (843W)
rank 3 | iter 16 | objfunc_time: 213.773481 | energy: node=182001J gpu=118340J cpu=35188J (851W)
rank 0 | iter 16 | objfunc_time: 213.773884 | energy: node=187183J gpu=122444J cpu=41628J (876W)
rank 1 | iter 16 | objfunc_time: 213.800370 | energy: node=180414J gpu=121019J cpu=34682J (844W)
rank 2 | iter 16 | objfunc_time: 213.630410 | energy: node=191530J gpu=123117J cpu=43857J (896W)
rank 3 | iter 17 | objfunc_time: 213.657464 | energy: node=181788J gpu=118642J cpu=35019J (850W)
rank 0 | iter 17 | objfunc_time: 213.793872 | energy: node=187372J gpu=122371J cpu=41747J (876W)
rank 1 | iter 17 | objfunc_time: 213.791880 | energy: node=180251J gpu=121044J cpu=34695J (843W)
rank 2 | iter 17 | objfunc_time: 213.820639 | energy: node=192038J gpu=123352J cpu=43835J (898W)
rank 0 | iter 18 | objfunc_time: 214.312037 | energy: node=187412J gpu=122659J cpu=41829J (874W)
rank 3 | iter 18 | objfunc_time: 214.312054 | energy: node=182120J gpu=119264J cpu=35099J (850W)
rank 1 | iter 18 | objfunc_time: 214.312020 | energy: node=180543J gpu=120314J cpu=34802J (842W)
rank 2 | iter 18 | objfunc_time: 214.311989 | energy: node=192477J gpu=124141J cpu=43959J (898W)
rank 3 | iter 19 | objfunc_time: 214.557007 | energy: node=182191J gpu=118542J cpu=35084J (849W)
rank 0 | iter 19 | objfunc_time: 214.556888 | energy: node=186989J gpu=122558J cpu=41623J (871W)
rank 2 | iter 19 | objfunc_time: 214.583787 | energy: node=192238J gpu=123545J cpu=43931J (896W)
rank 1 | iter 19 | objfunc_time: 214.554918 | energy: node=180711J gpu=120816J cpu=34869J (842W)
rank 0 | iter 20 | objfunc_time: 213.565713 | energy: node=187826J gpu=122571J cpu=41783J (879W)
rank 1 | iter 20 | objfunc_time: 213.565677 | energy: node=180609J gpu=120533J cpu=34761J (846W)
rank 3 | iter 20 | objfunc_time: 213.565686 | energy: node=181774J gpu=119200J cpu=34943J (851W)
rank 2 | iter 20 | objfunc_time: 213.565684 | energy: node=192497J gpu=123806J cpu=44110J (901W)
rank 3 | iter 21 | objfunc_time: 214.068157 | energy: node=181746J gpu=118883J cpu=35009J (849W)
rank 0 | iter 21 | objfunc_time: 214.067807 | energy: node=187266J gpu=122217J cpu=41638J (875W)
rank 1 | iter 21 | objfunc_time: 214.065342 | energy: node=180510J gpu=120973J cpu=34901J (843W)
rank 2 | iter 21 | objfunc_time: 214.094598 | energy: node=192000J gpu=123619J cpu=43879J (897W)
rank 0 | iter 22 | objfunc_time: 216.047741 | energy: node=186274J gpu=123685J cpu=41496J (862W)
rank 3 | iter 22 | objfunc_time: 216.047747 | energy: node=179464J gpu=117619J cpu=34581J (831W)
rank 2 | iter 22 | objfunc_time: 216.047743 | energy: node=192411J gpu=123920J cpu=43860J (891W)
rank 1 | iter 22 | objfunc_time: 216.047779 | energy: node=180781J gpu=121819J cpu=35015J (837W)
rank 2 | iter 23 | objfunc_time: 216.912560 | energy: node=193232J gpu=124567J cpu=43931J (891W)
rank 0 | iter 23 | objfunc_time: 216.912566 | energy: node=186832J gpu=123251J cpu=41713J (861W)
rank 1 | iter 23 | objfunc_time: 216.912557 | energy: node=181478J gpu=122061J cpu=35145J (837W)
rank 3 | iter 23 | objfunc_time: 216.912560 | energy: node=187803J gpu=123487J cpu=36051J (866W)
rank 0 | iter 24 | objfunc_time: 213.898760 | energy: node=184640J gpu=121901J cpu=41066J (863W)
rank 3 | iter 24 | objfunc_time: 213.926060 | energy: node=181347J gpu=118373J cpu=34784J (848W)
rank 2 | iter 24 | objfunc_time: 213.909884 | energy: node=190635J gpu=122501J cpu=43452J (891W)
rank 1 | iter 24 | objfunc_time: 213.754420 | energy: node=179121J gpu=120299J cpu=34525J (837W)
rank 2 | iter 25 | objfunc_time: 212.632689 | energy: node=190358J gpu=122514J cpu=43439J (895W)
rank 1 | iter 25 | objfunc_time: 212.632691 | energy: node=178950J gpu=120232J cpu=34442J (842W)
rank 3 | iter 25 | objfunc_time: 212.632654 | energy: node=180517J gpu=118299J cpu=34678J (849W)
rank 0 | iter 25 | objfunc_time: 212.632663 | energy: node=185305J gpu=122206J cpu=41092J (871W)
rank 0 | iter 26 | objfunc_time: 213.556263 | energy: node=186092J gpu=121966J cpu=41519J (871W)
rank 2 | iter 26 | objfunc_time: 213.529687 | energy: node=191382J gpu=122917J cpu=43556J (896W)
rank 3 | iter 26 | objfunc_time: 213.527111 | energy: node=181349J gpu=118870J cpu=34940J (849W)
rank 1 | iter 26 | objfunc_time: 213.527196 | energy: node=179859J gpu=120787J cpu=34587J (842W)
rank 1 | iter 27 | objfunc_time: 213.503523 | energy: node=179875J gpu=120737J cpu=34612J (842W)
rank 2 | iter 27 | objfunc_time: 213.477215 | energy: node=191396J gpu=122307J cpu=43659J (896W)
rank 3 | iter 27 | objfunc_time: 213.327515 | energy: node=181210J gpu=118837J cpu=34846J (849W)
rank 0 | iter 27 | objfunc_time: 213.476919 | energy: node=186287J gpu=121141J cpu=41497J (873W)
rank 0 | iter 28 | objfunc_time: 213.707026 | energy: node=186215J gpu=122069J cpu=41474J (871W)
rank 1 | iter 28 | objfunc_time: 213.678083 | energy: node=179962J gpu=120592J cpu=34639J (842W)
rank 2 | iter 28 | objfunc_time: 213.677578 | energy: node=191550J gpu=123132J cpu=43817J (896W)
rank 3 | iter 28 | objfunc_time: 213.677978 | energy: node=182020J gpu=119190J cpu=34995J (852W)
rank 0 | iter 29 | objfunc_time: 213.601425 | energy: node=186428J gpu=122195J cpu=41463J (873W)
rank 1 | iter 29 | objfunc_time: 213.601420 | energy: node=179938J gpu=120937J cpu=34745J (842W)
rank 2 | iter 29 | objfunc_time: 213.601412 | energy: node=191377J gpu=123026J cpu=43823J (896W)
rank 3 | iter 29 | objfunc_time: 213.601418 | energy: node=181429J gpu=119164J cpu=34795J (849W)
rank 0 | iter 30 | objfunc_time: 213.651274 | energy: node=185651J gpu=121833J cpu=41370J (869W)
rank 1 | iter 30 | objfunc_time: 213.651285 | energy: node=179634J gpu=121511J cpu=34695J (841W)
rank 2 | iter 30 | objfunc_time: 213.651280 | energy: node=191289J gpu=123080J cpu=43681J (895W)
rank 3 | iter 30 | objfunc_time: 213.651322 | energy: node=181092J gpu=118789J cpu=34690J (848W)
rank 0 | iter 31 | objfunc_time: 216.015212 | energy: node=187658J gpu=123378J cpu=41707J (869W)
rank 3 | iter 31 | objfunc_time: 216.015224 | energy: node=183103J gpu=120112J cpu=35169J (848W)
rank 2 | iter 31 | objfunc_time: 216.015219 | energy: node=193178J gpu=124094J cpu=44219J (894W)
rank 1 | iter 31 | objfunc_time: 216.015227 | energy: node=181466J gpu=121910J cpu=35036J (840W)
rank 3 | iter 32 | objfunc_time: 217.369717 | energy: node=184345J gpu=120664J cpu=35540J (848W)
rank 1 | iter 32 | objfunc_time: 217.399567 | energy: node=182620J gpu=122663J cpu=35346J (840W)
rank 2 | iter 32 | objfunc_time: 217.370028 | energy: node=194696J gpu=125178J cpu=44608J (896W)
rank 0 | iter 32 | objfunc_time: 217.372208 | energy: node=189069J gpu=124467J cpu=41962J (870W)
rank 3 | iter 33 | objfunc_time: 217.154042 | energy: node=184456J gpu=120754J cpu=35732J (849W)
rank 0 | iter 33 | objfunc_time: 217.180608 | energy: node=188702J gpu=123756J cpu=42017J (869W)
rank 2 | iter 33 | objfunc_time: 217.151621 | energy: node=194595J gpu=125010J cpu=44625J (896W)
rank 1 | iter 33 | objfunc_time: 217.151237 | energy: node=183018J gpu=123046J cpu=35408J (843W)
rank 0 | iter 34 | objfunc_time: 216.708219 | energy: node=186834J gpu=123329J cpu=41593J (862W)
rank 3 | iter 34 | objfunc_time: 216.431651 | energy: node=183647J gpu=120235J cpu=35449J (847W)
rank 1 | iter 34 | objfunc_time: 216.735142 | energy: node=181366J gpu=121975J cpu=35201J (837W)
rank 2 | iter 34 | objfunc_time: 216.735137 | energy: node=193246J gpu=124400J cpu=44220J (892W)
rank 0 | iter 35 | objfunc_time: 217.543854 | energy: node=186892J gpu=122844J cpu=41372J (859W)
rank 1 | iter 35 | objfunc_time: 217.543898 | energy: node=181528J gpu=122352J cpu=35262J (834W)
rank 3 | iter 35 | objfunc_time: 217.543832 | energy: node=184572J gpu=120934J cpu=35510J (848W)
rank 2 | iter 35 | objfunc_time: 217.543888 | energy: node=193353J gpu=125405J cpu=44155J (889W)
rank 0 | iter 36 | objfunc_time: 216.742850 | energy: node=186378J gpu=123402J cpu=41275J (860W)
rank 3 | iter 36 | objfunc_time: 216.742912 | energy: node=183023J gpu=120144J cpu=35019J (844W)
rank 2 | iter 36 | objfunc_time: 216.742821 | energy: node=192763J gpu=124280J cpu=44055J (889W)
rank 1 | iter 36 | objfunc_time: 216.742810 | energy: node=181091J gpu=122506J cpu=35265J (836W)
rank 0 | iter 37 | objfunc_time: 216.951489 | energy: node=186700J gpu=123375J cpu=41279J (860W)
rank 3 | iter 37 | objfunc_time: 216.948769 | energy: node=183477J gpu=120162J cpu=35037J (846W)
rank 2 | iter 37 | objfunc_time: 216.978062 | energy: node=193285J gpu=124504J cpu=44198J (891W)
rank 1 | iter 37 | objfunc_time: 216.978072 | energy: node=181612J gpu=122316J cpu=35381J (837W)
rank 0 | iter 38 | objfunc_time: 217.206552 | energy: node=187337J gpu=123564J cpu=41422J (862W)
rank 1 | iter 38 | objfunc_time: 217.233478 | energy: node=182039J gpu=122778J cpu=35460J (838W)
rank 2 | iter 38 | objfunc_time: 217.063637 | energy: node=193837J gpu=124472J cpu=44350J (892W)
rank 3 | iter 38 | objfunc_time: 217.069033 | energy: node=183956J gpu=120585J cpu=35191J (847W)
rank 0 | iter 39 | objfunc_time: 216.541784 | energy: node=188183J gpu=124267J cpu=41421J (869W)
rank 1 | iter 39 | objfunc_time: 216.539117 | energy: node=182041J gpu=121536J cpu=35454J (841W)
rank 3 | iter 39 | objfunc_time: 216.568349 | energy: node=183662J gpu=120573J cpu=35063J (848W)
rank 2 | iter 39 | objfunc_time: 216.538733 | energy: node=194020J gpu=124951J cpu=44375J (896W)
rank 3 | iter 40 | objfunc_time: 216.676434 | energy: node=183479J gpu=120660J cpu=34915J (847W)
rank 0 | iter 40 | objfunc_time: 216.676429 | energy: node=188742J gpu=123961J cpu=41621J (871W)
rank 3 | optimization summary: n_iters=40 | objfunc_time: mean=214.707367 std=1.549845 min=211.930697 max=217.543832
rank 0 | optimization summary: n_iters=40 | objfunc_time: mean=214.725753 std=1.558821 min=211.930720 max=217.543854
rank 3 | energy per gradient (node): mean=182388J std=1430J total=7295529J | gpu: mean=119419J
rank 0 | energy per gradient (node): mean=186976J std=1029J total=7479024J | gpu: mean=122662J
Optimization did not converge. FAILURE MSG:  ABNORMAL: 
Optimization completed in 8810.63s
Starting Hessian computation...
rank 1 | iter 40 | objfunc_time: 216.676448 | energy: node=180091J gpu=120883J cpu=35026J (831W)
rank 1 | optimization summary: n_iters=40 | objfunc_time: mean=214.724586 std=1.563195 min=211.930685 max=217.543898
rank 1 | energy per gradient (node): mean=180621J std=1237J total=7224852J | gpu: mean=121248J
rank 2 | iter 40 | objfunc_time: 216.676427 | energy: node=194232J gpu=124352J cpu=44561J (896W)
rank 2 | optimization summary: n_iters=40 | objfunc_time: mean=214.722967 std=1.553735 min=211.930701 max=217.543888
rank 2 | energy per gradient (node): mean=192186J std=1150J total=7687442J | gpu: mean=123571J
comm_rank: 3 | Hessian column 1/15 (439.53s)
comm_rank: 0 | Hessian column 1/15 (439.53s)
comm_rank: 1 | Hessian column 1/15 (439.53s)
comm_rank: 2 | Hessian column 1/15 (439.53s)
comm_rank: 2 | Hessian column 2/15 (437.30s)
comm_rank: 3 | Hessian column 2/15 (437.30s)
comm_rank: 0 | Hessian column 2/15 (437.31s)
comm_rank: 1 | Hessian column 2/15 (437.30s)
comm_rank: 3 | Hessian column 3/15 (438.58s)
comm_rank: 0 | Hessian column 3/15 (438.58s)
comm_rank: 1 | Hessian column 3/15 (438.58s)
comm_rank: 2 | Hessian column 3/15 (438.58s)
comm_rank: 3 | Hessian column 4/15 (437.78s)
comm_rank: 0 | Hessian column 4/15 (437.78s)
comm_rank: 1 | Hessian column 4/15 (437.78s)
comm_rank: 2 | Hessian column 4/15 (437.78s)
comm_rank: 2 | Hessian column 5/15 (439.29s)
comm_rank: 3 | Hessian column 5/15 (439.30s)
comm_rank: 0 | Hessian column 5/15 (439.30s)
comm_rank: 1 | Hessian column 5/15 (439.30s)
comm_rank: 2 | Hessian column 6/15 (439.32s)
comm_rank: 0 | Hessian column 6/15 (439.32s)
comm_rank: 1 | Hessian column 6/15 (439.32s)
comm_rank: 3 | Hessian column 6/15 (439.32s)
comm_rank: 2 | Hessian column 7/15 (436.09s)
comm_rank: 3 | Hessian column 7/15 (436.09s)
comm_rank: 0 | Hessian column 7/15 (436.09s)
comm_rank: 1 | Hessian column 7/15 (436.09s)
comm_rank: 2 | Hessian column 8/15 (437.55s)
comm_rank: 3 | Hessian column 8/15 (437.55s)
comm_rank: 1 | Hessian column 8/15 (437.54s)
comm_rank: 0 | Hessian column 8/15 (437.54s)
comm_rank: 2 | Hessian column 9/15 (437.34s)
comm_rank: 1 | Hessian column 9/15 (437.33s)
comm_rank: 0 | Hessian column 9/15 (437.33s)
comm_rank: 3 | Hessian column 9/15 (437.33s)
comm_rank: 1 | Hessian column 10/15 (437.61s)
comm_rank: 2 | Hessian column 10/15 (437.61s)
comm_rank: 0 | Hessian column 10/15 (437.61s)
comm_rank: 3 | Hessian column 10/15 (437.61s)
comm_rank: 3 | Hessian column 11/15 (433.03s)
comm_rank: 1 | Hessian column 11/15 (433.03s)
comm_rank: 2 | Hessian column 11/15 (433.04s)
comm_rank: 0 | Hessian column 11/15 (433.03s)
comm_rank: 2 | Hessian column 12/15 (434.53s)
comm_rank: 0 | Hessian column 12/15 (434.53s)
comm_rank: 3 | Hessian column 12/15 (434.54s)
comm_rank: 1 | Hessian column 12/15 (434.54s)
comm_rank: 3 | Hessian column 13/15 (437.44s)
comm_rank: 0 | Hessian column 13/15 (437.45s)
comm_rank: 1 | Hessian column 13/15 (437.44s)
comm_rank: 2 | Hessian column 13/15 (437.45s)
comm_rank: 1 | Hessian column 14/15 (438.84s)
comm_rank: 0 | Hessian column 14/15 (438.84s)
comm_rank: 3 | Hessian column 14/15 (438.84s)
comm_rank: 2 | Hessian column 14/15 (438.84s)
comm_rank: 3 | Hessian column 15/15 (440.23s)
comm_rank: 2 | Hessian column 15/15 (440.23s)
comm_rank: 0 | Hessian column 15/15 (440.24s)
comm_rank: 1 | Hessian column 15/15 (440.24s)
Job finished at Sat 14 Mar 2026 11:21:29 PM CET
