W0314 18:52:19.856428   30216 cuda_executor.cc:1802] GPU interconnect information not available: INTERNAL: NVML doesn't support extracting fabric info or NVLink is not used by the device.
W0314 18:52:19.858447   30215 cuda_executor.cc:1802] GPU interconnect information not available: INTERNAL: NVML doesn't support extracting fabric info or NVLink is not used by the device.
W0314 18:52:19.863940   30214 cuda_executor.cc:1802] GPU interconnect information not available: INTERNAL: NVML doesn't support extracting fabric info or NVLink is not used by the device.
W0314 18:52:19.867355   30213 cuda_executor.cc:1802] GPU interconnect information not available: INTERNAL: NVML doesn't support extracting fabric info or NVLink is not used by the device.
W0314 18:52:19.883133  179771 cuda_executor.cc:1802] GPU interconnect information not available: INTERNAL: NVML doesn't support extracting fabric info or NVLink is not used by the device.
W0314 18:52:19.889462  179772 cuda_executor.cc:1802] GPU interconnect information not available: INTERNAL: NVML doesn't support extracting fabric info or NVLink is not used by the device.
W0314 18:52:19.891671  179770 cuda_executor.cc:1802] GPU interconnect information not available: INTERNAL: NVML doesn't support extracting fabric info or NVLink is not used by the device.
W0314 18:52:19.892571  179769 cuda_executor.cc:1802] GPU interconnect information not available: INTERNAL: NVML doesn't support extracting fabric info or NVLink is not used by the device.
W0314 18:52:20.009161  194659 cuda_executor.cc:1802] GPU interconnect information not available: INTERNAL: NVML doesn't support extracting fabric info or NVLink is not used by the device.
W0314 18:52:20.014499  194658 cuda_executor.cc:1802] GPU interconnect information not available: INTERNAL: NVML doesn't support extracting fabric info or NVLink is not used by the device.
W0314 18:52:20.022450  194660 cuda_executor.cc:1802] GPU interconnect information not available: INTERNAL: NVML doesn't support extracting fabric info or NVLink is not used by the device.
W0314 18:52:20.027550  194657 cuda_executor.cc:1802] GPU interconnect information not available: INTERNAL: NVML doesn't support extracting fabric info or NVLink is not used by the device.
W0314 18:52:20.227039   29473 cuda_executor.cc:1802] GPU interconnect information not available: INTERNAL: NVML doesn't support extracting fabric info or NVLink is not used by the device.
W0314 18:52:20.254218  179015 cuda_executor.cc:1802] GPU interconnect information not available: INTERNAL: NVML doesn't support extracting fabric info or NVLink is not used by the device.
W0314 18:52:20.258589   29473 cuda_executor.cc:1802] GPU interconnect information not available: INTERNAL: NVML doesn't support extracting fabric info or NVLink is not used by the device.
W0314 18:52:20.286245  179015 cuda_executor.cc:1802] GPU interconnect information not available: INTERNAL: NVML doesn't support extracting fabric info or NVLink is not used by the device.
W0314 18:52:20.288689  191228 cuda_executor.cc:1802] GPU interconnect information not available: INTERNAL: NVML doesn't support extracting fabric info or NVLink is not used by the device.
W0314 18:52:20.290266   29473 cuda_executor.cc:1802] GPU interconnect information not available: INTERNAL: NVML doesn't support extracting fabric info or NVLink is not used by the device.
W0314 18:52:20.290403  191226 cuda_executor.cc:1802] GPU interconnect information not available: INTERNAL: NVML doesn't support extracting fabric info or NVLink is not used by the device.
W0314 18:52:20.306135  191227 cuda_executor.cc:1802] GPU interconnect information not available: INTERNAL: NVML doesn't support extracting fabric info or NVLink is not used by the device.
W0314 18:52:20.308693  191224 cuda_executor.cc:1802] GPU interconnect information not available: INTERNAL: NVML doesn't support extracting fabric info or NVLink is not used by the device.
W0314 18:52:20.319961  179015 cuda_executor.cc:1802] GPU interconnect information not available: INTERNAL: NVML doesn't support extracting fabric info or NVLink is not used by the device.
W0314 18:52:20.322105   29473 cuda_executor.cc:1802] GPU interconnect information not available: INTERNAL: NVML doesn't support extracting fabric info or NVLink is not used by the device.
W0314 18:52:20.350613  179015 cuda_executor.cc:1802] GPU interconnect information not available: INTERNAL: NVML doesn't support extracting fabric info or NVLink is not used by the device.
W0314 18:52:20.392742  193902 cuda_executor.cc:1802] GPU interconnect information not available: INTERNAL: NVML doesn't support extracting fabric info or NVLink is not used by the device.
W0314 18:52:20.424665  193902 cuda_executor.cc:1802] GPU interconnect information not available: INTERNAL: NVML doesn't support extracting fabric info or NVLink is not used by the device.
W0314 18:52:20.456085  193902 cuda_executor.cc:1802] GPU interconnect information not available: INTERNAL: NVML doesn't support extracting fabric info or NVLink is not used by the device.
W0314 18:52:20.487023  193902 cuda_executor.cc:1802] GPU interconnect information not available: INTERNAL: NVML doesn't support extracting fabric info or NVLink is not used by the device.
W0314 18:52:20.675353  190488 cuda_executor.cc:1802] GPU interconnect information not available: INTERNAL: NVML doesn't support extracting fabric info or NVLink is not used by the device.
W0314 18:52:20.709832  190488 cuda_executor.cc:1802] GPU interconnect information not available: INTERNAL: NVML doesn't support extracting fabric info or NVLink is not used by the device.
W0314 18:52:20.741008  190488 cuda_executor.cc:1802] GPU interconnect information not available: INTERNAL: NVML doesn't support extracting fabric info or NVLink is not used by the device.
W0314 18:52:20.773563  190488 cuda_executor.cc:1802] GPU interconnect information not available: INTERNAL: NVML doesn't support extracting fabric info or NVLink is not used by the device.
/users/aboudaou/miniconda3/envs/serinv-env/lib/python3.11/site-packages/mpi4jax/_src/decorators.py:60: UserWarning: Not using CUDA-enabled MPI. If you are sure that your MPI library is built with CUDA support, set MPI4JAX_USE_CUDA_MPI=1. To silence this warning, set MPI4JAX_USE_CUDA_MPI=0.
  warnings.warn(warn_msg)
/users/aboudaou/miniconda3/envs/serinv-env/lib/python3.11/site-packages/mpi4jax/_src/decorators.py:60: UserWarning: Not using CUDA-enabled MPI. If you are sure that your MPI library is built with CUDA support, set MPI4JAX_USE_CUDA_MPI=1. To silence this warning, set MPI4JAX_USE_CUDA_MPI=0.
  warnings.warn(warn_msg)
/users/aboudaou/miniconda3/envs/serinv-env/lib/python3.11/site-packages/mpi4jax/_src/decorators.py:60: UserWarning: Not using CUDA-enabled MPI. If you are sure that your MPI library is built with CUDA support, set MPI4JAX_USE_CUDA_MPI=1. To silence this warning, set MPI4JAX_USE_CUDA_MPI=0.
  warnings.warn(warn_msg)
/users/aboudaou/miniconda3/envs/serinv-env/lib/python3.11/site-packages/mpi4jax/_src/decorators.py:60: UserWarning: Not using CUDA-enabled MPI. If you are sure that your MPI library is built with CUDA support, set MPI4JAX_USE_CUDA_MPI=1. To silence this warning, set MPI4JAX_USE_CUDA_MPI=0.
  warnings.warn(warn_msg)
E0314 18:57:42.518365  194970 slow_operation_alarm.cc:73] Constant folding an instruction is taking > 1s:

  %scatter-add.51 = f64[645843]{0} scatter(%broadcast.20, %constant.988, %constant.1162), update_window_dims={1}, inserted_window_dims={}, scatter_dims_to_operand_dims={0}, index_vector_dim=1, to_apply=%region_42.51, metadata={op_name="jit(_grad_quad_fn_jit)/scatter-add" source_file="/capstor/scratch/cscs/aboudaou/workspace/dalia/DALIA/src/dalia/core/autodiff/distributed.py" source_line=486 source_end_line=486 source_column=16 source_end_column=26}

This isn't necessarily a bug; constant-folding is inherently a trade-off between compilation time and speed at runtime. XLA has some guards that attempt to keep constant folding from taking too long, but fundamentally you'll always be able to come up with an input program that takes a long time.

If you'd like to file a bug, run with envvar XLA_FLAGS=--xla_dump_to=/tmp/foo and attach the results.
E0314 18:57:42.586023  180085 slow_operation_alarm.cc:73] Constant folding an instruction is taking > 1s:

  %scatter-add.51 = f64[645843]{0} scatter(%broadcast.20, %constant.987, %constant.1161), update_window_dims={1}, inserted_window_dims={}, scatter_dims_to_operand_dims={0}, index_vector_dim=1, to_apply=%region_42.51, metadata={op_name="jit(_grad_quad_fn_jit)/scatter-add" source_file="/capstor/scratch/cscs/aboudaou/workspace/dalia/DALIA/src/dalia/core/autodiff/distributed.py" source_line=486 source_end_line=486 source_column=16 source_end_column=26}

This isn't necessarily a bug; constant-folding is inherently a trade-off between compilation time and speed at runtime. XLA has some guards that attempt to keep constant folding from taking too long, but fundamentally you'll always be able to come up with an input program that takes a long time.

If you'd like to file a bug, run with envvar XLA_FLAGS=--xla_dump_to=/tmp/foo and attach the results.
E0314 18:57:42.765997  191543 slow_operation_alarm.cc:73] Constant folding an instruction is taking > 1s:

  %scatter-add.51 = f64[645843]{0} scatter(%broadcast.20, %constant.984, %constant.1158), update_window_dims={1}, inserted_window_dims={}, scatter_dims_to_operand_dims={0}, index_vector_dim=1, to_apply=%region_42.51, metadata={op_name="jit(_grad_quad_fn_jit)/scatter-add" source_file="/capstor/scratch/cscs/aboudaou/workspace/dalia/DALIA/src/dalia/core/autodiff/distributed.py" source_line=486 source_end_line=486 source_column=16 source_end_column=26}

This isn't necessarily a bug; constant-folding is inherently a trade-off between compilation time and speed at runtime. XLA has some guards that attempt to keep constant folding from taking too long, but fundamentally you'll always be able to come up with an input program that takes a long time.

If you'd like to file a bug, run with envvar XLA_FLAGS=--xla_dump_to=/tmp/foo and attach the results.
E0314 18:57:45.733144   30533 slow_operation_alarm.cc:73] Constant folding an instruction is taking > 1s:

  %scatter-add.51 = f64[645843]{0} scatter(%broadcast.22, %constant.1247, %constant.1416), update_window_dims={1}, inserted_window_dims={}, scatter_dims_to_operand_dims={0}, index_vector_dim=1, to_apply=%region_66.75, metadata={op_name="jit(_grad_quad_fn_jit)/scatter-add" source_file="/capstor/scratch/cscs/aboudaou/workspace/dalia/DALIA/src/dalia/core/autodiff/distributed.py" source_line=486 source_end_line=486 source_column=16 source_end_column=26}

This isn't necessarily a bug; constant-folding is inherently a trade-off between compilation time and speed at runtime. XLA has some guards that attempt to keep constant folding from taking too long, but fundamentally you'll always be able to come up with an input program that takes a long time.

If you'd like to file a bug, run with envvar XLA_FLAGS=--xla_dump_to=/tmp/foo and attach the results.
E0314 18:57:58.250828  193902 slow_operation_alarm.cc:140] The operation took 16.732570749s
Constant folding an instruction is taking > 1s:

  %scatter-add.51 = f64[645843]{0} scatter(%broadcast.20, %constant.988, %constant.1162), update_window_dims={1}, inserted_window_dims={}, scatter_dims_to_operand_dims={0}, index_vector_dim=1, to_apply=%region_42.51, metadata={op_name="jit(_grad_quad_fn_jit)/scatter-add" source_file="/capstor/scratch/cscs/aboudaou/workspace/dalia/DALIA/src/dalia/core/autodiff/distributed.py" source_line=486 source_end_line=486 source_column=16 source_end_column=26}

This isn't necessarily a bug; constant-folding is inherently a trade-off between compilation time and speed at runtime. XLA has some guards that attempt to keep constant folding from taking too long, but fundamentally you'll always be able to come up with an input program that takes a long time.

If you'd like to file a bug, run with envvar XLA_FLAGS=--xla_dump_to=/tmp/foo and attach the results.
E0314 18:57:58.472820  179015 slow_operation_alarm.cc:140] The operation took 16.88686634s
Constant folding an instruction is taking > 1s:

  %scatter-add.51 = f64[645843]{0} scatter(%broadcast.20, %constant.987, %constant.1161), update_window_dims={1}, inserted_window_dims={}, scatter_dims_to_operand_dims={0}, index_vector_dim=1, to_apply=%region_42.51, metadata={op_name="jit(_grad_quad_fn_jit)/scatter-add" source_file="/capstor/scratch/cscs/aboudaou/workspace/dalia/DALIA/src/dalia/core/autodiff/distributed.py" source_line=486 source_end_line=486 source_column=16 source_end_column=26}

This isn't necessarily a bug; constant-folding is inherently a trade-off between compilation time and speed at runtime. XLA has some guards that attempt to keep constant folding from taking too long, but fundamentally you'll always be able to come up with an input program that takes a long time.

If you'd like to file a bug, run with envvar XLA_FLAGS=--xla_dump_to=/tmp/foo and attach the results.
E0314 18:57:59.524439  190488 slow_operation_alarm.cc:140] The operation took 17.758556072s
Constant folding an instruction is taking > 1s:

  %scatter-add.51 = f64[645843]{0} scatter(%broadcast.20, %constant.984, %constant.1158), update_window_dims={1}, inserted_window_dims={}, scatter_dims_to_operand_dims={0}, index_vector_dim=1, to_apply=%region_42.51, metadata={op_name="jit(_grad_quad_fn_jit)/scatter-add" source_file="/capstor/scratch/cscs/aboudaou/workspace/dalia/DALIA/src/dalia/core/autodiff/distributed.py" source_line=486 source_end_line=486 source_column=16 source_end_column=26}

This isn't necessarily a bug; constant-folding is inherently a trade-off between compilation time and speed at runtime. XLA has some guards that attempt to keep constant folding from taking too long, but fundamentally you'll always be able to come up with an input program that takes a long time.

If you'd like to file a bug, run with envvar XLA_FLAGS=--xla_dump_to=/tmp/foo and attach the results.
E0314 18:58:00.270953  194970 slow_operation_alarm.cc:73] Constant folding an instruction is taking > 2s:

  %scatter-add.52 = f64[645843]{0} scatter(%broadcast.20, %constant.988, %constant.1169), update_window_dims={1}, inserted_window_dims={}, scatter_dims_to_operand_dims={0}, index_vector_dim=1, to_apply=%region_76.85, metadata={op_name="jit(_grad_quad_fn_jit)/scatter-add" source_file="/capstor/scratch/cscs/aboudaou/workspace/dalia/DALIA/src/dalia/core/autodiff/distributed.py" source_line=486 source_end_line=486 source_column=16 source_end_column=26}

This isn't necessarily a bug; constant-folding is inherently a trade-off between compilation time and speed at runtime. XLA has some guards that attempt to keep constant folding from taking too long, but fundamentally you'll always be able to come up with an input program that takes a long time.

If you'd like to file a bug, run with envvar XLA_FLAGS=--xla_dump_to=/tmp/foo and attach the results.
E0314 18:58:00.492303  180085 slow_operation_alarm.cc:73] Constant folding an instruction is taking > 2s:

  %scatter-add.52 = f64[645843]{0} scatter(%broadcast.20, %constant.987, %constant.1168), update_window_dims={1}, inserted_window_dims={}, scatter_dims_to_operand_dims={0}, index_vector_dim=1, to_apply=%region_76.85, metadata={op_name="jit(_grad_quad_fn_jit)/scatter-add" source_file="/capstor/scratch/cscs/aboudaou/workspace/dalia/DALIA/src/dalia/core/autodiff/distributed.py" source_line=486 source_end_line=486 source_column=16 source_end_column=26}

This isn't necessarily a bug; constant-folding is inherently a trade-off between compilation time and speed at runtime. XLA has some guards that attempt to keep constant folding from taking too long, but fundamentally you'll always be able to come up with an input program that takes a long time.

If you'd like to file a bug, run with envvar XLA_FLAGS=--xla_dump_to=/tmp/foo and attach the results.
E0314 18:58:01.544181  191543 slow_operation_alarm.cc:73] Constant folding an instruction is taking > 2s:

  %scatter-add.52 = f64[645843]{0} scatter(%broadcast.20, %constant.984, %constant.1165), update_window_dims={1}, inserted_window_dims={}, scatter_dims_to_operand_dims={0}, index_vector_dim=1, to_apply=%region_76.85, metadata={op_name="jit(_grad_quad_fn_jit)/scatter-add" source_file="/capstor/scratch/cscs/aboudaou/workspace/dalia/DALIA/src/dalia/core/autodiff/distributed.py" source_line=486 source_end_line=486 source_column=16 source_end_column=26}

This isn't necessarily a bug; constant-folding is inherently a trade-off between compilation time and speed at runtime. XLA has some guards that attempt to keep constant folding from taking too long, but fundamentally you'll always be able to come up with an input program that takes a long time.

If you'd like to file a bug, run with envvar XLA_FLAGS=--xla_dump_to=/tmp/foo and attach the results.
E0314 18:58:02.030281   29473 slow_operation_alarm.cc:140] The operation took 17.297215264s
Constant folding an instruction is taking > 1s:

  %scatter-add.51 = f64[645843]{0} scatter(%broadcast.22, %constant.1247, %constant.1416), update_window_dims={1}, inserted_window_dims={}, scatter_dims_to_operand_dims={0}, index_vector_dim=1, to_apply=%region_66.75, metadata={op_name="jit(_grad_quad_fn_jit)/scatter-add" source_file="/capstor/scratch/cscs/aboudaou/workspace/dalia/DALIA/src/dalia/core/autodiff/distributed.py" source_line=486 source_end_line=486 source_column=16 source_end_column=26}

This isn't necessarily a bug; constant-folding is inherently a trade-off between compilation time and speed at runtime. XLA has some guards that attempt to keep constant folding from taking too long, but fundamentally you'll always be able to come up with an input program that takes a long time.

If you'd like to file a bug, run with envvar XLA_FLAGS=--xla_dump_to=/tmp/foo and attach the results.
E0314 18:58:04.055069   30533 slow_operation_alarm.cc:73] Constant folding an instruction is taking > 2s:

  %scatter-add.52 = f64[645843]{0} scatter(%broadcast.22, %constant.1247, %constant.1423), update_window_dims={1}, inserted_window_dims={}, scatter_dims_to_operand_dims={0}, index_vector_dim=1, to_apply=%region_124.133, metadata={op_name="jit(_grad_quad_fn_jit)/scatter-add" source_file="/capstor/scratch/cscs/aboudaou/workspace/dalia/DALIA/src/dalia/core/autodiff/distributed.py" source_line=486 source_end_line=486 source_column=16 source_end_column=26}

This isn't necessarily a bug; constant-folding is inherently a trade-off between compilation time and speed at runtime. XLA has some guards that attempt to keep constant folding from taking too long, but fundamentally you'll always be able to come up with an input program that takes a long time.

If you'd like to file a bug, run with envvar XLA_FLAGS=--xla_dump_to=/tmp/foo and attach the results.
E0314 18:58:14.973159  193902 slow_operation_alarm.cc:140] The operation took 16.702312003s
Constant folding an instruction is taking > 2s:

  %scatter-add.52 = f64[645843]{0} scatter(%broadcast.20, %constant.988, %constant.1169), update_window_dims={1}, inserted_window_dims={}, scatter_dims_to_operand_dims={0}, index_vector_dim=1, to_apply=%region_76.85, metadata={op_name="jit(_grad_quad_fn_jit)/scatter-add" source_file="/capstor/scratch/cscs/aboudaou/workspace/dalia/DALIA/src/dalia/core/autodiff/distributed.py" source_line=486 source_end_line=486 source_column=16 source_end_column=26}

This isn't necessarily a bug; constant-folding is inherently a trade-off between compilation time and speed at runtime. XLA has some guards that attempt to keep constant folding from taking too long, but fundamentally you'll always be able to come up with an input program that takes a long time.

If you'd like to file a bug, run with envvar XLA_FLAGS=--xla_dump_to=/tmp/foo and attach the results.
E0314 18:58:15.486565  179015 slow_operation_alarm.cc:140] The operation took 16.994358669s
Constant folding an instruction is taking > 2s:

  %scatter-add.52 = f64[645843]{0} scatter(%broadcast.20, %constant.987, %constant.1168), update_window_dims={1}, inserted_window_dims={}, scatter_dims_to_operand_dims={0}, index_vector_dim=1, to_apply=%region_76.85, metadata={op_name="jit(_grad_quad_fn_jit)/scatter-add" source_file="/capstor/scratch/cscs/aboudaou/workspace/dalia/DALIA/src/dalia/core/autodiff/distributed.py" source_line=486 source_end_line=486 source_column=16 source_end_column=26}

This isn't necessarily a bug; constant-folding is inherently a trade-off between compilation time and speed at runtime. XLA has some guards that attempt to keep constant folding from taking too long, but fundamentally you'll always be able to come up with an input program that takes a long time.

If you'd like to file a bug, run with envvar XLA_FLAGS=--xla_dump_to=/tmp/foo and attach the results.
E0314 18:58:17.337976  190488 slow_operation_alarm.cc:140] The operation took 17.793874128s
Constant folding an instruction is taking > 2s:

  %scatter-add.52 = f64[645843]{0} scatter(%broadcast.20, %constant.984, %constant.1165), update_window_dims={1}, inserted_window_dims={}, scatter_dims_to_operand_dims={0}, index_vector_dim=1, to_apply=%region_76.85, metadata={op_name="jit(_grad_quad_fn_jit)/scatter-add" source_file="/capstor/scratch/cscs/aboudaou/workspace/dalia/DALIA/src/dalia/core/autodiff/distributed.py" source_line=486 source_end_line=486 source_column=16 source_end_column=26}

This isn't necessarily a bug; constant-folding is inherently a trade-off between compilation time and speed at runtime. XLA has some guards that attempt to keep constant folding from taking too long, but fundamentally you'll always be able to come up with an input program that takes a long time.

If you'd like to file a bug, run with envvar XLA_FLAGS=--xla_dump_to=/tmp/foo and attach the results.
E0314 18:58:18.994053  194970 slow_operation_alarm.cc:73] Constant folding an instruction is taking > 4s:

  %scatter-add.53 = f64[645843]{0} scatter(%broadcast.20, %constant.988, %constant.1174), update_window_dims={1}, inserted_window_dims={}, scatter_dims_to_operand_dims={0}, index_vector_dim=1, to_apply=%region_110.119, metadata={op_name="jit(_grad_quad_fn_jit)/scatter-add" source_file="/capstor/scratch/cscs/aboudaou/workspace/dalia/DALIA/src/dalia/core/autodiff/distributed.py" source_line=486 source_end_line=486 source_column=16 source_end_column=26}

This isn't necessarily a bug; constant-folding is inherently a trade-off between compilation time and speed at runtime. XLA has some guards that attempt to keep constant folding from taking too long, but fundamentally you'll always be able to come up with an input program that takes a long time.

If you'd like to file a bug, run with envvar XLA_FLAGS=--xla_dump_to=/tmp/foo and attach the results.
E0314 18:58:19.244572   29473 slow_operation_alarm.cc:140] The operation took 17.189593914s
Constant folding an instruction is taking > 2s:

  %scatter-add.52 = f64[645843]{0} scatter(%broadcast.22, %constant.1247, %constant.1423), update_window_dims={1}, inserted_window_dims={}, scatter_dims_to_operand_dims={0}, index_vector_dim=1, to_apply=%region_124.133, metadata={op_name="jit(_grad_quad_fn_jit)/scatter-add" source_file="/capstor/scratch/cscs/aboudaou/workspace/dalia/DALIA/src/dalia/core/autodiff/distributed.py" source_line=486 source_end_line=486 source_column=16 source_end_column=26}

This isn't necessarily a bug; constant-folding is inherently a trade-off between compilation time and speed at runtime. XLA has some guards that attempt to keep constant folding from taking too long, but fundamentally you'll always be able to come up with an input program that takes a long time.

If you'd like to file a bug, run with envvar XLA_FLAGS=--xla_dump_to=/tmp/foo and attach the results.
E0314 18:58:19.507674  180085 slow_operation_alarm.cc:73] Constant folding an instruction is taking > 4s:

  %scatter-add.53 = f64[645843]{0} scatter(%broadcast.20, %constant.987, %constant.1173), update_window_dims={1}, inserted_window_dims={}, scatter_dims_to_operand_dims={0}, index_vector_dim=1, to_apply=%region_110.119, metadata={op_name="jit(_grad_quad_fn_jit)/scatter-add" source_file="/capstor/scratch/cscs/aboudaou/workspace/dalia/DALIA/src/dalia/core/autodiff/distributed.py" source_line=486 source_end_line=486 source_column=16 source_end_column=26}

This isn't necessarily a bug; constant-folding is inherently a trade-off between compilation time and speed at runtime. XLA has some guards that attempt to keep constant folding from taking too long, but fundamentally you'll always be able to come up with an input program that takes a long time.

If you'd like to file a bug, run with envvar XLA_FLAGS=--xla_dump_to=/tmp/foo and attach the results.
E0314 18:58:21.358810  191543 slow_operation_alarm.cc:73] Constant folding an instruction is taking > 4s:

  %scatter-add.53 = f64[645843]{0} scatter(%broadcast.20, %constant.984, %constant.1170), update_window_dims={1}, inserted_window_dims={}, scatter_dims_to_operand_dims={0}, index_vector_dim=1, to_apply=%region_110.119, metadata={op_name="jit(_grad_quad_fn_jit)/scatter-add" source_file="/capstor/scratch/cscs/aboudaou/workspace/dalia/DALIA/src/dalia/core/autodiff/distributed.py" source_line=486 source_end_line=486 source_column=16 source_end_column=26}

This isn't necessarily a bug; constant-folding is inherently a trade-off between compilation time and speed at runtime. XLA has some guards that attempt to keep constant folding from taking too long, but fundamentally you'll always be able to come up with an input program that takes a long time.

If you'd like to file a bug, run with envvar XLA_FLAGS=--xla_dump_to=/tmp/foo and attach the results.
E0314 18:58:23.265437   30533 slow_operation_alarm.cc:73] Constant folding an instruction is taking > 4s:

  %scatter-add.53 = f64[645843]{0} scatter(%broadcast.22, %constant.1247, %constant.1428), update_window_dims={1}, inserted_window_dims={}, scatter_dims_to_operand_dims={0}, index_vector_dim=1, to_apply=%region_182.191, metadata={op_name="jit(_grad_quad_fn_jit)/scatter-add" source_file="/capstor/scratch/cscs/aboudaou/workspace/dalia/DALIA/src/dalia/core/autodiff/distributed.py" source_line=486 source_end_line=486 source_column=16 source_end_column=26}

This isn't necessarily a bug; constant-folding is inherently a trade-off between compilation time and speed at runtime. XLA has some guards that attempt to keep constant folding from taking too long, but fundamentally you'll always be able to come up with an input program that takes a long time.

If you'd like to file a bug, run with envvar XLA_FLAGS=--xla_dump_to=/tmp/foo and attach the results.
E0314 18:58:31.718337  193902 slow_operation_alarm.cc:140] The operation took 16.724378377s
Constant folding an instruction is taking > 4s:

  %scatter-add.53 = f64[645843]{0} scatter(%broadcast.20, %constant.988, %constant.1174), update_window_dims={1}, inserted_window_dims={}, scatter_dims_to_operand_dims={0}, index_vector_dim=1, to_apply=%region_110.119, metadata={op_name="jit(_grad_quad_fn_jit)/scatter-add" source_file="/capstor/scratch/cscs/aboudaou/workspace/dalia/DALIA/src/dalia/core/autodiff/distributed.py" source_line=486 source_end_line=486 source_column=16 source_end_column=26}

This isn't necessarily a bug; constant-folding is inherently a trade-off between compilation time and speed at runtime. XLA has some guards that attempt to keep constant folding from taking too long, but fundamentally you'll always be able to come up with an input program that takes a long time.

If you'd like to file a bug, run with envvar XLA_FLAGS=--xla_dump_to=/tmp/foo and attach the results.
E0314 18:58:32.465045  179015 slow_operation_alarm.cc:140] The operation took 16.957476908s
Constant folding an instruction is taking > 4s:

  %scatter-add.53 = f64[645843]{0} scatter(%broadcast.20, %constant.987, %constant.1173), update_window_dims={1}, inserted_window_dims={}, scatter_dims_to_operand_dims={0}, index_vector_dim=1, to_apply=%region_110.119, metadata={op_name="jit(_grad_quad_fn_jit)/scatter-add" source_file="/capstor/scratch/cscs/aboudaou/workspace/dalia/DALIA/src/dalia/core/autodiff/distributed.py" source_line=486 source_end_line=486 source_column=16 source_end_column=26}

This isn't necessarily a bug; constant-folding is inherently a trade-off between compilation time and speed at runtime. XLA has some guards that attempt to keep constant folding from taking too long, but fundamentally you'll always be able to come up with an input program that takes a long time.

If you'd like to file a bug, run with envvar XLA_FLAGS=--xla_dump_to=/tmp/foo and attach the results.
E0314 18:58:35.344110  190488 slow_operation_alarm.cc:140] The operation took 17.985417503s
Constant folding an instruction is taking > 4s:

  %scatter-add.53 = f64[645843]{0} scatter(%broadcast.20, %constant.984, %constant.1170), update_window_dims={1}, inserted_window_dims={}, scatter_dims_to_operand_dims={0}, index_vector_dim=1, to_apply=%region_110.119, metadata={op_name="jit(_grad_quad_fn_jit)/scatter-add" source_file="/capstor/scratch/cscs/aboudaou/workspace/dalia/DALIA/src/dalia/core/autodiff/distributed.py" source_line=486 source_end_line=486 source_column=16 source_end_column=26}

This isn't necessarily a bug; constant-folding is inherently a trade-off between compilation time and speed at runtime. XLA has some guards that attempt to keep constant folding from taking too long, but fundamentally you'll always be able to come up with an input program that takes a long time.

If you'd like to file a bug, run with envvar XLA_FLAGS=--xla_dump_to=/tmp/foo and attach the results.
E0314 18:58:36.495195   29473 slow_operation_alarm.cc:140] The operation took 17.229842002s
Constant folding an instruction is taking > 4s:

  %scatter-add.53 = f64[645843]{0} scatter(%broadcast.22, %constant.1247, %constant.1428), update_window_dims={1}, inserted_window_dims={}, scatter_dims_to_operand_dims={0}, index_vector_dim=1, to_apply=%region_182.191, metadata={op_name="jit(_grad_quad_fn_jit)/scatter-add" source_file="/capstor/scratch/cscs/aboudaou/workspace/dalia/DALIA/src/dalia/core/autodiff/distributed.py" source_line=486 source_end_line=486 source_column=16 source_end_column=26}

This isn't necessarily a bug; constant-folding is inherently a trade-off between compilation time and speed at runtime. XLA has some guards that attempt to keep constant folding from taking too long, but fundamentally you'll always be able to come up with an input program that takes a long time.

If you'd like to file a bug, run with envvar XLA_FLAGS=--xla_dump_to=/tmp/foo and attach the results.
E0314 19:04:16.092458  194970 slow_operation_alarm.cc:73] Constant folding an instruction is taking > 8s:

  %scatter-add.51 = f64[645843]{0} scatter(%broadcast.20, %constant.988, %constant.1162), update_window_dims={1}, inserted_window_dims={}, scatter_dims_to_operand_dims={0}, index_vector_dim=1, to_apply=%region_42.51, metadata={op_name="jit(_grad_quad_fn_jit)/scatter-add" source_file="/capstor/scratch/cscs/aboudaou/workspace/dalia/DALIA/src/dalia/core/autodiff/distributed.py" source_line=486 source_end_line=486 source_column=16 source_end_column=26}

This isn't necessarily a bug; constant-folding is inherently a trade-off between compilation time and speed at runtime. XLA has some guards that attempt to keep constant folding from taking too long, but fundamentally you'll always be able to come up with an input program that takes a long time.

If you'd like to file a bug, run with envvar XLA_FLAGS=--xla_dump_to=/tmp/foo and attach the results.
E0314 19:04:16.252942  180085 slow_operation_alarm.cc:73] Constant folding an instruction is taking > 8s:

  %scatter-add.51 = f64[645843]{0} scatter(%broadcast.20, %constant.987, %constant.1161), update_window_dims={1}, inserted_window_dims={}, scatter_dims_to_operand_dims={0}, index_vector_dim=1, to_apply=%region_42.51, metadata={op_name="jit(_grad_quad_fn_jit)/scatter-add" source_file="/capstor/scratch/cscs/aboudaou/workspace/dalia/DALIA/src/dalia/core/autodiff/distributed.py" source_line=486 source_end_line=486 source_column=16 source_end_column=26}

This isn't necessarily a bug; constant-folding is inherently a trade-off between compilation time and speed at runtime. XLA has some guards that attempt to keep constant folding from taking too long, but fundamentally you'll always be able to come up with an input program that takes a long time.

If you'd like to file a bug, run with envvar XLA_FLAGS=--xla_dump_to=/tmp/foo and attach the results.
E0314 19:04:16.386141  191543 slow_operation_alarm.cc:73] Constant folding an instruction is taking > 8s:

  %scatter-add.51 = f64[645843]{0} scatter(%broadcast.20, %constant.984, %constant.1158), update_window_dims={1}, inserted_window_dims={}, scatter_dims_to_operand_dims={0}, index_vector_dim=1, to_apply=%region_42.51, metadata={op_name="jit(_grad_quad_fn_jit)/scatter-add" source_file="/capstor/scratch/cscs/aboudaou/workspace/dalia/DALIA/src/dalia/core/autodiff/distributed.py" source_line=486 source_end_line=486 source_column=16 source_end_column=26}

This isn't necessarily a bug; constant-folding is inherently a trade-off between compilation time and speed at runtime. XLA has some guards that attempt to keep constant folding from taking too long, but fundamentally you'll always be able to come up with an input program that takes a long time.

If you'd like to file a bug, run with envvar XLA_FLAGS=--xla_dump_to=/tmp/foo and attach the results.
E0314 19:04:19.001583   30533 slow_operation_alarm.cc:73] Constant folding an instruction is taking > 8s:

  %scatter-add.51 = f64[645843]{0} scatter(%broadcast.22, %constant.1247, %constant.1416), update_window_dims={1}, inserted_window_dims={}, scatter_dims_to_operand_dims={0}, index_vector_dim=1, to_apply=%region_66.75, metadata={op_name="jit(_grad_quad_fn_jit)/scatter-add" source_file="/capstor/scratch/cscs/aboudaou/workspace/dalia/DALIA/src/dalia/core/autodiff/distributed.py" source_line=486 source_end_line=486 source_column=16 source_end_column=26}

This isn't necessarily a bug; constant-folding is inherently a trade-off between compilation time and speed at runtime. XLA has some guards that attempt to keep constant folding from taking too long, but fundamentally you'll always be able to come up with an input program that takes a long time.

If you'd like to file a bug, run with envvar XLA_FLAGS=--xla_dump_to=/tmp/foo and attach the results.
E0314 19:04:24.674787  193902 slow_operation_alarm.cc:140] The operation took 16.582444456s
Constant folding an instruction is taking > 8s:

  %scatter-add.51 = f64[645843]{0} scatter(%broadcast.20, %constant.988, %constant.1162), update_window_dims={1}, inserted_window_dims={}, scatter_dims_to_operand_dims={0}, index_vector_dim=1, to_apply=%region_42.51, metadata={op_name="jit(_grad_quad_fn_jit)/scatter-add" source_file="/capstor/scratch/cscs/aboudaou/workspace/dalia/DALIA/src/dalia/core/autodiff/distributed.py" source_line=486 source_end_line=486 source_column=16 source_end_column=26}

This isn't necessarily a bug; constant-folding is inherently a trade-off between compilation time and speed at runtime. XLA has some guards that attempt to keep constant folding from taking too long, but fundamentally you'll always be able to come up with an input program that takes a long time.

If you'd like to file a bug, run with envvar XLA_FLAGS=--xla_dump_to=/tmp/foo and attach the results.
E0314 19:04:25.405704  179015 slow_operation_alarm.cc:140] The operation took 17.152884413s
Constant folding an instruction is taking > 8s:

  %scatter-add.51 = f64[645843]{0} scatter(%broadcast.20, %constant.987, %constant.1161), update_window_dims={1}, inserted_window_dims={}, scatter_dims_to_operand_dims={0}, index_vector_dim=1, to_apply=%region_42.51, metadata={op_name="jit(_grad_quad_fn_jit)/scatter-add" source_file="/capstor/scratch/cscs/aboudaou/workspace/dalia/DALIA/src/dalia/core/autodiff/distributed.py" source_line=486 source_end_line=486 source_column=16 source_end_column=26}

This isn't necessarily a bug; constant-folding is inherently a trade-off between compilation time and speed at runtime. XLA has some guards that attempt to keep constant folding from taking too long, but fundamentally you'll always be able to come up with an input program that takes a long time.

If you'd like to file a bug, run with envvar XLA_FLAGS=--xla_dump_to=/tmp/foo and attach the results.
E0314 19:04:26.073380  190488 slow_operation_alarm.cc:140] The operation took 17.687330248s
Constant folding an instruction is taking > 8s:

  %scatter-add.51 = f64[645843]{0} scatter(%broadcast.20, %constant.984, %constant.1158), update_window_dims={1}, inserted_window_dims={}, scatter_dims_to_operand_dims={0}, index_vector_dim=1, to_apply=%region_42.51, metadata={op_name="jit(_grad_quad_fn_jit)/scatter-add" source_file="/capstor/scratch/cscs/aboudaou/workspace/dalia/DALIA/src/dalia/core/autodiff/distributed.py" source_line=486 source_end_line=486 source_column=16 source_end_column=26}

This isn't necessarily a bug; constant-folding is inherently a trade-off between compilation time and speed at runtime. XLA has some guards that attempt to keep constant folding from taking too long, but fundamentally you'll always be able to come up with an input program that takes a long time.

If you'd like to file a bug, run with envvar XLA_FLAGS=--xla_dump_to=/tmp/foo and attach the results.
E0314 19:04:28.076729   29473 slow_operation_alarm.cc:140] The operation took 17.0752529s
Constant folding an instruction is taking > 8s:

  %scatter-add.51 = f64[645843]{0} scatter(%broadcast.22, %constant.1247, %constant.1416), update_window_dims={1}, inserted_window_dims={}, scatter_dims_to_operand_dims={0}, index_vector_dim=1, to_apply=%region_66.75, metadata={op_name="jit(_grad_quad_fn_jit)/scatter-add" source_file="/capstor/scratch/cscs/aboudaou/workspace/dalia/DALIA/src/dalia/core/autodiff/distributed.py" source_line=486 source_end_line=486 source_column=16 source_end_column=26}

This isn't necessarily a bug; constant-folding is inherently a trade-off between compilation time and speed at runtime. XLA has some guards that attempt to keep constant folding from taking too long, but fundamentally you'll always be able to come up with an input program that takes a long time.

If you'd like to file a bug, run with envvar XLA_FLAGS=--xla_dump_to=/tmp/foo and attach the results.
E0314 19:04:40.694750  194970 slow_operation_alarm.cc:73] Constant folding an instruction is taking > 16s:

  %scatter-add.52 = f64[645843]{0} scatter(%broadcast.20, %constant.988, %constant.1169), update_window_dims={1}, inserted_window_dims={}, scatter_dims_to_operand_dims={0}, index_vector_dim=1, to_apply=%region_76.85, metadata={op_name="jit(_grad_quad_fn_jit)/scatter-add" source_file="/capstor/scratch/cscs/aboudaou/workspace/dalia/DALIA/src/dalia/core/autodiff/distributed.py" source_line=486 source_end_line=486 source_column=16 source_end_column=26}

This isn't necessarily a bug; constant-folding is inherently a trade-off between compilation time and speed at runtime. XLA has some guards that attempt to keep constant folding from taking too long, but fundamentally you'll always be able to come up with an input program that takes a long time.

If you'd like to file a bug, run with envvar XLA_FLAGS=--xla_dump_to=/tmp/foo and attach the results.
E0314 19:04:41.274818  193902 slow_operation_alarm.cc:140] The operation took 16.580186225s
Constant folding an instruction is taking > 16s:

  %scatter-add.52 = f64[645843]{0} scatter(%broadcast.20, %constant.988, %constant.1169), update_window_dims={1}, inserted_window_dims={}, scatter_dims_to_operand_dims={0}, index_vector_dim=1, to_apply=%region_76.85, metadata={op_name="jit(_grad_quad_fn_jit)/scatter-add" source_file="/capstor/scratch/cscs/aboudaou/workspace/dalia/DALIA/src/dalia/core/autodiff/distributed.py" source_line=486 source_end_line=486 source_column=16 source_end_column=26}

This isn't necessarily a bug; constant-folding is inherently a trade-off between compilation time and speed at runtime. XLA has some guards that attempt to keep constant folding from taking too long, but fundamentally you'll always be able to come up with an input program that takes a long time.

If you'd like to file a bug, run with envvar XLA_FLAGS=--xla_dump_to=/tmp/foo and attach the results.
E0314 19:04:41.426643  180085 slow_operation_alarm.cc:73] Constant folding an instruction is taking > 16s:

  %scatter-add.52 = f64[645843]{0} scatter(%broadcast.20, %constant.987, %constant.1168), update_window_dims={1}, inserted_window_dims={}, scatter_dims_to_operand_dims={0}, index_vector_dim=1, to_apply=%region_76.85, metadata={op_name="jit(_grad_quad_fn_jit)/scatter-add" source_file="/capstor/scratch/cscs/aboudaou/workspace/dalia/DALIA/src/dalia/core/autodiff/distributed.py" source_line=486 source_end_line=486 source_column=16 source_end_column=26}

This isn't necessarily a bug; constant-folding is inherently a trade-off between compilation time and speed at runtime. XLA has some guards that attempt to keep constant folding from taking too long, but fundamentally you'll always be able to come up with an input program that takes a long time.

If you'd like to file a bug, run with envvar XLA_FLAGS=--xla_dump_to=/tmp/foo and attach the results.
E0314 19:04:42.094373  191543 slow_operation_alarm.cc:73] Constant folding an instruction is taking > 16s:

  %scatter-add.52 = f64[645843]{0} scatter(%broadcast.20, %constant.984, %constant.1165), update_window_dims={1}, inserted_window_dims={}, scatter_dims_to_operand_dims={0}, index_vector_dim=1, to_apply=%region_76.85, metadata={op_name="jit(_grad_quad_fn_jit)/scatter-add" source_file="/capstor/scratch/cscs/aboudaou/workspace/dalia/DALIA/src/dalia/core/autodiff/distributed.py" source_line=486 source_end_line=486 source_column=16 source_end_column=26}

This isn't necessarily a bug; constant-folding is inherently a trade-off between compilation time and speed at runtime. XLA has some guards that attempt to keep constant folding from taking too long, but fundamentally you'll always be able to come up with an input program that takes a long time.

If you'd like to file a bug, run with envvar XLA_FLAGS=--xla_dump_to=/tmp/foo and attach the results.
E0314 19:04:42.495645  179015 slow_operation_alarm.cc:140] The operation took 17.069120527s
Constant folding an instruction is taking > 16s:

  %scatter-add.52 = f64[645843]{0} scatter(%broadcast.20, %constant.987, %constant.1168), update_window_dims={1}, inserted_window_dims={}, scatter_dims_to_operand_dims={0}, index_vector_dim=1, to_apply=%region_76.85, metadata={op_name="jit(_grad_quad_fn_jit)/scatter-add" source_file="/capstor/scratch/cscs/aboudaou/workspace/dalia/DALIA/src/dalia/core/autodiff/distributed.py" source_line=486 source_end_line=486 source_column=16 source_end_column=26}

This isn't necessarily a bug; constant-folding is inherently a trade-off between compilation time and speed at runtime. XLA has some guards that attempt to keep constant folding from taking too long, but fundamentally you'll always be able to come up with an input program that takes a long time.

If you'd like to file a bug, run with envvar XLA_FLAGS=--xla_dump_to=/tmp/foo and attach the results.
E0314 19:04:43.993478  190488 slow_operation_alarm.cc:140] The operation took 17.899226277s
Constant folding an instruction is taking > 16s:

  %scatter-add.52 = f64[645843]{0} scatter(%broadcast.20, %constant.984, %constant.1165), update_window_dims={1}, inserted_window_dims={}, scatter_dims_to_operand_dims={0}, index_vector_dim=1, to_apply=%region_76.85, metadata={op_name="jit(_grad_quad_fn_jit)/scatter-add" source_file="/capstor/scratch/cscs/aboudaou/workspace/dalia/DALIA/src/dalia/core/autodiff/distributed.py" source_line=486 source_end_line=486 source_column=16 source_end_column=26}

This isn't necessarily a bug; constant-folding is inherently a trade-off between compilation time and speed at runtime. XLA has some guards that attempt to keep constant folding from taking too long, but fundamentally you'll always be able to come up with an input program that takes a long time.

If you'd like to file a bug, run with envvar XLA_FLAGS=--xla_dump_to=/tmp/foo and attach the results.
E0314 19:04:44.096118   30533 slow_operation_alarm.cc:73] Constant folding an instruction is taking > 16s:

  %scatter-add.52 = f64[645843]{0} scatter(%broadcast.22, %constant.1247, %constant.1423), update_window_dims={1}, inserted_window_dims={}, scatter_dims_to_operand_dims={0}, index_vector_dim=1, to_apply=%region_124.133, metadata={op_name="jit(_grad_quad_fn_jit)/scatter-add" source_file="/capstor/scratch/cscs/aboudaou/workspace/dalia/DALIA/src/dalia/core/autodiff/distributed.py" source_line=486 source_end_line=486 source_column=16 source_end_column=26}

This isn't necessarily a bug; constant-folding is inherently a trade-off between compilation time and speed at runtime. XLA has some guards that attempt to keep constant folding from taking too long, but fundamentally you'll always be able to come up with an input program that takes a long time.

If you'd like to file a bug, run with envvar XLA_FLAGS=--xla_dump_to=/tmp/foo and attach the results.
E0314 19:04:45.198486   29473 slow_operation_alarm.cc:140] The operation took 17.102482721s
Constant folding an instruction is taking > 16s:

  %scatter-add.52 = f64[645843]{0} scatter(%broadcast.22, %constant.1247, %constant.1423), update_window_dims={1}, inserted_window_dims={}, scatter_dims_to_operand_dims={0}, index_vector_dim=1, to_apply=%region_124.133, metadata={op_name="jit(_grad_quad_fn_jit)/scatter-add" source_file="/capstor/scratch/cscs/aboudaou/workspace/dalia/DALIA/src/dalia/core/autodiff/distributed.py" source_line=486 source_end_line=486 source_column=16 source_end_column=26}

This isn't necessarily a bug; constant-folding is inherently a trade-off between compilation time and speed at runtime. XLA has some guards that attempt to keep constant folding from taking too long, but fundamentally you'll always be able to come up with an input program that takes a long time.

If you'd like to file a bug, run with envvar XLA_FLAGS=--xla_dump_to=/tmp/foo and attach the results.
Traceback (most recent call last):
Traceback (most recent call last):
Traceback (most recent call last):
Traceback (most recent call last):
  File "/capstor/scratch/cscs/aboudaou/workspace/dalia/artifact/experiments/fig2_wallclock/wa2/run.py", line 247, in <module>
  File "/capstor/scratch/cscs/aboudaou/workspace/dalia/artifact/experiments/fig2_wallclock/wa2/run.py", line 247, in <module>
  File "/capstor/scratch/cscs/aboudaou/workspace/dalia/artifact/experiments/fig2_wallclock/wa2/run.py", line 247, in <module>
  File "/capstor/scratch/cscs/aboudaou/workspace/dalia/artifact/experiments/fig2_wallclock/wa2/run.py", line 247, in <module>
    results_jax = dalia_jax.run()
    results_jax = dalia_jax.run()
    results_jax = dalia_jax.run()
    results_jax = dalia_jax.run()
                  ^^^^^^^^^^^^^^^
  File "/capstor/scratch/cscs/aboudaou/workspace/dalia/DALIA/src/dalia/core/dalia.py", line 516, in run
                  ^^^^^^^^^^^^^^^
                  ^^^^^^^^^^^^^^^
                  ^^^^^^^^^^^^^^^
  File "/capstor/scratch/cscs/aboudaou/workspace/dalia/DALIA/src/dalia/core/dalia.py", line 516, in run
  File "/capstor/scratch/cscs/aboudaou/workspace/dalia/DALIA/src/dalia/core/dalia.py", line 516, in run
  File "/capstor/scratch/cscs/aboudaou/workspace/dalia/DALIA/src/dalia/core/dalia.py", line 516, in run
    cov_theta = self.compute_covariance_hp(theta_star)
                ^^^^^^^^^^^^^^^^^^^^^^^^^^^^^^^^^^^^^^
  File "/capstor/scratch/cscs/aboudaou/workspace/dalia/DALIA/src/dalia/core/dalia.py", line 1152, in compute_covariance_hp
    cov_theta = self.compute_covariance_hp(theta_star)
    cov_theta = self.compute_covariance_hp(theta_star)
                ^^^^^^^^^^^^^^^^^^^^^^^^^^^^^^^^^^^^^^
  File "/capstor/scratch/cscs/aboudaou/workspace/dalia/DALIA/src/dalia/core/dalia.py", line 1152, in compute_covariance_hp
                ^^^^^^^^^^^^^^^^^^^^^^^^^^^^^^^^^^^^^^
  File "/capstor/scratch/cscs/aboudaou/workspace/dalia/DALIA/src/dalia/core/dalia.py", line 1152, in compute_covariance_hp
    cov_theta = self.compute_covariance_hp(theta_star)
                ^^^^^^^^^^^^^^^^^^^^^^^^^^^^^^^^^^^^^^
  File "/capstor/scratch/cscs/aboudaou/workspace/dalia/DALIA/src/dalia/core/dalia.py", line 1152, in compute_covariance_hp
    hess_theta = self._evaluate_hessian_f_from_gradients(theta_i)
                 ^^^^^^^^^^^^^^^^^^^^^^^^^^^^^^^^^^^^^^^^^^^^^^^^
  File "/capstor/scratch/cscs/aboudaou/workspace/dalia/DALIA/src/dalia/core/dalia.py", line 1354, in _evaluate_hessian_f_from_gradients
    eigvals = np.linalg.eigvalsh(hess)
              ^^^^^^^^^^^^^^^^^^^^^^^^
  File "/users/aboudaou/miniconda3/envs/serinv-env/lib/python3.11/site-packages/numpy/linalg/_linalg.py", line 1376, in eigvalsh
    hess_theta = self._evaluate_hessian_f_from_gradients(theta_i)
    hess_theta = self._evaluate_hessian_f_from_gradients(theta_i)
                 ^^^^^^^^^^^^^^^^^^^^^^^^^^^^^^^^^^^^^^^^^^^^^^^^
                 ^^^^^^^^^^^^^^^^^^^^^^^^^^^^^^^^^^^^^^^^^^^^^^^^
  File "/capstor/scratch/cscs/aboudaou/workspace/dalia/DALIA/src/dalia/core/dalia.py", line 1354, in _evaluate_hessian_f_from_gradients
  File "/capstor/scratch/cscs/aboudaou/workspace/dalia/DALIA/src/dalia/core/dalia.py", line 1354, in _evaluate_hessian_f_from_gradients
    hess_theta = self._evaluate_hessian_f_from_gradients(theta_i)
                 ^^^^^^^^^^^^^^^^^^^^^^^^^^^^^^^^^^^^^^^^^^^^^^^^
  File "/capstor/scratch/cscs/aboudaou/workspace/dalia/DALIA/src/dalia/core/dalia.py", line 1354, in _evaluate_hessian_f_from_gradients
    eigvals = np.linalg.eigvalsh(hess)
    eigvals = np.linalg.eigvalsh(hess)
              ^^^^^^^^^^^^^^^^^^^^^^^^
  File "/users/aboudaou/miniconda3/envs/serinv-env/lib/python3.11/site-packages/numpy/linalg/_linalg.py", line 1376, in eigvalsh
              ^^^^^^^^^^^^^^^^^^^^^^^^
  File "/users/aboudaou/miniconda3/envs/serinv-env/lib/python3.11/site-packages/numpy/linalg/_linalg.py", line 1376, in eigvalsh
    eigvals = np.linalg.eigvalsh(hess)
              ^^^^^^^^^^^^^^^^^^^^^^^^
  File "/users/aboudaou/miniconda3/envs/serinv-env/lib/python3.11/site-packages/numpy/linalg/_linalg.py", line 1376, in eigvalsh
    w = gufunc(a, signature=signature)
        ^^^^^^^^^^^^^^^^^^^^^^^^^^^^^^
  File "/users/aboudaou/miniconda3/envs/serinv-env/lib/python3.11/site-packages/numpy/linalg/_linalg.py", line 169, in _raise_linalgerror_eigenvalues_nonconvergence
    w = gufunc(a, signature=signature)
    w = gufunc(a, signature=signature)
        ^^^^^^^^^^^^^^^^^^^^^^^^^^^^^^
  File "/users/aboudaou/miniconda3/envs/serinv-env/lib/python3.11/site-packages/numpy/linalg/_linalg.py", line 169, in _raise_linalgerror_eigenvalues_nonconvergence
        ^^^^^^^^^^^^^^^^^^^^^^^^^^^^^^
  File "/users/aboudaou/miniconda3/envs/serinv-env/lib/python3.11/site-packages/numpy/linalg/_linalg.py", line 169, in _raise_linalgerror_eigenvalues_nonconvergence
    raise LinAlgError("Eigenvalues did not converge")
numpy.linalg.LinAlgError: Eigenvalues did not converge
    raise LinAlgError("Eigenvalues did not converge")
numpy.linalg.LinAlgError: Eigenvalues did not converge
    raise LinAlgError("Eigenvalues did not converge")
numpy.linalg.LinAlgError: Eigenvalues did not converge
    w = gufunc(a, signature=signature)
        ^^^^^^^^^^^^^^^^^^^^^^^^^^^^^^
  File "/users/aboudaou/miniconda3/envs/serinv-env/lib/python3.11/site-packages/numpy/linalg/_linalg.py", line 169, in _raise_linalgerror_eigenvalues_nonconvergence
    raise LinAlgError("Eigenvalues did not converge")
numpy.linalg.LinAlgError: Eigenvalues did not converge
srun: error: nid005910: task 2: Exited with exit code 1
srun: Terminating StepId=2891385.0
[2026-03-14T23:21:29.313] error: *** STEP 2891385.0 ON nid005808 CANCELLED AT 2026-03-14T23:21:29 DUE TO TASK FAILURE ***
srun: error: nid005808: task 0: Terminated
srun: error: nid005849: task 1: Exited with exit code 1
srun: error: nid006436: task 3: Exited with exit code 1
srun: Force Terminated StepId=2891385.0
