Parsed parameters:
  max_iter: 1000
  solver_min_p: 4
  profile: False
  precision: float64
  skip_jax: True
--- wa2: Coregional (3-variate) Spatio-Temporal Model (distributed, 4 nodes) ---
Distributed solver slicing: [12, 12, 12, 12]

___________________________________ 
___  __ \__    |__  /____  _/__    |
__  / / /_  /| |_  /  __  / __  /| |
_  /_/ /_  ___ |  /____/ /  _  ___ |
/_____/ /_/  |_/_____/___/  /_/  |_|

╔═══════════════════════════════════════════════════════╗
║               Parallelization strategies              ║
║ ╒═══════════════════════════════════════════╤═══════╕ ║
║ │ Participating Processes / Total Processes │ 4 / 4 │ ║
║ ├───────────────────────────────────────────┼───────┤ ║
║ │ Parallelization through F()               │   1   │ ║
║ ├───────────────────────────────────────────┼───────┤ ║
║ │ Parallelization through Q()               │   1   │ ║
║ ├───────────────────────────────────────────┼───────┤ ║
║ │ Parallelization through S()               │   4   │ ║
║ ╘═══════════════════════════════════════════╧═══════╛ ║
╚═══════════════════════════════════════════════════════╝
╔═══════════════════════════════╗
║  Enabled Performance modules  ║
║ ╒═══════════════════╤═══════╕ ║
║ │ Array module      │ cupy  │ ║
║ ├───────────────────┼───────┤ ║
║ │ MPI available     │ True  │ ║
║ ├───────────────────┼───────┤ ║
║ │ Is MPI CUDA aware │ False │ ║
║ ├───────────────────┼───────┤ ║
║ │ Is NCCL available │ False │ ║
║ ╘═══════════════════╧═══════╛ ║
╚═══════════════════════════════╝
╔═══════════════════════════════════════╗
║             Memory Report             ║
║ ╒════════════════════════╤══════════╕ ║
║ │ Solver memory          │ 70.15 GB │ ║
║ ├────────────────────────┼──────────┤ ║
║ │ Total memory used      │ 72.66 GB │ ║
║ ├────────────────────────┼──────────┤ ║
║ │ Total memory available │ 72.72 GB │ ║
║ ╘════════════════════════╧══════════╛ ║
╚═══════════════════════════════════════╝
DALIA initialized.
Parsed parameters:
  max_iter: 1000
  solver_min_p: 4
  profile: False
  precision: float64
  skip_jax: True
rank 2 | iter 1 | objfunc_time: 679.571478 | solver_time: 650.306088 | construction_time: 23.574602 | energy: node=807914J gpu=564431J cpu=94350J (1189W)
Parsed parameters:
  max_iter: 1000
  solver_min_p: 4
  profile: False
  precision: float64
  skip_jax: True
rank 1 | iter 1 | objfunc_time: 679.575140 | solver_time: 650.286349 | construction_time: 23.538514 | energy: node=824460J gpu=578848J cpu=132040J (1213W)
Parsed parameters:
  max_iter: 1000
  solver_min_p: 4
  profile: False
  precision: float64
  skip_jax: True
rank 3 | iter 1 | objfunc_time: 679.601308 | solver_time: 650.784028 | construction_time: 23.222200 | energy: node=813902J gpu=579261J cpu=90613J (1198W)
Allocated an extra 0.17 GB for BTA_mapping caching (total: 70.31)
Starting optimization.
Using finite differences (eps=0.001)
rank 0 | iter 1 | objfunc_time: 679.571655 | solver_time: 649.678665 | construction_time: 23.738383 | energy: node=716638J gpu=458717J cpu=105388J (1054W)
comm_rank: 2 | Iteration:  1 (took: 679.57) | Theta: [ 0.194089,  0.759704,  7.717412,  0.979494,  0.481333,  7.803875,  0.731562,  0.614063,  8.014484,  0.305613,  1.108216, -0.400161, -0.911396,  0.976841,  0.265540] | Function Value:  1807279.441147 | Gradient: [ 1241466.999650, -340756.145120,  1129308.000445,  4658701.892614, -1197931.835175,  994531.795859,  3912935.992122, -1055251.267433,  379928.868651, -697841.094732, -2396956.452131, -2114086.992025, -2972938.695192,  1417650.923610,  2153944.744349] |  Norm(Grad): [ 8355753.778482]
comm_rank: 1 | Iteration:  1 (took: 679.58) | Theta: [ 0.194089,  0.759704,  7.717412,  0.979494,  0.481333,  7.803875,  0.731562,  0.614063,  8.014484,  0.305613,  1.108216, -0.400161, -0.911396,  0.976841,  0.265540] | Function Value:  1807279.441147 | Gradient: [ 1241466.999650, -340756.145120,  1129308.000445,  4658701.892614, -1197931.835175,  994531.795859,  3912935.992122, -1055251.267433,  379928.868651, -697841.094732, -2396956.452131, -2114086.992025, -2972938.695192,  1417650.923610,  2153944.744349] |  Norm(Grad): [ 8355753.778482]
comm_rank: 0 | Iteration:  1 (took: 679.57) | Theta: [ 0.194089,  0.759704,  7.717412,  0.979494,  0.481333,  7.803875,  0.731562,  0.614063,  8.014484,  0.305613,  1.108216, -0.400161, -0.911396,  0.976841,  0.265540] | Function Value:  1807279.441147 | Gradient: [ 1241466.999650, -340756.145120,  1129308.000445,  4658701.892614, -1197931.835175,  994531.795859,  3912935.992122, -1055251.267433,  379928.868651, -697841.094732, -2396956.452131, -2114086.992025, -2972938.695192,  1417650.923610,  2153944.744349] |  Norm(Grad): [ 8355753.778482]
comm_rank: 3 | Iteration:  1 (took: 679.60) | Theta: [ 0.194089,  0.759704,  7.717412,  0.979494,  0.481333,  7.803875,  0.731562,  0.614063,  8.014484,  0.305613,  1.108216, -0.400161, -0.911396,  0.976841,  0.265540] | Function Value:  1807279.441147 | Gradient: [ 1241466.999650, -340756.145120,  1129308.000445,  4658701.892614, -1197931.835175,  994531.795859,  3912935.992122, -1055251.267433,  379928.868651, -697841.094732, -2396956.452131, -2114086.992025, -2972938.695192,  1417650.923610,  2153944.744349] |  Norm(Grad): [ 8355753.778482]
