Parsed parameters:
  max_iter: 250
  solver_min_p: 1
  profile: False
  precision: float64
  skip_fd: True
--- gst_temperature: Gaussian Spatio-Temporal Model ---
Using JAX automatic differentiation with JIT compilation (Gaussian likelihood)
JIT compiling objective + gradient...
JIT compilation done in 29.3s.

___________________________________ 
___  __ \__    |__  /____  _/__    |
__  / / /_  /| |_  /  __  / __  /| |
_  /_/ /_  ___ |  /____/ /  _  ___ |
/_____/ /_/  |_/_____/___/  /_/  |_|

╔═══════════════════════════════════════════════════════╗
║               Parallelization strategies              ║
║ ╒═══════════════════════════════════════════╤═══════╕ ║
║ │ Participating Processes / Total Processes │ 1 / 1 │ ║
║ ├───────────────────────────────────────────┼───────┤ ║
║ │ Parallelization through F()               │   1   │ ║
║ ├───────────────────────────────────────────┼───────┤ ║
║ │ Parallelization through Q()               │   1   │ ║
║ ├───────────────────────────────────────────┼───────┤ ║
║ │ Parallelization through S()               │   1   │ ║
║ ╘═══════════════════════════════════════════╧═══════╛ ║
╚═══════════════════════════════════════════════════════╝
╔═══════════════════════════════╗
║  Enabled Performance modules  ║
║ ╒═══════════════════╤═══════╕ ║
║ │ Array module      │ cupy  │ ║
║ ├───────────────────┼───────┤ ║
║ │ MPI available     │ True  │ ║
║ ├───────────────────┼───────┤ ║
║ │ Is MPI CUDA aware │ False │ ║
║ ├───────────────────┼───────┤ ║
║ │ Is NCCL available │ False │ ║
║ ╘═══════════════════╧═══════╛ ║
╚═══════════════════════════════╝
╔══════════════════════════════════════╗
║            Memory Report             ║
║ ╒════════════════════════╤═════════╕ ║
║ │ Solver memory          │ 0.00 B  │ ║
║ ├────────────────────────┼─────────┤ ║
║ │ Total memory used      │ 1.40 GB │ ║
║ ├────────────────────────┼─────────┤ ║
║ │ Total memory available │ 1.57 GB │ ║
║ ╘════════════════════════╧═════════╛ ║
╚══════════════════════════════════════╝
DALIA initialized.
First forward+gradient: f=2691960954.679695, time=28.6566s
Starting optimization.
Using JAX automatic differentiation with JIT compilation (Gaussian likelihood)
rank 0 | iter 1 | objfunc_time: 17.111964
comm_rank: 0 | Iteration:  1 (took: 17.11) | Theta: [-0.960001, -0.306721, -2.111807,  3.000000] | Function Value:  988514785.255489 | Gradient: [-101713.678331, -48335.381437, -101710.480801,  990936438.895069] |  Norm(Grad): [ 990936450.513878]
rank 0 | iter 2 | objfunc_time: 17.113400
comm_rank: 0 | Iteration:  2 (took: 17.11) | Theta: [-0.960001, -0.306720, -2.111807,  2.418587] | Function Value:  551782306.544725 | Gradient: [-31798.295942, -15113.499467, -31794.409605,  553520131.683052] |  Norm(Grad): [ 553520133.715890]
rank 0 | iter 3 | objfunc_time: 17.113342
comm_rank: 0 | Iteration:  3 (took: 17.11) | Theta: [-0.960076, -0.306756, -2.111882,  1.682848] | Function Value:  263743543.273028 | Gradient: [-7300.429554, -3472.521360, -7296.301466,  264584041.017831] |  Norm(Grad): [ 264584041.241938]
rank 0 | iter 4 | objfunc_time: 17.112177
comm_rank: 0 | Iteration:  4 (took: 17.11) | Theta: [-0.960183, -0.306807, -2.111989,  1.009119] | Function Value:  134271510.111588 | Gradient: [-1899.379940, -905.897869, -1895.198057,  134281791.811204] |  Norm(Grad): [ 134281791.841067]
rank 0 | iter 5 | objfunc_time: 17.116750
comm_rank: 0 | Iteration:  5 (took: 17.12) | Theta: [-0.960312, -0.306868, -2.112119,  0.314814] | Function Value:  67292162.571447 | Gradient: [-476.812422, -229.814842, -472.615797,  66444800.542662] |  Norm(Grad): [ 66444800.546451]
rank 0 | iter 6 | objfunc_time: 17.109066
comm_rank: 0 | Iteration:  6 (took: 17.11) | Theta: [-0.960448, -0.306933, -2.112255, -0.365242] | Function Value:  34738216.395295 | Gradient: [-125.806436, -62.964373, -121.605573,  33050290.303659] |  Norm(Grad): [ 33050290.304183]
rank 0 | iter 7 | objfunc_time: 17.120139
comm_rank: 0 | Iteration:  7 (took: 17.12) | Theta: [-0.960588, -0.306999, -2.112395, -1.038289] | Function Value:  18775067.320292 | Gradient: [-36.325060, -20.413174, -32.122511,  16255112.370645] |  Norm(Grad): [ 16255112.370731]
rank 0 | iter 8 | objfunc_time: 17.110354
comm_rank: 0 | Iteration:  8 (took: 17.11) | Theta: [-0.960725, -0.307064, -2.112532, -1.689693] | Function Value:  11207484.243712 | Gradient: [-13.465834, -9.534847, -9.262265,  7882223.223005] |  Norm(Grad): [ 7882223.223028]
rank 0 | iter 9 | objfunc_time: 17.119224
comm_rank: 0 | Iteration:  9 (took: 17.12) | Theta: [-0.960854, -0.307125, -2.112662, -2.302924] | Function Value:  7785670.733557 | Gradient: [-7.466600, -6.675952, -3.262219,  3702288.199495] |  Norm(Grad): [ 3702288.199510]
rank 0 | iter 10 | objfunc_time: 17.116045
comm_rank: 0 | Iteration: 10 (took: 17.12) | Theta: [-0.960968, -0.307178, -2.112777, -2.846080] | Function Value:  6387468.679036 | Gradient: [-5.829830, -5.894056, -1.624767,  1632594.352712] |  Norm(Grad): [ 1632594.352734]
rank 0 | iter 11 | objfunc_time: 17.120765
comm_rank: 0 | Iteration: 11 (took: 17.12) | Theta: [-0.961057, -0.307219, -2.112868, -3.274526] | Function Value:  5917404.272718 | Gradient: [-5.355589, -5.666655, -1.150003,  632850.369754] |  Norm(Grad): [ 632850.369803]
rank 0 | iter 12 | objfunc_time: 17.140495
comm_rank: 0 | Iteration: 12 (took: 17.14) | Theta: [-0.961111, -0.307243, -2.112926, -3.545738] | Function Value:  5808695.331374 | Gradient: [-5.211080, -5.597050, -1.005177,  188847.593470] |  Norm(Grad): [ 188847.593627]
rank 0 | iter 13 | objfunc_time: 17.126313
comm_rank: 0 | Iteration: 13 (took: 17.13) | Theta: [-0.961131, -0.307249, -2.112949, -3.661093] | Function Value:  5796038.435220 | Gradient: [-5.170133, -5.577257, -0.964114,  33580.242427] |  Norm(Grad): [ 33580.243302]
rank 0 | iter 14 | objfunc_time: 17.125413
comm_rank: 0 | Iteration: 14 (took: 17.13) | Theta: [-0.961132, -0.307246, -2.112954, -3.686041] | Function Value:  5795592.591048 | Gradient: [-5.162463, -5.573543, -0.956442,  2291.510137] |  Norm(Grad): [ 2291.522930]
rank 0 | iter 15 | objfunc_time: 17.136523
comm_rank: 0 | Iteration: 15 (took: 17.14) | Theta: [-0.961128, -0.307242, -2.112953, -3.687868] | Function Value:  5795590.470280 | Gradient: [-5.161894, -5.573266, -0.955897,  30.531470] |  Norm(Grad): [ 31.476830]
rank 0 | iter 16 | objfunc_time: 17.128731
comm_rank: 0 | Iteration: 16 (took: 17.13) | Theta: [-0.961123, -0.307237, -2.112953, -3.687893] | Function Value:  5795590.469855 | Gradient: [-5.161863, -5.573250, -0.955892,  0.002362] |  Norm(Grad): [ 7.656349]
rank 0 | iter 17 | objfunc_time: 17.130209
rank 0 | iter 18 | objfunc_time: 17.139136
comm_rank: 0 | Iteration: 17 (took: 17.14) | Theta: [-0.961100, -0.307212, -2.112948, -3.687901] | Function Value:  5795590.469626 | Gradient: [-5.161730, -5.573178, -0.955900, -9.730738] |  Norm(Grad): [ 12.381631]
Optimization converged!  || f(14) - f(17) || = 0.000654 < 0.001. Function value: 5795590.469626

rank 0 | optimization summary: n_iters=18 | objfunc_time: mean=17.121669 std=0.009754 min=17.109066 max=17.140495
Optimization completed in 325.41s (18 iterations, 17.12s/grad, f=5795590.469626)
Starting Hessian computation...
comm_rank: 0 | Hessian column 1/4 (34.26s)
comm_rank: 0 | Hessian column 2/4 (34.26s)
comm_rank: 0 | Hessian column 3/4 (34.26s)
comm_rank: 0 | Hessian column 4/4 (34.25s)
Negative eigenvalues detected: [     -0.1180119        2.93653574       5.75727183 1236274.76323694]
Hessian computed in 137.17s
Rebuilding model state for marginal variances...
Allocated an extra 0.38 GB for BTA_mapping caching (total: 0.38)
Allocated an extra 0.36 GB for BT_mapping caching (total: 0.74)
Computing marginal variances...
Marginal variances computed in 6.21s
Total wall-clock: 563.60s (optimization: 325.41s, hessian: 137.17s, marginals: 6.21s)
JAX optimization: 563.60s, f=5795590.469626
--- Finished ---
Job finished at Sat 21 Mar 2026 03:25:13 PM CET
