Parsed parameters:
  max_iter: 250
  solver_min_p: 1
  profile: False
  precision: float64
  skip_jax: True
--- gst_large: Gaussian Spatio-Temporal Model ---
Using JAX automatic differentiation with JIT compilation (Gaussian likelihood)
JIT compiling objective + gradient...
JIT compilation done in 40.8s.

___________________________________ 
___  __ \__    |__  /____  _/__    |
__  / / /_  /| |_  /  __  / __  /| |
_  /_/ /_  ___ |  /____/ /  _  ___ |
/_____/ /_/  |_/_____/___/  /_/  |_|

╔═══════════════════════════════════════════════════════╗
║               Parallelization strategies              ║
║ ╒═══════════════════════════════════════════╤═══════╕ ║
║ │ Participating Processes / Total Processes │ 1 / 1 │ ║
║ ├───────────────────────────────────────────┼───────┤ ║
║ │ Parallelization through F()               │   1   │ ║
║ ├───────────────────────────────────────────┼───────┤ ║
║ │ Parallelization through Q()               │   1   │ ║
║ ├───────────────────────────────────────────┼───────┤ ║
║ │ Parallelization through S()               │   1   │ ║
║ ╘═══════════════════════════════════════════╧═══════╛ ║
╚═══════════════════════════════════════════════════════╝
╔═══════════════════════════════╗
║  Enabled Performance modules  ║
║ ╒═══════════════════╤═══════╕ ║
║ │ Array module      │ cupy  │ ║
║ ├───────────────────┼───────┤ ║
║ │ MPI available     │ True  │ ║
║ ├───────────────────┼───────┤ ║
║ │ Is MPI CUDA aware │ False │ ║
║ ├───────────────────┼───────┤ ║
║ │ Is NCCL available │ False │ ║
║ ╘═══════════════════╧═══════╛ ║
╚═══════════════════════════════╝
╔══════════════════════════════════════╗
║            Memory Report             ║
║ ╒════════════════════════╤═════════╕ ║
║ │ Solver memory          │ 0.00 B  │ ║
║ ├────────────────────────┼─────────┤ ║
║ │ Total memory used      │ 1.36 GB │ ║
║ ├────────────────────────┼─────────┤ ║
║ │ Total memory available │ 1.71 GB │ ║
║ ╘════════════════════════╧═════════╛ ║
╚══════════════════════════════════════╝
DALIA initialized.
First forward+gradient: f=39782865.531328, time=38.8307s
Starting optimization.
Using JAX automatic differentiation with JIT compilation (Gaussian likelihood)
rank 0 | iter 1 | objfunc_time: 24.019523
comm_rank: 0 | Iteration:  1 (took: 24.02) | Theta: [-1.031619,  0.078915, -1.256643,  3.661900] | Function Value:  11048174.751935 | Gradient: [ 3037010.535393, -3816885.008840, -9233778.630812,  8949367.183128] |  Norm(Grad): [ 13753031.845527]
rank 0 | iter 2 | objfunc_time: 24.045064
comm_rank: 0 | Iteration:  2 (took: 24.05) | Theta: [-1.116865,  0.168619, -1.035052,  3.418228] | Function Value:  7096575.579813 | Gradient: [ 1444612.290861, -2308421.350749, -5898701.415987,  6385086.545077] |  Norm(Grad): [ 9109320.632549]
rank 0 | iter 3 | objfunc_time: 24.063518
comm_rank: 0 | Iteration:  3 (took: 24.06) | Theta: [-1.164795,  0.311135, -0.616730,  2.830640] | Function Value:  2563818.241922 | Gradient: [ 529476.967001, -878374.535742, -2439854.629177,  2948323.957187] |  Norm(Grad): [ 3961993.494651]
rank 0 | iter 4 | objfunc_time: 24.071616
comm_rank: 0 | Iteration:  4 (took: 24.07) | Theta: [-1.177372,  0.398204, -0.308355,  2.335708] | Function Value:  919842.093901 | Gradient: [ 191833.207630, -404226.878126, -1207086.229972,  1401027.343391] |  Norm(Grad): [ 1902665.007842]
rank 0 | iter 5 | objfunc_time: 24.061621
comm_rank: 0 | Iteration:  5 (took: 24.06) | Theta: [-1.159131,  0.467814, -0.006556,  1.880488] | Function Value:  217200.992195 | Gradient: [ 28921.328019, -172117.019173, -558749.048339,  548625.044475] |  Norm(Grad): [ 802278.411742]
rank 0 | iter 6 | objfunc_time: 24.086386
comm_rank: 0 | Iteration:  6 (took: 24.09) | Theta: [-1.102684,  0.520764,  0.257518,  1.580716] | Function Value:  2303.261671 | Gradient: [-32550.611401, -69923.783978, -251261.971566,  172921.468476] |  Norm(Grad): [ 314616.100166]
rank 0 | iter 7 | objfunc_time: 24.080566
comm_rank: 0 | Iteration:  7 (took: 24.08) | Theta: [-1.012889,  0.561761,  0.479127,  1.429222] | Function Value: -56511.022864 | Gradient: [-49494.141649, -26206.876112, -109344.332282,  24385.874471] |  Norm(Grad): [ 125249.049054]
rank 0 | iter 8 | objfunc_time: 24.085049
comm_rank: 0 | Iteration:  8 (took: 24.09) | Theta: [-0.890028,  0.596979,  0.673109,  1.385750] | Function Value: -77403.730482 | Gradient: [-35906.392126, -10899.982479, -49690.997021, -11629.218274] |  Norm(Grad): [ 63344.396092]
rank 0 | iter 9 | objfunc_time: 24.068053
comm_rank: 0 | Iteration:  9 (took: 24.07) | Theta: [-0.734686,  0.638007,  0.877920,  1.414277] | Function Value: -88451.470601 | Gradient: [-4579.754826, -8860.683675, -29030.114227,  17340.542966] |  Norm(Grad): [ 35255.181631]
rank 0 | iter 10 | objfunc_time: 24.072972
comm_rank: 0 | Iteration: 10 (took: 24.07) | Theta: [-0.623806,  0.686341,  1.080550,  1.371729] | Function Value: -92770.865771 | Gradient: [-23430.502597,  1618.208409,  656.535934, -19913.350942] |  Norm(Grad): [ 30799.020042]
rank 0 | iter 11 | objfunc_time: 24.069666
comm_rank: 0 | Iteration: 11 (took: 24.07) | Theta: [-0.505268,  0.713798,  1.205934,  1.378063] | Function Value: -94364.768706 | Gradient: [ 10007.912720, -5664.548627, -11412.910304, -8175.833178] |  Norm(Grad): [ 18147.842790]
rank 0 | iter 12 | objfunc_time: 24.061444
comm_rank: 0 | Iteration: 12 (took: 24.06) | Theta: [-0.453883,  0.742876,  1.309841,  1.395072] | Function Value: -94916.357768 | Gradient: [-61.353195, -1789.142722, -1747.278399,  4872.043902] |  Norm(Grad): [ 5476.731642]
rank 0 | iter 13 | objfunc_time: 24.072041
comm_rank: 0 | Iteration: 13 (took: 24.07) | Theta: [-0.418185,  0.759404,  1.363438,  1.389801] | Function Value: -95012.258585 | Gradient: [ 144.374105, -1428.024706, -376.299835,  932.218638] |  Norm(Grad): [ 1752.350307]
rank 0 | iter 14 | objfunc_time: 24.069111
comm_rank: 0 | Iteration: 14 (took: 24.07) | Theta: [-0.402027,  0.774221,  1.385326,  1.388570] | Function Value: -95032.205928 | Gradient: [-107.675248, -1196.872738,  347.860942,  47.010552] |  Norm(Grad): [ 1251.924733]
rank 0 | iter 15 | objfunc_time: 24.052736
comm_rank: 0 | Iteration: 15 (took: 24.05) | Theta: [-0.387629,  0.802867,  1.396938,  1.387988] | Function Value: -95059.934790 | Gradient: [-25.528196, -1110.170768,  710.718945, -284.718375] |  Norm(Grad): [ 1348.820520]
rank 0 | iter 16 | objfunc_time: 24.073422
rank 0 | iter 17 | objfunc_time: 24.037906
comm_rank: 0 | Iteration: 16 (took: 24.04) | Theta: [-0.386701,  0.825732,  1.395196,  1.385148] | Function Value: -95072.831057 | Gradient: [-4055.337024, -12.422372,  3030.473869, -3289.231424] |  Norm(Grad): [ 6037.278188]
rank 0 | iter 18 | objfunc_time: 24.045665
comm_rank: 0 | Iteration: 17 (took: 24.05) | Theta: [-0.336554,  0.970179,  1.412422,  1.383968] | Function Value: -95195.701864 | Gradient: [-2579.898763, -205.368732,  3180.906289, -3630.425857] |  Norm(Grad): [ 5476.879646]
rank 0 | iter 19 | objfunc_time: 24.033657
comm_rank: 0 | Iteration: 18 (took: 24.03) | Theta: [-0.189880,  1.549735,  1.415067,  1.398690] | Function Value: -95590.372015 | Gradient: [-5497.017990,  638.311236,  5894.770247,  8828.302813] |  Norm(Grad): [ 11971.294618]
rank 0 | iter 20 | objfunc_time: 24.004032
rank 0 | iter 21 | objfunc_time: 24.036663
comm_rank: 0 | Iteration: 19 (took: 24.04) | Theta: [-0.041842,  2.133610,  1.407540,  1.401101] | Function Value: -95977.718959 | Gradient: [ 207.590156, -440.090003,  1231.849228,  11879.101904] |  Norm(Grad): [ 11952.710464]
rank 0 | iter 22 | objfunc_time: 24.037028
rank 0 | iter 23 | objfunc_time: 24.031558
comm_rank: 0 | Iteration: 20 (took: 24.03) | Theta: [ 0.011495,  2.348022,  1.404614,  1.397438] | Function Value: -96054.606744 | Gradient: [ 2188.296969, -471.551532, -1238.671227,  9009.595317] |  Norm(Grad): [ 9365.795143]
rank 0 | iter 24 | objfunc_time: 24.050131
rank 0 | iter 25 | objfunc_time: 24.030474
comm_rank: 0 | Iteration: 21 (took: 24.03) | Theta: [ 0.012202,  2.360341,  1.409897,  1.390887] | Function Value: -96089.467241 | Gradient: [-3286.408868,  842.792918,  1733.599216,  2628.022273] |  Norm(Grad): [ 4628.460917]
rank 0 | iter 26 | objfunc_time: 24.036917
comm_rank: 0 | Iteration: 22 (took: 24.04) | Theta: [ 0.008403,  2.335229,  1.407204,  1.387721] | Function Value: -96102.236308 | Gradient: [-520.231883,  137.197925,  328.465557,  475.144262] |  Norm(Grad): [ 789.377080]
rank 0 | iter 27 | objfunc_time: 24.055050
comm_rank: 0 | Iteration: 23 (took: 24.06) | Theta: [ 0.007089,  2.328000,  1.406544,  1.387041] | Function Value: -96102.661897 | Gradient: [ 66.820926, -16.677035,  40.740408,  12.879314] |  Norm(Grad): [ 81.048240]
rank 0 | iter 28 | objfunc_time: 24.027667
rank 0 | iter 29 | objfunc_time: 24.031312
comm_rank: 0 | Iteration: 24 (took: 24.03) | Theta: [ 0.006912,  2.328381,  1.406002,  1.386997] | Function Value: -96102.696056 | Gradient: [ 81.975616, -15.544557,  15.232112, -25.098697] |  Norm(Grad): [ 88.451098]
rank 0 | iter 30 | objfunc_time: 24.037371
comm_rank: 0 | Iteration: 25 (took: 24.04) | Theta: [ 0.005423,  2.326516,  1.404012,  1.386959] | Function Value: -96102.786588 | Gradient: [ 107.832347, -12.212180, -38.689684, -62.534884] |  Norm(Grad): [ 131.089495]
rank 0 | iter 31 | objfunc_time: 24.039627
rank 0 | iter 32 | objfunc_time: 24.047952
comm_rank: 0 | Iteration: 26 (took: 24.05) | Theta: [ 0.003832,  2.323243,  1.402825,  1.386767] | Function Value: -96102.823395 | Gradient: [-61.124344,  29.067194,  43.070095, -255.274416] |  Norm(Grad): [ 267.583908]
rank 0 | iter 33 | objfunc_time: 24.039604
comm_rank: 0 | Iteration: 27 (took: 24.04) | Theta: [ 0.001053,  2.317514,  1.400138,  1.386836] | Function Value: -96102.922641 | Gradient: [-1.293847,  19.609298, -20.186227, -199.901604] |  Norm(Grad): [ 201.877026]
rank 0 | iter 34 | objfunc_time: 24.053445
comm_rank: 0 | Iteration: 28 (took: 24.05) | Theta: [-0.003728,  2.306700,  1.396414,  1.387133] | Function Value: -96103.031303 | Gradient: [-93.471228,  41.566696,  7.800621,  16.298407] |  Norm(Grad): [ 103.880453]
rank 0 | iter 35 | objfunc_time: 24.059041
comm_rank: 0 | Iteration: 29 (took: 24.06) | Theta: [-0.007713,  2.295559,  1.393607,  1.387053] | Function Value: -96103.085191 | Gradient: [ 91.833740, -10.438204, -90.457837, -27.828796] |  Norm(Grad): [ 132.285502]
rank 0 | iter 36 | objfunc_time: 24.038425
comm_rank: 0 | Iteration: 30 (took: 24.04) | Theta: [-0.007984,  2.293815,  1.394058,  1.387113] | Function Value: -96103.117720 | Gradient: [ 18.969394, -0.181007, -26.440884,  13.071329] |  Norm(Grad): [ 35.069226]
rank 0 | iter 37 | objfunc_time: 24.040565
comm_rank: 0 | Iteration: 31 (took: 24.04) | Theta: [-0.007842,  2.293412,  1.394544,  1.387096] | Function Value: -96103.122938 | Gradient: [-4.153880,  1.090666,  1.787912, -1.317416] |  Norm(Grad): [ 4.834923]
rank 0 | iter 38 | objfunc_time: 24.056043
rank 0 | iter 39 | objfunc_time: 24.070315
comm_rank: 0 | Iteration: 32 (took: 24.07) | Theta: [-0.007810,  2.293474,  1.394569,  1.387099] | Function Value: -96103.122950 | Gradient: [-1.079478,  0.316649,  0.393722,  1.653141] |  Norm(Grad): [ 2.037997]
rank 0 | iter 40 | objfunc_time: 24.051695
comm_rank: 0 | Iteration: 33 (took: 24.05) | Theta: [-0.007814,  2.293450,  1.394571,  1.387097] | Function Value: -96103.122952 | Gradient: [-0.301994,  0.064188,  0.163485,  0.517285] |  Norm(Grad): [ 0.624205]
Optimization converged!  || f(30) - f(33) || = 0.000014 < 0.001. Function value: -96103.122952

rank 0 | optimization summary: n_iters=40 | objfunc_time: mean=24.051123 std=0.018546 min=24.004032 max=24.086386
Optimization completed in 986.19s
Starting Hessian computation...
comm_rank: 0 | Hessian column 1/4 (48.09s)
comm_rank: 0 | Hessian column 2/4 (48.09s)
comm_rank: 0 | Hessian column 3/4 (48.08s)
comm_rank: 0 | Hessian column 4/4 (48.10s)
Hessian computed in 192.73s
Rebuilding model state for marginal variances...
Allocated an extra 0.37 GB for BTA_mapping caching (total: 0.37)
Allocated an extra 0.33 GB for BT_mapping caching (total: 0.70)
Computing marginal variances...
Marginal variances computed in 8.54s
Total wall-clock: 1238.82s (optimization: 986.19s, hessian: 192.73s, marginals: 8.54s)
JAX optimization: 1238.82s, f=-96103.122952

___________________________________ 
___  __ \__    |__  /____  _/__    |
__  / / /_  /| |_  /  __  / __  /| |
_  /_/ /_  ___ |  /____/ /  _  ___ |
/_____/ /_/  |_/_____/___/  /_/  |_|

╔═══════════════════════════════════════════════════════╗
║               Parallelization strategies              ║
║ ╒═══════════════════════════════════════════╤═══════╕ ║
║ │ Participating Processes / Total Processes │ 1 / 1 │ ║
║ ├───────────────────────────────────────────┼───────┤ ║
║ │ Parallelization through F()               │   1   │ ║
║ ├───────────────────────────────────────────┼───────┤ ║
║ │ Parallelization through Q()               │   1   │ ║
║ ├───────────────────────────────────────────┼───────┤ ║
║ │ Parallelization through S()               │   1   │ ║
║ ╘═══════════════════════════════════════════╧═══════╛ ║
╚═══════════════════════════════════════════════════════╝
╔═══════════════════════════════╗
║  Enabled Performance modules  ║
║ ╒═══════════════════╤═══════╕ ║
║ │ Array module      │ cupy  │ ║
║ ├───────────────────┼───────┤ ║
║ │ MPI available     │ True  │ ║
║ ├───────────────────┼───────┤ ║
║ │ Is MPI CUDA aware │ False │ ║
║ ├───────────────────┼───────┤ ║
║ │ Is NCCL available │ False │ ║
║ ╘═══════════════════╧═══════╛ ║
╚═══════════════════════════════╝
╔═══════════════════════════════════════╗
║             Memory Report             ║
║ ╒════════════════════════╤══════════╕ ║
║ │ Solver memory          │ 59.59 GB │ ║
║ ├────────────────────────┼──────────┤ ║
║ │ Total memory used      │ 60.95 GB │ ║
║ ├────────────────────────┼──────────┤ ║
║ │ Total memory available │ 61.05 GB │ ║
║ ╘════════════════════════╧══════════╛ ║
╚═══════════════════════════════════════╝
DALIA initialized.
Allocated an extra 0.37 GB for BTA_mapping caching (total: 59.96)
Allocated an extra 0.33 GB for BT_mapping caching (total: 60.29)
Starting optimization.
Using finite differences (eps=0.001)
rank 0 | iter 1 | objfunc_time: 56.536997 | solver_time: 51.498165 | construction_time: 3.918363
comm_rank: 0 | Iteration:  1 (took: 56.54) | Theta: [-1.031619,  0.078915, -1.256643,  3.661900] | Function Value:  11048175.079594 | Gradient: [ 3037013.003111, -3816885.414124, -9233782.300234,  8949369.073987] |  Norm(Grad): [ 13753036.197006]
rank 0 | iter 2 | objfunc_time: 56.517097 | solver_time: 51.479460 | construction_time: 3.917654
comm_rank: 0 | Iteration:  2 (took: 56.52) | Theta: [-1.116865,  0.168619, -1.035052,  3.418228] | Function Value:  7096575.690878 | Gradient: [ 1444613.249600, -2308421.540499, -5898703.712702,  6385087.915123] |  Norm(Grad): [ 9109323.280225]
rank 0 | iter 3 | objfunc_time: 56.528878 | solver_time: 51.488719 | construction_time: 3.919868
comm_rank: 0 | Iteration:  3 (took: 56.53) | Theta: [-1.164795,  0.311135, -0.616730,  2.830640] | Function Value:  2563818.275594 | Gradient: [ 529477.392912, -878374.589205, -2439855.465174,  2948324.739516] |  Norm(Grad): [ 3961994.660413]
rank 0 | iter 4 | objfunc_time: 56.521073 | solver_time: 51.477558 | construction_time: 3.919547
comm_rank: 0 | Iteration:  4 (took: 56.52) | Theta: [-1.177372,  0.398204, -0.308355,  2.335708] | Function Value:  919842.063645 | Gradient: [ 191833.386540, -404226.895124, -1207086.616248,  1401027.775615] |  Norm(Grad): [ 1902665.592821]
rank 0 | iter 5 | objfunc_time: 56.560270 | solver_time: 51.515502 | construction_time: 3.920525
comm_rank: 0 | Iteration:  5 (took: 56.56) | Theta: [-1.159131,  0.467814, -0.006556,  1.880488] | Function Value:  217200.940099 | Gradient: [ 28921.387047, -172117.015749, -558749.208182,  548625.256389] |  Norm(Grad): [ 802278.669373]
rank 0 | iter 6 | objfunc_time: 56.531207 | solver_time: 51.487599 | construction_time: 3.920812
comm_rank: 0 | Iteration:  6 (took: 56.53) | Theta: [-1.102684,  0.520764,  0.257518,  1.580716] | Function Value:  2303.226588 | Gradient: [-32550.595134, -69923.772424, -251262.033477,  172921.563983] |  Norm(Grad): [ 314616.197853]
rank 0 | iter 7 | objfunc_time: 56.527858 | solver_time: 51.482552 | construction_time: 3.918815
comm_rank: 0 | Iteration:  7 (took: 56.53) | Theta: [-1.012889,  0.561761,  0.479127,  1.429222] | Function Value: -56511.034467 | Gradient: [-49494.133875, -26206.862807, -109344.355226,  24385.904700] |  Norm(Grad): [ 125249.069114]
rank 0 | iter 8 | objfunc_time: 56.514244 | solver_time: 51.474287 | construction_time: 3.918744
comm_rank: 0 | Iteration:  8 (took: 56.51) | Theta: [-0.890029,  0.596979,  0.673109,  1.385750] | Function Value: -77403.728771 | Gradient: [-35906.386971, -10899.966516, -49691.001989, -11629.216641] |  Norm(Grad): [ 63344.394020]
rank 0 | iter 9 | objfunc_time: 56.531866 | solver_time: 51.488746 | construction_time: 3.919204
comm_rank: 0 | Iteration:  9 (took: 56.53) | Theta: [-0.734686,  0.638007,  0.877920,  1.414277] | Function Value: -88451.470454 | Gradient: [-4579.761699, -8860.659540, -29030.096963,  17340.517253] |  Norm(Grad): [ 35255.149595]
rank 0 | iter 10 | objfunc_time: 56.514532 | solver_time: 51.471229 | construction_time: 3.919719
comm_rank: 0 | Iteration: 10 (took: 56.51) | Theta: [-0.623807,  0.686340,  1.080549,  1.371729] | Function Value: -92770.855405 | Gradient: [-23430.481240,  1618.220963,  656.531081, -19913.342923] |  Norm(Grad): [ 30798.999166]
rank 0 | iter 11 | objfunc_time: 56.519982 | solver_time: 51.472081 | construction_time: 3.919468
comm_rank: 0 | Iteration: 11 (took: 56.52) | Theta: [-0.505269,  0.713798,  1.205934,  1.378063] | Function Value: -94364.764474 | Gradient: [ 10007.916622, -5664.525419, -11412.894391, -8175.820999] |  Norm(Grad): [ 18147.822203]
rank 0 | iter 12 | objfunc_time: 56.514184 | solver_time: 51.466180 | construction_time: 3.921996
comm_rank: 0 | Iteration: 12 (took: 56.51) | Theta: [-0.453884,  0.742875,  1.309840,  1.395072] | Function Value: -94916.354600 | Gradient: [-61.387844, -1789.112367, -1747.251444,  4872.028433] |  Norm(Grad): [ 5476.699753]
rank 0 | iter 13 | objfunc_time: 56.528381 | solver_time: 51.479893 | construction_time: 3.920518
comm_rank: 0 | Iteration: 13 (took: 56.53) | Theta: [-0.418186,  0.759403,  1.363436,  1.389801] | Function Value: -95012.256412 | Gradient: [ 144.355066, -1428.000711, -376.289673,  932.229079] |  Norm(Grad): [ 1752.332557]
rank 0 | iter 14 | objfunc_time: 56.549602 | solver_time: 51.462904 | construction_time: 3.930529
comm_rank: 0 | Iteration: 14 (took: 56.55) | Theta: [-0.402029,  0.774219,  1.385323,  1.388570] | Function Value: -95032.204609 | Gradient: [-107.670873, -1196.856230,  347.852886,  47.005117] |  Norm(Grad): [ 1251.906132]
rank 0 | iter 15 | objfunc_time: 56.626216 | solver_time: 51.483559 | construction_time: 3.949811
comm_rank: 0 | Iteration: 15 (took: 56.63) | Theta: [-0.387631,  0.802864,  1.396936,  1.387988] | Function Value: -95059.933780 | Gradient: [-25.509924, -1110.158704,  710.697860, -284.697033] |  Norm(Grad): [ 1348.794630]
rank 0 | iter 16 | objfunc_time: 56.571995 | solver_time: 51.471716 | construction_time: 3.935397
rank 0 | iter 17 | objfunc_time: 56.556461 | solver_time: 51.471035 | construction_time: 3.930789
comm_rank: 0 | Iteration: 16 (took: 56.56) | Theta: [-0.386703,  0.825727,  1.395193,  1.385148] | Function Value: -95072.827705 | Gradient: [-4054.969303, -12.507558,  3030.242398, -3288.968816] |  Norm(Grad): [ 6036.772098]
rank 0 | iter 18 | objfunc_time: 56.544848 | solver_time: 51.479228 | construction_time: 3.925232
comm_rank: 0 | Iteration: 17 (took: 56.54) | Theta: [-0.336558,  0.970168,  1.412419,  1.383968] | Function Value: -95195.697150 | Gradient: [-2579.723701, -205.397516,  3180.778109, -3630.168952] |  Norm(Grad): [ 5476.553525]
rank 0 | iter 19 | objfunc_time: 56.523086 | solver_time: 51.461415 | construction_time: 3.925918
comm_rank: 0 | Iteration: 18 (took: 56.52) | Theta: [-0.189896,  1.549688,  1.415057,  1.398687] | Function Value: -95590.389323 | Gradient: [-5496.471345,  638.208069,  5894.375943,  8826.503351] |  Norm(Grad): [ 11969.516947]
rank 0 | iter 20 | objfunc_time: 56.522740 | solver_time: 51.467742 | construction_time: 3.922545
rank 0 | iter 21 | objfunc_time: 56.517216 | solver_time: 51.466521 | construction_time: 3.922977
comm_rank: 0 | Iteration: 19 (took: 56.52) | Theta: [-0.041853,  2.133600,  1.407523,  1.401099] | Function Value: -95977.764197 | Gradient: [ 208.286211, -440.155245,  1231.188335,  11877.348073] |  Norm(Grad): [ 11950.913846]
rank 0 | iter 22 | objfunc_time: 56.517225 | solver_time: 51.462062 | construction_time: 3.922249
rank 0 | iter 23 | objfunc_time: 56.517386 | solver_time: 51.464372 | construction_time: 3.922651
comm_rank: 0 | Iteration: 20 (took: 56.52) | Theta: [ 0.011477,  2.347988,  1.404595,  1.397434] | Function Value: -96054.635018 | Gradient: [ 2188.676238, -471.551120, -1239.106663,  9006.954782] |  Norm(Grad): [ 9363.401299]
rank 0 | iter 24 | objfunc_time: 56.528079 | solver_time: 51.478338 | construction_time: 3.921338
rank 0 | iter 25 | objfunc_time: 56.522857 | solver_time: 51.478130 | construction_time: 3.919567
comm_rank: 0 | Iteration: 21 (took: 56.52) | Theta: [ 0.012175,  2.360266,  1.409876,  1.390886] | Function Value: -96089.479658 | Gradient: [-3284.960449,  842.454039,  1732.842222,  2627.094060] |  Norm(Grad): [ 4626.560204]
rank 0 | iter 26 | objfunc_time: 56.518851 | solver_time: 51.466948 | construction_time: 3.921284
comm_rank: 0 | Iteration: 22 (took: 56.52) | Theta: [ 0.008374,  2.335154,  1.407184,  1.387721] | Function Value: -96102.238492 | Gradient: [-519.880533,  137.107968,  328.339942,  474.892817] |  Norm(Grad): [ 788.926276]
rank 0 | iter 27 | objfunc_time: 56.514061 | solver_time: 51.466630 | construction_time: 3.921185
comm_rank: 0 | Iteration: 23 (took: 56.51) | Theta: [ 0.007061,  2.327929,  1.406524,  1.387041] | Function Value: -96102.663378 | Gradient: [ 66.860102, -16.682491,  40.756665,  12.874350] |  Norm(Grad): [ 81.089046]
rank 0 | iter 28 | objfunc_time: 56.516083 | solver_time: 51.467020 | construction_time: 3.919102
rank 0 | iter 29 | objfunc_time: 56.516812 | solver_time: 51.469114 | construction_time: 3.921945
comm_rank: 0 | Iteration: 24 (took: 56.52) | Theta: [ 0.006882,  2.328302,  1.405982,  1.386996] | Function Value: -96102.697579 | Gradient: [ 82.022600, -15.570141,  15.293747, -25.119416] |  Norm(Grad): [ 88.515648]
rank 0 | iter 30 | objfunc_time: 56.527411 | solver_time: 51.479584 | construction_time: 3.920380
comm_rank: 0 | Iteration: 25 (took: 56.53) | Theta: [ 0.005387,  2.326434,  1.403982,  1.386958] | Function Value: -96102.788251 | Gradient: [ 108.007260, -12.210406, -38.926817, -62.857471] |  Norm(Grad): [ 131.457297]
rank 0 | iter 31 | objfunc_time: 56.482935 | solver_time: 51.437024 | construction_time: 3.920750
rank 0 | iter 32 | objfunc_time: 56.483167 | solver_time: 51.434145 | construction_time: 3.922209
comm_rank: 0 | Iteration: 26 (took: 56.48) | Theta: [ 0.003804,  2.323174,  1.402802,  1.386767] | Function Value: -96102.824789 | Gradient: [-60.183637,  28.870568,  42.498931, -254.693240] |  Norm(Grad): [ 266.702804]
rank 0 | iter 33 | objfunc_time: 56.498705 | solver_time: 51.450787 | construction_time: 3.920240
comm_rank: 0 | Iteration: 27 (took: 56.50) | Theta: [ 0.001034,  2.317464,  1.400125,  1.386835] | Function Value: -96102.923183 | Gradient: [-1.576155,  19.683830, -19.970998, -200.490400] |  Norm(Grad): [ 202.447966]
rank 0 | iter 34 | objfunc_time: 56.487191 | solver_time: 51.439840 | construction_time: 3.919822
comm_rank: 0 | Iteration: 28 (took: 56.49) | Theta: [-0.003764,  2.306628,  1.396388,  1.387136] | Function Value: -96103.031056 | Gradient: [-97.067654,  42.476349,  9.635203,  17.917819] |  Norm(Grad): [ 107.890014]
rank 0 | iter 35 | objfunc_time: 56.499374 | solver_time: 51.451642 | construction_time: 3.919750
comm_rank: 0 | Iteration: 29 (took: 56.50) | Theta: [-0.007718,  2.295570,  1.393600,  1.387054] | Function Value: -96103.085205 | Gradient: [ 88.396564, -9.499274, -88.785075, -27.358599] |  Norm(Grad): [ 128.590323]
rank 0 | iter 36 | objfunc_time: 56.487713 | solver_time: 51.442985 | construction_time: 3.919297
comm_rank: 0 | Iteration: 30 (took: 56.49) | Theta: [-0.007993,  2.293798,  1.394045,  1.387110] | Function Value: -96103.117587 | Gradient: [ 20.171553, -0.388213, -27.261555,  11.223331] |  Norm(Grad): [ 35.723911]
rank 0 | iter 37 | objfunc_time: 56.476415 | solver_time: 51.425614 | construction_time: 3.919957
comm_rank: 0 | Iteration: 31 (took: 56.48) | Theta: [-0.007888,  2.293297,  1.394512,  1.387094] | Function Value: -96103.122914 | Gradient: [-5.388826,  1.373038,  2.446644, -3.394134] |  Norm(Grad): [ 6.959231]
rank 0 | iter 38 | objfunc_time: 56.458335 | solver_time: 51.418346 | construction_time: 3.918494
rank 0 | iter 39 | objfunc_time: 56.497946 | solver_time: 51.446851 | construction_time: 3.920077
comm_rank: 0 | Iteration: 32 (took: 56.50) | Theta: [-0.007839,  2.293394,  1.394551,  1.387099] | Function Value: -96103.122946 | Gradient: [-0.616007,  0.173420,  0.277705,  1.543082] |  Norm(Grad): [ 1.693447]
rank 0 | iter 40 | objfunc_time: 56.487595 | solver_time: 51.440003 | construction_time: 3.921688
comm_rank: 0 | Iteration: 33 (took: 56.49) | Theta: [-0.007848,  2.293366,  1.394546,  1.387097] | Function Value: -96103.122946 | Gradient: [-0.253126,  0.055365,  0.131659,  0.415228] |  Norm(Grad): [ 0.506840]
Optimization converged!  || f(30) - f(33) || = 0.000032 < 0.001. Function value: -96103.122946

rank 0 | optimization summary: n_iters=40 | objfunc_time: mean=56.519922 std=0.028504 min=56.458335 max=56.626216
Optimization completed in 2317.39s
Starting Hessian computation...
Hessian computed in 207.36s
Computing marginal variances...
Marginal variances computed in 8.40s
Total wall-clock: 2533.15s (optimization: 2317.39s, hessian: 207.36s, marginals: 8.40s)
FD optimization: 2533.15s, f=-96103.122946
Speedup: 2.0x
--- Finished ---
