Parsed parameters:
  max_iter: 250
  solver_min_p: 1
  profile: False
  precision: float64
  skip_fd: True
--- gst_large: Gaussian Spatio-Temporal Model ---
Using JAX automatic differentiation with JIT compilation (Gaussian likelihood)
JIT compiling objective + gradient...
JIT compilation done in 42.0s.

___________________________________ 
___  __ \__    |__  /____  _/__    |
__  / / /_  /| |_  /  __  / __  /| |
_  /_/ /_  ___ |  /____/ /  _  ___ |
/_____/ /_/  |_/_____/___/  /_/  |_|

╔═══════════════════════════════════════════════════════╗
║               Parallelization strategies              ║
║ ╒═══════════════════════════════════════════╤═══════╕ ║
║ │ Participating Processes / Total Processes │ 1 / 1 │ ║
║ ├───────────────────────────────────────────┼───────┤ ║
║ │ Parallelization through F()               │   1   │ ║
║ ├───────────────────────────────────────────┼───────┤ ║
║ │ Parallelization through Q()               │   1   │ ║
║ ├───────────────────────────────────────────┼───────┤ ║
║ │ Parallelization through S()               │   1   │ ║
║ ╘═══════════════════════════════════════════╧═══════╛ ║
╚═══════════════════════════════════════════════════════╝
╔═══════════════════════════════╗
║  Enabled Performance modules  ║
║ ╒═══════════════════╤═══════╕ ║
║ │ Array module      │ cupy  │ ║
║ ├───────────────────┼───────┤ ║
║ │ MPI available     │ True  │ ║
║ ├───────────────────┼───────┤ ║
║ │ Is MPI CUDA aware │ False │ ║
║ ├───────────────────┼───────┤ ║
║ │ Is NCCL available │ False │ ║
║ ╘═══════════════════╧═══════╛ ║
╚═══════════════════════════════╝
╔══════════════════════════════════════╗
║            Memory Report             ║
║ ╒════════════════════════╤═════════╕ ║
║ │ Solver memory          │ 0.00 B  │ ║
║ ├────────────────────────┼─────────┤ ║
║ │ Total memory used      │ 1.36 GB │ ║
║ ├────────────────────────┼─────────┤ ║
║ │ Total memory available │ 1.71 GB │ ║
║ ╘════════════════════════╧═════════╛ ║
╚══════════════════════════════════════╝
DALIA initialized.
First forward+gradient: f=39782865.531334, time=39.4220s
Starting optimization.
Using JAX automatic differentiation with JIT compilation (Gaussian likelihood)
rank 0 | iter 1 | objfunc_time: 23.996678
comm_rank: 0 | Iteration:  1 (took: 24.00) | Theta: [-1.031619,  0.078915, -1.256643,  3.661900] | Function Value:  11048174.751935 | Gradient: [ 3037010.535393, -3816885.008840, -9233778.630812,  8949367.183129] |  Norm(Grad): [ 13753031.845528]
rank 0 | iter 2 | objfunc_time: 23.995974
comm_rank: 0 | Iteration:  2 (took: 24.00) | Theta: [-1.116865,  0.168619, -1.035052,  3.418228] | Function Value:  7096575.579820 | Gradient: [ 1444612.290861, -2308421.350749, -5898701.415986,  6385086.545083] |  Norm(Grad): [ 9109320.632554]
rank 0 | iter 3 | objfunc_time: 24.011763
comm_rank: 0 | Iteration:  3 (took: 24.01) | Theta: [-1.164795,  0.311135, -0.616730,  2.830640] | Function Value:  2563818.241919 | Gradient: [ 529476.966999, -878374.535741, -2439854.629174,  2948323.957184] |  Norm(Grad): [ 3961993.494647]
rank 0 | iter 4 | objfunc_time: 24.022023
comm_rank: 0 | Iteration:  4 (took: 24.02) | Theta: [-1.177372,  0.398204, -0.308355,  2.335708] | Function Value:  919842.093899 | Gradient: [ 191833.207630, -404226.878126, -1207086.229972,  1401027.343388] |  Norm(Grad): [ 1902665.007840]
rank 0 | iter 5 | objfunc_time: 24.029991
comm_rank: 0 | Iteration:  5 (took: 24.03) | Theta: [-1.159131,  0.467814, -0.006556,  1.880488] | Function Value:  217200.992196 | Gradient: [ 28921.328019, -172117.019173, -558749.048339,  548625.044476] |  Norm(Grad): [ 802278.411743]
rank 0 | iter 6 | objfunc_time: 24.034562
comm_rank: 0 | Iteration:  6 (took: 24.03) | Theta: [-1.102684,  0.520764,  0.257518,  1.580716] | Function Value:  2303.261671 | Gradient: [-32550.611401, -69923.783978, -251261.971566,  172921.468475] |  Norm(Grad): [ 314616.100165]
rank 0 | iter 7 | objfunc_time: 24.021958
comm_rank: 0 | Iteration:  7 (took: 24.02) | Theta: [-1.012889,  0.561761,  0.479127,  1.429222] | Function Value: -56511.022863 | Gradient: [-49494.141649, -26206.876112, -109344.332282,  24385.874471] |  Norm(Grad): [ 125249.049054]
rank 0 | iter 8 | objfunc_time: 24.023669
comm_rank: 0 | Iteration:  8 (took: 24.02) | Theta: [-0.890028,  0.596979,  0.673109,  1.385750] | Function Value: -77403.730482 | Gradient: [-35906.392126, -10899.982480, -49690.997021, -11629.218273] |  Norm(Grad): [ 63344.396092]
rank 0 | iter 9 | objfunc_time: 24.029913
comm_rank: 0 | Iteration:  9 (took: 24.03) | Theta: [-0.734686,  0.638007,  0.877920,  1.414277] | Function Value: -88451.470602 | Gradient: [-4579.754826, -8860.683675, -29030.114227,  17340.542965] |  Norm(Grad): [ 35255.181630]
rank 0 | iter 10 | objfunc_time: 23.991164
comm_rank: 0 | Iteration: 10 (took: 23.99) | Theta: [-0.623806,  0.686341,  1.080550,  1.371729] | Function Value: -92770.865771 | Gradient: [-23430.502598,  1618.208409,  656.535934, -19913.350942] |  Norm(Grad): [ 30799.020043]
rank 0 | iter 11 | objfunc_time: 24.005010
comm_rank: 0 | Iteration: 11 (took: 24.01) | Theta: [-0.505268,  0.713798,  1.205934,  1.378063] | Function Value: -94364.768706 | Gradient: [ 10007.912722, -5664.548627, -11412.910305, -8175.833178] |  Norm(Grad): [ 18147.842791]
rank 0 | iter 12 | objfunc_time: 23.991609
comm_rank: 0 | Iteration: 12 (took: 23.99) | Theta: [-0.453883,  0.742876,  1.309841,  1.395072] | Function Value: -94916.357768 | Gradient: [-61.353194, -1789.142722, -1747.278400,  4872.043902] |  Norm(Grad): [ 5476.731642]
rank 0 | iter 13 | objfunc_time: 23.973587
comm_rank: 0 | Iteration: 13 (took: 23.97) | Theta: [-0.418185,  0.759404,  1.363438,  1.389801] | Function Value: -95012.258586 | Gradient: [ 144.374105, -1428.024706, -376.299835,  932.218637] |  Norm(Grad): [ 1752.350306]
rank 0 | iter 14 | objfunc_time: 23.981685
comm_rank: 0 | Iteration: 14 (took: 23.98) | Theta: [-0.402027,  0.774221,  1.385326,  1.388570] | Function Value: -95032.205928 | Gradient: [-107.675248, -1196.872738,  347.860942,  47.010553] |  Norm(Grad): [ 1251.924733]
rank 0 | iter 15 | objfunc_time: 23.984740
comm_rank: 0 | Iteration: 15 (took: 23.98) | Theta: [-0.387629,  0.802867,  1.396938,  1.387988] | Function Value: -95059.934791 | Gradient: [-25.528198, -1110.170768,  710.718946, -284.718381] |  Norm(Grad): [ 1348.820521]
rank 0 | iter 16 | objfunc_time: 23.999783
rank 0 | iter 17 | objfunc_time: 23.983638
comm_rank: 0 | Iteration: 16 (took: 23.98) | Theta: [-0.386701,  0.825732,  1.395196,  1.385148] | Function Value: -95072.831058 | Gradient: [-4055.337087, -12.422354,  3030.473908, -3289.231474] |  Norm(Grad): [ 6037.278277]
rank 0 | iter 18 | objfunc_time: 23.988158
comm_rank: 0 | Iteration: 17 (took: 23.99) | Theta: [-0.336554,  0.970179,  1.412422,  1.383968] | Function Value: -95195.701866 | Gradient: [-2579.898800, -205.368722,  3180.906312, -3630.425919] |  Norm(Grad): [ 5476.879718]
rank 0 | iter 19 | objfunc_time: 23.966554
comm_rank: 0 | Iteration: 18 (took: 23.97) | Theta: [-0.189880,  1.549735,  1.415067,  1.398690] | Function Value: -95590.372012 | Gradient: [-5497.018155,  638.311277,  5894.770353,  8828.303211] |  Norm(Grad): [ 11971.295042]
rank 0 | iter 20 | objfunc_time: 23.946483
rank 0 | iter 21 | objfunc_time: 23.974310
comm_rank: 0 | Iteration: 19 (took: 23.97) | Theta: [-0.041842,  2.133610,  1.407540,  1.401101] | Function Value: -95977.718949 | Gradient: [ 207.589866, -440.089953,  1231.849470,  11879.102181] |  Norm(Grad): [ 11952.710758]
rank 0 | iter 22 | objfunc_time: 23.959235
rank 0 | iter 23 | objfunc_time: 23.966151
comm_rank: 0 | Iteration: 20 (took: 23.97) | Theta: [ 0.011495,  2.348022,  1.404614,  1.397438] | Function Value: -96054.606740 | Gradient: [ 2188.296788, -471.551504, -1238.671068,  9009.595769] |  Norm(Grad): [ 9365.795513]
rank 0 | iter 24 | objfunc_time: 23.955712
rank 0 | iter 25 | objfunc_time: 23.954076
comm_rank: 0 | Iteration: 21 (took: 23.95) | Theta: [ 0.012202,  2.360341,  1.409897,  1.390887] | Function Value: -96089.467239 | Gradient: [-3286.409108,  842.792975,  1733.599360,  2628.022453] |  Norm(Grad): [ 4628.461253]
rank 0 | iter 26 | objfunc_time: 23.974340
comm_rank: 0 | Iteration: 22 (took: 23.97) | Theta: [ 0.008403,  2.335229,  1.407204,  1.387721] | Function Value: -96102.236309 | Gradient: [-520.231933,  137.197938,  328.465594,  475.144301] |  Norm(Grad): [ 789.377154]
rank 0 | iter 27 | objfunc_time: 23.967087
comm_rank: 0 | Iteration: 23 (took: 23.97) | Theta: [ 0.007089,  2.328000,  1.406544,  1.387041] | Function Value: -96102.661897 | Gradient: [ 66.820937, -16.677038,  40.740416,  12.879316] |  Norm(Grad): [ 81.048254]
rank 0 | iter 28 | objfunc_time: 23.966306
rank 0 | iter 29 | objfunc_time: 23.967772
comm_rank: 0 | Iteration: 24 (took: 23.97) | Theta: [ 0.006912,  2.328381,  1.406002,  1.386997] | Function Value: -96102.696055 | Gradient: [ 81.975638, -15.544560,  15.232107, -25.098701] |  Norm(Grad): [ 88.451119]
rank 0 | iter 30 | objfunc_time: 23.971485
comm_rank: 0 | Iteration: 25 (took: 23.97) | Theta: [ 0.005423,  2.326516,  1.404012,  1.386959] | Function Value: -96102.786587 | Gradient: [ 107.832365, -12.212185, -38.689677, -62.534872] |  Norm(Grad): [ 131.089503]
rank 0 | iter 31 | objfunc_time: 23.989675
rank 0 | iter 32 | objfunc_time: 23.971050
comm_rank: 0 | Iteration: 26 (took: 23.97) | Theta: [ 0.003832,  2.323243,  1.402825,  1.386767] | Function Value: -96102.823396 | Gradient: [-61.124919,  29.067336,  43.070383, -255.275094] |  Norm(Grad): [ 267.584748]
rank 0 | iter 33 | objfunc_time: 23.973999
comm_rank: 0 | Iteration: 27 (took: 23.97) | Theta: [ 0.001053,  2.317514,  1.400138,  1.386836] | Function Value: -96102.922641 | Gradient: [-1.293822,  19.609296, -20.186249, -199.901604] |  Norm(Grad): [ 201.877028]
rank 0 | iter 34 | objfunc_time: 23.978875
comm_rank: 0 | Iteration: 28 (took: 23.98) | Theta: [-0.003728,  2.306700,  1.396414,  1.387133] | Function Value: -96103.031304 | Gradient: [-93.468839,  41.566100,  7.799387,  16.297141] |  Norm(Grad): [ 103.877773]
rank 0 | iter 35 | objfunc_time: 23.997596
comm_rank: 0 | Iteration: 29 (took: 24.00) | Theta: [-0.007713,  2.295559,  1.393607,  1.387053] | Function Value: -96103.085190 | Gradient: [ 91.836709, -10.439008, -90.459321, -27.829480] |  Norm(Grad): [ 132.288786]
rank 0 | iter 36 | objfunc_time: 23.979145
comm_rank: 0 | Iteration: 30 (took: 23.98) | Theta: [-0.007984,  2.293815,  1.394057,  1.387113] | Function Value: -96103.117719 | Gradient: [ 18.968560, -0.180860, -26.440325,  13.072584] |  Norm(Grad): [ 35.068821]
rank 0 | iter 37 | objfunc_time: 23.985041
comm_rank: 0 | Iteration: 31 (took: 23.99) | Theta: [-0.007842,  2.293412,  1.394544,  1.387096] | Function Value: -96103.122938 | Gradient: [-4.153064,  1.090483,  1.787467, -1.315917] |  Norm(Grad): [ 4.833608]
rank 0 | iter 38 | objfunc_time: 23.989973
rank 0 | iter 39 | objfunc_time: 23.979999
comm_rank: 0 | Iteration: 32 (took: 23.98) | Theta: [-0.007810,  2.293474,  1.394569,  1.387099] | Function Value: -96103.122949 | Gradient: [-1.064193,  0.312821,  0.386724,  1.668396] |  Norm(Grad): [ 2.040457]
rank 0 | iter 40 | objfunc_time: 23.979611
comm_rank: 0 | Iteration: 33 (took: 23.98) | Theta: [-0.007814,  2.293450,  1.394571,  1.387097] | Function Value: -96103.122952 | Gradient: [-0.302014,  0.064191,  0.163502,  0.517347] |  Norm(Grad): [ 0.624271]
Optimization converged!  || f(30) - f(33) || = 0.000015 < 0.001. Function value: -96103.122952

rank 0 | optimization summary: n_iters=40 | objfunc_time: mean=23.986510 std=0.021878 min=23.946483 max=24.034562
Optimization completed in 983.58s
Starting Hessian computation...
comm_rank: 0 | Hessian column 1/4 (47.96s)
comm_rank: 0 | Hessian column 2/4 (47.95s)
comm_rank: 0 | Hessian column 3/4 (47.95s)
comm_rank: 0 | Hessian column 4/4 (47.93s)
Hessian computed in 192.13s
Rebuilding model state for marginal variances...
Allocated an extra 0.37 GB for BTA_mapping caching (total: 0.37)
Allocated an extra 0.33 GB for BT_mapping caching (total: 0.70)
Computing marginal variances...
Marginal variances computed in 8.45s
Total wall-clock: 1234.87s (optimization: 983.58s, hessian: 192.13s, marginals: 8.45s)
JAX optimization: 1234.87s, f=-96103.122952
--- Finished ---
