Parsed parameters:
  max_iter: 250
  solver_min_p: 1
  profile: False
  precision: float64
--- gst_coreg2_small: Coregional (2-variate) Spatio-Temporal Model ---
Using JAX automatic differentiation with JIT compilation (CoregionalModel, 2 variates)

___________________________________ 
___  __ \__    |__  /____  _/__    |
__  / / /_  /| |_  /  __  / __  /| |
_  /_/ /_  ___ |  /____/ /  _  ___ |
/_____/ /_/  |_/_____/___/  /_/  |_|

╔═══════════════════════════════════════════════════════╗
║               Parallelization strategies              ║
║ ╒═══════════════════════════════════════════╤═══════╕ ║
║ │ Participating Processes / Total Processes │ 1 / 1 │ ║
║ ├───────────────────────────────────────────┼───────┤ ║
║ │ Parallelization through F()               │   1   │ ║
║ ├───────────────────────────────────────────┼───────┤ ║
║ │ Parallelization through Q()               │   1   │ ║
║ ├───────────────────────────────────────────┼───────┤ ║
║ │ Parallelization through S()               │   1   │ ║
║ ╘═══════════════════════════════════════════╧═══════╛ ║
╚═══════════════════════════════════════════════════════╝
╔═══════════════════════════════╗
║  Enabled Performance modules  ║
║ ╒═══════════════════╤═══════╕ ║
║ │ Array module      │ cupy  │ ║
║ ├───────────────────┼───────┤ ║
║ │ MPI available     │ True  │ ║
║ ├───────────────────┼───────┤ ║
║ │ Is MPI CUDA aware │ False │ ║
║ ├───────────────────┼───────┤ ║
║ │ Is NCCL available │ False │ ║
║ ╘═══════════════════╧═══════╛ ║
╚═══════════════════════════════╝
╔═══════════════════════════════════════╗
║             Memory Report             ║
║ ╒════════════════════════╤══════════╕ ║
║ │ Solver memory          │  0.00 B  │ ║
║ ├────────────────────────┼──────────┤ ║
║ │ Total memory used      │ 44.73 MB │ ║
║ ├────────────────────────┼──────────┤ ║
║ │ Total memory available │ 49.91 MB │ ║
║ ╘════════════════════════╧══════════╛ ║
╚═══════════════════════════════════════╝
DALIA initialized.
First forward+gradient: f=-19827.204185, time=10.4185s
Starting optimization.
Using JAX automatic differentiation with JIT compilation (Gaussian likelihood)
rank 0 | iter 1 | objfunc_time: 0.135286
comm_rank: 0 | Iteration:  1 (took: 0.14) | Theta: [ 0.041755,  1.016107,  4.273910,  1.096652,  0.938566,  4.296210, -0.021555,  0.679787, -2.137069] | Function Value: -23180.119568 | Gradient: [-405.579965,  149.420047, -2383.347144, -762.284464,  211.904559, -2374.055980,  921.483677,  448.072910, -565.463007] |  Norm(Grad): [ 3674.090081]
rank 0 | iter 2 | objfunc_time: 0.136151
rank 0 | iter 3 | objfunc_time: 0.135683
comm_rank: 0 | Iteration:  2 (took: 0.14) | Theta: [-0.035667,  1.034077,  5.644291,  1.060069,  0.950729,  5.585753, -0.205633,  0.718717, -2.409223] | Function Value: -27250.087749 | Gradient: [-186.298666,  55.159012,  11.073614,  7.053584,  6.807041, -1141.722785,  335.627471,  41.125624, -2064.132490] |  Norm(Grad): [ 2390.916015]
rank 0 | iter 4 | objfunc_time: 0.135446
rank 0 | iter 5 | objfunc_time: 0.139581
comm_rank: 0 | Iteration:  3 (took: 0.14) | Theta: [-0.082243,  1.050165,  5.797075,  0.940612,  0.982912,  5.938390, -0.209617,  0.786166, -2.176650] | Function Value: -27658.698923 | Gradient: [-166.537475,  52.854464,  314.048917, -1773.729262,  505.451103, -483.746537,  271.807029,  1146.993505, -728.967010] |  Norm(Grad): [ 2384.455521]
rank 0 | iter 6 | objfunc_time: 0.136280
comm_rank: 0 | Iteration:  4 (took: 0.14) | Theta: [-0.105662,  1.058852,  5.784192,  1.069740,  0.945083,  6.115361, -0.211594,  0.696735, -2.015897] | Function Value: -28042.981969 | Gradient: [-168.550933,  56.396375,  296.800302, -682.875473,  195.579152, -36.913707,  248.036951,  421.486550, -172.957584] |  Norm(Grad): [ 945.886195]
rank 0 | iter 7 | objfunc_time: 0.134831
comm_rank: 0 | Iteration:  5 (took: 0.13) | Theta: [-0.079484,  1.050749,  5.645698,  1.151919,  0.920876,  6.081377, -0.243062,  0.644913, -1.935197] | Function Value: -28068.942897 | Gradient: [ 5.845068, -9.912433, -71.292222,  389.722166, -102.350954, -114.043868, -45.484292, -231.867460,  586.691864] |  Norm(Grad): [ 761.983447]
rank 0 | iter 8 | objfunc_time: 0.135765
comm_rank: 0 | Iteration:  6 (took: 0.14) | Theta: [-0.078233,  1.050415,  5.699338,  1.129091,  0.927214,  6.101524, -0.244962,  0.659752, -2.004586] | Function Value: -28095.964383 | Gradient: [-27.247385,  0.328686,  74.339190,  17.194742,  0.098049, -67.256606, -7.898813, -10.294507, -25.449444] |  Norm(Grad): [ 109.105478]
rank 0 | iter 9 | objfunc_time: 0.134998
comm_rank: 0 | Iteration:  7 (took: 0.13) | Theta: [-0.076088,  1.050652,  5.689244,  1.127628,  0.927038,  6.112733, -0.244057,  0.660326, -1.998855] | Function Value: -28097.233091 | Gradient: [-20.468589, -1.794331,  42.726733, -0.353019,  4.953522, -37.671551, -10.932200,  0.122506,  20.395078] |  Norm(Grad): [ 65.015778]
rank 0 | iter 10 | objfunc_time: 0.134700
comm_rank: 0 | Iteration:  8 (took: 0.13) | Theta: [-0.069132,  1.051174,  5.674484,  1.128446,  0.925170,  6.126569, -0.241667,  0.659715, -2.000901] | Function Value: -28097.983067 | Gradient: [-7.896324, -5.748767,  1.050688,  7.297891,  2.695888, -0.715341, -10.789830, -4.955248,  10.846988] |  Norm(Grad): [ 20.400368]
rank 0 | iter 11 | objfunc_time: 0.134946
comm_rank: 0 | Iteration:  9 (took: 0.13) | Theta: [-0.065239,  1.053237,  5.673052,  1.127722,  0.923481,  6.127121, -0.238010,  0.660377, -2.002060] | Function Value: -28098.052488 | Gradient: [-8.044807, -4.900902, -3.335212, -0.134487,  4.713835,  0.583597,  4.474515, -0.401944,  1.124091] |  Norm(Grad): [ 11.995280]
rank 0 | iter 12 | objfunc_time: 0.137821
comm_rank: 0 | Iteration: 10 (took: 0.14) | Theta: [-0.060960,  1.055845,  5.673396,  1.127342,  0.921211,  6.127728, -0.236810,  0.660881, -2.003057] | Function Value: -28098.091709 | Gradient: [-1.743586, -6.616207, -2.168356, -0.783174,  4.862317,  2.204696,  4.590729,  0.142403, -5.458840] |  Norm(Grad): [ 11.468489]
rank 0 | iter 13 | objfunc_time: 0.135429
comm_rank: 0 | Iteration: 11 (took: 0.14) | Theta: [-0.055840,  1.062446,  5.674053,  1.126469,  0.916394,  6.127592, -0.235541,  0.661858, -2.003333] | Function Value: -28098.148732 | Gradient: [ 3.295597, -7.411704, -0.283696, -1.561429,  5.025483,  1.833341,  6.315688,  0.917497, -6.949029] |  Norm(Grad): [ 13.636283]
rank 0 | iter 14 | objfunc_time: 0.135032
comm_rank: 0 | Iteration: 12 (took: 0.14) | Theta: [-0.044091,  1.087804,  5.674562,  1.123247,  0.898582,  6.127547, -0.234873,  0.664935, -2.004241] | Function Value: -28098.315016 | Gradient: [ 9.998512, -6.741406,  1.269992, -2.489658,  5.067526,  1.697758,  6.428775,  2.284437, -12.487187] |  Norm(Grad): [ 19.602752]
rank 0 | iter 15 | objfunc_time: 0.135326
comm_rank: 0 | Iteration: 13 (took: 0.14) | Theta: [-0.032005,  1.126993,  5.675409,  1.116900,  0.868841,  6.128617, -0.235581,  0.668941, -2.003159] | Function Value: -28098.498668 | Gradient: [ 8.339513, -1.819310,  3.228218, -5.434684,  5.510342,  4.634961,  7.593892,  4.718009, -4.344964] |  Norm(Grad): [ 16.231660]
rank 0 | iter 16 | objfunc_time: 0.135788
rank 0 | iter 17 | objfunc_time: 0.140426
comm_rank: 0 | Iteration: 14 (took: 0.14) | Theta: [-0.029588,  1.137066,  5.673163,  1.115147,  0.858920,  6.125622, -0.237377,  0.669369, -2.004154] | Function Value: -28098.534694 | Gradient: [ 9.117585, -1.046752, -2.841224, -0.580527,  3.968541, -3.513154,  0.766432,  1.561367, -10.496609] |  Norm(Grad): [ 15.294812]
rank 0 | iter 18 | objfunc_time: 0.135056
comm_rank: 0 | Iteration: 15 (took: 0.14) | Theta: [-0.029855,  1.146937,  5.674159,  1.113079,  0.848946,  6.126540, -0.238703,  0.669733, -2.003029] | Function Value: -28098.577333 | Gradient: [ 2.134873,  2.443112,  0.108828,  5.073417,  2.240323, -0.906399,  1.342007, -2.004405, -2.850845] |  Norm(Grad): [ 7.487619]
rank 0 | iter 19 | objfunc_time: 0.138042
comm_rank: 0 | Iteration: 16 (took: 0.14) | Theta: [-0.032413,  1.147585,  5.674342,  1.110560,  0.845106,  6.126640, -0.240790,  0.670138, -2.002368] | Function Value: -28098.583982 | Gradient: [-0.769793,  3.482911, -0.405778, -9.970667,  6.360278, -0.761582, -4.465604,  6.759246,  1.100052] |  Norm(Grad): [ 14.838274]
rank 0 | iter 20 | objfunc_time: 0.135514
comm_rank: 0 | Iteration: 17 (took: 0.14) | Theta: [-0.033633,  1.144561,  5.674076,  1.111379,  0.845857,  6.126781, -0.240427,  0.669305, -2.002237] | Function Value: -28098.597268 | Gradient: [-2.093123,  3.599320, -0.614201, -0.021594,  3.576268, -0.282875, -2.093103,  0.592328,  2.312442] |  Norm(Grad): [ 6.376755]
rank 0 | iter 21 | objfunc_time: 0.135083
comm_rank: 0 | Iteration: 18 (took: 0.14) | Theta: [-0.034535,  1.141922,  5.673805,  1.111275,  0.844897,  6.126809, -0.240243,  0.668749, -2.002213] | Function Value: -28098.607085 | Gradient: [-2.512229,  3.444933, -1.160161,  4.285997,  2.333612, -0.173631, -1.109589, -2.243857,  2.595133] |  Norm(Grad): [ 7.508082]
rank 0 | iter 22 | objfunc_time: 0.135738
comm_rank: 0 | Iteration: 19 (took: 0.14) | Theta: [-0.036826,  1.135172,  5.673139,  1.108928,  0.835809,  6.126958, -0.239830,  0.667297, -2.002198] | Function Value: -28098.642096 | Gradient: [-3.417177,  2.994297, -2.627950,  13.239753, -0.418048,  0.288645,  1.021595, -8.663657,  2.848207] |  Norm(Grad): [ 16.950311]
rank 0 | iter 23 | objfunc_time: 0.134910
comm_rank: 0 | Iteration: 20 (took: 0.13) | Theta: [-0.039451,  1.126956,  5.672539,  1.101999,  0.811235,  6.127209, -0.239313,  0.665571, -2.002250] | Function Value: -28098.704081 | Gradient: [-4.112997,  2.312749, -4.061917,  21.084567, -3.244619,  0.992735,  3.290727, -15.474746,  2.339915] |  Norm(Grad): [ 27.397237]
rank 0 | iter 24 | objfunc_time: 0.134797
comm_rank: 0 | Iteration: 21 (took: 0.13) | Theta: [-0.041457,  1.119118,  5.672670,  1.087906,  0.761667,  6.127377, -0.238792,  0.664670, -2.002342] | Function Value: -28098.798107 | Gradient: [-3.418541,  1.203474, -3.884328,  23.192410, -5.119354,  1.401776,  4.405236, -20.271535,  1.070822] |  Norm(Grad): [ 32.027665]
rank 0 | iter 25 | objfunc_time: 0.134969
comm_rank: 0 | Iteration: 22 (took: 0.13) | Theta: [-0.041551,  1.116232,  5.673194,  1.073979,  0.694772,  6.125985, -0.236784,  0.674043, -2.001935] | Function Value: -28098.913325 | Gradient: [-5.427791,  1.683315, -3.176717,  17.131584, -4.583730, -2.507622,  13.670171, -16.707297,  2.182331] |  Norm(Grad): [ 28.878120]
rank 0 | iter 26 | objfunc_time: 0.138086
rank 0 | iter 27 | objfunc_time: 0.139363
comm_rank: 0 | Iteration: 23 (took: 0.14) | Theta: [-0.041393,  1.113474,  5.675155,  1.065383,  0.646851,  6.127502, -0.239562,  0.682526, -2.001690] | Function Value: -28098.974310 | Gradient: [ 4.746939, -2.287604,  2.402854,  17.814437, -5.481678,  1.699222, -5.622822, -16.613412,  5.931890] |  Norm(Grad): [ 26.956252]
rank 0 | iter 28 | objfunc_time: 0.135599
comm_rank: 0 | Iteration: 24 (took: 0.14) | Theta: [-0.040467,  1.118138,  5.675813,  1.062532,  0.618050,  6.127329, -0.238756,  0.694555, -2.002595] | Function Value: -28099.037220 | Gradient: [ 0.201900, -0.166729,  3.486525,  1.354769, -0.671232,  1.008861,  1.805915, -3.339687, -3.033094] |  Norm(Grad): [ 6.256410]
rank 0 | iter 29 | objfunc_time: 0.135861
comm_rank: 0 | Iteration: 25 (took: 0.14) | Theta: [-0.040236,  1.120064,  5.675535,  1.062987,  0.612239,  6.127068, -0.239068,  0.698919, -2.002136] | Function Value: -28099.045298 | Gradient: [-0.069806,  0.136461,  2.379648, -2.775139,  0.713575,  0.273428,  0.862684,  0.771566,  0.297390] |  Norm(Grad): [ 3.924226]
rank 0 | iter 30 | objfunc_time: 0.135132
comm_rank: 0 | Iteration: 26 (took: 0.14) | Theta: [-0.040255,  1.120289,  5.674984,  1.063053,  0.608699,  6.126861, -0.239313,  0.700646, -2.002236] | Function Value: -28099.047226 | Gradient: [ 0.179849,  0.061037,  0.823348, -2.663011,  0.727335, -0.298981, -0.239230,  1.243565, -0.234502] |  Norm(Grad): [ 3.175324]
rank 0 | iter 31 | objfunc_time: 0.136044
comm_rank: 0 | Iteration: 27 (took: 0.14) | Theta: [-0.040266,  1.120622,  5.674640,  1.063051,  0.605447,  6.126924, -0.239326,  0.701757, -2.002118] | Function Value: -28099.047828 | Gradient: [-0.082407,  0.191719, -0.054976, -0.377325,  0.085877, -0.109565, -0.083195,  0.165705,  0.803965] |  Norm(Grad): [ 0.942901]
rank 0 | iter 32 | objfunc_time: 0.138773
comm_rank: 0 | Iteration: 28 (took: 0.14) | Theta: [-0.040335,  1.120313,  5.674609,  1.063104,  0.605854,  6.126950, -0.239334,  0.701605, -2.002224] | Function Value: -28099.047925 | Gradient: [-0.013798,  0.130085, -0.110974, -0.204655,  0.034188, -0.040780, -0.163222,  0.022453,  0.039924] |  Norm(Grad): [ 0.320753]
Optimization converged!  || f(25) - f(28) || = 0.000699 < 0.001. Function value: -28099.047925

rank 0 | optimization summary: n_iters=32 | objfunc_time: mean=0.136139 std=0.001554 min=0.134700 max=0.140426
Optimization completed in 4.59s
Starting Hessian computation...
comm_rank: 0 | Hessian column 1/9 (0.28s)
comm_rank: 0 | Hessian column 2/9 (0.27s)
comm_rank: 0 | Hessian column 3/9 (0.27s)
comm_rank: 0 | Hessian column 4/9 (0.28s)
comm_rank: 0 | Hessian column 5/9 (0.27s)
comm_rank: 0 | Hessian column 6/9 (0.27s)
comm_rank: 0 | Hessian column 7/9 (0.27s)
comm_rank: 0 | Hessian column 8/9 (0.27s)
comm_rank: 0 | Hessian column 9/9 (0.27s)
Hessian computed in 2.82s
Rebuilding model state for marginal variances...
Allocated an extra 0.01 GB for BTA_mapping caching (total: 0.01)
Allocated an extra 0.01 GB for BT_mapping caching (total: 0.01)
Computing marginal variances...
Marginal variances computed in 0.78s
Total wall-clock: 11.51s (optimization: 4.59s, hessian: 2.82s, marginals: 0.78s)
JAX optimization: 11.51s, f=-28099.047925

___________________________________ 
___  __ \__    |__  /____  _/__    |
__  / / /_  /| |_  /  __  / __  /| |
_  /_/ /_  ___ |  /____/ /  _  ___ |
/_____/ /_/  |_/_____/___/  /_/  |_|

╔═══════════════════════════════════════════════════════╗
║               Parallelization strategies              ║
║ ╒═══════════════════════════════════════════╤═══════╕ ║
║ │ Participating Processes / Total Processes │ 1 / 1 │ ║
║ ├───────────────────────────────────────────┼───────┤ ║
║ │ Parallelization through F()               │   1   │ ║
║ ├───────────────────────────────────────────┼───────┤ ║
║ │ Parallelization through Q()               │   1   │ ║
║ ├───────────────────────────────────────────┼───────┤ ║
║ │ Parallelization through S()               │   1   │ ║
║ ╘═══════════════════════════════════════════╧═══════╛ ║
╚═══════════════════════════════════════════════════════╝
╔═══════════════════════════════╗
║  Enabled Performance modules  ║
║ ╒═══════════════════╤═══════╕ ║
║ │ Array module      │ cupy  │ ║
║ ├───────────────────┼───────┤ ║
║ │ MPI available     │ True  │ ║
║ ├───────────────────┼───────┤ ║
║ │ Is MPI CUDA aware │ False │ ║
║ ├───────────────────┼───────┤ ║
║ │ Is NCCL available │ False │ ║
║ ╘═══════════════════╧═══════╛ ║
╚═══════════════════════════════╝
╔════════════════════════════════════════╗
║             Memory Report              ║
║ ╒════════════════════════╤═══════════╕ ║
║ │ Solver memory          │ 88.09 MB  │ ║
║ ├────────────────────────┼───────────┤ ║
║ │ Total memory used      │ 132.89 MB │ ║
║ ├────────────────────────┼───────────┤ ║
║ │ Total memory available │ 137.50 MB │ ║
║ ╘════════════════════════╧═══════════╛ ║
╚════════════════════════════════════════╝
DALIA initialized.
Allocated an extra 0.01 GB for BTA_mapping caching (total: 0.09)
Allocated an extra 0.01 GB for BT_mapping caching (total: 0.10)
Starting optimization.
Using finite differences (eps=0.001)
rank 0 | iter 1 | objfunc_time: 9.642940 | solver_time: 1.472155 | construction_time: 5.992389
comm_rank: 0 | Iteration:  1 (took: 9.64) | Theta: [ 0.041754,  1.016107,  4.273909,  1.096651,  0.938566,  4.296209, -0.021555,  0.679787, -2.137069] | Function Value: -23180.117645 | Gradient: [-405.579925,  149.420921, -2383.347271, -762.283819,  211.904693, -2374.056013,  921.486545,  448.073020, -565.463986] |  Norm(Grad): [ 3674.090973]
rank 0 | iter 2 | objfunc_time: 9.626627 | solver_time: 1.473647 | construction_time: 5.966827
rank 0 | iter 3 | objfunc_time: 9.581211 | solver_time: 1.504569 | construction_time: 5.905220
comm_rank: 0 | Iteration:  2 (took: 9.58) | Theta: [-0.035670,  1.034077,  5.644292,  1.060068,  0.950729,  5.585755, -0.205633,  0.718717, -2.409223] | Function Value: -27250.087331 | Gradient: [-186.301515,  55.160850,  11.078186,  7.055670,  6.807290, -1141.720116,  335.630894,  41.125819, -2064.134166] |  Norm(Grad): [ 2390.916964]
rank 0 | iter 4 | objfunc_time: 9.586645 | solver_time: 1.452101 | construction_time: 5.913477
rank 0 | iter 5 | objfunc_time: 9.574819 | solver_time: 1.449113 | construction_time: 5.953114
comm_rank: 0 | Iteration:  3 (took: 9.57) | Theta: [-0.082245,  1.050165,  5.797075,  0.940611,  0.982912,  5.938390, -0.209618,  0.786166, -2.176651] | Function Value: -27658.696612 | Gradient: [-166.538790,  52.855588,  314.049616, -1773.728326,  505.451493, -483.746372,  271.806955,  1146.994293, -728.969701] |  Norm(Grad): [ 2384.456277]
rank 0 | iter 6 | objfunc_time: 9.589707 | solver_time: 1.470316 | construction_time: 5.963703
comm_rank: 0 | Iteration:  4 (took: 9.59) | Theta: [-0.105663,  1.058852,  5.784191,  1.069739,  0.945083,  6.115360, -0.211594,  0.696735, -2.015898] | Function Value: -28042.981090 | Gradient: [-168.551058,  56.396961,  296.796978, -682.883829,  195.582330, -36.916777,  248.034656,  421.492875, -172.959909] |  Norm(Grad): [ 945.894659]
rank 0 | iter 7 | objfunc_time: 9.547179 | solver_time: 1.464448 | construction_time: 5.905043
comm_rank: 0 | Iteration:  5 (took: 9.55) | Theta: [-0.079485,  1.050748,  5.645698,  1.151918,  0.920875,  6.081377, -0.243062,  0.644912, -1.935197] | Function Value: -28068.942569 | Gradient: [ 5.845100, -9.911880, -71.291983,  389.728010, -102.351665, -114.042282, -45.486733, -231.869832,  586.697280] |  Norm(Grad): [ 761.991302]
rank 0 | iter 8 | objfunc_time: 9.579960 | solver_time: 1.479985 | construction_time: 5.910465
comm_rank: 0 | Iteration:  6 (took: 9.58) | Theta: [-0.078235,  1.050414,  5.699338,  1.129090,  0.927214,  6.101524, -0.244962,  0.659751, -2.004586] | Function Value: -28095.964319 | Gradient: [-27.248725,  0.329837,  74.340299,  17.194763,  0.098810, -67.255989, -7.898793, -10.293439, -25.449917] |  Norm(Grad): [ 109.106203]
rank 0 | iter 9 | objfunc_time: 9.551992 | solver_time: 1.451265 | construction_time: 5.911604
comm_rank: 0 | Iteration:  7 (took: 9.55) | Theta: [-0.076089,  1.050651,  5.689244,  1.127627,  0.927037,  6.112732, -0.244058,  0.660325, -1.998855] | Function Value: -28097.233045 | Gradient: [-20.469293, -1.793459,  42.726547, -0.352859,  4.954353, -37.672251, -10.932505,  0.123397,  20.395115] |  Norm(Grad): [ 65.016386]
rank 0 | iter 10 | objfunc_time: 9.584752 | solver_time: 1.484773 | construction_time: 5.915032
comm_rank: 0 | Iteration:  8 (took: 9.58) | Theta: [-0.069134,  1.051172,  5.674484,  1.128445,  0.925169,  6.126569, -0.241667,  0.659714, -2.000901] | Function Value: -28097.983050 | Gradient: [-7.896528, -5.748123,  1.051024,  7.299483,  2.696216, -0.714958, -10.790184, -4.955336,  10.847449] |  Norm(Grad): [ 20.401336]
rank 0 | iter 11 | objfunc_time: 9.586127 | solver_time: 1.449615 | construction_time: 5.924790
comm_rank: 0 | Iteration:  9 (took: 9.59) | Theta: [-0.065240,  1.053236,  5.673052,  1.127721,  0.923480,  6.127121, -0.238010,  0.660376, -2.002060] | Function Value: -28098.052473 | Gradient: [-8.044571, -4.900351, -3.335625, -0.134513,  4.714683,  0.583261,  4.474357, -0.401139,  1.124218] |  Norm(Grad): [ 11.995254]
rank 0 | iter 12 | objfunc_time: 9.552985 | solver_time: 1.452722 | construction_time: 5.952851
comm_rank: 0 | Iteration: 10 (took: 9.55) | Theta: [-0.060962,  1.055843,  5.673396,  1.127341,  0.921210,  6.127728, -0.236810,  0.660879, -2.003057] | Function Value: -28098.091697 | Gradient: [-1.743719, -6.615534, -2.168283, -0.782758,  4.863009,  2.204522,  4.590496,  0.142768, -5.458698] |  Norm(Grad): [ 11.468182]
rank 0 | iter 13 | objfunc_time: 9.537410 | solver_time: 1.449518 | construction_time: 5.934252
comm_rank: 0 | Iteration: 11 (took: 9.54) | Theta: [-0.055842,  1.062442,  5.674053,  1.126467,  0.916392,  6.127592, -0.235541,  0.661856, -2.003333] | Function Value: -28098.148725 | Gradient: [ 3.295958, -7.411346, -0.283509, -1.561329,  5.026296,  1.833290,  6.314397,  0.917733, -6.948307] |  Norm(Grad): [ 13.635502]
rank 0 | iter 14 | objfunc_time: 9.555128 | solver_time: 1.458037 | construction_time: 5.938710
comm_rank: 0 | Iteration: 12 (took: 9.56) | Theta: [-0.044094,  1.087799,  5.674563,  1.123243,  0.898578,  6.127547, -0.234873,  0.664931, -2.004241] | Function Value: -28098.315020 | Gradient: [ 9.997651, -6.740868,  1.271829, -2.486944,  5.067334,  1.697838,  6.432012,  2.282217, -12.487158] |  Norm(Grad): [ 19.602645]
rank 0 | iter 15 | objfunc_time: 9.515251 | solver_time: 1.449868 | construction_time: 5.886746
comm_rank: 0 | Iteration: 13 (took: 9.52) | Theta: [-0.032006,  1.126984,  5.675408,  1.116891,  0.868833,  6.128618, -0.235585,  0.668938, -2.003157] | Function Value: -28098.498701 | Gradient: [ 8.360133, -1.826659,  3.224060, -5.480632,  5.523726,  4.635528,  7.561311,  4.744425, -4.331708] |  Norm(Grad): [ 16.251362]
rank 0 | iter 16 | objfunc_time: 9.512081 | solver_time: 1.446094 | construction_time: 5.886217
rank 0 | iter 17 | objfunc_time: 9.529816 | solver_time: 1.460714 | construction_time: 5.889136
comm_rank: 0 | Iteration: 14 (took: 9.53) | Theta: [-0.029583,  1.137115,  5.673165,  1.115145,  0.858857,  6.125621, -0.237372,  0.669360, -2.004161] | Function Value: -28098.534897 | Gradient: [ 9.067357, -1.023144, -2.821431, -0.390366,  3.914982, -3.512964,  0.829622,  1.444682, -10.546833] |  Norm(Grad): [ 15.266162]
rank 0 | iter 18 | objfunc_time: 9.562697 | solver_time: 1.472170 | construction_time: 5.919425
comm_rank: 0 | Iteration: 15 (took: 9.56) | Theta: [-0.029861,  1.146905,  5.674152,  1.113055,  0.848965,  6.126536, -0.238712,  0.669741, -2.003020] | Function Value: -28098.577549 | Gradient: [ 2.179310,  2.425089,  0.067830,  4.769981,  2.326101, -0.920787,  1.267463, -1.821667, -2.786830] |  Norm(Grad): [ 7.234481]
rank 0 | iter 19 | objfunc_time: 9.525895 | solver_time: 1.445655 | construction_time: 5.907814
comm_rank: 0 | Iteration: 16 (took: 9.53) | Theta: [-0.032416,  1.147436,  5.674311,  1.110580,  0.845165,  6.126614, -0.240774,  0.670119, -2.002380] | Function Value: -28098.584491 | Gradient: [-0.671595,  3.432930, -0.487044, -9.865016,  6.331727, -0.831842, -4.480749,  6.692037,  1.036808] |  Norm(Grad): [ 14.714278]
rank 0 | iter 20 | objfunc_time: 9.520726 | solver_time: 1.446353 | construction_time: 5.894381
comm_rank: 0 | Iteration: 17 (took: 9.52) | Theta: [-0.033700,  1.144511,  5.674074,  1.111331,  0.845719,  6.126782, -0.240454,  0.669292, -2.002221] | Function Value: -28098.597711 | Gradient: [-2.164051,  3.618404, -0.625521, -0.029653,  3.576040, -0.280038, -2.144471,  0.584915,  2.421677] |  Norm(Grad): [ 6.468385]
rank 0 | iter 21 | objfunc_time: 9.511902 | solver_time: 1.453769 | construction_time: 5.881703
comm_rank: 0 | Iteration: 18 (took: 9.51) | Theta: [-0.034637,  1.141840,  5.673806,  1.111194,  0.844631,  6.126824, -0.240273,  0.668726, -2.002192] | Function Value: -28098.607934 | Gradient: [-2.641380,  3.480300, -1.159266,  4.358277,  2.308056, -0.131667, -1.131102, -2.309710,  2.738059] |  Norm(Grad): [ 7.673554]
rank 0 | iter 22 | objfunc_time: 9.497801 | solver_time: 1.459397 | construction_time: 5.866531
comm_rank: 0 | Iteration: 19 (took: 9.50) | Theta: [-0.037012,  1.134973,  5.673138,  1.108676,  0.834923,  6.127012, -0.239866,  0.667244, -2.002168] | Function Value: -28098.644451 | Gradient: [-3.659785,  3.055021, -2.627507,  13.491049, -0.508398,  0.436485,  1.066208, -8.881658,  3.037959] |  Norm(Grad): [ 17.359096]
rank 0 | iter 23 | objfunc_time: 9.526841 | solver_time: 1.469466 | construction_time: 5.888140
comm_rank: 0 | Iteration: 20 (took: 9.53) | Theta: [-0.039671,  1.126740,  5.672549,  1.101464,  0.809342,  6.127304, -0.239355,  0.665527, -2.002216] | Function Value: -28098.708055 | Gradient: [-4.419461,  2.393067, -4.041448,  21.267354, -3.340736,  1.249820,  3.361419, -15.711546,  2.529532] |  Norm(Grad): [ 27.769857]
rank 0 | iter 24 | objfunc_time: 9.554358 | solver_time: 1.486823 | construction_time: 5.905032
comm_rank: 0 | Iteration: 21 (took: 9.55) | Theta: [-0.041597,  1.119067,  5.672735,  1.087137,  0.758836,  6.127459, -0.238835,  0.664754, -2.002302] | Function Value: -28098.802886 | Gradient: [-3.648713,  1.276061, -3.729910,  23.005798, -5.134955,  1.622185,  4.414499, -20.307705,  1.286566] |  Norm(Grad): [ 31.947858]
rank 0 | iter 25 | objfunc_time: 9.555184 | solver_time: 1.443125 | construction_time: 5.908459
comm_rank: 0 | Iteration: 22 (took: 9.56) | Theta: [-0.041821,  1.116240,  5.673073,  1.073331,  0.689306,  6.126015, -0.236489,  0.675596, -2.001998] | Function Value: -28098.918608 | Gradient: [-6.971627,  2.231061, -3.548712,  16.803041, -4.527688, -2.443537,  16.104534, -16.139567,  1.319021] |  Norm(Grad): [ 29.942763]
rank 0 | iter 26 | objfunc_time: 9.532008 | solver_time: 1.449134 | construction_time: 5.881484
rank 0 | iter 27 | objfunc_time: 9.528521 | solver_time: 1.452921 | construction_time: 5.919882
comm_rank: 0 | Iteration: 23 (took: 9.53) | Theta: [-0.041457,  1.112995,  5.675019,  1.064129,  0.636352,  6.127188, -0.239195,  0.685520, -2.001377] | Function Value: -28098.987013 | Gradient: [ 4.333749, -2.173096,  1.890600,  17.399773, -5.424038,  0.838801, -3.941342, -15.728638,  8.047387] |  Norm(Grad): [ 26.222865]
rank 0 | iter 28 | objfunc_time: 9.526646 | solver_time: 1.451512 | construction_time: 5.921778
comm_rank: 0 | Iteration: 24 (took: 9.53) | Theta: [-0.040624,  1.118062,  5.675619,  1.062958,  0.614411,  6.127159, -0.238878,  0.696766, -2.002490] | Function Value: -28099.042001 | Gradient: [ 0.180677, -0.172749,  3.003329,  2.721757, -0.966385,  0.564873,  1.333326, -3.342435, -2.099484] |  Norm(Grad): [ 5.924599]
rank 0 | iter 29 | objfunc_time: 9.533617 | solver_time: 1.458583 | construction_time: 5.918955
comm_rank: 0 | Iteration: 25 (took: 9.53) | Theta: [-0.040471,  1.119655,  5.675320,  1.063312,  0.609724,  6.127010, -0.239136,  0.700334, -2.002170] | Function Value: -28099.047001 | Gradient: [-0.194058,  0.128418,  1.879260, -1.042813,  0.277191,  0.130862,  0.691816,  0.241235,  0.174403] |  Norm(Grad): [ 2.309634]
rank 0 | iter 30 | objfunc_time: 9.536471 | solver_time: 1.470286 | construction_time: 5.913285
comm_rank: 0 | Iteration: 26 (took: 9.54) | Theta: [-0.040482,  1.119701,  5.674885,  1.063207,  0.607349,  6.126911, -0.239280,  0.701278, -2.002227] | Function Value: -28099.047807 | Gradient: [ 0.037685,  0.045061,  0.627473, -1.207322,  0.334412, -0.150889, -0.027582,  0.587463, -0.101477] |  Norm(Grad): [ 1.531525]
rank 0 | iter 31 | objfunc_time: 9.526984 | solver_time: 1.450872 | construction_time: 5.906063
comm_rank: 0 | Iteration: 27 (took: 9.53) | Theta: [-0.040501,  1.119713,  5.674636,  1.063170,  0.606085,  6.126932, -0.239291,  0.701642, -2.002194] | Function Value: -28099.047982 | Gradient: [ 0.019476,  0.052959, -0.047714, -0.357330,  0.088900, -0.090435, -0.060618,  0.154138,  0.236616] |  Norm(Grad): [ 0.482335]
Optimization converged!  || f(24) - f(27) || = 0.000980 < 0.001. Function value: -28099.047982

rank 0 | optimization summary: n_iters=31 | objfunc_time: mean=9.551428 std=0.033260 min=9.497801 max=9.642940
Optimization completed in 305.80s
Starting Hessian computation...
Hessian computed in 81.82s
Computing marginal variances...
Marginal variances computed in 0.60s
Total wall-clock: 388.22s (optimization: 305.80s, hessian: 81.82s, marginals: 0.60s)
FD optimization: 388.22s, f=-28099.047982
Speedup: 33.7x
--- Finished ---
Job finished at Fri 13 Mar 2026 01:32:40 PM CET
