W0313 10:54:48.157638   66506 cuda_executor.cc:1802] GPU interconnect information not available: INTERNAL: NVML doesn't support extracting fabric info or NVLink is not used by the device.
W0313 10:54:48.158551   66507 cuda_executor.cc:1802] GPU interconnect information not available: INTERNAL: NVML doesn't support extracting fabric info or NVLink is not used by the device.
W0313 10:54:48.165173   66508 cuda_executor.cc:1802] GPU interconnect information not available: INTERNAL: NVML doesn't support extracting fabric info or NVLink is not used by the device.
W0313 10:54:48.165176   66505 cuda_executor.cc:1802] GPU interconnect information not available: INTERNAL: NVML doesn't support extracting fabric info or NVLink is not used by the device.
W0313 10:54:48.530441   65736 cuda_executor.cc:1802] GPU interconnect information not available: INTERNAL: NVML doesn't support extracting fabric info or NVLink is not used by the device.
W0313 10:54:48.562955   65736 cuda_executor.cc:1802] GPU interconnect information not available: INTERNAL: NVML doesn't support extracting fabric info or NVLink is not used by the device.
W0313 10:54:48.594965   65736 cuda_executor.cc:1802] GPU interconnect information not available: INTERNAL: NVML doesn't support extracting fabric info or NVLink is not used by the device.
W0313 10:54:48.627082   65736 cuda_executor.cc:1802] GPU interconnect information not available: INTERNAL: NVML doesn't support extracting fabric info or NVLink is not used by the device.
E0313 11:21:01.783451   66821 slow_operation_alarm.cc:73] Constant folding an instruction is taking > 1s:

  %scatter-add.84 = f64[81206]{0} scatter(%broadcast.102, %constant.1200, %constant.1636), update_window_dims={1}, inserted_window_dims={}, scatter_dims_to_operand_dims={0}, index_vector_dim=1, to_apply=%region_1.6, metadata={op_name="jit(objective_pure_jax)/jvp()/scatter-add" source_file="/capstor/scratch/cscs/aboudaou/workspace/dalia/DALIA/src/dalia/core/autodiff/objectives_univariate.py" source_line=639 source_end_line=639 source_column=26 source_end_column=36}

This isn't necessarily a bug; constant-folding is inherently a trade-off between compilation time and speed at runtime. XLA has some guards that attempt to keep constant folding from taking too long, but fundamentally you'll always be able to come up with an input program that takes a long time.

If you'd like to file a bug, run with envvar XLA_FLAGS=--xla_dump_to=/tmp/foo and attach the results.
E0313 11:21:05.142246   65736 slow_operation_alarm.cc:140] The operation took 4.358897389s
Constant folding an instruction is taking > 1s:

  %scatter-add.84 = f64[81206]{0} scatter(%broadcast.102, %constant.1200, %constant.1636), update_window_dims={1}, inserted_window_dims={}, scatter_dims_to_operand_dims={0}, index_vector_dim=1, to_apply=%region_1.6, metadata={op_name="jit(objective_pure_jax)/jvp()/scatter-add" source_file="/capstor/scratch/cscs/aboudaou/workspace/dalia/DALIA/src/dalia/core/autodiff/objectives_univariate.py" source_line=639 source_end_line=639 source_column=26 source_end_column=36}

This isn't necessarily a bug; constant-folding is inherently a trade-off between compilation time and speed at runtime. XLA has some guards that attempt to keep constant folding from taking too long, but fundamentally you'll always be able to come up with an input program that takes a long time.

If you'd like to file a bug, run with envvar XLA_FLAGS=--xla_dump_to=/tmp/foo and attach the results.
E0313 11:21:15.984703   66821 slow_operation_alarm.cc:73] Constant folding an instruction is taking > 2s:

  %scatter-add.46 = f64[81206]{0} scatter(%broadcast_in_dim.275, %constant.1197, %constant.1413), update_window_dims={1}, inserted_window_dims={}, scatter_dims_to_operand_dims={0}, index_vector_dim=1, to_apply=%region_11.33, metadata={op_name="jit(objective_pure_jax)/jvp()/scatter-add" source_file="/capstor/scratch/cscs/aboudaou/workspace/dalia/DALIA/src/dalia/core/autodiff/objectives_univariate.py" source_line=808 source_end_line=808 source_column=22 source_end_column=36}

This isn't necessarily a bug; constant-folding is inherently a trade-off between compilation time and speed at runtime. XLA has some guards that attempt to keep constant folding from taking too long, but fundamentally you'll always be able to come up with an input program that takes a long time.

If you'd like to file a bug, run with envvar XLA_FLAGS=--xla_dump_to=/tmp/foo and attach the results.
E0313 11:21:18.057046   65736 slow_operation_alarm.cc:140] The operation took 4.07243309s
Constant folding an instruction is taking > 2s:

  %scatter-add.46 = f64[81206]{0} scatter(%broadcast_in_dim.275, %constant.1197, %constant.1413), update_window_dims={1}, inserted_window_dims={}, scatter_dims_to_operand_dims={0}, index_vector_dim=1, to_apply=%region_11.33, metadata={op_name="jit(objective_pure_jax)/jvp()/scatter-add" source_file="/capstor/scratch/cscs/aboudaou/workspace/dalia/DALIA/src/dalia/core/autodiff/objectives_univariate.py" source_line=808 source_end_line=808 source_column=22 source_end_column=36}

This isn't necessarily a bug; constant-folding is inherently a trade-off between compilation time and speed at runtime. XLA has some guards that attempt to keep constant folding from taking too long, but fundamentally you'll always be able to come up with an input program that takes a long time.

If you'd like to file a bug, run with envvar XLA_FLAGS=--xla_dump_to=/tmp/foo and attach the results.
E0313 11:21:28.069266   66821 slow_operation_alarm.cc:73] Constant folding an instruction is taking > 4s:

  %scatter-add.46 = f64[81206]{0} scatter(%broadcast_in_dim.275, %constant.1197, %constant.1413), update_window_dims={1}, inserted_window_dims={}, scatter_dims_to_operand_dims={0}, index_vector_dim=1, to_apply=%region_11.33, metadata={op_name="jit(objective_pure_jax)/jvp()/scatter-add" source_file="/capstor/scratch/cscs/aboudaou/workspace/dalia/DALIA/src/dalia/core/autodiff/objectives_univariate.py" source_line=808 source_end_line=808 source_column=22 source_end_column=36}

This isn't necessarily a bug; constant-folding is inherently a trade-off between compilation time and speed at runtime. XLA has some guards that attempt to keep constant folding from taking too long, but fundamentally you'll always be able to come up with an input program that takes a long time.

If you'd like to file a bug, run with envvar XLA_FLAGS=--xla_dump_to=/tmp/foo and attach the results.
E0313 11:21:28.212995   65736 slow_operation_alarm.cc:140] The operation took 4.143772926s
Constant folding an instruction is taking > 4s:

  %scatter-add.46 = f64[81206]{0} scatter(%broadcast_in_dim.275, %constant.1197, %constant.1413), update_window_dims={1}, inserted_window_dims={}, scatter_dims_to_operand_dims={0}, index_vector_dim=1, to_apply=%region_11.33, metadata={op_name="jit(objective_pure_jax)/jvp()/scatter-add" source_file="/capstor/scratch/cscs/aboudaou/workspace/dalia/DALIA/src/dalia/core/autodiff/objectives_univariate.py" source_line=808 source_end_line=808 source_column=22 source_end_column=36}

This isn't necessarily a bug; constant-folding is inherently a trade-off between compilation time and speed at runtime. XLA has some guards that attempt to keep constant folding from taking too long, but fundamentally you'll always be able to come up with an input program that takes a long time.

If you'd like to file a bug, run with envvar XLA_FLAGS=--xla_dump_to=/tmp/foo and attach the results.
W0313 11:45:57.365304   65736 hlo_rematerialization.cc:3204] Can't reduce memory use below 71.82GiB (77116537974 bytes) by rematerialization; only reduced to 508.97GiB (546507082418 bytes), down from 508.97GiB (546507083018 bytes) originally
E0313 11:46:03.438519   65736 pjrt_stream_executor_client.cc:2085] Execution of replica 0 failed: RESOURCE_EXHAUSTED: Failed to allocate request for 508.65GiB (546162793072B) on device ordinal 0
W0313 11:47:00.992261   65736 hlo_rematerialization.cc:3204] Can't reduce memory use below 71.82GiB (77116537974 bytes) by rematerialization; only reduced to 388.67GiB (417336546848 bytes), down from 388.79GiB (417464675528 bytes) originally
E0313 11:47:06.847885   65736 pjrt_stream_executor_client.cc:2085] Execution of replica 0 failed: RESOURCE_EXHAUSTED: Failed to allocate request for 388.38GiB (417016296712B) on device ordinal 0
