Parsed parameters:
  max_iter: 250
  solver_min_p: 1
  profile: False
  precision: float64
--- gst_medium: Gaussian Spatio-Temporal Model ---
Using JAX automatic differentiation with JIT compilation (Gaussian likelihood)

___________________________________ 
___  __ \__    |__  /____  _/__    |
__  / / /_  /| |_  /  __  / __  /| |
_  /_/ /_  ___ |  /____/ /  _  ___ |
/_____/ /_/  |_/_____/___/  /_/  |_|

╔═══════════════════════════════════════════════════════╗
║               Parallelization strategies              ║
║ ╒═══════════════════════════════════════════╤═══════╕ ║
║ │ Participating Processes / Total Processes │ 1 / 1 │ ║
║ ├───────────────────────────────────────────┼───────┤ ║
║ │ Parallelization through F()               │   1   │ ║
║ ├───────────────────────────────────────────┼───────┤ ║
║ │ Parallelization through Q()               │   1   │ ║
║ ├───────────────────────────────────────────┼───────┤ ║
║ │ Parallelization through S()               │   1   │ ║
║ ╘═══════════════════════════════════════════╧═══════╛ ║
╚═══════════════════════════════════════════════════════╝
╔═══════════════════════════════╗
║  Enabled Performance modules  ║
║ ╒═══════════════════╤═══════╕ ║
║ │ Array module      │ cupy  │ ║
║ ├───────────────────┼───────┤ ║
║ │ MPI available     │ True  │ ║
║ ├───────────────────┼───────┤ ║
║ │ Is MPI CUDA aware │ False │ ║
║ ├───────────────────┼───────┤ ║
║ │ Is NCCL available │ False │ ║
║ ╘═══════════════════╧═══════╛ ║
╚═══════════════════════════════╝
╔════════════════════════════════════════╗
║             Memory Report              ║
║ ╒════════════════════════╤═══════════╕ ║
║ │ Solver memory          │  0.00 B   │ ║
║ ├────────────────────────┼───────────┤ ║
║ │ Total memory used      │ 113.37 MB │ ║
║ ├────────────────────────┼───────────┤ ║
║ │ Total memory available │ 130.82 MB │ ║
║ ╘════════════════════════╧═══════════╛ ║
╚════════════════════════════════════════╝
DALIA initialized.
First forward+gradient: f=1953918.952372, time=10.2355s
Starting optimization.
Using JAX automatic differentiation with JIT compilation (Gaussian likelihood)
rank 0 | iter 1 | objfunc_time: 0.751957
comm_rank: 0 | Iteration:  1 (took: 0.75) | Theta: [-0.761612,  0.224927,  0.454990,  3.597087] | Function Value:  385918.525521 | Gradient: [ 279938.440763, -107798.600320, -234307.879168,  393003.168261] |  Norm(Grad): [ 547117.666824]
rank 0 | iter 2 | objfunc_time: 0.752384
comm_rank: 0 | Iteration:  2 (took: 0.75) | Theta: [-0.855950,  0.262747,  0.537933,  3.450106] | Function Value:  293797.284315 | Gradient: [ 163755.653728, -70609.609002, -158502.831764,  318047.578780] |  Norm(Grad): [ 397591.550534]
rank 0 | iter 3 | objfunc_time: 0.747254
comm_rank: 0 | Iteration:  3 (took: 0.75) | Theta: [-1.008580,  0.349840,  0.746544,  2.900090] | Function Value:  131457.881393 | Gradient: [ 21580.311168, -19377.212578, -49639.939322,  155973.362574] |  Norm(Grad): [ 166231.764732]
rank 0 | iter 4 | objfunc_time: 0.747539
comm_rank: 0 | Iteration:  4 (took: 0.75) | Theta: [-1.022633,  0.396827,  0.878447,  2.391926] | Function Value:  69571.000193 | Gradient: [-9558.955865, -4879.992510, -15667.416221,  75412.281045] |  Norm(Grad): [ 77766.753999]
rank 0 | iter 5 | objfunc_time: 0.751780
comm_rank: 0 | Iteration:  5 (took: 0.75) | Theta: [-0.946877,  0.425184,  0.974095,  1.905565] | Function Value:  43095.897633 | Gradient: [-15702.636580, -124.714269, -3139.128753,  29062.940146] |  Norm(Grad): [ 33182.781204]
rank 0 | iter 6 | objfunc_time: 0.752709
comm_rank: 0 | Iteration:  6 (took: 0.75) | Theta: [-0.787891,  0.439743,  1.037112,  1.565830] | Function Value:  34955.458665 | Gradient: [-5927.401495, -1735.415704, -5276.282396,  8169.882428] |  Norm(Grad): [ 11520.932730]
rank 0 | iter 7 | objfunc_time: 0.751441
comm_rank: 0 | Iteration:  7 (took: 0.75) | Theta: [-0.671833,  0.484796,  1.166449,  1.408351] | Function Value:  33262.877229 | Gradient: [-5530.240239, -288.772913, -853.371624, -142.149319] |  Norm(Grad): [ 5604.943929]
rank 0 | iter 8 | objfunc_time: 0.751336
comm_rank: 0 | Iteration:  8 (took: 0.75) | Theta: [-0.518835,  0.511181,  1.235261,  1.367502] | Function Value:  33141.906960 | Gradient: [ 8894.493529, -4017.107399, -8183.494481, -240.263580] |  Norm(Grad): [ 12738.778415]
rank 0 | iter 9 | objfunc_time: 0.752321
comm_rank: 0 | Iteration:  9 (took: 0.75) | Theta: [-0.544830,  0.527238,  1.271748,  1.359786] | Function Value:  32795.882113 | Gradient: [ 482.763828, -1305.249217, -2299.488036, -1727.556299] |  Norm(Grad): [ 3195.126355]
rank 0 | iter 10 | objfunc_time: 0.755134
comm_rank: 0 | Iteration: 10 (took: 0.76) | Theta: [-0.524561,  0.545056,  1.310905,  1.362567] | Function Value:  32709.427673 | Gradient: [-886.553603, -678.819171, -777.688608, -1729.429925] |  Norm(Grad): [ 2200.568152]
rank 0 | iter 11 | objfunc_time: 0.752431
comm_rank: 0 | Iteration: 11 (took: 0.75) | Theta: [-0.468472,  0.584406,  1.388125,  1.381259] | Function Value:  32600.741610 | Gradient: [-1107.720030, -264.451141,  430.199621, -759.154424] |  Norm(Grad): [ 1434.700395]
rank 0 | iter 12 | objfunc_time: 0.751309
comm_rank: 0 | Iteration: 12 (took: 0.75) | Theta: [-0.434877,  0.620916,  1.415371,  1.394553] | Function Value:  32572.146883 | Gradient: [ 98.960820, -499.851720,  59.363719,  89.874300] |  Norm(Grad): [ 520.813236]
rank 0 | iter 13 | objfunc_time: 0.750876
comm_rank: 0 | Iteration: 13 (took: 0.75) | Theta: [-0.418121,  0.648481,  1.426820,  1.397649] | Function Value:  32563.327968 | Gradient: [ 430.125111, -544.700298,  29.929820,  306.575236] |  Norm(Grad): [ 759.335364]
rank 0 | iter 14 | objfunc_time: 0.752937
comm_rank: 0 | Iteration: 14 (took: 0.75) | Theta: [-0.389729,  0.728131,  1.440937,  1.402730] | Function Value:  32540.925953 | Gradient: [-1.360955, -342.282271,  599.153842,  543.806826] |  Norm(Grad): [ 878.561435]
rank 0 | iter 15 | objfunc_time: 0.751031
comm_rank: 0 | Iteration: 15 (took: 0.75) | Theta: [-0.285986,  1.030366,  1.438525,  1.407107] | Function Value:  32484.572523 | Gradient: [ 3392.245267, -1223.059208, -961.661317,  1273.691244] |  Norm(Grad): [ 3943.384796]
rank 0 | iter 16 | objfunc_time: 0.750570
rank 0 | iter 17 | objfunc_time: 0.751506
rank 0 | iter 18 | objfunc_time: 0.750498
comm_rank: 0 | Iteration: 16 (took: 0.75) | Theta: [-0.061041,  1.957447,  1.388639,  1.407327] | Function Value:  32206.880047 | Gradient: [ 4923.889266, -1450.939565, -2182.261806,  1498.983543] |  Norm(Grad): [ 5775.736263]
rank 0 | iter 19 | objfunc_time: 0.750712
rank 0 | iter 20 | objfunc_time: 0.752252
comm_rank: 0 | Iteration: 17 (took: 0.75) | Theta: [ 0.001082,  2.255446,  1.375028,  1.398070] | Function Value:  32139.374827 | Gradient: [ 4022.455243, -974.354381, -2397.575216,  872.754848] |  Norm(Grad): [ 4862.055181]
rank 0 | iter 21 | objfunc_time: 0.753138
rank 0 | iter 22 | objfunc_time: 0.751266
comm_rank: 0 | Iteration: 18 (took: 0.75) | Theta: [-0.026472,  2.204258,  1.382957,  1.383553] | Function Value:  32093.373198 | Gradient: [ 447.581203, -163.169751, -67.216779, -310.903858] |  Norm(Grad): [ 572.828601]
rank 0 | iter 23 | objfunc_time: 0.752023
comm_rank: 0 | Iteration: 19 (took: 0.75) | Theta: [-0.016780,  2.257981,  1.379593,  1.384475] | Function Value:  32090.744273 | Gradient: [ 235.918692, -57.590034, -112.774085, -301.922664] |  Norm(Grad): [ 403.546193]
rank 0 | iter 24 | objfunc_time: 0.751555
rank 0 | iter 25 | objfunc_time: 0.753587
comm_rank: 0 | Iteration: 20 (took: 0.75) | Theta: [-0.018678,  2.255810,  1.380776,  1.391035] | Function Value:  32089.522625 | Gradient: [ 36.439456, -14.887119,  31.775110, -0.793734] |  Norm(Grad): [ 50.593951]
rank 0 | iter 26 | objfunc_time: 0.750661
comm_rank: 0 | Iteration: 21 (took: 0.75) | Theta: [-0.017681,  2.262699,  1.379951,  1.391130] | Function Value:  32089.472689 | Gradient: [ 8.449453,  0.274891,  21.013628, -1.300720] |  Norm(Grad): [ 22.687733]
rank 0 | iter 27 | objfunc_time: 0.751438
comm_rank: 0 | Iteration: 22 (took: 0.75) | Theta: [-0.019494,  2.258833,  1.378554,  1.391151] | Function Value:  32089.429884 | Gradient: [ 3.263633,  1.844138,  19.149959, -1.812935] |  Norm(Grad): [ 19.597444]
rank 0 | iter 28 | objfunc_time: 0.750489
rank 0 | iter 29 | objfunc_time: 0.753361
comm_rank: 0 | Iteration: 23 (took: 0.75) | Theta: [-0.020961,  2.255116,  1.376970,  1.391466] | Function Value:  32089.408479 | Gradient: [ 72.451610, -14.100273, -29.528642,  21.720118] |  Norm(Grad): [ 82.412121]
rank 0 | iter 30 | objfunc_time: 0.751428
comm_rank: 0 | Iteration: 24 (took: 0.75) | Theta: [-0.033603,  2.225900,  1.368487,  1.391303] | Function Value:  32089.285841 | Gradient: [-0.090094,  0.288069, -2.481288, -0.445206] |  Norm(Grad): [ 2.538917]
rank 0 | iter 31 | objfunc_time: 0.751208
comm_rank: 0 | Iteration: 25 (took: 0.75) | Theta: [-0.032933,  2.227303,  1.369049,  1.391329] | Function Value:  32089.285351 | Gradient: [-1.039268,  0.265652,  0.670165,  1.126918] |  Norm(Grad): [ 1.694023]
rank 0 | iter 32 | objfunc_time: 0.750627
rank 0 | iter 33 | objfunc_time: 0.751258
comm_rank: 0 | Iteration: 26 (took: 0.75) | Theta: [-0.032909,  2.227328,  1.369064,  1.391304] | Function Value:  32089.285333 | Gradient: [-0.155217,  0.035849,  0.212880,  0.014173] |  Norm(Grad): [ 0.266263]
Optimization converged!  || f(23) - f(26) || = 0.000508 < 0.001. Function value: 32089.285333

rank 0 | optimization summary: n_iters=33 | objfunc_time: mean=0.751516 std=0.001459 min=0.747254 max=0.755134
Optimization completed in 25.65s
Starting Hessian computation...
comm_rank: 0 | Hessian column 1/4 (1.50s)
comm_rank: 0 | Hessian column 2/4 (1.51s)
comm_rank: 0 | Hessian column 3/4 (1.50s)
comm_rank: 0 | Hessian column 4/4 (1.50s)
Hessian computed in 6.45s
Rebuilding model state for marginal variances...
Allocated an extra 0.03 GB for BTA_mapping caching (total: 0.03)
Allocated an extra 0.03 GB for BT_mapping caching (total: 0.06)
Computing marginal variances...
Marginal variances computed in 0.43s
Total wall-clock: 37.74s (optimization: 25.65s, hessian: 6.45s, marginals: 0.43s)
JAX optimization: 37.74s, f=32089.285333

___________________________________ 
___  __ \__    |__  /____  _/__    |
__  / / /_  /| |_  /  __  / __  /| |
_  /_/ /_  ___ |  /____/ /  _  ___ |
/_____/ /_/  |_/_____/___/  /_/  |_|

╔═══════════════════════════════════════════════════════╗
║               Parallelization strategies              ║
║ ╒═══════════════════════════════════════════╤═══════╕ ║
║ │ Participating Processes / Total Processes │ 1 / 1 │ ║
║ ├───────────────────────────────────────────┼───────┤ ║
║ │ Parallelization through F()               │   1   │ ║
║ ├───────────────────────────────────────────┼───────┤ ║
║ │ Parallelization through Q()               │   1   │ ║
║ ├───────────────────────────────────────────┼───────┤ ║
║ │ Parallelization through S()               │   1   │ ║
║ ╘═══════════════════════════════════════════╧═══════╛ ║
╚═══════════════════════════════════════════════════════╝
╔═══════════════════════════════╗
║  Enabled Performance modules  ║
║ ╒═══════════════════╤═══════╕ ║
║ │ Array module      │ cupy  │ ║
║ ├───────────────────┼───────┤ ║
║ │ MPI available     │ True  │ ║
║ ├───────────────────┼───────┤ ║
║ │ Is MPI CUDA aware │ False │ ║
║ ├───────────────────┼───────┤ ║
║ │ Is NCCL available │ False │ ║
║ ╘═══════════════════╧═══════╛ ║
╚═══════════════════════════════╝
╔═════════════════════════════════════════╗
║              Memory Report              ║
║ ╒════════════════════════╤════════════╕ ║
║ │ Solver memory          │ 1004.77 MB │ ║
║ ├────────────────────────┼────────────┤ ║
║ │ Total memory used      │  1.09 GB   │ ║
║ ├────────────────────────┼────────────┤ ║
║ │ Total memory available │  1.12 GB   │ ║
║ ╘════════════════════════╧════════════╛ ║
╚═════════════════════════════════════════╝
DALIA initialized.
Allocated an extra 0.03 GB for BTA_mapping caching (total: 1.01)
Allocated an extra 0.03 GB for BT_mapping caching (total: 1.04)
Starting optimization.
Using finite differences (eps=0.001)
rank 0 | iter 1 | objfunc_time: 2.628942 | solver_time: 1.974107 | construction_time: 0.402016
comm_rank: 0 | Iteration:  1 (took: 2.63) | Theta: [-0.761612,  0.224927,  0.454990,  3.597087] | Function Value:  385918.547943 | Gradient: [ 279938.594244, -107798.608549, -234307.950526,  393003.251001] |  Norm(Grad): [ 547117.836969]
rank 0 | iter 2 | objfunc_time: 2.627949 | solver_time: 1.975051 | construction_time: 0.401482
comm_rank: 0 | Iteration:  2 (took: 2.63) | Theta: [-0.855950,  0.262747,  0.537933,  3.450106] | Function Value:  293797.302190 | Gradient: [ 163755.767636, -70609.612755, -158502.887607,  318047.650397] |  Norm(Grad): [ 397591.677667]
rank 0 | iter 3 | objfunc_time: 2.628381 | solver_time: 1.974506 | construction_time: 0.402236
comm_rank: 0 | Iteration:  3 (took: 2.63) | Theta: [-1.008581,  0.349840,  0.746544,  2.900090] | Function Value:  131457.891666 | Gradient: [ 21580.353417, -19377.209909, -49639.965381,  155973.401662] |  Norm(Grad): [ 166231.814363]
rank 0 | iter 4 | objfunc_time: 2.626844 | solver_time: 1.973801 | construction_time: 0.401815
comm_rank: 0 | Iteration:  4 (took: 2.63) | Theta: [-1.022633,  0.396826,  0.878447,  2.391926] | Function Value:  69571.009716 | Gradient: [-9558.935160, -4879.987570, -15667.426594,  75412.303159] |  Norm(Grad): [ 77766.774678]
rank 0 | iter 5 | objfunc_time: 2.629786 | solver_time: 1.976034 | construction_time: 0.401632
comm_rank: 0 | Iteration:  5 (took: 2.63) | Theta: [-0.946878,  0.425184,  0.974095,  1.905565] | Function Value:  43095.906439 | Gradient: [-15702.631731, -124.706050, -3139.125379,  29062.950946] |  Norm(Grad): [ 33182.788019]
rank 0 | iter 6 | objfunc_time: 2.626141 | solver_time: 1.972782 | construction_time: 0.402115
comm_rank: 0 | Iteration:  6 (took: 2.63) | Theta: [-0.787892,  0.439742,  1.037112,  1.565830] | Function Value:  34955.463296 | Gradient: [-5927.412199, -1735.405471, -5276.272424,  8169.885510] |  Norm(Grad): [ 11520.934314]
rank 0 | iter 7 | objfunc_time: 2.629201 | solver_time: 1.974312 | construction_time: 0.402082
comm_rank: 0 | Iteration:  7 (took: 2.63) | Theta: [-0.671833,  0.484796,  1.166448,  1.408351] | Function Value:  33262.880420 | Gradient: [-5530.220329, -288.772866, -853.381217, -142.141450] |  Norm(Grad): [ 5604.925543]
rank 0 | iter 8 | objfunc_time: 2.627636 | solver_time: 1.973889 | construction_time: 0.402519
comm_rank: 0 | Iteration:  8 (took: 2.63) | Theta: [-0.518836,  0.511180,  1.235261,  1.367502] | Function Value:  33141.904527 | Gradient: [ 8894.457224, -4017.091464, -8183.470014, -240.253984] |  Norm(Grad): [ 12738.732142]
rank 0 | iter 9 | objfunc_time: 2.629169 | solver_time: 1.974084 | construction_time: 0.402539
comm_rank: 0 | Iteration:  9 (took: 2.63) | Theta: [-0.544831,  0.527237,  1.271748,  1.359786] | Function Value:  32795.883196 | Gradient: [ 482.764070, -1305.242588, -2299.481911, -1727.548490] |  Norm(Grad): [ 3195.115053]
rank 0 | iter 10 | objfunc_time: 2.630310 | solver_time: 1.975582 | construction_time: 0.402465
comm_rank: 0 | Iteration: 10 (took: 2.63) | Theta: [-0.524561,  0.545056,  1.310904,  1.362567] | Function Value:  32709.428916 | Gradient: [-886.548660, -678.813739, -777.684773, -1729.422580] |  Norm(Grad): [ 2200.557358]
rank 0 | iter 11 | objfunc_time: 2.628276 | solver_time: 1.973757 | construction_time: 0.402219
comm_rank: 0 | Iteration: 11 (took: 2.63) | Theta: [-0.468473,  0.584404,  1.388124,  1.381259] | Function Value:  32600.742714 | Gradient: [-1107.709011, -264.448797,  430.195546, -759.150355] |  Norm(Grad): [ 1434.688081]
rank 0 | iter 12 | objfunc_time: 2.624582 | solver_time: 1.970901 | construction_time: 0.402035
comm_rank: 0 | Iteration: 12 (took: 2.62) | Theta: [-0.434878,  0.620914,  1.415369,  1.394553] | Function Value:  32572.147465 | Gradient: [ 98.959470, -499.846912,  59.363415,  89.876469] |  Norm(Grad): [ 520.808705]
rank 0 | iter 13 | objfunc_time: 2.623857 | solver_time: 1.970805 | construction_time: 0.401587
comm_rank: 0 | Iteration: 13 (took: 2.62) | Theta: [-0.418123,  0.648478,  1.426818,  1.397649] | Function Value:  32563.328224 | Gradient: [ 430.118279, -544.694542,  29.930461,  306.574995] |  Norm(Grad): [ 759.327293]
rank 0 | iter 14 | objfunc_time: 2.624459 | solver_time: 1.970920 | construction_time: 0.401986
comm_rank: 0 | Iteration: 14 (took: 2.62) | Theta: [-0.389731,  0.728128,  1.440935,  1.402730] | Function Value:  32540.925611 | Gradient: [-1.352149, -342.280868,  599.143888,  543.807692] |  Norm(Grad): [ 878.554623]
rank 0 | iter 15 | objfunc_time: 2.626562 | solver_time: 1.972113 | construction_time: 0.402228
comm_rank: 0 | Iteration: 15 (took: 2.63) | Theta: [-0.285988,  1.030365,  1.438522,  1.407107] | Function Value:  32484.570771 | Gradient: [ 3392.348506, -1223.082853, -961.728466,  1273.698123] |  Norm(Grad): [ 3943.499538]
rank 0 | iter 16 | objfunc_time: 2.627002 | solver_time: 1.973607 | construction_time: 0.402006
rank 0 | iter 17 | objfunc_time: 2.627486 | solver_time: 1.974249 | construction_time: 0.401761
rank 0 | iter 18 | objfunc_time: 2.628925 | solver_time: 1.974674 | construction_time: 0.401980
comm_rank: 0 | Iteration: 16 (took: 2.63) | Theta: [-0.061041,  1.957470,  1.388632,  1.407327] | Function Value:  32206.861063 | Gradient: [ 4923.629511, -1450.843060, -2182.186503,  1498.906160] |  Norm(Grad): [ 5775.442040]
rank 0 | iter 19 | objfunc_time: 2.631139 | solver_time: 1.976923 | construction_time: 0.402276
rank 0 | iter 20 | objfunc_time: 2.624831 | solver_time: 1.971541 | construction_time: 0.401782
comm_rank: 0 | Iteration: 17 (took: 2.62) | Theta: [ 0.001082,  2.255474,  1.375023,  1.398063] | Function Value:  32139.354350 | Gradient: [ 4021.714290, -974.122809, -2397.253938,  872.320466] |  Norm(Grad): [ 4861.159380]
rank 0 | iter 21 | objfunc_time: 2.624287 | solver_time: 1.971267 | construction_time: 0.401311
rank 0 | iter 22 | objfunc_time: 2.624442 | solver_time: 1.970778 | construction_time: 0.401682
comm_rank: 0 | Iteration: 18 (took: 2.62) | Theta: [-0.026483,  2.204239,  1.382950,  1.383558] | Function Value:  32093.370466 | Gradient: [ 447.444964, -163.125159, -67.145240, -310.687193] |  Norm(Grad): [ 572.583469]
rank 0 | iter 23 | objfunc_time: 2.625951 | solver_time: 1.972241 | construction_time: 0.401363
comm_rank: 0 | Iteration: 19 (took: 2.63) | Theta: [-0.016794,  2.257947,  1.379587,  1.384478] | Function Value:  32090.742724 | Gradient: [ 235.685382, -57.538492, -112.592211, -301.807090] |  Norm(Grad): [ 403.265177]
rank 0 | iter 24 | objfunc_time: 2.625417 | solver_time: 1.972126 | construction_time: 0.402023
rank 0 | iter 25 | objfunc_time: 2.630900 | solver_time: 1.976574 | construction_time: 0.402084
comm_rank: 0 | Iteration: 20 (took: 2.63) | Theta: [-0.018690,  2.255786,  1.380768,  1.391036] | Function Value:  32089.522328 | Gradient: [ 36.418057, -14.873561,  31.783126, -0.785634] |  Norm(Grad): [ 50.579463]
rank 0 | iter 26 | objfunc_time: 2.629237 | solver_time: 1.975257 | construction_time: 0.402044
comm_rank: 0 | Iteration: 21 (took: 2.63) | Theta: [-0.017694,  2.262666,  1.379943,  1.391130] | Function Value:  32089.472405 | Gradient: [ 8.445242,  0.276620,  21.034517, -1.303441] |  Norm(Grad): [ 22.705693]
rank 0 | iter 27 | objfunc_time: 2.628239 | solver_time: 1.973839 | construction_time: 0.401903
comm_rank: 0 | Iteration: 22 (took: 2.63) | Theta: [-0.019508,  2.258800,  1.378545,  1.391151] | Function Value:  32089.429606 | Gradient: [ 3.256236,  1.849272,  19.161353, -1.813945] |  Norm(Grad): [ 19.607925]
rank 0 | iter 28 | objfunc_time: 2.628266 | solver_time: 1.973847 | construction_time: 0.401879
rank 0 | iter 29 | objfunc_time: 2.625773 | solver_time: 1.973097 | construction_time: 0.401776
comm_rank: 0 | Iteration: 23 (took: 2.63) | Theta: [-0.020982,  2.255064,  1.376955,  1.391467] | Function Value:  32089.408125 | Gradient: [ 72.582293, -14.127164, -29.625357,  21.756511] |  Norm(Grad): [ 82.575866]
rank 0 | iter 30 | objfunc_time: 2.627187 | solver_time: 1.973818 | construction_time: 0.401563
comm_rank: 0 | Iteration: 24 (took: 2.63) | Theta: [-0.033625,  2.225851,  1.368472,  1.391303] | Function Value:  32089.285865 | Gradient: [-0.113176,  0.297451, -2.482327, -0.449547] |  Norm(Grad): [ 2.542700]
rank 0 | iter 31 | objfunc_time: 2.629878 | solver_time: 1.975938 | construction_time: 0.402019
comm_rank: 0 | Iteration: 25 (took: 2.63) | Theta: [-0.032953,  2.227253,  1.369035,  1.391329] | Function Value:  32089.285351 | Gradient: [-1.035914,  0.265594,  0.665599,  1.119190] |  Norm(Grad): [ 1.685012]
rank 0 | iter 32 | objfunc_time: 2.631904 | solver_time: 1.975898 | construction_time: 0.402291
rank 0 | iter 33 | objfunc_time: 2.628775 | solver_time: 1.975273 | construction_time: 0.401759
comm_rank: 0 | Iteration: 26 (took: 2.63) | Theta: [-0.032930,  2.227278,  1.369050,  1.391304] | Function Value:  32089.285332 | Gradient: [-0.145442,  0.033934,  0.205146, -0.000740] |  Norm(Grad): [ 0.253752]
Optimization converged!  || f(23) - f(26) || = 0.000533 < 0.001. Function value: 32089.285332

rank 0 | optimization summary: n_iters=33 | objfunc_time: mean=2.627628 std=0.002137 min=2.623857 max=2.631904
Optimization completed in 89.37s
Starting Hessian computation...
Hessian computed in 9.94s
Computing marginal variances...
Marginal variances computed in 0.37s
Total wall-clock: 99.68s (optimization: 89.37s, hessian: 9.94s, marginals: 0.37s)
FD optimization: 99.68s, f=32089.285332
Speedup: 2.6x
--- Finished ---
Job finished at Fri 13 Mar 2026 01:27:57 PM CET
