Parsed parameters:
  max_iter: 250
  solver_min_p: 1
  profile: False
  precision: float64
--- gst_coreg3_small: Coregional (3-variate) Spatio-Temporal Model ---
Using JAX automatic differentiation with JIT compilation (CoregionalModel, 3 variates)
JIT compiling coregional objective + gradient...
JIT compilation done in 31.0s.

___________________________________ 
___  __ \__    |__  /____  _/__    |
__  / / /_  /| |_  /  __  / __  /| |
_  /_/ /_  ___ |  /____/ /  _  ___ |
/_____/ /_/  |_/_____/___/  /_/  |_|

╔═══════════════════════════════════════════════════════╗
║               Parallelization strategies              ║
║ ╒═══════════════════════════════════════════╤═══════╕ ║
║ │ Participating Processes / Total Processes │ 1 / 1 │ ║
║ ├───────────────────────────────────────────┼───────┤ ║
║ │ Parallelization through F()               │   1   │ ║
║ ├───────────────────────────────────────────┼───────┤ ║
║ │ Parallelization through Q()               │   1   │ ║
║ ├───────────────────────────────────────────┼───────┤ ║
║ │ Parallelization through S()               │   1   │ ║
║ ╘═══════════════════════════════════════════╧═══════╛ ║
╚═══════════════════════════════════════════════════════╝
╔═══════════════════════════════╗
║  Enabled Performance modules  ║
║ ╒═══════════════════╤═══════╕ ║
║ │ Array module      │ cupy  │ ║
║ ├───────────────────┼───────┤ ║
║ │ MPI available     │ True  │ ║
║ ├───────────────────┼───────┤ ║
║ │ Is MPI CUDA aware │ False │ ║
║ ├───────────────────┼───────┤ ║
║ │ Is NCCL available │ False │ ║
║ ╘═══════════════════╧═══════╛ ║
╚═══════════════════════════════╝
╔═══════════════════════════════════════╗
║             Memory Report             ║
║ ╒════════════════════════╤══════════╕ ║
║ │ Solver memory          │  0.00 B  │ ║
║ ├────────────────────────┼──────────┤ ║
║ │ Total memory used      │ 66.08 MB │ ║
║ ├────────────────────────┼──────────┤ ║
║ │ Total memory available │ 72.98 MB │ ║
║ ╘════════════════════════╧══════════╛ ║
╚═══════════════════════════════════════╝
DALIA initialized.
First forward+gradient: f=-68907.925003, time=26.4216s
Starting optimization.
Using JAX automatic differentiation with JIT compilation (Gaussian likelihood)
rank 0 | iter 1 | objfunc_time: 0.152140
rank 0 | iter 2 | objfunc_time: 0.150686
comm_rank: 0 | Iteration:  1 (took: 0.15) | Theta: [ 1.430583,  0.281045,  8.204495,  0.170414,  1.533243,  8.293796,  0.866890,  0.746634,  8.015692,  0.125359,  0.959400, -0.533727, -1.828312,  2.006813,  1.132936] | Function Value: -69352.467431 | Gradient: [ 2039.552335, -535.478926,  932.436277,  896.365821, -185.527019, -352.784393,  1037.862904, -283.488503,  711.494022, -1067.678114, -1281.410831, -577.631751,  3.502301,  2768.745064,  42.878738] |  Norm(Grad): [ 4327.291911]
rank 0 | iter 3 | objfunc_time: 0.151396
comm_rank: 0 | Iteration:  2 (took: 0.15) | Theta: [ 1.427286,  0.281911,  8.202988,  0.168965,  1.533543,  8.294365,  0.865186,  0.747100,  8.014542,  0.127085,  0.961472, -0.532778, -1.828317,  2.002900,  1.132865] | Function Value: -69376.618727 | Gradient: [ 1959.368797, -514.197308,  923.261269,  880.454473, -181.435875, -353.649726,  996.461013, -271.860172,  706.528428, -1024.492346, -1264.125918, -553.114061,  3.181671,  562.109607,  52.599105] |  Norm(Grad): [ 3275.275027]
rank 0 | iter 4 | objfunc_time: 0.151199
comm_rank: 0 | Iteration:  3 (took: 0.15) | Theta: [ 1.410002,  0.286447,  8.194927,  0.161253,  1.535135,  8.297434,  0.856228,  0.749546,  8.008378,  0.136126,  0.972526, -0.527794, -1.828345,  1.995301,  1.132425] | Function Value: -69450.267379 | Gradient: [ 1563.342336, -408.900195,  876.999886,  790.245619, -158.579748, -349.676712,  905.559482, -246.159803,  681.671651, -810.684052, -1164.760121, -497.642448,  2.496088, -3562.041855,  72.480681] |  Norm(Grad): [ 4522.445180]
rank 0 | iter 5 | objfunc_time: 0.150957
comm_rank: 0 | Iteration:  4 (took: 0.15) | Theta: [ 1.373301,  0.296074,  8.177161,  0.144484,  1.538576,  8.304259,  0.836684,  0.754879,  7.994744,  0.155292,  0.996708, -0.516947, -1.828406,  1.989334,  1.131381] | Function Value: -69564.099900 | Gradient: [ 816.083831, -209.313425,  782.645312,  606.146779, -112.627804, -336.951904,  727.503009, -195.578060,  627.457792, -404.643786, -953.834576, -386.835371,  1.861233, -6276.085604,  90.419709] |  Norm(Grad): [ 6587.700442]
rank 0 | iter 6 | objfunc_time: 0.152957
comm_rank: 0 | Iteration:  5 (took: 0.15) | Theta: [ 1.319073,  0.310236,  8.146471,  0.117141,  1.544049,  8.316453,  0.804743,  0.763556,  7.970896,  0.183343,  1.037052, -0.499449, -1.828510,  1.989595,  1.129305] | Function Value: -69697.235565 | Gradient: [-90.236996,  34.897501,  637.812781,  350.784656, -50.736406, -313.641518,  332.855623, -83.107220,  533.374939,  94.137557, -636.059161, -140.253264,  1.577271, -5389.426451,  96.607906] |  Norm(Grad): [ 5525.459837]
rank 0 | iter 7 | objfunc_time: 0.150555
comm_rank: 0 | Iteration:  6 (took: 0.15) | Theta: [ 1.297578,  0.315184,  8.099494,  0.086952,  1.549083,  8.338360,  0.778527,  0.770206,  7.932606,  0.191769,  1.087326, -0.487795, -1.828677,  1.995566,  1.124296] | Function Value: -69798.548068 | Gradient: [-380.981828,  113.837265,  452.152113,  122.588917,  0.733964, -257.967312, -2.489852,  13.002968,  390.043787,  255.865711, -303.837940,  71.947791,  1.575385, -2452.899531,  82.448196] |  Norm(Grad): [ 2604.402099]
rank 0 | iter 8 | objfunc_time: 0.151269
comm_rank: 0 | Iteration:  7 (took: 0.15) | Theta: [ 1.295297,  0.314898,  8.054015,  0.062199,  1.552662,  8.360823,  0.761428,  0.774188,  7.894946,  0.189382,  1.131291, -0.482234, -1.828844,  2.002648,  1.118755] | Function Value: -69846.238213 | Gradient: [-394.694941,  117.440413,  286.336410, -21.534809,  30.418513, -194.272375, -173.286722,  62.279997,  255.881012,  263.031927, -56.178513,  182.299790,  1.621452,  388.046282,  63.435225] |  Norm(Grad): [ 806.386670]
rank 0 | iter 9 | objfunc_time: 0.150403
comm_rank: 0 | Iteration:  8 (took: 0.15) | Theta: [ 1.304533,  0.311903,  8.031531,  0.052701,  1.553628,  8.372723,  0.757799,  0.774704,  7.875970,  0.182240,  1.149955, -0.482947, -1.828931,  2.005640,  1.115567] | Function Value: -69859.540401 | Gradient: [-258.131709,  80.120182,  210.137779, -68.947749,  39.175453, -158.187084, -188.112628,  66.529473,  190.820072,  186.249398,  37.839277,  192.059469,  1.640066,  1515.151436,  52.836697] |  Norm(Grad): [ 1611.282524]
rank 0 | iter 10 | objfunc_time: 0.150918
comm_rank: 0 | Iteration:  9 (took: 0.15) | Theta: [ 1.317876,  0.307813,  8.012525,  0.047036,  1.553731,  8.383470,  0.758172,  0.774064,  7.859672,  0.172862,  1.162821, -0.486252, -1.829013,  2.006328,  1.112462] | Function Value: -69869.063431 | Gradient: [-56.071820,  25.084895,  149.177411, -96.381173,  43.706042, -124.723702, -167.972697,  60.566029,  136.191166,  73.245190,  98.165882,  178.346980,  1.609136,  1800.506290,  45.595683] |  Norm(Grad): [ 1842.261479]
rank 0 | iter 11 | objfunc_time: 0.150643
comm_rank: 0 | Iteration: 10 (took: 0.15) | Theta: [ 1.326198,  0.304696,  7.989551,  0.046423,  1.551830,  8.398174,  0.763491,  0.771492,  7.839676,  0.164592,  1.169493, -0.495671, -1.829150,  2.003671,  1.107428] | Function Value: -69880.682387 | Gradient: [ 89.023686, -14.434869,  75.686082, -104.562029,  44.064614, -77.878868, -97.006274,  39.645806,  70.751890, -7.924291,  124.598163,  129.840143,  1.484122,  846.311507,  42.717285] |  Norm(Grad): [ 894.039107]
rank 0 | iter 12 | objfunc_time: 0.153199
comm_rank: 0 | Iteration: 11 (took: 0.15) | Theta: [ 1.328004,  0.303466,  7.975950,  0.050746,  1.549141,  8.408172,  0.770470,  0.768562,  7.827573,  0.160415,  1.167036, -0.505462, -1.829262,  2.000433,  1.103384] | Function Value: -69885.447117 | Gradient: [ 135.149059, -27.068476,  32.563372, -92.244316,  40.730886, -44.712128, -1.221819,  11.621822,  32.317910, -33.966961,  107.808254,  65.836776,  1.370133, -420.522242,  42.975913] |  Norm(Grad): [ 478.753759]
rank 0 | iter 13 | objfunc_time: 0.152268
comm_rank: 0 | Iteration: 12 (took: 0.15) | Theta: [ 1.325905,  0.303864,  7.975193,  0.053361,  1.548178,  8.409375,  0.772450,  0.767773,  7.826774,  0.160837,  1.163668, -0.507996, -1.829286,  1.999898,  1.102582] | Function Value: -69886.296036 | Gradient: [ 107.410995, -19.580182,  29.658623, -82.594947,  38.642823, -40.351089,  26.797243,  3.451384,  30.015696, -18.676941,  90.427561,  47.312051,  1.360812, -645.102537,  43.316737] |  Norm(Grad): [ 673.182268]
rank 0 | iter 14 | objfunc_time: 0.157497
comm_rank: 0 | Iteration: 13 (took: 0.16) | Theta: [ 1.320212,  0.304950,  7.973185,  0.059487,  1.545810,  8.412329,  0.776082,  0.766156,  7.824709,  0.162022,  1.155974, -0.513631, -1.829351,  1.999771,  1.100484] | Function Value: -69887.937762 | Gradient: [ 33.368605,  0.428115,  21.847967, -59.291783,  33.456665, -29.794200,  82.420693, -12.802002,  23.916859,  22.190554,  49.998198,  10.389456,  1.381676, -715.934307,  42.059750] |  Norm(Grad): [ 729.435166]
rank 0 | iter 15 | objfunc_time: 0.154511
comm_rank: 0 | Iteration: 14 (took: 0.15) | Theta: [ 1.315805,  0.304970,  7.966094,  0.067436,  1.541502,  8.419066,  0.773408,  0.765545,  7.817987,  0.159428,  1.148907, -0.519906, -1.829529,  2.000808,  1.095253] | Function Value: -69890.056907 | Gradient: [ 0.089559,  9.278956, -2.047831, -30.709183,  26.205122, -8.077164,  91.631452, -15.827478,  2.457283,  40.040746,  8.165824,  2.387637,  1.445313, -281.196495,  35.186722] |  Norm(Grad): [ 304.015591]
rank 0 | iter 16 | objfunc_time: 0.154130
comm_rank: 0 | Iteration: 15 (took: 0.15) | Theta: [ 1.313241,  0.304521,  7.960181,  0.073549,  1.537697,  8.424564,  0.767695,  0.765869,  7.812347,  0.155952,  1.144534, -0.523891, -1.829705,  2.001966,  1.090335] | Function Value: -69890.963431 | Gradient: [-5.993587,  10.752959, -21.669452, -8.665790,  20.233517,  9.093232,  67.637869, -9.215172, -15.755620,  42.782790, -20.573270,  16.018600,  1.504994,  207.344289,  28.311936] |  Norm(Grad): [ 228.914918]
rank 0 | iter 17 | objfunc_time: 0.151293
comm_rank: 0 | Iteration: 16 (took: 0.15) | Theta: [ 1.313134,  0.304202,  7.959227,  0.074839,  1.536679,  8.425552,  0.764768,  0.766317,  7.811373,  0.154516,  1.144044, -0.524297, -1.829760,  2.002147,  1.088946] | Function Value: -69891.166563 | Gradient: [ 2.380425,  8.423159, -24.776493, -4.418668,  18.943742,  11.851129,  47.729731, -3.534331, -19.047543,  37.923359, -24.977425,  28.409864,  1.511244,  283.242316,  26.680504] |  Norm(Grad): [ 296.095041]
rank 0 | iter 18 | objfunc_time: 0.151023
comm_rank: 0 | Iteration: 17 (took: 0.15) | Theta: [ 1.312662,  0.303514,  7.958728,  0.077684,  1.534361,  8.426749,  0.758400,  0.767228,  7.810595,  0.151272,  1.142972, -0.525553, -1.829889,  2.002054,  1.085904] | Function Value: -69891.570034 | Gradient: [ 18.934119,  3.798264, -26.478483,  5.280316,  16.003534,  14.805881,  6.659163,  8.183195, -21.921265,  28.249064, -34.976114,  53.893859,  1.502195,  247.845591,  24.099154] |  Norm(Grad): [ 262.879148]
rank 0 | iter 19 | objfunc_time: 0.153988
comm_rank: 0 | Iteration: 18 (took: 0.15) | Theta: [ 1.309535,  0.302646,  7.959515,  0.081485,  1.530057,  8.427671,  0.750692,  0.767495,  7.810757,  0.145600,  1.143325, -0.531880, -1.830164,  2.001735,  1.080067] | Function Value: -69892.351858 | Gradient: [ 22.261641,  2.626488, -24.332424,  16.310162,  11.998401,  17.169688, -19.119679,  15.221206, -21.672486,  25.434881, -41.272536,  67.861970,  1.463962,  128.729972,  19.262227] |  Norm(Grad): [ 163.604571]
rank 0 | iter 20 | objfunc_time: 0.151591
comm_rank: 0 | Iteration: 19 (took: 0.15) | Theta: [ 1.299440,  0.298609,  7.966111,  0.094020,  1.513743,  8.428564,  0.726706,  0.766696,  7.814577,  0.121901,  1.147508, -0.560949, -1.831255,  2.000788,  1.057902] | Function Value: -69894.475426 | Gradient: [ 70.656419, -11.649748, -3.215688,  50.353056, -1.455357,  19.155053, -51.792278,  22.798132, -9.887132, -5.523413, -51.600103,  76.849759,  1.323506, -203.287541, -1.304896] |  Norm(Grad): [ 247.529886]
rank 0 | iter 21 | objfunc_time: 0.152226
rank 0 | iter 22 | objfunc_time: 0.151425
comm_rank: 0 | Iteration: 20 (took: 0.15) | Theta: [ 1.287781,  0.298617,  7.966418,  0.095677,  1.507215,  8.429553,  0.715187,  0.766444,  7.814435,  0.114739,  1.154685, -0.574116, -1.831768,  1.999966,  1.048034] | Function Value: -69895.115432 | Gradient: [-12.390549,  10.426553, -4.513503,  45.442696, -2.586869,  21.806378, -69.750585,  27.100080, -10.558819,  38.893431, -26.459410,  82.497570,  1.207320, -501.772010, -8.916250] |  Norm(Grad): [ 519.052658]
rank 0 | iter 23 | objfunc_time: 0.151929
comm_rank: 0 | Iteration: 21 (took: 0.15) | Theta: [ 1.282019,  0.295805,  7.971447,  0.099581,  1.497821,  8.428468,  0.705204,  0.764366,  7.817954,  0.098965,  1.161996, -0.596201, -1.832481,  2.000049,  1.034906] | Function Value: -69896.302620 | Gradient: [ 30.454680, -2.039709,  12.364652,  47.408259, -6.001503,  18.904926, -36.278342,  15.713998,  0.942938,  12.130117, -6.392834,  50.173362,  1.132508, -446.768966, -24.664273] |  Norm(Grad): [ 456.296964]
rank 0 | iter 24 | objfunc_time: 0.151243
comm_rank: 0 | Iteration: 22 (took: 0.15) | Theta: [ 1.274983,  0.294317,  7.971686,  0.096397,  1.492760,  8.426199,  0.698988,  0.762571,  7.818818,  0.087897,  1.167293, -0.612441, -1.833055,  2.000985,  1.030206] | Function Value: -69897.309807 | Gradient: [ 25.671201, -1.385915,  12.995442,  32.671543, -3.341911,  12.201173, -5.610112,  5.500822,  3.943650,  12.478424,  20.663395,  21.809867,  1.114575, -65.184438, -33.013554] |  Norm(Grad): [ 92.374615]
rank 0 | iter 25 | objfunc_time: 0.152825
comm_rank: 0 | Iteration: 23 (took: 0.15) | Theta: [ 1.270654,  0.293981,  7.970121,  0.092101,  1.491601,  8.424408,  0.697754,  0.761471,  7.818410,  0.083507,  1.168701, -0.619619, -1.833322,  2.001652,  1.031106] | Function Value: -69897.645269 | Gradient: [ 5.862316,  3.723557,  7.643559,  20.575334, -0.132776,  6.945195,  18.406374, -2.049528,  2.834134,  22.497792,  34.668742,  2.490063,  1.122710,  202.792022, -34.095726] |  Norm(Grad): [ 211.971547]
rank 0 | iter 26 | objfunc_time: 0.153311
comm_rank: 0 | Iteration: 24 (took: 0.15) | Theta: [ 1.268661,  0.293835,  7.969134,  0.089765,  1.491305,  8.423303,  0.696956,  0.761093,  7.818146,  0.081472,  1.168071, -0.622339, -1.833447,  2.001807,  1.032569] | Function Value: -69897.805609 | Gradient: [-3.392324,  6.111415,  4.328017,  16.605701,  1.197461,  3.522177,  25.082445, -4.186291,  2.037841,  27.180851,  36.468682, -3.228120,  1.127189,  263.194969, -32.987664] |  Norm(Grad): [ 271.013316]
rank 0 | iter 27 | objfunc_time: 0.151796
comm_rank: 0 | Iteration: 25 (took: 0.15) | Theta: [ 1.260175,  0.292667,  7.965304,  0.080264,  1.489086,  8.418187,  0.690770,  0.759772,  7.817378,  0.070343,  1.163393, -0.634948, -1.834076,  2.002074,  1.038897] | Function Value: -69898.454673 | Gradient: [-26.485258,  11.698618, -8.293886,  5.509384,  5.529775, -12.684269,  38.480938, -9.004868, -0.364520,  37.534146,  34.130104, -18.640229,  1.136331,  361.207941, -27.143738] |  Norm(Grad): [ 369.893667]
rank 0 | iter 28 | objfunc_time: 0.154248
comm_rank: 0 | Iteration: 26 (took: 0.15) | Theta: [ 1.250889,  0.290622,  7.962005,  0.070449,  1.485156,  8.413152,  0.680400,  0.758647,  7.816899,  0.054667,  1.156624, -0.650235, -1.834908,  2.001944,  1.045568] | Function Value: -69899.121453 | Gradient: [-28.727108,  11.309000, -18.837696, -1.078978,  8.878059, -28.963953,  34.761760, -9.086599, -2.010230,  35.209094,  22.336142, -24.943323,  1.130356,  295.483805, -19.851626] |  Norm(Grad): [ 305.922666]
rank 0 | iter 29 | objfunc_time: 0.153581
comm_rank: 0 | Iteration: 27 (took: 0.15) | Theta: [ 1.242400,  0.288180,  7.961736,  0.061879,  1.480041,  8.411446,  0.667960,  0.758094,  7.817292,  0.037435,  1.149549, -0.663622, -1.835819,  2.001586,  1.052265] | Function Value: -69899.708825 | Gradient: [-11.628865,  5.501123, -19.334478, -3.692079,  10.967250, -35.049977,  9.149538, -2.630274, -1.044425,  21.597832,  6.000083, -16.400265,  1.111063,  137.597581, -11.446011] |  Norm(Grad): [ 147.750557]
rank 0 | iter 30 | objfunc_time: 0.150844
comm_rank: 0 | Iteration: 28 (took: 0.15) | Theta: [ 1.239292,  0.286748,  7.961845,  0.061175,  1.476149,  8.415057,  0.663417,  0.757449,  7.816220,  0.028460,  1.144626, -0.670352, -1.836286,  2.000883,  1.054023] | Function Value: -69899.889206 | Gradient: [ 11.949726, -1.545700, -18.442408,  6.062510,  8.768604, -23.612554,  9.581504, -3.302706, -4.447467,  6.275302, -14.922399, -20.769390,  1.085428, -149.251125, -8.308797] |  Norm(Grad): [ 155.944007]
rank 0 | iter 31 | objfunc_time: 0.152398
comm_rank: 0 | Iteration: 29 (took: 0.15) | Theta: [ 1.239564,  0.286655,  7.963814,  0.060256,  1.476150,  8.415637,  0.661222,  0.758190,  7.817286,  0.028024,  1.145373, -0.667895, -1.836319,  2.001003,  1.055042] | Function Value: -69899.989826 | Gradient: [ 17.991508, -3.219630, -12.098852,  2.742249,  9.615698, -22.285477, -16.402074,  4.559680, -1.283532,  2.816099, -10.141320, -2.413388,  1.084762, -99.889266, -6.861923] |  Norm(Grad): [ 107.290550]
rank 0 | iter 32 | objfunc_time: 0.151153
comm_rank: 0 | Iteration: 30 (took: 0.15) | Theta: [ 1.239795,  0.286758,  7.965073,  0.060348,  1.475899,  8.417597,  0.662019,  0.758233,  7.817477,  0.028349,  1.146675, -0.666242, -1.836335,  2.001052,  1.055281] | Function Value: -69900.069325 | Gradient: [ 18.510518, -3.334373, -8.015115,  0.859567,  9.850671, -16.031491, -17.952498,  5.163241, -0.667512,  2.620636, -4.854708, -0.372561,  1.078860, -80.217204, -6.582019] |  Norm(Grad): [ 87.361553]
rank 0 | iter 33 | objfunc_time: 0.152410
rank 0 | iter 34 | objfunc_time: 0.151068
comm_rank: 0 | Iteration: 31 (took: 0.15) | Theta: [ 1.236018,  0.286451,  7.965851,  0.061000,  1.472531,  8.421964,  0.659248,  0.757987,  7.816619,  0.023770,  1.145003, -0.668604, -1.836674,  2.001357,  1.055680] | Function Value: -69900.148972 | Gradient: [ 6.369088, -0.354987, -5.794857,  7.380101,  7.866297, -2.152155, -25.177681,  7.074967, -3.453310,  8.195003, -13.939815,  2.778838,  1.080381,  40.297964, -6.550872] |  Norm(Grad): [ 53.182230]
rank 0 | iter 35 | objfunc_time: 0.152634
comm_rank: 0 | Iteration: 32 (took: 0.15) | Theta: [ 1.235445,  0.286531,  7.968978,  0.057969,  1.471919,  8.426080,  0.662964,  0.757349,  7.817382,  0.022597,  1.147377, -0.666071, -1.836855,  2.001337,  1.059638] | Function Value: -69900.263631 | Gradient: [ 7.197212, -0.654088,  4.611634, -2.844397,  10.413477,  11.455593, -10.126228,  2.936584, -0.831821,  7.472573,  1.108248, -5.304340,  1.060145,  24.192163, -1.898836] |  Norm(Grad): [ 33.291235]
rank 0 | iter 36 | objfunc_time: 0.151181
comm_rank: 0 | Iteration: 33 (took: 0.15) | Theta: [ 1.232467,  0.286181,  7.969267,  0.056687,  1.468698,  8.425533,  0.662613,  0.756736,  7.817778,  0.017685,  1.146924, -0.666845, -1.837258,  2.001326,  1.061509] | Function Value: -69900.348315 | Gradient: [ 5.313636, -0.493861,  5.577224, -2.654900,  10.132327,  9.725798, -8.225646,  2.322366,  0.446648,  7.260388,  0.448140, -7.033563,  1.042463,  15.692789,  0.317738] |  Norm(Grad): [ 26.210270]
rank 0 | iter 37 | objfunc_time: 0.151252
comm_rank: 0 | Iteration: 34 (took: 0.15) | Theta: [ 1.214357,  0.284556,  7.969577,  0.051601,  1.445210,  8.422125,  0.664682,  0.752584,  7.819241, -0.012754,  1.146042, -0.664396, -1.840042,  2.001303,  1.070665] | Function Value: -69900.720951 | Gradient: [-4.049279, -0.231129,  6.726445,  3.740399,  5.931461, -1.052912,  1.619309, -0.362616,  5.201735,  4.271023, -1.746043, -12.149341,  0.910433, -14.932943,  11.102673] |  Norm(Grad): [ 25.647146]
rank 0 | iter 38 | objfunc_time: 0.154689
comm_rank: 0 | Iteration: 35 (took: 0.15) | Theta: [ 1.208135,  0.284588,  7.967981,  0.049394,  1.433431,  8.422018,  0.668583,  0.750580,  7.818176, -0.024484,  1.147181, -0.657251, -1.841464,  2.001301,  1.070415] | Function Value: -69900.873477 | Gradient: [-1.342907, -1.890569,  1.561634,  4.986739,  4.117641, -1.406790,  0.751034,  0.425586,  1.784757, -0.554979,  2.996515, -7.389259,  0.833559, -15.458626,  10.666215] |  Norm(Grad): [ 21.745547]
rank 0 | iter 39 | objfunc_time: 0.153100
rank 0 | iter 40 | objfunc_time: 0.151178
comm_rank: 0 | Iteration: 36 (took: 0.15) | Theta: [ 1.209216,  0.285079,  7.967658,  0.048131,  1.433328,  8.421816,  0.671905,  0.750350,  7.818030, -0.023392,  1.145411, -0.652524, -1.841579,  2.001382,  1.072213] | Function Value: -69900.888523 | Gradient: [ 1.967308, -2.692634,  0.675579,  5.380186,  4.351955, -1.984972,  2.804208,  0.237417,  1.345940, -2.039962, -2.269694, -5.905425,  0.840088,  12.139409,  12.511102] |  Norm(Grad): [ 20.540696]
rank 0 | iter 41 | objfunc_time: 0.155951
comm_rank: 0 | Iteration: 37 (took: 0.16) | Theta: [ 1.204544,  0.286367,  7.966097,  0.046166,  1.421489,  8.422234,  0.677706,  0.748295,  7.816728, -0.030925,  1.147083, -0.641369, -1.843052,  2.001273,  1.066815] | Function Value: -69900.987348 | Gradient: [-6.509614, -0.949866, -4.804795,  6.307026,  2.550478, -0.724805, -1.811090,  2.366107, -2.849906,  0.572454,  4.093922,  3.417478,  0.748835, -20.379918,  6.549213] |  Norm(Grad): [ 24.854250]
rank 0 | iter 42 | objfunc_time: 0.153200
rank 0 | iter 43 | objfunc_time: 0.151757
comm_rank: 0 | Iteration: 38 (took: 0.15) | Theta: [ 1.204409,  0.286247,  7.965980,  0.045749,  1.419805,  8.422252,  0.677598,  0.747917,  7.816609, -0.032852,  1.147274, -0.641703, -1.843264,  2.001366,  1.065294] | Function Value: -69900.996957 | Gradient: [ 3.884616, -3.946851, -5.019189,  6.195930,  2.382149, -0.626667, -0.273464,  1.854126, -3.216811, -5.785613,  5.063168,  2.191447,  0.741304,  20.199546,  4.435465] |  Norm(Grad): [ 24.623839]
rank 0 | iter 44 | objfunc_time: 0.150900
comm_rank: 0 | Iteration: 39 (took: 0.15) | Theta: [ 1.205358,  0.286616,  7.966086,  0.045385,  1.420320,  8.422615,  0.677987,  0.747934,  7.816530, -0.031252,  1.147015, -0.640854, -1.843246,  2.001345,  1.063886] | Function Value: -69901.009392 | Gradient: [ 3.650952, -3.742349, -4.738092,  5.521112,  2.695550,  0.528018, -1.135225,  2.156169, -3.472369, -5.157911,  4.782908,  3.225445,  0.740741,  14.851023,  2.888948] |  Norm(Grad): [ 19.878081]
rank 0 | iter 45 | objfunc_time: 0.153636
comm_rank: 0 | Iteration: 40 (took: 0.15) | Theta: [ 1.205182,  0.287815,  7.966345,  0.040620,  1.418486,  8.422743,  0.677822,  0.747081,  7.816574, -0.031196,  1.144800, -0.640336, -1.843754,  2.001336,  1.060115] | Function Value: -69901.047233 | Gradient: [-1.428257, -2.317980, -4.152949,  0.401886,  4.567821,  0.913393, -2.370009,  2.476944, -3.345434, -2.231586,  3.022340,  4.200169,  0.717886,  19.550007, -1.343704] |  Norm(Grad): [ 22.039611]
rank 0 | iter 46 | objfunc_time: 0.151835
rank 0 | iter 47 | objfunc_time: 0.151322
comm_rank: 0 | Iteration: 41 (took: 0.15) | Theta: [ 1.206284,  0.288688,  7.967928,  0.040771,  1.416887,  8.423156,  0.678660,  0.746562,  7.817508, -0.029852,  1.144126, -0.639284, -1.843993,  2.001257,  1.058371] | Function Value: -69901.058976 | Gradient: [ 0.357687, -2.670082,  0.969573,  2.965265,  3.731793,  2.307053,  0.118076,  1.797690, -0.325062, -2.759596, -0.641477,  3.148834,  0.703776, -8.962979, -3.170651] |  Norm(Grad): [ 12.182592]
rank 0 | iter 48 | objfunc_time: 0.153611
comm_rank: 0 | Iteration: 42 (took: 0.15) | Theta: [ 1.204678,  0.289045,  7.968260,  0.038162,  1.414221,  8.422667,  0.678016,  0.745816,  7.817888, -0.032497,  1.143052, -0.640183, -1.844442,  2.001270,  1.058126] | Function Value: -69901.070256 | Gradient: [-1.991641, -2.232188,  1.987388,  1.039374,  4.285081,  0.750385,  1.100566,  1.409792,  0.894075, -2.200718, -1.642234,  1.934937,  0.684501, -3.497540, -3.485314] |  Norm(Grad): [ 8.546066]
rank 0 | iter 49 | objfunc_time: 0.150975
comm_rank: 0 | Iteration: 43 (took: 0.15) | Theta: [ 1.203709,  0.289960,  7.968472,  0.035754,  1.410288,  8.422384,  0.677276,  0.744733,  7.818164, -0.034561,  1.142232, -0.641117, -1.845067,  2.001267,  1.058487] | Function Value: -69901.086450 | Gradient: [-2.752369, -2.165219,  2.678337, -0.029375,  4.388546, -0.141119,  2.212946,  0.980629,  1.783431, -2.311163, -2.379790,  0.601286,  0.655325, -5.079829, -3.103236] |  Norm(Grad): [ 9.746143]
rank 0 | iter 50 | objfunc_time: 0.151082
rank 0 | iter 51 | objfunc_time: 0.154750
comm_rank: 0 | Iteration: 44 (took: 0.15) | Theta: [ 1.204050,  0.290413,  7.968632,  0.035722,  1.409835,  8.422015,  0.677630,  0.744501,  7.818406, -0.033628,  1.142504, -0.641024, -1.845145,  2.001328,  1.058223] | Function Value: -69901.088826 | Gradient: [-5.829081, -1.236230,  3.139186, -0.265308,  4.364861, -1.271178,  4.579718,  0.283379,  2.578342, -0.287892, -1.315249, -0.897119,  0.652349,  19.544371, -3.528677] |  Norm(Grad): [ 22.164799]
rank 0 | iter 52 | objfunc_time: 0.153616
comm_rank: 0 | Iteration: 45 (took: 0.15) | Theta: [ 1.202575,  0.294305,  7.968860,  0.029048,  1.395901,  8.421407,  0.675431,  0.740681,  7.818945, -0.038103,  1.140476, -0.643450, -1.847318,  2.001307,  1.059718] | Function Value: -69901.134887 | Gradient: [-6.493277, -1.304120,  3.934404, -1.572024,  3.762757, -3.174648,  7.532906, -0.877052,  4.323073, -0.923572, -3.542709, -4.489001,  0.547726,  8.328919, -1.900421] |  Norm(Grad): [ 16.403998]
rank 0 | iter 53 | objfunc_time: 0.151295
comm_rank: 0 | Iteration: 46 (took: 0.15) | Theta: [ 1.204432,  0.300941,  7.970063,  0.020896,  1.378189,  8.420840,  0.672466,  0.735834,  7.820040, -0.038458,  1.139295, -0.643802, -1.850183,  2.001352,  1.061637] | Function Value: -69901.183818 | Gradient: [-3.930770, -1.837101,  7.910653, -4.793360,  3.229076, -5.182420, -1.361135,  1.572792,  7.738553, -1.910204, -1.375075,  0.632665,  0.405339,  23.587772,  0.291149] |  Norm(Grad): [ 27.720906]
rank 0 | iter 54 | objfunc_time: 0.153787
rank 0 | iter 55 | objfunc_time: 0.150866
comm_rank: 0 | Iteration: 47 (took: 0.15) | Theta: [ 1.206243,  0.302609,  7.969483,  0.019270,  1.375351,  8.419634,  0.672972,  0.734722,  7.820045, -0.036695,  1.139422, -0.643503, -1.850701,  2.001240,  1.061557] | Function Value: -69901.193090 | Gradient: [-0.123668, -2.686264,  6.133198, -6.443102,  3.459419, -8.978296,  2.723569,  0.366977,  7.784251, -3.370800,  0.753546, -1.907121,  0.373415, -21.395557,  0.296420] |  Norm(Grad): [ 26.844922]
rank 0 | iter 56 | objfunc_time: 0.151635
comm_rank: 0 | Iteration: 48 (took: 0.15) | Theta: [ 1.208638,  0.305667,  7.969448,  0.017980,  1.368832,  8.419942,  0.672606,  0.732956,  7.819974, -0.034172,  1.139963, -0.642298, -1.851716,  2.001265,  1.062099] | Function Value: -69901.225086 | Gradient: [ 1.467473, -2.832552,  6.055568, -5.684644,  2.490253, -8.072682, -1.406503,  1.632202,  7.517344, -3.270084,  2.748269,  1.302170,  0.321349, -12.298107,  0.905491] |  Norm(Grad): [ 19.590634]
rank 0 | iter 57 | objfunc_time: 0.151302
comm_rank: 0 | Iteration: 49 (took: 0.15) | Theta: [ 1.214209,  0.313689,  7.968006,  0.014740,  1.352018,  8.421607,  0.671143,  0.727989,  7.818512, -0.028056,  1.139701, -0.641955, -1.854367,  2.001301,  1.062138] | Function Value: -69901.282627 | Gradient: [ 1.021033, -2.016065,  1.383627, -0.806343, -0.676019, -2.764224, -2.840295,  1.927364,  2.826951, -0.634472,  0.539858,  1.996702,  0.190454,  2.250557,  0.781836] |  Norm(Grad): [ 6.777655]
rank 0 | iter 58 | objfunc_time: 0.153236
comm_rank: 0 | Iteration: 50 (took: 0.15) | Theta: [ 1.215409,  0.314935,  7.967618,  0.014799,  1.351513,  8.422454,  0.671184,  0.727327,  7.817729, -0.026346,  1.139698, -0.642243, -1.854558,  2.001295,  1.061738] | Function Value: -69901.288270 | Gradient: [ 0.063503, -1.591881,  0.116713, -0.342518, -0.874012,  0.012681,  0.022671,  1.037395,  0.354417,  0.477357,  0.230924, -0.071238,  0.180124,  0.316954,  0.276938] |  Norm(Grad): [ 2.265237]
rank 0 | iter 59 | objfunc_time: 0.150721
comm_rank: 0 | Iteration: 51 (took: 0.15) | Theta: [ 1.215838,  0.315415,  7.967497,  0.015144,  1.352478,  8.422550,  0.671136,  0.727137,  7.817495, -0.025762,  1.139639, -0.642323, -1.854524,  2.001292,  1.061410] | Function Value: -69901.289711 | Gradient: [-0.203202, -1.462429, -0.290358, -0.172484, -0.827318,  0.328552,  0.435344,  0.898474, -0.390473,  0.826087, -0.207394, -0.403546,  0.181546,  0.038586, -0.108139] |  Norm(Grad): [ 2.273790]
rank 0 | iter 60 | objfunc_time: 0.150588
comm_rank: 0 | Iteration: 52 (took: 0.15) | Theta: [ 1.216332,  0.317586,  7.967485,  0.016343,  1.354694,  8.423028,  0.670094,  0.725894,  7.817124, -0.025693,  1.140376, -0.643523, -1.854631,  2.001257,  1.060444] | Function Value: -69901.292899 | Gradient: [-1.520242, -1.041704, -0.386773, -0.380687, -0.647486,  1.868313,  1.214684,  0.512000, -1.569464,  1.739987,  1.770782, -1.720873,  0.171764, -11.901380, -1.184745] |  Norm(Grad): [ 12.806328]
rank 0 | iter 61 | objfunc_time: 0.152777
comm_rank: 0 | Iteration: 53 (took: 0.15) | Theta: [ 1.217584,  0.320262,  7.967435,  0.016697,  1.356801,  8.422956,  0.669305,  0.724417,  7.816949, -0.024879,  1.139882, -0.644152, -1.854845,  2.001270,  1.060435] | Function Value: -69901.297787 | Gradient: [-0.783468, -1.111955, -0.529537, -0.234582, -0.422104,  1.640740,  1.506182,  0.322958, -2.130182,  1.760448, -0.058258, -2.408391,  0.162279, -6.524202, -1.268442] |  Norm(Grad): [ 8.066591]
rank 0 | iter 62 | objfunc_time: 0.152735
comm_rank: 0 | Iteration: 54 (took: 0.15) | Theta: [ 1.219550,  0.326779,  7.967711,  0.017606,  1.360636,  8.422496,  0.666973,  0.720875,  7.817188, -0.023470,  1.139357, -0.645507, -1.855466,  2.001218,  1.061735] | Function Value: -69901.301311 | Gradient: [-7.149317,  0.892130,  0.269989, -0.023125, -0.040619,  0.079502, -1.408972,  0.963589, -1.402120,  6.174409, -2.295791, -1.621720,  0.129238, -30.147906,  0.413916] |  Norm(Grad): [ 31.811600]
rank 0 | iter 63 | objfunc_time: 0.151447
comm_rank: 0 | Iteration: 55 (took: 0.15) | Theta: [ 1.221371,  0.331917,  7.967855,  0.018311,  1.362411,  8.422385,  0.665191,  0.717548,  7.817300, -0.024480,  1.139418, -0.647025, -1.856147,  2.001311,  1.061564] | Function Value: -69901.308811 | Gradient: [ 3.311847, -1.901169,  0.957635,  0.133498,  0.072281, -0.253022, -0.297472,  0.385261, -1.037079,  0.464887, -2.489385, -3.545196,  0.099077,  7.924002, -0.197936] |  Norm(Grad): [ 9.935780]
rank 0 | iter 64 | objfunc_time: 0.151234
comm_rank: 0 | Iteration: 56 (took: 0.15) | Theta: [ 1.220746,  0.331709,  7.968006,  0.018088,  1.360768,  8.422339,  0.665085,  0.717515,  7.817586, -0.025445,  1.139863, -0.646957, -1.856283,  2.001301,  1.061746] | Function Value: -69901.311718 | Gradient: [ 2.973174, -1.884877,  1.437549,  0.029842, -0.119127, -0.419420, -1.217150,  0.663711, -0.131720,  0.369864, -0.888725, -2.910794,  0.091115,  3.621075,  0.057310] |  Norm(Grad): [ 6.253999]
rank 0 | iter 65 | objfunc_time: 0.153229
comm_rank: 0 | Iteration: 57 (took: 0.15) | Theta: [ 1.220158,  0.333883,  7.967767,  0.017881,  1.359734,  8.422092,  0.664056,  0.715963,  7.817778, -0.027415,  1.140392, -0.647402, -1.856755,  2.001308,  1.062399] | Function Value: -69901.315468 | Gradient: [ 1.913715, -1.687039,  0.648257, -0.593631, -0.095403, -1.262450, -3.200592,  1.163178,  0.455538,  0.567607,  1.283521, -2.031396,  0.066656,  5.321042,  0.802732] |  Norm(Grad): [ 7.466371]
rank 0 | iter 66 | objfunc_time: 0.152087
rank 0 | iter 67 | objfunc_time: 0.150537
comm_rank: 0 | Iteration: 58 (took: 0.15) | Theta: [ 1.219754,  0.335986,  7.968478,  0.017839,  1.356964,  8.422214,  0.664012,  0.714332,  7.818621, -0.029320,  1.140729, -0.646813, -1.857345,  2.001271,  1.062100] | Function Value: -69901.319172 | Gradient: [ 2.957450, -2.057387,  2.965999,  0.614179, -0.797475, -0.854678, -2.685181,  1.007800,  3.162621, -0.389282,  1.667683, -2.157403,  0.035394, -9.038552,  0.516830] |  Norm(Grad): [ 11.458581]
rank 0 | iter 68 | objfunc_time: 0.151820
comm_rank: 0 | Iteration: 59 (took: 0.15) | Theta: [ 1.219941,  0.340483,  7.968207,  0.018126,  1.357168,  8.422054,  0.663044,  0.711436,  7.818758, -0.031067,  1.140908, -0.646825, -1.858032,  2.001273,  1.062429] | Function Value: -69901.326672 | Gradient: [ 2.141254, -1.850162,  2.075789,  0.774110, -0.854128, -1.391892, -3.464679,  1.142482,  3.588947, -0.097304,  2.022544, -1.923072,  0.000700, -8.741699,  0.856453] |  Norm(Grad): [ 11.257091]
rank 0 | iter 69 | objfunc_time: 0.150876
comm_rank: 0 | Iteration: 60 (took: 0.15) | Theta: [ 1.222477,  0.383802,  7.966921,  0.018689,  1.357663,  8.421319,  0.656841,  0.683568,  7.819085, -0.046973,  1.141636, -0.643440, -1.864685,  2.001314,  1.063841] | Function Value: -69901.389863 | Gradient: [-2.784861, -0.577813, -2.153993,  0.372944, -0.779817, -3.827382, -4.955011,  0.954662,  4.596607,  1.240224,  4.363525, -1.573937, -0.335483,  4.802287,  2.012208] |  Norm(Grad): [ 11.180190]
rank 0 | iter 70 | objfunc_time: 0.151277
rank 0 | iter 71 | objfunc_time: 0.152844
comm_rank: 0 | Iteration: 61 (took: 0.15) | Theta: [ 1.222780,  0.391865,  7.966502,  0.018795,  1.358471,  8.421893,  0.655242,  0.678355,  7.818643, -0.051171,  1.141124, -0.642647, -1.865888,  2.001216,  1.064390] | Function Value: -69901.396945 | Gradient: [ 1.666528, -1.886417, -3.422010,  0.933013, -0.807341, -2.076250, -8.664041,  1.954202,  3.143772, -1.867932,  2.317060,  0.799581, -0.399127, -35.164858,  2.763446] |  Norm(Grad): [ 36.966301]
rank 0 | iter 72 | objfunc_time: 0.151081
comm_rank: 0 | Iteration: 62 (took: 0.15) | Theta: [ 1.228049,  0.437244,  7.966042,  0.018979,  1.358967,  8.421599,  0.651265,  0.649665,  7.818618, -0.063094,  1.140843, -0.636592, -1.872701,  2.001281,  1.064201] | Function Value: -69901.445765 | Gradient: [-3.074488, -0.323911, -4.978793,  1.418963, -0.875896, -2.965379, -4.860254,  0.402420,  3.081535,  0.423744,  1.059754, -0.976806, -0.743067, -9.178398,  1.972311] |  Norm(Grad): [ 13.043837]
rank 0 | iter 73 | objfunc_time: 0.151326
comm_rank: 0 | Iteration: 63 (took: 0.15) | Theta: [ 1.233562,  0.466085,  7.966267,  0.018311,  1.359117,  8.421606,  0.651039,  0.631839,  7.818093, -0.067256,  1.140018, -0.630101, -1.876896,  2.001279,  1.062991] | Function Value: -69901.474255 | Gradient: [-2.881967,  0.013888, -4.233646,  1.297084, -0.704382, -2.826728,  0.902793, -1.295686,  1.455677,  0.989591, -1.232806, -2.769424, -0.959711, -8.334652,  0.281209] |  Norm(Grad): [ 11.029363]
rank 0 | iter 74 | objfunc_time: 0.150400
rank 0 | iter 75 | objfunc_time: 0.153699
comm_rank: 0 | Iteration: 64 (took: 0.15) | Theta: [ 1.233507,  0.468309,  7.966585,  0.018791,  1.359907,  8.422211,  0.650662,  0.630543,  7.818022, -0.068156,  1.139936, -0.629596, -1.877129,  2.001333,  1.062961] | Function Value: -69901.476247 | Gradient: [-4.479712,  0.439684, -3.249488,  1.892756, -0.807982, -0.916112, -1.108297, -0.694541,  1.213259,  1.756487, -2.052593, -1.319263, -0.969168,  13.410326,  0.177144] |  Norm(Grad): [ 15.130234]
rank 0 | iter 76 | objfunc_time: 0.150620
comm_rank: 0 | Iteration: 65 (took: 0.15) | Theta: [ 1.235294,  0.472080,  7.967067,  0.018330,  1.360086,  8.422434,  0.651935,  0.628441,  7.817635, -0.067106,  1.139480, -0.627154, -1.877572,  2.001312,  1.062033] | Function Value: -69901.482255 | Gradient: [-2.316568,  0.004061, -1.654314,  1.576420, -0.623535, -0.145713,  1.130380, -1.188187,  0.001011,  1.097546, -3.137202, -1.575265, -0.995012,  6.713631, -0.888155] |  Norm(Grad): [ 8.606262]
rank 0 | iter 77 | objfunc_time: 0.151797
comm_rank: 0 | Iteration: 66 (took: 0.15) | Theta: [ 1.235935,  0.472897,  7.967480,  0.018150,  1.360773,  8.422477,  0.652197,  0.628227,  7.817542, -0.066570,  1.139677, -0.626457, -1.877461,  2.001301,  1.062074] | Function Value: -69901.484880 | Gradient: [-0.938091, -0.317491, -0.290017,  0.418741, -0.213210, -0.022867,  0.340777, -0.886193, -0.303776,  0.539667, -1.743954, -0.682189, -0.991484,  2.185380, -0.797486] |  Norm(Grad): [ 3.531700]
rank 0 | iter 78 | objfunc_time: 0.151295
comm_rank: 0 | Iteration: 67 (took: 0.15) | Theta: [ 1.236239,  0.473244,  7.967743,  0.018099,  1.361472,  8.422481,  0.652317,  0.628328,  7.817533, -0.066313,  1.139967, -0.626086, -1.877220,  2.001296,  1.062364] | Function Value: -69901.485954 | Gradient: [-0.206280, -0.491864,  0.583830, -0.633164,  0.150613, -0.029855, -0.650739, -0.543976, -0.340337,  0.230614, -0.169156,  0.188246, -0.980515, -0.276385, -0.427771] |  Norm(Grad): [ 1.795281]
rank 0 | iter 79 | objfunc_time: 0.151541
comm_rank: 0 | Iteration: 68 (took: 0.15) | Theta: [ 1.236361,  0.473654,  7.967761,  0.018283,  1.361958,  8.422520,  0.652362,  0.628306,  7.817551, -0.066313,  1.140117, -0.625988, -1.877025,  2.001295,  1.062524] | Function Value: -69901.486432 | Gradient: [-0.108007, -0.509521,  0.650004, -0.824529,  0.237347,  0.095488, -0.734316, -0.506744, -0.283497,  0.202224,  0.347316,  0.299580, -0.970619, -1.040681, -0.238065] |  Norm(Grad): [ 2.156044]
rank 0 | iter 80 | objfunc_time: 0.150793
comm_rank: 0 | Iteration: 69 (took: 0.15) | Theta: [ 1.236877,  0.474840,  7.967686,  0.018921,  1.363265,  8.422499,  0.653060,  0.628848,  7.817759, -0.066099,  1.140408, -0.625071, -1.875866,  2.001302,  1.063454] | Function Value: -69901.488002 | Gradient: [ 0.560752, -0.651526,  0.454020, -0.851722,  0.330243,  0.023905, -1.178631, -0.243169,  0.381598, -0.031129,  1.015556,  1.186149, -0.910163,  0.043792,  0.835331] |  Norm(Grad): [ 2.709503]
rank 0 | iter 81 | objfunc_time: 0.151276
rank 0 | iter 82 | objfunc_time: 0.150902
comm_rank: 0 | Iteration: 70 (took: 0.15) | Theta: [ 1.237357,  0.476647,  7.967766,  0.019529,  1.364608,  8.422563,  0.652642,  0.628071,  7.817789, -0.066024,  1.140554, -0.625406, -1.875738,  2.001292,  1.063546] | Function Value: -69901.488271 | Gradient: [ 0.027571, -0.463190,  0.708501, -0.723413,  0.397751,  0.229612, -0.975075, -0.364972,  0.479671,  0.398604,  1.134466,  0.781864, -0.904011, -4.386343,  0.953687] |  Norm(Grad): [ 5.078342]
rank 0 | iter 83 | objfunc_time: 0.151673
comm_rank: 0 | Iteration: 71 (took: 0.15) | Theta: [ 1.237675,  0.477993,  7.967635,  0.019941,  1.365065,  8.422568,  0.652645,  0.627661,  7.817863, -0.066333,  1.140586, -0.625367, -1.875433,  2.001308,  1.063743] | Function Value: -69901.488847 | Gradient: [ 1.295432, -0.796827,  0.322291, -0.229751,  0.278696,  0.261733, -0.354119, -0.556919,  0.721687, -0.308205,  0.765040,  0.361879, -0.886692,  1.764998,  1.109916] |  Norm(Grad): [ 3.084945]
Optimization converged!  || f(68) - f(71) || = 0.000844 < 0.001. Function value: -69901.488847

rank 0 | optimization summary: n_iters=83 | objfunc_time: mean=0.152054 std=0.001360 min=0.150400 max=0.157497
Optimization completed in 12.93s
Starting Hessian computation...
comm_rank: 0 | Hessian column 1/15 (0.30s)
comm_rank: 0 | Hessian column 2/15 (0.30s)
comm_rank: 0 | Hessian column 3/15 (0.30s)
comm_rank: 0 | Hessian column 4/15 (0.31s)
comm_rank: 0 | Hessian column 5/15 (0.30s)
comm_rank: 0 | Hessian column 6/15 (0.31s)
comm_rank: 0 | Hessian column 7/15 (0.30s)
comm_rank: 0 | Hessian column 8/15 (0.30s)
comm_rank: 0 | Hessian column 9/15 (0.31s)
comm_rank: 0 | Hessian column 10/15 (0.30s)
comm_rank: 0 | Hessian column 11/15 (0.30s)
comm_rank: 0 | Hessian column 12/15 (0.30s)
comm_rank: 0 | Hessian column 13/15 (0.30s)
comm_rank: 0 | Hessian column 14/15 (0.30s)
comm_rank: 0 | Hessian column 15/15 (0.30s)
Hessian computed in 4.93s
Rebuilding model state for marginal variances...
Allocated an extra 0.01 GB for BTA_mapping caching (total: 0.01)
Allocated an extra 0.01 GB for BT_mapping caching (total: 0.02)
Computing marginal variances...
Marginal variances computed in 0.62s
Total wall-clock: 21.92s (optimization: 12.93s, hessian: 4.93s, marginals: 0.62s)
JAX optimization: 21.92s, f=-69901.488847

___________________________________ 
___  __ \__    |__  /____  _/__    |
__  / / /_  /| |_  /  __  / __  /| |
_  /_/ /_  ___ |  /____/ /  _  ___ |
/_____/ /_/  |_/_____/___/  /_/  |_|

╔═══════════════════════════════════════════════════════╗
║               Parallelization strategies              ║
║ ╒═══════════════════════════════════════════╤═══════╕ ║
║ │ Participating Processes / Total Processes │ 1 / 1 │ ║
║ ├───────────────────────────────────────────┼───────┤ ║
║ │ Parallelization through F()               │   1   │ ║
║ ├───────────────────────────────────────────┼───────┤ ║
║ │ Parallelization through Q()               │   1   │ ║
║ ├───────────────────────────────────────────┼───────┤ ║
║ │ Parallelization through S()               │   1   │ ║
║ ╘═══════════════════════════════════════════╧═══════╛ ║
╚═══════════════════════════════════════════════════════╝
╔═══════════════════════════════╗
║  Enabled Performance modules  ║
║ ╒═══════════════════╤═══════╕ ║
║ │ Array module      │ cupy  │ ║
║ ├───────────────────┼───────┤ ║
║ │ MPI available     │ True  │ ║
║ ├───────────────────┼───────┤ ║
║ │ Is MPI CUDA aware │ False │ ║
║ ├───────────────────┼───────┤ ║
║ │ Is NCCL available │ False │ ║
║ ╘═══════════════════╧═══════╛ ║
╚═══════════════════════════════╝
╔════════════════════════════════════════╗
║             Memory Report              ║
║ ╒════════════════════════╤═══════════╕ ║
║ │ Solver memory          │ 129.27 MB │ ║
║ ├────────────────────────┼───────────┤ ║
║ │ Total memory used      │ 195.42 MB │ ║
║ ├────────────────────────┼───────────┤ ║
║ │ Total memory available │ 209.49 MB │ ║
║ ╘════════════════════════╧═══════════╛ ║
╚════════════════════════════════════════╝
DALIA initialized.
Allocated an extra 0.01 GB for BTA_mapping caching (total: 0.13)
Allocated an extra 0.01 GB for BT_mapping caching (total: 0.14)
Starting optimization.
Using finite differences (eps=0.001)
rank 0 | iter 1 | objfunc_time: 16.477232 | solver_time: 2.391041 | construction_time: 12.202407
rank 0 | iter 2 | objfunc_time: 16.445840 | solver_time: 2.383813 | construction_time: 12.181190
comm_rank: 0 | Iteration:  1 (took: 16.45) | Theta: [ 1.430583,  0.281045,  8.204495,  0.170414,  1.533243,  8.293796,  0.866890,  0.746634,  8.015692,  0.125359,  0.959400, -0.533727, -1.828312,  2.006813,  1.132936] | Function Value: -69352.467340 | Gradient: [ 2039.561987, -535.478115,  932.435751,  896.370411, -185.527325, -352.786064,  1037.867308, -283.488035,  711.493731, -1067.679405, -1281.412601, -577.634335,  3.502607,  2768.742561,  42.879343] |  Norm(Grad): [ 4327.297917]
rank 0 | iter 3 | objfunc_time: 16.467161 | solver_time: 2.391541 | construction_time: 12.192272
comm_rank: 0 | Iteration:  2 (took: 16.47) | Theta: [ 1.427286,  0.281911,  8.202988,  0.168965,  1.533543,  8.294365,  0.865186,  0.747100,  8.014542,  0.127085,  0.961472, -0.532778, -1.828317,  2.002900,  1.132865] | Function Value: -69376.618805 | Gradient: [ 1959.377050, -514.196873,  923.263073,  880.457878, -181.437016, -353.648663,  996.464014, -271.860361,  706.528902, -1024.492502, -1264.129400, -553.115845,  3.182888,  562.111616,  52.597761] |  Norm(Grad): [ 3275.284317]
rank 0 | iter 4 | objfunc_time: 16.426839 | solver_time: 2.385113 | construction_time: 12.165867
comm_rank: 0 | Iteration:  3 (took: 16.43) | Theta: [ 1.410001,  0.286447,  8.194927,  0.161253,  1.535135,  8.297434,  0.856228,  0.749546,  8.008378,  0.136126,  0.972527, -0.527794, -1.828345,  1.995301,  1.132425] | Function Value: -69450.268297 | Gradient: [ 1563.345432, -408.897877,  877.000570,  790.248632, -158.579350, -349.675655,  905.562162, -246.158838,  681.671381, -810.683727, -1164.762020, -497.641802,  2.496004, -3562.059641,  72.482109] |  Norm(Grad): [ 4522.461439]
rank 0 | iter 5 | objfunc_time: 16.423149 | solver_time: 2.390210 | construction_time: 12.149735
comm_rank: 0 | Iteration:  4 (took: 16.42) | Theta: [ 1.373301,  0.296074,  8.177161,  0.144484,  1.538576,  8.304259,  0.836684,  0.754879,  7.994744,  0.155292,  0.996708, -0.516947, -1.828406,  1.989334,  1.131381] | Function Value: -69564.101269 | Gradient: [ 816.083431, -209.312916,  782.643557,  606.149197, -112.627268, -336.951494,  727.504015, -195.577383,  627.457380, -404.640198, -953.835011, -386.834145,  1.860380, -6276.094198,  90.420246] |  Norm(Grad): [ 6587.708378]
rank 0 | iter 6 | objfunc_time: 16.408347 | solver_time: 2.391405 | construction_time: 12.135826
comm_rank: 0 | Iteration:  5 (took: 16.41) | Theta: [ 1.319072,  0.310236,  8.146471,  0.117141,  1.544049,  8.316453,  0.804743,  0.763556,  7.970896,  0.183343,  1.037053, -0.499449, -1.828510,  1.989595,  1.129305] | Function Value: -69697.236583 | Gradient: [-90.239286,  34.900188,  637.813807,  350.786209, -50.735950, -313.641310,  332.856178, -83.105087,  533.375502,  94.141245, -636.057377, -140.250206,  1.576185, -5389.403582,  96.608162] |  Norm(Grad): [ 5525.437626]
rank 0 | iter 7 | objfunc_time: 16.401140 | solver_time: 2.383075 | construction_time: 12.138411
comm_rank: 0 | Iteration:  6 (took: 16.40) | Theta: [ 1.297577,  0.315184,  8.099494,  0.086952,  1.549083,  8.338360,  0.778527,  0.770206,  7.932606,  0.191769,  1.087326, -0.487795, -1.828677,  1.995566,  1.124296] | Function Value: -69798.547474 | Gradient: [-380.986452,  113.841772,  452.153683,  122.591257,  0.734091, -257.968903, -2.490520,  13.004065,  390.046597,  255.871296, -303.840876,  71.949244,  1.575232, -2452.895880,  82.447767] |  Norm(Grad): [ 2604.401418]
rank 0 | iter 8 | objfunc_time: 16.380550 | solver_time: 2.388189 | construction_time: 12.122230
comm_rank: 0 | Iteration:  7 (took: 16.38) | Theta: [ 1.295296,  0.314898,  8.054015,  0.062199,  1.552662,  8.360823,  0.761428,  0.774188,  7.894946,  0.189382,  1.131291, -0.482234, -1.828844,  2.002648,  1.118755] | Function Value: -69846.237252 | Gradient: [-394.703865,  117.444277,  286.338091, -21.532297,  30.417442, -194.271326, -173.286676,  62.280655,  255.882502,  263.040066, -56.182146,  182.301521,  1.621485,  388.045311,  63.435078] |  Norm(Grad): [ 806.395172]
rank 0 | iter 9 | objfunc_time: 16.363196 | solver_time: 2.383583 | construction_time: 12.102773
comm_rank: 0 | Iteration:  8 (took: 16.36) | Theta: [ 1.304532,  0.311903,  8.031531,  0.052701,  1.553628,  8.372723,  0.757799,  0.774704,  7.875971,  0.182240,  1.149954, -0.482947, -1.828931,  2.005640,  1.115567] | Function Value: -69859.539698 | Gradient: [-258.138657,  80.124140,  210.141182, -68.945646,  39.175510, -158.187628, -188.111067,  66.529989,  190.822124,  186.255217,  37.836313,  192.059278,  1.640558,  1515.165806,  52.837610] |  Norm(Grad): [ 1611.298448]
rank 0 | iter 10 | objfunc_time: 16.365727 | solver_time: 2.385068 | construction_time: 12.101575
comm_rank: 0 | Iteration:  9 (took: 16.37) | Theta: [ 1.317875,  0.307812,  8.012525,  0.047035,  1.553731,  8.383471,  0.758171,  0.774064,  7.859672,  0.172862,  1.162821, -0.486252, -1.829013,  2.006329,  1.112462] | Function Value: -69869.063048 | Gradient: [-56.073666,  25.086641,  149.176121, -96.380949,  43.706179, -124.722719, -167.973280,  60.566425,  136.191607,  73.248386,  98.164558,  178.348780,  1.609087,  1800.542355,  45.595646] |  Norm(Grad): [ 1842.296955]
rank 0 | iter 11 | objfunc_time: 16.391689 | solver_time: 2.381127 | construction_time: 12.129829
comm_rank: 0 | Iteration: 10 (took: 16.39) | Theta: [ 1.326197,  0.304695,  7.989552,  0.046422,  1.551830,  8.398174,  0.763490,  0.771491,  7.839677,  0.164591,  1.169493, -0.495671, -1.829149,  2.003671,  1.107428] | Function Value: -69880.681993 | Gradient: [ 89.024067, -14.433622,  75.686932, -104.561329,  44.064522, -77.880621, -97.008467,  39.647818,  70.754051, -7.922173,  124.596834,  129.843712,  1.483917,  846.356630,  42.717934] |  Norm(Grad): [ 894.082820]
rank 0 | iter 12 | objfunc_time: 16.354258 | solver_time: 2.383557 | construction_time: 12.097844
comm_rank: 0 | Iteration: 11 (took: 16.35) | Theta: [ 1.328003,  0.303465,  7.975951,  0.050745,  1.549141,  8.408172,  0.770469,  0.768561,  7.827574,  0.160414,  1.167036, -0.505462, -1.829262,  2.000433,  1.103385] | Function Value: -69885.446990 | Gradient: [ 135.153770, -27.067423,  32.566786, -92.244864,  40.730953, -44.714451, -1.226425,  11.624098,  32.320261, -33.966780,  107.810020,  65.840721,  1.371145, -420.511484,  42.974710] |  Norm(Grad): [ 478.747188]
rank 0 | iter 13 | objfunc_time: 16.425974 | solver_time: 2.394089 | construction_time: 12.153005
comm_rank: 0 | Iteration: 12 (took: 16.43) | Theta: [ 1.325905,  0.303863,  7.975193,  0.053359,  1.548178,  8.409374,  0.772449,  0.767773,  7.826775,  0.160837,  1.163668, -0.507996, -1.829286,  1.999898,  1.102583] | Function Value: -69886.295909 | Gradient: [ 107.416391, -19.579411,  29.660463, -82.597494,  38.643837, -40.353298,  26.794195,  3.454447,  30.018568, -18.676758,  90.429783,  47.314167,  1.359940, -645.103693,  43.314934] |  Norm(Grad): [ 673.185145]
rank 0 | iter 14 | objfunc_time: 16.410471 | solver_time: 2.391091 | construction_time: 12.142182
comm_rank: 0 | Iteration: 13 (took: 16.41) | Theta: [ 1.320211,  0.304949,  7.973186,  0.059486,  1.545810,  8.412328,  0.776081,  0.766155,  7.824709,  0.162021,  1.155975, -0.513631, -1.829351,  1.999770,  1.100484] | Function Value: -69887.937662 | Gradient: [ 33.376455,  0.426292,  21.851301, -59.294224,  33.457279, -29.796124,  82.415581, -12.799501,  23.918390,  22.188425,  50.003767,  10.394573,  1.380205, -715.961695,  42.061567] |  Norm(Grad): [ 729.462731]
rank 0 | iter 15 | objfunc_time: 16.390664 | solver_time: 2.386488 | construction_time: 12.127338
comm_rank: 0 | Iteration: 14 (took: 16.39) | Theta: [ 1.315803,  0.304969,  7.966095,  0.067434,  1.541502,  8.419066,  0.773409,  0.765544,  7.817987,  0.159428,  1.148908, -0.519907, -1.829529,  2.000808,  1.095254] | Function Value: -69890.056748 | Gradient: [ 0.087500,  9.280443, -2.046824, -30.712843,  26.207209, -8.079529,  91.640234, -15.829563,  2.460003,  40.044546,  8.173466,  2.384186,  1.445532, -281.240702,  35.186529] |  Norm(Grad): [ 304.060565]
rank 0 | iter 16 | objfunc_time: 16.360810 | solver_time: 2.382316 | construction_time: 12.104958
comm_rank: 0 | Iteration: 15 (took: 16.36) | Theta: [ 1.313239,  0.304521,  7.960181,  0.073546,  1.537698,  8.424563,  0.767697,  0.765868,  7.812347,  0.155952,  1.144535, -0.523892, -1.829705,  2.001966,  1.090336] | Function Value: -69890.963304 | Gradient: [-6.002188,  10.755777, -21.665573, -8.672237,  20.236731,  9.089708,  67.659140, -9.221792, -15.752554,  42.789459, -20.564318,  16.005754,  1.504421,  207.333326,  28.312445] |  Norm(Grad): [ 228.911312]
rank 0 | iter 17 | objfunc_time: 16.371181 | solver_time: 2.383413 | construction_time: 12.113822
comm_rank: 0 | Iteration: 16 (took: 16.37) | Theta: [ 1.313133,  0.304201,  7.959227,  0.074836,  1.536680,  8.425552,  0.764769,  0.766316,  7.811373,  0.154516,  1.144045, -0.524298, -1.829759,  2.002147,  1.088946] | Function Value: -69891.166472 | Gradient: [ 2.373695,  8.426666, -24.776220, -4.424095,  18.945456,  11.849642,  47.752619, -3.540277, -19.047022,  37.928820, -24.970293,  28.397799,  1.511097,  283.297539,  26.680946] |  Norm(Grad): [ 296.150728]
rank 0 | iter 18 | objfunc_time: 16.391025 | solver_time: 2.396706 | construction_time: 12.117736
comm_rank: 0 | Iteration: 17 (took: 16.39) | Theta: [ 1.312661,  0.303514,  7.958727,  0.077681,  1.534362,  8.426749,  0.758401,  0.767227,  7.810595,  0.151273,  1.142972, -0.525553, -1.829888,  2.002054,  1.085905] | Function Value: -69891.569884 | Gradient: [ 18.929482,  3.802538, -26.482344,  5.274296,  16.005278,  14.806271,  6.675005,  8.179903, -21.922588,  28.254509, -34.970284,  53.885460,  1.501799,  248.003483,  24.098396] |  Norm(Grad): [ 263.026566]
rank 0 | iter 19 | objfunc_time: 16.379128 | solver_time: 2.394347 | construction_time: 12.107510
comm_rank: 0 | Iteration: 18 (took: 16.38) | Theta: [ 1.309529,  0.302646,  7.959512,  0.081484,  1.530056,  8.427672,  0.750690,  0.767494,  7.810755,  0.145598,  1.143327, -0.531887, -1.830163,  2.001735,  1.080063] | Function Value: -69892.352468 | Gradient: [ 22.216797,  2.638578, -24.341345,  16.305685,  12.000322,  17.175436, -19.099951,  15.215397, -21.677971,  25.460720, -41.263580,  67.848921,  1.464844,  128.881216,  19.257307] |  Norm(Grad): [ 163.712992]
rank 0 | iter 20 | objfunc_time: 16.398886 | solver_time: 2.392072 | construction_time: 12.126200
comm_rank: 0 | Iteration: 19 (took: 16.40) | Theta: [ 1.299420,  0.298599,  7.966120,  0.094041,  1.513713,  8.428566,  0.726670,  0.766691,  7.814583,  0.121853,  1.147516, -0.561013, -1.831256,  2.000788,  1.057859] | Function Value: -69894.478924 | Gradient: [ 70.765018, -11.680365, -3.183365,  50.414801, -1.478910,  19.165754, -51.746845,  22.781849, -9.868383, -5.590439, -51.619053,  76.794863,  1.323462, -203.073978, -1.351833] |  Norm(Grad): [ 247.377044]
rank 0 | iter 21 | objfunc_time: 16.373961 | solver_time: 2.384708 | construction_time: 12.119764
rank 0 | iter 22 | objfunc_time: 16.361123 | solver_time: 2.377779 | construction_time: 12.104454
comm_rank: 0 | Iteration: 20 (took: 16.36) | Theta: [ 1.287802,  0.298612,  7.966416,  0.095681,  1.507221,  8.429555,  0.715204,  0.766442,  7.814433,  0.114740,  1.154665, -0.574103, -1.831766,  1.999969,  1.048045] | Function Value: -69895.116771 | Gradient: [-12.153625,  10.365009, -4.517317,  45.488596, -2.593517,  21.813393, -69.690466,  27.085066, -10.564566,  38.766384, -26.549101,  82.466602,  1.208305, -500.608206, -8.915186] |  Norm(Grad): [ 517.906583]
rank 0 | iter 23 | objfunc_time: 16.372400 | solver_time: 2.402275 | construction_time: 12.095490
comm_rank: 0 | Iteration: 21 (took: 16.37) | Theta: [ 1.282033,  0.295813,  7.971427,  0.099562,  1.497854,  8.428472,  0.705244,  0.764371,  7.817940,  0.099017,  1.161973, -0.596130, -1.832477,  2.000051,  1.034952] | Function Value: -69896.302285 | Gradient: [ 30.266523, -1.985550,  12.298107,  47.384977, -5.985260,  18.916130, -36.329031,  15.734673,  0.899315,  12.246132, -6.438971,  50.244331,  1.132250, -446.345568, -24.612188] |  Norm(Grad): [ 455.879089]
rank 0 | iter 24 | objfunc_time: 17.004663 | solver_time: 2.427869 | construction_time: 12.631592
comm_rank: 0 | Iteration: 22 (took: 17.00) | Theta: [ 1.274934,  0.294304,  7.971660,  0.096369,  1.492730,  8.426193,  0.698918,  0.762568,  7.818803,  0.087822,  1.167309, -0.612523, -1.833057,  2.000988,  1.030189] | Function Value: -69897.314024 | Gradient: [ 25.621891, -1.374960,  12.907267,  32.599926, -3.325939,  12.178898, -5.725145,  5.527735,  3.893137,  12.493372,  20.770073,  21.840572,  1.114368, -63.752174, -33.041000] |  Norm(Grad): [ 91.364007]
rank 0 | iter 25 | objfunc_time: 17.368311 | solver_time: 2.456489 | construction_time: 12.927139
comm_rank: 0 | Iteration: 23 (took: 17.37) | Theta: [ 1.270592,  0.293962,  7.970101,  0.092069,  1.491558,  8.424388,  0.697659,  0.761466,  7.818403,  0.083394,  1.168700, -0.619739, -1.833326,  2.001655,  1.031089] | Function Value: -69897.650214 | Gradient: [ 5.922556,  3.701210,  7.578135,  20.535946, -0.124931,  6.878376,  18.296242, -2.026081,  2.812147,  22.441626,  34.712315,  2.497196,  1.123667,  203.738928, -34.124613] |  Norm(Grad): [ 212.866465]
rank 0 | iter 26 | objfunc_time: 17.176167 | solver_time: 2.439841 | construction_time: 12.762439
comm_rank: 0 | Iteration: 24 (took: 17.18) | Theta: [ 1.268577,  0.293814,  7.969108,  0.089702,  1.491258,  8.423262,  0.696856,  0.761082,  7.818143,  0.081331,  1.168052, -0.622496, -1.833452,  2.001811,  1.032577] | Function Value: -69897.812548 | Gradient: [-3.402233,  6.107092,  4.244566,  16.533136,  1.220226,  3.389835,  25.097132, -4.201174,  2.027273,  27.159214,  36.492348, -3.322601,  1.127005,  264.708757, -32.995939] |  Norm(Grad): [ 272.481047]
rank 0 | iter 27 | objfunc_time: 17.044478 | solver_time: 2.443660 | construction_time: 12.646530
comm_rank: 0 | Iteration: 25 (took: 17.04) | Theta: [ 1.260108,  0.292644,  7.965298,  0.080202,  1.489047,  8.418133,  0.690684,  0.759760,  7.817393,  0.070203,  1.163347, -0.635096, -1.834081,  2.002075,  1.038924] | Function Value: -69898.460797 | Gradient: [-26.314259,  11.645317, -8.310080,  5.485296,  5.546093, -12.858629,  38.557291, -9.036779, -0.316381,  37.410259,  34.038067, -18.770218,  1.136780,  361.360073, -27.124643] |  Norm(Grad): [ 370.027446]
rank 0 | iter 28 | objfunc_time: 16.958245 | solver_time: 2.429181 | construction_time: 12.591045
comm_rank: 0 | Iteration: 26 (took: 16.96) | Theta: [ 1.250820,  0.290594,  7.962015,  0.070375,  1.485110,  8.413117,  0.680306,  0.758635,  7.816919,  0.054501,  1.156557, -0.650388, -1.834914,  2.001940,  1.045618] | Function Value: -69899.127957 | Gradient: [-28.404951,  11.212826, -18.797398, -1.086473,  8.893728, -29.078245,  34.799576, -9.107828, -1.946211,  34.994125,  22.171497, -25.055885,  1.129150,  294.049263, -19.796133] |  Norm(Grad): [ 304.485759]
rank 0 | iter 29 | objfunc_time: 16.871917 | solver_time: 2.426456 | construction_time: 12.520816
comm_rank: 0 | Iteration: 27 (took: 16.87) | Theta: [ 1.242418,  0.288172,  7.961722,  0.061877,  1.480052,  8.411369,  0.667917,  0.758103,  7.817309,  0.037424,  1.149510, -0.663628, -1.835816,  2.001582,  1.052267] | Function Value: -69899.707257 | Gradient: [-11.348248,  5.425215, -19.374609, -3.636599,  10.961294, -35.302401,  8.869648, -2.548933, -0.994921,  21.440983,  5.841017, -16.221285,  1.111269,  136.164665, -11.436462] |  Norm(Grad): [ 146.387124]
rank 0 | iter 30 | objfunc_time: 16.839683 | solver_time: 2.423307 | construction_time: 12.488080
comm_rank: 0 | Iteration: 28 (took: 16.84) | Theta: [ 1.239399,  0.286762,  7.961754,  0.061316,  1.476202,  8.414963,  0.663495,  0.757457,  7.816191,  0.028626,  1.144643, -0.670289, -1.836272,  2.000875,  1.053884] | Function Value: -69899.879974 | Gradient: [ 12.064934, -1.562834, -18.734932,  6.306887,  8.694410, -23.909569,  9.820700, -3.366947, -4.538774,  6.256580, -15.081406, -20.883560,  1.085043, -152.143717, -8.465767] |  Norm(Grad): [ 158.863767]
rank 0 | iter 31 | objfunc_time: 16.823690 | solver_time: 2.420036 | construction_time: 12.475566
comm_rank: 0 | Iteration: 29 (took: 16.82) | Theta: [ 1.239713,  0.286685,  7.963683,  0.060413,  1.476255,  8.415469,  0.661358,  0.758203,  7.817253,  0.028299,  1.145423, -0.667776, -1.836298,  2.001001,  1.054874] | Function Value: -69899.981118 | Gradient: [ 17.864943, -3.164530, -12.527466,  2.928495,  9.557247, -22.815704, -16.050577,  4.466534, -1.383066,  2.957821, -10.169506, -2.568007,  1.085997, -100.484133, -7.061481] |  Norm(Grad): [ 107.948748]
rank 0 | iter 32 | objfunc_time: 16.784223 | solver_time: 2.418550 | construction_time: 12.435334
comm_rank: 0 | Iteration: 30 (took: 16.78) | Theta: [ 1.239876,  0.286773,  7.964919,  0.060479,  1.475985,  8.417323,  0.661989,  0.758255,  7.817463,  0.028527,  1.146633, -0.666260, -1.836318,  2.001054,  1.055106] | Function Value: -69900.058719 | Gradient: [ 18.273115, -3.256083, -8.526325,  1.162052,  9.776592, -16.913891, -18.134832,  5.213022, -0.714064,  2.797842, -5.235910, -0.267982,  1.079321, -79.238176, -6.791592] |  Norm(Grad): [ 86.706806]
rank 0 | iter 33 | objfunc_time: 16.735418 | solver_time: 2.418446 | construction_time: 12.409894
rank 0 | iter 34 | objfunc_time: 16.696088 | solver_time: 2.404629 | construction_time: 12.384978
comm_rank: 0 | Iteration: 31 (took: 16.70) | Theta: [ 1.235608,  0.286408,  7.966123,  0.060860,  1.472165,  8.422604,  0.659057,  0.757944,  7.816594,  0.023194,  1.144987, -0.668751, -1.836716,  2.001385,  1.055926] | Function Value: -69900.158232 | Gradient: [ 5.578279, -0.178337, -4.926443,  7.347584,  7.841349, -0.098705, -25.651455,  7.205009, -3.530979,  8.489132, -13.866186,  2.995014,  1.080275,  50.720453, -6.296873] |  Norm(Grad): [ 61.481444]
rank 0 | iter 35 | objfunc_time: 16.665869 | solver_time: 2.416168 | construction_time: 12.350702
comm_rank: 0 | Iteration: 32 (took: 16.67) | Theta: [ 1.235429,  0.286550,  7.969566,  0.057510,  1.471933,  8.426418,  0.663435,  0.757291,  7.817661,  0.022549,  1.147726, -0.665651, -1.836868,  2.001334,  1.060197] | Function Value: -69900.262201 | Gradient: [ 7.318974, -0.688314,  6.555557, -4.422188,  10.823250,  12.580156, -8.667707,  2.554655,  0.076532,  7.400751,  3.355980, -5.974293,  1.058340,  21.940947, -1.226425] |  Norm(Grad): [ 32.548299]
rank 0 | iter 36 | objfunc_time: 16.626446 | solver_time: 2.402667 | construction_time: 12.314941
comm_rank: 0 | Iteration: 33 (took: 16.63) | Theta: [ 1.232945,  0.286222,  7.969081,  0.056578,  1.469527,  8.425584,  0.662532,  0.756831,  7.817636,  0.018567,  1.146814, -0.667188, -1.837170,  2.001327,  1.061357] | Function Value: -69900.327564 | Gradient: [ 5.061626, -0.360489,  4.969597, -3.251791,  10.432959,  9.901285, -7.485867,  2.077818,  0.000000,  7.628441,  0.408411, -7.717609,  1.047134,  16.510010,  0.119209] |  Norm(Grad): [ 26.830415]
rank 0 | iter 37 | objfunc_time: 16.599099 | solver_time: 2.407314 | construction_time: 12.287944
comm_rank: 0 | Iteration: 34 (took: 16.60) | Theta: [ 1.217486,  0.284456,  7.967661,  0.052865,  1.450016,  8.421968,  0.660881,  0.753518,  7.817976, -0.007988,  1.145352, -0.669436, -1.839450,  2.001304,  1.066654] | Function Value: -69900.652178 | Gradient: [ 1.427412, -1.363039,  0.439167,  4.403114,  6.366253, -1.697779, -3.593206,  0.700951,  1.088142,  2.526045, -5.300522, -11.870146,  0.942945, -5.154133,  6.272793] |  Norm(Grad): [ 17.990352]
rank 0 | iter 38 | objfunc_time: 16.608292 | solver_time: 2.414534 | construction_time: 12.291271
rank 0 | iter 39 | objfunc_time: 16.618265 | solver_time: 2.412033 | construction_time: 12.300024
comm_rank: 0 | Iteration: 35 (took: 16.62) | Theta: [ 1.215889,  0.285205,  7.966300,  0.050540,  1.447815,  8.421575,  0.665890,  0.752980,  7.817256, -0.008856,  1.143300, -0.661598, -1.839845,  2.001261,  1.071194] | Function Value: -69900.703352 | Gradient: [-13.380289,  2.626181, -4.096985,  4.413366,  6.598949, -2.940893, -3.399849,  1.364946, -1.207590,  10.571241, -10.674238, -7.169962,  0.930786, -33.943653,  11.893749] |  Norm(Grad): [ 43.137750]
rank 0 | iter 40 | objfunc_time: 16.622334 | solver_time: 2.409206 | construction_time: 12.304517
rank 0 | iter 41 | objfunc_time: 16.601284 | solver_time: 2.405890 | construction_time: 12.295448
comm_rank: 0 | Iteration: 36 (took: 16.60) | Theta: [ 1.208941,  0.285039,  7.966590,  0.050344,  1.438868,  8.421355,  0.665122,  0.751671,  7.817504, -0.018254,  1.146165, -0.661589, -1.840809,  2.001062,  1.069008] | Function Value: -69900.762033 | Gradient: [-30.716181,  6.627560, -3.642321,  5.167723,  4.823446, -3.726244, -5.666971,  1.956463, -0.444889,  17.577648, -1.191616, -5.791903,  0.857353, -108.616829,  9.956837] |  Norm(Grad): [ 115.508008]
rank 0 | iter 42 | objfunc_time: 16.613641 | solver_time: 2.420221 | construction_time: 12.293416
comm_rank: 0 | Iteration: 37 (took: 16.61) | Theta: [ 1.206310,  0.284802,  7.966868,  0.050189,  1.431736,  8.421116,  0.669001,  0.750388,  7.817763, -0.025407,  1.147057, -0.656322, -1.841614,  2.001213,  1.070287] | Function Value: -69900.864113 | Gradient: [-15.990019,  2.038479, -2.363205,  8.092403,  3.001928, -4.344225, -0.222683,  0.781536,  0.446558,  7.337093,  0.489473, -6.214857,  0.823498, -51.496983,  10.853529] |  Norm(Grad): [ 56.769401]
rank 0 | iter 43 | objfunc_time: 16.604533 | solver_time: 2.405067 | construction_time: 12.286961
comm_rank: 0 | Iteration: 38 (took: 16.60) | Theta: [ 1.206775,  0.285210,  7.967317,  0.051094,  1.427790,  8.421693,  0.673928,  0.749766,  7.817828, -0.026802,  1.148738, -0.648536, -1.842037,  2.001319,  1.069497] | Function Value: -69900.917198 | Gradient: [-3.890276, -1.362085, -0.676632,  9.778023,  1.741171, -2.424717,  0.595808,  1.159430,  0.681877,  0.239372,  4.637480, -2.163649,  0.798702, -7.646561,  9.546280] |  Norm(Grad): [ 17.338293]
rank 0 | iter 44 | objfunc_time: 16.570782 | solver_time: 2.411340 | construction_time: 12.264226
comm_rank: 0 | Iteration: 39 (took: 16.57) | Theta: [ 1.206507,  0.285450,  7.967286,  0.050057,  1.426206,  8.421930,  0.675228,  0.749430,  7.817690, -0.027773,  1.148985, -0.646179, -1.842275,  2.001364,  1.068765] | Function Value: -69900.937571 | Gradient: [-1.619101, -2.054214, -0.765085,  8.162260,  2.044439, -1.665592, -0.092268,  1.532793,  0.238419, -1.287937,  6.958008, -0.374794,  0.785828,  12.260437,  8.578539] |  Norm(Grad): [ 18.925067]
rank 0 | iter 45 | objfunc_time: 16.552767 | solver_time: 2.399633 | construction_time: 12.254391
comm_rank: 0 | Iteration: 40 (took: 16.55) | Theta: [ 1.205851,  0.286206,  7.966702,  0.046371,  1.422500,  8.422839,  0.677590,  0.748520,  7.816872, -0.030006,  1.148526, -0.641407, -1.842910,  2.001394,  1.065485] | Function Value: -69900.985494 | Gradient: [ 2.681494, -3.386736, -2.711296,  3.535271,  3.233910,  1.219034, -2.630711,  2.590179, -2.395153, -4.277706,  10.183573,  3.926754,  0.754118,  31.554461,  4.690886] |  Norm(Grad): [ 35.007152]
rank 0 | iter 46 | objfunc_time: 16.559861 | solver_time: 2.407269 | construction_time: 12.255500
comm_rank: 0 | Iteration: 41 (took: 16.56) | Theta: [ 1.203939,  0.286706,  7.966319,  0.041849,  1.418984,  8.422920,  0.677658,  0.747475,  7.816510, -0.033620,  1.146782, -0.641017, -1.843555,  2.001402,  1.063164] | Function Value: -69901.018929 | Gradient: [ 2.474070, -3.609896, -4.044533, -0.719786,  4.580736,  1.500130, -1.632452,  2.264023, -3.543615, -5.195618,  9.435415,  3.402710,  0.726461,  39.913416,  1.954794] |  Norm(Grad): [ 42.481052]
rank 0 | iter 47 | objfunc_time: 16.525632 | solver_time: 2.406075 | construction_time: 12.220548
rank 0 | iter 48 | objfunc_time: 16.492184 | solver_time: 2.394873 | construction_time: 12.204242
comm_rank: 0 | Iteration: 42 (took: 16.49) | Theta: [ 1.205649,  0.287786,  7.966782,  0.041544,  1.418196,  8.423537,  0.678961,  0.747177,  7.816575, -0.030928,  1.145528, -0.638194, -1.843733,  2.001275,  1.059474] | Function Value: -69901.036737 | Gradient: [ 2.168655, -3.275871, -2.693415,  1.332521,  4.102707,  3.444433, -3.885746,  3.090620, -3.343582, -4.153252,  4.389048,  6.408215,  0.712395, -3.533125, -1.921177] |  Norm(Grad): [ 13.537029]
rank 0 | iter 49 | objfunc_time: 16.514245 | solver_time: 2.408672 | construction_time: 12.214134
comm_rank: 0 | Iteration: 43 (took: 16.51) | Theta: [ 1.203883,  0.288038,  7.966892,  0.038689,  1.415938,  8.423029,  0.677932,  0.746390,  7.816812, -0.033696,  1.143711, -0.640399, -1.844147,  2.001266,  1.058652] | Function Value: -69901.055120 | Gradient: [-0.821829, -2.676964, -2.410173, -0.108004,  4.692316,  1.886606,  0.216961,  1.675367, -2.556086, -3.285408,  0.822544,  2.435446,  0.698328, -5.710840, -2.922773] |  Norm(Grad): [ 10.376541]
rank 0 | iter 50 | objfunc_time: 16.526310 | solver_time: 2.402771 | construction_time: 12.225695
rank 0 | iter 51 | objfunc_time: 16.485680 | solver_time: 2.392118 | construction_time: 12.203641
comm_rank: 0 | Iteration: 44 (took: 16.49) | Theta: [ 1.204388,  0.288574,  7.966972,  0.038684,  1.415667,  8.422455,  0.678321,  0.746187,  7.817073, -0.032306,  1.143741, -0.640176, -1.844207,  2.001340,  1.057860] | Function Value: -69901.058858 | Gradient: [-5.026102, -1.401663, -2.254725, -0.009060,  4.626036,  0.088930,  2.231359,  1.084566, -1.705647, -0.497341,  0.896931,  1.228571,  0.696659,  25.317192, -3.963709] |  Norm(Grad): [ 26.879371]
rank 0 | iter 52 | objfunc_time: 16.483855 | solver_time: 2.393269 | construction_time: 12.189175
comm_rank: 0 | Iteration: 45 (took: 16.48) | Theta: [ 1.203776,  0.288798,  7.967502,  0.038079,  1.414151,  8.422335,  0.678032,  0.745718,  7.817507, -0.033432,  1.142992, -0.641262, -1.844428,  2.001308,  1.058228] | Function Value: -69901.066501 | Gradient: [-5.465746, -1.365662, -0.510454,  1.002312,  4.300117, -0.220299,  5.851507, -0.071049, -0.282526, -0.563383, -1.762867, -1.747370,  0.687838,  11.276484, -3.532648] |  Norm(Grad): [ 15.246618]
rank 0 | iter 53 | objfunc_time: 16.485740 | solver_time: 2.397965 | construction_time: 12.191092
comm_rank: 0 | Iteration: 46 (took: 16.49) | Theta: [ 1.203777,  0.289269,  7.967977,  0.037807,  1.412448,  8.422305,  0.678169,  0.745244,  7.817883, -0.033740,  1.142727, -0.641342, -1.844669,  2.001294,  1.058690] | Function Value: -69901.073874 | Gradient: [-4.957199, -1.515388,  1.074314,  2.020836,  3.859043, -0.271082,  8.019209, -0.715494,  0.938892, -0.896931, -3.008127, -3.212214,  0.675440,  4.550934, -3.003597] |  Norm(Grad): [ 12.772449]
rank 0 | iter 54 | objfunc_time: 16.480188 | solver_time: 2.395273 | construction_time: 12.196979
comm_rank: 0 | Iteration: 47 (took: 16.48) | Theta: [ 1.204683,  0.291137,  7.968854,  0.036252,  1.407251,  8.421596,  0.678539,  0.743753,  7.818823, -0.033522,  1.142320, -0.640861, -1.845464,  2.001242,  1.059632] | Function Value: -69901.095097 | Gradient: [-2.010107, -2.246618,  4.042387,  2.923965,  3.131390, -2.476215,  11.248112, -1.648903,  3.978729, -2.312660, -3.912687, -5.107880,  0.635386, -18.826962, -1.874447] |  Norm(Grad): [ 24.497029]
rank 0 | iter 55 | objfunc_time: 16.482365 | solver_time: 2.400261 | construction_time: 12.194203
comm_rank: 0 | Iteration: 48 (took: 16.48) | Theta: [ 1.204715,  0.294583,  7.970536,  0.032993,  1.396221,  8.421714,  0.676698,  0.740997,  7.820127, -0.035029,  1.140740, -0.641593, -1.847116,  2.001289,  1.061362] | Function Value: -69901.123338 | Gradient: [-2.602100, -2.105474,  9.533167,  6.114721,  1.301765, -2.168179,  7.464170, -0.660896,  8.122206, -2.142668, -8.967161, -3.307819,  0.559330, -3.282070,  0.093460] |  Norm(Grad): [ 19.365632]
rank 0 | iter 56 | objfunc_time: 16.484683 | solver_time: 2.393555 | construction_time: 12.210947
rank 0 | iter 57 | objfunc_time: 16.476198 | solver_time: 2.391056 | construction_time: 12.194051
comm_rank: 0 | Iteration: 49 (took: 16.48) | Theta: [ 1.208003,  0.298434,  7.970860,  0.029182,  1.388097,  8.419940,  0.677715,  0.738458,  7.821048, -0.032168,  1.141015, -0.639424, -1.848479,  2.001175,  1.061986] | Function Value: -69901.144791 | Gradient: [ 4.175901, -3.613472,  10.774612,  3.073931,  1.413345, -7.811546,  9.732008, -1.209259,  11.090517, -4.756212, -4.351854, -3.710747,  0.484228, -50.567627,  0.942230] |  Norm(Grad): [ 55.242785]
rank 0 | iter 58 | objfunc_time: 16.479514 | solver_time: 2.403953 | construction_time: 12.183983
comm_rank: 0 | Iteration: 50 (took: 16.48) | Theta: [ 1.208748,  0.300552,  7.970798,  0.026574,  1.383021,  8.420155,  0.676262,  0.737137,  7.820973, -0.031672,  1.140667, -0.639510, -1.849324,  2.001225,  1.062030] | Function Value: -69901.177687 | Gradient: [ 3.015518, -3.197670,  10.509253,  1.564264,  1.449347, -7.266045,  3.019094,  0.704527,  10.783672, -3.799200, -3.281832,  0.431776,  0.443220, -29.561043,  0.980377] |  Norm(Grad): [ 34.834010]
rank 0 | iter 59 | objfunc_time: 16.502420 | solver_time: 2.399421 | construction_time: 12.211189
comm_rank: 0 | Iteration: 51 (took: 16.50) | Theta: [ 1.211063,  0.305392,  7.969896,  0.020539,  1.372634,  8.420852,  0.673106,  0.734257,  7.820140, -0.029455,  1.140306, -0.639878, -1.851119,  2.001322,  1.061410] | Function Value: -69901.224092 | Gradient: [ 0.408649, -2.180099,  7.413387, -3.505468,  2.108097, -5.326271, -10.650158,  4.576206,  7.975340, -1.335859,  1.422167,  8.742809,  0.351906,  12.253046,  0.221491] |  Norm(Grad): [ 23.097772]
rank 0 | iter 60 | objfunc_time: 16.557008 | solver_time: 2.402070 | construction_time: 12.261688
comm_rank: 0 | Iteration: 52 (took: 16.56) | Theta: [ 1.212513,  0.307321,  7.969511,  0.018761,  1.369038,  8.421327,  0.672384,  0.733071,  7.819704, -0.027900,  1.140058, -0.640351, -1.851752,  2.001346,  1.061395] | Function Value: -69901.239547 | Gradient: [ 0.963211, -2.157211,  6.177425, -4.388094,  2.077103, -3.814697, -11.094570,  4.630327,  6.574392, -1.049519,  1.969337,  8.655548,  0.321627,  22.128820,  0.115871] |  Norm(Grad): [ 28.970942]
rank 0 | iter 61 | objfunc_time: 16.531370 | solver_time: 2.395512 | construction_time: 12.245423
comm_rank: 0 | Iteration: 53 (took: 16.53) | Theta: [ 1.214490,  0.313737,  7.968130,  0.013556,  1.354257,  8.422924,  0.670991,  0.728556,  7.818145, -0.025708,  1.140003, -0.641521, -1.854132,  2.001261,  1.061867] | Function Value: -69901.270781 | Gradient: [-9.846449,  1.127243,  1.532555, -5.204439,  0.915766,  1.390457, -6.566286,  3.074169,  1.625299,  6.071568,  4.622936,  4.698992,  0.195503, -12.817383,  0.770092] |  Norm(Grad): [ 20.757431]
rank 0 | iter 62 | objfunc_time: 16.553611 | solver_time: 2.406279 | construction_time: 12.252046
rank 0 | iter 63 | objfunc_time: 16.542964 | solver_time: 2.405507 | construction_time: 12.247553
comm_rank: 0 | Iteration: 54 (took: 16.54) | Theta: [ 1.216679,  0.314931,  7.967906,  0.013181,  1.352580,  8.423390,  0.671462,  0.727756,  7.817782, -0.023978,  1.139399, -0.641492, -1.854450,  2.001346,  1.061850] | Function Value: -69901.280264 | Gradient: [-0.338554, -1.302242,  1.038074, -3.897667,  0.414371,  2.994776, -2.034187,  1.722336,  0.512838,  1.371145,  2.076149,  1.725435,  0.184774,  21.056414,  0.368595] |  Norm(Grad): [ 22.074821]
rank 0 | iter 64 | objfunc_time: 16.522357 | solver_time: 2.396079 | construction_time: 12.234626
comm_rank: 0 | Iteration: 55 (took: 16.52) | Theta: [ 1.216361,  0.314163,  7.967970,  0.014564,  1.354458,  8.423177,  0.671803,  0.728254,  7.817884, -0.024108,  1.139528, -0.641760, -1.854123,  2.001314,  1.062066] | Function Value: -69901.283586 | Gradient: [-0.747919, -1.219511,  1.260996, -2.501249,  0.128269,  2.354145,  0.358105,  1.017570,  0.861883,  1.505613,  1.066208,  0.079155,  0.201941,  7.407665,  0.660658] |  Norm(Grad): [ 8.724599]
rank 0 | iter 65 | objfunc_time: 16.534127 | solver_time: 2.397890 | construction_time: 12.238974
comm_rank: 0 | Iteration: 56 (took: 16.53) | Theta: [ 1.216137,  0.313870,  7.967951,  0.015269,  1.355151,  8.423005,  0.671874,  0.728412,  7.817904, -0.024298,  1.139519, -0.642069, -1.853999,  2.001291,  1.062157] | Function Value: -69901.284724 | Gradient: [-1.167536, -1.126528,  1.202345, -1.488686, -0.127554,  1.832485,  1.806736,  0.572920,  0.936508,  1.663446,  0.131130, -1.013041,  0.208378, -2.304316,  0.796556] |  Norm(Grad): [ 4.892460]
rank 0 | iter 66 | objfunc_time: 16.532287 | solver_time: 2.392820 | construction_time: 12.245124
comm_rank: 0 | Iteration: 57 (took: 16.53) | Theta: [ 1.216029,  0.313858,  7.967878,  0.015468,  1.355169,  8.422869,  0.671800,  0.728390,  7.817873, -0.024478,  1.139484, -0.642250, -1.853994,  2.001282,  1.062151] | Function Value: -69901.285371 | Gradient: [-1.241207, -1.121283,  0.965834, -1.030684, -0.267267,  1.399040,  2.112389,  0.466347,  0.840187,  1.650572, -0.338554, -1.317263,  0.208378, -5.681038,  0.796080] |  Norm(Grad): [ 7.052154]
rank 0 | iter 67 | objfunc_time: 16.530110 | solver_time: 2.403658 | construction_time: 12.237466
comm_rank: 0 | Iteration: 58 (took: 16.53) | Theta: [ 1.215804,  0.314116,  7.967604,  0.015617,  1.354524,  8.422496,  0.671468,  0.728129,  7.817723, -0.025051,  1.139414, -0.642603, -1.854104,  2.001275,  1.062067] | Function Value: -69901.286915 | Gradient: [-1.049042, -1.209497,  0.073433, -0.175714, -0.597477,  0.186205,  1.860380,  0.499725,  0.355482,  1.402617, -1.142263, -1.384735,  0.203371, -8.585930,  0.696182] |  Norm(Grad): [ 9.287745]
rank 0 | iter 68 | objfunc_time: 16.534924 | solver_time: 2.403768 | construction_time: 12.239564
comm_rank: 0 | Iteration: 59 (took: 16.53) | Theta: [ 1.215515,  0.314590,  7.967385,  0.015450,  1.353493,  8.422242,  0.671121,  0.727695,  7.817563, -0.025903,  1.139515, -0.642756, -1.854299,  2.001288,  1.062032] | Function Value: -69901.288290 | Gradient: [-0.507116, -1.411200, -0.632286, -0.008345, -0.763178, -0.648499,  0.996351,  0.723839, -0.169516,  0.895977, -0.836134, -0.958681,  0.193119, -2.969503,  0.615358] |  Norm(Grad): [ 4.105090]
rank 0 | iter 69 | objfunc_time: 16.553531 | solver_time: 2.391913 | construction_time: 12.263377
rank 0 | iter 70 | objfunc_time: 16.531144 | solver_time: 2.392980 | construction_time: 12.245192
comm_rank: 0 | Iteration: 60 (took: 16.53) | Theta: [ 1.215514,  0.314970,  7.967295,  0.015264,  1.352787,  8.422334,  0.670798,  0.727404,  7.817417, -0.026353,  1.139512, -0.642741, -1.854442,  2.001272,  1.061980] | Function Value: -69901.288755 | Gradient: [ 0.996351, -1.842976, -0.906944,  0.087976, -0.861645, -0.392437, -0.625372,  1.191378, -0.653028, -0.038147, -0.827074,  0.067234,  0.185251, -9.208918,  0.586033] |  Norm(Grad): [ 9.706949]
rank 0 | iter 71 | objfunc_time: 16.548236 | solver_time: 2.397231 | construction_time: 12.260683
comm_rank: 0 | Iteration: 61 (took: 16.55) | Theta: [ 1.215159,  0.315785,  7.967180,  0.015021,  1.351228,  8.422109,  0.670721,  0.726712,  7.817318, -0.027377,  1.139969, -0.642448, -1.854741,  2.001325,  1.062083] | Function Value: -69901.289274 | Gradient: [ 0.887156, -1.871824, -1.284838, -0.149250, -0.999689, -1.127720, -1.111507,  1.335621, -0.973463, -0.206709,  0.899076,  0.485420,  0.171185,  11.699677,  0.588655] |  Norm(Grad): [ 12.269755]
Optimization converged!  || f(58) - f(61) || = 0.000984 < 0.001. Function value: -69901.289274

rank 0 | optimization summary: n_iters=71 | objfunc_time: mean=16.557429 std=0.195096 min=16.354258 max=17.368311
Optimization completed in 1192.37s
Starting Hessian computation...
Hessian computed in 246.92s
Computing marginal variances...
Marginal variances computed in 0.61s
Total wall-clock: 1439.89s (optimization: 1192.37s, hessian: 246.92s, marginals: 0.61s)
FD optimization: 1439.89s, f=-69901.289274
Speedup: 65.7x
--- Finished ---
Job finished at Sat 14 Mar 2026 05:56:55 PM CET
