=== Framework comparison: gst_small ===
Parsed parameters:
  max_iter: 250
  solver_min_p: 1
  profile: False
  precision: float64
  output_dir: /capstor/scratch/cscs/aboudaou/workspace/dalia/artifact/experiments/fig4_framework_decomposition/gst_small/../results
--- gst_small: Gaussian Spatio-Temporal Model ---
Using JAX automatic differentiation with JIT compilation (Gaussian likelihood)

___________________________________ 
___  __ \__    |__  /____  _/__    |
__  / / /_  /| |_  /  __  / __  /| |
_  /_/ /_  ___ |  /____/ /  _  ___ |
/_____/ /_/  |_/_____/___/  /_/  |_|

╔═══════════════════════════════════════════════════════╗
║               Parallelization strategies              ║
║ ╒═══════════════════════════════════════════╤═══════╕ ║
║ │ Participating Processes / Total Processes │ 1 / 1 │ ║
║ ├───────────────────────────────────────────┼───────┤ ║
║ │ Parallelization through F()               │   1   │ ║
║ ├───────────────────────────────────────────┼───────┤ ║
║ │ Parallelization through Q()               │   1   │ ║
║ ├───────────────────────────────────────────┼───────┤ ║
║ │ Parallelization through S()               │   1   │ ║
║ ╘═══════════════════════════════════════════╧═══════╛ ║
╚═══════════════════════════════════════════════════════╝
╔═══════════════════════════════╗
║  Enabled Performance modules  ║
║ ╒═══════════════════╤═══════╕ ║
║ │ Array module      │ cupy  │ ║
║ ├───────────────────┼───────┤ ║
║ │ MPI available     │ True  │ ║
║ ├───────────────────┼───────┤ ║
║ │ Is MPI CUDA aware │ False │ ║
║ ├───────────────────┼───────┤ ║
║ │ Is NCCL available │ False │ ║
║ ╘═══════════════════╧═══════╛ ║
╚═══════════════════════════════╝
╔══════════════════════════════════════╗
║            Memory Report             ║
║ ╒════════════════════════╤═════════╕ ║
║ │ Solver memory          │ 0.00 B  │ ║
║ ├────────────────────────┼─────────┤ ║
║ │ Total memory used      │ 3.21 MB │ ║
║ ├────────────────────────┼─────────┤ ║
║ │ Total memory available │ 3.47 MB │ ║
║ ╘════════════════════════╧═════════╛ ║
╚══════════════════════════════════════╝
DALIA initialized.

___________________________________ 
___  __ \__    |__  /____  _/__    |
__  / / /_  /| |_  /  __  / __  /| |
_  /_/ /_  ___ |  /____/ /  _  ___ |
/_____/ /_/  |_/_____/___/  /_/  |_|

╔═══════════════════════════════════════════════════════╗
║               Parallelization strategies              ║
║ ╒═══════════════════════════════════════════╤═══════╕ ║
║ │ Participating Processes / Total Processes │ 1 / 1 │ ║
║ ├───────────────────────────────────────────┼───────┤ ║
║ │ Parallelization through F()               │   1   │ ║
║ ├───────────────────────────────────────────┼───────┤ ║
║ │ Parallelization through Q()               │   1   │ ║
║ ├───────────────────────────────────────────┼───────┤ ║
║ │ Parallelization through S()               │   1   │ ║
║ ╘═══════════════════════════════════════════╧═══════╛ ║
╚═══════════════════════════════════════════════════════╝
╔═══════════════════════════════╗
║  Enabled Performance modules  ║
║ ╒═══════════════════╤═══════╕ ║
║ │ Array module      │ cupy  │ ║
║ ├───────────────────┼───────┤ ║
║ │ MPI available     │ True  │ ║
║ ├───────────────────┼───────┤ ║
║ │ Is MPI CUDA aware │ False │ ║
║ ├───────────────────┼───────┤ ║
║ │ Is NCCL available │ False │ ║
║ ╘═══════════════════╧═══════╛ ║
╚═══════════════════════════════╝
╔════════════════════════════════════════╗
║             Memory Report              ║
║ ╒════════════════════════╤═══════════╕ ║
║ │ Solver memory          │ 616.97 KB │ ║
║ ├────────────────────────┼───────────┤ ║
║ │ Total memory used      │  5.42 MB  │ ║
║ ├────────────────────────┼───────────┤ ║
║ │ Total memory available │  5.46 MB  │ ║
║ ╘════════════════════════╧═══════════╛ ║
╚════════════════════════════════════════╝
DALIA initialized.
Allocated an extra 0.00 GB for BTA_mapping caching (total: 0.00)
Allocated an extra 0.00 GB for BT_mapping caching (total: 0.00)

Framework comparison: gst_small
  JAX forward:   0.003321 +/- 0.000040s
  CuPy forward:  0.036820 +/- 0.000871s
  r (CuPy/JAX):  11.09
  JAX gradient:  0.061657 +/- 0.001239s
  JAX backward:  0.058335s (total - forward)
  Written to: /capstor/scratch/cscs/aboudaou/workspace/dalia/artifact/experiments/fig4_framework_decomposition/gst_small/../results/single_eval_comparison.csv
rank 0 | iter 1 | objfunc_time: 0.331180 | solver_time: 0.052203 | construction_time: 0.215765
rank 0 | iter 2 | objfunc_time: 0.331251 | solver_time: 0.051766 | construction_time: 0.215957
rank 0 | iter 3 | objfunc_time: 0.332485 | solver_time: 0.052356 | construction_time: 0.216480
rank 0 | iter 4 | objfunc_time: 0.331152 | solver_time: 0.051813 | construction_time: 0.215748
rank 0 | iter 5 | objfunc_time: 0.330015 | solver_time: 0.052095 | construction_time: 0.214298
rank 0 | iter 6 | objfunc_time: 0.330194 | solver_time: 0.052139 | construction_time: 0.214516
rank 0 | iter 7 | objfunc_time: 0.329787 | solver_time: 0.051954 | construction_time: 0.214348
rank 0 | iter 8 | objfunc_time: 0.329563 | solver_time: 0.051718 | construction_time: 0.214309
rank 0 | iter 9 | objfunc_time: 0.329057 | solver_time: 0.051267 | construction_time: 0.214826
rank 0 | iter 10 | objfunc_time: 0.328100 | solver_time: 0.051406 | construction_time: 0.213764
rank 0 | iter 11 | objfunc_time: 0.328371 | solver_time: 0.051475 | construction_time: 0.214107
  Written to: /capstor/scratch/cscs/aboudaou/workspace/dalia/artifact/experiments/fig4_framework_decomposition/gst_small/../results/memory_breakdown.csv
Job finished at Fri 13 Mar 2026 07:41:36 PM CET
