=== Framework comparison: gst_large (FD only) ===
Parsed parameters:
  max_iter: 250
  solver_min_p: 1
  profile: False
  precision: float64
  output_dir: ./../results
--- gst_large: Gaussian Spatio-Temporal Model ---

___________________________________ 
___  __ \__    |__  /____  _/__    |
__  / / /_  /| |_  /  __  / __  /| |
_  /_/ /_  ___ |  /____/ /  _  ___ |
/_____/ /_/  |_/_____/___/  /_/  |_|

╔═══════════════════════════════════════════════════════╗
║               Parallelization strategies              ║
║ ╒═══════════════════════════════════════════╤═══════╕ ║
║ │ Participating Processes / Total Processes │ 1 / 1 │ ║
║ ├───────────────────────────────────────────┼───────┤ ║
║ │ Parallelization through F()               │   1   │ ║
║ ├───────────────────────────────────────────┼───────┤ ║
║ │ Parallelization through Q()               │   1   │ ║
║ ├───────────────────────────────────────────┼───────┤ ║
║ │ Parallelization through S()               │   1   │ ║
║ ╘═══════════════════════════════════════════╧═══════╛ ║
╚═══════════════════════════════════════════════════════╝
╔═══════════════════════════════╗
║  Enabled Performance modules  ║
║ ╒═══════════════════╤═══════╕ ║
║ │ Array module      │ cupy  │ ║
║ ├───────────────────┼───────┤ ║
║ │ MPI available     │ True  │ ║
║ ├───────────────────┼───────┤ ║
║ │ Is MPI CUDA aware │ False │ ║
║ ├───────────────────┼───────┤ ║
║ │ Is NCCL available │ False │ ║
║ ╘═══════════════════╧═══════╛ ║
╚═══════════════════════════════╝
╔═══════════════════════════════════════╗
║             Memory Report             ║
║ ╒════════════════════════╤══════════╕ ║
║ │ Solver memory          │ 59.59 GB │ ║
║ ├────────────────────────┼──────────┤ ║
║ │ Total memory used      │ 60.94 GB │ ║
║ ├────────────────────────┼──────────┤ ║
║ │ Total memory available │ 61.14 GB │ ║
║ ╘════════════════════════╧══════════╛ ║
╚═══════════════════════════════════════╝
DALIA initialized.
Allocated an extra 0.37 GB for BTA_mapping caching (total: 59.96)
Allocated an extra 0.33 GB for BT_mapping caching (total: 60.29)

Framework comparison: gst_large
  JAX forward:   skipped (no AD instance)
  CuPy forward:  6.251552 +/- 0.002462s
  Written to: ./../results/single_eval_comparison.csv
rank 0 | iter 1 | objfunc_time: 56.247854 | solver_time: 51.291595 | construction_time: 3.908174
rank 0 | iter 2 | objfunc_time: 56.248150 | solver_time: 51.292091 | construction_time: 3.908448
rank 0 | iter 3 | objfunc_time: 56.247989 | solver_time: 51.291479 | construction_time: 3.908209
rank 0 | iter 4 | objfunc_time: 56.247304 | solver_time: 51.291562 | construction_time: 3.907338
rank 0 | iter 5 | objfunc_time: 56.248490 | solver_time: 51.293870 | construction_time: 3.906709
rank 0 | iter 6 | objfunc_time: 56.248870 | solver_time: 51.296045 | construction_time: 3.906092
rank 0 | iter 7 | objfunc_time: 56.247379 | solver_time: 51.291216 | construction_time: 3.908255
rank 0 | iter 8 | objfunc_time: 56.251788 | solver_time: 51.295562 | construction_time: 3.907873
rank 0 | iter 9 | objfunc_time: 56.257786 | solver_time: 51.301431 | construction_time: 3.908478
rank 0 | iter 10 | objfunc_time: 56.256839 | solver_time: 51.303999 | construction_time: 3.905421
rank 0 | iter 11 | objfunc_time: 56.258758 | solver_time: 51.302709 | construction_time: 3.908465
  Written to: ./../results/memory_breakdown.csv
Job finished at Fri 13 Mar 2026 07:36:23 PM CET
