Parsed parameters:
  max_iter: 1000
  solver_min_p: 1
  profile: False
  precision: float64
  skip_fd: True
--- ap1: Coregional (3-variate) Spatio-Temporal Model (distributed, 4 nodes) ---
Using distributed JAX autodiff (two-phase) with 4 ranks (CoregionalModel, 3 variates)
Two-phase (per-block, RS=per-block, grad_prior=pipeline): JIT compiling all stages...
  compiling Cholesky + forward sub...
  compiling merged bwd+SI...
  compiling prior logdet + gradient...
  compiling quad gradient...
  compiling scalar gradient...
  all stages compiled in 245.9s.

___________________________________ 
___  __ \__    |__  /____  _/__    |
__  / / /_  /| |_  /  __  / __  /| |
_  /_/ /_  ___ |  /____/ /  _  ___ |
/_____/ /_/  |_/_____/___/  /_/  |_|

╔═══════════════════════════════════════════════════════╗
║               Parallelization strategies              ║
║ ╒═══════════════════════════════════════════╤═══════╕ ║
║ │ Participating Processes / Total Processes │ 4 / 4 │ ║
║ ├───────────────────────────────────────────┼───────┤ ║
║ │ Parallelization through F()               │   1   │ ║
║ ├───────────────────────────────────────────┼───────┤ ║
║ │ Parallelization through Q()               │   1   │ ║
║ ├───────────────────────────────────────────┼───────┤ ║
║ │ Parallelization through S()               │   4   │ ║
║ ╘═══════════════════════════════════════════╧═══════╛ ║
╚═══════════════════════════════════════════════════════╝
╔═══════════════════════════════╗
║  Enabled Performance modules  ║
║ ╒═══════════════════╤═══════╕ ║
║ │ Array module      │ cupy  │ ║
║ ├───────────────────┼───────┤ ║
║ │ MPI available     │ True  │ ║
║ ├───────────────────┼───────┤ ║
║ │ Is MPI CUDA aware │ False │ ║
║ ├───────────────────┼───────┤ ║
║ │ Is NCCL available │ False │ ║
║ ╘═══════════════════╧═══════╛ ║
╚═══════════════════════════════╝
╔══════════════════════════════════════╗
║            Memory Report             ║
║ ╒════════════════════════╤═════════╕ ║
║ │ Solver memory          │ 0.00 B  │ ║
║ ├────────────────────────┼─────────┤ ║
║ │ Total memory used      │ 4.27 GB │ ║
║ ├────────────────────────┼─────────┤ ║
║ │ Total memory available │ 4.61 GB │ ║
║ ╘════════════════════════╧═════════╛ ║
╚══════════════════════════════════════╝
DALIA initialized.
First forward+gradient (AD): f=145984.924697, time=284.8396s
Starting optimization.
Using JAX automatic differentiation with JIT compilation (Gaussian likelihood)
rank 0 | iter 1 | objfunc_time: 179.897165 | energy: node=156810J gpu=107829J cpu=29317J (872W)
Parsed parameters:
  max_iter: 1000
  solver_min_p: 1
  profile: False
  precision: float64
  skip_fd: True
rank 3 | iter 1 | objfunc_time: 179.897168 | energy: node=156552J gpu=102021J cpu=30610J (870W)
Parsed parameters:
  max_iter: 1000
  solver_min_p: 1
  profile: False
  precision: float64
  skip_fd: True
rank 1 | iter 1 | objfunc_time: 179.897151 | energy: node=160665J gpu=104192J cpu=34670J (893W)
Parsed parameters:
  max_iter: 1000
  solver_min_p: 1
  profile: False
  precision: float64
  skip_fd: True
rank 2 | iter 1 | objfunc_time: 179.897186 | energy: node=170897J gpu=109037J cpu=29226J (950W)
rank 0 | iter 2 | objfunc_time: 177.069972 | energy: node=154796J gpu=106458J cpu=28974J (874W)
rank 2 | iter 2 | objfunc_time: 177.069940 | energy: node=167312J gpu=106868J cpu=28577J (945W)
rank 3 | iter 2 | objfunc_time: 177.069996 | energy: node=153706J gpu=100344J cpu=30171J (868W)
rank 1 | iter 2 | objfunc_time: 177.069981 | energy: node=157651J gpu=103649J cpu=34192J (890W)
rank 0 | iter 3 | objfunc_time: 172.464011 | energy: node=148132J gpu=101120J cpu=28303J (859W)
rank 2 | iter 3 | objfunc_time: 172.463992 | energy: node=162234J gpu=103657J cpu=27696J (941W)
rank 1 | iter 3 | objfunc_time: 172.463981 | energy: node=151319J gpu=97547J cpu=33133J (877W)
rank 3 | iter 3 | objfunc_time: 172.464017 | energy: node=147715J gpu=95594J cpu=29249J (856W)
rank 3 | iter 4 | objfunc_time: 172.631591 | energy: node=147496J gpu=96098J cpu=29178J (854W)
rank 0 | iter 4 | objfunc_time: 172.631612 | energy: node=148085J gpu=101067J cpu=28291J (858W)
rank 1 | iter 4 | objfunc_time: 172.631612 | energy: node=151299J gpu=97629J cpu=33112J (876W)
rank 2 | iter 4 | objfunc_time: 172.631628 | energy: node=161440J gpu=103127J cpu=27747J (935W)
rank 3 | iter 5 | objfunc_time: 173.996365 | energy: node=148815J gpu=97006J cpu=29465J (855W)
rank 0 | iter 5 | objfunc_time: 173.995561 | energy: node=149169J gpu=101339J cpu=28552J (857W)
rank 1 | iter 5 | objfunc_time: 173.994143 | energy: node=152681J gpu=97884J cpu=33489J (877W)
rank 2 | iter 5 | objfunc_time: 174.023040 | energy: node=162753J gpu=103788J cpu=27950J (935W)
rank 3 | iter 6 | objfunc_time: 175.789208 | energy: node=150495J gpu=97961J cpu=29665J (856W)
rank 0 | iter 6 | objfunc_time: 175.788438 | energy: node=151159J gpu=102994J cpu=28967J (860W)
rank 2 | iter 6 | objfunc_time: 175.816142 | energy: node=164382J gpu=104725J cpu=28315J (935W)
rank 1 | iter 6 | objfunc_time: 175.786697 | energy: node=154537J gpu=99710J cpu=33937J (879W)
rank 0 | iter 7 | objfunc_time: 176.124720 | energy: node=151187J gpu=102981J cpu=28943J (858W)
rank 2 | iter 7 | objfunc_time: 176.265241 | energy: node=164998J gpu=104623J cpu=28444J (936W)
rank 3 | iter 7 | objfunc_time: 176.268004 | energy: node=150988J gpu=98301J cpu=29867J (856W)
rank 1 | iter 7 | objfunc_time: 176.294052 | energy: node=154897J gpu=99943J cpu=34042J (879W)
rank 0 | iter 8 | objfunc_time: 178.327109 | energy: node=152710J gpu=104752J cpu=29260J (856W)
rank 3 | iter 8 | objfunc_time: 178.327101 | energy: node=152405J gpu=99065J cpu=30163J (855W)
rank 1 | iter 8 | objfunc_time: 178.327108 | energy: node=155995J gpu=100385J cpu=34206J (875W)
rank 2 | iter 8 | objfunc_time: 178.327111 | energy: node=166384J gpu=106090J cpu=28764J (933W)
rank 0 | iter 9 | objfunc_time: 178.376621 | energy: node=153314J gpu=104361J cpu=29420J (859W)
rank 1 | iter 9 | objfunc_time: 178.375186 | energy: node=156384J gpu=100779J cpu=34349J (877W)
rank 3 | iter 9 | objfunc_time: 178.375368 | energy: node=152502J gpu=99316J cpu=30377J (855W)
rank 2 | iter 9 | objfunc_time: 178.404254 | energy: node=166884J gpu=106417J cpu=28941J (935W)
rank 0 | iter 10 | objfunc_time: 174.803274 | energy: node=148518J gpu=101087J cpu=28572J (849W)
rank 2 | iter 10 | objfunc_time: 174.954045 | energy: node=162017J gpu=103269J cpu=28152J (926W)
rank 3 | iter 10 | objfunc_time: 174.925115 | energy: node=148588J gpu=96823J cpu=29712J (849W)
rank 1 | iter 10 | objfunc_time: 174.937187 | energy: node=153650J gpu=99286J cpu=33725J (878W)
rank 0 | iter 11 | objfunc_time: 177.971928 | energy: node=151051J gpu=102109J cpu=29014J (849W)
rank 2 | iter 11 | objfunc_time: 177.970667 | energy: node=167517J gpu=106854J cpu=29079J (941W)
rank 1 | iter 11 | objfunc_time: 177.999305 | energy: node=155445J gpu=100348J cpu=34223J (873W)
rank 3 | iter 11 | objfunc_time: 177.970131 | energy: node=152594J gpu=99667J cpu=30380J (857W)
rank 1 | iter 12 | objfunc_time: 177.720673 | energy: node=154767J gpu=99794J cpu=33927J (871W)
rank 0 | iter 12 | objfunc_time: 177.720702 | energy: node=154987J gpu=105132J cpu=29386J (872W)
rank 2 | iter 12 | objfunc_time: 177.720693 | energy: node=165258J gpu=105546J cpu=28713J (930W)
rank 3 | iter 12 | objfunc_time: 177.720671 | energy: node=150666J gpu=98761J cpu=30112J (848W)
rank 0 | iter 13 | objfunc_time: 177.744374 | energy: node=151925J gpu=103751J cpu=29005J (855W)
rank 2 | iter 13 | objfunc_time: 177.742868 | energy: node=165726J gpu=104391J cpu=28769J (932W)
rank 3 | iter 13 | objfunc_time: 177.771580 | energy: node=151411J gpu=98805J cpu=30202J (852W)
rank 1 | iter 13 | objfunc_time: 177.741982 | energy: node=155301J gpu=100374J cpu=34071J (874W)
rank 1 | iter 14 | objfunc_time: 177.778114 | energy: node=156006J gpu=100500J cpu=34297J (878W)
rank 0 | iter 14 | objfunc_time: 177.778147 | energy: node=151957J gpu=103783J cpu=29039J (855W)
rank 3 | iter 14 | objfunc_time: 177.778160 | energy: node=152033J gpu=98411J cpu=30155J (855W)
rank 2 | iter 14 | objfunc_time: 177.778100 | energy: node=166572J gpu=107516J cpu=28934J (937W)
rank 1 | iter 15 | objfunc_time: 177.242055 | energy: node=155377J gpu=100154J cpu=34181J (876W)
rank 0 | iter 15 | objfunc_time: 177.365383 | energy: node=151478J gpu=103368J cpu=29021J (854W)
rank 2 | iter 15 | objfunc_time: 177.391338 | energy: node=165840J gpu=106568J cpu=28819J (935W)
rank 3 | iter 15 | objfunc_time: 177.362062 | energy: node=151695J gpu=98851J cpu=30233J (855W)
rank 0 | iter 16 | objfunc_time: 177.759277 | energy: node=151723J gpu=103883J cpu=28974J (854W)
rank 3 | iter 16 | objfunc_time: 177.759253 | energy: node=151694J gpu=98679J cpu=30191J (853W)
rank 1 | iter 16 | objfunc_time: 177.759242 | energy: node=155598J gpu=101966J cpu=34138J (875W)
rank 2 | iter 16 | objfunc_time: 177.759250 | energy: node=166022J gpu=105602J cpu=28827J (934W)
rank 0 | iter 17 | objfunc_time: 176.945522 | energy: node=150989J gpu=103081J cpu=28876J (853W)
rank 3 | iter 17 | objfunc_time: 176.944038 | energy: node=150957J gpu=98275J cpu=30106J (853W)
rank 2 | iter 17 | objfunc_time: 176.972519 | energy: node=165012J gpu=105281J cpu=28571J (932W)
rank 1 | iter 17 | objfunc_time: 176.799768 | energy: node=154748J gpu=99877J cpu=33894J (874W)
rank 3 | iter 18 | objfunc_time: 177.413765 | energy: node=151638J gpu=98976J cpu=30180J (855W)
rank 0 | iter 18 | objfunc_time: 177.413793 | energy: node=151897J gpu=103674J cpu=29064J (856W)
rank 1 | iter 18 | objfunc_time: 177.413797 | energy: node=155386J gpu=100720J cpu=34149J (876W)
rank 2 | iter 18 | objfunc_time: 177.413791 | energy: node=165479J gpu=105630J cpu=28609J (933W)
rank 0 | iter 19 | objfunc_time: 176.022656 | energy: node=150993J gpu=102978J cpu=28927J (858W)
rank 3 | iter 19 | objfunc_time: 176.022952 | energy: node=150364J gpu=98377J cpu=29943J (854W)
rank 2 | iter 19 | objfunc_time: 176.049377 | energy: node=164016J gpu=104577J cpu=28292J (932W)
rank 1 | iter 19 | objfunc_time: 176.019588 | energy: node=154021J gpu=99455J cpu=33890J (875W)
rank 2 | iter 20 | objfunc_time: 174.457626 | energy: node=162871J gpu=104323J cpu=28047J (934W)
rank 3 | iter 20 | objfunc_time: 174.457622 | energy: node=149245J gpu=98062J cpu=29559J (855W)
rank 1 | iter 20 | objfunc_time: 174.457613 | energy: node=153211J gpu=98980J cpu=33624J (878W)
rank 2 | optimization summary: n_iters=20 | objfunc_time: mean=176.555440 std=1.919825 min=172.463992 max=179.897186
rank 0 | iter 20 | objfunc_time: 174.457622 | energy: node=149925J gpu=102282J cpu=28632J (859W)
rank 3 | optimization summary: n_iters=20 | objfunc_time: mean=176.547208 std=1.922231 min=172.464017 max=179.897168
rank 1 | optimization summary: n_iters=20 | objfunc_time: mean=176.535462 std=1.918322 min=172.463981 max=179.897151
rank 2 | energy per gradient (node): mean=165181J std=2196J total=3303614J | gpu: mean=105394J
rank 0 | optimization summary: n_iters=20 | objfunc_time: mean=176.532894 std=1.928238 min=172.464011 max=179.897165
rank 3 | energy per gradient (node): mean=151078J std=2061J total=3021559J | gpu: mean=98470J
rank 1 | energy per gradient (node): mean=154947J std=2036J total=3098938J | gpu: mean=100159J
rank 0 | energy per gradient (node): mean=151540J std=2206J total=3030805J | gpu: mean=103401J
Optimization did not converge. FAILURE MSG:  ABNORMAL: 
Optimization completed in 3721.02s
Starting Hessian computation...
comm_rank: 3 | Hessian column 1/15 (372.26s)
comm_rank: 0 | Hessian column 1/15 (372.27s)
comm_rank: 1 | Hessian column 1/15 (372.27s)
comm_rank: 2 | Hessian column 1/15 (372.27s)
comm_rank: 0 | Hessian column 2/15 (376.51s)
comm_rank: 3 | Hessian column 2/15 (376.52s)
comm_rank: 1 | Hessian column 2/15 (376.52s)
comm_rank: 2 | Hessian column 2/15 (376.52s)
comm_rank: 0 | Hessian column 3/15 (379.60s)
comm_rank: 3 | Hessian column 3/15 (379.60s)
comm_rank: 1 | Hessian column 3/15 (379.60s)
comm_rank: 2 | Hessian column 3/15 (379.60s)
comm_rank: 3 | Hessian column 4/15 (377.40s)
comm_rank: 2 | Hessian column 4/15 (377.39s)
comm_rank: 1 | Hessian column 4/15 (377.40s)
comm_rank: 0 | Hessian column 4/15 (377.41s)
comm_rank: 2 | Hessian column 5/15 (372.83s)
comm_rank: 3 | Hessian column 5/15 (372.84s)
comm_rank: 0 | Hessian column 5/15 (372.83s)
comm_rank: 1 | Hessian column 5/15 (372.83s)
comm_rank: 0 | Hessian column 6/15 (374.73s)
comm_rank: 2 | Hessian column 6/15 (374.73s)
comm_rank: 3 | Hessian column 6/15 (374.73s)
comm_rank: 1 | Hessian column 6/15 (374.73s)
comm_rank: 0 | Hessian column 7/15 (376.11s)
comm_rank: 3 | Hessian column 7/15 (376.11s)
comm_rank: 2 | Hessian column 7/15 (376.11s)
comm_rank: 1 | Hessian column 7/15 (376.11s)
comm_rank: 0 | Hessian column 8/15 (376.59s)
comm_rank: 3 | Hessian column 8/15 (376.59s)
comm_rank: 2 | Hessian column 8/15 (376.59s)
comm_rank: 1 | Hessian column 8/15 (376.59s)
comm_rank: 0 | Hessian column 9/15 (378.22s)
comm_rank: 3 | Hessian column 9/15 (378.22s)
comm_rank: 2 | Hessian column 9/15 (378.22s)
comm_rank: 1 | Hessian column 9/15 (378.22s)
comm_rank: 0 | Hessian column 10/15 (377.88s)
comm_rank: 3 | Hessian column 10/15 (377.89s)
comm_rank: 1 | Hessian column 10/15 (377.89s)
comm_rank: 2 | Hessian column 10/15 (377.89s)
comm_rank: 3 | Hessian column 11/15 (378.14s)
comm_rank: 1 | Hessian column 11/15 (378.14s)
comm_rank: 2 | Hessian column 11/15 (378.14s)
comm_rank: 0 | Hessian column 11/15 (378.15s)
comm_rank: 3 | Hessian column 12/15 (377.38s)
comm_rank: 1 | Hessian column 12/15 (377.37s)
comm_rank: 2 | Hessian column 12/15 (377.38s)
comm_rank: 0 | Hessian column 12/15 (377.38s)
comm_rank: 3 | Hessian column 13/15 (374.92s)
comm_rank: 0 | Hessian column 13/15 (374.91s)
comm_rank: 2 | Hessian column 13/15 (374.92s)
comm_rank: 1 | Hessian column 13/15 (374.92s)
comm_rank: 3 | Hessian column 14/15 (375.25s)
comm_rank: 2 | Hessian column 14/15 (375.25s)
comm_rank: 0 | Hessian column 14/15 (375.25s)
comm_rank: 1 | Hessian column 14/15 (375.25s)
comm_rank: 3 | Hessian column 15/15 (375.75s)
comm_rank: 1 | Hessian column 15/15 (375.75s)
comm_rank: 2 | Hessian column 15/15 (375.75s)
comm_rank: 0 | Hessian column 15/15 (375.75s)
Negative eigenvalues detected: [-14917.73853187  -2077.06302791    506.45753154    574.37717315   1140.58433879   8091.26981514  12069.35745418  23163.80127137  35630.2769087
  39827.85187908  86958.85709594 143675.50096702 257604.1040646  280353.90954971 431753.39024726]
Hessian computed in 5644.07s
Rebuilding model state for marginal variances...
Distributed solver slicing: [12, 12, 12, 12]
Allocated an extra 0.15 GB for BTA_mapping caching (total: 0.15)
Computing marginal variances...
Marginal variances computed in 20.93s
Total wall-clock: 9410.69s (optimization: 3721.02s, hessian: 5644.07s, marginals: 20.93s)
JAX optimization: 9410.69s, f=nan
--- Finished ---
Job finished at Sat 14 Mar 2026 09:38:09 PM CET
