Parsed parameters:
  max_iter: 1000
  solver_min_p: 4
  profile: False
  precision: float64
  skip_jax: True
--- ap1: Coregional (3-variate) Spatio-Temporal Model (distributed, 4 nodes) ---
Distributed solver slicing: [12, 12, 12, 12]

___________________________________ 
___  __ \__    |__  /____  _/__    |
__  / / /_  /| |_  /  __  / __  /| |
_  /_/ /_  ___ |  /____/ /  _  ___ |
/_____/ /_/  |_/_____/___/  /_/  |_|

╔═══════════════════════════════════════════════════════╗
║               Parallelization strategies              ║
║ ╒═══════════════════════════════════════════╤═══════╕ ║
║ │ Participating Processes / Total Processes │ 4 / 4 │ ║
║ ├───────────────────────────────────────────┼───────┤ ║
║ │ Parallelization through F()               │   1   │ ║
║ ├───────────────────────────────────────────┼───────┤ ║
║ │ Parallelization through Q()               │   1   │ ║
║ ├───────────────────────────────────────────┼───────┤ ║
║ │ Parallelization through S()               │   4   │ ║
║ ╘═══════════════════════════════════════════╧═══════╛ ║
╚═══════════════════════════════════════════════════════╝
╔═══════════════════════════════╗
║  Enabled Performance modules  ║
║ ╒═══════════════════╤═══════╕ ║
║ │ Array module      │ cupy  │ ║
║ ├───────────────────┼───────┤ ║
║ │ MPI available     │ True  │ ║
║ ├───────────────────┼───────┤ ║
║ │ Is MPI CUDA aware │ False │ ║
║ ├───────────────────┼───────┤ ║
║ │ Is NCCL available │ False │ ║
║ ╘═══════════════════╧═══════╛ ║
╚═══════════════════════════════╝
╔═══════════════════════════════════════╗
║             Memory Report             ║
║ ╒════════════════════════╤══════════╕ ║
║ │ Solver memory          │ 61.81 GB │ ║
║ ├────────────────────────┼──────────┤ ║
║ │ Total memory used      │ 66.08 GB │ ║
║ ├────────────────────────┼──────────┤ ║
║ │ Total memory available │ 66.15 GB │ ║
║ ╘════════════════════════╧══════════╛ ║
╚═══════════════════════════════════════╝
DALIA initialized.
Allocated an extra 0.15 GB for BTA_mapping caching (total: 61.97)
Starting optimization.
Using finite differences (eps=0.001)
rank 0 | iter 1 | objfunc_time: 494.095397 | solver_time: 475.621084 | construction_time: 13.393914 | energy: node=0J gpu=347150J cpu=90424J (0W)
Parsed parameters:
  max_iter: 1000
  solver_min_p: 4
  profile: False
  precision: float64
  skip_jax: True
rank 3 | iter 1 | objfunc_time: 494.095391 | solver_time: 472.420016 | construction_time: 15.152799 | energy: node=609661J gpu=442300J cpu=99045J (1234W)
Parsed parameters:
  max_iter: 1000
  solver_min_p: 4
  profile: False
  precision: float64
  skip_jax: True
rank 2 | iter 1 | objfunc_time: 494.095386 | solver_time: 474.556614 | construction_time: 13.682354 | energy: node=606583J gpu=435572J cpu=81162J (1228W)
Parsed parameters:
  max_iter: 1000
  solver_min_p: 4
  profile: False
  precision: float64
  skip_jax: True
rank 1 | iter 1 | objfunc_time: 494.095441 | solver_time: 474.670554 | construction_time: 13.671990 | energy: node=573864J gpu=429019J cpu=83753J (1161W)
rank 0 | iter 2 | objfunc_time: 494.177701 | solver_time: 475.623265 | construction_time: 13.444395 | energy: node=0J gpu=352942J cpu=90074J (0W)
rank 1 | iter 2 | objfunc_time: 494.177724 | solver_time: 474.837212 | construction_time: 13.584842 | energy: node=571182J gpu=425556J cpu=83138J (1156W)
comm_rank: 0 | Iteration:  1 (took: 494.18) | Theta: [ 0.401624,  5.101471,  2.397317,  0.132191,  3.762133,  2.939202,  0.308538,  5.080976,  3.106134,  2.537711,  1.154644,  2.435354,  1.121342, -0.625666,  0.030677] | Function Value:  145862.972462 | Gradient: [ 6772.100031, -1505.449831,  303.740680,  2118.312120,  3858.177722,  38.058341, -4870.683432,  1657.317817,  3477.741480,  2367.796063,  1135.579824, -3229.226053, -5793.612301,  5241.507351,  5495.010138] |  Norm(Grad): [ 14653.243038]
comm_rank: 1 | Iteration:  1 (took: 494.18) | Theta: [ 0.401624,  5.101471,  2.397317,  0.132191,  3.762133,  2.939202,  0.308538,  5.080976,  3.106134,  2.537711,  1.154644,  2.435354,  1.121342, -0.625666,  0.030677] | Function Value:  145862.972462 | Gradient: [ 6772.100031, -1505.449831,  303.740680,  2118.312120,  3858.177722,  38.058341, -4870.683432,  1657.317817,  3477.741480,  2367.796063,  1135.579824, -3229.226053, -5793.612301,  5241.507351,  5495.010138] |  Norm(Grad): [ 14653.243038]
rank 3 | iter 2 | objfunc_time: 494.177748 | solver_time: 472.246002 | construction_time: 15.221428 | energy: node=609548J gpu=440383J cpu=99066J (1233W)
rank 2 | iter 2 | objfunc_time: 494.177750 | solver_time: 474.573953 | construction_time: 13.754323 | energy: node=606636J gpu=435389J cpu=81070J (1228W)
comm_rank: 3 | Iteration:  1 (took: 494.18) | Theta: [ 0.401624,  5.101471,  2.397317,  0.132191,  3.762133,  2.939202,  0.308538,  5.080976,  3.106134,  2.537711,  1.154644,  2.435354,  1.121342, -0.625666,  0.030677] | Function Value:  145862.972462 | Gradient: [ 6772.100031, -1505.449831,  303.740680,  2118.312120,  3858.177722,  38.058341, -4870.683432,  1657.317817,  3477.741480,  2367.796063,  1135.579824, -3229.226053, -5793.612301,  5241.507351,  5495.010138] |  Norm(Grad): [ 14653.243038]
comm_rank: 2 | Iteration:  1 (took: 494.18) | Theta: [ 0.401624,  5.101471,  2.397317,  0.132191,  3.762133,  2.939202,  0.308538,  5.080976,  3.106134,  2.537711,  1.154644,  2.435354,  1.121342, -0.625666,  0.030677] | Function Value:  145862.972462 | Gradient: [ 6772.100031, -1505.449831,  303.740680,  2118.312120,  3858.177722,  38.058341, -4870.683432,  1657.317817,  3477.741480,  2367.796063,  1135.579824, -3229.226053, -5793.612301,  5241.507351,  5495.010138] |  Norm(Grad): [ 14653.243038]
rank 0 | iter 3 | objfunc_time: 493.543117 | solver_time: 474.984268 | construction_time: 13.466887 | energy: node=0J gpu=351044J cpu=90057J (0W)
comm_rank: 0 | Iteration:  2 (took: 493.54) | Theta: [ 0.392209,  5.104214,  2.395565,  0.127939,  3.755409,  2.938267,  0.317492,  5.078357,  3.098758,  2.533702,  1.154718,  2.440379,  1.131264, -0.633308,  0.022224] | Function Value:  145822.466963 | Gradient: [ 492.958963, -5007.059813,  1338.994920,  206.340015, -4066.387892,  2901.965559,  1471.398473,  1650.039434, -90.554297,  1510.824621, -4860.977888, -4598.234117,  8678.980708,  4327.002406, -1575.835049] |  Norm(Grad): [ 14162.918643]
rank 2 | iter 3 | objfunc_time: 493.568336 | solver_time: 473.920244 | construction_time: 13.781496 | energy: node=604732J gpu=436299J cpu=80457J (1225W)
rank 3 | iter 3 | objfunc_time: 493.568357 | solver_time: 471.819994 | construction_time: 15.121982 | energy: node=606817J gpu=440032J cpu=98465J (1229W)
comm_rank: 2 | Iteration:  2 (took: 493.57) | Theta: [ 0.392209,  5.104214,  2.395565,  0.127939,  3.755409,  2.938267,  0.317492,  5.078357,  3.098758,  2.533702,  1.154718,  2.440379,  1.131264, -0.633308,  0.022224] | Function Value:  145822.466963 | Gradient: [ 492.958963, -5007.059813,  1338.994920,  206.340015, -4066.387892,  2901.965559,  1471.398473,  1650.039434, -90.554297,  1510.824621, -4860.977888, -4598.234117,  8678.980708,  4327.002406, -1575.835049] |  Norm(Grad): [ 14162.918643]
comm_rank: 3 | Iteration:  2 (took: 493.57) | Theta: [ 0.392209,  5.104214,  2.395565,  0.127939,  3.755409,  2.938267,  0.317492,  5.078357,  3.098758,  2.533702,  1.154718,  2.440379,  1.131264, -0.633308,  0.022224] | Function Value:  145822.466963 | Gradient: [ 492.958963, -5007.059813,  1338.994920,  206.340015, -4066.387892,  2901.965559,  1471.398473,  1650.039434, -90.554297,  1510.824621, -4860.977888, -4598.234117,  8678.980708,  4327.002406, -1575.835049] |  Norm(Grad): [ 14162.918643]
rank 1 | iter 3 | objfunc_time: 493.539767 | solver_time: 474.107796 | construction_time: 13.670621 | energy: node=571094J gpu=424329J cpu=83165J (1157W)
comm_rank: 1 | Iteration:  2 (took: 493.54) | Theta: [ 0.392209,  5.104214,  2.395565,  0.127939,  3.755409,  2.938267,  0.317492,  5.078357,  3.098758,  2.533702,  1.154718,  2.440379,  1.131264, -0.633308,  0.022224] | Function Value:  145822.466963 | Gradient: [ 492.958963, -5007.059813,  1338.994920,  206.340015, -4066.387892,  2901.965559,  1471.398473,  1650.039434, -90.554297,  1510.824621, -4860.977888, -4598.234117,  8678.980708,  4327.002406, -1575.835049] |  Norm(Grad): [ 14162.918643]
