W0314 22:49:14.212069  183794 cuda_executor.cc:1802] GPU interconnect information not available: INTERNAL: NVML doesn't support extracting fabric info or NVLink is not used by the device.
W0314 22:49:14.216261  183796 cuda_executor.cc:1802] GPU interconnect information not available: INTERNAL: NVML doesn't support extracting fabric info or NVLink is not used by the device.
W0314 22:49:14.217162  183793 cuda_executor.cc:1802] GPU interconnect information not available: INTERNAL: NVML doesn't support extracting fabric info or NVLink is not used by the device.
W0314 22:49:14.219747  183795 cuda_executor.cc:1802] GPU interconnect information not available: INTERNAL: NVML doesn't support extracting fabric info or NVLink is not used by the device.
W0314 22:49:14.582398  183081 cuda_executor.cc:1802] GPU interconnect information not available: INTERNAL: NVML doesn't support extracting fabric info or NVLink is not used by the device.
W0314 22:49:14.614197  183081 cuda_executor.cc:1802] GPU interconnect information not available: INTERNAL: NVML doesn't support extracting fabric info or NVLink is not used by the device.
W0314 22:49:14.646346  183081 cuda_executor.cc:1802] GPU interconnect information not available: INTERNAL: NVML doesn't support extracting fabric info or NVLink is not used by the device.
W0314 22:49:14.677933  183081 cuda_executor.cc:1802] GPU interconnect information not available: INTERNAL: NVML doesn't support extracting fabric info or NVLink is not used by the device.
W0314 22:49:14.742395  160161 cuda_executor.cc:1802] GPU interconnect information not available: INTERNAL: NVML doesn't support extracting fabric info or NVLink is not used by the device.
W0314 22:49:14.753964  160159 cuda_executor.cc:1802] GPU interconnect information not available: INTERNAL: NVML doesn't support extracting fabric info or NVLink is not used by the device.
W0314 22:49:14.753973  160160 cuda_executor.cc:1802] GPU interconnect information not available: INTERNAL: NVML doesn't support extracting fabric info or NVLink is not used by the device.
W0314 22:49:14.753977  160162 cuda_executor.cc:1802] GPU interconnect information not available: INTERNAL: NVML doesn't support extracting fabric info or NVLink is not used by the device.
W0314 22:49:14.921774   52027 cuda_executor.cc:1802] GPU interconnect information not available: INTERNAL: NVML doesn't support extracting fabric info or NVLink is not used by the device.
W0314 22:49:14.930679   52029 cuda_executor.cc:1802] GPU interconnect information not available: INTERNAL: NVML doesn't support extracting fabric info or NVLink is not used by the device.
W0314 22:49:14.930683   52026 cuda_executor.cc:1802] GPU interconnect information not available: INTERNAL: NVML doesn't support extracting fabric info or NVLink is not used by the device.
W0314 22:49:14.932420   52028 cuda_executor.cc:1802] GPU interconnect information not available: INTERNAL: NVML doesn't support extracting fabric info or NVLink is not used by the device.
W0314 22:49:15.065175  220703 cuda_executor.cc:1802] GPU interconnect information not available: INTERNAL: NVML doesn't support extracting fabric info or NVLink is not used by the device.
W0314 22:49:15.076412  220702 cuda_executor.cc:1802] GPU interconnect information not available: INTERNAL: NVML doesn't support extracting fabric info or NVLink is not used by the device.
W0314 22:49:15.085206  220700 cuda_executor.cc:1802] GPU interconnect information not available: INTERNAL: NVML doesn't support extracting fabric info or NVLink is not used by the device.
W0314 22:49:15.092776  220701 cuda_executor.cc:1802] GPU interconnect information not available: INTERNAL: NVML doesn't support extracting fabric info or NVLink is not used by the device.
W0314 22:49:15.113692  159432 cuda_executor.cc:1802] GPU interconnect information not available: INTERNAL: NVML doesn't support extracting fabric info or NVLink is not used by the device.
W0314 22:49:15.144971  159432 cuda_executor.cc:1802] GPU interconnect information not available: INTERNAL: NVML doesn't support extracting fabric info or NVLink is not used by the device.
W0314 22:49:15.175799  159432 cuda_executor.cc:1802] GPU interconnect information not available: INTERNAL: NVML doesn't support extracting fabric info or NVLink is not used by the device.
W0314 22:49:15.206831  159432 cuda_executor.cc:1802] GPU interconnect information not available: INTERNAL: NVML doesn't support extracting fabric info or NVLink is not used by the device.
W0314 22:49:15.289911   51278 cuda_executor.cc:1802] GPU interconnect information not available: INTERNAL: NVML doesn't support extracting fabric info or NVLink is not used by the device.
W0314 22:49:15.321779   51278 cuda_executor.cc:1802] GPU interconnect information not available: INTERNAL: NVML doesn't support extracting fabric info or NVLink is not used by the device.
W0314 22:49:15.354133   51278 cuda_executor.cc:1802] GPU interconnect information not available: INTERNAL: NVML doesn't support extracting fabric info or NVLink is not used by the device.
W0314 22:49:15.385205   51278 cuda_executor.cc:1802] GPU interconnect information not available: INTERNAL: NVML doesn't support extracting fabric info or NVLink is not used by the device.
W0314 22:49:15.520909  219819 cuda_executor.cc:1802] GPU interconnect information not available: INTERNAL: NVML doesn't support extracting fabric info or NVLink is not used by the device.
W0314 22:49:15.553097  219819 cuda_executor.cc:1802] GPU interconnect information not available: INTERNAL: NVML doesn't support extracting fabric info or NVLink is not used by the device.
W0314 22:49:15.587342  219819 cuda_executor.cc:1802] GPU interconnect information not available: INTERNAL: NVML doesn't support extracting fabric info or NVLink is not used by the device.
W0314 22:49:15.620430  219819 cuda_executor.cc:1802] GPU interconnect information not available: INTERNAL: NVML doesn't support extracting fabric info or NVLink is not used by the device.
/capstor/scratch/cscs/aboudaou/workspace/dalia/DALIA/src/dalia/core/dalia.py:1016: PerformanceWarning: The device where the array resides (0) is different from the current device (1). Peer access has been activated automatically.
  self.model.theta[:] = xp.asarray(theta_i)
/capstor/scratch/cscs/aboudaou/workspace/dalia/DALIA/src/dalia/core/dalia.py:1016: PerformanceWarning: The device where the array resides (0) is different from the current device (2). Peer access has been activated automatically.
  self.model.theta[:] = xp.asarray(theta_i)
/capstor/scratch/cscs/aboudaou/workspace/dalia/DALIA/src/dalia/core/dalia.py:1016: PerformanceWarning: The device where the array resides (0) is different from the current device (3). Peer access has been activated automatically.
  self.model.theta[:] = xp.asarray(theta_i)
/users/aboudaou/miniconda3/envs/serinv-env/lib/python3.11/site-packages/cupyx/scipy/sparse/_csc.py:132: PerformanceWarning: The device where the array resides (0) is different from the current device (3). Peer access has been activated automatically.
  return self._with_data(self.data * other)
/users/aboudaou/miniconda3/envs/serinv-env/lib/python3.11/site-packages/cupyx/scipy/sparse/_csc.py:132: PerformanceWarning: The device where the array resides (0) is different from the current device (1). Peer access has been activated automatically.
  return self._with_data(self.data * other)
/users/aboudaou/miniconda3/envs/serinv-env/lib/python3.11/site-packages/cupyx/scipy/sparse/_csc.py:132: PerformanceWarning: The device where the array resides (0) is different from the current device (2). Peer access has been activated automatically.
  return self._with_data(self.data * other)
/users/aboudaou/miniconda3/envs/serinv-env/lib/python3.11/site-packages/cupyx/scipy/sparse/_construct.py:529: PerformanceWarning: The device where the array resides (0) is different from the current device (1). Peer access has been activated automatically.
  row = A.row.astype(dtype, copy=True) * B.shape[0]
/users/aboudaou/miniconda3/envs/serinv-env/lib/python3.11/site-packages/cupyx/scipy/sparse/_construct.py:529: PerformanceWarning: The device where the array resides (0) is different from the current device (2). Peer access has been activated automatically.
  row = A.row.astype(dtype, copy=True) * B.shape[0]
/users/aboudaou/miniconda3/envs/serinv-env/lib/python3.11/site-packages/cupyx/scipy/sparse/_construct.py:529: PerformanceWarning: The device where the array resides (0) is different from the current device (3). Peer access has been activated automatically.
  row = A.row.astype(dtype, copy=True) * B.shape[0]
/users/aboudaou/miniconda3/envs/serinv-env/lib/python3.11/site-packages/cupyx/scipy/sparse/_construct.py:533: PerformanceWarning: The device where the array resides (0) is different from the current device (2). Peer access has been activated automatically.
  data = A.data.repeat(B.nnz)  # data's dtype follows that of A in SciPy
/users/aboudaou/miniconda3/envs/serinv-env/lib/python3.11/site-packages/cupyx/scipy/sparse/_construct.py:533: PerformanceWarning: The device where the array resides (0) is different from the current device (1). Peer access has been activated automatically.
  data = A.data.repeat(B.nnz)  # data's dtype follows that of A in SciPy
/users/aboudaou/miniconda3/envs/serinv-env/lib/python3.11/site-packages/cupyx/scipy/sparse/_construct.py:533: PerformanceWarning: The device where the array resides (0) is different from the current device (3). Peer access has been activated automatically.
  data = A.data.repeat(B.nnz)  # data's dtype follows that of A in SciPy
/capstor/scratch/cscs/aboudaou/workspace/dalia/DALIA/src/dalia/models/coregional_model.py:304: PerformanceWarning: The device where the array resides (0) is different from the current device (1). Peer access has been activated automatically.
  sigma_0 = xp.exp(self.theta[self.theta_keys.index("sigma_0")])
/capstor/scratch/cscs/aboudaou/workspace/dalia/DALIA/src/dalia/models/coregional_model.py:305: PerformanceWarning: The device where the array resides (0) is different from the current device (1). Peer access has been activated automatically.
  sigma_1 = xp.exp(self.theta[self.theta_keys.index("sigma_1")])
/capstor/scratch/cscs/aboudaou/workspace/dalia/DALIA/src/dalia/models/coregional_model.py:360: PerformanceWarning: The device where the array resides (0) is different from the current device (1). Peer access has been activated automatically.
  sigma_2 = xp.exp(self.theta[self.theta_keys.index("sigma_2")])
/capstor/scratch/cscs/aboudaou/workspace/dalia/DALIA/src/dalia/models/coregional_model.py:304: PerformanceWarning: The device where the array resides (0) is different from the current device (2). Peer access has been activated automatically.
  sigma_0 = xp.exp(self.theta[self.theta_keys.index("sigma_0")])
/capstor/scratch/cscs/aboudaou/workspace/dalia/DALIA/src/dalia/models/coregional_model.py:367: PerformanceWarning: The device where the array resides (0) is different from the current device (1). Peer access has been activated automatically.
  + (lambda_0_1**2 / sigma_1**2) * Qu_list[1]
/capstor/scratch/cscs/aboudaou/workspace/dalia/DALIA/src/dalia/models/coregional_model.py:305: PerformanceWarning: The device where the array resides (0) is different from the current device (2). Peer access has been activated automatically.
  sigma_1 = xp.exp(self.theta[self.theta_keys.index("sigma_1")])
/capstor/scratch/cscs/aboudaou/workspace/dalia/DALIA/src/dalia/models/coregional_model.py:360: PerformanceWarning: The device where the array resides (0) is different from the current device (2). Peer access has been activated automatically.
  sigma_2 = xp.exp(self.theta[self.theta_keys.index("sigma_2")])
/capstor/scratch/cscs/aboudaou/workspace/dalia/DALIA/src/dalia/models/coregional_model.py:368: PerformanceWarning: The device where the array resides (0) is different from the current device (1). Peer access has been activated automatically.
  + (lambda_1_2**2 / sigma_2**2) * Qu_list[2]
/capstor/scratch/cscs/aboudaou/workspace/dalia/DALIA/src/dalia/models/coregional_model.py:367: PerformanceWarning: The device where the array resides (0) is different from the current device (2). Peer access has been activated automatically.
  + (lambda_0_1**2 / sigma_1**2) * Qu_list[1]
/capstor/scratch/cscs/aboudaou/workspace/dalia/DALIA/src/dalia/models/coregional_model.py:368: PerformanceWarning: The device where the array resides (0) is different from the current device (2). Peer access has been activated automatically.
  + (lambda_1_2**2 / sigma_2**2) * Qu_list[2]
/capstor/scratch/cscs/aboudaou/workspace/dalia/DALIA/src/dalia/models/coregional_model.py:375: PerformanceWarning: The device where the array resides (0) is different from the current device (1). Peer access has been activated automatically.
  (-lambda_0_1 / sigma_1**2) * Qu_list[1]
/capstor/scratch/cscs/aboudaou/workspace/dalia/DALIA/src/dalia/models/coregional_model.py:376: PerformanceWarning: The device where the array resides (0) is different from the current device (1). Peer access has been activated automatically.
  + (lambda_0_2 * lambda_1_2 / sigma_2**2) * Qu_list[2]
/capstor/scratch/cscs/aboudaou/workspace/dalia/DALIA/src/dalia/models/coregional_model.py:375: PerformanceWarning: The device where the array resides (0) is different from the current device (2). Peer access has been activated automatically.
  (-lambda_0_1 / sigma_1**2) * Qu_list[1]
/capstor/scratch/cscs/aboudaou/workspace/dalia/DALIA/src/dalia/models/coregional_model.py:376: PerformanceWarning: The device where the array resides (0) is different from the current device (2). Peer access has been activated automatically.
  + (lambda_0_2 * lambda_1_2 / sigma_2**2) * Qu_list[2]
/capstor/scratch/cscs/aboudaou/workspace/dalia/DALIA/src/dalia/models/coregional_model.py:381: PerformanceWarning: The device where the array resides (0) is different from the current device (1). Peer access has been activated automatically.
  q31 = sp.sparse.coo_matrix(-lambda_1_2 / sigma_2**2 * Qu_list[2])
/capstor/scratch/cscs/aboudaou/workspace/dalia/DALIA/src/dalia/models/coregional_model.py:381: PerformanceWarning: The device where the array resides (0) is different from the current device (2). Peer access has been activated automatically.
  q31 = sp.sparse.coo_matrix(-lambda_1_2 / sigma_2**2 * Qu_list[2])
/capstor/scratch/cscs/aboudaou/workspace/dalia/DALIA/src/dalia/models/coregional_model.py:387: PerformanceWarning: The device where the array resides (0) is different from the current device (2). Peer access has been activated automatically.
  + (lambda_0_2**2 / sigma_2**2) * Qu_list[2]
/capstor/scratch/cscs/aboudaou/workspace/dalia/DALIA/src/dalia/models/coregional_model.py:387: PerformanceWarning: The device where the array resides (0) is different from the current device (1). Peer access has been activated automatically.
  + (lambda_0_2**2 / sigma_2**2) * Qu_list[2]
/capstor/scratch/cscs/aboudaou/workspace/dalia/DALIA/src/dalia/models/coregional_model.py:304: PerformanceWarning: The device where the array resides (0) is different from the current device (3). Peer access has been activated automatically.
  sigma_0 = xp.exp(self.theta[self.theta_keys.index("sigma_0")])
/capstor/scratch/cscs/aboudaou/workspace/dalia/DALIA/src/dalia/models/coregional_model.py:305: PerformanceWarning: The device where the array resides (0) is different from the current device (3). Peer access has been activated automatically.
  sigma_1 = xp.exp(self.theta[self.theta_keys.index("sigma_1")])
/capstor/scratch/cscs/aboudaou/workspace/dalia/DALIA/src/dalia/models/coregional_model.py:360: PerformanceWarning: The device where the array resides (0) is different from the current device (3). Peer access has been activated automatically.
  sigma_2 = xp.exp(self.theta[self.theta_keys.index("sigma_2")])
/capstor/scratch/cscs/aboudaou/workspace/dalia/DALIA/src/dalia/models/coregional_model.py:367: PerformanceWarning: The device where the array resides (0) is different from the current device (3). Peer access has been activated automatically.
  + (lambda_0_1**2 / sigma_1**2) * Qu_list[1]
/capstor/scratch/cscs/aboudaou/workspace/dalia/DALIA/src/dalia/models/coregional_model.py:368: PerformanceWarning: The device where the array resides (0) is different from the current device (3). Peer access has been activated automatically.
  + (lambda_1_2**2 / sigma_2**2) * Qu_list[2]
/capstor/scratch/cscs/aboudaou/workspace/dalia/DALIA/src/dalia/models/coregional_model.py:375: PerformanceWarning: The device where the array resides (0) is different from the current device (3). Peer access has been activated automatically.
  (-lambda_0_1 / sigma_1**2) * Qu_list[1]
/capstor/scratch/cscs/aboudaou/workspace/dalia/DALIA/src/dalia/models/coregional_model.py:376: PerformanceWarning: The device where the array resides (0) is different from the current device (3). Peer access has been activated automatically.
  + (lambda_0_2 * lambda_1_2 / sigma_2**2) * Qu_list[2]
/capstor/scratch/cscs/aboudaou/workspace/dalia/DALIA/src/dalia/models/coregional_model.py:381: PerformanceWarning: The device where the array resides (0) is different from the current device (3). Peer access has been activated automatically.
  q31 = sp.sparse.coo_matrix(-lambda_1_2 / sigma_2**2 * Qu_list[2])
/capstor/scratch/cscs/aboudaou/workspace/dalia/DALIA/src/dalia/models/coregional_model.py:393: PerformanceWarning: The device where the array resides (0) is different from the current device (2). Peer access has been activated automatically.
  q32 = sp.sparse.coo_matrix(-lambda_0_2 / sigma_2**2 * Qu_list[2])
/capstor/scratch/cscs/aboudaou/workspace/dalia/DALIA/src/dalia/models/coregional_model.py:393: PerformanceWarning: The device where the array resides (0) is different from the current device (1). Peer access has been activated automatically.
  q32 = sp.sparse.coo_matrix(-lambda_0_2 / sigma_2**2 * Qu_list[2])
/capstor/scratch/cscs/aboudaou/workspace/dalia/DALIA/src/dalia/models/coregional_model.py:387: PerformanceWarning: The device where the array resides (0) is different from the current device (3). Peer access has been activated automatically.
  + (lambda_0_2**2 / sigma_2**2) * Qu_list[2]
/capstor/scratch/cscs/aboudaou/workspace/dalia/DALIA/src/dalia/models/coregional_model.py:393: PerformanceWarning: The device where the array resides (0) is different from the current device (3). Peer access has been activated automatically.
  q32 = sp.sparse.coo_matrix(-lambda_0_2 / sigma_2**2 * Qu_list[2])
/capstor/scratch/cscs/aboudaou/workspace/dalia/DALIA/src/dalia/models/coregional_model.py:526: PerformanceWarning: The device where the array resides (0) is different from the current device (1). Peer access has been activated automatically.
  self.data_Qprior_re = self.data_Qprior_re[self.permutation_vector_Q_prior]
/capstor/scratch/cscs/aboudaou/workspace/dalia/DALIA/src/dalia/models/coregional_model.py:526: PerformanceWarning: The device where the array resides (0) is different from the current device (2). Peer access has been activated automatically.
  self.data_Qprior_re = self.data_Qprior_re[self.permutation_vector_Q_prior]
/users/aboudaou/miniconda3/envs/serinv-env/lib/python3.11/site-packages/cupyx/scipy/sparse/_compressed.py:674: PerformanceWarning: The device where the array resides (0) is different from the current device (2). Peer access has been activated automatically.
  is_canonical = self._has_canonical_format_kern(
/users/aboudaou/miniconda3/envs/serinv-env/lib/python3.11/site-packages/cupyx/scipy/sparse/_compressed.py:674: PerformanceWarning: The device where the array resides (0) is different from the current device (1). Peer access has been activated automatically.
  is_canonical = self._has_canonical_format_kern(
/capstor/scratch/cscs/aboudaou/workspace/dalia/DALIA/src/dalia/models/coregional_model.py:526: PerformanceWarning: The device where the array resides (0) is different from the current device (3). Peer access has been activated automatically.
  self.data_Qprior_re = self.data_Qprior_re[self.permutation_vector_Q_prior]
/users/aboudaou/miniconda3/envs/serinv-env/lib/python3.11/site-packages/cupyx/scipy/sparse/_compressed.py:674: PerformanceWarning: The device where the array resides (0) is different from the current device (3). Peer access has been activated automatically.
  is_canonical = self._has_canonical_format_kern(
/capstor/scratch/cscs/aboudaou/workspace/dalia/DALIA/src/dalia/likelihoods/gaussian.py:94: PerformanceWarning: The device where the array resides (0) is different from the current device (2). Peer access has been activated automatically.
  gradient_likelihood: NDArray = -xp.exp(theta) * (eta - y)
/capstor/scratch/cscs/aboudaou/workspace/dalia/DALIA/src/dalia/likelihoods/gaussian.py:94: PerformanceWarning: The device where the array resides (0) is different from the current device (3). Peer access has been activated automatically.
  gradient_likelihood: NDArray = -xp.exp(theta) * (eta - y)
/capstor/scratch/cscs/aboudaou/workspace/dalia/DALIA/src/dalia/likelihoods/gaussian.py:94: PerformanceWarning: The device where the array resides (0) is different from the current device (1). Peer access has been activated automatically.
  gradient_likelihood: NDArray = -xp.exp(theta) * (eta - y)
/users/aboudaou/miniconda3/envs/serinv-env/lib/python3.11/site-packages/cupyx/scipy/sparse/_csc.py:87: PerformanceWarning: The device where the array resides (0) is different from the current device (2). Peer access has been activated automatically.
  return self._with_data(self.data * other)
/users/aboudaou/miniconda3/envs/serinv-env/lib/python3.11/site-packages/cupyx/scipy/sparse/_csc.py:87: PerformanceWarning: The device where the array resides (0) is different from the current device (1). Peer access has been activated automatically.
  return self._with_data(self.data * other)
/users/aboudaou/miniconda3/envs/serinv-env/lib/python3.11/site-packages/cupyx/scipy/sparse/_csc.py:87: PerformanceWarning: The device where the array resides (0) is different from the current device (3). Peer access has been activated automatically.
  return self._with_data(self.data * other)
/capstor/scratch/cscs/aboudaou/workspace/dalia/DALIA/src/dalia/core/dalia.py:1611: PerformanceWarning: The device where the array resides (0) is different from the current device (2). Peer access has been activated automatically.
  quadratic_form = x_mean.T @ Q_conditional @ x_mean
/capstor/scratch/cscs/aboudaou/workspace/dalia/DALIA/src/dalia/core/dalia.py:1611: PerformanceWarning: The device where the array resides (0) is different from the current device (1). Peer access has been activated automatically.
  quadratic_form = x_mean.T @ Q_conditional @ x_mean
/capstor/scratch/cscs/aboudaou/workspace/dalia/DALIA/src/dalia/core/dalia.py:1611: PerformanceWarning: The device where the array resides (0) is different from the current device (3). Peer access has been activated automatically.
  quadratic_form = x_mean.T @ Q_conditional @ x_mean
/capstor/scratch/cscs/aboudaou/workspace/dalia/DALIA/src/dalia/prior_hyperparameters/gaussian.py:29: PerformanceWarning: The device where the array resides (0) is different from the current device (2). Peer access has been activated automatically.
  return -0.5 * self.precision * (theta - self.mean) ** 2
/capstor/scratch/cscs/aboudaou/workspace/dalia/DALIA/src/dalia/prior_hyperparameters/gaussian.py:29: PerformanceWarning: The device where the array resides (0) is different from the current device (3). Peer access has been activated automatically.
  return -0.5 * self.precision * (theta - self.mean) ** 2
/capstor/scratch/cscs/aboudaou/workspace/dalia/DALIA/src/dalia/prior_hyperparameters/gaussian.py:29: PerformanceWarning: The device where the array resides (0) is different from the current device (1). Peer access has been activated automatically.
  return -0.5 * self.precision * (theta - self.mean) ** 2
/capstor/scratch/cscs/aboudaou/workspace/dalia/DALIA/src/dalia/likelihoods/gaussian.py:55: PerformanceWarning: The device where the array resides (0) is different from the current device (1). Peer access has been activated automatically.
  yEta = eta - y
/capstor/scratch/cscs/aboudaou/workspace/dalia/DALIA/src/dalia/likelihoods/gaussian.py:55: PerformanceWarning: The device where the array resides (0) is different from the current device (3). Peer access has been activated automatically.
  yEta = eta - y
/capstor/scratch/cscs/aboudaou/workspace/dalia/DALIA/src/dalia/likelihoods/gaussian.py:55: PerformanceWarning: The device where the array resides (0) is different from the current device (2). Peer access has been activated automatically.
  yEta = eta - y
/users/aboudaou/miniconda3/envs/serinv-env/lib/python3.11/site-packages/cupyx/scipy/sparse/_index.py:61: PerformanceWarning: The device where the array resides (0) is different from the current device (1). Peer access has been activated automatically.
  Bp = Ap - start_offset
/users/aboudaou/miniconda3/envs/serinv-env/lib/python3.11/site-packages/cupyx/scipy/sparse/_index.py:61: PerformanceWarning: The device where the array resides (0) is different from the current device (2). Peer access has been activated automatically.
  Bp = Ap - start_offset
/users/aboudaou/miniconda3/envs/serinv-env/lib/python3.11/site-packages/cupyx/scipy/sparse/_index.py:61: PerformanceWarning: The device where the array resides (0) is different from the current device (3). Peer access has been activated automatically.
  Bp = Ap - start_offset
/users/aboudaou/miniconda3/envs/serinv-env/lib/python3.11/site-packages/cupyx/scipy/sparse/_index.py:84: PerformanceWarning: The device where the array resides (0) is different from the current device (2). Peer access has been activated automatically.
  mask = (start <= Aj) & (Aj < stop)
/users/aboudaou/miniconda3/envs/serinv-env/lib/python3.11/site-packages/cupyx/scipy/sparse/_index.py:84: PerformanceWarning: The device where the array resides (0) is different from the current device (1). Peer access has been activated automatically.
  mask = (start <= Aj) & (Aj < stop)
/users/aboudaou/miniconda3/envs/serinv-env/lib/python3.11/site-packages/cupyx/scipy/sparse/_index.py:84: PerformanceWarning: The device where the array resides (0) is different from the current device (3). Peer access has been activated automatically.
  mask = (start <= Aj) & (Aj < stop)
/users/aboudaou/miniconda3/envs/serinv-env/lib/python3.11/site-packages/cupyx/scipy/sparse/_index.py:90: PerformanceWarning: The device where the array resides (0) is different from the current device (2). Peer access has been activated automatically.
  Bj = Aj[mask] - start
/users/aboudaou/miniconda3/envs/serinv-env/lib/python3.11/site-packages/cupyx/scipy/sparse/_index.py:91: PerformanceWarning: The device where the array resides (0) is different from the current device (2). Peer access has been activated automatically.
  Bx = Ax[mask]
/users/aboudaou/miniconda3/envs/serinv-env/lib/python3.11/site-packages/cupyx/scipy/sparse/_index.py:90: PerformanceWarning: The device where the array resides (0) is different from the current device (1). Peer access has been activated automatically.
  Bj = Aj[mask] - start
/users/aboudaou/miniconda3/envs/serinv-env/lib/python3.11/site-packages/cupyx/scipy/sparse/_index.py:91: PerformanceWarning: The device where the array resides (0) is different from the current device (1). Peer access has been activated automatically.
  Bx = Ax[mask]
/users/aboudaou/miniconda3/envs/serinv-env/lib/python3.11/site-packages/cupyx/scipy/sparse/_index.py:90: PerformanceWarning: The device where the array resides (0) is different from the current device (3). Peer access has been activated automatically.
  Bj = Aj[mask] - start
/users/aboudaou/miniconda3/envs/serinv-env/lib/python3.11/site-packages/cupyx/scipy/sparse/_index.py:91: PerformanceWarning: The device where the array resides (0) is different from the current device (3). Peer access has been activated automatically.
  Bx = Ax[mask]
