Parsed parameters:
  max_iter: 250
  solver_min_p: 4
  profile: False
  precision: float64
  benchmark_mode: True
  n_benchmark_runs: 10
  benchmark_method: finite_diff
  output_csv: /capstor/scratch/cscs/aboudaou/workspace/dalia/artifact/plotting/data/fig6_raw_results.csv
--- wa2: Coregional (3-variate) Spatio-Temporal Model (distributed, 4 nodes) ---
Distributed solver slicing: [12, 12, 12, 12]

___________________________________ 
___  __ \__    |__  /____  _/__    |
__  / / /_  /| |_  /  __  / __  /| |
_  /_/ /_  ___ |  /____/ /  _  ___ |
/_____/ /_/  |_/_____/___/  /_/  |_|

╔═══════════════════════════════════════════════════════╗
║               Parallelization strategies              ║
║ ╒═══════════════════════════════════════════╤═══════╕ ║
║ │ Participating Processes / Total Processes │ 8 / 8 │ ║
║ ├───────────────────────────────────────────┼───────┤ ║
║ │ Parallelization through F()               │   2   │ ║
║ ├───────────────────────────────────────────┼───────┤ ║
║ │ Parallelization through Q()               │   1   │ ║
║ ├───────────────────────────────────────────┼───────┤ ║
║ │ Parallelization through S()               │   4   │ ║
║ ╘═══════════════════════════════════════════╧═══════╛ ║
╚═══════════════════════════════════════════════════════╝
╔═══════════════════════════════╗
║  Enabled Performance modules  ║
║ ╒═══════════════════╤═══════╕ ║
║ │ Array module      │ cupy  │ ║
║ ├───────────────────┼───────┤ ║
║ │ MPI available     │ True  │ ║
║ ├───────────────────┼───────┤ ║
║ │ Is MPI CUDA aware │ False │ ║
║ ├───────────────────┼───────┤ ║
║ │ Is NCCL available │ False │ ║
║ ╘═══════════════════╧═══════╛ ║
╚═══════════════════════════════╝
╔═══════════════════════════════════════╗
║             Memory Report             ║
║ ╒════════════════════════╤══════════╕ ║
║ │ Solver memory          │ 70.15 GB │ ║
║ ├────────────────────────┼──────────┤ ║
║ │ Total memory used      │ 72.66 GB │ ║
║ ├────────────────────────┼──────────┤ ║
║ │ Total memory available │ 72.72 GB │ ║
║ ╘════════════════════════╧══════════╛ ║
╚═══════════════════════════════════════╝
DALIA initialized.
Parsed parameters:
  max_iter: 250
  solver_min_p: 4
  profile: False
  precision: float64
  benchmark_mode: True
  n_benchmark_runs: 10
  benchmark_method: finite_diff
  output_csv: /capstor/scratch/cscs/aboudaou/workspace/dalia/artifact/plotting/data/fig6_raw_results.csv
rank 6 | iter 1 | objfunc_time: 357.886077 | solver_time: 310.869108 | construction_time: 11.270639 | energy: node=402615J gpu=293088J cpu=71058J (1125W)
Parsed parameters:
  max_iter: 250
  solver_min_p: 4
  profile: False
  precision: float64
  benchmark_mode: True
  n_benchmark_runs: 10
  benchmark_method: finite_diff
  output_csv: /capstor/scratch/cscs/aboudaou/workspace/dalia/artifact/plotting/data/fig6_raw_results.csv
rank 5 | iter 1 | objfunc_time: 357.886648 | solver_time: 310.609589 | construction_time: 11.461417 | energy: node=416535J gpu=292045J cpu=57006J (1164W)

======================================================================
GRADIENT BENCHMARK: wa2
======================================================================
Nodes: 8, Tasks: 8
Hyperparameters: 15
Benchmark runs: 10
Energy monitor: enabled (Cray PM counters)

Timing finite difference gradient...
Allocated an extra 0.17 GB for BTA_mapping caching (total: 70.31)
rank 0 | iter 1 | objfunc_time: 357.912962 | solver_time: 340.365945 | construction_time: 14.034771 | energy: node=353441J gpu=250453J cpu=59447J (988W)
Parsed parameters:
  max_iter: 250
  solver_min_p: 4
  profile: False
  precision: float64
  benchmark_mode: True
  n_benchmark_runs: 10
  benchmark_method: finite_diff
  output_csv: /capstor/scratch/cscs/aboudaou/workspace/dalia/artifact/plotting/data/fig6_raw_results.csv
rank 3 | iter 1 | objfunc_time: 357.884470 | solver_time: 342.744271 | construction_time: 12.201715 | energy: node=412907J gpu=303430J cpu=49981J (1154W)
Parsed parameters:
  max_iter: 250
  solver_min_p: 4
  profile: False
  precision: float64
  benchmark_mode: True
  n_benchmark_runs: 10
  benchmark_method: finite_diff
  output_csv: /capstor/scratch/cscs/aboudaou/workspace/dalia/artifact/plotting/data/fig6_raw_results.csv
rank 7 | iter 1 | objfunc_time: 357.884660 | solver_time: 310.996931 | construction_time: 11.184927 | energy: node=420223J gpu=292543J cpu=55776J (1174W)
Parsed parameters:
  max_iter: 250
  solver_min_p: 4
  profile: False
  precision: float64
  benchmark_mode: True
  n_benchmark_runs: 10
  benchmark_method: finite_diff
  output_csv: /capstor/scratch/cscs/aboudaou/workspace/dalia/artifact/plotting/data/fig6_raw_results.csv
rank 4 | iter 1 | objfunc_time: 357.590357 | solver_time: 311.121416 | construction_time: 10.901874 | energy: node=369555J gpu=252036J cpu=67693J (1033W)
Parsed parameters:
  max_iter: 250
  solver_min_p: 4
  profile: False
  precision: float64
  benchmark_mode: True
  n_benchmark_runs: 10
  benchmark_method: finite_diff
  output_csv: /capstor/scratch/cscs/aboudaou/workspace/dalia/artifact/plotting/data/fig6_raw_results.csv
rank 1 | iter 1 | objfunc_time: 357.884340 | solver_time: 340.188701 | construction_time: 14.382083 | energy: node=408417J gpu=291308J cpu=55907J (1141W)
Parsed parameters:
  max_iter: 250
  solver_min_p: 4
  profile: False
  precision: float64
  benchmark_mode: True
  n_benchmark_runs: 10
  benchmark_method: finite_diff
  output_csv: /capstor/scratch/cscs/aboudaou/workspace/dalia/artifact/plotting/data/fig6_raw_results.csv
rank 2 | iter 1 | objfunc_time: 357.913026 | solver_time: 342.856933 | construction_time: 12.160656 | energy: node=420065J gpu=295438J cpu=48701J (1174W)
rank 5 | iter 2 | objfunc_time: 357.639703 | solver_time: 310.575319 | construction_time: 11.442388 | energy: node=416674J gpu=292348J cpu=56971J (1164W)
rank 6 | iter 2 | objfunc_time: 357.925002 | solver_time: 311.046210 | construction_time: 11.310001 | energy: node=403081J gpu=294055J cpu=71137J (1126W)
rank 0 | iter 2 | objfunc_time: 357.924022 | solver_time: 340.335793 | construction_time: 14.039359 | energy: node=354328J gpu=252478J cpu=59615J (990W)
rank 7 | iter 2 | objfunc_time: 357.777496 | solver_time: 310.926084 | construction_time: 11.307630 | energy: node=420569J gpu=292364J cpu=55895J (1175W)
rank 3 | iter 2 | objfunc_time: 357.923756 | solver_time: 342.826968 | construction_time: 12.147667 | energy: node=414033J gpu=302179J cpu=50319J (1157W)
rank 1 | iter 2 | objfunc_time: 357.923117 | solver_time: 340.087127 | construction_time: 14.556958 | energy: node=409220J gpu=289527J cpu=56234J (1143W)
rank 2 | iter 2 | objfunc_time: 357.951946 | solver_time: 342.872651 | construction_time: 12.223567 | energy: node=420663J gpu=294834J cpu=48808J (1175W)
rank 4 | iter 2 | objfunc_time: 357.770963 | solver_time: 311.585276 | construction_time: 10.833380 | energy: node=370148J gpu=253734J cpu=67883J (1034W)
rank 5 | iter 3 | objfunc_time: 357.902221 | solver_time: 310.414404 | construction_time: 11.434746 | energy: node=415312J gpu=290948J cpu=56547J (1160W)
rank 7 | iter 3 | objfunc_time: 357.898520 | solver_time: 310.719976 | construction_time: 11.221115 | energy: node=418910J gpu=291720J cpu=55650J (1170W)
rank 6 | iter 3 | objfunc_time: 357.901389 | solver_time: 310.609485 | construction_time: 11.288366 | energy: node=401273J gpu=292663J cpu=70767J (1121W)
rank 0 | iter 3 | objfunc_time: 357.900900 | solver_time: 340.244012 | construction_time: 14.166356 | energy: node=352740J gpu=248924J cpu=58996J (986W)
rank 3 | iter 3 | objfunc_time: 357.758076 | solver_time: 342.716412 | construction_time: 12.132219 | energy: node=412437J gpu=303237J cpu=50340J (1152W)
rank 2 | iter 3 | objfunc_time: 357.928881 | solver_time: 342.822565 | construction_time: 12.262224 | energy: node=418810J gpu=296305J cpu=48671J (1170W)
rank 4 | iter 3 | objfunc_time: 357.928909 | solver_time: 311.320182 | construction_time: 10.834857 | energy: node=368601J gpu=250938J cpu=67708J (1030W)
rank 1 | iter 3 | objfunc_time: 357.899988 | solver_time: 339.989074 | construction_time: 14.652501 | energy: node=407523J gpu=292575J cpu=55558J (1139W)
rank 5 | iter 4 | objfunc_time: 357.303491 | solver_time: 310.407759 | construction_time: 11.416216 | energy: node=414201J gpu=290397J cpu=56446J (1159W)
rank 0 | iter 4 | objfunc_time: 357.303486 | solver_time: 339.836565 | construction_time: 13.968291 | energy: node=352103J gpu=248321J cpu=58663J (985W)
rank 1 | iter 4 | objfunc_time: 357.303499 | solver_time: 339.564175 | construction_time: 14.471463 | energy: node=406955J gpu=290800J cpu=55432J (1139W)
rank 7 | iter 4 | objfunc_time: 357.303496 | solver_time: 310.690628 | construction_time: 11.237764 | energy: node=418230J gpu=291329J cpu=55684J (1171W)
rank 4 | iter 4 | objfunc_time: 357.303489 | solver_time: 311.197202 | construction_time: 10.886739 | energy: node=367704J gpu=249840J cpu=67340J (1029W)
rank 3 | iter 4 | objfunc_time: 357.303490 | solver_time: 342.179222 | construction_time: 12.215339 | energy: node=412136J gpu=304125J cpu=50198J (1153W)
rank 6 | iter 4 | objfunc_time: 357.303491 | solver_time: 310.573032 | construction_time: 11.281049 | energy: node=400121J gpu=292164J cpu=70481J (1120W)
rank 2 | iter 4 | objfunc_time: 357.303493 | solver_time: 342.303471 | construction_time: 12.123211 | energy: node=418161J gpu=293328J cpu=48323J (1170W)
rank 6 | iter 5 | objfunc_time: 357.605820 | solver_time: 310.555051 | construction_time: 11.380157 | energy: node=401495J gpu=291854J cpu=70839J (1123W)
rank 0 | iter 5 | objfunc_time: 357.604660 | solver_time: 339.995080 | construction_time: 14.117758 | energy: node=352843J gpu=246429J cpu=59074J (987W)
rank 7 | iter 5 | objfunc_time: 357.606055 | solver_time: 310.869933 | construction_time: 11.183021 | energy: node=419125J gpu=291565J cpu=55934J (1172W)
rank 5 | iter 5 | objfunc_time: 357.605871 | solver_time: 310.500246 | construction_time: 11.418263 | energy: node=415301J gpu=289344J cpu=56583J (1161W)
rank 2 | iter 5 | objfunc_time: 357.632964 | solver_time: 342.523414 | construction_time: 12.260922 | energy: node=418820J gpu=295405J cpu=48470J (1171W)
rank 3 | iter 5 | objfunc_time: 357.458844 | solver_time: 342.475615 | construction_time: 12.058121 | energy: node=412902J gpu=302337J cpu=50253J (1155W)
rank 4 | iter 5 | objfunc_time: 357.603739 | solver_time: 311.343927 | construction_time: 10.851425 | energy: node=368575J gpu=249978J cpu=67656J (1031W)
rank 1 | iter 5 | objfunc_time: 357.603970 | solver_time: 339.735816 | construction_time: 14.608407 | energy: node=408162J gpu=292689J cpu=55900J (1141W)
rank 3 | iter 6 | objfunc_time: 357.210355 | solver_time: 342.096960 | construction_time: 12.171753 | energy: node=410770J gpu=303465J cpu=49679J (1150W)
rank 6 | iter 6 | objfunc_time: 357.211357 | solver_time: 310.707396 | construction_time: 11.295193 | energy: node=398828J gpu=292651J cpu=70191J (1116W)
rank 5 | iter 6 | objfunc_time: 357.068156 | solver_time: 310.363260 | construction_time: 11.459811 | energy: node=413046J gpu=290640J cpu=56092J (1156W)
rank 2 | iter 6 | objfunc_time: 357.209857 | solver_time: 341.988579 | construction_time: 12.317372 | energy: node=416189J gpu=293615J cpu=48126J (1165W)
rank 1 | iter 6 | objfunc_time: 357.238083 | solver_time: 339.380135 | construction_time: 14.556255 | energy: node=406190J gpu=289769J cpu=55355J (1137W)
rank 7 | iter 6 | objfunc_time: 357.210900 | solver_time: 310.645355 | construction_time: 11.356477 | energy: node=417580J gpu=290768J cpu=55600J (1169W)
rank 4 | iter 6 | objfunc_time: 357.208898 | solver_time: 311.390705 | construction_time: 10.858714 | energy: node=366740J gpu=251529J cpu=67141J (1027W)
rank 0 | iter 6 | objfunc_time: 357.211069 | solver_time: 339.836950 | construction_time: 13.876468 | energy: node=351158J gpu=247060J cpu=58443J (983W)
rank 6 | iter 7 | objfunc_time: 357.359510 | solver_time: 310.537540 | construction_time: 11.269603 | energy: node=398763J gpu=292947J cpu=70014J (1116W)
rank 3 | iter 7 | objfunc_time: 357.359491 | solver_time: 342.435672 | construction_time: 12.038005 | energy: node=410641J gpu=300927J cpu=49895J (1149W)
rank 5 | iter 7 | objfunc_time: 357.359503 | solver_time: 310.271093 | construction_time: 11.486130 | energy: node=413236J gpu=287606J cpu=55992J (1156W)
rank 0 | iter 7 | objfunc_time: 357.359531 | solver_time: 339.595445 | construction_time: 14.198423 | energy: node=350827J gpu=248865J cpu=58281J (982W)
rank 2 | iter 7 | objfunc_time: 357.359511 | solver_time: 342.270265 | construction_time: 12.190071 | energy: node=416199J gpu=295375J cpu=48009J (1165W)
rank 7 | iter 7 | objfunc_time: 357.359481 | solver_time: 310.380443 | construction_time: 11.380377 | energy: node=417887J gpu=291920J cpu=55661J (1169W)
rank 4 | iter 7 | objfunc_time: 357.330831 | solver_time: 311.153349 | construction_time: 10.850168 | energy: node=366570J gpu=249404J cpu=66944J (1026W)
rank 1 | iter 7 | objfunc_time: 357.188266 | solver_time: 339.687119 | construction_time: 14.207641 | energy: node=406093J gpu=290159J cpu=55332J (1136W)
rank 3 | iter 8 | objfunc_time: 357.546389 | solver_time: 342.736501 | construction_time: 11.950418 | energy: node=413842J gpu=303813J cpu=50365J (1157W)
rank 6 | iter 8 | objfunc_time: 357.546357 | solver_time: 310.729474 | construction_time: 11.331035 | energy: node=401304J gpu=291645J cpu=70767J (1122W)
rank 7 | iter 8 | objfunc_time: 357.544214 | solver_time: 310.731886 | construction_time: 11.310422 | energy: node=419537J gpu=292461J cpu=56064J (1173W)
rank 5 | iter 8 | objfunc_time: 357.545833 | solver_time: 310.533944 | construction_time: 11.460564 | energy: node=415419J gpu=290667J cpu=56466J (1162W)
rank 0 | iter 8 | objfunc_time: 357.545294 | solver_time: 339.986142 | construction_time: 14.074227 | energy: node=352573J gpu=249171J cpu=58588J (986W)
rank 2 | iter 8 | objfunc_time: 357.544910 | solver_time: 342.281808 | construction_time: 12.350160 | energy: node=418474J gpu=297683J cpu=48293J (1170W)
rank 1 | iter 8 | objfunc_time: 357.573101 | solver_time: 339.711588 | construction_time: 14.554816 | energy: node=408076J gpu=291396J cpu=55768J (1141W)
rank 4 | iter 8 | objfunc_time: 357.543914 | solver_time: 311.433230 | construction_time: 10.853566 | energy: node=368211J gpu=252285J cpu=67301J (1030W)
rank 3 | iter 9 | objfunc_time: 357.769446 | solver_time: 342.890383 | construction_time: 12.008805 | energy: node=414207J gpu=301502J cpu=50497J (1158W)
rank 7 | iter 9 | objfunc_time: 357.769466 | solver_time: 310.993270 | construction_time: 11.179956 | energy: node=420478J gpu=293277J cpu=56182J (1175W)
rank 5 | iter 9 | objfunc_time: 357.769482 | solver_time: 310.586841 | construction_time: 11.466786 | energy: node=416612J gpu=291750J cpu=56757J (1164W)
rank 2 | iter 9 | objfunc_time: 357.769475 | solver_time: 342.501534 | construction_time: 12.350008 | energy: node=419846J gpu=295014J cpu=48570J (1174W)
rank 4 | iter 9 | objfunc_time: 357.769452 | solver_time: 311.459624 | construction_time: 10.853350 | energy: node=369361J gpu=251253J cpu=67804J (1032W)
rank 1 | iter 9 | objfunc_time: 357.769426 | solver_time: 340.004930 | construction_time: 14.504031 | energy: node=408932J gpu=291824J cpu=56040J (1143W)
rank 6 | iter 9 | objfunc_time: 357.769478 | solver_time: 310.773565 | construction_time: 11.329940 | energy: node=402389J gpu=294482J cpu=71074J (1125W)
rank 0 | iter 9 | objfunc_time: 357.769484 | solver_time: 340.140650 | construction_time: 14.136416 | energy: node=353404J gpu=248639J cpu=58987J (988W)
rank 5 | iter 10 | objfunc_time: 357.387437 | solver_time: 310.619363 | construction_time: 11.466601 | energy: node=414552J gpu=290493J cpu=56285J (1160W)
rank 1 | iter 10 | objfunc_time: 357.385481 | solver_time: 339.603890 | construction_time: 14.415305 | energy: node=407317J gpu=290525J cpu=55547J (1140W)
rank 7 | iter 10 | objfunc_time: 357.243713 | solver_time: 310.765739 | construction_time: 11.275552 | energy: node=418197J gpu=291339J cpu=55441J (1170W)
rank 4 | iter 10 | objfunc_time: 357.385518 | solver_time: 311.453101 | construction_time: 10.894396 | energy: node=367457J gpu=250906J cpu=67421J (1028W)
rank 6 | iter 10 | objfunc_time: 357.414332 | solver_time: 310.662744 | construction_time: 11.444193 | energy: node=400097J gpu=292252J cpu=70380J (1119W)
rank 2 | iter 10 | objfunc_time: 357.386348 | solver_time: 342.172763 | construction_time: 12.299501 | energy: node=417784J gpu=295065J cpu=48285J (1169W)
rank 0 | iter 10 | objfunc_time: 357.414333 | solver_time: 339.829553 | construction_time: 14.066247 | energy: node=351683J gpu=249434J cpu=58490J (984W)
rank 3 | iter 10 | objfunc_time: 357.387364 | solver_time: 342.465753 | construction_time: 12.039067 | energy: node=412671J gpu=301004J cpu=50242J (1155W)
rank 7 | iter 11 | objfunc_time: 357.214022 | solver_time: 310.677836 | construction_time: 11.193601 | energy: node=417765J gpu=290883J cpu=55398J (1169W)
rank 5 | iter 11 | objfunc_time: 357.214301 | solver_time: 310.309353 | construction_time: 11.454546 | energy: node=413936J gpu=291824J cpu=56314J (1159W)
rank 6 | iter 11 | objfunc_time: 357.213996 | solver_time: 310.366476 | construction_time: 11.389605 | energy: node=399399J gpu=294821J cpu=70051J (1118W)
rank 2 | iter 11 | objfunc_time: 357.212882 | solver_time: 342.040020 | construction_time: 12.292182 | energy: node=417054J gpu=295474J cpu=48343J (1167W)
rank 1 | iter 11 | objfunc_time: 357.212463 | solver_time: 339.383413 | construction_time: 14.430715 | energy: node=406720J gpu=290469J cpu=55118J (1139W)
rank 4 | iter 11 | objfunc_time: 357.205929 | solver_time: 311.121040 | construction_time: 10.893952 | energy: node=366959J gpu=250043J cpu=67291J (1027W)
rank 3 | iter 11 | objfunc_time: 357.241271 | solver_time: 342.415287 | construction_time: 11.959185 | energy: node=412001J gpu=301284J cpu=50085J (1153W)
rank 0 | iter 11 | objfunc_time: 357.213616 | solver_time: 339.666625 | construction_time: 14.004319 | energy: node=351014J gpu=248482J cpu=58337J (983W)
  Mean: 357.7561s
  Std:  0.2910s
  Node energy/grad: 352370.3 J
  GPU energy/grad:  248869.6 J
  Other energy/grad: 44737.3 J

======================================================================
Benchmark completed
Results written to: /capstor/scratch/cscs/aboudaou/workspace/dalia/artifact/plotting/data/fig6_raw_results.csv
======================================================================
Job finished at Sun 15 Mar 2026 12:01:25 AM CET
