Parsed parameters:
  max_iter: 250
  solver_min_p: 4
  profile: False
  precision: float64
  benchmark_mode: True
  n_benchmark_runs: 10
  benchmark_method: finite_diff
  output_csv: /capstor/scratch/cscs/aboudaou/workspace/dalia/artifact/plotting/data/fig6_raw_results.csv
--- wa2: Coregional (3-variate) Spatio-Temporal Model (distributed, 4 nodes) ---
Distributed solver slicing: [12, 12, 12, 12]

___________________________________ 
___  __ \__    |__  /____  _/__    |
__  / / /_  /| |_  /  __  / __  /| |
_  /_/ /_  ___ |  /____/ /  _  ___ |
/_____/ /_/  |_/_____/___/  /_/  |_|

╔═════════════════════════════════════════════════════════╗
║                Parallelization strategies               ║
║ ╒═══════════════════════════════════════════╤═════════╕ ║
║ │ Participating Processes / Total Processes │ 16 / 16 │ ║
║ ├───────────────────────────────────────────┼─────────┤ ║
║ │ Parallelization through F()               │    4    │ ║
║ ├───────────────────────────────────────────┼─────────┤ ║
║ │ Parallelization through Q()               │    1    │ ║
║ ├───────────────────────────────────────────┼─────────┤ ║
║ │ Parallelization through S()               │    4    │ ║
║ ╘═══════════════════════════════════════════╧═════════╛ ║
╚═════════════════════════════════════════════════════════╝
╔═══════════════════════════════╗
║  Enabled Performance modules  ║
║ ╒═══════════════════╤═══════╕ ║
║ │ Array module      │ cupy  │ ║
║ ├───────────────────┼───────┤ ║
║ │ MPI available     │ True  │ ║
║ ├───────────────────┼───────┤ ║
║ │ Is MPI CUDA aware │ False │ ║
║ ├───────────────────┼───────┤ ║
║ │ Is NCCL available │ False │ ║
║ ╘═══════════════════╧═══════╛ ║
╚═══════════════════════════════╝
╔═══════════════════════════════════════╗
║             Memory Report             ║
║ ╒════════════════════════╤══════════╕ ║
║ │ Solver memory          │ 70.15 GB │ ║
║ ├────────────────────────┼──────────┤ ║
║ │ Total memory used      │ 72.66 GB │ ║
║ ├────────────────────────┼──────────┤ ║
║ │ Total memory available │ 72.72 GB │ ║
║ ╘════════════════════════╧══════════╛ ║
╚═══════════════════════════════════════╝
DALIA initialized.
Parsed parameters:
  max_iter: 250
  solver_min_p: 4
  profile: False
  precision: float64
  benchmark_mode: True
  n_benchmark_runs: 10
  benchmark_method: finite_diff
  output_csv: /capstor/scratch/cscs/aboudaou/workspace/dalia/artifact/plotting/data/fig6_raw_results.csv
rank 14 | iter 1 | objfunc_time: 177.615865 | solver_time: 144.729006 | construction_time: 5.279785 | energy: node=202643J gpu=142631J cpu=26969J (1140W)
Parsed parameters:
  max_iter: 250
  solver_min_p: 4
  profile: False
  precision: float64
  benchmark_mode: True
  n_benchmark_runs: 10
  benchmark_method: finite_diff
  output_csv: /capstor/scratch/cscs/aboudaou/workspace/dalia/artifact/plotting/data/fig6_raw_results.csv
rank 3 | iter 1 | objfunc_time: 177.755842 | solver_time: 162.849724 | construction_time: 6.070549 | energy: node=206524J gpu=148236J cpu=25045J (1162W)
Parsed parameters:
  max_iter: 250
  solver_min_p: 4
  profile: False
  precision: float64
  benchmark_mode: True
  n_benchmark_runs: 10
  benchmark_method: finite_diff
  output_csv: /capstor/scratch/cscs/aboudaou/workspace/dalia/artifact/plotting/data/fig6_raw_results.csv
rank 13 | iter 1 | objfunc_time: 177.757132 | solver_time: 144.835505 | construction_time: 5.305164 | energy: node=199825J gpu=144728J cpu=27792J (1124W)
Parsed parameters:
  max_iter: 250
  solver_min_p: 4
  profile: False
  precision: float64
  benchmark_mode: True
  n_benchmark_runs: 10
  benchmark_method: finite_diff
  output_csv: /capstor/scratch/cscs/aboudaou/workspace/dalia/artifact/plotting/data/fig6_raw_results.csv
rank 5 | iter 1 | objfunc_time: 177.755798 | solver_time: 170.240793 | construction_time: 6.104302 | energy: node=208045J gpu=147802J cpu=34708J (1170W)

======================================================================
GRADIENT BENCHMARK: wa2
======================================================================
Nodes: 16, Tasks: 16
Hyperparameters: 15
Benchmark runs: 10
Energy monitor: enabled (Cray PM counters)

Timing finite difference gradient...
Allocated an extra 0.17 GB for BTA_mapping caching (total: 70.31)
rank 0 | iter 1 | objfunc_time: 177.472076 | solver_time: 162.985490 | construction_time: 5.848219 | energy: node=181234J gpu=121888J cpu=29510J (1019W)
Parsed parameters:
  max_iter: 250
  solver_min_p: 4
  profile: False
  precision: float64
  benchmark_mode: True
  n_benchmark_runs: 10
  benchmark_method: finite_diff
  output_csv: /capstor/scratch/cscs/aboudaou/workspace/dalia/artifact/plotting/data/fig6_raw_results.csv
rank 11 | iter 1 | objfunc_time: 177.755965 | solver_time: 170.054402 | construction_time: 6.014889 | energy: node=216311J gpu=156154J cpu=24057J (1217W)
Parsed parameters:
  max_iter: 250
  solver_min_p: 4
  profile: False
  precision: float64
  benchmark_mode: True
  n_benchmark_runs: 10
  benchmark_method: finite_diff
  output_csv: /capstor/scratch/cscs/aboudaou/workspace/dalia/artifact/plotting/data/fig6_raw_results.csv
rank 9 | iter 1 | objfunc_time: 177.755079 | solver_time: 169.930445 | construction_time: 6.159176 | energy: node=213371J gpu=147412J cpu=24666J (1200W)
Parsed parameters:
  max_iter: 250
  solver_min_p: 4
  profile: False
  precision: float64
  benchmark_mode: True
  n_benchmark_runs: 10
  benchmark_method: finite_diff
  output_csv: /capstor/scratch/cscs/aboudaou/workspace/dalia/artifact/plotting/data/fig6_raw_results.csv
rank 4 | iter 1 | objfunc_time: 177.758176 | solver_time: 170.753281 | construction_time: 5.730208 | energy: node=177384J gpu=123854J cpu=29942J (998W)
Parsed parameters:
  max_iter: 250
  solver_min_p: 4
  profile: False
  precision: float64
  benchmark_mode: True
  n_benchmark_runs: 10
  benchmark_method: finite_diff
  output_csv: /capstor/scratch/cscs/aboudaou/workspace/dalia/artifact/plotting/data/fig6_raw_results.csv
rank 7 | iter 1 | objfunc_time: 177.754031 | solver_time: 170.290936 | construction_time: 6.042488 | energy: node=209149J gpu=150568J cpu=31046J (1176W)
Parsed parameters:
  max_iter: 250
  solver_min_p: 4
  profile: False
  precision: float64
  benchmark_mode: True
  n_benchmark_runs: 10
  benchmark_method: finite_diff
  output_csv: /capstor/scratch/cscs/aboudaou/workspace/dalia/artifact/plotting/data/fig6_raw_results.csv
rank 1 | iter 1 | objfunc_time: 177.753843 | solver_time: 162.801218 | construction_time: 6.151493 | energy: node=214668J gpu=147706J cpu=29589J (1207W)
Parsed parameters:
  max_iter: 250
  solver_min_p: 4
  profile: False
  precision: float64
  benchmark_mode: True
  n_benchmark_runs: 10
  benchmark_method: finite_diff
  output_csv: /capstor/scratch/cscs/aboudaou/workspace/dalia/artifact/plotting/data/fig6_raw_results.csv
rank 8 | iter 1 | objfunc_time: 177.753598 | solver_time: 169.986145 | construction_time: 5.997267 | energy: node=187081J gpu=123844J cpu=27555J (1052W)
Parsed parameters:
  max_iter: 250
  solver_min_p: 4
  profile: False
  precision: float64
  benchmark_mode: True
  n_benchmark_runs: 10
  benchmark_method: finite_diff
  output_csv: /capstor/scratch/cscs/aboudaou/workspace/dalia/artifact/plotting/data/fig6_raw_results.csv
rank 10 | iter 1 | objfunc_time: 177.605902 | solver_time: 169.594324 | construction_time: 6.284476 | energy: node=209849J gpu=149715J cpu=27934J (1180W)
Parsed parameters:
  max_iter: 250
  solver_min_p: 4
  profile: False
  precision: float64
  benchmark_mode: True
  n_benchmark_runs: 10
  benchmark_method: finite_diff
  output_csv: /capstor/scratch/cscs/aboudaou/workspace/dalia/artifact/plotting/data/fig6_raw_results.csv
rank 6 | iter 1 | objfunc_time: 177.754940 | solver_time: 170.183349 | construction_time: 6.132160 | energy: node=203108J gpu=147384J cpu=26955J (1142W)
Parsed parameters:
  max_iter: 250
  solver_min_p: 4
  profile: False
  precision: float64
  benchmark_mode: True
  n_benchmark_runs: 10
  benchmark_method: finite_diff
  output_csv: /capstor/scratch/cscs/aboudaou/workspace/dalia/artifact/plotting/data/fig6_raw_results.csv
rank 12 | iter 1 | objfunc_time: 177.613223 | solver_time: 144.700435 | construction_time: 5.419341 | energy: node=181626J gpu=122565J cpu=33970J (1022W)
Parsed parameters:
  max_iter: 250
  solver_min_p: 4
  profile: False
  precision: float64
  benchmark_mode: True
  n_benchmark_runs: 10
  benchmark_method: finite_diff
  output_csv: /capstor/scratch/cscs/aboudaou/workspace/dalia/artifact/plotting/data/fig6_raw_results.csv
rank 2 | iter 1 | objfunc_time: 177.783448 | solver_time: 162.732364 | construction_time: 6.221442 | energy: node=207570J gpu=151144J cpu=29746J (1168W)
Parsed parameters:
  max_iter: 250
  solver_min_p: 4
  profile: False
  precision: float64
  benchmark_mode: True
  n_benchmark_runs: 10
  benchmark_method: finite_diff
  output_csv: /capstor/scratch/cscs/aboudaou/workspace/dalia/artifact/plotting/data/fig6_raw_results.csv
rank 15 | iter 1 | objfunc_time: 177.754852 | solver_time: 144.895050 | construction_time: 5.263334 | energy: node=204578J gpu=146223J cpu=27931J (1151W)
rank 0 | iter 2 | objfunc_time: 177.779369 | solver_time: 163.133377 | construction_time: 5.779040 | energy: node=181491J gpu=122949J cpu=29522J (1020W)
rank 8 | iter 2 | objfunc_time: 177.920158 | solver_time: 169.626511 | construction_time: 6.013265 | energy: node=187143J gpu=122900J cpu=27670J (1052W)
rank 3 | iter 2 | objfunc_time: 177.780497 | solver_time: 162.658080 | construction_time: 6.055244 | energy: node=206826J gpu=148212J cpu=25093J (1162W)
rank 14 | iter 2 | objfunc_time: 177.780353 | solver_time: 144.842244 | construction_time: 5.333339 | energy: node=202951J gpu=143316J cpu=27032J (1140W)
rank 13 | iter 2 | objfunc_time: 177.923287 | solver_time: 144.941620 | construction_time: 5.365925 | energy: node=200179J gpu=143119J cpu=28009J (1125W)
rank 5 | iter 2 | objfunc_time: 177.922361 | solver_time: 170.539132 | construction_time: 5.955797 | energy: node=208213J gpu=146728J cpu=34756J (1170W)
rank 4 | iter 2 | objfunc_time: 177.921251 | solver_time: 170.897786 | construction_time: 5.742180 | energy: node=177313J gpu=121987J cpu=29887J (996W)
rank 2 | iter 2 | objfunc_time: 177.921523 | solver_time: 162.762670 | construction_time: 6.113180 | energy: node=207679J gpu=151867J cpu=29774J (1167W)
rank 15 | iter 2 | objfunc_time: 177.950280 | solver_time: 145.119939 | construction_time: 5.230546 | energy: node=204668J gpu=146198J cpu=27956J (1150W)
rank 10 | iter 2 | objfunc_time: 177.921487 | solver_time: 169.622514 | construction_time: 6.097931 | energy: node=210131J gpu=149899J cpu=28032J (1181W)
rank 1 | iter 2 | objfunc_time: 177.920187 | solver_time: 162.813696 | construction_time: 6.059128 | energy: node=215057J gpu=148639J cpu=29629J (1209W)
rank 12 | iter 2 | objfunc_time: 177.921066 | solver_time: 145.030690 | construction_time: 5.420965 | energy: node=181828J gpu=121642J cpu=33947J (1022W)
rank 9 | iter 2 | objfunc_time: 177.921979 | solver_time: 169.700215 | construction_time: 6.038482 | energy: node=213322J gpu=145753J cpu=24612J (1199W)
rank 7 | iter 2 | objfunc_time: 177.920837 | solver_time: 170.524105 | construction_time: 5.987009 | energy: node=209424J gpu=150747J cpu=31193J (1177W)
rank 11 | iter 2 | objfunc_time: 177.921213 | solver_time: 169.762157 | construction_time: 5.987359 | energy: node=216828J gpu=158191J cpu=24068J (1218W)
rank 6 | iter 2 | objfunc_time: 177.780039 | solver_time: 170.114623 | construction_time: 6.162202 | energy: node=203624J gpu=148156J cpu=26925J (1144W)
rank 3 | iter 3 | objfunc_time: 177.965844 | solver_time: 162.666230 | construction_time: 6.102641 | energy: node=207247J gpu=148409J cpu=25216J (1164W)
rank 14 | iter 3 | objfunc_time: 177.966243 | solver_time: 144.675885 | construction_time: 5.467762 | energy: node=202839J gpu=143420J cpu=27024J (1140W)
rank 13 | iter 3 | objfunc_time: 177.965891 | solver_time: 144.765444 | construction_time: 5.409027 | energy: node=199733J gpu=144617J cpu=27872J (1122W)
rank 15 | iter 3 | objfunc_time: 177.964157 | solver_time: 144.854664 | construction_time: 5.322327 | energy: node=204524J gpu=146170J cpu=27836J (1149W)
rank 8 | iter 3 | objfunc_time: 177.975965 | solver_time: 169.819512 | construction_time: 6.100587 | energy: node=186848J gpu=121536J cpu=27627J (1050W)
rank 2 | iter 3 | objfunc_time: 177.963777 | solver_time: 162.677842 | construction_time: 6.099120 | energy: node=207991J gpu=151592J cpu=29885J (1169W)
rank 9 | iter 3 | objfunc_time: 177.821316 | solver_time: 169.870007 | construction_time: 6.052827 | energy: node=212547J gpu=147273J cpu=24486J (1194W)
rank 4 | iter 3 | objfunc_time: 177.964458 | solver_time: 170.970822 | construction_time: 5.721462 | energy: node=177793J gpu=123336J cpu=29943J (999W)
rank 11 | iter 3 | objfunc_time: 177.679610 | solver_time: 169.757018 | construction_time: 6.041214 | energy: node=216019J gpu=157137J cpu=23952J (1214W)
rank 7 | iter 3 | objfunc_time: 177.821318 | solver_time: 170.410569 | construction_time: 6.010302 | energy: node=209464J gpu=151197J cpu=31209J (1177W)
rank 12 | iter 3 | objfunc_time: 177.963655 | solver_time: 144.898048 | construction_time: 5.437282 | energy: node=181252J gpu=121278J cpu=33866J (1018W)
rank 5 | iter 3 | objfunc_time: 177.965617 | solver_time: 170.407340 | construction_time: 6.069901 | energy: node=208906J gpu=147480J cpu=34759J (1174W)
rank 10 | iter 3 | objfunc_time: 177.815232 | solver_time: 169.817341 | construction_time: 6.072505 | energy: node=209662J gpu=149625J cpu=27910J (1178W)
rank 1 | iter 3 | objfunc_time: 177.962563 | solver_time: 162.744767 | construction_time: 6.041946 | energy: node=215422J gpu=148041J cpu=29839J (1210W)
rank 6 | iter 3 | objfunc_time: 177.992482 | solver_time: 170.408125 | construction_time: 6.113290 | energy: node=203877J gpu=146350J cpu=27013J (1145W)
rank 0 | iter 3 | objfunc_time: 177.976223 | solver_time: 163.126579 | construction_time: 5.816095 | energy: node=182313J gpu=120680J cpu=29653J (1024W)
rank 13 | iter 4 | objfunc_time: 177.931310 | solver_time: 144.864972 | construction_time: 5.330485 | energy: node=199531J gpu=142169J cpu=27756J (1121W)
rank 0 | iter 4 | objfunc_time: 177.931333 | solver_time: 163.316763 | construction_time: 5.794749 | energy: node=182486J gpu=122558J cpu=29726J (1026W)
rank 3 | iter 4 | objfunc_time: 177.931310 | solver_time: 162.887781 | construction_time: 6.043005 | energy: node=207757J gpu=145442J cpu=25352J (1168W)
rank 15 | iter 4 | objfunc_time: 177.903800 | solver_time: 144.843520 | construction_time: 5.321267 | energy: node=204477J gpu=146972J cpu=27832J (1149W)
rank 14 | iter 4 | objfunc_time: 177.904727 | solver_time: 144.854485 | construction_time: 5.310811 | energy: node=202686J gpu=142679J cpu=27007J (1139W)
rank 8 | iter 4 | objfunc_time: 177.816106 | solver_time: 169.671377 | construction_time: 6.028177 | energy: node=186574J gpu=124997J cpu=27529J (1049W)
rank 2 | iter 4 | objfunc_time: 177.931296 | solver_time: 162.698791 | construction_time: 6.219631 | energy: node=208620J gpu=152338J cpu=29972J (1172W)
rank 4 | iter 4 | objfunc_time: 177.902646 | solver_time: 170.845742 | construction_time: 5.780535 | energy: node=178150J gpu=124288J cpu=30134J (1001W)
rank 10 | iter 4 | objfunc_time: 177.931318 | solver_time: 169.696200 | construction_time: 6.212011 | energy: node=209610J gpu=147986J cpu=27933J (1178W)
rank 5 | iter 4 | objfunc_time: 177.931290 | solver_time: 170.277513 | construction_time: 6.179679 | energy: node=209502J gpu=150900J cpu=34799J (1177W)
rank 12 | iter 4 | objfunc_time: 177.931255 | solver_time: 144.912337 | construction_time: 5.421377 | energy: node=181104J gpu=123256J cpu=33841J (1018W)
rank 7 | iter 4 | objfunc_time: 177.931325 | solver_time: 170.563623 | construction_time: 5.966290 | energy: node=210173J gpu=151636J cpu=31400J (1181W)
rank 6 | iter 4 | objfunc_time: 177.931280 | solver_time: 170.267966 | construction_time: 6.201264 | energy: node=204103J gpu=147265J cpu=27084J (1147W)
rank 9 | iter 4 | objfunc_time: 177.931285 | solver_time: 169.764140 | construction_time: 6.175785 | energy: node=212706J gpu=147455J cpu=24557J (1195W)
rank 11 | iter 4 | objfunc_time: 177.903180 | solver_time: 169.907799 | construction_time: 6.002007 | energy: node=216299J gpu=157337J cpu=23981J (1216W)
rank 1 | iter 4 | objfunc_time: 177.931317 | solver_time: 162.762227 | construction_time: 6.179903 | energy: node=215931J gpu=148210J cpu=29964J (1214W)
rank 13 | iter 5 | objfunc_time: 178.371001 | solver_time: 145.162039 | construction_time: 5.346174 | energy: node=200550J gpu=145230J cpu=27888J (1124W)
rank 14 | iter 5 | objfunc_time: 178.360487 | solver_time: 145.239207 | construction_time: 5.275065 | energy: node=203447J gpu=143063J cpu=27149J (1140W)
rank 8 | iter 5 | objfunc_time: 178.359592 | solver_time: 169.562559 | construction_time: 6.032587 | energy: node=187716J gpu=124992J cpu=27724J (1052W)
rank 0 | iter 5 | objfunc_time: 178.105031 | solver_time: 163.320435 | construction_time: 5.833899 | energy: node=183221J gpu=123989J cpu=29822J (1027W)
rank 9 | iter 5 | objfunc_time: 178.358528 | solver_time: 169.647735 | construction_time: 6.076382 | energy: node=213417J gpu=147613J cpu=24699J (1196W)
rank 11 | iter 5 | objfunc_time: 178.359011 | solver_time: 169.757409 | construction_time: 5.976063 | energy: node=216992J gpu=155303J cpu=24257J (1216W)
rank 12 | iter 5 | objfunc_time: 178.213645 | solver_time: 145.047086 | construction_time: 5.463235 | energy: node=178403J gpu=120528J cpu=33175J (1000W)
rank 2 | iter 5 | objfunc_time: 178.359209 | solver_time: 163.134575 | construction_time: 6.109563 | energy: node=209170J gpu=151479J cpu=30031J (1173W)
rank 15 | iter 5 | objfunc_time: 178.360096 | solver_time: 145.179281 | construction_time: 5.319795 | energy: node=205182J gpu=147115J cpu=28020J (1150W)
rank 7 | iter 5 | objfunc_time: 178.357084 | solver_time: 170.967005 | construction_time: 5.981174 | energy: node=210864J gpu=150896J cpu=31593J (1182W)
rank 1 | iter 5 | objfunc_time: 178.387209 | solver_time: 163.206908 | construction_time: 6.068332 | energy: node=216512J gpu=148224J cpu=30087J (1214W)
rank 10 | iter 5 | objfunc_time: 178.216873 | solver_time: 169.562517 | construction_time: 6.024444 | energy: node=210375J gpu=149836J cpu=28168J (1179W)
rank 6 | iter 5 | objfunc_time: 178.356960 | solver_time: 170.809223 | construction_time: 6.076380 | energy: node=204832J gpu=147496J cpu=27321J (1148W)
rank 5 | iter 5 | objfunc_time: 178.358277 | solver_time: 170.859392 | construction_time: 6.043361 | energy: node=210572J gpu=149813J cpu=35017J (1180W)
rank 4 | iter 5 | objfunc_time: 177.937814 | solver_time: 170.908302 | construction_time: 5.749555 | energy: node=178805J gpu=122519J cpu=30187J (1002W)
rank 3 | iter 5 | objfunc_time: 178.360845 | solver_time: 163.234296 | construction_time: 6.016329 | energy: node=208772J gpu=148875J cpu=25423J (1170W)
rank 13 | iter 6 | objfunc_time: 177.983339 | solver_time: 145.065055 | construction_time: 5.356505 | energy: node=200654J gpu=145491J cpu=27969J (1127W)
rank 14 | iter 6 | objfunc_time: 177.982743 | solver_time: 145.071352 | construction_time: 5.340063 | energy: node=203460J gpu=141612J cpu=27212J (1143W)
rank 15 | iter 6 | objfunc_time: 177.981316 | solver_time: 145.141582 | construction_time: 5.293529 | energy: node=205233J gpu=147308J cpu=28052J (1153W)
rank 4 | iter 6 | objfunc_time: 178.010053 | solver_time: 170.989438 | construction_time: 5.745931 | energy: node=178944J gpu=123731J cpu=30396J (1005W)
rank 3 | iter 6 | objfunc_time: 178.010047 | solver_time: 163.246549 | construction_time: 6.116059 | energy: node=208217J gpu=148524J cpu=25320J (1170W)
rank 8 | iter 6 | objfunc_time: 177.982303 | solver_time: 169.893373 | construction_time: 6.060650 | energy: node=187752J gpu=123804J cpu=27652J (1055W)
rank 2 | iter 6 | objfunc_time: 177.981405 | solver_time: 163.269530 | construction_time: 6.075648 | energy: node=208890J gpu=152445J cpu=30045J (1173W)
rank 10 | iter 6 | objfunc_time: 177.980672 | solver_time: 170.070103 | construction_time: 6.032053 | energy: node=210365J gpu=149586J cpu=28255J (1182W)
rank 0 | iter 6 | objfunc_time: 177.556128 | solver_time: 163.270187 | construction_time: 5.810608 | energy: node=182649J gpu=123163J cpu=29731J (1026W)
rank 5 | iter 6 | objfunc_time: 178.010038 | solver_time: 170.498727 | construction_time: 6.058242 | energy: node=210549J gpu=148662J cpu=34960J (1183W)
rank 1 | iter 6 | objfunc_time: 177.980386 | solver_time: 163.279920 | construction_time: 6.053965 | energy: node=216388J gpu=149645J cpu=29929J (1216W)
rank 11 | iter 6 | objfunc_time: 177.981868 | solver_time: 170.049188 | construction_time: 6.033318 | energy: node=217310J gpu=158185J cpu=24455J (1221W)
rank 6 | iter 6 | objfunc_time: 177.980216 | solver_time: 170.439683 | construction_time: 6.083427 | energy: node=204452J gpu=145990J cpu=27192J (1149W)
rank 9 | iter 6 | objfunc_time: 177.837091 | solver_time: 169.883791 | construction_time: 6.055313 | energy: node=213431J gpu=147451J cpu=24665J (1199W)
rank 12 | iter 6 | objfunc_time: 177.981045 | solver_time: 145.146628 | construction_time: 5.408887 | energy: node=185687J gpu=125291J cpu=34899J (1043W)
rank 7 | iter 6 | objfunc_time: 177.980768 | solver_time: 170.544141 | construction_time: 6.037226 | energy: node=210950J gpu=151450J cpu=31630J (1185W)
rank 8 | iter 7 | objfunc_time: 178.049327 | solver_time: 170.025926 | construction_time: 6.009258 | energy: node=187746J gpu=124043J cpu=27698J (1053W)
rank 15 | iter 7 | objfunc_time: 178.193524 | solver_time: 145.003529 | construction_time: 5.360542 | energy: node=205246J gpu=146629J cpu=27930J (1152W)
rank 13 | iter 7 | objfunc_time: 178.204937 | solver_time: 144.979771 | construction_time: 5.372518 | energy: node=200534J gpu=145173J cpu=27952J (1125W)
rank 2 | iter 7 | objfunc_time: 178.192078 | solver_time: 162.741162 | construction_time: 6.209256 | energy: node=208582J gpu=150816J cpu=30022J (1170W)
rank 4 | iter 7 | objfunc_time: 178.192432 | solver_time: 171.155507 | construction_time: 5.756468 | energy: node=178511J gpu=123498J cpu=30207J (1002W)
rank 11 | iter 7 | objfunc_time: 178.192196 | solver_time: 170.297081 | construction_time: 5.996802 | energy: node=217255J gpu=157435J cpu=24333J (1219W)
rank 9 | iter 7 | objfunc_time: 178.051286 | solver_time: 169.941832 | construction_time: 6.170191 | energy: node=213282J gpu=147964J cpu=24639J (1197W)
rank 0 | iter 7 | objfunc_time: 178.191502 | solver_time: 163.323372 | construction_time: 5.817981 | energy: node=179239J gpu=120149J cpu=29049J (1006W)
rank 5 | iter 7 | objfunc_time: 178.047577 | solver_time: 170.434760 | construction_time: 6.151545 | energy: node=209510J gpu=147438J cpu=34872J (1176W)
rank 12 | iter 7 | objfunc_time: 178.191518 | solver_time: 145.019791 | construction_time: 5.472832 | energy: node=181950J gpu=123375J cpu=34047J (1021W)
rank 3 | iter 7 | objfunc_time: 178.210003 | solver_time: 162.875827 | construction_time: 6.071090 | energy: node=208074J gpu=149337J cpu=25252J (1168W)
rank 1 | iter 7 | objfunc_time: 178.045148 | solver_time: 162.644500 | construction_time: 6.171884 | energy: node=215924J gpu=148912J cpu=29908J (1212W)
rank 6 | iter 7 | objfunc_time: 178.190115 | solver_time: 170.437651 | construction_time: 6.257725 | energy: node=204462J gpu=146428J cpu=27159J (1147W)
rank 14 | iter 7 | objfunc_time: 178.054632 | solver_time: 144.888062 | construction_time: 5.330305 | energy: node=203429J gpu=143245J cpu=27170J (1141W)
rank 10 | iter 7 | objfunc_time: 178.191485 | solver_time: 170.135283 | construction_time: 6.160294 | energy: node=210562J gpu=148758J cpu=28352J (1181W)
rank 7 | iter 7 | objfunc_time: 178.220475 | solver_time: 170.827047 | construction_time: 5.998455 | energy: node=210298J gpu=150556J cpu=31433J (1180W)
rank 14 | iter 8 | objfunc_time: 178.024249 | solver_time: 145.252778 | construction_time: 5.385863 | energy: node=203177J gpu=144033J cpu=27103J (1141W)
rank 13 | iter 8 | objfunc_time: 177.438045 | solver_time: 144.699883 | construction_time: 5.376296 | energy: node=199617J gpu=146008J cpu=27748J (1121W)
rank 4 | iter 8 | objfunc_time: 177.998550 | solver_time: 170.967012 | construction_time: 5.742343 | energy: node=177813J gpu=123009J cpu=30019J (999W)
rank 8 | iter 8 | objfunc_time: 178.007449 | solver_time: 170.090447 | construction_time: 6.065859 | energy: node=187307J gpu=123846J cpu=27539J (1052W)
rank 11 | iter 8 | objfunc_time: 177.853675 | solver_time: 170.168026 | construction_time: 5.985524 | energy: node=216566J gpu=157111J cpu=24321J (1216W)
rank 0 | iter 8 | objfunc_time: 177.995538 | solver_time: 163.155219 | construction_time: 5.791003 | energy: node=185582J gpu=124477J cpu=30296J (1042W)
rank 9 | iter 8 | objfunc_time: 177.575066 | solver_time: 169.786395 | construction_time: 6.072929 | energy: node=212584J gpu=148622J cpu=24396J (1194W)
rank 15 | iter 8 | objfunc_time: 178.007932 | solver_time: 145.417279 | construction_time: 5.241959 | energy: node=203513J gpu=145313J cpu=27799J (1143W)
rank 5 | iter 8 | objfunc_time: 177.995576 | solver_time: 170.521190 | construction_time: 6.021313 | energy: node=209023J gpu=147053J cpu=34825J (1174W)
rank 7 | iter 8 | objfunc_time: 178.024257 | solver_time: 170.616230 | construction_time: 6.011035 | energy: node=209847J gpu=150481J cpu=31297J (1179W)
rank 3 | iter 8 | objfunc_time: 177.994935 | solver_time: 162.632050 | construction_time: 6.107232 | energy: node=207561J gpu=148384J cpu=25249J (1166W)
rank 6 | iter 8 | objfunc_time: 177.994258 | solver_time: 170.318198 | construction_time: 6.172278 | energy: node=203976J gpu=147150J cpu=26997J (1146W)
rank 1 | iter 8 | objfunc_time: 177.994718 | solver_time: 162.757475 | construction_time: 6.035222 | energy: node=215525J gpu=148240J cpu=29800J (1211W)
rank 10 | iter 8 | objfunc_time: 178.024248 | solver_time: 170.291018 | construction_time: 6.012931 | energy: node=210225J gpu=149840J cpu=28236J (1181W)
rank 2 | iter 8 | objfunc_time: 177.996661 | solver_time: 162.697034 | construction_time: 6.082084 | energy: node=207983J gpu=152675J cpu=29890J (1168W)
rank 12 | iter 8 | objfunc_time: 177.995230 | solver_time: 145.326591 | construction_time: 5.444422 | energy: node=181641J gpu=122243J cpu=34060J (1020W)
rank 14 | iter 9 | objfunc_time: 177.864615 | solver_time: 144.782533 | construction_time: 5.371133 | energy: node=202895J gpu=142759J cpu=27066J (1141W)
rank 13 | iter 9 | objfunc_time: 177.864234 | solver_time: 144.774576 | construction_time: 5.365422 | energy: node=199775J gpu=145027J cpu=27745J (1123W)
rank 1 | iter 9 | objfunc_time: 177.891278 | solver_time: 162.821630 | construction_time: 6.052684 | energy: node=215230J gpu=146096J cpu=29820J (1210W)
rank 2 | iter 9 | objfunc_time: 177.891282 | solver_time: 162.798196 | construction_time: 6.070482 | energy: node=207558J gpu=151947J cpu=29789J (1167W)
rank 3 | iter 9 | objfunc_time: 177.861680 | solver_time: 162.648944 | construction_time: 6.155767 | energy: node=207056J gpu=149440J cpu=25148J (1164W)
rank 9 | iter 9 | objfunc_time: 177.862576 | solver_time: 169.822082 | construction_time: 6.057887 | energy: node=212717J gpu=145957J cpu=24464J (1196W)
rank 7 | iter 9 | objfunc_time: 177.862124 | solver_time: 170.298124 | construction_time: 6.132307 | energy: node=209598J gpu=150711J cpu=31193J (1178W)
rank 6 | iter 9 | objfunc_time: 177.861341 | solver_time: 170.264354 | construction_time: 6.110664 | energy: node=201285J gpu=145656J cpu=26600J (1132W)
rank 4 | iter 9 | objfunc_time: 177.862233 | solver_time: 170.824744 | construction_time: 5.755997 | energy: node=177182J gpu=124487J cpu=29838J (996W)
rank 0 | iter 9 | objfunc_time: 177.862751 | solver_time: 163.217080 | construction_time: 5.804393 | energy: node=181762J gpu=122145J cpu=29510J (1022W)
rank 11 | iter 9 | objfunc_time: 177.718931 | solver_time: 169.697347 | construction_time: 6.044539 | energy: node=216262J gpu=155292J cpu=24366J (1216W)
rank 15 | iter 9 | objfunc_time: 177.862397 | solver_time: 144.912302 | construction_time: 5.241295 | energy: node=205680J gpu=146284J cpu=28095J (1156W)
rank 10 | iter 9 | objfunc_time: 177.891280 | solver_time: 169.879190 | construction_time: 6.038682 | energy: node=209757J gpu=150518J cpu=28077J (1179W)
rank 12 | iter 9 | objfunc_time: 177.891285 | solver_time: 144.875773 | construction_time: 5.423141 | energy: node=181411J gpu=124276J cpu=33822J (1020W)
rank 8 | iter 9 | objfunc_time: 177.719212 | solver_time: 169.567483 | construction_time: 6.048414 | energy: node=186920J gpu=124289J cpu=27470J (1051W)
rank 5 | iter 9 | objfunc_time: 177.862206 | solver_time: 170.358905 | construction_time: 6.050164 | energy: node=208703J gpu=147767J cpu=34616J (1173W)
rank 13 | iter 10 | objfunc_time: 177.904922 | solver_time: 145.001916 | construction_time: 5.285033 | energy: node=199261J gpu=144470J cpu=27662J (1120W)
rank 4 | iter 10 | objfunc_time: 177.902846 | solver_time: 170.828035 | construction_time: 5.767322 | energy: node=177246J gpu=124714J cpu=29781J (996W)
rank 0 | iter 10 | objfunc_time: 177.902641 | solver_time: 163.260587 | construction_time: 5.815870 | energy: node=181519J gpu=124289J cpu=29503J (1020W)
rank 9 | iter 10 | objfunc_time: 177.902623 | solver_time: 169.488713 | construction_time: 6.159890 | energy: node=212682J gpu=147445J cpu=24440J (1195W)
rank 11 | iter 10 | objfunc_time: 177.902709 | solver_time: 169.677308 | construction_time: 5.979910 | energy: node=216268J gpu=158138J cpu=24298J (1215W)
rank 2 | iter 10 | objfunc_time: 177.903874 | solver_time: 162.700026 | construction_time: 6.207007 | energy: node=207545J gpu=151690J cpu=29772J (1166W)
rank 14 | iter 10 | objfunc_time: 177.914838 | solver_time: 144.848020 | construction_time: 5.386397 | energy: node=202795J gpu=143509J cpu=27027J (1140W)
rank 6 | iter 10 | objfunc_time: 177.901033 | solver_time: 170.203745 | construction_time: 6.227823 | energy: node=206884J gpu=151135J cpu=27373J (1163W)
rank 15 | iter 10 | objfunc_time: 177.902733 | solver_time: 145.111258 | construction_time: 5.191409 | energy: node=204418J gpu=144369J cpu=27888J (1149W)
rank 3 | iter 10 | objfunc_time: 177.901670 | solver_time: 162.832675 | construction_time: 6.049951 | energy: node=206899J gpu=147122J cpu=25091J (1163W)
rank 1 | iter 10 | objfunc_time: 177.901876 | solver_time: 162.717080 | construction_time: 6.179083 | energy: node=214942J gpu=147733J cpu=29791J (1208W)
rank 7 | iter 10 | objfunc_time: 177.902300 | solver_time: 170.503354 | construction_time: 5.991681 | energy: node=209346J gpu=149046J cpu=31225J (1177W)
rank 8 | iter 10 | objfunc_time: 177.763636 | solver_time: 169.386275 | construction_time: 6.003964 | energy: node=186613J gpu=124834J cpu=27413J (1049W)
rank 5 | iter 10 | objfunc_time: 177.931263 | solver_time: 170.333235 | construction_time: 6.135225 | energy: node=208339J gpu=147504J cpu=34544J (1171W)
rank 10 | iter 10 | objfunc_time: 177.902248 | solver_time: 169.524287 | construction_time: 6.140680 | energy: node=209512J gpu=148195J cpu=28137J (1177W)
rank 12 | iter 10 | objfunc_time: 177.902060 | solver_time: 144.970888 | construction_time: 5.434235 | energy: node=181006J gpu=123691J cpu=33750J (1017W)
rank 14 | iter 11 | objfunc_time: 177.938941 | solver_time: 144.666381 | construction_time: 5.390422 | energy: node=202667J gpu=141645J cpu=27048J (1139W)
rank 15 | iter 11 | objfunc_time: 177.938403 | solver_time: 144.807507 | construction_time: 5.287673 | energy: node=204249J gpu=145915J cpu=27833J (1148W)
rank 13 | iter 11 | objfunc_time: 177.940842 | solver_time: 144.819202 | construction_time: 5.288103 | energy: node=199389J gpu=144848J cpu=27646J (1120W)
rank 4 | iter 11 | objfunc_time: 177.942487 | solver_time: 170.713454 | construction_time: 5.898816 | energy: node=177442J gpu=123297J cpu=29746J (997W)
rank 2 | iter 11 | objfunc_time: 177.939150 | solver_time: 162.594037 | construction_time: 6.089967 | energy: node=207569J gpu=152351J cpu=29781J (1166W)
rank 9 | iter 11 | objfunc_time: 177.939534 | solver_time: 170.038199 | construction_time: 6.052728 | energy: node=212539J gpu=146663J cpu=24421J (1194W)
rank 6 | iter 11 | objfunc_time: 177.938787 | solver_time: 170.441831 | construction_time: 6.034695 | energy: node=200939J gpu=146148J cpu=26514J (1129W)
rank 0 | iter 11 | objfunc_time: 177.939424 | solver_time: 163.062280 | construction_time: 5.813383 | energy: node=181657J gpu=120894J cpu=29383J (1021W)
rank 12 | iter 11 | objfunc_time: 177.968022 | solver_time: 144.804252 | construction_time: 5.445191 | energy: node=181095J gpu=123291J cpu=33703J (1018W)
rank 3 | iter 11 | objfunc_time: 177.938985 | solver_time: 162.594994 | construction_time: 6.072288 | energy: node=206937J gpu=146508J cpu=25076J (1163W)
rank 8 | iter 11 | objfunc_time: 177.938382 | solver_time: 169.785880 | construction_time: 6.132239 | energy: node=186768J gpu=121725J cpu=27469J (1049W)
rank 1 | iter 11 | objfunc_time: 177.938436 | solver_time: 162.621514 | construction_time: 6.065272 | energy: node=215010J gpu=147813J cpu=29725J (1208W)
rank 10 | iter 11 | objfunc_time: 177.938757 | solver_time: 170.060690 | construction_time: 6.058517 | energy: node=209667J gpu=149420J cpu=28096J (1178W)
  Mean: 178.3316s
  Std:  0.2480s
  Node energy/grad: 182442.3 J
  GPU energy/grad:  122684.6 J
  Other energy/grad: 30088.3 J

======================================================================
Benchmark completed
Results written to: /capstor/scratch/cscs/aboudaou/workspace/dalia/artifact/plotting/data/fig6_raw_results.csv
======================================================================
rank 7 | iter 11 | objfunc_time: 177.938748 | solver_time: 170.567166 | construction_time: 5.969004 | energy: node=209828J gpu=148988J cpu=31309J (1179W)
rank 11 | iter 11 | objfunc_time: 177.795740 | solver_time: 169.991452 | construction_time: 5.980584 | energy: node=216418J gpu=155734J cpu=24319J (1216W)
rank 5 | iter 11 | objfunc_time: 177.654253 | solver_time: 170.152591 | construction_time: 6.042828 | energy: node=208396J gpu=147607J cpu=34558J (1171W)
Job finished at Sat 14 Mar 2026 11:20:18 PM CET
