Parsed parameters:
  max_iter: 250
  solver_min_p: 4
  profile: False
  precision: float64
  benchmark_mode: True
  n_benchmark_runs: 10
  benchmark_method: finite_diff
  output_csv: /capstor/scratch/cscs/aboudaou/workspace/dalia/artifact/plotting/data/fig6_raw_results.csv
--- wa2: Coregional (3-variate) Spatio-Temporal Model (distributed, 4 nodes) ---
Distributed solver slicing: [12, 12, 12, 12]

___________________________________ 
___  __ \__    |__  /____  _/__    |
__  / / /_  /| |_  /  __  / __  /| |
_  /_/ /_  ___ |  /____/ /  _  ___ |
/_____/ /_/  |_/_____/___/  /_/  |_|

╔═══════════════════════════════════════════════════════╗
║               Parallelization strategies              ║
║ ╒═══════════════════════════════════════════╤═══════╕ ║
║ │ Participating Processes / Total Processes │ 4 / 4 │ ║
║ ├───────────────────────────────────────────┼───────┤ ║
║ │ Parallelization through F()               │   1   │ ║
║ ├───────────────────────────────────────────┼───────┤ ║
║ │ Parallelization through Q()               │   1   │ ║
║ ├───────────────────────────────────────────┼───────┤ ║
║ │ Parallelization through S()               │   4   │ ║
║ ╘═══════════════════════════════════════════╧═══════╛ ║
╚═══════════════════════════════════════════════════════╝
╔═══════════════════════════════╗
║  Enabled Performance modules  ║
║ ╒═══════════════════╤═══════╕ ║
║ │ Array module      │ cupy  │ ║
║ ├───────────────────┼───────┤ ║
║ │ MPI available     │ True  │ ║
║ ├───────────────────┼───────┤ ║
║ │ Is MPI CUDA aware │ False │ ║
║ ├───────────────────┼───────┤ ║
║ │ Is NCCL available │ False │ ║
║ ╘═══════════════════╧═══════╛ ║
╚═══════════════════════════════╝
╔═══════════════════════════════════════╗
║             Memory Report             ║
║ ╒════════════════════════╤══════════╕ ║
║ │ Solver memory          │ 70.15 GB │ ║
║ ├────────────────────────┼──────────┤ ║
║ │ Total memory used      │ 72.66 GB │ ║
║ ├────────────────────────┼──────────┤ ║
║ │ Total memory available │ 72.72 GB │ ║
║ ╘════════════════════════╧══════════╛ ║
╚═══════════════════════════════════════╝
DALIA initialized.
Parsed parameters:
  max_iter: 250
  solver_min_p: 4
  profile: False
  precision: float64
  benchmark_mode: True
  n_benchmark_runs: 10
  benchmark_method: finite_diff
  output_csv: /capstor/scratch/cscs/aboudaou/workspace/dalia/artifact/plotting/data/fig6_raw_results.csv
rank 2 | iter 1 | objfunc_time: 643.007396 | solver_time: 613.925301 | construction_time: 23.576016 | energy: node=781094J gpu=556546J cpu=101838J (1215W)
Parsed parameters:
  max_iter: 250
  solver_min_p: 4
  profile: False
  precision: float64
  benchmark_mode: True
  n_benchmark_runs: 10
  benchmark_method: finite_diff
  output_csv: /capstor/scratch/cscs/aboudaou/workspace/dalia/artifact/plotting/data/fig6_raw_results.csv
rank 1 | iter 1 | objfunc_time: 643.007394 | solver_time: 613.683098 | construction_time: 23.745662 | energy: node=771219J gpu=550547J cpu=104354J (1199W)
Parsed parameters:
  max_iter: 250
  solver_min_p: 4
  profile: False
  precision: float64
  benchmark_mode: True
  n_benchmark_runs: 10
  benchmark_method: finite_diff
  output_csv: /capstor/scratch/cscs/aboudaou/workspace/dalia/artifact/plotting/data/fig6_raw_results.csv
rank 3 | iter 1 | objfunc_time: 643.007382 | solver_time: 608.918907 | construction_time: 27.822930 | energy: node=751357J gpu=553483J cpu=118219J (1169W)

======================================================================
GRADIENT BENCHMARK: wa2
======================================================================
Nodes: 4, Tasks: 4
Hyperparameters: 15
Benchmark runs: 10
Energy monitor: enabled (Cray PM counters)

Timing finite difference gradient...
Allocated an extra 0.17 GB for BTA_mapping caching (total: 70.31)
rank 0 | iter 1 | objfunc_time: 643.007381 | solver_time: 613.693381 | construction_time: 23.391643 | energy: node=659460J gpu=468370J cpu=137669J (1026W)
rank 3 | iter 2 | objfunc_time: 642.213084 | solver_time: 608.631793 | construction_time: 27.307120 | energy: node=748279J gpu=552361J cpu=116974J (1165W)
rank 0 | iter 2 | objfunc_time: 642.243393 | solver_time: 613.035490 | construction_time: 23.267938 | energy: node=655555J gpu=467257J cpu=136921J (1021W)
rank 1 | iter 2 | objfunc_time: 642.214151 | solver_time: 612.763026 | construction_time: 23.852334 | energy: node=765666J gpu=547911J cpu=103389J (1192W)
rank 2 | iter 2 | objfunc_time: 642.216612 | solver_time: 612.848108 | construction_time: 23.807975 | energy: node=777550J gpu=555118J cpu=101345J (1211W)
rank 1 | iter 3 | objfunc_time: 641.319279 | solver_time: 611.992751 | construction_time: 23.801140 | energy: node=766138J gpu=549560J cpu=103384J (1195W)
rank 2 | iter 3 | objfunc_time: 641.348368 | solver_time: 612.296362 | construction_time: 23.604911 | energy: node=774673J gpu=552142J cpu=100756J (1208W)
rank 3 | iter 3 | objfunc_time: 641.320817 | solver_time: 607.974585 | construction_time: 27.077814 | energy: node=745717J gpu=551137J cpu=116240J (1163W)
rank 0 | iter 3 | objfunc_time: 641.173452 | solver_time: 611.924470 | construction_time: 23.361508 | energy: node=653307J gpu=465995J cpu=136306J (1019W)
rank 2 | iter 4 | objfunc_time: 642.081441 | solver_time: 613.118892 | construction_time: 23.514369 | energy: node=776385J gpu=554163J cpu=101039J (1209W)
rank 0 | iter 4 | objfunc_time: 642.246654 | solver_time: 612.972159 | construction_time: 23.328143 | energy: node=654476J gpu=465028J cpu=136245J (1019W)
rank 1 | iter 4 | objfunc_time: 642.219889 | solver_time: 613.076447 | construction_time: 23.637258 | energy: node=765847J gpu=549142J cpu=103440J (1192W)
rank 3 | iter 4 | objfunc_time: 642.215950 | solver_time: 608.002222 | construction_time: 27.817603 | energy: node=747255J gpu=548082J cpu=116810J (1164W)
rank 2 | iter 5 | objfunc_time: 641.721839 | solver_time: 612.726703 | construction_time: 23.514797 | energy: node=778326J gpu=553855J cpu=101529J (1213W)
rank 0 | iter 5 | objfunc_time: 641.720301 | solver_time: 612.419094 | construction_time: 23.380309 | energy: node=655744J gpu=466294J cpu=136446J (1022W)
rank 3 | iter 5 | objfunc_time: 641.748804 | solver_time: 608.246016 | construction_time: 27.211718 | energy: node=749344J gpu=551082J cpu=117307J (1168W)
rank 1 | iter 5 | objfunc_time: 641.430665 | solver_time: 611.966035 | construction_time: 23.838832 | energy: node=768405J gpu=549381J cpu=103599J (1197W)
rank 1 | iter 6 | objfunc_time: 641.439148 | solver_time: 612.106992 | construction_time: 23.742826 | energy: node=765755J gpu=546513J cpu=103326J (1194W)
rank 3 | iter 6 | objfunc_time: 641.409002 | solver_time: 607.805218 | construction_time: 27.315699 | energy: node=744455J gpu=550498J cpu=116163J (1161W)
rank 2 | iter 6 | objfunc_time: 641.412224 | solver_time: 612.315529 | construction_time: 23.578845 | energy: node=775641J gpu=555760J cpu=100947J (1209W)
rank 0 | iter 6 | objfunc_time: 641.266705 | solver_time: 612.026245 | construction_time: 23.297756 | energy: node=653057J gpu=467593J cpu=135591J (1018W)
