=== Framework comparison: gst_medium ===
Parsed parameters:
  max_iter: 250
  solver_min_p: 1
  profile: False
  precision: float64
  output_dir: /capstor/scratch/cscs/aboudaou/workspace/dalia/artifact/experiments/fig4_framework_decomposition/gst_medium/../results
--- gst_medium: Gaussian Spatio-Temporal Model ---
Using JAX automatic differentiation with JIT compilation (Gaussian likelihood)
JIT compiling objective + gradient...
JIT compilation done in 11.0s.

___________________________________ 
___  __ \__    |__  /____  _/__    |
__  / / /_  /| |_  /  __  / __  /| |
_  /_/ /_  ___ |  /____/ /  _  ___ |
/_____/ /_/  |_/_____/___/  /_/  |_|

╔═══════════════════════════════════════════════════════╗
║               Parallelization strategies              ║
║ ╒═══════════════════════════════════════════╤═══════╕ ║
║ │ Participating Processes / Total Processes │ 1 / 1 │ ║
║ ├───────────────────────────────────────────┼───────┤ ║
║ │ Parallelization through F()               │   1   │ ║
║ ├───────────────────────────────────────────┼───────┤ ║
║ │ Parallelization through Q()               │   1   │ ║
║ ├───────────────────────────────────────────┼───────┤ ║
║ │ Parallelization through S()               │   1   │ ║
║ ╘═══════════════════════════════════════════╧═══════╛ ║
╚═══════════════════════════════════════════════════════╝
╔═══════════════════════════════╗
║  Enabled Performance modules  ║
║ ╒═══════════════════╤═══════╕ ║
║ │ Array module      │ cupy  │ ║
║ ├───────────────────┼───────┤ ║
║ │ MPI available     │ True  │ ║
║ ├───────────────────┼───────┤ ║
║ │ Is MPI CUDA aware │ False │ ║
║ ├───────────────────┼───────┤ ║
║ │ Is NCCL available │ False │ ║
║ ╘═══════════════════╧═══════╛ ║
╚═══════════════════════════════╝
╔════════════════════════════════════════╗
║             Memory Report              ║
║ ╒════════════════════════╤═══════════╕ ║
║ │ Solver memory          │  0.00 B   │ ║
║ ├────────────────────────┼───────────┤ ║
║ │ Total memory used      │ 113.37 MB │ ║
║ ├────────────────────────┼───────────┤ ║
║ │ Total memory available │ 130.82 MB │ ║
║ ╘════════════════════════╧═══════════╛ ║
╚════════════════════════════════════════╝
DALIA initialized.

___________________________________ 
___  __ \__    |__  /____  _/__    |
__  / / /_  /| |_  /  __  / __  /| |
_  /_/ /_  ___ |  /____/ /  _  ___ |
/_____/ /_/  |_/_____/___/  /_/  |_|

╔═══════════════════════════════════════════════════════╗
║               Parallelization strategies              ║
║ ╒═══════════════════════════════════════════╤═══════╕ ║
║ │ Participating Processes / Total Processes │ 1 / 1 │ ║
║ ├───────────────────────────────────────────┼───────┤ ║
║ │ Parallelization through F()               │   1   │ ║
║ ├───────────────────────────────────────────┼───────┤ ║
║ │ Parallelization through Q()               │   1   │ ║
║ ├───────────────────────────────────────────┼───────┤ ║
║ │ Parallelization through S()               │   1   │ ║
║ ╘═══════════════════════════════════════════╧═══════╛ ║
╚═══════════════════════════════════════════════════════╝
╔═══════════════════════════════╗
║  Enabled Performance modules  ║
║ ╒═══════════════════╤═══════╕ ║
║ │ Array module      │ cupy  │ ║
║ ├───────────────────┼───────┤ ║
║ │ MPI available     │ True  │ ║
║ ├───────────────────┼───────┤ ║
║ │ Is MPI CUDA aware │ False │ ║
║ ├───────────────────┼───────┤ ║
║ │ Is NCCL available │ False │ ║
║ ╘═══════════════════╧═══════╛ ║
╚═══════════════════════════════╝
╔═════════════════════════════════════════╗
║              Memory Report              ║
║ ╒════════════════════════╤════════════╕ ║
║ │ Solver memory          │ 1004.77 MB │ ║
║ ├────────────────────────┼────────────┤ ║
║ │ Total memory used      │  1.15 GB   │ ║
║ ├────────────────────────┼────────────┤ ║
║ │ Total memory available │  1.15 GB   │ ║
║ ╘════════════════════════╧════════════╛ ║
╚═════════════════════════════════════════╝
DALIA initialized.
Allocated an extra 0.03 GB for BTA_mapping caching (total: 1.01)
Allocated an extra 0.03 GB for BT_mapping caching (total: 1.04)

Framework comparison: gst_medium
  JAX forward:   0.303245 +/- 0.000100s
  CuPy forward:  0.302056 +/- 0.000405s
  r (CuPy/JAX):  1.00
  JAX gradient:  0.699679 +/- 0.000182s
  JAX backward:  0.396433s (total - forward)
  Written to: /capstor/scratch/cscs/aboudaou/workspace/dalia/artifact/experiments/fig4_framework_decomposition/gst_medium/../results/single_eval_comparison.csv
rank 0 | iter 1 | objfunc_time: 2.714400 | solver_time: 2.015629 | construction_time: 0.417491
rank 0 | iter 2 | objfunc_time: 2.720082 | solver_time: 2.017368 | construction_time: 0.417867
rank 0 | iter 3 | objfunc_time: 2.719083 | solver_time: 2.016154 | construction_time: 0.418616
rank 0 | iter 4 | objfunc_time: 2.722930 | solver_time: 2.016591 | construction_time: 0.418698
rank 0 | iter 5 | objfunc_time: 2.715953 | solver_time: 2.015490 | construction_time: 0.418157
rank 0 | iter 6 | objfunc_time: 2.719189 | solver_time: 2.017712 | construction_time: 0.418375
rank 0 | iter 7 | objfunc_time: 2.717879 | solver_time: 2.016815 | construction_time: 0.418363
rank 0 | iter 8 | objfunc_time: 2.719155 | solver_time: 2.015962 | construction_time: 0.418953
rank 0 | iter 9 | objfunc_time: 2.719070 | solver_time: 2.017139 | construction_time: 0.418816
rank 0 | iter 10 | objfunc_time: 2.721025 | solver_time: 2.018130 | construction_time: 0.419406
rank 0 | iter 11 | objfunc_time: 2.806255 | solver_time: 2.067118 | construction_time: 0.432088
  Written to: /capstor/scratch/cscs/aboudaou/workspace/dalia/artifact/experiments/fig4_framework_decomposition/gst_medium/../results/memory_breakdown.csv
Job finished at Sun 15 Mar 2026 03:37:45 PM CET
