=== Framework comparison: gst_coreg3_small ===
Parsed parameters:
  max_iter: 250
  solver_min_p: 1
  profile: False
  precision: float64
  output_dir: ./../results
--- gst_coreg3_small: Coregional (3-variate) Spatio-Temporal Model ---
Using JAX automatic differentiation with JIT compilation (CoregionalModel, 3 variates)

___________________________________ 
___  __ \__    |__  /____  _/__    |
__  / / /_  /| |_  /  __  / __  /| |
_  /_/ /_  ___ |  /____/ /  _  ___ |
/_____/ /_/  |_/_____/___/  /_/  |_|

╔═══════════════════════════════════════════════════════╗
║               Parallelization strategies              ║
║ ╒═══════════════════════════════════════════╤═══════╕ ║
║ │ Participating Processes / Total Processes │ 1 / 1 │ ║
║ ├───────────────────────────────────────────┼───────┤ ║
║ │ Parallelization through F()               │   1   │ ║
║ ├───────────────────────────────────────────┼───────┤ ║
║ │ Parallelization through Q()               │   1   │ ║
║ ├───────────────────────────────────────────┼───────┤ ║
║ │ Parallelization through S()               │   1   │ ║
║ ╘═══════════════════════════════════════════╧═══════╛ ║
╚═══════════════════════════════════════════════════════╝
╔═══════════════════════════════╗
║  Enabled Performance modules  ║
║ ╒═══════════════════╤═══════╕ ║
║ │ Array module      │ cupy  │ ║
║ ├───────────────────┼───────┤ ║
║ │ MPI available     │ True  │ ║
║ ├───────────────────┼───────┤ ║
║ │ Is MPI CUDA aware │ False │ ║
║ ├───────────────────┼───────┤ ║
║ │ Is NCCL available │ False │ ║
║ ╘═══════════════════╧═══════╛ ║
╚═══════════════════════════════╝
╔═══════════════════════════════════════╗
║             Memory Report             ║
║ ╒════════════════════════╤══════════╕ ║
║ │ Solver memory          │  0.00 B  │ ║
║ ├────────────────────────┼──────────┤ ║
║ │ Total memory used      │ 66.09 MB │ ║
║ ├────────────────────────┼──────────┤ ║
║ │ Total memory available │ 72.98 MB │ ║
║ ╘════════════════════════╧══════════╛ ║
╚═══════════════════════════════════════╝
DALIA initialized.

___________________________________ 
___  __ \__    |__  /____  _/__    |
__  / / /_  /| |_  /  __  / __  /| |
_  /_/ /_  ___ |  /____/ /  _  ___ |
/_____/ /_/  |_/_____/___/  /_/  |_|

╔═══════════════════════════════════════════════════════╗
║               Parallelization strategies              ║
║ ╒═══════════════════════════════════════════╤═══════╕ ║
║ │ Participating Processes / Total Processes │ 1 / 1 │ ║
║ ├───────────────────────────────────────────┼───────┤ ║
║ │ Parallelization through F()               │   1   │ ║
║ ├───────────────────────────────────────────┼───────┤ ║
║ │ Parallelization through Q()               │   1   │ ║
║ ├───────────────────────────────────────────┼───────┤ ║
║ │ Parallelization through S()               │   1   │ ║
║ ╘═══════════════════════════════════════════╧═══════╛ ║
╚═══════════════════════════════════════════════════════╝
╔═══════════════════════════════╗
║  Enabled Performance modules  ║
║ ╒═══════════════════╤═══════╕ ║
║ │ Array module      │ cupy  │ ║
║ ├───────────────────┼───────┤ ║
║ │ MPI available     │ True  │ ║
║ ├───────────────────┼───────┤ ║
║ │ Is MPI CUDA aware │ False │ ║
║ ├───────────────────┼───────┤ ║
║ │ Is NCCL available │ False │ ║
║ ╘═══════════════════╧═══════╛ ║
╚═══════════════════════════════╝
╔════════════════════════════════════════╗
║             Memory Report              ║
║ ╒════════════════════════╤═══════════╕ ║
║ │ Solver memory          │ 129.27 MB │ ║
║ ├────────────────────────┼───────────┤ ║
║ │ Total memory used      │ 228.40 MB │ ║
║ ├────────────────────────┼───────────┤ ║
║ │ Total memory available │ 231.19 MB │ ║
║ ╘════════════════════════╧═══════════╛ ║
╚════════════════════════════════════════╝
DALIA initialized.
Allocated an extra 0.01 GB for BTA_mapping caching (total: 0.13)
Allocated an extra 0.01 GB for BT_mapping caching (total: 0.14)

Framework comparison: gst_coreg3_small
  JAX forward:   0.100024 +/- 0.002639s
  CuPy forward:  0.816479 +/- 0.011643s
  r (CuPy/JAX):  8.16
  JAX gradient:  0.162510 +/- 0.004796s
  JAX backward:  0.062487s (total - forward)
  Written to: ./../results/single_eval_comparison.csv
rank 0 | iter 1 | objfunc_time: 25.049284 | solver_time: 2.736186 | construction_time: 18.135258
rank 0 | iter 2 | objfunc_time: 25.129489 | solver_time: 2.701127 | construction_time: 18.202692
rank 0 | iter 3 | objfunc_time: 25.179195 | solver_time: 2.735004 | construction_time: 18.140731
rank 0 | iter 4 | objfunc_time: 25.026358 | solver_time: 2.724997 | construction_time: 18.086192
rank 0 | iter 5 | objfunc_time: 25.055628 | solver_time: 2.667255 | construction_time: 18.147886
rank 0 | iter 6 | objfunc_time: 25.082986 | solver_time: 2.728804 | construction_time: 18.129285
rank 0 | iter 7 | objfunc_time: 25.283072 | solver_time: 2.706398 | construction_time: 18.281772
rank 0 | iter 8 | objfunc_time: 24.950052 | solver_time: 2.726530 | construction_time: 18.003129
rank 0 | iter 9 | objfunc_time: 25.126313 | solver_time: 2.724454 | construction_time: 18.194004
rank 0 | iter 10 | objfunc_time: 24.942192 | solver_time: 2.740002 | construction_time: 18.003128
rank 0 | iter 11 | objfunc_time: 25.045147 | solver_time: 2.809228 | construction_time: 18.058892
  Written to: ./../results/memory_breakdown.csv
Job finished at Fri 13 Mar 2026 07:14:10 PM CET
