W0315 19:09:25.631416  228801 cuda_executor.cc:1802] GPU interconnect information not available: INTERNAL: NVML doesn't support extracting fabric info or NVLink is not used by the device.
W0315 19:09:25.664947  228016 cuda_executor.cc:1802] GPU interconnect information not available: INTERNAL: NVML doesn't support extracting fabric info or NVLink is not used by the device.
E0315 19:09:42.668886  229114 slow_operation_alarm.cc:73] Constant folding an instruction is taking > 1s:

  %scatter-add.84 = f64[81206]{0} scatter(%broadcast.102, %constant.1200, %constant.1636), update_window_dims={1}, inserted_window_dims={}, scatter_dims_to_operand_dims={0}, index_vector_dim=1, to_apply=%region_1.6, metadata={op_name="jit(objective_pure_jax)/jvp()/scatter-add" source_file="/capstor/scratch/cscs/aboudaou/workspace/dalia/DALIA/src/dalia/core/autodiff/objectives_univariate.py" source_line=639 source_end_line=639 source_column=26 source_end_column=36}

This isn't necessarily a bug; constant-folding is inherently a trade-off between compilation time and speed at runtime. XLA has some guards that attempt to keep constant folding from taking too long, but fundamentally you'll always be able to come up with an input program that takes a long time.

If you'd like to file a bug, run with envvar XLA_FLAGS=--xla_dump_to=/tmp/foo and attach the results.
E0315 19:09:45.450044  228016 slow_operation_alarm.cc:140] The operation took 3.781225072s
Constant folding an instruction is taking > 1s:

  %scatter-add.84 = f64[81206]{0} scatter(%broadcast.102, %constant.1200, %constant.1636), update_window_dims={1}, inserted_window_dims={}, scatter_dims_to_operand_dims={0}, index_vector_dim=1, to_apply=%region_1.6, metadata={op_name="jit(objective_pure_jax)/jvp()/scatter-add" source_file="/capstor/scratch/cscs/aboudaou/workspace/dalia/DALIA/src/dalia/core/autodiff/objectives_univariate.py" source_line=639 source_end_line=639 source_column=26 source_end_column=36}

This isn't necessarily a bug; constant-folding is inherently a trade-off between compilation time and speed at runtime. XLA has some guards that attempt to keep constant folding from taking too long, but fundamentally you'll always be able to come up with an input program that takes a long time.

If you'd like to file a bug, run with envvar XLA_FLAGS=--xla_dump_to=/tmp/foo and attach the results.
E0315 19:09:54.105373  229114 slow_operation_alarm.cc:73] Constant folding an instruction is taking > 2s:

  %scatter-add.84 = f64[81206]{0} scatter(%broadcast.102, %constant.1200, %constant.1636), update_window_dims={1}, inserted_window_dims={}, scatter_dims_to_operand_dims={0}, index_vector_dim=1, to_apply=%region_1.6, metadata={op_name="jit(objective_pure_jax)/jvp()/scatter-add" source_file="/capstor/scratch/cscs/aboudaou/workspace/dalia/DALIA/src/dalia/core/autodiff/objectives_univariate.py" source_line=639 source_end_line=639 source_column=26 source_end_column=36}

This isn't necessarily a bug; constant-folding is inherently a trade-off between compilation time and speed at runtime. XLA has some guards that attempt to keep constant folding from taking too long, but fundamentally you'll always be able to come up with an input program that takes a long time.

If you'd like to file a bug, run with envvar XLA_FLAGS=--xla_dump_to=/tmp/foo and attach the results.
E0315 19:09:55.776654  228016 slow_operation_alarm.cc:140] The operation took 3.671372599s
Constant folding an instruction is taking > 2s:

  %scatter-add.84 = f64[81206]{0} scatter(%broadcast.102, %constant.1200, %constant.1636), update_window_dims={1}, inserted_window_dims={}, scatter_dims_to_operand_dims={0}, index_vector_dim=1, to_apply=%region_1.6, metadata={op_name="jit(objective_pure_jax)/jvp()/scatter-add" source_file="/capstor/scratch/cscs/aboudaou/workspace/dalia/DALIA/src/dalia/core/autodiff/objectives_univariate.py" source_line=639 source_end_line=639 source_column=26 source_end_column=36}

This isn't necessarily a bug; constant-folding is inherently a trade-off between compilation time and speed at runtime. XLA has some guards that attempt to keep constant folding from taking too long, but fundamentally you'll always be able to come up with an input program that takes a long time.

If you'd like to file a bug, run with envvar XLA_FLAGS=--xla_dump_to=/tmp/foo and attach the results.
