=== Framework comparison: sa1 (AD only) ===
Parsed parameters:
  max_iter: 250
  solver_min_p: 1
  profile: False
  precision: float64
  output_dir: /capstor/scratch/cscs/aboudaou/workspace/dalia/artifact/experiments/fig4_framework_decomposition/sa1/../results
--- sa1: Coregional (3-variate) Spatio-Temporal Model (distributed) ---
Using JAX automatic differentiation with JIT compilation (CoregionalModel, 3 variates)
JIT compiling coregional objective + gradient...
JIT compilation done in 229.0s.

___________________________________ 
___  __ \__    |__  /____  _/__    |
__  / / /_  /| |_  /  __  / __  /| |
_  /_/ /_  ___ |  /____/ /  _  ___ |
/_____/ /_/  |_/_____/___/  /_/  |_|

╔═══════════════════════════════════════════════════════╗
║               Parallelization strategies              ║
║ ╒═══════════════════════════════════════════╤═══════╕ ║
║ │ Participating Processes / Total Processes │ 1 / 1 │ ║
║ ├───────────────────────────────────────────┼───────┤ ║
║ │ Parallelization through F()               │   1   │ ║
║ ├───────────────────────────────────────────┼───────┤ ║
║ │ Parallelization through Q()               │   1   │ ║
║ ├───────────────────────────────────────────┼───────┤ ║
║ │ Parallelization through S()               │   1   │ ║
║ ╘═══════════════════════════════════════════╧═══════╛ ║
╚═══════════════════════════════════════════════════════╝
╔═══════════════════════════════╗
║  Enabled Performance modules  ║
║ ╒═══════════════════╤═══════╕ ║
║ │ Array module      │ cupy  │ ║
║ ├───────────────────┼───────┤ ║
║ │ MPI available     │ True  │ ║
║ ├───────────────────┼───────┤ ║
║ │ Is MPI CUDA aware │ False │ ║
║ ├───────────────────┼───────┤ ║
║ │ Is NCCL available │ False │ ║
║ ╘═══════════════════╧═══════╛ ║
╚═══════════════════════════════╝
╔══════════════════════════════════════╗
║            Memory Report             ║
║ ╒════════════════════════╤═════════╕ ║
║ │ Solver memory          │ 0.00 B  │ ║
║ ├────────────────────────┼─────────┤ ║
║ │ Total memory used      │ 7.36 GB │ ║
║ ├────────────────────────┼─────────┤ ║
║ │ Total memory available │ 7.63 GB │ ║
║ ╘════════════════════════╧═════════╛ ║
╚══════════════════════════════════════╝
DALIA initialized.

Framework comparison: sa1
  JAX forward:   9.512220 +/- 0.004700s
  CuPy forward:  skipped (no FD instance)
  JAX gradient:  32.210271 +/- 0.072498s
  JAX backward:  22.698051s (total - forward)
  Written to: /capstor/scratch/cscs/aboudaou/workspace/dalia/artifact/experiments/fig4_framework_decomposition/sa1/../results/single_eval_comparison.csv
  Written to: /capstor/scratch/cscs/aboudaou/workspace/dalia/artifact/experiments/fig4_framework_decomposition/sa1/../results/memory_breakdown.csv
Job finished at Sun 15 Mar 2026 03:50:09 PM CET
