Parsed parameters:
  max_iter: 250
  solver_min_p: 1
  profile: False
  precision: float64
--- gst_coreg2_small: Coregional (2-variate) Spatio-Temporal Model ---
Using JAX automatic differentiation with JIT compilation (CoregionalModel, 2 variates)
JIT compiling coregional objective + gradient...
JIT compilation done in 11.3s.

___________________________________ 
___  __ \__    |__  /____  _/__    |
__  / / /_  /| |_  /  __  / __  /| |
_  /_/ /_  ___ |  /____/ /  _  ___ |
/_____/ /_/  |_/_____/___/  /_/  |_|

╔═══════════════════════════════════════════════════════╗
║               Parallelization strategies              ║
║ ╒═══════════════════════════════════════════╤═══════╕ ║
║ │ Participating Processes / Total Processes │ 1 / 1 │ ║
║ ├───────────────────────────────────────────┼───────┤ ║
║ │ Parallelization through F()               │   1   │ ║
║ ├───────────────────────────────────────────┼───────┤ ║
║ │ Parallelization through Q()               │   1   │ ║
║ ├───────────────────────────────────────────┼───────┤ ║
║ │ Parallelization through S()               │   1   │ ║
║ ╘═══════════════════════════════════════════╧═══════╛ ║
╚═══════════════════════════════════════════════════════╝
╔═══════════════════════════════╗
║  Enabled Performance modules  ║
║ ╒═══════════════════╤═══════╕ ║
║ │ Array module      │ cupy  │ ║
║ ├───────────────────┼───────┤ ║
║ │ MPI available     │ True  │ ║
║ ├───────────────────┼───────┤ ║
║ │ Is MPI CUDA aware │ False │ ║
║ ├───────────────────┼───────┤ ║
║ │ Is NCCL available │ False │ ║
║ ╘═══════════════════╧═══════╛ ║
╚═══════════════════════════════╝
╔═══════════════════════════════════════╗
║             Memory Report             ║
║ ╒════════════════════════╤══════════╕ ║
║ │ Solver memory          │  0.00 B  │ ║
║ ├────────────────────────┼──────────┤ ║
║ │ Total memory used      │ 44.73 MB │ ║
║ ├────────────────────────┼──────────┤ ║
║ │ Total memory available │ 48.84 MB │ ║
║ ╘════════════════════════╧══════════╛ ║
╚═══════════════════════════════════════╝
DALIA initialized.
First forward+gradient: f=-19827.204185, time=9.4167s
Starting optimization.
Using JAX automatic differentiation with JIT compilation (Gaussian likelihood)
rank 0 | iter 1 | objfunc_time: 0.080587
comm_rank: 0 | Iteration:  1 (took: 0.08) | Theta: [ 0.041755,  1.016107,  4.273910,  1.096652,  0.938566,  4.296210, -0.021555,  0.679787, -2.137069] | Function Value: -23180.119568 | Gradient: [-405.579965,  149.420047, -2383.347144, -762.284464,  211.904559, -2374.055980,  921.483677,  448.072910, -565.463007] |  Norm(Grad): [ 3674.090081]
rank 0 | iter 2 | objfunc_time: 0.080540
rank 0 | iter 3 | objfunc_time: 0.080441
comm_rank: 0 | Iteration:  2 (took: 0.08) | Theta: [-0.035667,  1.034077,  5.644291,  1.060069,  0.950729,  5.585753, -0.205633,  0.718717, -2.409223] | Function Value: -27250.087750 | Gradient: [-186.298666,  55.159012,  11.073614,  7.053583,  6.807041, -1141.722785,  335.627471,  41.125624, -2064.132489] |  Norm(Grad): [ 2390.916015]
rank 0 | iter 4 | objfunc_time: 0.080461
rank 0 | iter 5 | objfunc_time: 0.080152
comm_rank: 0 | Iteration:  3 (took: 0.08) | Theta: [-0.082243,  1.050165,  5.797075,  0.940612,  0.982912,  5.938390, -0.209617,  0.786166, -2.176650] | Function Value: -27658.698921 | Gradient: [-166.537475,  52.854464,  314.048917, -1773.729262,  505.451103, -483.746537,  271.807029,  1146.993505, -728.967010] |  Norm(Grad): [ 2384.455521]
rank 0 | iter 6 | objfunc_time: 0.080287
comm_rank: 0 | Iteration:  4 (took: 0.08) | Theta: [-0.105662,  1.058852,  5.784192,  1.069740,  0.945083,  6.115361, -0.211594,  0.696735, -2.015897] | Function Value: -28042.981970 | Gradient: [-168.550933,  56.396375,  296.800303, -682.875473,  195.579152, -36.913706,  248.036951,  421.486550, -172.957584] |  Norm(Grad): [ 945.886194]
rank 0 | iter 7 | objfunc_time: 0.080238
comm_rank: 0 | Iteration:  5 (took: 0.08) | Theta: [-0.079484,  1.050749,  5.645698,  1.151919,  0.920876,  6.081377, -0.243062,  0.644913, -1.935197] | Function Value: -28068.942896 | Gradient: [ 5.845067, -9.912433, -71.292222,  389.722166, -102.350954, -114.043868, -45.484292, -231.867460,  586.691865] |  Norm(Grad): [ 761.983447]
rank 0 | iter 8 | objfunc_time: 0.080126
comm_rank: 0 | Iteration:  6 (took: 0.08) | Theta: [-0.078233,  1.050415,  5.699338,  1.129091,  0.927214,  6.101524, -0.244962,  0.659752, -2.004586] | Function Value: -28095.964383 | Gradient: [-27.247385,  0.328686,  74.339190,  17.194742,  0.098049, -67.256607, -7.898813, -10.294507, -25.449444] |  Norm(Grad): [ 109.105478]
rank 0 | iter 9 | objfunc_time: 0.080121
comm_rank: 0 | Iteration:  7 (took: 0.08) | Theta: [-0.076088,  1.050652,  5.689244,  1.127628,  0.927038,  6.112733, -0.244057,  0.660326, -1.998855] | Function Value: -28097.233091 | Gradient: [-20.468589, -1.794331,  42.726733, -0.353019,  4.953522, -37.671551, -10.932200,  0.122506,  20.395078] |  Norm(Grad): [ 65.015778]
rank 0 | iter 10 | objfunc_time: 0.080228
comm_rank: 0 | Iteration:  8 (took: 0.08) | Theta: [-0.069132,  1.051174,  5.674484,  1.128446,  0.925170,  6.126569, -0.241667,  0.659715, -2.000901] | Function Value: -28097.983066 | Gradient: [-7.896324, -5.748767,  1.050688,  7.297891,  2.695888, -0.715341, -10.789830, -4.955247,  10.846988] |  Norm(Grad): [ 20.400367]
rank 0 | iter 11 | objfunc_time: 0.080111
comm_rank: 0 | Iteration:  9 (took: 0.08) | Theta: [-0.065239,  1.053237,  5.673052,  1.127722,  0.923481,  6.127121, -0.238010,  0.660377, -2.002060] | Function Value: -28098.052487 | Gradient: [-8.044807, -4.900902, -3.335211, -0.134487,  4.713835,  0.583597,  4.474516, -0.401944,  1.124091] |  Norm(Grad): [ 11.995280]
rank 0 | iter 12 | objfunc_time: 0.080069
comm_rank: 0 | Iteration: 10 (took: 0.08) | Theta: [-0.060960,  1.055845,  5.673396,  1.127342,  0.921211,  6.127728, -0.236810,  0.660881, -2.003057] | Function Value: -28098.091708 | Gradient: [-1.743586, -6.616207, -2.168356, -0.783174,  4.862317,  2.204696,  4.590728,  0.142403, -5.458840] |  Norm(Grad): [ 11.468488]
rank 0 | iter 13 | objfunc_time: 0.080111
comm_rank: 0 | Iteration: 11 (took: 0.08) | Theta: [-0.055840,  1.062446,  5.674053,  1.126469,  0.916394,  6.127592, -0.235541,  0.661858, -2.003333] | Function Value: -28098.148734 | Gradient: [ 3.295597, -7.411704, -0.283696, -1.561429,  5.025483,  1.833341,  6.315689,  0.917497, -6.949029] |  Norm(Grad): [ 13.636283]
rank 0 | iter 14 | objfunc_time: 0.080132
comm_rank: 0 | Iteration: 12 (took: 0.08) | Theta: [-0.044091,  1.087804,  5.674562,  1.123247,  0.898582,  6.127547, -0.234873,  0.664935, -2.004241] | Function Value: -28098.315015 | Gradient: [ 9.998512, -6.741406,  1.269992, -2.489658,  5.067526,  1.697759,  6.428774,  2.284437, -12.487187] |  Norm(Grad): [ 19.602752]
rank 0 | iter 15 | objfunc_time: 0.080072
comm_rank: 0 | Iteration: 13 (took: 0.08) | Theta: [-0.032005,  1.126993,  5.675409,  1.116900,  0.868841,  6.128617, -0.235581,  0.668941, -2.003159] | Function Value: -28098.498667 | Gradient: [ 8.339511, -1.819309,  3.228217, -5.434676,  5.510340,  4.634960,  7.593896,  4.718004, -4.344967] |  Norm(Grad): [ 16.231657]
rank 0 | iter 16 | objfunc_time: 0.080096
rank 0 | iter 17 | objfunc_time: 0.079969
comm_rank: 0 | Iteration: 14 (took: 0.08) | Theta: [-0.029588,  1.137066,  5.673163,  1.115147,  0.858920,  6.125622, -0.237377,  0.669369, -2.004154] | Function Value: -28098.534693 | Gradient: [ 9.117595, -1.046753, -2.841245, -0.580538,  3.968544, -3.513179,  0.766404,  1.561373, -10.496623] |  Norm(Grad): [ 15.294837]
rank 0 | iter 18 | objfunc_time: 0.080094
comm_rank: 0 | Iteration: 15 (took: 0.08) | Theta: [-0.029855,  1.146937,  5.674159,  1.113079,  0.848946,  6.126540, -0.238703,  0.669733, -2.003029] | Function Value: -28098.577335 | Gradient: [ 2.134868,  2.443115,  0.108833,  5.073457,  2.240312, -0.906398,  1.342016, -2.004429, -2.850854] |  Norm(Grad): [ 7.487653]
rank 0 | iter 19 | objfunc_time: 0.079987
comm_rank: 0 | Iteration: 16 (took: 0.08) | Theta: [-0.032413,  1.147585,  5.674342,  1.110560,  0.845106,  6.126640, -0.240790,  0.670138, -2.002368] | Function Value: -28098.583982 | Gradient: [-0.769807,  3.482916, -0.405760, -9.970652,  6.360274, -0.761564, -4.465582,  6.759237,  1.100066] |  Norm(Grad): [ 14.838253]
rank 0 | iter 20 | objfunc_time: 0.080059
comm_rank: 0 | Iteration: 17 (took: 0.08) | Theta: [-0.033633,  1.144561,  5.674076,  1.111379,  0.845857,  6.126781, -0.240427,  0.669305, -2.002237] | Function Value: -28098.597269 | Gradient: [-2.093117,  3.599318, -0.614196, -0.021592,  3.576268, -0.282870, -2.093091,  0.592328,  2.312435] |  Norm(Grad): [ 6.376745]
rank 0 | iter 21 | objfunc_time: 0.080043
comm_rank: 0 | Iteration: 18 (took: 0.08) | Theta: [-0.034535,  1.141922,  5.673805,  1.111275,  0.844897,  6.126809, -0.240243,  0.668749, -2.002213] | Function Value: -28098.607085 | Gradient: [-2.512218,  3.444929, -1.160163,  4.286000,  2.333612, -0.173633, -1.109585, -2.243857,  2.595124] |  Norm(Grad): [ 7.508074]
rank 0 | iter 22 | objfunc_time: 0.080103
comm_rank: 0 | Iteration: 19 (took: 0.08) | Theta: [-0.036825,  1.135172,  5.673139,  1.108928,  0.835809,  6.126958, -0.239830,  0.667297, -2.002198] | Function Value: -28098.642096 | Gradient: [-3.417155,  2.994292, -2.627963,  13.239732, -0.418040,  0.288624,  1.021579, -8.663638,  2.848191] |  Norm(Grad): [ 16.950278]
rank 0 | iter 23 | objfunc_time: 0.080010
comm_rank: 0 | Iteration: 20 (took: 0.08) | Theta: [-0.039451,  1.126956,  5.672539,  1.101999,  0.811236,  6.127209, -0.239313,  0.665571, -2.002250] | Function Value: -28098.704081 | Gradient: [-4.112969,  2.312743, -4.061945,  21.084552, -3.244610,  0.992695,  3.290696, -15.474726,  2.339897] |  Norm(Grad): [ 27.397206]
rank 0 | iter 24 | objfunc_time: 0.079980
comm_rank: 0 | Iteration: 21 (took: 0.08) | Theta: [-0.041457,  1.119119,  5.672670,  1.087906,  0.761668,  6.127377, -0.238792,  0.664670, -2.002342] | Function Value: -28098.798106 | Gradient: [-3.418519,  1.203468, -3.884374,  23.192434, -5.119354,  1.401736,  4.405204, -20.271536,  1.070798] |  Norm(Grad): [ 32.027679]
rank 0 | iter 25 | objfunc_time: 0.079970
comm_rank: 0 | Iteration: 22 (took: 0.08) | Theta: [-0.041551,  1.116232,  5.673194,  1.073979,  0.694772,  6.125985, -0.236784,  0.674043, -2.001935] | Function Value: -28098.913324 | Gradient: [-5.427664,  1.683271, -3.176715,  17.131606, -4.583734, -2.507645,  13.669956, -16.707347,  2.182394] |  Norm(Grad): [ 28.878041]
rank 0 | iter 26 | objfunc_time: 0.080084
rank 0 | iter 27 | objfunc_time: 0.079957
comm_rank: 0 | Iteration: 23 (took: 0.08) | Theta: [-0.041393,  1.113474,  5.675155,  1.065383,  0.646851,  6.127502, -0.239562,  0.682526, -2.001690] | Function Value: -28098.974309 | Gradient: [ 4.746976, -2.287614,  2.402896,  17.814424, -5.481672,  1.699305, -5.622977, -16.613466,  5.931670] |  Norm(Grad): [ 26.956275]
rank 0 | iter 28 | objfunc_time: 0.080126
comm_rank: 0 | Iteration: 24 (took: 0.08) | Theta: [-0.040467,  1.118138,  5.675813,  1.062532,  0.618050,  6.127329, -0.238756,  0.694555, -2.002595] | Function Value: -28099.037219 | Gradient: [ 0.201888, -0.166725,  3.486569,  1.354596, -0.671192,  1.008918,  1.805976, -3.339670, -3.033206] |  Norm(Grad): [ 6.256464]
rank 0 | iter 29 | objfunc_time: 0.080020
comm_rank: 0 | Iteration: 25 (took: 0.08) | Theta: [-0.040236,  1.120064,  5.675535,  1.062987,  0.612239,  6.127068, -0.239068,  0.698919, -2.002136] | Function Value: -28099.045298 | Gradient: [-0.069794,  0.136460,  2.379703, -2.775339,  0.713626,  0.273455,  0.862710,  0.771623,  0.297394] |  Norm(Grad): [ 3.924429]
rank 0 | iter 30 | objfunc_time: 0.080057
comm_rank: 0 | Iteration: 26 (took: 0.08) | Theta: [-0.040255,  1.120289,  5.674984,  1.063053,  0.608700,  6.126861, -0.239313,  0.700646, -2.002236] | Function Value: -28099.047225 | Gradient: [ 0.179864,  0.061038,  0.823378, -2.663192,  0.727385, -0.298994, -0.239250,  1.243648, -0.234507] |  Norm(Grad): [ 3.175531]
rank 0 | iter 31 | objfunc_time: 0.079960
comm_rank: 0 | Iteration: 27 (took: 0.08) | Theta: [-0.040266,  1.120622,  5.674640,  1.063051,  0.605447,  6.126924, -0.239326,  0.701757, -2.002118] | Function Value: -28099.047830 | Gradient: [-0.082429,  0.191740, -0.054959, -0.377303,  0.085871, -0.109562, -0.083187,  0.165697,  0.804043] |  Norm(Grad): [ 0.942961]
rank 0 | iter 32 | objfunc_time: 0.080095
comm_rank: 0 | Iteration: 28 (took: 0.08) | Theta: [-0.040335,  1.120313,  5.674609,  1.063104,  0.605854,  6.126950, -0.239334,  0.701605, -2.002224] | Function Value: -28099.047924 | Gradient: [-0.013804,  0.130096, -0.110974, -0.204674,  0.034193, -0.040783, -0.163235,  0.022460,  0.039928] |  Norm(Grad): [ 0.320779]
Optimization converged!  || f(25) - f(28) || = 0.000699 < 0.001. Function value: -28099.047924

rank 0 | optimization summary: n_iters=32 | objfunc_time: mean=0.080134 std=0.000162 min=0.079957 max=0.080587
Optimization completed in 2.71s (32 iterations, 0.08s/grad, f=-28099.047924)
Starting Hessian computation...
comm_rank: 0 | Hessian column 1/9 (0.16s)
comm_rank: 0 | Hessian column 2/9 (0.16s)
comm_rank: 0 | Hessian column 3/9 (0.16s)
comm_rank: 0 | Hessian column 4/9 (0.16s)
comm_rank: 0 | Hessian column 5/9 (0.16s)
comm_rank: 0 | Hessian column 6/9 (0.16s)
comm_rank: 0 | Hessian column 7/9 (0.16s)
comm_rank: 0 | Hessian column 8/9 (0.16s)
comm_rank: 0 | Hessian column 9/9 (0.16s)
Hessian computed in 1.53s
Rebuilding model state for marginal variances...
Allocated an extra 0.01 GB for BTA_mapping caching (total: 0.01)
Allocated an extra 0.01 GB for BT_mapping caching (total: 0.01)
Computing marginal variances...
Marginal variances computed in 0.13s
Total wall-clock: 5.13s (optimization: 2.71s, hessian: 1.53s, marginals: 0.13s)
JAX optimization: 5.13s, f=-28099.047924

___________________________________ 
___  __ \__    |__  /____  _/__    |
__  / / /_  /| |_  /  __  / __  /| |
_  /_/ /_  ___ |  /____/ /  _  ___ |
/_____/ /_/  |_/_____/___/  /_/  |_|

╔═══════════════════════════════════════════════════════╗
║               Parallelization strategies              ║
║ ╒═══════════════════════════════════════════╤═══════╕ ║
║ │ Participating Processes / Total Processes │ 1 / 1 │ ║
║ ├───────────────────────────────────────────┼───────┤ ║
║ │ Parallelization through F()               │   1   │ ║
║ ├───────────────────────────────────────────┼───────┤ ║
║ │ Parallelization through Q()               │   1   │ ║
║ ├───────────────────────────────────────────┼───────┤ ║
║ │ Parallelization through S()               │   1   │ ║
║ ╘═══════════════════════════════════════════╧═══════╛ ║
╚═══════════════════════════════════════════════════════╝
╔═══════════════════════════════╗
║  Enabled Performance modules  ║
║ ╒═══════════════════╤═══════╕ ║
║ │ Array module      │ cupy  │ ║
║ ├───────────────────┼───────┤ ║
║ │ MPI available     │ True  │ ║
║ ├───────────────────┼───────┤ ║
║ │ Is MPI CUDA aware │ False │ ║
║ ├───────────────────┼───────┤ ║
║ │ Is NCCL available │ False │ ║
║ ╘═══════════════════╧═══════╛ ║
╚═══════════════════════════════╝
╔════════════════════════════════════════╗
║             Memory Report              ║
║ ╒════════════════════════╤═══════════╕ ║
║ │ Solver memory          │ 88.09 MB  │ ║
║ ├────────────────────────┼───────────┤ ║
║ │ Total memory used      │ 132.89 MB │ ║
║ ├────────────────────────┼───────────┤ ║
║ │ Total memory available │ 136.30 MB │ ║
║ ╘════════════════════════╧═══════════╛ ║
╚════════════════════════════════════════╝
DALIA initialized.
Allocated an extra 0.01 GB for BTA_mapping caching (total: 0.09)
Allocated an extra 0.01 GB for BT_mapping caching (total: 0.10)
Starting optimization.
Using finite differences (eps=0.001)
rank 0 | iter 1 | objfunc_time: 1.285102 | solver_time: 0.439048 | construction_time: 0.728641
comm_rank: 0 | Iteration:  1 (took: 1.29) | Theta: [ 0.041754,  1.016107,  4.273909,  1.096651,  0.938566,  4.296209, -0.021555,  0.679787, -2.137069] | Function Value: -23180.117643 | Gradient: [-405.579934,  149.420930, -2383.347254, -762.283809,  211.904692, -2374.056019,  921.486543,  448.073026, -565.463997] |  Norm(Grad): [ 3674.090967]
rank 0 | iter 2 | objfunc_time: 1.301629 | solver_time: 0.441782 | construction_time: 0.739157
rank 0 | iter 3 | objfunc_time: 1.285392 | solver_time: 0.439451 | construction_time: 0.728753
comm_rank: 0 | Iteration:  2 (took: 1.29) | Theta: [-0.035670,  1.034077,  5.644292,  1.060068,  0.950729,  5.585755, -0.205633,  0.718717, -2.409223] | Function Value: -27250.087343 | Gradient: [-186.301433,  55.160858,  11.078194,  7.055685,  6.807223, -1141.720049,  335.630909,  41.125789, -2064.134218] |  Norm(Grad): [ 2390.916972]
rank 0 | iter 4 | objfunc_time: 1.286279 | solver_time: 0.439654 | construction_time: 0.728874
rank 0 | iter 5 | objfunc_time: 1.285555 | solver_time: 0.439511 | construction_time: 0.728476
comm_rank: 0 | Iteration:  3 (took: 1.29) | Theta: [-0.082245,  1.050165,  5.797075,  0.940611,  0.982912,  5.938390, -0.209618,  0.786166, -2.176651] | Function Value: -27658.696606 | Gradient: [-166.538849,  52.855574,  314.049713, -1773.728341,  505.451567, -483.746387,  271.807045,  1146.994285, -728.969745] |  Norm(Grad): [ 2384.456343]
rank 0 | iter 6 | objfunc_time: 1.285147 | solver_time: 0.440159 | construction_time: 0.727344
comm_rank: 0 | Iteration:  4 (took: 1.29) | Theta: [-0.105663,  1.058852,  5.784191,  1.069739,  0.945083,  6.115359, -0.211594,  0.696735, -2.015898] | Function Value: -28042.981093 | Gradient: [-168.551028,  56.397021,  296.796858, -682.883844,  195.582300, -36.916763,  248.034686,  421.492964, -172.959730] |  Norm(Grad): [ 945.894639]
rank 0 | iter 7 | objfunc_time: 1.280392 | solver_time: 0.439083 | construction_time: 0.724485
comm_rank: 0 | Iteration:  5 (took: 1.28) | Theta: [-0.079485,  1.050748,  5.645698,  1.151918,  0.920875,  6.081377, -0.243062,  0.644912, -1.935197] | Function Value: -28068.942616 | Gradient: [ 5.845174, -9.911865, -71.291924,  389.727533, -102.351561, -114.042327, -45.486704, -231.869638,  586.696729] |  Norm(Grad): [ 761.990561]
rank 0 | iter 8 | objfunc_time: 1.277753 | solver_time: 0.438312 | construction_time: 0.722532
comm_rank: 0 | Iteration:  6 (took: 1.28) | Theta: [-0.078235,  1.050414,  5.699338,  1.129090,  0.927214,  6.101524, -0.244962,  0.659751, -2.004586] | Function Value: -28095.964315 | Gradient: [-27.248755,  0.329748,  74.340358,  17.194748,  0.098810, -67.255974, -7.898852, -10.293528, -25.450021] |  Norm(Grad): [ 109.106276]
rank 0 | iter 9 | objfunc_time: 1.276740 | solver_time: 0.437555 | construction_time: 0.722701
comm_rank: 0 | Iteration:  7 (took: 1.28) | Theta: [-0.076089,  1.050651,  5.689244,  1.127627,  0.927037,  6.112732, -0.244058,  0.660325, -1.998855] | Function Value: -28097.233043 | Gradient: [-20.469323, -1.793459,  42.726502, -0.352859,  4.954278, -37.672326, -10.932580,  0.123337,  20.395234] |  Norm(Grad): [ 65.016454]
rank 0 | iter 10 | objfunc_time: 1.275625 | solver_time: 0.436856 | construction_time: 0.722280
comm_rank: 0 | Iteration:  8 (took: 1.28) | Theta: [-0.069134,  1.051172,  5.674484,  1.128445,  0.925169,  6.126570, -0.241667,  0.659714, -2.000901] | Function Value: -28097.983049 | Gradient: [-7.896483, -5.747974,  1.051188,  7.299304,  2.696350, -0.714853, -10.790125, -4.955143,  10.847375] |  Norm(Grad): [ 20.401117]
rank 0 | iter 11 | objfunc_time: 1.276968 | solver_time: 0.437159 | construction_time: 0.723586
comm_rank: 0 | Iteration:  9 (took: 1.28) | Theta: [-0.065240,  1.053235,  5.673052,  1.127721,  0.923480,  6.127121, -0.238010,  0.660376, -2.002060] | Function Value: -28098.052472 | Gradient: [-8.044586, -4.900321, -3.335640, -0.134438,  4.714563,  0.583142,  4.474223, -0.401273,  1.124159] |  Norm(Grad): [ 11.995151]
rank 0 | iter 12 | objfunc_time: 1.276073 | solver_time: 0.436904 | construction_time: 0.722563
comm_rank: 0 | Iteration: 10 (took: 1.28) | Theta: [-0.060962,  1.055843,  5.673396,  1.127341,  0.921210,  6.127728, -0.236810,  0.660879, -2.003057] | Function Value: -28098.091696 | Gradient: [-1.743585, -6.615624, -2.168328, -0.782803,  4.863068,  2.204567,  4.590392,  0.142768, -5.458549] |  Norm(Grad): [ 11.468146]
rank 0 | iter 13 | objfunc_time: 1.272717 | solver_time: 0.435796 | construction_time: 0.721050
comm_rank: 0 | Iteration: 11 (took: 1.27) | Theta: [-0.055842,  1.062442,  5.674053,  1.126467,  0.916392,  6.127592, -0.235541,  0.661856, -2.003333] | Function Value: -28098.148725 | Gradient: [ 3.296062, -7.411420, -0.283673, -1.561254,  5.026132,  1.833230,  6.314829,  0.917628, -6.948724] |  Norm(Grad): [ 13.635900]
rank 0 | iter 14 | objfunc_time: 1.273199 | solver_time: 0.435985 | construction_time: 0.720945
comm_rank: 0 | Iteration: 12 (took: 1.27) | Theta: [-0.044095,  1.087797,  5.674563,  1.123244,  0.898579,  6.127547, -0.234873,  0.664931, -2.004241] | Function Value: -28098.315013 | Gradient: [ 9.997860, -6.741121,  1.271740, -2.487823,  5.067602,  1.697972,  6.430224,  2.282709, -12.486547] |  Norm(Grad): [ 19.602107]
rank 0 | iter 15 | objfunc_time: 1.274645 | solver_time: 0.436874 | construction_time: 0.721422
comm_rank: 0 | Iteration: 13 (took: 1.27) | Theta: [-0.032007,  1.126985,  5.675408,  1.116893,  0.868831,  6.128617, -0.235583,  0.668938, -2.003158] | Function Value: -28098.498716 | Gradient: [ 8.351624, -1.823515,  3.224760, -5.458027,  5.517289,  4.633650,  7.575825,  4.730821, -4.339859] |  Norm(Grad): [ 16.241408]
rank 0 | iter 16 | objfunc_time: 1.273838 | solver_time: 0.436757 | construction_time: 0.721292
rank 0 | iter 17 | objfunc_time: 1.274317 | solver_time: 0.436553 | construction_time: 0.721538
comm_rank: 0 | Iteration: 14 (took: 1.27) | Theta: [-0.029587,  1.137085,  5.673164,  1.115143,  0.858882,  6.125621, -0.237374,  0.669362, -2.004158] | Function Value: -28098.534821 | Gradient: [ 9.093195, -1.035422, -2.831072, -0.476778,  3.939599, -3.513247,  0.799447,  1.497090, -10.526597] |  Norm(Grad): [ 15.282460]
rank 0 | iter 18 | objfunc_time: 1.273824 | solver_time: 0.436789 | construction_time: 0.720962
comm_rank: 0 | Iteration: 15 (took: 1.27) | Theta: [-0.029858,  1.146921,  5.674155,  1.113062,  0.848946,  6.126537, -0.238708,  0.669736, -2.003024] | Function Value: -28098.577489 | Gradient: [ 2.160415,  2.433434,  0.085920,  4.906893,  2.287477, -0.915170,  1.301289, -1.904681, -2.817407] |  Norm(Grad): [ 7.348674]
rank 0 | iter 19 | objfunc_time: 1.272929 | solver_time: 0.436877 | construction_time: 0.720294
comm_rank: 0 | Iteration: 16 (took: 1.27) | Theta: [-0.032414,  1.147507,  5.674325,  1.110565,  0.845125,  6.126625, -0.240782,  0.670128, -2.002374] | Function Value: -28098.584268 | Gradient: [-0.713930,  3.455535, -0.451505, -9.933397,  6.350428, -0.800982, -4.480556,  6.734490,  1.065299] |  Norm(Grad): [ 14.793910]
rank 0 | iter 20 | objfunc_time: 1.272214 | solver_time: 0.435875 | construction_time: 0.720240
comm_rank: 0 | Iteration: 17 (took: 1.27) | Theta: [-0.033667,  1.144537,  5.674075,  1.111350,  0.845773,  6.126781, -0.240441,  0.669298, -2.002228] | Function Value: -28098.597534 | Gradient: [-2.128765,  3.609672, -0.620544, -0.029653,  3.577381, -0.282064, -2.121091,  0.590533,  2.369016] |  Norm(Grad): [ 6.425305]
rank 0 | iter 21 | objfunc_time: 1.269341 | solver_time: 0.435655 | construction_time: 0.718560
comm_rank: 0 | Iteration: 18 (took: 1.27) | Theta: [-0.034586,  1.141884,  5.673805,  1.111230,  0.844750,  6.126816, -0.240259,  0.668737, -2.002203] | Function Value: -28098.607551 | Gradient: [-2.578288,  3.463879, -1.159236,  4.318953,  2.321810, -0.152633, -1.121148, -2.275020,  2.667800] |  Norm(Grad): [ 7.589937]
rank 0 | iter 22 | objfunc_time: 1.270835 | solver_time: 0.435475 | construction_time: 0.719433
comm_rank: 0 | Iteration: 19 (took: 1.27) | Theta: [-0.036919,  1.135079,  5.673140,  1.108798,  0.835351,  6.126985, -0.239848,  0.667271, -2.002183] | Function Value: -28098.643316 | Gradient: [-3.542632,  3.027096, -2.624109,  13.367221, -0.463501,  0.363797,  1.046032, -8.773252,  2.942801] |  Norm(Grad): [ 17.156733]
rank 0 | iter 23 | objfunc_time: 1.268614 | solver_time: 0.435607 | construction_time: 0.717443
comm_rank: 0 | Iteration: 20 (took: 1.27) | Theta: [-0.039563,  1.126851,  5.672546,  1.101725,  0.810259,  6.127258, -0.239335,  0.665551, -2.002233] | Function Value: -28098.706138 | Gradient: [-4.274130,  2.356380, -4.046395,  21.188900, -3.296435,  1.124784,  3.331035, -15.600637,  2.434984] |  Norm(Grad): [ 27.598912]
rank 0 | iter 24 | objfunc_time: 1.268831 | solver_time: 0.435458 | construction_time: 0.717513
comm_rank: 0 | Iteration: 21 (took: 1.27) | Theta: [-0.041533,  1.119091,  5.672704,  1.087516,  0.760219,  6.127421, -0.238814,  0.664716, -2.002322] | Function Value: -28098.800559 | Gradient: [-3.547117,  1.244560, -3.802955,  23.109511, -5.130216,  1.519248,  4.419416, -20.295084,  1.174077] |  Norm(Grad): [ 32.001098]
rank 0 | iter 25 | objfunc_time: 1.268458 | solver_time: 0.434567 | construction_time: 0.718388
comm_rank: 0 | Iteration: 22 (took: 1.27) | Theta: [-0.041677,  1.116213,  5.673149,  1.073654,  0.692048,  6.125992, -0.236656,  0.674805, -2.001947] | Function Value: -28098.916430 | Gradient: [-6.088927,  1.916215, -3.317773,  17.034203, -4.574791, -2.494723,  14.715388, -16.467094,  1.927391] |  Norm(Grad): [ 29.334172]
rank 0 | iter 26 | objfunc_time: 1.265825 | solver_time: 0.433849 | construction_time: 0.716556
rank 0 | iter 27 | objfunc_time: 1.267096 | solver_time: 0.434938 | construction_time: 0.716800
comm_rank: 0 | Iteration: 23 (took: 1.27) | Theta: [-0.041432,  1.113242,  5.675111,  1.064842,  0.642060,  6.127364, -0.239410,  0.683922, -2.001544] | Function Value: -28098.980424 | Gradient: [ 4.584864, -2.246425,  2.229169,  17.766774, -5.492181,  1.323253, -4.938662, -16.272783,  6.933644] |  Norm(Grad): [ 26.755918]
rank 0 | iter 28 | objfunc_time: 1.266569 | solver_time: 0.435016 | construction_time: 0.716101
comm_rank: 0 | Iteration: 24 (took: 1.27) | Theta: [-0.040555,  1.118066,  5.675733,  1.062747,  0.616137,  6.127250, -0.238810,  0.695701, -2.002549] | Function Value: -28099.039816 | Gradient: [ 0.174463, -0.166982,  3.299281,  2.093628, -0.833273,  0.805989,  1.613215, -3.359661, -2.620891] |  Norm(Grad): [ 6.117979]
rank 0 | iter 29 | objfunc_time: 1.265950 | solver_time: 0.434534 | construction_time: 0.716052
comm_rank: 0 | Iteration: 25 (took: 1.27) | Theta: [-0.040367,  1.119826,  5.675434,  1.063156,  0.610845,  6.127039, -0.239098,  0.699694, -2.002152] | Function Value: -28099.046314 | Gradient: [-0.145212,  0.133812,  2.151489, -1.857355,  0.483349,  0.201046,  0.801384,  0.499099,  0.242695] |  Norm(Grad): [ 3.056457]
rank 0 | iter 30 | objfunc_time: 1.264123 | solver_time: 0.434842 | construction_time: 0.714082
comm_rank: 0 | Iteration: 26 (took: 1.26) | Theta: [-0.040380,  1.119954,  5.674931,  1.063127,  0.607905,  6.126886, -0.239293,  0.701003, -2.002232] | Function Value: -28099.047593 | Gradient: [ 0.111565,  0.047863,  0.719920, -1.877740,  0.515312, -0.226125, -0.125587,  0.892624, -0.168741] |  Norm(Grad): [ 2.283995]
rank 0 | iter 31 | objfunc_time: 1.264852 | solver_time: 0.434577 | construction_time: 0.715259
comm_rank: 0 | Iteration: 27 (took: 1.26) | Theta: [-0.040395,  1.120101,  5.674634,  1.063106,  0.605810,  6.126923, -0.239307,  0.701677, -2.002165] | Function Value: -28099.047934 | Gradient: [-0.007510,  0.106722, -0.065371, -0.410065,  0.098944, -0.113234, -0.085726,  0.177965,  0.454411] |  Norm(Grad): [ 0.672305]
rank 0 | iter 32 | objfunc_time: 1.264953 | solver_time: 0.434313 | construction_time: 0.715411
comm_rank: 0 | Iteration: 28 (took: 1.26) | Theta: [-0.040434,  1.119943,  5.674618,  1.063150,  0.605932,  6.126952, -0.239310,  0.701636, -2.002227] | Function Value: -28099.047972 | Gradient: [ 0.010565,  0.080943, -0.081345, -0.140384,  0.022039, -0.033528, -0.107408,  0.009090,  0.015512] |  Norm(Grad): [ 0.215540]
Optimization converged!  || f(25) - f(28) || = 0.000379 < 0.001. Function value: -28099.047972

rank 0 | optimization summary: n_iters=32 | objfunc_time: mean=1.274556 std=0.008132 min=1.264123 max=1.301629
Optimization completed in 42.11s (32 iterations, 1.27s/grad, f=-28099.047972)
Starting Hessian computation...
Hessian computed in 10.98s
Computing marginal variances...
Marginal variances computed in 0.05s
Total wall-clock: 53.14s (optimization: 42.11s, hessian: 10.98s, marginals: 0.05s)
FD optimization: 53.14s, f=-28099.047972
Speedup: 10.4x
--- Finished ---
Job finished at Sun 15 Mar 2026 07:11:01 PM CET
