W0314 21:22:25.832739   32217 cuda_executor.cc:1802] GPU interconnect information not available: INTERNAL: NVML doesn't support extracting fabric info or NVLink is not used by the device.
W0314 21:22:25.833818   32220 cuda_executor.cc:1802] GPU interconnect information not available: INTERNAL: NVML doesn't support extracting fabric info or NVLink is not used by the device.
W0314 21:22:25.842539   32218 cuda_executor.cc:1802] GPU interconnect information not available: INTERNAL: NVML doesn't support extracting fabric info or NVLink is not used by the device.
W0314 21:22:25.845102   32219 cuda_executor.cc:1802] GPU interconnect information not available: INTERNAL: NVML doesn't support extracting fabric info or NVLink is not used by the device.
W0314 21:22:26.053526   29344 cuda_executor.cc:1802] GPU interconnect information not available: INTERNAL: NVML doesn't support extracting fabric info or NVLink is not used by the device.
W0314 21:22:26.058583   29343 cuda_executor.cc:1802] GPU interconnect information not available: INTERNAL: NVML doesn't support extracting fabric info or NVLink is not used by the device.
W0314 21:22:26.058581   29346 cuda_executor.cc:1802] GPU interconnect information not available: INTERNAL: NVML doesn't support extracting fabric info or NVLink is not used by the device.
W0314 21:22:26.059569   29345 cuda_executor.cc:1802] GPU interconnect information not available: INTERNAL: NVML doesn't support extracting fabric info or NVLink is not used by the device.
W0314 21:22:26.202162   31478 cuda_executor.cc:1802] GPU interconnect information not available: INTERNAL: NVML doesn't support extracting fabric info or NVLink is not used by the device.
W0314 21:22:26.233908   31478 cuda_executor.cc:1802] GPU interconnect information not available: INTERNAL: NVML doesn't support extracting fabric info or NVLink is not used by the device.
W0314 21:22:26.266024   31478 cuda_executor.cc:1802] GPU interconnect information not available: INTERNAL: NVML doesn't support extracting fabric info or NVLink is not used by the device.
W0314 21:22:26.297418   31478 cuda_executor.cc:1802] GPU interconnect information not available: INTERNAL: NVML doesn't support extracting fabric info or NVLink is not used by the device.
W0314 21:22:26.417734   28604 cuda_executor.cc:1802] GPU interconnect information not available: INTERNAL: NVML doesn't support extracting fabric info or NVLink is not used by the device.
W0314 21:22:26.449714   28604 cuda_executor.cc:1802] GPU interconnect information not available: INTERNAL: NVML doesn't support extracting fabric info or NVLink is not used by the device.
W0314 21:22:26.472223  160037 cuda_executor.cc:1802] GPU interconnect information not available: INTERNAL: NVML doesn't support extracting fabric info or NVLink is not used by the device.
W0314 21:22:26.481354   28604 cuda_executor.cc:1802] GPU interconnect information not available: INTERNAL: NVML doesn't support extracting fabric info or NVLink is not used by the device.
W0314 21:22:26.483049  160039 cuda_executor.cc:1802] GPU interconnect information not available: INTERNAL: NVML doesn't support extracting fabric info or NVLink is not used by the device.
W0314 21:22:26.492019  160038 cuda_executor.cc:1802] GPU interconnect information not available: INTERNAL: NVML doesn't support extracting fabric info or NVLink is not used by the device.
W0314 21:22:26.492935  160040 cuda_executor.cc:1802] GPU interconnect information not available: INTERNAL: NVML doesn't support extracting fabric info or NVLink is not used by the device.
W0314 21:22:26.513207   28604 cuda_executor.cc:1802] GPU interconnect information not available: INTERNAL: NVML doesn't support extracting fabric info or NVLink is not used by the device.
W0314 21:22:26.719357  288582 cuda_executor.cc:1802] GPU interconnect information not available: INTERNAL: NVML doesn't support extracting fabric info or NVLink is not used by the device.
W0314 21:22:26.730674  288584 cuda_executor.cc:1802] GPU interconnect information not available: INTERNAL: NVML doesn't support extracting fabric info or NVLink is not used by the device.
W0314 21:22:26.748248  288581 cuda_executor.cc:1802] GPU interconnect information not available: INTERNAL: NVML doesn't support extracting fabric info or NVLink is not used by the device.
W0314 21:22:26.748250  288583 cuda_executor.cc:1802] GPU interconnect information not available: INTERNAL: NVML doesn't support extracting fabric info or NVLink is not used by the device.
W0314 21:22:26.853241  159275 cuda_executor.cc:1802] GPU interconnect information not available: INTERNAL: NVML doesn't support extracting fabric info or NVLink is not used by the device.
W0314 21:22:26.884312  159275 cuda_executor.cc:1802] GPU interconnect information not available: INTERNAL: NVML doesn't support extracting fabric info or NVLink is not used by the device.
W0314 21:22:26.916051  159275 cuda_executor.cc:1802] GPU interconnect information not available: INTERNAL: NVML doesn't support extracting fabric info or NVLink is not used by the device.
W0314 21:22:26.947425  159275 cuda_executor.cc:1802] GPU interconnect information not available: INTERNAL: NVML doesn't support extracting fabric info or NVLink is not used by the device.
W0314 21:22:27.174468  287817 cuda_executor.cc:1802] GPU interconnect information not available: INTERNAL: NVML doesn't support extracting fabric info or NVLink is not used by the device.
W0314 21:22:27.210340  287817 cuda_executor.cc:1802] GPU interconnect information not available: INTERNAL: NVML doesn't support extracting fabric info or NVLink is not used by the device.
W0314 21:22:27.244873  287817 cuda_executor.cc:1802] GPU interconnect information not available: INTERNAL: NVML doesn't support extracting fabric info or NVLink is not used by the device.
W0314 21:22:27.277063  287817 cuda_executor.cc:1802] GPU interconnect information not available: INTERNAL: NVML doesn't support extracting fabric info or NVLink is not used by the device.
/users/aboudaou/miniconda3/envs/serinv-env/lib/python3.11/site-packages/cupyx/scipy/sparse/_csc.py:132: PerformanceWarning: The device where the array resides (0) is different from the current device (1). Peer access has been activated automatically.
  return self._with_data(self.data * other)
/users/aboudaou/miniconda3/envs/serinv-env/lib/python3.11/site-packages/cupyx/scipy/sparse/_csc.py:132: PerformanceWarning: The device where the array resides (0) is different from the current device (3). Peer access has been activated automatically.
  return self._with_data(self.data * other)
/users/aboudaou/miniconda3/envs/serinv-env/lib/python3.11/site-packages/cupyx/scipy/sparse/_csc.py:132: PerformanceWarning: The device where the array resides (0) is different from the current device (2). Peer access has been activated automatically.
  return self._with_data(self.data * other)
/users/aboudaou/miniconda3/envs/serinv-env/lib/python3.11/site-packages/cupyx/scipy/sparse/_construct.py:529: PerformanceWarning: The device where the array resides (0) is different from the current device (1). Peer access has been activated automatically.
  row = A.row.astype(dtype, copy=True) * B.shape[0]
/users/aboudaou/miniconda3/envs/serinv-env/lib/python3.11/site-packages/cupyx/scipy/sparse/_construct.py:529: PerformanceWarning: The device where the array resides (0) is different from the current device (3). Peer access has been activated automatically.
  row = A.row.astype(dtype, copy=True) * B.shape[0]
/users/aboudaou/miniconda3/envs/serinv-env/lib/python3.11/site-packages/cupyx/scipy/sparse/_construct.py:529: PerformanceWarning: The device where the array resides (0) is different from the current device (2). Peer access has been activated automatically.
  row = A.row.astype(dtype, copy=True) * B.shape[0]
/users/aboudaou/miniconda3/envs/serinv-env/lib/python3.11/site-packages/cupyx/scipy/sparse/_construct.py:533: PerformanceWarning: The device where the array resides (0) is different from the current device (1). Peer access has been activated automatically.
  data = A.data.repeat(B.nnz)  # data's dtype follows that of A in SciPy
/users/aboudaou/miniconda3/envs/serinv-env/lib/python3.11/site-packages/cupyx/scipy/sparse/_construct.py:533: PerformanceWarning: The device where the array resides (0) is different from the current device (3). Peer access has been activated automatically.
  data = A.data.repeat(B.nnz)  # data's dtype follows that of A in SciPy
/users/aboudaou/miniconda3/envs/serinv-env/lib/python3.11/site-packages/cupyx/scipy/sparse/_construct.py:533: PerformanceWarning: The device where the array resides (0) is different from the current device (2). Peer access has been activated automatically.
  data = A.data.repeat(B.nnz)  # data's dtype follows that of A in SciPy
/capstor/scratch/cscs/aboudaou/workspace/dalia/DALIA/src/dalia/models/coregional_model.py:304: PerformanceWarning: The device where the array resides (0) is different from the current device (1). Peer access has been activated automatically.
  sigma_0 = xp.exp(self.theta[self.theta_keys.index("sigma_0")])
/capstor/scratch/cscs/aboudaou/workspace/dalia/DALIA/src/dalia/models/coregional_model.py:305: PerformanceWarning: The device where the array resides (0) is different from the current device (1). Peer access has been activated automatically.
  sigma_1 = xp.exp(self.theta[self.theta_keys.index("sigma_1")])
/capstor/scratch/cscs/aboudaou/workspace/dalia/DALIA/src/dalia/models/coregional_model.py:360: PerformanceWarning: The device where the array resides (0) is different from the current device (1). Peer access has been activated automatically.
  sigma_2 = xp.exp(self.theta[self.theta_keys.index("sigma_2")])
/capstor/scratch/cscs/aboudaou/workspace/dalia/DALIA/src/dalia/models/coregional_model.py:367: PerformanceWarning: The device where the array resides (0) is different from the current device (1). Peer access has been activated automatically.
  + (lambda_0_1**2 / sigma_1**2) * Qu_list[1]
/capstor/scratch/cscs/aboudaou/workspace/dalia/DALIA/src/dalia/models/coregional_model.py:368: PerformanceWarning: The device where the array resides (0) is different from the current device (1). Peer access has been activated automatically.
  + (lambda_1_2**2 / sigma_2**2) * Qu_list[2]
/capstor/scratch/cscs/aboudaou/workspace/dalia/DALIA/src/dalia/models/coregional_model.py:375: PerformanceWarning: The device where the array resides (0) is different from the current device (1). Peer access has been activated automatically.
  (-lambda_0_1 / sigma_1**2) * Qu_list[1]
/capstor/scratch/cscs/aboudaou/workspace/dalia/DALIA/src/dalia/models/coregional_model.py:376: PerformanceWarning: The device where the array resides (0) is different from the current device (1). Peer access has been activated automatically.
  + (lambda_0_2 * lambda_1_2 / sigma_2**2) * Qu_list[2]
/capstor/scratch/cscs/aboudaou/workspace/dalia/DALIA/src/dalia/models/coregional_model.py:381: PerformanceWarning: The device where the array resides (0) is different from the current device (1). Peer access has been activated automatically.
  q31 = sp.sparse.coo_matrix(-lambda_1_2 / sigma_2**2 * Qu_list[2])
/capstor/scratch/cscs/aboudaou/workspace/dalia/DALIA/src/dalia/models/coregional_model.py:304: PerformanceWarning: The device where the array resides (0) is different from the current device (3). Peer access has been activated automatically.
  sigma_0 = xp.exp(self.theta[self.theta_keys.index("sigma_0")])
/capstor/scratch/cscs/aboudaou/workspace/dalia/DALIA/src/dalia/models/coregional_model.py:305: PerformanceWarning: The device where the array resides (0) is different from the current device (3). Peer access has been activated automatically.
  sigma_1 = xp.exp(self.theta[self.theta_keys.index("sigma_1")])
/capstor/scratch/cscs/aboudaou/workspace/dalia/DALIA/src/dalia/models/coregional_model.py:360: PerformanceWarning: The device where the array resides (0) is different from the current device (3). Peer access has been activated automatically.
  sigma_2 = xp.exp(self.theta[self.theta_keys.index("sigma_2")])
/capstor/scratch/cscs/aboudaou/workspace/dalia/DALIA/src/dalia/models/coregional_model.py:367: PerformanceWarning: The device where the array resides (0) is different from the current device (3). Peer access has been activated automatically.
  + (lambda_0_1**2 / sigma_1**2) * Qu_list[1]
/capstor/scratch/cscs/aboudaou/workspace/dalia/DALIA/src/dalia/models/coregional_model.py:368: PerformanceWarning: The device where the array resides (0) is different from the current device (3). Peer access has been activated automatically.
  + (lambda_1_2**2 / sigma_2**2) * Qu_list[2]
/capstor/scratch/cscs/aboudaou/workspace/dalia/DALIA/src/dalia/models/coregional_model.py:375: PerformanceWarning: The device where the array resides (0) is different from the current device (3). Peer access has been activated automatically.
  (-lambda_0_1 / sigma_1**2) * Qu_list[1]
/capstor/scratch/cscs/aboudaou/workspace/dalia/DALIA/src/dalia/models/coregional_model.py:376: PerformanceWarning: The device where the array resides (0) is different from the current device (3). Peer access has been activated automatically.
  + (lambda_0_2 * lambda_1_2 / sigma_2**2) * Qu_list[2]
/capstor/scratch/cscs/aboudaou/workspace/dalia/DALIA/src/dalia/models/coregional_model.py:381: PerformanceWarning: The device where the array resides (0) is different from the current device (3). Peer access has been activated automatically.
  q31 = sp.sparse.coo_matrix(-lambda_1_2 / sigma_2**2 * Qu_list[2])
/capstor/scratch/cscs/aboudaou/workspace/dalia/DALIA/src/dalia/models/coregional_model.py:304: PerformanceWarning: The device where the array resides (0) is different from the current device (2). Peer access has been activated automatically.
  sigma_0 = xp.exp(self.theta[self.theta_keys.index("sigma_0")])
/capstor/scratch/cscs/aboudaou/workspace/dalia/DALIA/src/dalia/models/coregional_model.py:305: PerformanceWarning: The device where the array resides (0) is different from the current device (2). Peer access has been activated automatically.
  sigma_1 = xp.exp(self.theta[self.theta_keys.index("sigma_1")])
/capstor/scratch/cscs/aboudaou/workspace/dalia/DALIA/src/dalia/models/coregional_model.py:360: PerformanceWarning: The device where the array resides (0) is different from the current device (2). Peer access has been activated automatically.
  sigma_2 = xp.exp(self.theta[self.theta_keys.index("sigma_2")])
/capstor/scratch/cscs/aboudaou/workspace/dalia/DALIA/src/dalia/models/coregional_model.py:367: PerformanceWarning: The device where the array resides (0) is different from the current device (2). Peer access has been activated automatically.
  + (lambda_0_1**2 / sigma_1**2) * Qu_list[1]
/capstor/scratch/cscs/aboudaou/workspace/dalia/DALIA/src/dalia/models/coregional_model.py:368: PerformanceWarning: The device where the array resides (0) is different from the current device (2). Peer access has been activated automatically.
  + (lambda_1_2**2 / sigma_2**2) * Qu_list[2]
/capstor/scratch/cscs/aboudaou/workspace/dalia/DALIA/src/dalia/models/coregional_model.py:375: PerformanceWarning: The device where the array resides (0) is different from the current device (2). Peer access has been activated automatically.
  (-lambda_0_1 / sigma_1**2) * Qu_list[1]
/capstor/scratch/cscs/aboudaou/workspace/dalia/DALIA/src/dalia/models/coregional_model.py:376: PerformanceWarning: The device where the array resides (0) is different from the current device (2). Peer access has been activated automatically.
  + (lambda_0_2 * lambda_1_2 / sigma_2**2) * Qu_list[2]
/capstor/scratch/cscs/aboudaou/workspace/dalia/DALIA/src/dalia/models/coregional_model.py:381: PerformanceWarning: The device where the array resides (0) is different from the current device (2). Peer access has been activated automatically.
  q31 = sp.sparse.coo_matrix(-lambda_1_2 / sigma_2**2 * Qu_list[2])
/capstor/scratch/cscs/aboudaou/workspace/dalia/DALIA/src/dalia/models/coregional_model.py:387: PerformanceWarning: The device where the array resides (0) is different from the current device (1). Peer access has been activated automatically.
  + (lambda_0_2**2 / sigma_2**2) * Qu_list[2]
/capstor/scratch/cscs/aboudaou/workspace/dalia/DALIA/src/dalia/models/coregional_model.py:387: PerformanceWarning: The device where the array resides (0) is different from the current device (3). Peer access has been activated automatically.
  + (lambda_0_2**2 / sigma_2**2) * Qu_list[2]
/capstor/scratch/cscs/aboudaou/workspace/dalia/DALIA/src/dalia/models/coregional_model.py:387: PerformanceWarning: The device where the array resides (0) is different from the current device (2). Peer access has been activated automatically.
  + (lambda_0_2**2 / sigma_2**2) * Qu_list[2]
/capstor/scratch/cscs/aboudaou/workspace/dalia/DALIA/src/dalia/models/coregional_model.py:393: PerformanceWarning: The device where the array resides (0) is different from the current device (1). Peer access has been activated automatically.
  q32 = sp.sparse.coo_matrix(-lambda_0_2 / sigma_2**2 * Qu_list[2])
/capstor/scratch/cscs/aboudaou/workspace/dalia/DALIA/src/dalia/models/coregional_model.py:393: PerformanceWarning: The device where the array resides (0) is different from the current device (3). Peer access has been activated automatically.
  q32 = sp.sparse.coo_matrix(-lambda_0_2 / sigma_2**2 * Qu_list[2])
/capstor/scratch/cscs/aboudaou/workspace/dalia/DALIA/src/dalia/models/coregional_model.py:393: PerformanceWarning: The device where the array resides (0) is different from the current device (2). Peer access has been activated automatically.
  q32 = sp.sparse.coo_matrix(-lambda_0_2 / sigma_2**2 * Qu_list[2])
/capstor/scratch/cscs/aboudaou/workspace/dalia/DALIA/src/dalia/models/coregional_model.py:526: PerformanceWarning: The device where the array resides (0) is different from the current device (1). Peer access has been activated automatically.
  self.data_Qprior_re = self.data_Qprior_re[self.permutation_vector_Q_prior]
/capstor/scratch/cscs/aboudaou/workspace/dalia/DALIA/src/dalia/models/coregional_model.py:526: PerformanceWarning: The device where the array resides (0) is different from the current device (3). Peer access has been activated automatically.
  self.data_Qprior_re = self.data_Qprior_re[self.permutation_vector_Q_prior]
/capstor/scratch/cscs/aboudaou/workspace/dalia/DALIA/src/dalia/models/coregional_model.py:526: PerformanceWarning: The device where the array resides (0) is different from the current device (2). Peer access has been activated automatically.
  self.data_Qprior_re = self.data_Qprior_re[self.permutation_vector_Q_prior]
/users/aboudaou/miniconda3/envs/serinv-env/lib/python3.11/site-packages/cupyx/scipy/sparse/_compressed.py:674: PerformanceWarning: The device where the array resides (0) is different from the current device (1). Peer access has been activated automatically.
  is_canonical = self._has_canonical_format_kern(
/users/aboudaou/miniconda3/envs/serinv-env/lib/python3.11/site-packages/cupyx/scipy/sparse/_compressed.py:674: PerformanceWarning: The device where the array resides (0) is different from the current device (3). Peer access has been activated automatically.
  is_canonical = self._has_canonical_format_kern(
/users/aboudaou/miniconda3/envs/serinv-env/lib/python3.11/site-packages/cupyx/scipy/sparse/_compressed.py:674: PerformanceWarning: The device where the array resides (0) is different from the current device (2). Peer access has been activated automatically.
  is_canonical = self._has_canonical_format_kern(
/capstor/scratch/cscs/aboudaou/workspace/dalia/DALIA/src/dalia/likelihoods/gaussian.py:94: PerformanceWarning: The device where the array resides (0) is different from the current device (2). Peer access has been activated automatically.
  gradient_likelihood: NDArray = -xp.exp(theta) * (eta - y)
/capstor/scratch/cscs/aboudaou/workspace/dalia/DALIA/src/dalia/likelihoods/gaussian.py:94: PerformanceWarning: The device where the array resides (0) is different from the current device (3). Peer access has been activated automatically.
  gradient_likelihood: NDArray = -xp.exp(theta) * (eta - y)
/capstor/scratch/cscs/aboudaou/workspace/dalia/DALIA/src/dalia/likelihoods/gaussian.py:94: PerformanceWarning: The device where the array resides (0) is different from the current device (1). Peer access has been activated automatically.
  gradient_likelihood: NDArray = -xp.exp(theta) * (eta - y)
/users/aboudaou/miniconda3/envs/serinv-env/lib/python3.11/site-packages/cupyx/scipy/sparse/_csc.py:87: PerformanceWarning: The device where the array resides (0) is different from the current device (3). Peer access has been activated automatically.
  return self._with_data(self.data * other)
/users/aboudaou/miniconda3/envs/serinv-env/lib/python3.11/site-packages/cupyx/scipy/sparse/_csc.py:87: PerformanceWarning: The device where the array resides (0) is different from the current device (2). Peer access has been activated automatically.
  return self._with_data(self.data * other)
/users/aboudaou/miniconda3/envs/serinv-env/lib/python3.11/site-packages/cupyx/scipy/sparse/_csc.py:87: PerformanceWarning: The device where the array resides (0) is different from the current device (1). Peer access has been activated automatically.
  return self._with_data(self.data * other)
/capstor/scratch/cscs/aboudaou/workspace/dalia/DALIA/src/dalia/core/dalia.py:1611: PerformanceWarning: The device where the array resides (0) is different from the current device (3). Peer access has been activated automatically.
  quadratic_form = x_mean.T @ Q_conditional @ x_mean
/capstor/scratch/cscs/aboudaou/workspace/dalia/DALIA/src/dalia/core/dalia.py:1611: PerformanceWarning: The device where the array resides (0) is different from the current device (2). Peer access has been activated automatically.
  quadratic_form = x_mean.T @ Q_conditional @ x_mean
/capstor/scratch/cscs/aboudaou/workspace/dalia/DALIA/src/dalia/core/dalia.py:1611: PerformanceWarning: The device where the array resides (0) is different from the current device (1). Peer access has been activated automatically.
  quadratic_form = x_mean.T @ Q_conditional @ x_mean
/capstor/scratch/cscs/aboudaou/workspace/dalia/DALIA/src/dalia/prior_hyperparameters/gaussian.py:29: PerformanceWarning: The device where the array resides (0) is different from the current device (3). Peer access has been activated automatically.
  return -0.5 * self.precision * (theta - self.mean) ** 2
/capstor/scratch/cscs/aboudaou/workspace/dalia/DALIA/src/dalia/prior_hyperparameters/gaussian.py:29: PerformanceWarning: The device where the array resides (0) is different from the current device (2). Peer access has been activated automatically.
  return -0.5 * self.precision * (theta - self.mean) ** 2
/capstor/scratch/cscs/aboudaou/workspace/dalia/DALIA/src/dalia/prior_hyperparameters/gaussian.py:29: PerformanceWarning: The device where the array resides (0) is different from the current device (1). Peer access has been activated automatically.
  return -0.5 * self.precision * (theta - self.mean) ** 2
/capstor/scratch/cscs/aboudaou/workspace/dalia/DALIA/src/dalia/likelihoods/gaussian.py:55: PerformanceWarning: The device where the array resides (0) is different from the current device (3). Peer access has been activated automatically.
  yEta = eta - y
/capstor/scratch/cscs/aboudaou/workspace/dalia/DALIA/src/dalia/likelihoods/gaussian.py:55: PerformanceWarning: The device where the array resides (0) is different from the current device (2). Peer access has been activated automatically.
  yEta = eta - y
/capstor/scratch/cscs/aboudaou/workspace/dalia/DALIA/src/dalia/likelihoods/gaussian.py:55: PerformanceWarning: The device where the array resides (0) is different from the current device (1). Peer access has been activated automatically.
  yEta = eta - y
/users/aboudaou/miniconda3/envs/serinv-env/lib/python3.11/site-packages/cupyx/scipy/sparse/_index.py:61: PerformanceWarning: The device where the array resides (0) is different from the current device (3). Peer access has been activated automatically.
  Bp = Ap - start_offset
/users/aboudaou/miniconda3/envs/serinv-env/lib/python3.11/site-packages/cupyx/scipy/sparse/_index.py:61: PerformanceWarning: The device where the array resides (0) is different from the current device (2). Peer access has been activated automatically.
  Bp = Ap - start_offset
/users/aboudaou/miniconda3/envs/serinv-env/lib/python3.11/site-packages/cupyx/scipy/sparse/_index.py:84: PerformanceWarning: The device where the array resides (0) is different from the current device (3). Peer access has been activated automatically.
  mask = (start <= Aj) & (Aj < stop)
/users/aboudaou/miniconda3/envs/serinv-env/lib/python3.11/site-packages/cupyx/scipy/sparse/_index.py:84: PerformanceWarning: The device where the array resides (0) is different from the current device (2). Peer access has been activated automatically.
  mask = (start <= Aj) & (Aj < stop)
/users/aboudaou/miniconda3/envs/serinv-env/lib/python3.11/site-packages/cupyx/scipy/sparse/_index.py:61: PerformanceWarning: The device where the array resides (0) is different from the current device (1). Peer access has been activated automatically.
  Bp = Ap - start_offset
/users/aboudaou/miniconda3/envs/serinv-env/lib/python3.11/site-packages/cupyx/scipy/sparse/_index.py:84: PerformanceWarning: The device where the array resides (0) is different from the current device (1). Peer access has been activated automatically.
  mask = (start <= Aj) & (Aj < stop)
/users/aboudaou/miniconda3/envs/serinv-env/lib/python3.11/site-packages/cupyx/scipy/sparse/_index.py:90: PerformanceWarning: The device where the array resides (0) is different from the current device (3). Peer access has been activated automatically.
  Bj = Aj[mask] - start
/users/aboudaou/miniconda3/envs/serinv-env/lib/python3.11/site-packages/cupyx/scipy/sparse/_index.py:91: PerformanceWarning: The device where the array resides (0) is different from the current device (3). Peer access has been activated automatically.
  Bx = Ax[mask]
/users/aboudaou/miniconda3/envs/serinv-env/lib/python3.11/site-packages/cupyx/scipy/sparse/_index.py:90: PerformanceWarning: The device where the array resides (0) is different from the current device (2). Peer access has been activated automatically.
  Bj = Aj[mask] - start
/users/aboudaou/miniconda3/envs/serinv-env/lib/python3.11/site-packages/cupyx/scipy/sparse/_index.py:91: PerformanceWarning: The device where the array resides (0) is different from the current device (2). Peer access has been activated automatically.
  Bx = Ax[mask]
/users/aboudaou/miniconda3/envs/serinv-env/lib/python3.11/site-packages/cupyx/scipy/sparse/_index.py:90: PerformanceWarning: The device where the array resides (0) is different from the current device (1). Peer access has been activated automatically.
  Bj = Aj[mask] - start
/users/aboudaou/miniconda3/envs/serinv-env/lib/python3.11/site-packages/cupyx/scipy/sparse/_index.py:91: PerformanceWarning: The device where the array resides (0) is different from the current device (1). Peer access has been activated automatically.
  Bx = Ax[mask]
